This is pdfTeX, Version 3.141592653-2.6-1.40.22 (TeX Live 2021) (preloaded format=pdflatex 2021.9.8)  22 FEB 2023 16:47
entering extended mode
 restricted \write18 enabled.
 %&-line parsing enabled.
**index.tex
(./index.tex
LaTeX2e <2020-10-01> patch level 4
L3 programming layer <2021-02-18> (./ruthesis.cls
Document Class: ruthesis 2021/08/16 Rutgers University Thesis Class
(/usr/local/texlive/2021/texmf-dist/tex/latex/base/ifthen.sty
Package: ifthen 2014/09/29 v1.1c Standard LaTeX ifthen package (DPC)
) (/usr/local/texlive/2021/texmf-dist/tex/latex/cclicenses/cclicenses.sty
Package: cclicenses 2005/05/20 v0.4 CC licenses typesetting
(/usr/local/texlive/2021/texmf-dist/tex/latex/graphics/rotating.sty
Package: rotating 2016/08/11 v2.16d rotated objects in LaTeX
(/usr/local/texlive/2021/texmf-dist/tex/latex/graphics/graphicx.sty
Package: graphicx 2020/09/09 v1.2b Enhanced LaTeX Graphics (DPC,SPQR)
(/usr/local/texlive/2021/texmf-dist/tex/latex/graphics/keyval.sty
Package: keyval 2014/10/28 v1.15 key=value parser (DPC)
\KV@toks@=\toks15
) (/usr/local/texlive/2021/texmf-dist/tex/latex/graphics/graphics.sty
Package: graphics 2020/08/30 v1.4c Standard LaTeX Graphics (DPC,SPQR)
(/usr/local/texlive/2021/texmf-dist/tex/latex/graphics/trig.sty
Package: trig 2016/01/03 v1.10 sin cos tan (DPC)
) (/usr/local/texlive/2021/texmf-dist/tex/latex/graphics-cfg/graphics.cfg
File: graphics.cfg 2016/06/04 v1.11 sample graphics configuration
)
Package graphics Info: Driver file: pdftex.def on input line 105.
(/usr/local/texlive/2021/texmf-dist/tex/latex/graphics-def/pdftex.def
File: pdftex.def 2020/10/05 v1.2a Graphics/color driver for pdftex
))
\Gin@req@height=\dimen138
\Gin@req@width=\dimen139
)
\c@r@tfl@t=\count179
\rotFPtop=\skip47
\rotFPbot=\skip48
\rot@float@box=\box47
\rot@mess@toks=\toks16
)
\chardim=\dimen140
\hdim=\dimen141
\htmp=\dimen142
\hpos=\count180
\vpos=\count181
) (/usr/local/texlive/2021/texmf-dist/tex/latex/base/book.cls
Document Class: book 2020/04/10 v1.4m Standard LaTeX document class
(/usr/local/texlive/2021/texmf-dist/tex/latex/base/bk12.clo
File: bk12.clo 2020/04/10 v1.4m Standard LaTeX file (size option)
)
\c@part=\count182
\c@chapter=\count183
\c@section=\count184
\c@subsection=\count185
\c@subsubsection=\count186
\c@paragraph=\count187
\c@subparagraph=\count188
\c@figure=\count189
\c@table=\count190
\abovecaptionskip=\skip49
\belowcaptionskip=\skip50
\bibindent=\dimen143
) (/usr/local/texlive/2021/texmf-dist/tex/latex/geometry/geometry.sty
Package: geometry 2020/01/02 v5.9 Page Geometry
(/usr/local/texlive/2021/texmf-dist/tex/generic/iftex/ifvtex.sty
Package: ifvtex 2019/10/25 v1.7 ifvtex legacy package. Use iftex instead.
(/usr/local/texlive/2021/texmf-dist/tex/generic/iftex/iftex.sty
Package: iftex 2020/03/06 v1.0d TeX engine tests
))
\Gm@cnth=\count191
\Gm@cntv=\count192
\c@Gm@tempcnt=\count193
\Gm@bindingoffset=\dimen144
\Gm@wd@mp=\dimen145
\Gm@odd@mp=\dimen146
\Gm@even@mp=\dimen147
\Gm@layoutwidth=\dimen148
\Gm@layoutheight=\dimen149
\Gm@layouthoffset=\dimen150
\Gm@layoutvoffset=\dimen151
\Gm@dimlist=\toks17
) (/usr/local/texlive/2021/texmf-dist/tex/latex/fancyhdr/fancyhdr.sty
Package: fancyhdr 2021/01/28 v4.0.1 Extensive control of page headers and foote
rs
\f@nch@headwidth=\skip51
\f@nch@O@elh=\skip52
\f@nch@O@erh=\skip53
\f@nch@O@olh=\skip54
\f@nch@O@orh=\skip55
\f@nch@O@elf=\skip56
\f@nch@O@erf=\skip57
\f@nch@O@olf=\skip58
\f@nch@O@orf=\skip59
)) (/usr/local/texlive/2021/texmf-dist/tex/latex/amsmath/amsmath.sty
Package: amsmath 2020/09/23 v2.17i AMS math features
\@mathmargin=\skip60
For additional information on amsmath, use the `?' option.
(/usr/local/texlive/2021/texmf-dist/tex/latex/amsmath/amstext.sty
Package: amstext 2000/06/29 v2.01 AMS text
(/usr/local/texlive/2021/texmf-dist/tex/latex/amsmath/amsgen.sty
File: amsgen.sty 1999/11/30 v2.0 generic functions
\@emptytoks=\toks18
\ex@=\dimen152
)) (/usr/local/texlive/2021/texmf-dist/tex/latex/amsmath/amsbsy.sty
Package: amsbsy 1999/11/29 v1.2d Bold Symbols
\pmbraise@=\dimen153
) (/usr/local/texlive/2021/texmf-dist/tex/latex/amsmath/amsopn.sty
Package: amsopn 2016/03/08 v2.02 operator names
)
\inf@bad=\count194
LaTeX Info: Redefining \frac on input line 234.
\uproot@=\count195
\leftroot@=\count196
LaTeX Info: Redefining \overline on input line 399.
\classnum@=\count197
\DOTSCASE@=\count198
LaTeX Info: Redefining \ldots on input line 496.
LaTeX Info: Redefining \dots on input line 499.
LaTeX Info: Redefining \cdots on input line 620.
\Mathstrutbox@=\box48
\strutbox@=\box49
\big@size=\dimen154
LaTeX Font Info:    Redeclaring font encoding OML on input line 743.
LaTeX Font Info:    Redeclaring font encoding OMS on input line 744.
\macc@depth=\count199
\c@MaxMatrixCols=\count266
\dotsspace@=\muskip16
\c@parentequation=\count267
\dspbrk@lvl=\count268
\tag@help=\toks19
\row@=\count269
\column@=\count270
\maxfields@=\count271
\andhelp@=\toks20
\eqnshift@=\dimen155
\alignsep@=\dimen156
\tagshift@=\dimen157
\tagwidth@=\dimen158
\totwidth@=\dimen159
\lineht@=\dimen160
\@envbody=\toks21
\multlinegap=\skip61
\multlinetaggap=\skip62
\mathdisplay@stack=\toks22
LaTeX Info: Redefining \[ on input line 2923.
LaTeX Info: Redefining \] on input line 2924.
) (/usr/local/texlive/2021/texmf-dist/tex/latex/amsfonts/amssymb.sty
Package: amssymb 2013/01/14 v3.01 AMS font symbols
(/usr/local/texlive/2021/texmf-dist/tex/latex/amsfonts/amsfonts.sty
Package: amsfonts 2013/01/14 v3.01 Basic AMSFonts support
\symAMSa=\mathgroup4
\symAMSb=\mathgroup5
LaTeX Font Info:    Redeclaring math symbol \hbar on input line 98.
LaTeX Font Info:    Overwriting math alphabet `\mathfrak' in version `bold'
(Font)                  U/euf/m/n --> U/euf/b/n on input line 106.
)) (/usr/local/texlive/2021/texmf-dist/tex/latex/lm/lmodern.sty
Package: lmodern 2015/05/01 v1.6.1 Latin Modern Fonts
LaTeX Font Info:    Overwriting symbol font `operators' in version `normal'
(Font)                  OT1/cmr/m/n --> OT1/lmr/m/n on input line 22.
LaTeX Font Info:    Overwriting symbol font `letters' in version `normal'
(Font)                  OML/cmm/m/it --> OML/lmm/m/it on input line 23.
LaTeX Font Info:    Overwriting symbol font `symbols' in version `normal'
(Font)                  OMS/cmsy/m/n --> OMS/lmsy/m/n on input line 24.
LaTeX Font Info:    Overwriting symbol font `largesymbols' in version `normal'
(Font)                  OMX/cmex/m/n --> OMX/lmex/m/n on input line 25.
LaTeX Font Info:    Overwriting symbol font `operators' in version `bold'
(Font)                  OT1/cmr/bx/n --> OT1/lmr/bx/n on input line 26.
LaTeX Font Info:    Overwriting symbol font `letters' in version `bold'
(Font)                  OML/cmm/b/it --> OML/lmm/b/it on input line 27.
LaTeX Font Info:    Overwriting symbol font `symbols' in version `bold'
(Font)                  OMS/cmsy/b/n --> OMS/lmsy/b/n on input line 28.
LaTeX Font Info:    Overwriting symbol font `largesymbols' in version `bold'
(Font)                  OMX/cmex/m/n --> OMX/lmex/m/n on input line 29.
LaTeX Font Info:    Overwriting math alphabet `\mathbf' in version `normal'
(Font)                  OT1/cmr/bx/n --> OT1/lmr/bx/n on input line 31.
LaTeX Font Info:    Overwriting math alphabet `\mathsf' in version `normal'
(Font)                  OT1/cmss/m/n --> OT1/lmss/m/n on input line 32.
LaTeX Font Info:    Overwriting math alphabet `\mathit' in version `normal'
(Font)                  OT1/cmr/m/it --> OT1/lmr/m/it on input line 33.
LaTeX Font Info:    Overwriting math alphabet `\mathtt' in version `normal'
(Font)                  OT1/cmtt/m/n --> OT1/lmtt/m/n on input line 34.
LaTeX Font Info:    Overwriting math alphabet `\mathbf' in version `bold'
(Font)                  OT1/cmr/bx/n --> OT1/lmr/bx/n on input line 35.
LaTeX Font Info:    Overwriting math alphabet `\mathsf' in version `bold'
(Font)                  OT1/cmss/bx/n --> OT1/lmss/bx/n on input line 36.
LaTeX Font Info:    Overwriting math alphabet `\mathit' in version `bold'
(Font)                  OT1/cmr/bx/it --> OT1/lmr/bx/it on input line 37.
LaTeX Font Info:    Overwriting math alphabet `\mathtt' in version `bold'
(Font)                  OT1/cmtt/m/n --> OT1/lmtt/m/n on input line 38.
) (/usr/local/texlive/2021/texmf-dist/tex/latex/base/fontenc.sty
Package: fontenc 2020/08/10 v2.0s Standard LaTeX package
LaTeX Font Info:    Trying to load font information for T1+lmr on input line 11
2.
(/usr/local/texlive/2021/texmf-dist/tex/latex/lm/t1lmr.fd
File: t1lmr.fd 2015/05/01 v1.6.1 Font defs for Latin Modern
)) (/usr/local/texlive/2021/texmf-dist/tex/latex/base/inputenc.sty
Package: inputenc 2020/08/01 v1.3d Input encoding file
\inpenc@prehook=\toks23
\inpenc@posthook=\toks24
) (/usr/local/texlive/2021/texmf-dist/tex/latex/base/textcomp.sty
Package: textcomp 2020/02/02 v2.0n Standard LaTeX package
) (/usr/local/texlive/2021/texmf-dist/tex/latex/upquote/upquote.sty
Package: upquote 2012/04/19 v1.3 upright-quote and grave-accent glyphs in verba
tim
) (/usr/local/texlive/2021/texmf-dist/tex/latex/microtype/microtype.sty
Package: microtype 2021/03/14 v2.8c Micro-typographical refinements (RS)
\MT@toks=\toks25
\MT@count=\count272
LaTeX Info: Redefining \textls on input line 790.
\MT@outer@kern=\dimen161
LaTeX Info: Redefining \textmicrotypecontext on input line 1374.
\MT@listname@count=\count273
(/usr/local/texlive/2021/texmf-dist/tex/latex/microtype/microtype-pdftex.def
File: microtype-pdftex.def 2021/03/14 v2.8c Definitions specific to pdftex (RS)

LaTeX Info: Redefining \lsstyle on input line 915.
LaTeX Info: Redefining \lslig on input line 915.
\MT@outer@space=\skip63
)
Package microtype Info: Loading configuration file microtype.cfg.
(/usr/local/texlive/2021/texmf-dist/tex/latex/microtype/microtype.cfg
File: microtype.cfg 2021/03/14 v2.8c microtype main configuration file (RS)
)) (/usr/local/texlive/2021/texmf-dist/tex/latex/parskip/parskip.sty
Package: parskip 2021-03-14 v2.0h non-zero parskip adjustments
(/usr/local/texlive/2021/texmf-dist/tex/latex/kvoptions/kvoptions.sty
Package: kvoptions 2020-10-07 v3.14 Key value format for package options (HO)
(/usr/local/texlive/2021/texmf-dist/tex/generic/ltxcmds/ltxcmds.sty
Package: ltxcmds 2020-05-10 v1.25 LaTeX kernel commands for general use (HO)
) (/usr/local/texlive/2021/texmf-dist/tex/generic/kvsetkeys/kvsetkeys.sty
Package: kvsetkeys 2019/12/15 v1.18 Key value parser (HO)
)) (/usr/local/texlive/2021/texmf-dist/tex/latex/etoolbox/etoolbox.sty
Package: etoolbox 2020/10/05 v2.5k e-TeX tools for LaTeX (JAW)
\etb@tempcnta=\count274
)) (/usr/local/texlive/2021/texmf-dist/tex/latex/xcolor/xcolor.sty
Package: xcolor 2016/05/11 v2.12 LaTeX color extensions (UK)
(/usr/local/texlive/2021/texmf-dist/tex/latex/graphics-cfg/color.cfg
File: color.cfg 2016/01/02 v1.6 sample color configuration
)
Package xcolor Info: Driver file: pdftex.def on input line 225.
Package xcolor Info: Model `cmy' substituted by `cmy0' on input line 1348.
Package xcolor Info: Model `hsb' substituted by `rgb' on input line 1352.
Package xcolor Info: Model `RGB' extended on input line 1364.
Package xcolor Info: Model `HTML' substituted by `rgb' on input line 1366.
Package xcolor Info: Model `Hsb' substituted by `hsb' on input line 1367.
Package xcolor Info: Model `tHsb' substituted by `hsb' on input line 1368.
Package xcolor Info: Model `HSB' substituted by `hsb' on input line 1369.
Package xcolor Info: Model `Gray' substituted by `gray' on input line 1370.
Package xcolor Info: Model `wave' substituted by `hsb' on input line 1371.
(/usr/local/texlive/2021/texmf-dist/tex/latex/graphics/dvipsnam.def
File: dvipsnam.def 2016/06/17 v3.0m Driver-dependent file (DPC,SPQR)
) (/usr/local/texlive/2021/texmf-dist/tex/latex/xcolor/svgnam.def
File: svgnam.def 2016/05/11 v2.12 Predefined colors according to SVG 1.1 (UK)
) (/usr/local/texlive/2021/texmf-dist/tex/latex/xcolor/x11nam.def
File: x11nam.def 2016/05/11 v2.12 Predefined colors according to Unix/X11 (UK)
)) (/usr/local/texlive/2021/texmf-dist/tex/latex/xurl/xurl.sty
Package: xurl 2020/12/30 v 0.09a modify URL breaks
(/usr/local/texlive/2021/texmf-dist/tex/latex/url/url.sty
\Urlmuskip=\muskip17
Package: url 2013/09/16  ver 3.4  Verb mode for urls, etc.
)) (/usr/local/texlive/2021/texmf-dist/tex/latex/bookmark/bookmark.sty
Package: bookmark 2020-11-06 v1.29 PDF bookmarks (HO)
(/usr/local/texlive/2021/texmf-dist/tex/latex/hyperref/hyperref.sty
Package: hyperref 2021-02-27 v7.00k Hypertext links for LaTeX
(/usr/local/texlive/2021/texmf-dist/tex/generic/pdftexcmds/pdftexcmds.sty
Package: pdftexcmds 2020-06-27 v0.33 Utility functions of pdfTeX for LuaTeX (HO
)
(/usr/local/texlive/2021/texmf-dist/tex/generic/infwarerr/infwarerr.sty
Package: infwarerr 2019/12/03 v1.5 Providing info/warning/error messages (HO)
)
Package pdftexcmds Info: \pdf@primitive is available.
Package pdftexcmds Info: \pdf@ifprimitive is available.
Package pdftexcmds Info: \pdfdraftmode found.
) (/usr/local/texlive/2021/texmf-dist/tex/generic/kvdefinekeys/kvdefinekeys.sty
Package: kvdefinekeys 2019-12-19 v1.6 Define keys (HO)
) (/usr/local/texlive/2021/texmf-dist/tex/generic/pdfescape/pdfescape.sty
Package: pdfescape 2019/12/09 v1.15 Implements pdfTeX's escape features (HO)
) (/usr/local/texlive/2021/texmf-dist/tex/latex/hycolor/hycolor.sty
Package: hycolor 2020-01-27 v1.10 Color options for hyperref/bookmark (HO)
) (/usr/local/texlive/2021/texmf-dist/tex/latex/letltxmacro/letltxmacro.sty
Package: letltxmacro 2019/12/03 v1.6 Let assignment for LaTeX macros (HO)
) (/usr/local/texlive/2021/texmf-dist/tex/latex/auxhook/auxhook.sty
Package: auxhook 2019-12-17 v1.6 Hooks for auxiliary files (HO)
)
\@linkdim=\dimen162
\Hy@linkcounter=\count275
\Hy@pagecounter=\count276
(/usr/local/texlive/2021/texmf-dist/tex/latex/hyperref/pd1enc.def
File: pd1enc.def 2021-02-27 v7.00k Hyperref: PDFDocEncoding definition (HO)
Now handling font encoding PD1 ...
... no UTF-8 mapping file for font encoding PD1
)
(/usr/local/texlive/2021/texmf-dist/tex/latex/hyperref/hyperref-langpatches.def
File: hyperref-langpatches.def 2021-02-27 v7.00k Hyperref: patches for babel la
nguages
) (/usr/local/texlive/2021/texmf-dist/tex/generic/intcalc/intcalc.sty
Package: intcalc 2019/12/15 v1.3 Expandable calculations with integers (HO)
) (/usr/local/texlive/2021/texmf-dist/tex/generic/etexcmds/etexcmds.sty
Package: etexcmds 2019/12/15 v1.7 Avoid name clashes with e-TeX commands (HO)
)
\Hy@SavedSpaceFactor=\count277
(/usr/local/texlive/2021/texmf-dist/tex/latex/hyperref/puenc.def
File: puenc.def 2021-02-27 v7.00k Hyperref: PDF Unicode definition (HO)
Now handling font encoding PU ...
... no UTF-8 mapping file for font encoding PU
)
Package hyperref Info: Option `unicode' set `true' on input line 4073.
Package hyperref Info: Hyper figures OFF on input line 4192.
Package hyperref Info: Link nesting OFF on input line 4197.
Package hyperref Info: Hyper index ON on input line 4200.
Package hyperref Info: Plain pages OFF on input line 4207.
Package hyperref Info: Backreferencing OFF on input line 4212.
Package hyperref Info: Implicit mode ON; LaTeX internals redefined.
Package hyperref Info: Bookmarks ON on input line 4445.
\c@Hy@tempcnt=\count278
LaTeX Info: Redefining \url on input line 4804.
\XeTeXLinkMargin=\dimen163
(/usr/local/texlive/2021/texmf-dist/tex/generic/bitset/bitset.sty
Package: bitset 2019/12/09 v1.3 Handle bit-vector datatype (HO)
(/usr/local/texlive/2021/texmf-dist/tex/generic/bigintcalc/bigintcalc.sty
Package: bigintcalc 2019/12/15 v1.5 Expandable calculations on big integers (HO
)
))
\Fld@menulength=\count279
\Field@Width=\dimen164
\Fld@charsize=\dimen165
Package hyperref Info: Hyper figures OFF on input line 6075.
Package hyperref Info: Link nesting OFF on input line 6080.
Package hyperref Info: Hyper index ON on input line 6083.
Package hyperref Info: backreferencing OFF on input line 6090.
Package hyperref Info: Link coloring OFF on input line 6095.
Package hyperref Info: Link coloring with OCG OFF on input line 6100.
Package hyperref Info: PDF/A mode OFF on input line 6105.
LaTeX Info: Redefining \ref on input line 6145.
LaTeX Info: Redefining \pageref on input line 6149.
(/usr/local/texlive/2021/texmf-dist/tex/latex/base/atbegshi-ltx.sty
Package: atbegshi-ltx 2020/08/17 v1.0a Emulation of the original atbegshi packa
ge
with kernel methods
)
\Hy@abspage=\count280
\c@Item=\count281
\c@Hfootnote=\count282
)
Package hyperref Info: Driver (autodetected): hpdftex.
(/usr/local/texlive/2021/texmf-dist/tex/latex/hyperref/hpdftex.def
File: hpdftex.def 2021-02-27 v7.00k Hyperref driver for pdfTeX
(/usr/local/texlive/2021/texmf-dist/tex/latex/base/atveryend-ltx.sty
Package: atveryend-ltx 2020/08/19 v1.0a Emulation of the original atvery packag
e
with kernel methods
)
\Fld@listcount=\count283
\c@bookmark@seq@number=\count284

(/usr/local/texlive/2021/texmf-dist/tex/latex/rerunfilecheck/rerunfilecheck.sty
Package: rerunfilecheck 2019/12/05 v1.9 Rerun checks for auxiliary files (HO)

(/usr/local/texlive/2021/texmf-dist/tex/generic/uniquecounter/uniquecounter.sty
Package: uniquecounter 2019/12/15 v1.4 Provide unlimited unique counter (HO)
)
Package uniquecounter Info: New unique counter `rerunfilecheck' on input line 2
86.
)
\Hy@SectionHShift=\skip64
) (/usr/local/texlive/2021/texmf-dist/tex/latex/bookmark/bkm-pdftex.def
File: bkm-pdftex.def 2020-11-06 v1.29 bookmark driver for pdfTeX (HO)
\BKM@id=\count285
))
Package hyperref Info: Option `colorlinks' set `true' on input line 45.
(/usr/local/texlive/2021/texmf-dist/tex/latex/tools/longtable.sty
Package: longtable 2020/01/07 v4.13 Multi-page Table package (DPC)
\LTleft=\skip65
\LTright=\skip66
\LTpre=\skip67
\LTpost=\skip68
\LTchunksize=\count286
\LTcapwidth=\dimen166
\LT@head=\box50
\LT@firsthead=\box51
\LT@foot=\box52
\LT@lastfoot=\box53
\LT@cols=\count287
\LT@rows=\count288
\c@LT@tables=\count289
\c@LT@chunks=\count290
\LT@p@ftn=\toks26
) (/usr/local/texlive/2021/texmf-dist/tex/latex/booktabs/booktabs.sty
Package: booktabs 2020/01/12 v1.61803398 Publication quality tables
\heavyrulewidth=\dimen167
\lightrulewidth=\dimen168
\cmidrulewidth=\dimen169
\belowrulesep=\dimen170
\belowbottomsep=\dimen171
\aboverulesep=\dimen172
\abovetopsep=\dimen173
\cmidrulesep=\dimen174
\cmidrulekern=\dimen175
\defaultaddspace=\dimen176
\@cmidla=\count291
\@cmidlb=\count292
\@aboverulesep=\dimen177
\@belowrulesep=\dimen178
\@thisruleclass=\count293
\@lastruleclass=\count294
\@thisrulewidth=\dimen179
) (/usr/local/texlive/2021/texmf-dist/tex/latex/tools/array.sty
Package: array 2020/10/01 v2.5c Tabular extension package (FMi)
\col@sep=\dimen180
\ar@mcellbox=\box54
\extrarowheight=\dimen181
\NC@list=\toks27
\extratabsurround=\skip69
\backup@length=\skip70
\ar@cellbox=\box55
) (/usr/local/texlive/2021/texmf-dist/tex/latex/tools/calc.sty
Package: calc 2017/05/25 v4.3 Infix arithmetic (KKT,FJ)
\calc@Acount=\count295
\calc@Bcount=\count296
\calc@Adimen=\dimen182
\calc@Bdimen=\dimen183
\calc@Askip=\skip71
\calc@Bskip=\skip72
LaTeX Info: Redefining \setlength on input line 80.
LaTeX Info: Redefining \addtolength on input line 81.
\calc@Ccount=\count297
\calc@Cskip=\skip73
) (/usr/local/texlive/2021/texmf-dist/tex/latex/footnotehyper/footnotehyper.sty
Package: footnotehyper 2021/02/04 v1.1d hyperref aware footnote.sty (JFB)
\FNH@notes=\box56
\FNH@width=\dimen184
\FNH@toks=\toks28
)
\cslhangindent=\skip74
\csllabelwidth=\skip75
\cslentryspacingunit=\skip76
(/usr/local/texlive/2021/texmf-dist/tex/latex/tipa/tipa.sty
Package: tipa 2002/08/08 TIPA version 1.1
(/usr/local/texlive/2021/texmf-dist/tex/latex/base/fontenc.sty
Package: fontenc 2020/08/10 v2.0s Standard LaTeX package
(/usr/local/texlive/2021/texmf-dist/tex/latex/tipa/t3enc.def
File: t3enc.def 2001/12/31 T3 encoding
Now handling font encoding T3 ...
... no UTF-8 mapping file for font encoding T3
LaTeX Font Info:    Trying to load font information for T1+lmss on input line 3
57.
(/usr/local/texlive/2021/texmf-dist/tex/latex/lm/t1lmss.fd
File: t1lmss.fd 2015/05/01 v1.6.1 Font defs for Latin Modern
)))) (/usr/local/texlive/2021/texmf-dist/tex/latex/graphics/lscape.sty
Package: lscape 2020/05/28 v3.02 Landscape Pages (DPC)
) (/usr/local/texlive/2021/texmf-dist/tex/latex/l3backend/l3backend-pdftex.def
File: l3backend-pdftex.def 2021-03-18 L3 backend support: PDF output (pdfTeX)
\l__color_backend_stack_int=\count298
\l__pdf_internal_box=\box57
) (./index.aux

LaTeX Warning: Label `sl1_fr' multiply defined.

)
\openout1 = `index.aux'.

LaTeX Font Info:    Checking defaults for OML/cmm/m/it on input line 146.
LaTeX Font Info:    ... okay on input line 146.
LaTeX Font Info:    Checking defaults for OMS/cmsy/m/n on input line 146.
LaTeX Font Info:    ... okay on input line 146.
LaTeX Font Info:    Checking defaults for OT1/cmr/m/n on input line 146.
LaTeX Font Info:    ... okay on input line 146.
LaTeX Font Info:    Checking defaults for T1/cmr/m/n on input line 146.
LaTeX Font Info:    ... okay on input line 146.
LaTeX Font Info:    Checking defaults for TS1/cmr/m/n on input line 146.
LaTeX Font Info:    ... okay on input line 146.
LaTeX Font Info:    Checking defaults for OMX/cmex/m/n on input line 146.
LaTeX Font Info:    ... okay on input line 146.
LaTeX Font Info:    Checking defaults for U/cmr/m/n on input line 146.
LaTeX Font Info:    ... okay on input line 146.
LaTeX Font Info:    Checking defaults for PD1/pdf/m/n on input line 146.
LaTeX Font Info:    ... okay on input line 146.
LaTeX Font Info:    Checking defaults for PU/pdf/m/n on input line 146.
LaTeX Font Info:    ... okay on input line 146.
LaTeX Font Info:    Checking defaults for T3/cmr/m/n on input line 146.
LaTeX Font Info:    Trying to load font information for T3+cmr on input line 14
6.
(/usr/local/texlive/2021/texmf-dist/tex/latex/tipa/t3cmr.fd
File: t3cmr.fd 2001/12/31 TIPA font definitions
)
LaTeX Font Info:    ... okay on input line 146.
(/usr/local/texlive/2021/texmf-dist/tex/context/base/mkii/supp-pdf.mkii
[Loading MPS to PDF converter (version 2006.09.02).]
\scratchcounter=\count299
\scratchdimen=\dimen185
\scratchbox=\box58
\nofMPsegments=\count300
\nofMParguments=\count301
\everyMPshowfont=\toks29
\MPscratchCnt=\count302
\MPscratchDim=\dimen186
\MPnumerator=\count303
\makeMPintoPDFobject=\count304
\everyMPtoPDFconversion=\toks30
) (/usr/local/texlive/2021/texmf-dist/tex/latex/epstopdf-pkg/epstopdf-base.sty
Package: epstopdf-base 2020-01-24 v2.11 Base part for package epstopdf
Package epstopdf-base Info: Redefining graphics rule for `.eps' on input line 4
85.
(/usr/local/texlive/2021/texmf-dist/tex/latex/latexconfig/epstopdf-sys.cfg
File: epstopdf-sys.cfg 2010/07/13 v1.3 Configuration of (r)epstopdf for TeX Liv
e
))
*geometry* driver: auto-detecting
*geometry* detected driver: pdftex
*geometry* verbose mode - [ preamble ] result:
* driver: pdftex
* paper: <default>
* layout: <same size as paper>
* layoutoffset:(h,v)=(0.0pt,0.0pt)
* modes: includefoot 
* h-part:(L,W,R)=(108.405pt, 433.62001pt, 72.26999pt)
* v-part:(T,H,B)=(72.26999pt, 650.43001pt, 72.26999pt)
* \paperwidth=614.295pt
* \paperheight=794.96999pt
* \textwidth=433.62001pt
* \textheight=607.06755pt
* \oddsidemargin=36.13501pt
* \evensidemargin=36.13501pt
* \topmargin=-31.8738pt
* \headheight=14.49998pt
* \headsep=54.2025pt
* \topskip=12.0pt
* \footskip=30.0pt
* \marginparwidth=47.0pt
* \marginparsep=7.0pt
* \columnsep=10.0pt
* \skip\footins=24.0pt plus 5.0pt
* \hoffset=0.0pt
* \voffset=0.0pt
* \mag=1000
* \@twocolumnfalse
* \@twosidefalse
* \@mparswitchfalse
* \@reversemarginfalse
* (1in=72.27pt=25.4mm, 1cm=28.453pt)

LaTeX Info: Redefining \microtypecontext on input line 146.
Package microtype Info: Generating PDF output.
Package microtype Info: Character protrusion enabled (level 2).
Package microtype Info: Using protrusion set `basicmath'.
Package microtype Info: Automatic font expansion enabled (level 2),
(microtype)             stretch: 20, shrink: 20, step: 1, non-selected.
Package microtype Info: Using default expansion set `alltext-nott'.
LaTeX Info: Redefining \showhyphens on input line 146.
Package microtype Info: No adjustment of tracking.
Package microtype Info: No adjustment of interword spacing.
Package microtype Info: No adjustment of character kerning.
(/usr/local/texlive/2021/texmf-dist/tex/latex/microtype/mt-cmr.cfg
File: mt-cmr.cfg 2013/05/19 v2.2 microtype config. file: Computer Modern Roman 
(RS)
)
Package hyperref Info: Link coloring ON on input line 146.
(/usr/local/texlive/2021/texmf-dist/tex/latex/hyperref/nameref.sty
Package: nameref 2021-04-02 v2.47 Cross-referencing by name of section
(/usr/local/texlive/2021/texmf-dist/tex/latex/refcount/refcount.sty
Package: refcount 2019/12/15 v3.6 Data extraction from label references (HO)
)
(/usr/local/texlive/2021/texmf-dist/tex/generic/gettitlestring/gettitlestring.s
ty
Package: gettitlestring 2019/12/15 v1.6 Cleanup title references (HO)
)
\c@section@level=\count305
)
LaTeX Info: Redefining \ref on input line 146.
LaTeX Info: Redefining \pageref on input line 146.
LaTeX Info: Redefining \nameref on input line 146.
LaTeX Font Info:    Trying to load font information for TS1+lmr on input line 1
58.
(/usr/local/texlive/2021/texmf-dist/tex/latex/lm/ts1lmr.fd
File: ts1lmr.fd 2015/05/01 v1.6.1 Font defs for Latin Modern
) [1

{/usr/local/texlive/2021/texmf-var/fonts/map/pdftex/updmap/pdftex.map}] [1

]
Including your file sections/abstract.tex as the abstract.
(./sections/abstract.tex) [2

]
Including your file sections/acknowledgements.tex as the acknowledgements.
(./sections/acknowledgements.tex) [3

]
Including your file sections/dedication.tex as the acknowledgements.
(./sections/dedication.tex) [4

] (./index.toc
LaTeX Font Info:    Trying to load font information for OT1+lmr on input line 2
.
(/usr/local/texlive/2021/texmf-dist/tex/latex/lm/ot1lmr.fd
File: ot1lmr.fd 2015/05/01 v1.6.1 Font defs for Latin Modern
)
LaTeX Font Info:    Trying to load font information for OML+lmm on input line 2
.
(/usr/local/texlive/2021/texmf-dist/tex/latex/lm/omllmm.fd
File: omllmm.fd 2015/05/01 v1.6.1 Font defs for Latin Modern
)
LaTeX Font Info:    Trying to load font information for OMS+lmsy on input line 
2.
(/usr/local/texlive/2021/texmf-dist/tex/latex/lm/omslmsy.fd
File: omslmsy.fd 2015/05/01 v1.6.1 Font defs for Latin Modern
)
LaTeX Font Info:    Trying to load font information for OMX+lmex on input line 
2.
(/usr/local/texlive/2021/texmf-dist/tex/latex/lm/omxlmex.fd
File: omxlmex.fd 2015/05/01 v1.6.1 Font defs for Latin Modern
)
LaTeX Font Info:    External font `lmex10' loaded for size
(Font)              <12> on input line 2.
LaTeX Font Info:    External font `lmex10' loaded for size
(Font)              <8> on input line 2.
LaTeX Font Info:    External font `lmex10' loaded for size
(Font)              <6> on input line 2.
LaTeX Font Info:    Trying to load font information for U+msa on input line 2.
(/usr/local/texlive/2021/texmf-dist/tex/latex/amsfonts/umsa.fd
File: umsa.fd 2013/01/14 v3.01 AMS symbols A
) (/usr/local/texlive/2021/texmf-dist/tex/latex/microtype/mt-msa.cfg
File: mt-msa.cfg 2006/02/04 v1.1 microtype config. file: AMS symbols (a) (RS)
)
LaTeX Font Info:    Trying to load font information for U+msb on input line 2.
(/usr/local/texlive/2021/texmf-dist/tex/latex/amsfonts/umsb.fd
File: umsb.fd 2013/01/14 v3.01 AMS symbols B
) (/usr/local/texlive/2021/texmf-dist/tex/latex/microtype/mt-msb.cfg
File: mt-msb.cfg 2005/06/01 v1.0 microtype config. file: AMS symbols (b) (RS)
) [5

])
\tf@toc=\write3
\openout3 = `index.toc'.

[6] (./index.lot
LaTeX Font Info:    Trying to load font information for T3+lmr on input line 8.

LaTeX Font Info:    No file T3lmr.fd. on input line 8.

LaTeX Font Warning: Font shape `T3/lmr/m/n' undefined
(Font)              using `T3/cmr/m/n' instead
(Font)              for symbol `textturnv' on input line 8.

)
\tf@lot=\write4
\openout4 = `index.lot'.

[7

] (./index.lof [8

])
\tf@lof=\write5
\openout5 = `index.lof'.

[9]
Chapter 1.
pdfTeX warning (ext4): destination with the same identifier (name{page.1}) has 
been already used, duplicate ignored
<to be read again> 
                   \relax 
l.223 
       [1


] [2] [3] [4] [5]
Chapter 2.
[6

] [7] [8] [9] [10] [11] [12] [13] [14] [15] [16] [17] [18] [19] [20] [21] [22] 
[23] [24] [25] [26] [27] [28] [29] [30] [31] [32] [33]
Chapter 3.
[34

] [35] [36] [37]
LaTeX Font Info:    External font `lmex10' loaded for size
(Font)              <10> on input line 836.
LaTeX Font Info:    External font `lmex10' loaded for size
(Font)              <7> on input line 836.
LaTeX Font Info:    External font `lmex10' loaded for size
(Font)              <5> on input line 836.
[38]
<sections/figs/ao_aoa_combined.png, id=510, 8431.5pt x 8431.5pt>
File: sections/figs/ao_aoa_combined.png Graphic file (type png)
<use sections/figs/ao_aoa_combined.png>
Package pdftex.def Info: sections/figs/ao_aoa_combined.png  used on input line 
861.
(pdftex.def)             Requested size: 433.56454pt x 433.56454pt.
<sections/figs/proficiency_combined.png, id=512, 6690.9975pt x 5034.81pt>
File: sections/figs/proficiency_combined.png Graphic file (type png)
<use sections/figs/proficiency_combined.png>
Package pdftex.def Info: sections/figs/proficiency_combined.png  used on input 
line 865.
(pdftex.def)             Requested size: 433.60286pt x 326.27542pt.
[39] [40 <./sections/figs/ao_aoa_combined.png>] [41 <./sections/figs/proficienc
y_combined.png>]
<sections/figs/vct.png, id=534, 979.66pt x 417.56pt>
File: sections/figs/vct.png Graphic file (type png)
<use sections/figs/vct.png>
Package pdftex.def Info: sections/figs/vct.png  used on input line 894.
(pdftex.def)             Requested size: 433.60791pt x 184.81647pt.
<sections/figs/likert.png, id=535, 936.49875pt x 253.94875pt>
File: sections/figs/likert.png Graphic file (type png)
<use sections/figs/likert.png>
Package pdftex.def Info: sections/figs/likert.png  used on input line 898.
(pdftex.def)             Requested size: 433.62404pt x 117.58507pt.
[42 <./sections/figs/vct.png>]
<sections/figs/stimuli.png, id=544, 6690.9975pt x 5034.81pt>
File: sections/figs/stimuli.png Graphic file (type png)
<use sections/figs/stimuli.png>
Package pdftex.def Info: sections/figs/stimuli.png  used on input line 913.
(pdftex.def)             Requested size: 433.60286pt x 326.27542pt.
[43 <./sections/figs/likert.png>] [44 <./sections/figs/stimuli.png>]
LaTeX Font Info:    Trying to load font information for T1+lmtt on input line 9
54.
(/usr/local/texlive/2021/texmf-dist/tex/latex/lm/t1lmtt.fd
File: t1lmtt.fd 2015/05/01 v1.6.1 Font defs for Latin Modern
) [45] [46]
<sections/figs/cond_prob_eng.png, id=576, 2002.48125pt x 1141.26375pt>
File: sections/figs/cond_prob_eng.png Graphic file (type png)
<use sections/figs/cond_prob_eng.png>
Package pdftex.def Info: sections/figs/cond_prob_eng.png  used on input line 10
15.
(pdftex.def)             Requested size: 433.61118pt x 247.12576pt.
[47 <./sections/figs/cond_prob_eng.png>]
Overfull \hbox (5.71701pt too wide) in paragraph at lines 1036--1047
 [] 
 []


Overfull \hbox (5.71701pt too wide) in paragraph at lines 1054--1067
 [] 
 []


LaTeX Warning: `h' float specifier changed to `ht'.


Overfull \hbox (5.71701pt too wide) in paragraph at lines 1074--1086
 [] 
 []


LaTeX Warning: `h' float specifier changed to `ht'.


Overfull \hbox (5.71701pt too wide) in paragraph at lines 1093--1104
 [] 
 []


LaTeX Warning: `h' float specifier changed to `ht'.

[48]

LaTeX Warning: `h' float specifier changed to `ht'.

<sections/figs/cond_prob_sp.png, id=596, 2002.48125pt x 1141.26375pt>
File: sections/figs/cond_prob_sp.png Graphic file (type png)
<use sections/figs/cond_prob_sp.png>
Package pdftex.def Info: sections/figs/cond_prob_sp.png  used on input line 113
8.
(pdftex.def)             Requested size: 433.61118pt x 247.12576pt.

Overfull \hbox (5.71701pt too wide) in paragraph at lines 1145--1156
 [] 
 []


LaTeX Warning: `h' float specifier changed to `ht'.


Overfull \hbox (5.71701pt too wide) in paragraph at lines 1163--1174
 [] 
 []


LaTeX Warning: `h' float specifier changed to `ht'.


Overfull \hbox (5.71701pt too wide) in paragraph at lines 1181--1192
 [] 
 []


LaTeX Warning: `h' float specifier changed to `ht'.


Overfull \hbox (5.71701pt too wide) in paragraph at lines 1199--1210
 [] 
 []


LaTeX Warning: `h' float specifier changed to `ht'.

<sections/figs/eng_desc_plot.png, id=597, 6690.9975pt x 5034.81pt>
File: sections/figs/eng_desc_plot.png Graphic file (type png)
<use sections/figs/eng_desc_plot.png>
Package pdftex.def Info: sections/figs/eng_desc_plot.png  used on input line 12
17.
(pdftex.def)             Requested size: 433.60286pt x 326.27542pt.
[49]

LaTeX Warning: `h' float specifier changed to `ht'.


LaTeX Warning: `h' float specifier changed to `ht'.

[50] [51 <./sections/figs/cond_prob_sp.png>] [52 <./sections/figs/eng_desc_plot
.png>]

LaTeX Warning: `h' float specifier changed to `ht'.

<sections/figs/span_desc_plot.png, id=629, 6690.9975pt x 5034.81pt>
File: sections/figs/span_desc_plot.png Graphic file (type png)
<use sections/figs/span_desc_plot.png>
Package pdftex.def Info: sections/figs/span_desc_plot.png  used on input line 1
305.
(pdftex.def)             Requested size: 433.60286pt x 326.27542pt.

LaTeX Warning: `h' float specifier changed to `ht'.

<sections/figs/i_full.png, id=634, 7327.375pt x 4583.1225pt>
File: sections/figs/i_full.png Graphic file (type png)
<use sections/figs/i_full.png>
Package pdftex.def Info: sections/figs/i_full.png  used on input line 1340.
(pdftex.def)             Requested size: 433.58598pt x 271.19911pt.
[53] [54 <./sections/figs/span_desc_plot.png>] [55] [56]
<sections/figs/o_full.png, id=655, 7327.375pt x 4583.1225pt>
File: sections/figs/o_full.png Graphic file (type png)
<use sections/figs/o_full.png>
Package pdftex.def Info: sections/figs/o_full.png  used on input line 1359.
(pdftex.def)             Requested size: 433.58598pt x 271.19911pt.
<sections/figs/schwa_full.png, id=656, 7327.375pt x 4583.1225pt>
File: sections/figs/schwa_full.png Graphic file (type png)
<use sections/figs/schwa_full.png>
Package pdftex.def Info: sections/figs/schwa_full.png  used on input line 1363.

(pdftex.def)             Requested size: 433.58598pt x 271.19911pt.
<sections/figs/y_full.png, id=657, 1864.9675pt x 1274.7625pt>
File: sections/figs/y_full.png Graphic file (type png)
<use sections/figs/y_full.png>
Package pdftex.def Info: sections/figs/y_full.png  used on input line 1367.
(pdftex.def)             Requested size: 433.60046pt x 296.37921pt.
[57] [58 <./sections/figs/i_full.png>] [59 <./sections/figs/o_full.png> <./sect
ions/figs/schwa_full.png>] [60 <./sections/figs/y_full.png>]
<sections/figs/ao_aoa_combined_ax.png, id=684, 7661.62375pt x 5637.06pt>
File: sections/figs/ao_aoa_combined_ax.png Graphic file (type png)
<use sections/figs/ao_aoa_combined_ax.png>
Package pdftex.def Info: sections/figs/ao_aoa_combined_ax.png  used on input li
ne 1403.
(pdftex.def)             Requested size: 433.60738pt x 319.02777pt.
<sections/figs/proficiency_combined_ax.png, id=685, 8431.5pt x 8431.5pt>
File: sections/figs/proficiency_combined_ax.png Graphic file (type png)
<use sections/figs/proficiency_combined_ax.png>
Package pdftex.def Info: sections/figs/proficiency_combined_ax.png  used on inp
ut line 1407.
(pdftex.def)             Requested size: 433.56454pt x 433.56454pt.
[61] [62 <./sections/figs/ao_aoa_combined_ax.png>] [63 <./sections/figs/profici
ency_combined_ax.png>] [64]
<sections/figs/ax_german.png, id=718, 1864.9675pt x 1274.7625pt>
File: sections/figs/ax_german.png Graphic file (type png)
<use sections/figs/ax_german.png>
Package pdftex.def Info: sections/figs/ax_german.png  used on input line 1484.
(pdftex.def)             Requested size: 433.60046pt x 296.37921pt.
<sections/figs/ax_french.png, id=719, 1864.9675pt x 1274.7625pt>
File: sections/figs/ax_french.png Graphic file (type png)
<use sections/figs/ax_french.png>
Package pdftex.def Info: sections/figs/ax_french.png  used on input line 1488.
(pdftex.def)             Requested size: 433.60046pt x 296.37921pt.
<sections/figs/error_type_ger.png, id=720, 1864.9675pt x 1274.7625pt>
File: sections/figs/error_type_ger.png Graphic file (type png)
<use sections/figs/error_type_ger.png>
Package pdftex.def Info: sections/figs/error_type_ger.png  used on input line 1
492.
(pdftex.def)             Requested size: 433.60046pt x 296.37921pt.
<sections/figs/error_type_fr.png, id=721, 1864.9675pt x 1274.7625pt>
File: sections/figs/error_type_fr.png Graphic file (type png)
<use sections/figs/error_type_fr.png>
Package pdftex.def Info: sections/figs/error_type_fr.png  used on input line 14
96.
(pdftex.def)             Requested size: 433.60046pt x 296.37921pt.
[65] [66 <./sections/figs/ax_german.png>] [67 <./sections/figs/ax_french.png>] 
[68 <./sections/figs/error_type_ger.png>] [69 <./sections/figs/error_type_fr.pn
g>] [70] [71] [72]
Chapter 4.
[73

] [74] [75]

LaTeX Warning: Reference `fig:aoaprod' on page 76 undefined on input line 1635.


[76]
<includes/figures/ao_aoa_combined_production.png, id=788, 6071.68375pt x 4867.1
8375pt>
File: includes/figures/ao_aoa_combined_production.png Graphic file (type png)
<use includes/figures/ao_aoa_combined_production.png>
Package pdftex.def Info: includes/figures/ao_aoa_combined_production.png  used 
on input line 1640.
(pdftex.def)             Requested size: 433.58476pt x 347.57025pt.
<includes/figures/proficiency_combined_production.png, id=789, 6071.68375pt x 4
867.18375pt>
File: includes/figures/proficiency_combined_production.png Graphic file (type p
ng)
<use includes/figures/proficiency_combined_production.png>
Package pdftex.def Info: includes/figures/proficiency_combined_production.png  
used on input line 1643.
(pdftex.def)             Requested size: 433.58476pt x 347.57025pt.
[77 <./includes/figures/ao_aoa_combined_production.png>] [78 <./includes/figure
s/proficiency_combined_production.png>] [79]
<index_files/figure-latex/langcorr-1.pdf, id=816, 453.695pt x 313.17pt>
File: index_files/figure-latex/langcorr-1.pdf Graphic file (type pdf)
<use index_files/figure-latex/langcorr-1.pdf>
Package pdftex.def Info: index_files/figure-latex/langcorr-1.pdf  used on input
 line 1703.
(pdftex.def)             Requested size: 433.62463pt x 299.3161pt.
<includes/figures/hand_correct.png, id=817, 1550.79375pt x 1191.45125pt>
File: includes/figures/hand_correct.png Graphic file (type png)
<use includes/figures/hand_correct.png>
Package pdftex.def Info: includes/figures/hand_correct.png  used on input line 
1707.
(pdftex.def)             Requested size: 433.60405pt x 333.1314pt.
[80 <./index_files/figure-latex/langcorr-1.pdf>] [81 <./includes/figures/hand_c
orrect.png>]
<index_files/figure-latex/rmdplot-1.pdf, id=836, 453.695pt x 310.15875pt>
File: index_files/figure-latex/rmdplot-1.pdf Graphic file (type pdf)
<use index_files/figure-latex/rmdplot-1.pdf>
Package pdftex.def Info: index_files/figure-latex/rmdplot-1.pdf  used on input 
line 1717.
(pdftex.def)             Requested size: 433.62463pt x 296.43806pt.
[82 <./index_files/figure-latex/rmdplot-1.pdf>]
<index_files/figure-latex/rmdremoved-1.pdf, id=852, 451.6875pt x 310.15875pt>
File: index_files/figure-latex/rmdremoved-1.pdf Graphic file (type pdf)
<use index_files/figure-latex/rmdremoved-1.pdf>
Package pdftex.def Info: index_files/figure-latex/rmdremoved-1.pdf  used on inp
ut line 1747.
(pdftex.def)             Requested size: 433.64264pt x 297.76794pt.
<index_files/figure-latex/totaltokens-1.pdf, id=853, 459.7175pt x 310.15875pt>
File: index_files/figure-latex/totaltokens-1.pdf Graphic file (type pdf)
<use index_files/figure-latex/totaltokens-1.pdf>
Package pdftex.def Info: index_files/figure-latex/totaltokens-1.pdf  used on in
put line 1751.
(pdftex.def)             Requested size: 433.64267pt x 292.56677pt.
[83 <./index_files/figure-latex/rmdremoved-1.pdf>] [84 <./index_files/figure-la
tex/totaltokens-1.pdf>]
<index_files/figure-latex/uplot-1.pdf, id=880, 459.7175pt x 304.13625pt>
File: index_files/figure-latex/uplot-1.pdf Graphic file (type pdf)
<use index_files/figure-latex/uplot-1.pdf>
Package pdftex.def Info: index_files/figure-latex/uplot-1.pdf  used on input li
ne 1769.
(pdftex.def)             Requested size: 433.64267pt x 286.88586pt.
<sections/figs/u_plots.png, id=881, 1333.98375pt x 1212.53pt>
File: sections/figs/u_plots.png Graphic file (type png)
<use sections/figs/u_plots.png>
Package pdftex.def Info: sections/figs/u_plots.png  used on input line 1773.
(pdftex.def)             Requested size: 433.621pt x 394.14159pt.
<index_files/figure-latex/oplot-1.pdf, id=884, 459.7175pt x 304.13625pt>
File: index_files/figure-latex/oplot-1.pdf Graphic file (type pdf)
<use index_files/figure-latex/oplot-1.pdf>
Package pdftex.def Info: index_files/figure-latex/oplot-1.pdf  used on input li
ne 1783.
(pdftex.def)             Requested size: 433.64267pt x 286.88586pt.
<sections/figs/o_plots.png, id=885, 1333.98375pt x 1212.53pt>
File: sections/figs/o_plots.png Graphic file (type png)
<use sections/figs/o_plots.png>
Package pdftex.def Info: sections/figs/o_plots.png  used on input line 1787.
(pdftex.def)             Requested size: 433.621pt x 394.14159pt.
[85] [86 <./index_files/figure-latex/uplot-1.pdf>] [87 <./sections/figs/u_plots
.png>] [88 <./index_files/figure-latex/oplot-1.pdf>] [89 <./sections/figs/o_plo
ts.png>]
<index_files/figure-latex/iplot-1.pdf, id=938, 459.7175pt x 304.13625pt>
File: index_files/figure-latex/iplot-1.pdf Graphic file (type pdf)
<use index_files/figure-latex/iplot-1.pdf>
Package pdftex.def Info: index_files/figure-latex/iplot-1.pdf  used on input li
ne 1798.
(pdftex.def)             Requested size: 433.64267pt x 286.88586pt.
<sections/figs/i_plots.png, id=939, 1333.98375pt x 1212.53pt>
File: sections/figs/i_plots.png Graphic file (type png)
<use sections/figs/i_plots.png>
Package pdftex.def Info: sections/figs/i_plots.png  used on input line 1802.
(pdftex.def)             Requested size: 433.621pt x 394.14159pt.
[90 <./index_files/figure-latex/iplot-1.pdf>] [91 <./sections/figs/i_plots.png>
]
<index_files/figure-latex/aplot-1.pdf, id=963, 459.7175pt x 304.13625pt>
File: index_files/figure-latex/aplot-1.pdf Graphic file (type pdf)
<use index_files/figure-latex/aplot-1.pdf>
Package pdftex.def Info: index_files/figure-latex/aplot-1.pdf  used on input li
ne 1814.
(pdftex.def)             Requested size: 433.64267pt x 286.88586pt.
<sections/figs/schwa_plots.png, id=964, 1333.98375pt x 1212.53pt>
File: sections/figs/schwa_plots.png Graphic file (type png)
<use sections/figs/schwa_plots.png>
Package pdftex.def Info: sections/figs/schwa_plots.png  used on input line 1818
.
(pdftex.def)             Requested size: 433.621pt x 394.14159pt.
[92 <./index_files/figure-latex/aplot-1.pdf>] [93 <./sections/figs/schwa_plots.
png>]
Appendix A.
<index_files/figure-latex/plot-bdown-cap-1.pdf, id=989, 457.71pt x 315.1775pt>
File: index_files/figure-latex/plot-bdown-cap-1.pdf Graphic file (type pdf)
<use index_files/figure-latex/plot-bdown-cap-1.pdf>
Package pdftex.def Info: index_files/figure-latex/plot-bdown-cap-1.pdf  used on
 input line 1847.
(pdftex.def)             Requested size: 433.63475pt x 298.59935pt.
[94

 <./index_files/figure-latex/plot-bdown-cap-1.pdf>] [95] [96]
Appendix B.
[97

] [98]
Including your file sections/references.tex for the references.
(./sections/references.tex)
Underfull \hbox (badness 1622) in paragraph at lines 1959--1961
 []\T1/lmr/m/n/12 (+20) Best, C. T., & Tyler, M. D. (2007). Non-na-tive and sec
ond-language
 []

[99

]
Underfull \hbox (badness 1715) in paragraph at lines 1980--1982
 \T1/lmr/m/n/12 (+20) to step up our game. \T1/lmr/m/it/12 (+20) Bilin-gual-ism
: Lan-guage and Cog-ni-tion\T1/lmr/m/n/12 (+20) , 1--6.
 []


Underfull \hbox (badness 3471) in paragraph at lines 1983--1985
 []\T1/lmr/m/n/12 (+20) Bürkner, P.-C. (2017). \T1/lmr/bx/n/12 (+20) Brms \T1/l
mr/m/n/12 (+20) : An \T1/lmr/m/it/12 (+20) r \T1/lmr/m/n/12 (+20) Pack-age for 
Bayesian Mul-
 []


Underfull \hbox (badness 3792) in paragraph at lines 1983--1985
 \T1/lmr/m/n/12 (+20) ti-level Mod-els Us-ing \T1/lmr/m/it/12 (+20) stan\T1/lmr
/m/n/12 (+20) . \T1/lmr/m/it/12 (+20) Jour-nal of Sta-tis-ti-cal Soft-ware\T1/l
mr/m/n/12 (+20) , \T1/lmr/m/it/12 (+20) 80\T1/lmr/m/n/12 (+20) (1).
 []


Underfull \hbox (badness 1728) in paragraph at lines 1986--1988
 []\T1/lmr/m/n/12 (+20) Casillas, J. V., & Si-monet, M. (2018). Per-cep-tual ca
t-e-go-riza-tion and
 []


Underfull \hbox (badness 5563) in paragraph at lines 1986--1988
 \T1/lmr/m/n/12 (+20) bilin-gual lan-guage modes: As-sess-ing the dou-ble phone
-mic bound-
 []


Underfull \hbox (badness 2012) in paragraph at lines 1986--1988
 \T1/lmr/m/n/12 (+20) ary in early and late bilin-guals. \T1/lmr/m/it/12 (+20) 
Jour-nal of Pho-net-ics\T1/lmr/m/n/12 (+20) , \T1/lmr/m/it/12 (+20) 71\T1/lmr/m
/n/12 (+20) , 51--64.
 []

[100]
Underfull \hbox (badness 4001) in paragraph at lines 1995--1997
 []\T1/lmr/m/n/12 (+20) Escudero, P., & Boersma, P. (2004). BRIDG-ING THE GAP B
E-
 []


Underfull \hbox (badness 6859) in paragraph at lines 1995--1997
 \T1/lmr/m/n/12 (+20) TWEEN L2 SPEECH PER-CEP-TION RE-SEARCH AND PHONO-
 []


Underfull \hbox (badness 1377) in paragraph at lines 1995--1997
 \T1/lmr/m/n/12 (+20) LOG-I-CAL THE-ORY. \T1/lmr/m/it/12 (+20) Stud-ies in Sec-
ond Lan-guage Ac-qui-si-tion\T1/lmr/m/n/12 (+20) , \T1/lmr/m/it/12 (+20) 26\T1/
lmr/m/n/12 (+20) (04).
 []

[101]
Underfull \hbox (badness 2818) in paragraph at lines 2037--2039
 []\T1/lmr/m/n/12 (+20) García Mayo, M. del P., & Slabakova, R. (2015). Ob-ject
 drop in
 []

[102]
Underfull \hbox (badness 7704) in paragraph at lines 2049--2051
 []\T1/lmr/m/n/12 (+20) Gut, U. (2010). Cross-linguistic in-flu-ence in L3 phon
o-log-i-cal ac-
 []


Underfull \hbox (badness 7433) in paragraph at lines 2049--2051
 \T1/lmr/m/n/12 (+20) qui-si-tion. \T1/lmr/m/it/12 (+20) In-ter-na-tional Jour-
nal of Mul-ti-lin-gual-ism\T1/lmr/m/n/12 (+20) , \T1/lmr/m/it/12 (+20) 7\T1/lmr
/m/n/12 (+20) (1), 19--38.
 []

[103]
Underfull \hbox (badness 1052) in paragraph at lines 2091--2093
 \T1/lmr/m/n/12 (+20) Ac-qui-si-tion of Stop Con-trasts. \T1/lmr/m/it/12 (+20) 
SAGE Open\T1/lmr/m/n/12 (+20) , \T1/lmr/m/it/12 (+20) 11\T1/lmr/m/n/12 (+20) (1
), 215824402098551.
 []

[104]
Underfull \hbox (badness 2005) in paragraph at lines 2109--2111
 \T1/lmr/m/n/12 (+20) sion in the L3 ac-qui-si-tion of Brazil-ian Por-tuguese: 
Struc-tural sim-i-
 []


Underfull \hbox (badness 1132) in paragraph at lines 2109--2111
 \T1/lmr/m/n/12 (+20) lar-ity mat-ters for trans-fer. \T1/lmr/m/it/12 (+20) Sec
-ond Lan-guage Re-search\T1/lmr/m/n/12 (+20) , \T1/lmr/m/it/12 (+20) 27\T1/lmr/
m/n/12 (+20) (1), 21--58.
 []


Underfull \hbox (badness 7064) in paragraph at lines 2112--2114
 []\T1/lmr/m/n/12 (+20) Onishi, H. (2016). The ef-fects of L2 ex-pe-ri-ence on 
L3 per-cep-
 []


Underfull \hbox (badness 10000) in paragraph at lines 2112--2114
 \T1/lmr/m/n/12 (+20) tion. \T1/lmr/m/it/12 (+20) In-ter-na-tional Jour-nal of 
Mul-ti-lin-gual-ism\T1/lmr/m/n/12 (+20) , \T1/lmr/m/it/12 (+20) 13\T1/lmr/m/n/1
2 (+20) (4), 459--475.
 []


Underfull \hbox (badness 3989) in paragraph at lines 2118--2120
 []\T1/lmr/m/n/12 (+20) Parma, A. (2017). Cross-Linguistic Trans-fer of Ob-ject
 Clitic Struc-
 []


Underfull \hbox (badness 3168) in paragraph at lines 2118--2120
 \T1/lmr/m/n/12 (+20) ture: A Case of L3 Brazil-ian Por-tuguese. \T1/lmr/m/it/1
2 (+20) Lan-guages\T1/lmr/m/n/12 (+20) , \T1/lmr/m/it/12 (+20) 2\T1/lmr/m/n/12 
(+20) (3), 14.
 []

[105]
Underfull \hbox (badness 4792) in paragraph at lines 2151--2153
 []\T1/lmr/m/n/12 (+20) Slabakova, R. (2017). The scalpel model of third lan-gu
age ac-qui-
 []


Underfull \hbox (badness 10000) in paragraph at lines 2151--2153
 \T1/lmr/m/n/12 (+20) si-tion. \T1/lmr/m/it/12 (+20) In-ter-na-tional Jour-nal 
of Bilin-gual-ism\T1/lmr/m/n/12 (+20) , \T1/lmr/m/it/12 (+20) 21\T1/lmr/m/n/12 
(+20) (6), 651--665.
 []

[106]
Underfull \hbox (badness 2753) in paragraph at lines 2154--2156
 []\T1/lmr/m/n/12 (+20) Slabakova, R., & Gar-cía Mayo, M. D. P. (2015). The L3 
syntax--
 []


Underfull \hbox (badness 2726) in paragraph at lines 2169--2171
 \T1/lmr/m/n/12 (+20) word recog-ni-tion. \T1/lmr/m/it/12 (+20) Jour-nal of Mem
-ory and Lan-guage\T1/lmr/m/n/12 (+20) , \T1/lmr/m/it/12 (+20) 50\T1/lmr/m/n/12
 (+20) (1), 1--25.
 []


Underfull \hbox (badness 6608) in paragraph at lines 2172--2174
 []\T1/lmr/m/n/12 (+20) Werker, J. F. (1986). The ef-fect of mul-ti-lin-gual-is
m on pho-netic
 []


Underfull \hbox (badness 10000) in paragraph at lines 2172--2174
 \T1/lmr/m/n/12 (+20) per-cep-tual flex-i-bil-ity. \T1/lmr/m/it/12 (+20) Ap-pli
ed Psy-cholin-guis-tics\T1/lmr/m/n/12 (+20) , \T1/lmr/m/it/12 (+20) 7\T1/lmr/m/
n/12 (+20) (2), 141--155.
 []

[107]
Underfull \hbox (badness 2302) in paragraph at lines 2199--2201
 []\T1/lmr/m/n/12 (+20) Wrembel, M., Gut, U., Kope£ková, R., & Balas, A. (2020)
. Cross-
 []


Underfull \hbox (badness 1163) in paragraph at lines 2199--2201
 \T1/lmr/m/n/12 (+20) Linguistic In-ter-ac-tions in Third Lan-guage Ac-qui-si-t
ion: Ev-i-dence from
 []


Underfull \hbox (badness 2600) in paragraph at lines 2199--2201
 \T1/lmr/m/n/12 (+20) Multi-Feature Anal-y-sis of Speech Per-cep-tion. \T1/lmr/
m/it/12 (+20) Lan-guages\T1/lmr/m/n/12 (+20) , \T1/lmr/m/it/12 (+20) 5\T1/lmr/m
/n/12 (+20) (4), 52.
 []

[108] [109] (./index.aux)

LaTeX Font Warning: Some font shapes were not available, defaults substituted.


LaTeX Warning: There were undefined references.


LaTeX Warning: There were multiply-defined labels.

 ) 
Here is how much of TeX's memory you used:
 15518 strings out of 478994
 234210 string characters out of 5858185
 607934 words of memory out of 5000000
 32051 multiletter control sequences out of 15000+600000
 471861 words of font info for 175 fonts, out of 8000000 for 9000
 1141 hyphenation exceptions out of 8191
 113i,12n,116p,971b,459s stack positions out of 5000i,500n,10000p,200000b,80000s
{/usr/local/texlive/2021/texmf-dist/fonts/enc/dvips/lm/lm-mathsy.enc}{/usr/lo
cal/texlive/2021/texmf-dist/fonts/enc/dvips/lm/lm-rm.enc}{/usr/local/texlive/20
21/texmf-dist/fonts/enc/dvips/lm/lm-mathit.enc}{/usr/local/texlive/2021/texmf-d
ist/fonts/enc/dvips/lm/lm-ec.enc}{/usr/local/texlive/2021/texmf-dist/fonts/enc/
dvips/lm/lm-ts1.enc}</usr/local/texlive/2021/texmf-dist/fonts/type1/public/lm/l
mbx12.pfb></usr/local/texlive/2021/texmf-dist/fonts/type1/public/lm/lmmi12.pfb>
</usr/local/texlive/2021/texmf-dist/fonts/type1/public/lm/lmr10.pfb></usr/local
/texlive/2021/texmf-dist/fonts/type1/public/lm/lmr12.pfb></usr/local/texlive/20
21/texmf-dist/fonts/type1/public/lm/lmr7.pfb></usr/local/texlive/2021/texmf-dis
t/fonts/type1/public/lm/lmr8.pfb></usr/local/texlive/2021/texmf-dist/fonts/type
1/public/lm/lmri10.pfb></usr/local/texlive/2021/texmf-dist/fonts/type1/public/l
m/lmri12.pfb></usr/local/texlive/2021/texmf-dist/fonts/type1/public/lm/lmsy10.p
fb></usr/local/texlive/2021/texmf-dist/fonts/type1/public/lm/lmsy8.pfb></usr/lo
cal/texlive/2021/texmf-dist/fonts/type1/public/lm/lmtt12.pfb></usr/local/texliv
e/2021/texmf-dist/fonts/type1/public/tipa/tipa12.pfb>
Output written on index.pdf (119 pages, 9192927 bytes).
PDF statistics:
 1573 PDF objects out of 1728 (max. 8388607)
 1347 compressed objects within 14 object streams
 408 named destinations out of 1000 (max. 500000)
 31400 words of extra memory for PDF output out of 35830 (max. 10000000)

