1.0072 	WARNING 	We strongly recommend you activate the PTB sound engine in PsychoPy prefs as the preferred audio engine. Its timing is vastly superior. Your prefs are currently set to use ['sounddevice', 'PTB', 'pyo', 'pygame'] (in that order).
5.3869 	WARNING 	User requested fullscreen with size [1024  768], but screen is actually [1440, 900]. Using actual size
6.1774 	EXP 	Created window1 = Window(allowGUI=False, allowStencil=False, autoLog=True, backendConf=UNKNOWN, bitsMode=UNKNOWN, blendMode='avg', bpc=(8, 8, 8), color=array([0, 0, 0]), colorSpace='rgb', depthBits=8, fullscr=<method-wrapper '__getattribute__' of attributeSetter object at 0x7fe1f7c0bba8>, gamma=None, gammaErrorPolicy='raise', lms=UNKNOWN, monitor=<psychopy.monitors.calibTools.Monitor object at 0x7fe1f6000cc0>, multiSample=False, name='window1', numSamples=2, pos=[360.0, 225.0], screen=0, size=array([2880, 1800]), stencilBits=0, stereo=False, units='height', useFBO=True, useRetina=True, viewOri=0.0, viewPos=None, viewScale=None, waitBlanking=True, winType='pyglet')
6.1776 	EXP 	window1: mouseVisible = True
6.1776 	EXP 	window1: recordFrameIntervals = False
6.3434 	EXP 	window1: recordFrameIntervals = True
6.5324 	WARNING 	t of last frame was 21.22ms (=1/47)
6.7115 	EXP 	window1: recordFrameIntervals = False
7.6234 	EXP 	Created text = TextStim(__class__=<class 'psychopy.visual.text.TextStim'>, alignHoriz=method-wrapper(...), alignText='center', alignVert=method-wrapper(...), anchorHoriz='center', anchorVert='center', antialias=True, autoLog=True, bold=False, color=array([1., 1., 1.]), colorSpace='rgb', contrast=1.0, depth=-1.0, flipHoriz=False, flipVert=False, font='Open Sans', fontFiles=[], height=0.1, italic=False, languageStyle='LTR', name='text', opacity=1, ori=0.0, pos=array([0., 0.]), rgb=UNKNOWN, text='Welcome and press space to begin', units='height', win=Window(...), wrapWidth=1)
7.6288 	EXP 	Created fun = TextStim(__class__=<class 'psychopy.visual.text.TextStim'>, alignHoriz=method-wrapper(...), alignText='center', alignVert=method-wrapper(...), anchorHoriz='center', anchorVert='center', antialias=True, autoLog=True, bold=False, color=array([-1.        ,  0.00392157, -1.        ]), colorSpace='rgb', contrast=1.0, depth=0.0, flipHoriz=False, flipVert=False, font='Open Sans', fontFiles=[], height=0.05, italic=False, languageStyle='LTR', name='fun', opacity=1, ori=0.0, pos=array([-0.45,  0.25]), rgb=UNKNOWN, text='fun (1)', units='height', win=Window(...), wrapWidth=1)
7.6324 	EXP 	Created fought = TextStim(__class__=<class 'psychopy.visual.text.TextStim'>, alignHoriz=method-wrapper(...), alignText='center', alignVert=method-wrapper(...), anchorHoriz='center', anchorVert='center', antialias=True, autoLog=True, bold=False, color=array([-1.        ,  0.00392157, -1.        ]), colorSpace='rgb', contrast=1.0, depth=-1.0, flipHoriz=False, flipVert=False, font='Open Sans', fontFiles=[], height=0.05, italic=False, languageStyle='LTR', name='fought', opacity=1, ori=0.0, pos=array([0.  , 0.25]), rgb=UNKNOWN, text='fought (2)', units='height', win=Window(...), wrapWidth=1)
7.6352 	EXP 	Created feel = TextStim(__class__=<class 'psychopy.visual.text.TextStim'>, alignHoriz=method-wrapper(...), alignText='center', alignVert=method-wrapper(...), anchorHoriz='center', anchorVert='center', antialias=True, autoLog=True, bold=False, color=array([-1.        ,  0.00392157, -1.        ]), colorSpace='rgb', contrast=1.0, depth=-2.0, flipHoriz=False, flipVert=False, font='Open Sans', fontFiles=[], height=0.05, italic=False, languageStyle='LTR', name='feel', opacity=1, ori=0.0, pos=array([0.45, 0.25]), rgb=UNKNOWN, text='feel (3)', units='height', win=Window(...), wrapWidth=1)
7.6376 	EXP 	Created fool = TextStim(__class__=<class 'psychopy.visual.text.TextStim'>, alignHoriz=method-wrapper(...), alignText='center', alignVert=method-wrapper(...), anchorHoriz='center', anchorVert='center', antialias=True, autoLog=True, bold=False, color=array([-1.        ,  0.00392157, -1.        ]), colorSpace='rgb', contrast=1.0, depth=-3.0, flipHoriz=False, flipVert=False, font='Open Sans', fontFiles=[], height=0.05, italic=False, languageStyle='LTR', name='fool', opacity=1, ori=0.0, pos=array([0., 0.]), rgb=UNKNOWN, text='fool (4)', units='height', win=Window(...), wrapWidth=1)
7.6401 	EXP 	Created son = TextStim(__class__=<class 'psychopy.visual.text.TextStim'>, alignHoriz=method-wrapper(...), alignText='center', alignVert=method-wrapper(...), anchorHoriz='center', anchorVert='center', antialias=True, autoLog=True, bold=False, color=array([1., 1., 1.]), colorSpace='rgb', contrast=1.0, depth=-4.0, flipHoriz=False, flipVert=False, font='Open Sans', fontFiles=[], height=0.05, italic=False, languageStyle='LTR', name='son', opacity=1, ori=0.0, pos=array([-0.45, -0.25]), rgb=UNKNOWN, text='son (5)', units='height', win=Window(...), wrapWidth=1)
7.6424 	EXP 	Created su = TextStim(__class__=<class 'psychopy.visual.text.TextStim'>, alignHoriz=method-wrapper(...), alignText='center', alignVert=method-wrapper(...), anchorHoriz='center', anchorVert='center', antialias=True, autoLog=True, bold=False, color=array([1., 1., 1.]), colorSpace='rgb', contrast=1.0, depth=-5.0, flipHoriz=False, flipVert=False, font='Open Sans', fontFiles=[], height=0.05, italic=False, languageStyle='LTR', name='su', opacity=1, ori=0.0, pos=array([ 0.  , -0.25]), rgb=UNKNOWN, text='su (6)', units='height', win=Window(...), wrapWidth=1)
7.6449 	EXP 	Created fin = TextStim(__class__=<class 'psychopy.visual.text.TextStim'>, alignHoriz=method-wrapper(...), alignText='center', alignVert=method-wrapper(...), anchorHoriz='center', anchorVert='center', antialias=True, autoLog=True, bold=False, color=array([1., 1., 1.]), colorSpace='rgb', contrast=1.0, depth=-6.0, flipHoriz=False, flipVert=False, font='Open Sans', fontFiles=[], height=0.05, italic=False, languageStyle='LTR', name='fin', opacity=1, ori=0.0, pos=array([ 0.45, -0.25]), rgb=UNKNOWN, text='fin (7)', units='height', win=Window(...), wrapWidth=1)
7.6595 	EXP 	Created instructions_task = TextStim(__class__=<class 'psychopy.visual.text.TextStim'>, alignHoriz=method-wrapper(...), alignText='center', alignVert=method-wrapper(...), anchorHoriz='center', anchorVert='center', antialias=True, autoLog=True, bold=False, color=array([1., 1., 1.]), colorSpace='rgb', contrast=1.0, depth=-7.0, flipHoriz=False, flipVert=False, font='Open Sans', fontFiles=[], height=0.03, italic=False, languageStyle='LTR', name='instructions_task', opacity=1, ori=0.0, pos=array([0. , 0.4]), rgb=UNKNOWN, text=str(...), units='height', win=Window(...), wrapWidth=1)
7.8708 	EXP 	text: autoDraw = True
9.0392 	DATA 	Keypress: space
9.0443 	EXP 	text: autoDraw = False
9.0443 	EXP 	instructions_task: autoDraw = True
9.1110 	EXP 	fun: autoDraw = True
9.1110 	EXP 	fought: autoDraw = True
9.1110 	EXP 	feel: autoDraw = True
9.1110 	EXP 	fool: autoDraw = True
9.1110 	EXP 	son: autoDraw = True
9.1110 	EXP 	su: autoDraw = True
9.1110 	EXP 	fin: autoDraw = True
11.7312 	DATA 	Keypress: 1
11.7439 	EXP 	fun: autoDraw = False
11.7439 	EXP 	fought: autoDraw = False
11.7439 	EXP 	feel: autoDraw = False
11.7439 	EXP 	fool: autoDraw = False
11.7439 	EXP 	son: autoDraw = False
11.7439 	EXP 	su: autoDraw = False
11.7439 	EXP 	fin: autoDraw = False
11.7439 	EXP 	instructions_task: autoDraw = False
11.7525 	EXP 	window1: mouseVisible = True
