0.7362 	WARNING 	We strongly recommend you activate the PTB sound engine in PsychoPy prefs as the preferred audio engine. Its timing is vastly superior. Your prefs are currently set to use ['sounddevice', 'PTB', 'pyo', 'pygame'] (in that order).
5.0059 	WARNING 	User requested fullscreen with size [1024  768], but screen is actually [1440, 900]. Using actual size
5.6194 	EXP 	Created window1 = Window(allowGUI=False, allowStencil=False, autoLog=True, backendConf=UNKNOWN, bitsMode=UNKNOWN, blendMode='avg', bpc=(8, 8, 8), color=array([0, 0, 0]), colorSpace='rgb', depthBits=8, fullscr=<method-wrapper '__getattribute__' of attributeSetter object at 0x7f89f4ff54e0>, gamma=None, gammaErrorPolicy='raise', lms=UNKNOWN, monitor=<psychopy.monitors.calibTools.Monitor object at 0x7f89f4e36080>, multiSample=False, name='window1', numSamples=2, pos=[360.0, 225.0], screen=0, size=array([2880, 1800]), stencilBits=0, stereo=False, units='height', useFBO=True, useRetina=True, viewOri=0.0, viewPos=None, viewScale=None, waitBlanking=True, winType='pyglet')
5.6196 	EXP 	window1: mouseVisible = True
5.6196 	EXP 	window1: recordFrameIntervals = False
5.7867 	EXP 	window1: recordFrameIntervals = True
5.9699 	EXP 	window1: recordFrameIntervals = False
6.7914 	EXP 	Created text = TextStim(__class__=<class 'psychopy.visual.text.TextStim'>, alignHoriz=method-wrapper(...), alignText='center', alignVert=method-wrapper(...), anchorHoriz='center', anchorVert='center', antialias=True, autoLog=True, bold=False, color=array([1., 1., 1.]), colorSpace='rgb', contrast=1.0, depth=-1.0, flipHoriz=False, flipVert=False, font='Open Sans', fontFiles=[], height=0.1, italic=False, languageStyle='LTR', name='text', opacity=1, ori=0.0, pos=array([0., 0.]), rgb=UNKNOWN, text='Welcome and press space to begin', units='height', win=Window(...), wrapWidth=1)
6.7964 	EXP 	Created fun = TextStim(__class__=<class 'psychopy.visual.text.TextStim'>, alignHoriz=method-wrapper(...), alignText='center', alignVert=method-wrapper(...), anchorHoriz='center', anchorVert='center', antialias=True, autoLog=True, bold=False, color=array([-1.        ,  0.00392157, -1.        ]), colorSpace='rgb', contrast=1.0, depth=0.0, flipHoriz=False, flipVert=False, font='Open Sans', fontFiles=[], height=0.05, italic=False, languageStyle='LTR', name='fun', opacity=1, ori=0.0, pos=array([-0.45,  0.25]), rgb=UNKNOWN, text='fun (1)', units='height', win=Window(...), wrapWidth=1)
6.8001 	EXP 	Created fought = TextStim(__class__=<class 'psychopy.visual.text.TextStim'>, alignHoriz=method-wrapper(...), alignText='center', alignVert=method-wrapper(...), anchorHoriz='center', anchorVert='center', antialias=True, autoLog=True, bold=False, color=array([-1.        ,  0.00392157, -1.        ]), colorSpace='rgb', contrast=1.0, depth=-1.0, flipHoriz=False, flipVert=False, font='Open Sans', fontFiles=[], height=0.05, italic=False, languageStyle='LTR', name='fought', opacity=1, ori=0.0, pos=array([0.  , 0.25]), rgb=UNKNOWN, text='fought (2)', units='height', win=Window(...), wrapWidth=1)
6.8028 	EXP 	Created feel = TextStim(__class__=<class 'psychopy.visual.text.TextStim'>, alignHoriz=method-wrapper(...), alignText='center', alignVert=method-wrapper(...), anchorHoriz='center', anchorVert='center', antialias=True, autoLog=True, bold=False, color=array([-1.        ,  0.00392157, -1.        ]), colorSpace='rgb', contrast=1.0, depth=-2.0, flipHoriz=False, flipVert=False, font='Open Sans', fontFiles=[], height=0.05, italic=False, languageStyle='LTR', name='feel', opacity=1, ori=0.0, pos=array([0.45, 0.25]), rgb=UNKNOWN, text='feel (3)', units='height', win=Window(...), wrapWidth=1)
6.8051 	EXP 	Created fool = TextStim(__class__=<class 'psychopy.visual.text.TextStim'>, alignHoriz=method-wrapper(...), alignText='center', alignVert=method-wrapper(...), anchorHoriz='center', anchorVert='center', antialias=True, autoLog=True, bold=False, color=array([-1.        ,  0.00392157, -1.        ]), colorSpace='rgb', contrast=1.0, depth=-3.0, flipHoriz=False, flipVert=False, font='Open Sans', fontFiles=[], height=0.05, italic=False, languageStyle='LTR', name='fool', opacity=1, ori=0.0, pos=array([0., 0.]), rgb=UNKNOWN, text='fool (4)', units='height', win=Window(...), wrapWidth=1)
6.8077 	EXP 	Created son = TextStim(__class__=<class 'psychopy.visual.text.TextStim'>, alignHoriz=method-wrapper(...), alignText='center', alignVert=method-wrapper(...), anchorHoriz='center', anchorVert='center', antialias=True, autoLog=True, bold=False, color=array([1., 1., 1.]), colorSpace='rgb', contrast=1.0, depth=-4.0, flipHoriz=False, flipVert=False, font='Open Sans', fontFiles=[], height=0.05, italic=False, languageStyle='LTR', name='son', opacity=1, ori=0.0, pos=array([-0.45, -0.25]), rgb=UNKNOWN, text='son (5)', units='height', win=Window(...), wrapWidth=1)
6.8099 	EXP 	Created su = TextStim(__class__=<class 'psychopy.visual.text.TextStim'>, alignHoriz=method-wrapper(...), alignText='center', alignVert=method-wrapper(...), anchorHoriz='center', anchorVert='center', antialias=True, autoLog=True, bold=False, color=array([1., 1., 1.]), colorSpace='rgb', contrast=1.0, depth=-5.0, flipHoriz=False, flipVert=False, font='Open Sans', fontFiles=[], height=0.05, italic=False, languageStyle='LTR', name='su', opacity=1, ori=0.0, pos=array([ 0.  , -0.25]), rgb=UNKNOWN, text='su (6)', units='height', win=Window(...), wrapWidth=1)
6.8124 	EXP 	Created fin = TextStim(__class__=<class 'psychopy.visual.text.TextStim'>, alignHoriz=method-wrapper(...), alignText='center', alignVert=method-wrapper(...), anchorHoriz='center', anchorVert='center', antialias=True, autoLog=True, bold=False, color=array([1., 1., 1.]), colorSpace='rgb', contrast=1.0, depth=-6.0, flipHoriz=False, flipVert=False, font='Open Sans', fontFiles=[], height=0.05, italic=False, languageStyle='LTR', name='fin', opacity=1, ori=0.0, pos=array([ 0.45, -0.25]), rgb=UNKNOWN, text='fin (7)', units='height', win=Window(...), wrapWidth=1)
6.8274 	EXP 	Created instructions_task = TextStim(__class__=<class 'psychopy.visual.text.TextStim'>, alignHoriz=method-wrapper(...), alignText='center', alignVert=method-wrapper(...), anchorHoriz='center', anchorVert='center', antialias=True, autoLog=True, bold=False, color=array([1., 1., 1.]), colorSpace='rgb', contrast=1.0, depth=-7.0, flipHoriz=False, flipVert=False, font='Open Sans', fontFiles=[], height=0.03, italic=False, languageStyle='LTR', name='instructions_task', opacity=1, ori=0.0, pos=array([0. , 0.4]), rgb=UNKNOWN, text=str(...), units='height', win=Window(...), wrapWidth=1)
7.0356 	EXP 	Sound stimulus set volume 1.000
7.0392 	EXP 	Created text_2 = TextStim(__class__=<class 'psychopy.visual.text.TextStim'>, alignHoriz=method-wrapper(...), alignText='center', alignVert=method-wrapper(...), anchorHoriz='center', anchorVert='center', antialias=True, autoLog=True, bold=False, color=array([ 1., -1., -1.]), colorSpace='rgb', contrast=1.0, depth=-10.0, flipHoriz=False, flipVert=False, font='Open Sans', fontFiles=[], height=0.1, italic=False, languageStyle='LTR', name='text_2', opacity=1, ori=0.0, pos=array([0., 0.]), rgb=UNKNOWN, text='+', units='height', win=Window(...), wrapWidth=1)
7.0532 	EXP 	window1: mouseVisible = True
7.0678 	EXP 	Created slider = Slider(__class__=<class 'psychopy.visual.slider.Slider'>, autoDraw=False, autoLog=True, borderColor=None, color=None, colorSpace='rgb', depth=0, fillColor=None, flip=False, font='Open Sans', granularity=0.0, labelHeight=0.05, labelWrapWidth=None, labels=(1, 2, 3, 4, 5), name='slider', opacity=None, pos=(0, 0), readOnly=False, self=UNKNOWN, size=(1.0, 0.1), startValue=None, style=method-wrapper(...), styleTweaks=method-wrapper(...), ticks=array([1, 2, 3, 4, 5]), units='height', win=Window(...))
7.0789 	EXP 	Created text_3 = TextStim(__class__=<class 'psychopy.visual.text.TextStim'>, alignHoriz=method-wrapper(...), alignText='center', alignVert=method-wrapper(...), anchorHoriz='center', anchorVert='center', antialias=True, autoLog=True, bold=False, color=array([1., 1., 1.]), colorSpace='rgb', contrast=1.0, depth=-1.0, flipHoriz=False, flipVert=False, font='Open Sans', fontFiles=[], height=0.03, italic=False, languageStyle='LTR', name='text_3', opacity=1, ori=0.0, pos=array([0. , 0.3]), rgb=UNKNOWN, text=str(...), units='height', win=Window(...), wrapWidth=1)
7.1162 	EXP 	Created insructions = TextStim(__class__=<class 'psychopy.visual.text.TextStim'>, alignHoriz=method-wrapper(...), alignText='center', alignVert=method-wrapper(...), anchorHoriz='center', anchorVert='center', antialias=True, autoLog=True, bold=False, color=array([-1., -1., -1.]), colorSpace='rgb', contrast=1.0, depth=0.0, flipHoriz=False, flipVert=False, font='Arial', fontFiles=[], height=0.1, italic=False, languageStyle='LTR', name='insructions', opacity=1, ori=0, pos=array([0., 0.]), rgb=UNKNOWN, text=str(...), units='height', win=Window(...), wrapWidth=1)
7.3100 	EXP 	Sound sound_stim1 set volume 1.000
7.3100 	EXP 	Sound sound_stim2 set volume 1.000
7.3126 	EXP 	Created text_response_same = TextStim(__class__=<class 'psychopy.visual.text.TextStim'>, alignHoriz=method-wrapper(...), alignText='center', alignVert=method-wrapper(...), anchorHoriz='center', anchorVert='center', antialias=True, autoLog=True, bold=False, color=array([-1., -1., -1.]), colorSpace='rgb', contrast=1.0, depth=-2.0, flipHoriz=False, flipVert=False, font='Arial', fontFiles=[], height=0.1, italic=False, languageStyle='LTR', name='text_response_same', opacity=1, ori=0, pos=array([-0.5,  0. ]), rgb=UNKNOWN, text='Same', units='height', win=Window(...), wrapWidth=1)
7.3152 	EXP 	Created text_response_diff = TextStim(__class__=<class 'psychopy.visual.text.TextStim'>, alignHoriz=method-wrapper(...), alignText='center', alignVert=method-wrapper(...), anchorHoriz='center', anchorVert='center', antialias=True, autoLog=True, bold=False, color=array([-1., -1., -1.]), colorSpace='rgb', contrast=1.0, depth=-3.0, flipHoriz=False, flipVert=False, font='Arial', fontFiles=[], height=0.1, italic=False, languageStyle='LTR', name='text_response_diff', opacity=1, ori=0, pos=array([0.5, 0. ]), rgb=UNKNOWN, text='Different', units='height', win=Window(...), wrapWidth=1)
7.5091 	EXP 	Created text_trial_cross = TextStim(__class__=<class 'psychopy.visual.text.TextStim'>, alignHoriz=method-wrapper(...), alignText='center', alignVert=method-wrapper(...), anchorHoriz='center', anchorVert='center', antialias=True, autoLog=True, bold=False, color=array([ 1., -1., -1.]), colorSpace='rgb', contrast=1.0, depth=-5.0, flipHoriz=False, flipVert=False, font='Arial', fontFiles=[], height=0.2, italic=False, languageStyle='LTR', name='text_trial_cross', opacity=1, ori=0, pos=array([0., 0.]), rgb=UNKNOWN, text='+', units='height', win=Window(...), wrapWidth=1)
7.5120 	EXP 	Created text_end = TextStim(__class__=<class 'psychopy.visual.text.TextStim'>, alignHoriz=method-wrapper(...), alignText='center', alignVert=method-wrapper(...), anchorHoriz='center', anchorVert='center', antialias=True, autoLog=True, bold=False, color=array([-1., -1., -1.]), colorSpace='rgb', contrast=1.0, depth=0.0, flipHoriz=False, flipVert=False, font='Arial', fontFiles=[], height=0.1, italic=False, languageStyle='LTR', name='text_end', opacity=1, ori=0, pos=array([0., 0.]), rgb=UNKNOWN, text='Thank you.', units='height', win=Window(...), wrapWidth=1)
7.7150 	EXP 	Created insructions_2 = TextStim(__class__=<class 'psychopy.visual.text.TextStim'>, alignHoriz=method-wrapper(...), alignText='center', alignVert=method-wrapper(...), anchorHoriz='center', anchorVert='center', antialias=True, autoLog=True, bold=False, color=array([-1., -1., -1.]), colorSpace='rgb', contrast=1.0, depth=0.0, flipHoriz=False, flipVert=False, font='Arial', fontFiles=[], height=0.1, italic=False, languageStyle='LTR', name='insructions_2', opacity=1, ori=0, pos=array([0., 0.]), rgb=UNKNOWN, text=str(...), units='height', win=Window(...), wrapWidth=1)
7.9041 	EXP 	Sound sound_stim1_2 set volume 1.000
7.9042 	EXP 	Sound sound_stim2_2 set volume 1.000
7.9059 	EXP 	Created text_response_same_2 = TextStim(__class__=<class 'psychopy.visual.text.TextStim'>, alignHoriz=method-wrapper(...), alignText='center', alignVert=method-wrapper(...), anchorHoriz='center', anchorVert='center', antialias=True, autoLog=True, bold=False, color=array([-1., -1., -1.]), colorSpace='rgb', contrast=1.0, depth=-2.0, flipHoriz=False, flipVert=False, font='Arial', fontFiles=[], height=0.1, italic=False, languageStyle='LTR', name='text_response_same_2', opacity=1, ori=0, pos=array([-0.5,  0. ]), rgb=UNKNOWN, text='Same', units='height', win=Window(...), wrapWidth=1)
7.9078 	EXP 	Created text_response_diff_2 = TextStim(__class__=<class 'psychopy.visual.text.TextStim'>, alignHoriz=method-wrapper(...), alignText='center', alignVert=method-wrapper(...), anchorHoriz='center', anchorVert='center', antialias=True, autoLog=True, bold=False, color=array([-1., -1., -1.]), colorSpace='rgb', contrast=1.0, depth=-3.0, flipHoriz=False, flipVert=False, font='Arial', fontFiles=[], height=0.1, italic=False, languageStyle='LTR', name='text_response_diff_2', opacity=1, ori=0, pos=array([0.5, 0. ]), rgb=UNKNOWN, text='Different', units='height', win=Window(...), wrapWidth=1)
8.0980 	EXP 	Created text_trial_cross_2 = TextStim(__class__=<class 'psychopy.visual.text.TextStim'>, alignHoriz=method-wrapper(...), alignText='center', alignVert=method-wrapper(...), anchorHoriz='center', anchorVert='center', antialias=True, autoLog=True, bold=False, color=array([ 1., -1., -1.]), colorSpace='rgb', contrast=1.0, depth=-5.0, flipHoriz=False, flipVert=False, font='Arial', fontFiles=[], height=0.2, italic=False, languageStyle='LTR', name='text_trial_cross_2', opacity=1, ori=0, pos=array([0., 0.]), rgb=UNKNOWN, text='+', units='height', win=Window(...), wrapWidth=1)
8.1003 	EXP 	Created text_end_2 = TextStim(__class__=<class 'psychopy.visual.text.TextStim'>, alignHoriz=method-wrapper(...), alignText='center', alignVert=method-wrapper(...), anchorHoriz='center', anchorVert='center', antialias=True, autoLog=True, bold=False, color=array([-1., -1., -1.]), colorSpace='rgb', contrast=1.0, depth=0.0, flipHoriz=False, flipVert=False, font='Arial', fontFiles=[], height=0.1, italic=False, languageStyle='LTR', name='text_end_2', opacity=1, ori=0, pos=array([0., 0.]), rgb=UNKNOWN, text='Thank you.', units='height', win=Window(...), wrapWidth=1)
8.3019 	EXP 	Created insructions_3 = TextStim(__class__=<class 'psychopy.visual.text.TextStim'>, alignHoriz=method-wrapper(...), alignText='center', alignVert=method-wrapper(...), anchorHoriz='center', anchorVert='center', antialias=True, autoLog=True, bold=False, color=array([-1., -1., -1.]), colorSpace='rgb', contrast=1.0, depth=0.0, flipHoriz=False, flipVert=False, font='Arial', fontFiles=[], height=0.1, italic=False, languageStyle='LTR', name='insructions_3', opacity=1, ori=0, pos=array([0., 0.]), rgb=UNKNOWN, text=str(...), units='height', win=Window(...), wrapWidth=1)
8.4922 	EXP 	Sound sound_stim1_3 set volume 1.000
8.4923 	EXP 	Sound sound_stim2_3 set volume 1.000
8.4941 	EXP 	Created text_response_same_3 = TextStim(__class__=<class 'psychopy.visual.text.TextStim'>, alignHoriz=method-wrapper(...), alignText='center', alignVert=method-wrapper(...), anchorHoriz='center', anchorVert='center', antialias=True, autoLog=True, bold=False, color=array([-1., -1., -1.]), colorSpace='rgb', contrast=1.0, depth=-2.0, flipHoriz=False, flipVert=False, font='Arial', fontFiles=[], height=0.1, italic=False, languageStyle='LTR', name='text_response_same_3', opacity=1, ori=0, pos=array([-0.5,  0. ]), rgb=UNKNOWN, text='Same', units='height', win=Window(...), wrapWidth=1)
8.4960 	EXP 	Created text_response_diff_3 = TextStim(__class__=<class 'psychopy.visual.text.TextStim'>, alignHoriz=method-wrapper(...), alignText='center', alignVert=method-wrapper(...), anchorHoriz='center', anchorVert='center', antialias=True, autoLog=True, bold=False, color=array([-1., -1., -1.]), colorSpace='rgb', contrast=1.0, depth=-3.0, flipHoriz=False, flipVert=False, font='Arial', fontFiles=[], height=0.1, italic=False, languageStyle='LTR', name='text_response_diff_3', opacity=1, ori=0, pos=array([0.5, 0. ]), rgb=UNKNOWN, text='Different', units='height', win=Window(...), wrapWidth=1)
8.6860 	EXP 	Created text_trial_cross_3 = TextStim(__class__=<class 'psychopy.visual.text.TextStim'>, alignHoriz=method-wrapper(...), alignText='center', alignVert=method-wrapper(...), anchorHoriz='center', anchorVert='center', antialias=True, autoLog=True, bold=False, color=array([ 1., -1., -1.]), colorSpace='rgb', contrast=1.0, depth=-5.0, flipHoriz=False, flipVert=False, font='Arial', fontFiles=[], height=0.2, italic=False, languageStyle='LTR', name='text_trial_cross_3', opacity=1, ori=0, pos=array([0., 0.]), rgb=UNKNOWN, text='+', units='height', win=Window(...), wrapWidth=1)
8.6883 	EXP 	Created text_end_3 = TextStim(__class__=<class 'psychopy.visual.text.TextStim'>, alignHoriz=method-wrapper(...), alignText='center', alignVert=method-wrapper(...), anchorHoriz='center', anchorVert='center', antialias=True, autoLog=True, bold=False, color=array([-1., -1., -1.]), colorSpace='rgb', contrast=1.0, depth=0.0, flipHoriz=False, flipVert=False, font='Arial', fontFiles=[], height=0.1, italic=False, languageStyle='LTR', name='text_end_3', opacity=1, ori=0, pos=array([0., 0.]), rgb=UNKNOWN, text='Thank you.', units='height', win=Window(...), wrapWidth=1)
8.8889 	EXP 	Created insructions_4 = TextStim(__class__=<class 'psychopy.visual.text.TextStim'>, alignHoriz=method-wrapper(...), alignText='center', alignVert=method-wrapper(...), anchorHoriz='center', anchorVert='center', antialias=True, autoLog=True, bold=False, color=array([-1., -1., -1.]), colorSpace='rgb', contrast=1.0, depth=0.0, flipHoriz=False, flipVert=False, font='Arial', fontFiles=[], height=0.1, italic=False, languageStyle='LTR', name='insructions_4', opacity=1, ori=0, pos=array([0., 0.]), rgb=UNKNOWN, text=str(...), units='height', win=Window(...), wrapWidth=1)
9.0781 	EXP 	Sound sound_stim1_4 set volume 1.000
9.0781 	EXP 	Sound sound_stim2_4 set volume 1.000
9.0798 	EXP 	Created text_response_same_4 = TextStim(__class__=<class 'psychopy.visual.text.TextStim'>, alignHoriz=method-wrapper(...), alignText='center', alignVert=method-wrapper(...), anchorHoriz='center', anchorVert='center', antialias=True, autoLog=True, bold=False, color=array([-1., -1., -1.]), colorSpace='rgb', contrast=1.0, depth=-2.0, flipHoriz=False, flipVert=False, font='Arial', fontFiles=[], height=0.1, italic=False, languageStyle='LTR', name='text_response_same_4', opacity=1, ori=0, pos=array([-0.5,  0. ]), rgb=UNKNOWN, text='Same', units='height', win=Window(...), wrapWidth=1)
9.0817 	EXP 	Created text_response_diff_4 = TextStim(__class__=<class 'psychopy.visual.text.TextStim'>, alignHoriz=method-wrapper(...), alignText='center', alignVert=method-wrapper(...), anchorHoriz='center', anchorVert='center', antialias=True, autoLog=True, bold=False, color=array([-1., -1., -1.]), colorSpace='rgb', contrast=1.0, depth=-3.0, flipHoriz=False, flipVert=False, font='Arial', fontFiles=[], height=0.1, italic=False, languageStyle='LTR', name='text_response_diff_4', opacity=1, ori=0, pos=array([0.5, 0. ]), rgb=UNKNOWN, text='Different', units='height', win=Window(...), wrapWidth=1)
9.2732 	EXP 	Created text_trial_cross_4 = TextStim(__class__=<class 'psychopy.visual.text.TextStim'>, alignHoriz=method-wrapper(...), alignText='center', alignVert=method-wrapper(...), anchorHoriz='center', anchorVert='center', antialias=True, autoLog=True, bold=False, color=array([ 1., -1., -1.]), colorSpace='rgb', contrast=1.0, depth=-5.0, flipHoriz=False, flipVert=False, font='Arial', fontFiles=[], height=0.2, italic=False, languageStyle='LTR', name='text_trial_cross_4', opacity=1, ori=0, pos=array([0., 0.]), rgb=UNKNOWN, text='+', units='height', win=Window(...), wrapWidth=1)
9.2759 	EXP 	Created text_end_4 = TextStim(__class__=<class 'psychopy.visual.text.TextStim'>, alignHoriz=method-wrapper(...), alignText='center', alignVert=method-wrapper(...), anchorHoriz='center', anchorVert='center', antialias=True, autoLog=True, bold=False, color=array([-1., -1., -1.]), colorSpace='rgb', contrast=1.0, depth=0.0, flipHoriz=False, flipVert=False, font='Arial', fontFiles=[], height=0.1, italic=False, languageStyle='LTR', name='text_end_4', opacity=1, ori=0, pos=array([0., 0.]), rgb=UNKNOWN, text='Thank you.', units='height', win=Window(...), wrapWidth=1)
9.4771 	EXP 	slider: autoLog = True
9.4771 	EXP 	slider: markerPos = None
9.4771 	EXP 	slider: rating = None
9.4771 	EXP 	slider: markerPos = None
9.4771 	EXP 	slider: contrast = 1.0
9.4771 	EXP 	slider: autoLog = True
9.4771 	EXP 	slider: styleTweaks = []
9.4771 	EXP 	slider: style = 'rating'
9.4771 	EXP 	slider: styleTweaks = []
9.4771 	EXP 	text: autoDraw = True
9.5954 	DATA 	Keypress: space
11.0715 	DATA 	Mouse: Left button down, pos=(552,406)
11.1882 	DATA 	Mouse:  Left button up, pos=(552,406)
11.7280 	EXP 	Imported stim/conditions.csv as conditions, 8 conditions, 1 params
11.7285 	EXP 	Created sequence: random, trialTypes=8, nReps=1, seed=None
11.7287 	EXP 	New trial (rep=0, index=0): OrderedDict([('stim', 'stim/fof_g.wav')])
11.7451 	DATA 	Keypress: space
11.7494 	EXP 	text: autoDraw = False
11.7494 	EXP 	instructions_task: autoDraw = True
11.7494 	EXP 	text_2: autoDraw = True
11.9534 	EXP 	text_2: autoDraw = False
11.9865 	EXP 	fun: autoDraw = True
11.9865 	EXP 	fought: autoDraw = True
11.9865 	EXP 	feel: autoDraw = True
11.9865 	EXP 	fool: autoDraw = True
11.9865 	EXP 	son: autoDraw = True
11.9865 	EXP 	su: autoDraw = True
11.9865 	EXP 	fin: autoDraw = True
13.5077 	DATA 	Keypress: 4
13.5388 	EXP 	fun: autoDraw = False
13.5388 	EXP 	fought: autoDraw = False
13.5388 	EXP 	feel: autoDraw = False
13.5388 	EXP 	fool: autoDraw = False
13.5388 	EXP 	son: autoDraw = False
13.5388 	EXP 	su: autoDraw = False
13.5388 	EXP 	fin: autoDraw = False
13.5388 	EXP 	instructions_task: autoDraw = False
13.5388 	EXP 	text_2: autoDraw = False
13.5388 	EXP 	slider: markerPos = None
13.5388 	EXP 	slider: markerPos = None
13.5388 	EXP 	slider: rating = None
13.5388 	EXP 	slider: autoDraw = True
13.5388 	EXP 	text_3: autoDraw = True
14.3740 	DATA 	Mouse: Left button down, pos=(682,444)
14.4028 	EXP 	slider: markerPos = 2.8311111111111114
14.4193 	EXP 	slider: markerPos = 2.8311111111111114
14.4361 	EXP 	slider: markerPos = 2.8311111111111114
14.4528 	EXP 	slider: markerPos = 2.8311111111111114
14.4695 	EXP 	slider: markerPos = 2.8311111111111114
14.4700 	DATA 	Mouse:  Left button up, pos=(682,444)
14.4859 	EXP 	slider: markerPos = 2.8311111111111114
14.4859 	EXP 	slider: rating = 2.8311111111111114
14.4878 	EXP 	New trial (rep=0, index=1): OrderedDict([('stim', 'stim/piep_g.wav')])
14.5029 	EXP 	slider: autoDraw = False
14.5029 	EXP 	text_3: autoDraw = False
14.5029 	EXP 	instructions_task: autoDraw = True
14.5029 	EXP 	text_2: autoDraw = True
14.7030 	EXP 	text_2: autoDraw = False
14.7362 	EXP 	fun: autoDraw = True
14.7362 	EXP 	fought: autoDraw = True
14.7362 	EXP 	feel: autoDraw = True
14.7362 	EXP 	fool: autoDraw = True
14.7362 	EXP 	son: autoDraw = True
14.7362 	EXP 	su: autoDraw = True
14.7362 	EXP 	fin: autoDraw = True
15.8938 	DATA 	Keypress: 4
15.9033 	EXP 	fun: autoDraw = False
15.9033 	EXP 	fought: autoDraw = False
15.9033 	EXP 	feel: autoDraw = False
15.9033 	EXP 	fool: autoDraw = False
15.9033 	EXP 	son: autoDraw = False
15.9033 	EXP 	su: autoDraw = False
15.9033 	EXP 	fin: autoDraw = False
15.9033 	EXP 	instructions_task: autoDraw = False
15.9033 	EXP 	text_2: autoDraw = False
15.9033 	EXP 	slider: markerPos = None
15.9033 	EXP 	slider: markerPos = None
15.9033 	EXP 	slider: rating = None
15.9033 	EXP 	slider: autoDraw = True
15.9033 	EXP 	text_3: autoDraw = True
16.2870 	DATA 	Mouse: Left button down, pos=(680,442)
16.3027 	EXP 	slider: markerPos = 2.822222222222222
16.3190 	EXP 	slider: markerPos = 2.822222222222222
16.3362 	EXP 	slider: markerPos = 2.822222222222222
16.3525 	EXP 	slider: markerPos = 2.822222222222222
16.3695 	EXP 	slider: markerPos = 2.822222222222222
16.3862 	EXP 	slider: markerPos = 2.822222222222222
16.4027 	EXP 	slider: markerPos = 2.822222222222222
16.4191 	EXP 	slider: markerPos = 2.822222222222222
16.4363 	EXP 	slider: markerPos = 2.822222222222222
16.4531 	EXP 	slider: markerPos = 2.822222222222222
16.4695 	EXP 	slider: markerPos = 2.822222222222222
16.4863 	EXP 	slider: markerPos = 2.822222222222222
16.5031 	EXP 	slider: markerPos = 2.822222222222222
16.5193 	EXP 	slider: markerPos = 2.822222222222222
16.5199 	DATA 	Mouse:  Left button up, pos=(680,442)
16.5362 	EXP 	slider: markerPos = 2.822222222222222
16.5362 	EXP 	slider: rating = 2.822222222222222
16.5379 	EXP 	New trial (rep=0, index=2): OrderedDict([('stim', 'stim/paf_g.wav')])
16.5529 	EXP 	slider: autoDraw = False
16.5529 	EXP 	text_3: autoDraw = False
16.5529 	EXP 	instructions_task: autoDraw = True
16.5529 	EXP 	text_2: autoDraw = True
16.7536 	EXP 	text_2: autoDraw = False
16.7863 	EXP 	fun: autoDraw = True
16.7863 	EXP 	fought: autoDraw = True
16.7863 	EXP 	feel: autoDraw = True
16.7863 	EXP 	fool: autoDraw = True
16.7863 	EXP 	son: autoDraw = True
16.7863 	EXP 	su: autoDraw = True
16.7863 	EXP 	fin: autoDraw = True
17.5431 	DATA 	Keypress: 4
17.5533 	EXP 	fun: autoDraw = False
17.5533 	EXP 	fought: autoDraw = False
17.5533 	EXP 	feel: autoDraw = False
17.5533 	EXP 	fool: autoDraw = False
17.5533 	EXP 	son: autoDraw = False
17.5533 	EXP 	su: autoDraw = False
17.5533 	EXP 	fin: autoDraw = False
17.5533 	EXP 	instructions_task: autoDraw = False
17.5533 	EXP 	text_2: autoDraw = False
17.5533 	EXP 	slider: markerPos = None
17.5533 	EXP 	slider: markerPos = None
17.5533 	EXP 	slider: rating = None
17.5533 	EXP 	slider: autoDraw = True
17.5533 	EXP 	text_3: autoDraw = True
17.8872 	DATA 	Mouse: Left button down, pos=(680,442)
17.9019 	EXP 	slider: markerPos = 2.822222222222222
17.9195 	EXP 	slider: markerPos = 2.822222222222222
17.9362 	EXP 	slider: markerPos = 2.822222222222222
17.9527 	EXP 	slider: markerPos = 2.822222222222222
17.9698 	EXP 	slider: markerPos = 2.822222222222222
17.9864 	EXP 	slider: markerPos = 2.822222222222222
18.0029 	EXP 	slider: markerPos = 2.822222222222222
18.0193 	EXP 	slider: markerPos = 2.822222222222222
18.0364 	EXP 	slider: markerPos = 2.822222222222222
18.0369 	DATA 	Mouse:  Left button up, pos=(680,442)
18.0529 	EXP 	slider: markerPos = 2.822222222222222
18.0529 	EXP 	slider: rating = 2.822222222222222
18.0547 	EXP 	New trial (rep=0, index=3): OrderedDict([('stim', 'stim/fif_g.wav')])
18.0694 	EXP 	slider: autoDraw = False
18.0694 	EXP 	text_3: autoDraw = False
18.0694 	EXP 	instructions_task: autoDraw = True
18.0694 	EXP 	text_2: autoDraw = True
18.2702 	EXP 	text_2: autoDraw = False
18.3028 	EXP 	fun: autoDraw = True
18.3028 	EXP 	fought: autoDraw = True
18.3028 	EXP 	feel: autoDraw = True
18.3028 	EXP 	fool: autoDraw = True
18.3028 	EXP 	son: autoDraw = True
18.3028 	EXP 	su: autoDraw = True
18.3028 	EXP 	fin: autoDraw = True
19.5265 	DATA 	Keypress: 4
19.5366 	EXP 	fun: autoDraw = False
19.5366 	EXP 	fought: autoDraw = False
19.5366 	EXP 	feel: autoDraw = False
19.5366 	EXP 	fool: autoDraw = False
19.5366 	EXP 	son: autoDraw = False
19.5366 	EXP 	su: autoDraw = False
19.5366 	EXP 	fin: autoDraw = False
19.5366 	EXP 	instructions_task: autoDraw = False
19.5366 	EXP 	text_2: autoDraw = False
19.5366 	EXP 	slider: markerPos = None
19.5366 	EXP 	slider: markerPos = None
19.5366 	EXP 	slider: rating = None
19.5366 	EXP 	slider: autoDraw = True
19.5366 	EXP 	text_3: autoDraw = True
19.9204 	DATA 	Mouse: Left button down, pos=(680,442)
19.9362 	EXP 	slider: markerPos = 2.822222222222222
19.9530 	EXP 	slider: markerPos = 2.822222222222222
19.9695 	EXP 	slider: markerPos = 2.822222222222222
19.9863 	EXP 	slider: markerPos = 2.822222222222222
20.0027 	EXP 	slider: markerPos = 2.822222222222222
20.0191 	EXP 	slider: markerPos = 2.822222222222222
20.0513 	EXP 	slider: markerPos = 2.822222222222222
20.0697 	EXP 	slider: markerPos = 2.822222222222222
20.0704 	DATA 	Mouse:  Left button up, pos=(680,442)
20.0869 	EXP 	slider: markerPos = 2.822222222222222
20.0869 	EXP 	slider: rating = 2.822222222222222
20.0888 	EXP 	New trial (rep=0, index=4): OrderedDict([('stim', 'stim/p_schwa_g.wav')])
20.1031 	EXP 	slider: autoDraw = False
20.1031 	EXP 	text_3: autoDraw = False
20.1031 	EXP 	instructions_task: autoDraw = True
20.1031 	EXP 	text_2: autoDraw = True
20.3032 	EXP 	text_2: autoDraw = False
20.3365 	EXP 	fun: autoDraw = True
20.3365 	EXP 	fought: autoDraw = True
20.3365 	EXP 	feel: autoDraw = True
20.3365 	EXP 	fool: autoDraw = True
20.3365 	EXP 	son: autoDraw = True
20.3365 	EXP 	su: autoDraw = True
20.3365 	EXP 	fin: autoDraw = True
20.9433 	DATA 	Keypress: 4
20.9537 	EXP 	fun: autoDraw = False
20.9537 	EXP 	fought: autoDraw = False
20.9537 	EXP 	feel: autoDraw = False
20.9537 	EXP 	fool: autoDraw = False
20.9537 	EXP 	son: autoDraw = False
20.9537 	EXP 	su: autoDraw = False
20.9537 	EXP 	fin: autoDraw = False
20.9537 	EXP 	instructions_task: autoDraw = False
20.9537 	EXP 	text_2: autoDraw = False
20.9537 	EXP 	slider: markerPos = None
20.9537 	EXP 	slider: markerPos = None
20.9537 	EXP 	slider: rating = None
20.9537 	EXP 	slider: autoDraw = True
20.9537 	EXP 	text_3: autoDraw = True
21.2039 	DATA 	Mouse: Left button down, pos=(680,442)
21.2202 	EXP 	slider: markerPos = 2.822222222222222
21.2362 	EXP 	slider: markerPos = 2.822222222222222
21.2529 	EXP 	slider: markerPos = 2.822222222222222
21.2696 	EXP 	slider: markerPos = 2.822222222222222
21.2856 	EXP 	slider: markerPos = 2.822222222222222
21.3029 	EXP 	slider: markerPos = 2.822222222222222
21.3197 	EXP 	slider: markerPos = 2.822222222222222
21.3363 	EXP 	slider: markerPos = 2.822222222222222
21.3530 	EXP 	slider: markerPos = 2.822222222222222
21.3695 	EXP 	slider: markerPos = 2.822222222222222
21.3863 	EXP 	slider: markerPos = 2.822222222222222
21.4027 	EXP 	slider: markerPos = 2.822222222222222
21.4032 	DATA 	Mouse:  Left button up, pos=(680,442)
21.4188 	EXP 	slider: markerPos = 2.822222222222222
21.4188 	EXP 	slider: rating = 2.822222222222222
21.4206 	EXP 	New trial (rep=0, index=5): OrderedDict([('stim', 'stim/f_schwa_g.wav')])
21.4364 	EXP 	slider: autoDraw = False
21.4364 	EXP 	text_3: autoDraw = False
21.4364 	EXP 	instructions_task: autoDraw = True
21.4364 	EXP 	text_2: autoDraw = True
21.6354 	EXP 	text_2: autoDraw = False
21.6696 	EXP 	fun: autoDraw = True
21.6696 	EXP 	fought: autoDraw = True
21.6696 	EXP 	feel: autoDraw = True
21.6696 	EXP 	fool: autoDraw = True
21.6696 	EXP 	son: autoDraw = True
21.6696 	EXP 	su: autoDraw = True
21.6696 	EXP 	fin: autoDraw = True
22.3433 	DATA 	Keypress: 4
22.3532 	EXP 	fun: autoDraw = False
22.3532 	EXP 	fought: autoDraw = False
22.3532 	EXP 	feel: autoDraw = False
22.3532 	EXP 	fool: autoDraw = False
22.3532 	EXP 	son: autoDraw = False
22.3532 	EXP 	su: autoDraw = False
22.3532 	EXP 	fin: autoDraw = False
22.3532 	EXP 	instructions_task: autoDraw = False
22.3532 	EXP 	text_2: autoDraw = False
22.3532 	EXP 	slider: markerPos = None
22.3532 	EXP 	slider: markerPos = None
22.3532 	EXP 	slider: rating = None
22.3532 	EXP 	slider: autoDraw = True
22.3532 	EXP 	text_3: autoDraw = True
22.6205 	DATA 	Mouse: Left button down, pos=(680,442)
22.6363 	EXP 	slider: markerPos = 2.822222222222222
22.6529 	EXP 	slider: markerPos = 2.822222222222222
22.6695 	EXP 	slider: markerPos = 2.822222222222222
22.6864 	EXP 	slider: markerPos = 2.822222222222222
22.7031 	EXP 	slider: markerPos = 2.822222222222222
22.7197 	EXP 	slider: markerPos = 2.822222222222222
22.7364 	EXP 	slider: markerPos = 2.822222222222222
22.7531 	EXP 	slider: markerPos = 2.822222222222222
22.7697 	EXP 	slider: markerPos = 2.822222222222222
22.7866 	EXP 	slider: markerPos = 2.822222222222222
22.7872 	DATA 	Mouse:  Left button up, pos=(680,442)
22.8031 	EXP 	slider: markerPos = 2.822222222222222
22.8031 	EXP 	slider: rating = 2.822222222222222
22.8049 	EXP 	New trial (rep=0, index=6): OrderedDict([('stim', 'stim/pof_g.wav')])
22.8194 	EXP 	slider: autoDraw = False
22.8194 	EXP 	text_3: autoDraw = False
22.8194 	EXP 	instructions_task: autoDraw = True
22.8194 	EXP 	text_2: autoDraw = True
23.0193 	EXP 	text_2: autoDraw = False
23.0528 	EXP 	fun: autoDraw = True
23.0528 	EXP 	fought: autoDraw = True
23.0528 	EXP 	feel: autoDraw = True
23.0528 	EXP 	fool: autoDraw = True
23.0528 	EXP 	son: autoDraw = True
23.0528 	EXP 	su: autoDraw = True
23.0528 	EXP 	fin: autoDraw = True
23.4936 	DATA 	Keypress: 4
23.5031 	EXP 	fun: autoDraw = False
23.5031 	EXP 	fought: autoDraw = False
23.5031 	EXP 	feel: autoDraw = False
23.5031 	EXP 	fool: autoDraw = False
23.5031 	EXP 	son: autoDraw = False
23.5031 	EXP 	su: autoDraw = False
23.5031 	EXP 	fin: autoDraw = False
23.5031 	EXP 	instructions_task: autoDraw = False
23.5031 	EXP 	text_2: autoDraw = False
23.5031 	EXP 	slider: markerPos = None
23.5031 	EXP 	slider: markerPos = None
23.5031 	EXP 	slider: rating = None
23.5031 	EXP 	slider: autoDraw = True
23.5031 	EXP 	text_3: autoDraw = True
23.7703 	DATA 	Mouse: Left button down, pos=(679,442)
23.7858 	EXP 	slider: markerPos = 2.8177777777777777
23.8031 	EXP 	slider: markerPos = 2.8177777777777777
23.8197 	EXP 	slider: markerPos = 2.8177777777777777
23.8364 	EXP 	slider: markerPos = 2.8177777777777777
23.8531 	EXP 	slider: markerPos = 2.8177777777777777
23.8696 	EXP 	slider: markerPos = 2.8177777777777777
23.8864 	EXP 	slider: markerPos = 2.8177777777777777
23.9030 	EXP 	slider: markerPos = 2.8177777777777777
23.9199 	EXP 	slider: markerPos = 2.8177777777777777
23.9364 	EXP 	slider: markerPos = 2.8177777777777777
23.9422 	DATA 	Mouse:  Left button up, pos=(679,442)
23.9531 	EXP 	slider: markerPos = 2.8177777777777777
23.9696 	EXP 	slider: markerPos = 2.8177777777777777
23.9696 	EXP 	slider: rating = 2.8177777777777777
23.9714 	EXP 	New trial (rep=0, index=7): OrderedDict([('stim', 'stim/faf_g.wav')])
23.9860 	EXP 	slider: autoDraw = False
23.9860 	EXP 	text_3: autoDraw = False
23.9860 	EXP 	instructions_task: autoDraw = True
23.9860 	EXP 	text_2: autoDraw = True
24.1870 	EXP 	text_2: autoDraw = False
24.2199 	EXP 	fun: autoDraw = True
24.2199 	EXP 	fought: autoDraw = True
24.2199 	EXP 	feel: autoDraw = True
24.2199 	EXP 	fool: autoDraw = True
24.2199 	EXP 	son: autoDraw = True
24.2199 	EXP 	su: autoDraw = True
24.2199 	EXP 	fin: autoDraw = True
24.5270 	DATA 	Keypress: 4
24.5369 	EXP 	fun: autoDraw = False
24.5369 	EXP 	fought: autoDraw = False
24.5369 	EXP 	feel: autoDraw = False
24.5369 	EXP 	fool: autoDraw = False
24.5369 	EXP 	son: autoDraw = False
24.5369 	EXP 	su: autoDraw = False
24.5369 	EXP 	fin: autoDraw = False
24.5369 	EXP 	instructions_task: autoDraw = False
24.5369 	EXP 	text_2: autoDraw = False
24.5369 	EXP 	slider: markerPos = None
24.5369 	EXP 	slider: markerPos = None
24.5369 	EXP 	slider: rating = None
24.5369 	EXP 	slider: autoDraw = True
24.5369 	EXP 	text_3: autoDraw = True
24.8036 	DATA 	Mouse: Left button down, pos=(679,443)
24.8199 	EXP 	slider: markerPos = 2.8177777777777777
24.8363 	EXP 	slider: markerPos = 2.8177777777777777
24.8530 	EXP 	slider: markerPos = 2.8177777777777777
24.8697 	EXP 	slider: markerPos = 2.8177777777777777
24.8863 	EXP 	slider: markerPos = 2.8177777777777777
24.9030 	EXP 	slider: markerPos = 2.8177777777777777
24.9194 	EXP 	slider: markerPos = 2.8177777777777777
24.9363 	EXP 	slider: markerPos = 2.8177777777777777
24.9531 	EXP 	slider: markerPos = 2.8177777777777777
24.9699 	EXP 	slider: markerPos = 2.8177777777777777
24.9703 	DATA 	Mouse:  Left button up, pos=(679,443)
24.9864 	EXP 	slider: markerPos = 2.8177777777777777
24.9864 	EXP 	slider: rating = 2.8177777777777777
25.0031 	EXP 	slider: autoDraw = False
25.0031 	EXP 	text_3: autoDraw = False
25.0031 	EXP 	insructions: autoDraw = True
26.1781 	EXP 	Imported condition_file/trials.csv as conditions, 49 conditions, 4 params
26.1788 	EXP 	Created sequence: random, trialTypes=49, nReps=1, seed=None
26.1791 	EXP 	New trial (rep=0, index=0): OrderedDict([('stim1', 'stim/bda2.wav'), ('stim2', 'stim/bda0.wav'), ('distance', 2), ('isCorrect', 1)])
26.1940 	DATA 	Keypress: space
26.1984 	EXP 	insructions: autoDraw = False
26.1984 	EXP 	text_trial_cross: autoDraw = True
26.4037 	EXP 	text_trial_cross: autoDraw = False
26.4362 	EXP 	text_response_same: autoDraw = True
26.4362 	EXP 	text_response_diff: autoDraw = True
28.1225 	EXP 	New trial (rep=0, index=1): OrderedDict([('stim1', 'stim/bda5.wav'), ('stim2', 'stim/bda4.wav'), ('distance', 1), ('isCorrect', 1)])
28.1261 	DATA 	Keypress: 0
28.1367 	EXP 	text_response_same: autoDraw = False
28.1367 	EXP 	text_response_diff: autoDraw = False
28.1367 	EXP 	text_trial_cross: autoDraw = False
28.1367 	EXP 	text_trial_cross: autoDraw = True
28.3369 	EXP 	text_trial_cross: autoDraw = False
28.3698 	EXP 	text_response_same: autoDraw = True
28.3698 	EXP 	text_response_diff: autoDraw = True
29.6217 	EXP 	New trial (rep=0, index=2): OrderedDict([('stim1', 'stim/bda3.wav'), ('stim2', 'stim/bda0.wav'), ('distance', 3), ('isCorrect', 1)])
29.6249 	DATA 	Keypress: 0
29.6365 	EXP 	text_response_same: autoDraw = False
29.6365 	EXP 	text_response_diff: autoDraw = False
29.6365 	EXP 	text_trial_cross: autoDraw = False
29.6365 	EXP 	text_trial_cross: autoDraw = True
29.8368 	EXP 	text_trial_cross: autoDraw = False
29.8704 	EXP 	text_response_same: autoDraw = True
29.8704 	EXP 	text_response_diff: autoDraw = True
31.1216 	EXP 	New trial (rep=0, index=3): OrderedDict([('stim1', 'stim/bda0.wav'), ('stim2', 'stim/bda5.wav'), ('distance', -5), ('isCorrect', 1)])
31.1246 	DATA 	Keypress: 1
31.1374 	EXP 	text_response_same: autoDraw = False
31.1374 	EXP 	text_response_diff: autoDraw = False
31.1374 	EXP 	text_trial_cross: autoDraw = False
31.1374 	EXP 	text_trial_cross: autoDraw = True
31.3375 	EXP 	text_trial_cross: autoDraw = False
31.3698 	EXP 	text_response_same: autoDraw = True
31.3698 	EXP 	text_response_diff: autoDraw = True
32.6226 	EXP 	New trial (rep=0, index=4): OrderedDict([('stim1', 'stim/bda0.wav'), ('stim2', 'stim/bda4.wav'), ('distance', -4), ('isCorrect', 1)])
32.6255 	DATA 	Keypress: 0
32.6367 	EXP 	text_response_same: autoDraw = False
32.6367 	EXP 	text_response_diff: autoDraw = False
32.6367 	EXP 	text_trial_cross: autoDraw = False
32.6367 	EXP 	text_trial_cross: autoDraw = True
32.8367 	EXP 	text_trial_cross: autoDraw = False
32.8707 	EXP 	text_response_same: autoDraw = True
32.8707 	EXP 	text_response_diff: autoDraw = True
34.1881 	EXP 	New trial (rep=0, index=5): OrderedDict([('stim1', 'stim/bda3.wav'), ('stim2', 'stim/bda2.wav'), ('distance', 1), ('isCorrect', 1)])
34.1912 	DATA 	Keypress: 1
34.2036 	EXP 	text_response_same: autoDraw = False
34.2036 	EXP 	text_response_diff: autoDraw = False
34.2036 	EXP 	text_trial_cross: autoDraw = False
34.2036 	EXP 	text_trial_cross: autoDraw = True
34.4032 	EXP 	text_trial_cross: autoDraw = False
34.4365 	EXP 	text_response_same: autoDraw = True
34.4365 	EXP 	text_response_diff: autoDraw = True
35.6050 	EXP 	New trial (rep=0, index=6): OrderedDict([('stim1', 'stim/bda1.wav'), ('stim2', 'stim/bda5.wav'), ('distance', -4), ('isCorrect', 1)])
35.6084 	DATA 	Keypress: 0
35.6206 	EXP 	text_response_same: autoDraw = False
35.6206 	EXP 	text_response_diff: autoDraw = False
35.6206 	EXP 	text_trial_cross: autoDraw = False
35.6206 	EXP 	text_trial_cross: autoDraw = True
35.8210 	EXP 	text_trial_cross: autoDraw = False
35.8535 	EXP 	text_response_same: autoDraw = True
35.8535 	EXP 	text_response_diff: autoDraw = True
37.5712 	EXP 	New trial (rep=0, index=7): OrderedDict([('stim1', 'stim/bda5.wav'), ('stim2', 'stim/bda2.wav'), ('distance', 3), ('isCorrect', 1)])
37.5747 	DATA 	Keypress: 0
37.5867 	EXP 	text_response_same: autoDraw = False
37.5867 	EXP 	text_response_diff: autoDraw = False
37.5867 	EXP 	text_trial_cross: autoDraw = False
37.5867 	EXP 	text_trial_cross: autoDraw = True
37.7870 	EXP 	text_trial_cross: autoDraw = False
37.8209 	EXP 	text_response_same: autoDraw = True
37.8209 	EXP 	text_response_diff: autoDraw = True
39.3557 	EXP 	New trial (rep=0, index=8): OrderedDict([('stim1', 'stim/bda5.wav'), ('stim2', 'stim/bda6.wav'), ('distance', -1), ('isCorrect', 1)])
39.3597 	DATA 	Keypress: 0
39.3688 	EXP 	text_response_same: autoDraw = False
39.3688 	EXP 	text_response_diff: autoDraw = False
39.3688 	EXP 	text_trial_cross: autoDraw = False
39.3688 	EXP 	text_trial_cross: autoDraw = True
39.5698 	EXP 	text_trial_cross: autoDraw = False
39.6042 	EXP 	text_response_same: autoDraw = True
39.6042 	EXP 	text_response_diff: autoDraw = True
41.0889 	EXP 	New trial (rep=0, index=9): OrderedDict([('stim1', 'stim/bda4.wav'), ('stim2', 'stim/bda5.wav'), ('distance', -1), ('isCorrect', 1)])
41.0918 	DATA 	Keypress: 1
41.1038 	EXP 	text_response_same: autoDraw = False
41.1038 	EXP 	text_response_diff: autoDraw = False
41.1038 	EXP 	text_trial_cross: autoDraw = False
41.1038 	EXP 	text_trial_cross: autoDraw = True
41.3031 	EXP 	text_trial_cross: autoDraw = False
41.3373 	EXP 	text_response_same: autoDraw = True
41.3373 	EXP 	text_response_diff: autoDraw = True
43.0553 	EXP 	New trial (rep=0, index=10): OrderedDict([('stim1', 'stim/bda4.wav'), ('stim2', 'stim/bda2.wav'), ('distance', 2), ('isCorrect', 1)])
43.0584 	DATA 	Keypress: 1
43.0700 	EXP 	text_response_same: autoDraw = False
43.0700 	EXP 	text_response_diff: autoDraw = False
43.0700 	EXP 	text_trial_cross: autoDraw = False
43.0700 	EXP 	text_trial_cross: autoDraw = True
43.2703 	EXP 	text_trial_cross: autoDraw = False
43.3036 	EXP 	text_response_same: autoDraw = True
43.3036 	EXP 	text_response_diff: autoDraw = True
45.3552 	EXP 	New trial (rep=0, index=11): OrderedDict([('stim1', 'stim/bda6.wav'), ('stim2', 'stim/bda4.wav'), ('distance', 2), ('isCorrect', 1)])
45.3580 	DATA 	Keypress: 0
45.3703 	EXP 	text_response_same: autoDraw = False
45.3703 	EXP 	text_response_diff: autoDraw = False
45.3703 	EXP 	text_trial_cross: autoDraw = False
45.3703 	EXP 	text_trial_cross: autoDraw = True
45.5704 	EXP 	text_trial_cross: autoDraw = False
45.6040 	EXP 	text_response_same: autoDraw = True
45.6040 	EXP 	text_response_diff: autoDraw = True
47.5049 	EXP 	New trial (rep=0, index=12): OrderedDict([('stim1', 'stim/bda5.wav'), ('stim2', 'stim/bda0.wav'), ('distance', 5), ('isCorrect', 1)])
47.5078 	DATA 	Keypress: 1
47.5202 	EXP 	text_response_same: autoDraw = False
47.5202 	EXP 	text_response_diff: autoDraw = False
47.5202 	EXP 	text_trial_cross: autoDraw = False
47.5202 	EXP 	text_trial_cross: autoDraw = True
47.7372 	EXP 	text_trial_cross: autoDraw = False
47.7539 	EXP 	text_response_same: autoDraw = True
47.7539 	EXP 	text_response_diff: autoDraw = True
48.6720 	EXP 	New trial (rep=0, index=13): OrderedDict([('stim1', 'stim/bda2.wav'), ('stim2', 'stim/bda6.wav'), ('distance', -4), ('isCorrect', 1)])
48.6748 	DATA 	Keypress: 0
48.6869 	EXP 	text_response_same: autoDraw = False
48.6869 	EXP 	text_response_diff: autoDraw = False
48.6869 	EXP 	text_trial_cross: autoDraw = False
48.6869 	EXP 	text_trial_cross: autoDraw = True
48.8877 	EXP 	text_trial_cross: autoDraw = False
48.9205 	EXP 	text_response_same: autoDraw = True
48.9205 	EXP 	text_response_diff: autoDraw = True
49.4236 	DATA 	Keypress: 0
49.6720 	EXP 	New trial (rep=0, index=14): OrderedDict([('stim1', 'stim/bda6.wav'), ('stim2', 'stim/bda6.wav'), ('distance', 0), ('isCorrect', 0)])
49.6879 	EXP 	text_response_same: autoDraw = False
49.6879 	EXP 	text_response_diff: autoDraw = False
49.6879 	EXP 	text_trial_cross: autoDraw = False
49.6879 	EXP 	text_trial_cross: autoDraw = True
49.8870 	EXP 	text_trial_cross: autoDraw = False
49.9202 	EXP 	text_response_same: autoDraw = True
49.9202 	EXP 	text_response_diff: autoDraw = True
50.2569 	DATA 	Keypress: 0
50.6242 	DATA 	Keypress: 0
50.6707 	EXP 	New trial (rep=0, index=15): OrderedDict([('stim1', 'stim/bda5.wav'), ('stim2', 'stim/bda1.wav'), ('distance', 4), ('isCorrect', 1)])
50.6881 	EXP 	text_response_same: autoDraw = False
50.6881 	EXP 	text_response_diff: autoDraw = False
50.6881 	EXP 	text_trial_cross: autoDraw = False
50.6881 	EXP 	text_trial_cross: autoDraw = True
50.8879 	EXP 	text_trial_cross: autoDraw = False
50.9213 	EXP 	text_response_same: autoDraw = True
50.9213 	EXP 	text_response_diff: autoDraw = True
51.2056 	DATA 	Keypress: 0
51.6571 	DATA 	Keypress: 0
51.6718 	EXP 	New trial (rep=0, index=16): OrderedDict([('stim1', 'stim/bda0.wav'), ('stim2', 'stim/bda6.wav'), ('distance', -6), ('isCorrect', 1)])
51.6876 	EXP 	text_response_same: autoDraw = False
51.6876 	EXP 	text_response_diff: autoDraw = False
51.6876 	EXP 	text_trial_cross: autoDraw = False
51.6876 	EXP 	text_trial_cross: autoDraw = True
51.8873 	EXP 	text_trial_cross: autoDraw = False
51.9207 	EXP 	text_response_same: autoDraw = True
51.9207 	EXP 	text_response_diff: autoDraw = True
52.5067 	DATA 	Keypress: 0
52.6721 	EXP 	New trial (rep=0, index=17): OrderedDict([('stim1', 'stim/bda2.wav'), ('stim2', 'stim/bda4.wav'), ('distance', -2), ('isCorrect', 1)])
52.6877 	EXP 	text_response_same: autoDraw = False
52.6877 	EXP 	text_response_diff: autoDraw = False
52.6877 	EXP 	text_trial_cross: autoDraw = False
52.6877 	EXP 	text_trial_cross: autoDraw = True
52.8875 	EXP 	text_trial_cross: autoDraw = False
52.9210 	EXP 	text_response_same: autoDraw = True
52.9210 	EXP 	text_response_diff: autoDraw = True
53.4564 	DATA 	Keypress: 0
53.6719 	EXP 	New trial (rep=0, index=18): OrderedDict([('stim1', 'stim/bda4.wav'), ('stim2', 'stim/bda1.wav'), ('distance', 3), ('isCorrect', 1)])
53.6883 	EXP 	text_response_same: autoDraw = False
53.6883 	EXP 	text_response_diff: autoDraw = False
53.6883 	EXP 	text_trial_cross: autoDraw = False
53.6883 	EXP 	text_trial_cross: autoDraw = True
53.8880 	EXP 	text_trial_cross: autoDraw = False
53.9209 	EXP 	text_response_same: autoDraw = True
53.9209 	EXP 	text_response_diff: autoDraw = True
54.3410 	DATA 	Keypress: 0
54.6724 	EXP 	New trial (rep=0, index=19): OrderedDict([('stim1', 'stim/bda6.wav'), ('stim2', 'stim/bda1.wav'), ('distance', 5), ('isCorrect', 1)])
54.6872 	EXP 	text_response_same: autoDraw = False
54.6872 	EXP 	text_response_diff: autoDraw = False
54.6872 	EXP 	text_trial_cross: autoDraw = False
54.6872 	EXP 	text_trial_cross: autoDraw = True
54.8882 	EXP 	text_trial_cross: autoDraw = False
54.9213 	EXP 	text_response_same: autoDraw = True
54.9213 	EXP 	text_response_diff: autoDraw = True
55.3907 	DATA 	Keypress: 0
55.6722 	EXP 	New trial (rep=0, index=20): OrderedDict([('stim1', 'stim/bda5.wav'), ('stim2', 'stim/bda5.wav'), ('distance', 0), ('isCorrect', 0)])
55.6878 	EXP 	text_response_same: autoDraw = False
55.6878 	EXP 	text_response_diff: autoDraw = False
55.6878 	EXP 	text_trial_cross: autoDraw = False
55.6878 	EXP 	text_trial_cross: autoDraw = True
55.8876 	EXP 	text_trial_cross: autoDraw = False
55.9206 	EXP 	text_response_same: autoDraw = True
55.9206 	EXP 	text_response_diff: autoDraw = True
56.3062 	DATA 	Keypress: 0
56.6720 	EXP 	New trial (rep=0, index=21): OrderedDict([('stim1', 'stim/bda4.wav'), ('stim2', 'stim/bda3.wav'), ('distance', 1), ('isCorrect', 1)])
56.6878 	EXP 	text_response_same: autoDraw = False
56.6878 	EXP 	text_response_diff: autoDraw = False
56.6878 	EXP 	text_trial_cross: autoDraw = False
56.6878 	EXP 	text_trial_cross: autoDraw = True
56.8876 	EXP 	text_trial_cross: autoDraw = False
56.9207 	EXP 	text_response_same: autoDraw = True
56.9207 	EXP 	text_response_diff: autoDraw = True
57.3403 	DATA 	Keypress: 0
57.6721 	EXP 	New trial (rep=0, index=22): OrderedDict([('stim1', 'stim/bda4.wav'), ('stim2', 'stim/bda0.wav'), ('distance', 4), ('isCorrect', 1)])
57.6878 	EXP 	text_response_same: autoDraw = False
57.6878 	EXP 	text_response_diff: autoDraw = False
57.6878 	EXP 	text_trial_cross: autoDraw = False
57.6878 	EXP 	text_trial_cross: autoDraw = True
57.8880 	EXP 	text_trial_cross: autoDraw = False
57.9210 	EXP 	text_response_same: autoDraw = True
57.9210 	EXP 	text_response_diff: autoDraw = True
58.2900 	DATA 	Keypress: 0
58.6722 	EXP 	New trial (rep=0, index=23): OrderedDict([('stim1', 'stim/bda2.wav'), ('stim2', 'stim/bda3.wav'), ('distance', -1), ('isCorrect', 1)])
58.6876 	EXP 	text_response_same: autoDraw = False
58.6876 	EXP 	text_response_diff: autoDraw = False
58.6876 	EXP 	text_trial_cross: autoDraw = False
58.6876 	EXP 	text_trial_cross: autoDraw = True
58.8879 	EXP 	text_trial_cross: autoDraw = False
58.9203 	EXP 	text_response_same: autoDraw = True
58.9203 	EXP 	text_response_diff: autoDraw = True
59.3899 	DATA 	Keypress: 0
59.6716 	EXP 	New trial (rep=0, index=24): OrderedDict([('stim1', 'stim/bda5.wav'), ('stim2', 'stim/bda3.wav'), ('distance', 2), ('isCorrect', 1)])
59.6882 	EXP 	text_response_same: autoDraw = False
59.6882 	EXP 	text_response_diff: autoDraw = False
59.6882 	EXP 	text_trial_cross: autoDraw = False
59.6882 	EXP 	text_trial_cross: autoDraw = True
59.8878 	EXP 	text_trial_cross: autoDraw = False
59.9207 	EXP 	text_response_same: autoDraw = True
59.9207 	EXP 	text_response_diff: autoDraw = True
60.2571 	DATA 	Keypress: 0
60.6721 	EXP 	New trial (rep=0, index=25): OrderedDict([('stim1', 'stim/bda3.wav'), ('stim2', 'stim/bda1.wav'), ('distance', 2), ('isCorrect', 1)])
60.6878 	EXP 	text_response_same: autoDraw = False
60.6878 	EXP 	text_response_diff: autoDraw = False
60.6878 	EXP 	text_trial_cross: autoDraw = False
60.6878 	EXP 	text_trial_cross: autoDraw = True
60.8877 	EXP 	text_trial_cross: autoDraw = False
60.9210 	EXP 	text_response_same: autoDraw = True
60.9210 	EXP 	text_response_diff: autoDraw = True
61.6721 	EXP 	New trial (rep=0, index=26): OrderedDict([('stim1', 'stim/bda6.wav'), ('stim2', 'stim/bda0.wav'), ('distance', 6), ('isCorrect', 1)])
61.6752 	DATA 	Keypress: 0
61.6874 	EXP 	text_response_same: autoDraw = False
61.6874 	EXP 	text_response_diff: autoDraw = False
61.6874 	EXP 	text_trial_cross: autoDraw = False
61.6874 	EXP 	text_trial_cross: autoDraw = True
61.8875 	EXP 	text_trial_cross: autoDraw = False
61.9210 	EXP 	text_response_same: autoDraw = True
61.9210 	EXP 	text_response_diff: autoDraw = True
62.3405 	DATA 	Keypress: 0
62.6723 	EXP 	New trial (rep=0, index=27): OrderedDict([('stim1', 'stim/bda3.wav'), ('stim2', 'stim/bda3.wav'), ('distance', 0), ('isCorrect', 0)])
62.6879 	EXP 	text_response_same: autoDraw = False
62.6879 	EXP 	text_response_diff: autoDraw = False
62.6879 	EXP 	text_trial_cross: autoDraw = False
62.6879 	EXP 	text_trial_cross: autoDraw = True
62.8864 	EXP 	text_trial_cross: autoDraw = False
62.9211 	EXP 	text_response_same: autoDraw = True
62.9211 	EXP 	text_response_diff: autoDraw = True
63.1731 	DATA 	Keypress: 1
63.6725 	EXP 	New trial (rep=0, index=28): OrderedDict([('stim1', 'stim/bda1.wav'), ('stim2', 'stim/bda6.wav'), ('distance', -5), ('isCorrect', 1)])
63.6882 	EXP 	text_response_same: autoDraw = False
63.6882 	EXP 	text_response_diff: autoDraw = False
63.6882 	EXP 	text_trial_cross: autoDraw = False
63.6882 	EXP 	text_trial_cross: autoDraw = True
63.8883 	EXP 	text_trial_cross: autoDraw = False
63.9209 	EXP 	text_response_same: autoDraw = True
63.9209 	EXP 	text_response_diff: autoDraw = True
64.2068 	DATA 	Keypress: 0
64.6725 	EXP 	New trial (rep=0, index=29): OrderedDict([('stim1', 'stim/bda3.wav'), ('stim2', 'stim/bda6.wav'), ('distance', -3), ('isCorrect', 1)])
64.6881 	EXP 	text_response_same: autoDraw = False
64.6881 	EXP 	text_response_diff: autoDraw = False
64.6881 	EXP 	text_trial_cross: autoDraw = False
64.6881 	EXP 	text_trial_cross: autoDraw = True
64.8877 	EXP 	text_trial_cross: autoDraw = False
64.9212 	EXP 	text_response_same: autoDraw = True
64.9212 	EXP 	text_response_diff: autoDraw = True
65.4243 	DATA 	Keypress: 0
65.6724 	EXP 	New trial (rep=0, index=30): OrderedDict([('stim1', 'stim/bda0.wav'), ('stim2', 'stim/bda2.wav'), ('distance', -2), ('isCorrect', 1)])
65.6874 	EXP 	text_response_same: autoDraw = False
65.6874 	EXP 	text_response_diff: autoDraw = False
65.6874 	EXP 	text_trial_cross: autoDraw = False
65.6874 	EXP 	text_trial_cross: autoDraw = True
65.8875 	EXP 	text_trial_cross: autoDraw = False
65.9212 	EXP 	text_response_same: autoDraw = True
65.9212 	EXP 	text_response_diff: autoDraw = True
66.2569 	DATA 	Keypress: 0
66.6717 	EXP 	New trial (rep=0, index=31): OrderedDict([('stim1', 'stim/bda0.wav'), ('stim2', 'stim/bda0.wav'), ('distance', 0), ('isCorrect', 0)])
66.6879 	EXP 	text_response_same: autoDraw = False
66.6879 	EXP 	text_response_diff: autoDraw = False
66.6879 	EXP 	text_trial_cross: autoDraw = False
66.6879 	EXP 	text_trial_cross: autoDraw = True
66.8879 	EXP 	text_trial_cross: autoDraw = False
66.9210 	EXP 	text_response_same: autoDraw = True
66.9210 	EXP 	text_response_diff: autoDraw = True
68.2217 	EXP 	New trial (rep=0, index=32): OrderedDict([('stim1', 'stim/bda0.wav'), ('stim2', 'stim/bda3.wav'), ('distance', -3), ('isCorrect', 1)])
68.2247 	DATA 	Keypress: 0
68.2374 	EXP 	text_response_same: autoDraw = False
68.2374 	EXP 	text_response_diff: autoDraw = False
68.2374 	EXP 	text_trial_cross: autoDraw = False
68.2374 	EXP 	text_trial_cross: autoDraw = True
68.4379 	EXP 	text_trial_cross: autoDraw = False
68.4712 	EXP 	text_response_same: autoDraw = True
68.4712 	EXP 	text_response_diff: autoDraw = True
69.7723 	EXP 	New trial (rep=0, index=33): OrderedDict([('stim1', 'stim/bda6.wav'), ('stim2', 'stim/bda3.wav'), ('distance', 3), ('isCorrect', 1)])
69.7753 	DATA 	Keypress: 0
69.7884 	EXP 	text_response_same: autoDraw = False
69.7884 	EXP 	text_response_diff: autoDraw = False
69.7884 	EXP 	text_trial_cross: autoDraw = False
69.7884 	EXP 	text_trial_cross: autoDraw = True
69.9877 	EXP 	text_trial_cross: autoDraw = False
70.0218 	EXP 	text_response_same: autoDraw = True
70.0218 	EXP 	text_response_diff: autoDraw = True
71.2726 	EXP 	New trial (rep=0, index=34): OrderedDict([('stim1', 'stim/bda6.wav'), ('stim2', 'stim/bda5.wav'), ('distance', 1), ('isCorrect', 1)])
71.2755 	DATA 	Keypress: 0
71.2875 	EXP 	text_response_same: autoDraw = False
71.2875 	EXP 	text_response_diff: autoDraw = False
71.2875 	EXP 	text_trial_cross: autoDraw = False
71.2875 	EXP 	text_trial_cross: autoDraw = True
71.4873 	EXP 	text_trial_cross: autoDraw = False
71.5212 	EXP 	text_response_same: autoDraw = True
71.5212 	EXP 	text_response_diff: autoDraw = True
72.5553 	EXP 	New trial (rep=0, index=35): OrderedDict([('stim1', 'stim/bda1.wav'), ('stim2', 'stim/bda2.wav'), ('distance', -1), ('isCorrect', 1)])
72.5582 	DATA 	Keypress: 0
72.5712 	EXP 	text_response_same: autoDraw = False
72.5712 	EXP 	text_response_diff: autoDraw = False
72.5712 	EXP 	text_trial_cross: autoDraw = False
72.5712 	EXP 	text_trial_cross: autoDraw = True
72.7710 	EXP 	text_trial_cross: autoDraw = False
72.8048 	EXP 	text_response_same: autoDraw = True
72.8048 	EXP 	text_response_diff: autoDraw = True
73.2241 	DATA 	Keypress: 1
73.5560 	EXP 	New trial (rep=0, index=36): OrderedDict([('stim1', 'stim/bda1.wav'), ('stim2', 'stim/bda1.wav'), ('distance', 0), ('isCorrect', 0)])
73.5705 	EXP 	text_response_same: autoDraw = False
73.5705 	EXP 	text_response_diff: autoDraw = False
73.5705 	EXP 	text_trial_cross: autoDraw = False
73.5705 	EXP 	text_trial_cross: autoDraw = True
73.7705 	EXP 	text_trial_cross: autoDraw = False
73.8049 	EXP 	text_response_same: autoDraw = True
73.8049 	EXP 	text_response_diff: autoDraw = True
74.2576 	DATA 	Keypress: 0
74.5559 	EXP 	New trial (rep=0, index=37): OrderedDict([('stim1', 'stim/bda1.wav'), ('stim2', 'stim/bda0.wav'), ('distance', 1), ('isCorrect', 1)])
74.5705 	EXP 	text_response_same: autoDraw = False
74.5705 	EXP 	text_response_diff: autoDraw = False
74.5705 	EXP 	text_trial_cross: autoDraw = False
74.5705 	EXP 	text_trial_cross: autoDraw = True
74.7713 	EXP 	text_trial_cross: autoDraw = False
74.8048 	EXP 	text_response_same: autoDraw = True
74.8048 	EXP 	text_response_diff: autoDraw = True
75.2244 	DATA 	Keypress: 1
75.5557 	EXP 	New trial (rep=0, index=38): OrderedDict([('stim1', 'stim/bda2.wav'), ('stim2', 'stim/bda5.wav'), ('distance', -3), ('isCorrect', 1)])
75.5708 	EXP 	text_response_same: autoDraw = False
75.5708 	EXP 	text_response_diff: autoDraw = False
75.5708 	EXP 	text_trial_cross: autoDraw = False
75.5708 	EXP 	text_trial_cross: autoDraw = True
75.7710 	EXP 	text_trial_cross: autoDraw = False
75.8047 	EXP 	text_response_same: autoDraw = True
75.8047 	EXP 	text_response_diff: autoDraw = True
76.4075 	DATA 	Keypress: 0
76.5563 	EXP 	New trial (rep=0, index=39): OrderedDict([('stim1', 'stim/bda4.wav'), ('stim2', 'stim/bda4.wav'), ('distance', 0), ('isCorrect', 0)])
76.5710 	EXP 	text_response_same: autoDraw = False
76.5710 	EXP 	text_response_diff: autoDraw = False
76.5710 	EXP 	text_trial_cross: autoDraw = False
76.5710 	EXP 	text_trial_cross: autoDraw = True
76.7710 	EXP 	text_trial_cross: autoDraw = False
76.8047 	EXP 	text_response_same: autoDraw = True
76.8047 	EXP 	text_response_diff: autoDraw = True
77.4241 	DATA 	Keypress: 0
77.5563 	EXP 	New trial (rep=0, index=40): OrderedDict([('stim1', 'stim/bda1.wav'), ('stim2', 'stim/bda4.wav'), ('distance', -3), ('isCorrect', 1)])
77.5707 	EXP 	text_response_same: autoDraw = False
77.5707 	EXP 	text_response_diff: autoDraw = False
77.5707 	EXP 	text_trial_cross: autoDraw = False
77.5707 	EXP 	text_trial_cross: autoDraw = True
77.7710 	EXP 	text_trial_cross: autoDraw = False
77.8048 	EXP 	text_response_same: autoDraw = True
77.8048 	EXP 	text_response_diff: autoDraw = True
78.6056 	EXP 	New trial (rep=0, index=41): OrderedDict([('stim1', 'stim/bda3.wav'), ('stim2', 'stim/bda5.wav'), ('distance', -2), ('isCorrect', 1)])
78.6087 	DATA 	Keypress: 1
78.6202 	EXP 	text_response_same: autoDraw = False
78.6202 	EXP 	text_response_diff: autoDraw = False
78.6202 	EXP 	text_trial_cross: autoDraw = False
78.6202 	EXP 	text_trial_cross: autoDraw = True
78.8214 	EXP 	text_trial_cross: autoDraw = False
78.8535 	EXP 	text_response_same: autoDraw = True
78.8535 	EXP 	text_response_diff: autoDraw = True
80.1056 	EXP 	New trial (rep=0, index=42): OrderedDict([('stim1', 'stim/bda3.wav'), ('stim2', 'stim/bda4.wav'), ('distance', -1), ('isCorrect', 1)])
80.1086 	DATA 	Keypress: 1
80.1218 	EXP 	text_response_same: autoDraw = False
80.1218 	EXP 	text_response_diff: autoDraw = False
80.1218 	EXP 	text_trial_cross: autoDraw = False
80.1218 	EXP 	text_trial_cross: autoDraw = True
80.3217 	EXP 	text_trial_cross: autoDraw = False
80.3544 	EXP 	text_response_same: autoDraw = True
80.3544 	EXP 	text_response_diff: autoDraw = True
81.5890 	EXP 	New trial (rep=0, index=43): OrderedDict([('stim1', 'stim/bda4.wav'), ('stim2', 'stim/bda6.wav'), ('distance', -2), ('isCorrect', 1)])
81.5919 	DATA 	Keypress: 1
81.6035 	EXP 	text_response_same: autoDraw = False
81.6035 	EXP 	text_response_diff: autoDraw = False
81.6035 	EXP 	text_trial_cross: autoDraw = False
81.6035 	EXP 	text_trial_cross: autoDraw = True
81.8050 	EXP 	text_trial_cross: autoDraw = False
81.8378 	EXP 	text_response_same: autoDraw = True
81.8378 	EXP 	text_response_diff: autoDraw = True
84.5878 	EXP 	text_response_same: autoDraw = False
84.5878 	EXP 	text_response_diff: autoDraw = False
84.5888 	EXP 	New trial (rep=0, index=44): OrderedDict([('stim1', 'stim/bda1.wav'), ('stim2', 'stim/bda3.wav'), ('distance', -2), ('isCorrect', 1)])
84.6047 	EXP 	text_response_same: autoDraw = False
84.6047 	EXP 	text_response_diff: autoDraw = False
84.6047 	EXP 	text_trial_cross: autoDraw = False
84.6047 	EXP 	text_trial_cross: autoDraw = True
84.8045 	EXP 	text_trial_cross: autoDraw = False
84.8379 	EXP 	text_response_same: autoDraw = True
84.8379 	EXP 	text_response_diff: autoDraw = True
85.5079 	DATA 	Keypress: 1
85.5895 	EXP 	New trial (rep=0, index=45): OrderedDict([('stim1', 'stim/bda2.wav'), ('stim2', 'stim/bda2.wav'), ('distance', 0), ('isCorrect', 0)])
85.6050 	EXP 	text_response_same: autoDraw = False
85.6050 	EXP 	text_response_diff: autoDraw = False
85.6050 	EXP 	text_trial_cross: autoDraw = False
85.6050 	EXP 	text_trial_cross: autoDraw = True
85.8048 	EXP 	text_trial_cross: autoDraw = False
85.8377 	EXP 	text_response_same: autoDraw = True
85.8377 	EXP 	text_response_diff: autoDraw = True
86.9224 	EXP 	New trial (rep=0, index=46): OrderedDict([('stim1', 'stim/bda0.wav'), ('stim2', 'stim/bda1.wav'), ('distance', -1), ('isCorrect', 1)])
86.9252 	DATA 	Keypress: 1
86.9377 	EXP 	text_response_same: autoDraw = False
86.9377 	EXP 	text_response_diff: autoDraw = False
86.9377 	EXP 	text_trial_cross: autoDraw = False
86.9377 	EXP 	text_trial_cross: autoDraw = True
87.1385 	EXP 	text_trial_cross: autoDraw = False
87.1712 	EXP 	text_response_same: autoDraw = True
87.1712 	EXP 	text_response_diff: autoDraw = True
88.2053 	EXP 	New trial (rep=0, index=47): OrderedDict([('stim1', 'stim/bda6.wav'), ('stim2', 'stim/bda2.wav'), ('distance', 4), ('isCorrect', 1)])
88.2083 	DATA 	Keypress: 1
88.2218 	EXP 	text_response_same: autoDraw = False
88.2218 	EXP 	text_response_diff: autoDraw = False
88.2218 	EXP 	text_trial_cross: autoDraw = False
88.2218 	EXP 	text_trial_cross: autoDraw = True
88.4219 	EXP 	text_trial_cross: autoDraw = False
88.4555 	EXP 	text_response_same: autoDraw = True
88.4555 	EXP 	text_response_diff: autoDraw = True
89.5057 	EXP 	New trial (rep=0, index=48): OrderedDict([('stim1', 'stim/bda2.wav'), ('stim2', 'stim/bda1.wav'), ('distance', 1), ('isCorrect', 1)])
89.5084 	DATA 	Keypress: 1
89.5218 	EXP 	text_response_same: autoDraw = False
89.5218 	EXP 	text_response_diff: autoDraw = False
89.5218 	EXP 	text_trial_cross: autoDraw = False
89.5218 	EXP 	text_trial_cross: autoDraw = True
89.7215 	EXP 	text_trial_cross: autoDraw = False
89.7554 	EXP 	text_response_same: autoDraw = True
89.7554 	EXP 	text_response_diff: autoDraw = True
90.7917 	DATA 	Keypress: 1
90.8055 	EXP 	text_response_same: autoDraw = False
90.8055 	EXP 	text_response_diff: autoDraw = False
90.8055 	EXP 	text_trial_cross: autoDraw = False
90.8055 	EXP 	text_end: autoDraw = True
92.4735 	DATA 	Keypress: space
92.8049 	EXP 	text_end: autoDraw = False
94.8562 	DATA 	Keypress: space
96.7231 	DATA 	Keypress: space
97.3725 	DATA 	Mouse: Left button down, pos=(689,442)
97.5223 	DATA 	Mouse:  Left button up, pos=(689,441)
97.7394 	DATA 	Mouse: Left button down, pos=(720,379)
97.8559 	DATA 	Mouse:  Left button up, pos=(721,379)
98.1060 	DATA 	Mouse: Right button down, pos=(721,379)
98.3388 	DATA 	Mouse:  Right button up, pos=(726,426)
98.4053 	DATA 	Mouse: wheel shift=(0,0), pos=(726,426)
98.6376 	DATA 	Mouse: Right button down, pos=(726,426)
98.6378 	DATA 	Mouse: wheel shift=(0,0), pos=(726,426)
99.0544 	DATA 	Mouse:  Right button up, pos=(725,426)
99.1220 	DATA 	Mouse: wheel shift=(0,0), pos=(725,426)
99.2382 	DATA 	Mouse: Right button down, pos=(725,426)
99.2385 	DATA 	Mouse: wheel shift=(0,0), pos=(725,426)
99.3726 	DATA 	Mouse:  Right button up, pos=(725,426)
99.4223 	DATA 	Mouse: wheel shift=(0,0), pos=(725,426)
99.5055 	DATA 	Mouse: Right button down, pos=(725,426)
99.5211 	DATA 	Mouse: wheel shift=(0,0), pos=(725,426)
99.6391 	DATA 	Mouse:  Right button up, pos=(725,426)
99.7060 	DATA 	Mouse: wheel shift=(0,0), pos=(725,426)
99.7224 	DATA 	Mouse: wheel shift=(0,0), pos=(725,426)
100.1228 	DATA 	Keypress: space
100.4065 	DATA 	Keypress: space
100.6396 	DATA 	Keypress: space
100.9055 	DATA 	Keypress: space
101.1398 	DATA 	Keypress: space
101.3728 	DATA 	Keypress: space
101.5896 	DATA 	Keypress: space
101.8900 	DATA 	Keypress: space
102.2060 	DATA 	Keypress: space
102.4565 	DATA 	Keypress: space
102.6901 	DATA 	Keypress: space
102.9388 	DATA 	Keypress: space
103.1568 	DATA 	Keypress: space
103.3896 	DATA 	Keypress: space
103.6233 	DATA 	Keypress: space
104.5900 	DATA 	Keypress: space
104.9570 	DATA 	Keypress: space
105.2726 	DATA 	Keypress: space
105.6223 	DATA 	Keypress: space
105.9403 	DATA 	Keypress: space
106.1551 	DATA 	Keypress: space
107.0597 	DATA 	Keypress: escape
107.5987 	EXP 	window1: mouseVisible = True
