0.7464 	WARNING 	We strongly recommend you activate the PTB sound engine in PsychoPy prefs as the preferred audio engine. Its timing is vastly superior. Your prefs are currently set to use ['sounddevice', 'PTB', 'pyo', 'pygame'] (in that order).
6.0332 	WARNING 	User requested fullscreen with size [1024  768], but screen is actually [1440, 900]. Using actual size
6.5472 	EXP 	Created window1 = Window(allowGUI=False, allowStencil=False, autoLog=True, backendConf=UNKNOWN, bitsMode=UNKNOWN, blendMode='avg', bpc=(8, 8, 8), color=array([0, 0, 0]), colorSpace='rgb', depthBits=8, fullscr=<method-wrapper '__getattribute__' of attributeSetter object at 0x7fdeb5f42c88>, gamma=None, gammaErrorPolicy='raise', lms=UNKNOWN, monitor=<psychopy.monitors.calibTools.Monitor object at 0x7fdeb45bab00>, multiSample=False, name='window1', numSamples=2, pos=[360.0, 225.0], screen=0, size=array([2880, 1800]), stencilBits=0, stereo=False, units='height', useFBO=True, useRetina=True, viewOri=0.0, viewPos=None, viewScale=None, waitBlanking=True, winType='pyglet')
6.5474 	EXP 	window1: mouseVisible = True
6.5475 	EXP 	window1: recordFrameIntervals = False
6.7138 	EXP 	window1: recordFrameIntervals = True
6.8974 	EXP 	window1: recordFrameIntervals = False
7.6840 	EXP 	Created text = TextStim(__class__=<class 'psychopy.visual.text.TextStim'>, alignHoriz=method-wrapper(...), alignText='center', alignVert=method-wrapper(...), anchorHoriz='center', anchorVert='center', antialias=True, autoLog=True, bold=False, color=array([1., 1., 1.]), colorSpace='rgb', contrast=1.0, depth=-1.0, flipHoriz=False, flipVert=False, font='Open Sans', fontFiles=[], height=0.1, italic=False, languageStyle='LTR', name='text', opacity=1, ori=0.0, pos=array([0., 0.]), rgb=UNKNOWN, text='Welcome and press space to begin', units='height', win=Window(...), wrapWidth=1)
7.6892 	EXP 	Created fun = TextStim(__class__=<class 'psychopy.visual.text.TextStim'>, alignHoriz=method-wrapper(...), alignText='center', alignVert=method-wrapper(...), anchorHoriz='center', anchorVert='center', antialias=True, autoLog=True, bold=False, color=array([-1.        ,  0.00392157, -1.        ]), colorSpace='rgb', contrast=1.0, depth=0.0, flipHoriz=False, flipVert=False, font='Open Sans', fontFiles=[], height=0.05, italic=False, languageStyle='LTR', name='fun', opacity=1, ori=0.0, pos=array([-0.45,  0.25]), rgb=UNKNOWN, text='fun (1)', units='height', win=Window(...), wrapWidth=1)
7.6930 	EXP 	Created fought = TextStim(__class__=<class 'psychopy.visual.text.TextStim'>, alignHoriz=method-wrapper(...), alignText='center', alignVert=method-wrapper(...), anchorHoriz='center', anchorVert='center', antialias=True, autoLog=True, bold=False, color=array([-1.        ,  0.00392157, -1.        ]), colorSpace='rgb', contrast=1.0, depth=-1.0, flipHoriz=False, flipVert=False, font='Open Sans', fontFiles=[], height=0.05, italic=False, languageStyle='LTR', name='fought', opacity=1, ori=0.0, pos=array([0.  , 0.25]), rgb=UNKNOWN, text='fought (2)', units='height', win=Window(...), wrapWidth=1)
7.6958 	EXP 	Created feel = TextStim(__class__=<class 'psychopy.visual.text.TextStim'>, alignHoriz=method-wrapper(...), alignText='center', alignVert=method-wrapper(...), anchorHoriz='center', anchorVert='center', antialias=True, autoLog=True, bold=False, color=array([-1.        ,  0.00392157, -1.        ]), colorSpace='rgb', contrast=1.0, depth=-2.0, flipHoriz=False, flipVert=False, font='Open Sans', fontFiles=[], height=0.05, italic=False, languageStyle='LTR', name='feel', opacity=1, ori=0.0, pos=array([0.45, 0.25]), rgb=UNKNOWN, text='feel (3)', units='height', win=Window(...), wrapWidth=1)
7.6982 	EXP 	Created fool = TextStim(__class__=<class 'psychopy.visual.text.TextStim'>, alignHoriz=method-wrapper(...), alignText='center', alignVert=method-wrapper(...), anchorHoriz='center', anchorVert='center', antialias=True, autoLog=True, bold=False, color=array([-1.        ,  0.00392157, -1.        ]), colorSpace='rgb', contrast=1.0, depth=-3.0, flipHoriz=False, flipVert=False, font='Open Sans', fontFiles=[], height=0.05, italic=False, languageStyle='LTR', name='fool', opacity=1, ori=0.0, pos=array([0., 0.]), rgb=UNKNOWN, text='fool (4)', units='height', win=Window(...), wrapWidth=1)
7.7008 	EXP 	Created son = TextStim(__class__=<class 'psychopy.visual.text.TextStim'>, alignHoriz=method-wrapper(...), alignText='center', alignVert=method-wrapper(...), anchorHoriz='center', anchorVert='center', antialias=True, autoLog=True, bold=False, color=array([1., 1., 1.]), colorSpace='rgb', contrast=1.0, depth=-4.0, flipHoriz=False, flipVert=False, font='Open Sans', fontFiles=[], height=0.05, italic=False, languageStyle='LTR', name='son', opacity=1, ori=0.0, pos=array([-0.45, -0.25]), rgb=UNKNOWN, text='son (5)', units='height', win=Window(...), wrapWidth=1)
7.7031 	EXP 	Created su = TextStim(__class__=<class 'psychopy.visual.text.TextStim'>, alignHoriz=method-wrapper(...), alignText='center', alignVert=method-wrapper(...), anchorHoriz='center', anchorVert='center', antialias=True, autoLog=True, bold=False, color=array([1., 1., 1.]), colorSpace='rgb', contrast=1.0, depth=-5.0, flipHoriz=False, flipVert=False, font='Open Sans', fontFiles=[], height=0.05, italic=False, languageStyle='LTR', name='su', opacity=1, ori=0.0, pos=array([ 0.  , -0.25]), rgb=UNKNOWN, text='su (6)', units='height', win=Window(...), wrapWidth=1)
7.7056 	EXP 	Created fin = TextStim(__class__=<class 'psychopy.visual.text.TextStim'>, alignHoriz=method-wrapper(...), alignText='center', alignVert=method-wrapper(...), anchorHoriz='center', anchorVert='center', antialias=True, autoLog=True, bold=False, color=array([1., 1., 1.]), colorSpace='rgb', contrast=1.0, depth=-6.0, flipHoriz=False, flipVert=False, font='Open Sans', fontFiles=[], height=0.05, italic=False, languageStyle='LTR', name='fin', opacity=1, ori=0.0, pos=array([ 0.45, -0.25]), rgb=UNKNOWN, text='fin (7)', units='height', win=Window(...), wrapWidth=1)
7.7204 	EXP 	Created instructions_task = TextStim(__class__=<class 'psychopy.visual.text.TextStim'>, alignHoriz=method-wrapper(...), alignText='center', alignVert=method-wrapper(...), anchorHoriz='center', anchorVert='center', antialias=True, autoLog=True, bold=False, color=array([1., 1., 1.]), colorSpace='rgb', contrast=1.0, depth=-7.0, flipHoriz=False, flipVert=False, font='Open Sans', fontFiles=[], height=0.03, italic=False, languageStyle='LTR', name='instructions_task', opacity=1, ori=0.0, pos=array([0. , 0.4]), rgb=UNKNOWN, text=str(...), units='height', win=Window(...), wrapWidth=1)
7.9173 	EXP 	Sound stimulus set volume 1.000
7.9209 	EXP 	Created text_2 = TextStim(__class__=<class 'psychopy.visual.text.TextStim'>, alignHoriz=method-wrapper(...), alignText='center', alignVert=method-wrapper(...), anchorHoriz='center', anchorVert='center', antialias=True, autoLog=True, bold=False, color=array([ 1., -1., -1.]), colorSpace='rgb', contrast=1.0, depth=-10.0, flipHoriz=False, flipVert=False, font='Open Sans', fontFiles=[], height=0.1, italic=False, languageStyle='LTR', name='text_2', opacity=1, ori=0.0, pos=array([0., 0.]), rgb=UNKNOWN, text='+', units='height', win=Window(...), wrapWidth=1)
7.9331 	EXP 	window1: mouseVisible = True
7.9397 	EXP 	Created slider = Slider(__class__=<class 'psychopy.visual.slider.Slider'>, autoDraw=False, autoLog=True, borderColor=None, color=None, colorSpace='rgb', depth=0, fillColor=None, flip=False, font='Open Sans', granularity=0.0, labelHeight=0.05, labelWrapWidth=None, labels=None, name='slider', opacity=None, pos=(0, 0), readOnly=False, self=UNKNOWN, size=(1.0, 0.1), startValue=None, style=method-wrapper(...), styleTweaks=method-wrapper(...), ticks=array([1, 2, 3, 4, 5]), units='height', win=Window(...))
7.9488 	EXP 	slider: autoLog = True
7.9488 	EXP 	slider: markerPos = None
7.9488 	EXP 	slider: rating = None
7.9488 	EXP 	slider: markerPos = None
7.9488 	EXP 	slider: contrast = 1.0
7.9488 	EXP 	slider: autoLog = True
7.9488 	EXP 	slider: styleTweaks = []
7.9488 	EXP 	slider: style = 'rating'
7.9488 	EXP 	slider: styleTweaks = []
7.9488 	EXP 	text: autoDraw = True
8.8068 	EXP 	Imported stim/conditions.csv as conditions, 8 conditions, 1 params
8.8074 	EXP 	Created sequence: random, trialTypes=8, nReps=1, seed=None
8.8077 	EXP 	New trial (rep=0, index=0): OrderedDict([('stim', 'stim/faf_g.wav')])
8.8274 	DATA 	Keypress: space
8.8317 	EXP 	text: autoDraw = False
8.8317 	EXP 	instructions_task: autoDraw = True
8.8317 	EXP 	text_2: autoDraw = True
9.0132 	EXP 	fun: autoDraw = True
9.0132 	EXP 	fought: autoDraw = True
9.0132 	EXP 	feel: autoDraw = True
9.0132 	EXP 	fool: autoDraw = True
9.0132 	EXP 	son: autoDraw = True
9.0132 	EXP 	su: autoDraw = True
9.0132 	EXP 	fin: autoDraw = True
9.0458 	EXP 	text_2: autoDraw = False
11.0211 	DATA 	Keypress: 4
11.0300 	EXP 	fun: autoDraw = False
11.0300 	EXP 	fought: autoDraw = False
11.0300 	EXP 	feel: autoDraw = False
11.0300 	EXP 	fool: autoDraw = False
11.0300 	EXP 	son: autoDraw = False
11.0300 	EXP 	su: autoDraw = False
11.0300 	EXP 	fin: autoDraw = False
11.0300 	EXP 	instructions_task: autoDraw = False
11.0300 	EXP 	text_2: autoDraw = False
11.0300 	EXP 	slider: markerPos = None
11.0300 	EXP 	slider: markerPos = None
11.0300 	EXP 	slider: rating = None
11.0300 	EXP 	slider: autoDraw = True
12.8479 	DATA 	Mouse: Left button down, pos=(1142,449)
12.8640 	EXP 	slider: markerPos = 4.875555555555556
12.8808 	EXP 	slider: markerPos = 4.875555555555556
12.8969 	EXP 	slider: markerPos = 4.875555555555556
12.9171 	EXP 	slider: markerPos = 4.875555555555556
12.9302 	EXP 	slider: markerPos = 4.875555555555556
12.9469 	EXP 	slider: markerPos = 4.875555555555556
12.9503 	DATA 	Mouse:  Left button up, pos=(1142,449)
12.9633 	EXP 	slider: markerPos = 4.875555555555556
12.9802 	EXP 	slider: markerPos = 4.875555555555556
12.9802 	EXP 	slider: rating = 4.875555555555556
12.9824 	EXP 	New trial (rep=0, index=1): OrderedDict([('stim', 'stim/p_schwa_g.wav')])
12.9966 	EXP 	slider: autoDraw = False
12.9966 	EXP 	instructions_task: autoDraw = True
12.9966 	EXP 	text_2: autoDraw = True
13.1802 	EXP 	fun: autoDraw = True
13.1802 	EXP 	fought: autoDraw = True
13.1802 	EXP 	feel: autoDraw = True
13.1802 	EXP 	fool: autoDraw = True
13.1802 	EXP 	son: autoDraw = True
13.1802 	EXP 	su: autoDraw = True
13.1802 	EXP 	fin: autoDraw = True
13.1967 	EXP 	text_2: autoDraw = False
15.5691 	DATA 	Keypress: escape
15.9904 	EXP 	window1: mouseVisible = True
