0.7404 	WARNING 	We strongly recommend you activate the PTB sound engine in PsychoPy prefs as the preferred audio engine. Its timing is vastly superior. Your prefs are currently set to use ['sounddevice', 'PTB', 'pyo', 'pygame'] (in that order).
15.7177 	WARNING 	User requested fullscreen with size [1024  768], but screen is actually [1440, 900]. Using actual size
16.2644 	EXP 	Created window1 = Window(allowGUI=False, allowStencil=False, autoLog=True, backendConf=UNKNOWN, bitsMode=UNKNOWN, blendMode='avg', bpc=(8, 8, 8), color=array([0, 0, 0]), colorSpace='rgb', depthBits=8, fullscr=<method-wrapper '__getattribute__' of attributeSetter object at 0x7fb5350b2b38>, gamma=None, gammaErrorPolicy='raise', lms=UNKNOWN, monitor=<psychopy.monitors.calibTools.Monitor object at 0x7fb52049abe0>, multiSample=False, name='window1', numSamples=2, pos=[360.0, 225.0], screen=0, size=array([2880, 1800]), stencilBits=0, stereo=False, units='height', useFBO=True, useRetina=True, viewOri=0.0, viewPos=None, viewScale=None, waitBlanking=True, winType='pyglet')
16.2646 	EXP 	window1: mouseVisible = True
16.2646 	EXP 	window1: recordFrameIntervals = False
16.4298 	EXP 	window1: recordFrameIntervals = True
16.6148 	EXP 	window1: recordFrameIntervals = False
17.4672 	EXP 	Created text = TextStim(__class__=<class 'psychopy.visual.text.TextStim'>, alignHoriz=method-wrapper(...), alignText='center', alignVert=method-wrapper(...), anchorHoriz='center', anchorVert='center', antialias=True, autoLog=True, bold=False, color=array([1., 1., 1.]), colorSpace='rgb', contrast=1.0, depth=-1.0, flipHoriz=False, flipVert=False, font='Open Sans', fontFiles=[], height=0.1, italic=False, languageStyle='LTR', name='text', opacity=1, ori=0.0, pos=array([0., 0.]), rgb=UNKNOWN, text='Welcome and press space to begin', units='height', win=Window(...), wrapWidth=1)
17.4723 	EXP 	Created fun = TextStim(__class__=<class 'psychopy.visual.text.TextStim'>, alignHoriz=method-wrapper(...), alignText='center', alignVert=method-wrapper(...), anchorHoriz='center', anchorVert='center', antialias=True, autoLog=True, bold=False, color=array([1., 1., 1.]), colorSpace='rgb', contrast=1.0, depth=0.0, flipHoriz=False, flipVert=False, font='Open Sans', fontFiles=[], height=0.05, italic=False, languageStyle='LTR', name='fun', opacity=1, ori=0.0, pos=array([-0.45,  0.25]), rgb=UNKNOWN, text='fun (1)', units='height', win=Window(...), wrapWidth=1)
17.4760 	EXP 	Created fought = TextStim(__class__=<class 'psychopy.visual.text.TextStim'>, alignHoriz=method-wrapper(...), alignText='center', alignVert=method-wrapper(...), anchorHoriz='center', anchorVert='center', antialias=True, autoLog=True, bold=False, color=array([1., 1., 1.]), colorSpace='rgb', contrast=1.0, depth=-1.0, flipHoriz=False, flipVert=False, font='Open Sans', fontFiles=[], height=0.05, italic=False, languageStyle='LTR', name='fought', opacity=1, ori=0.0, pos=array([0.  , 0.25]), rgb=UNKNOWN, text='fought (2)', units='height', win=Window(...), wrapWidth=1)
17.4787 	EXP 	Created feel = TextStim(__class__=<class 'psychopy.visual.text.TextStim'>, alignHoriz=method-wrapper(...), alignText='center', alignVert=method-wrapper(...), anchorHoriz='center', anchorVert='center', antialias=True, autoLog=True, bold=False, color=array([1., 1., 1.]), colorSpace='rgb', contrast=1.0, depth=-2.0, flipHoriz=False, flipVert=False, font='Open Sans', fontFiles=[], height=0.05, italic=False, languageStyle='LTR', name='feel', opacity=1, ori=0.0, pos=array([0., 0.]), rgb=UNKNOWN, text='feel (3)', units='height', win=Window(...), wrapWidth=1)
17.4810 	EXP 	Created fool = TextStim(__class__=<class 'psychopy.visual.text.TextStim'>, alignHoriz=method-wrapper(...), alignText='center', alignVert=method-wrapper(...), anchorHoriz='center', anchorVert='center', antialias=True, autoLog=True, bold=False, color=array([1., 1., 1.]), colorSpace='rgb', contrast=1.0, depth=-3.0, flipHoriz=False, flipVert=False, font='Open Sans', fontFiles=[], height=0.05, italic=False, languageStyle='LTR', name='fool', opacity=1, ori=0.0, pos=array([0., 0.]), rgb=UNKNOWN, text='fool (4)', units='height', win=Window(...), wrapWidth=1)
17.4835 	EXP 	Created son = TextStim(__class__=<class 'psychopy.visual.text.TextStim'>, alignHoriz=method-wrapper(...), alignText='center', alignVert=method-wrapper(...), anchorHoriz='center', anchorVert='center', antialias=True, autoLog=True, bold=False, color=array([1., 1., 1.]), colorSpace='rgb', contrast=1.0, depth=-4.0, flipHoriz=False, flipVert=False, font='Open Sans', fontFiles=[], height=0.05, italic=False, languageStyle='LTR', name='son', opacity=1, ori=0.0, pos=array([0., 0.]), rgb=UNKNOWN, text='son (5)', units='height', win=Window(...), wrapWidth=1)
17.4857 	EXP 	Created su = TextStim(__class__=<class 'psychopy.visual.text.TextStim'>, alignHoriz=method-wrapper(...), alignText='center', alignVert=method-wrapper(...), anchorHoriz='center', anchorVert='center', antialias=True, autoLog=True, bold=False, color=array([1., 1., 1.]), colorSpace='rgb', contrast=1.0, depth=-5.0, flipHoriz=False, flipVert=False, font='Open Sans', fontFiles=[], height=0.05, italic=False, languageStyle='LTR', name='su', opacity=1, ori=0.0, pos=array([0., 0.]), rgb=UNKNOWN, text='su (6)', units='height', win=Window(...), wrapWidth=1)
17.4882 	EXP 	Created fin = TextStim(__class__=<class 'psychopy.visual.text.TextStim'>, alignHoriz=method-wrapper(...), alignText='center', alignVert=method-wrapper(...), anchorHoriz='center', anchorVert='center', antialias=True, autoLog=True, bold=False, color=array([1., 1., 1.]), colorSpace='rgb', contrast=1.0, depth=-6.0, flipHoriz=False, flipVert=False, font='Open Sans', fontFiles=[], height=0.05, italic=False, languageStyle='LTR', name='fin', opacity=1, ori=0.0, pos=array([0., 0.]), rgb=UNKNOWN, text='fin (7)', units='height', win=Window(...), wrapWidth=1)
17.4937 	EXP 	text: autoDraw = True
18.5355 	DATA 	Keypress: m
19.2167 	DATA 	Keypress: space
19.2312 	EXP 	text: autoDraw = False
19.3138 	EXP 	fun: autoDraw = True
19.3138 	EXP 	fought: autoDraw = True
19.3138 	EXP 	feel: autoDraw = True
19.3138 	EXP 	fool: autoDraw = True
19.3138 	EXP 	son: autoDraw = True
19.3138 	EXP 	su: autoDraw = True
19.3138 	EXP 	fin: autoDraw = True
22.7353 	DATA 	Keypress: escape
22.8580 	EXP 	window1: mouseVisible = True
