1.1525 	WARNING 	We strongly recommend you activate the PTB sound engine in PsychoPy prefs as the preferred audio engine. Its timing is vastly superior. Your prefs are currently set to use ['sounddevice', 'PTB', 'pyo', 'pygame'] (in that order).
13.7507 	WARNING 	User requested fullscreen with size [1024  768], but screen is actually [1440, 900]. Using actual size
14.3812 	EXP 	Created window1 = Window(allowGUI=False, allowStencil=False, autoLog=True, backendConf=UNKNOWN, bitsMode=UNKNOWN, blendMode='avg', bpc=(8, 8, 8), color=array([0, 0, 0]), colorSpace='rgb', depthBits=8, fullscr=<method-wrapper '__getattribute__' of attributeSetter object at 0x7fca1860fa20>, gamma=None, gammaErrorPolicy='raise', lms=UNKNOWN, monitor=<psychopy.monitors.calibTools.Monitor object at 0x7fca5360a4a8>, multiSample=False, name='window1', numSamples=2, pos=[360.0, 225.0], screen=0, size=array([2880, 1800]), stencilBits=0, stereo=False, units='height', useFBO=True, useRetina=True, viewOri=0.0, viewPos=None, viewScale=None, waitBlanking=True, winType='pyglet')
14.3814 	EXP 	window1: mouseVisible = True
14.3815 	EXP 	window1: recordFrameIntervals = False
14.5476 	EXP 	window1: recordFrameIntervals = True
14.7315 	EXP 	window1: recordFrameIntervals = False
15.7493 	EXP 	Created text = TextStim(__class__=<class 'psychopy.visual.text.TextStim'>, alignHoriz=method-wrapper(...), alignText='center', alignVert=method-wrapper(...), anchorHoriz='center', anchorVert='center', antialias=True, autoLog=True, bold=False, color=array([1., 1., 1.]), colorSpace='rgb', contrast=1.0, depth=-1.0, flipHoriz=False, flipVert=False, font='Open Sans', fontFiles=[], height=0.1, italic=False, languageStyle='LTR', name='text', opacity=1, ori=0.0, pos=array([0., 0.]), rgb=UNKNOWN, text='Welcome and press space to begin', units='height', win=Window(...), wrapWidth=1)
15.7545 	EXP 	Created fun = TextStim(__class__=<class 'psychopy.visual.text.TextStim'>, alignHoriz=method-wrapper(...), alignText='center', alignVert=method-wrapper(...), anchorHoriz='center', anchorVert='center', antialias=True, autoLog=True, bold=False, color=array([-1.        ,  0.00392157, -1.        ]), colorSpace='rgb', contrast=1.0, depth=0.0, flipHoriz=False, flipVert=False, font='Open Sans', fontFiles=[], height=0.05, italic=False, languageStyle='LTR', name='fun', opacity=1, ori=0.0, pos=array([-0.45,  0.25]), rgb=UNKNOWN, text='fun (1)', units='height', win=Window(...), wrapWidth=1)
15.7606 	EXP 	Created fought = TextStim(__class__=<class 'psychopy.visual.text.TextStim'>, alignHoriz=method-wrapper(...), alignText='center', alignVert=method-wrapper(...), anchorHoriz='center', anchorVert='center', antialias=True, autoLog=True, bold=False, color=array([-1.        ,  0.00392157, -1.        ]), colorSpace='rgb', contrast=1.0, depth=-1.0, flipHoriz=False, flipVert=False, font='Open Sans', fontFiles=[], height=0.05, italic=False, languageStyle='LTR', name='fought', opacity=1, ori=0.0, pos=array([0.  , 0.25]), rgb=UNKNOWN, text='fought (2)', units='height', win=Window(...), wrapWidth=1)
15.7634 	EXP 	Created feel = TextStim(__class__=<class 'psychopy.visual.text.TextStim'>, alignHoriz=method-wrapper(...), alignText='center', alignVert=method-wrapper(...), anchorHoriz='center', anchorVert='center', antialias=True, autoLog=True, bold=False, color=array([-1.        ,  0.00392157, -1.        ]), colorSpace='rgb', contrast=1.0, depth=-2.0, flipHoriz=False, flipVert=False, font='Open Sans', fontFiles=[], height=0.05, italic=False, languageStyle='LTR', name='feel', opacity=1, ori=0.0, pos=array([0.45, 0.25]), rgb=UNKNOWN, text='feel (3)', units='height', win=Window(...), wrapWidth=1)
15.7658 	EXP 	Created fool = TextStim(__class__=<class 'psychopy.visual.text.TextStim'>, alignHoriz=method-wrapper(...), alignText='center', alignVert=method-wrapper(...), anchorHoriz='center', anchorVert='center', antialias=True, autoLog=True, bold=False, color=array([-1.        ,  0.00392157, -1.        ]), colorSpace='rgb', contrast=1.0, depth=-3.0, flipHoriz=False, flipVert=False, font='Open Sans', fontFiles=[], height=0.05, italic=False, languageStyle='LTR', name='fool', opacity=1, ori=0.0, pos=array([0., 0.]), rgb=UNKNOWN, text='fool (4)', units='height', win=Window(...), wrapWidth=1)
15.7684 	EXP 	Created son = TextStim(__class__=<class 'psychopy.visual.text.TextStim'>, alignHoriz=method-wrapper(...), alignText='center', alignVert=method-wrapper(...), anchorHoriz='center', anchorVert='center', antialias=True, autoLog=True, bold=False, color=array([1., 1., 1.]), colorSpace='rgb', contrast=1.0, depth=-4.0, flipHoriz=False, flipVert=False, font='Open Sans', fontFiles=[], height=0.05, italic=False, languageStyle='LTR', name='son', opacity=1, ori=0.0, pos=array([-0.45, -0.25]), rgb=UNKNOWN, text='son (5)', units='height', win=Window(...), wrapWidth=1)
15.7708 	EXP 	Created su = TextStim(__class__=<class 'psychopy.visual.text.TextStim'>, alignHoriz=method-wrapper(...), alignText='center', alignVert=method-wrapper(...), anchorHoriz='center', anchorVert='center', antialias=True, autoLog=True, bold=False, color=array([1., 1., 1.]), colorSpace='rgb', contrast=1.0, depth=-5.0, flipHoriz=False, flipVert=False, font='Open Sans', fontFiles=[], height=0.05, italic=False, languageStyle='LTR', name='su', opacity=1, ori=0.0, pos=array([ 0.  , -0.25]), rgb=UNKNOWN, text='su (6)', units='height', win=Window(...), wrapWidth=1)
15.7734 	EXP 	Created fin = TextStim(__class__=<class 'psychopy.visual.text.TextStim'>, alignHoriz=method-wrapper(...), alignText='center', alignVert=method-wrapper(...), anchorHoriz='center', anchorVert='center', antialias=True, autoLog=True, bold=False, color=array([1., 1., 1.]), colorSpace='rgb', contrast=1.0, depth=-6.0, flipHoriz=False, flipVert=False, font='Open Sans', fontFiles=[], height=0.05, italic=False, languageStyle='LTR', name='fin', opacity=1, ori=0.0, pos=array([ 0.45, -0.25]), rgb=UNKNOWN, text='fin (7)', units='height', win=Window(...), wrapWidth=1)
15.7919 	EXP 	Created instructions_task = TextStim(__class__=<class 'psychopy.visual.text.TextStim'>, alignHoriz=method-wrapper(...), alignText='center', alignVert=method-wrapper(...), anchorHoriz='center', anchorVert='center', antialias=True, autoLog=True, bold=False, color=array([1., 1., 1.]), colorSpace='rgb', contrast=1.0, depth=-7.0, flipHoriz=False, flipVert=False, font='Open Sans', fontFiles=[], height=0.03, italic=False, languageStyle='LTR', name='instructions_task', opacity=1, ori=0.0, pos=array([0. , 0.4]), rgb=UNKNOWN, text=str(...), units='height', win=Window(...), wrapWidth=1)
16.0365 	EXP 	Sound stimulus set volume 1.000
16.0422 	EXP 	Created text_2 = TextStim(__class__=<class 'psychopy.visual.text.TextStim'>, alignHoriz=method-wrapper(...), alignText='center', alignVert=method-wrapper(...), anchorHoriz='center', anchorVert='center', antialias=True, autoLog=True, bold=False, color=array([ 1., -1., -1.]), colorSpace='rgb', contrast=1.0, depth=-10.0, flipHoriz=False, flipVert=False, font='Open Sans', fontFiles=[], height=0.1, italic=False, languageStyle='LTR', name='text_2', opacity=1, ori=0.0, pos=array([0., 0.]), rgb=UNKNOWN, text='+', units='height', win=Window(...), wrapWidth=1)
16.0625 	EXP 	window1: mouseVisible = True
16.0929 	EXP 	Created slider = Slider(__class__=<class 'psychopy.visual.slider.Slider'>, autoDraw=False, autoLog=True, borderColor=None, color=None, colorSpace='rgb', depth=0, fillColor=None, flip=False, font='Open Sans', granularity=0.0, labelHeight=0.05, labelWrapWidth=None, labels=(1, 2, 3, 4, 5), name='slider', opacity=None, pos=(0, 0), readOnly=False, self=UNKNOWN, size=(1.0, 0.1), startValue=None, style=method-wrapper(...), styleTweaks=method-wrapper(...), ticks=array([1, 2, 3, 4, 5]), units='height', win=Window(...))
16.1100 	EXP 	Created text_3 = TextStim(__class__=<class 'psychopy.visual.text.TextStim'>, alignHoriz=method-wrapper(...), alignText='center', alignVert=method-wrapper(...), anchorHoriz='center', anchorVert='center', antialias=True, autoLog=True, bold=False, color=array([1., 1., 1.]), colorSpace='rgb', contrast=1.0, depth=-1.0, flipHoriz=False, flipVert=False, font='Open Sans', fontFiles=[], height=0.03, italic=False, languageStyle='LTR', name='text_3', opacity=1, ori=0.0, pos=array([0. , 0.3]), rgb=UNKNOWN, text=str(...), units='height', win=Window(...), wrapWidth=1)
16.1504 	EXP 	Created insructions = TextStim(__class__=<class 'psychopy.visual.text.TextStim'>, alignHoriz=method-wrapper(...), alignText='center', alignVert=method-wrapper(...), anchorHoriz='center', anchorVert='center', antialias=True, autoLog=True, bold=False, color=array([-1., -1., -1.]), colorSpace='rgb', contrast=1.0, depth=0.0, flipHoriz=False, flipVert=False, font='Arial', fontFiles=[], height=0.1, italic=False, languageStyle='LTR', name='insructions', opacity=1, ori=0, pos=array([0., 0.]), rgb=UNKNOWN, text=str(...), units='height', win=Window(...), wrapWidth=1)
16.3582 	EXP 	Sound sound_stim1 set volume 1.000
16.3583 	EXP 	Sound sound_stim2 set volume 1.000
16.3614 	EXP 	Created text_response_same = TextStim(__class__=<class 'psychopy.visual.text.TextStim'>, alignHoriz=method-wrapper(...), alignText='center', alignVert=method-wrapper(...), anchorHoriz='center', anchorVert='center', antialias=True, autoLog=True, bold=False, color=array([-1., -1., -1.]), colorSpace='rgb', contrast=1.0, depth=-2.0, flipHoriz=False, flipVert=False, font='Arial', fontFiles=[], height=0.1, italic=False, languageStyle='LTR', name='text_response_same', opacity=1, ori=0, pos=array([-0.5,  0. ]), rgb=UNKNOWN, text='Same', units='height', win=Window(...), wrapWidth=1)
16.3644 	EXP 	Created text_response_diff = TextStim(__class__=<class 'psychopy.visual.text.TextStim'>, alignHoriz=method-wrapper(...), alignText='center', alignVert=method-wrapper(...), anchorHoriz='center', anchorVert='center', antialias=True, autoLog=True, bold=False, color=array([-1., -1., -1.]), colorSpace='rgb', contrast=1.0, depth=-3.0, flipHoriz=False, flipVert=False, font='Arial', fontFiles=[], height=0.1, italic=False, languageStyle='LTR', name='text_response_diff', opacity=1, ori=0, pos=array([0.5, 0. ]), rgb=UNKNOWN, text='Different', units='height', win=Window(...), wrapWidth=1)
16.5644 	EXP 	Created text_trial_cross = TextStim(__class__=<class 'psychopy.visual.text.TextStim'>, alignHoriz=method-wrapper(...), alignText='center', alignVert=method-wrapper(...), anchorHoriz='center', anchorVert='center', antialias=True, autoLog=True, bold=False, color=array([ 1., -1., -1.]), colorSpace='rgb', contrast=1.0, depth=-5.0, flipHoriz=False, flipVert=False, font='Arial', fontFiles=[], height=0.2, italic=False, languageStyle='LTR', name='text_trial_cross', opacity=1, ori=0, pos=array([0., 0.]), rgb=UNKNOWN, text='+', units='height', win=Window(...), wrapWidth=1)
16.5672 	EXP 	Created text_end = TextStim(__class__=<class 'psychopy.visual.text.TextStim'>, alignHoriz=method-wrapper(...), alignText='center', alignVert=method-wrapper(...), anchorHoriz='center', anchorVert='center', antialias=True, autoLog=True, bold=False, color=array([-1., -1., -1.]), colorSpace='rgb', contrast=1.0, depth=0.0, flipHoriz=False, flipVert=False, font='Arial', fontFiles=[], height=0.1, italic=False, languageStyle='LTR', name='text_end', opacity=1, ori=0, pos=array([0., 0.]), rgb=UNKNOWN, text='Thank you.', units='height', win=Window(...), wrapWidth=1)
16.7994 	EXP 	slider: autoLog = True
16.7994 	EXP 	slider: markerPos = None
16.7994 	EXP 	slider: rating = None
16.7994 	EXP 	slider: markerPos = None
16.7994 	EXP 	slider: contrast = 1.0
16.7994 	EXP 	slider: autoLog = True
16.7994 	EXP 	slider: styleTweaks = []
16.7994 	EXP 	slider: style = 'rating'
16.7994 	EXP 	slider: styleTweaks = []
16.7994 	EXP 	text: autoDraw = True
18.0393 	EXP 	Imported stim/conditions.csv as conditions, 8 conditions, 1 params
18.0426 	EXP 	Created sequence: random, trialTypes=8, nReps=1, seed=None
18.0428 	EXP 	New trial (rep=0, index=0): OrderedDict([('stim', 'stim/fof_g.wav')])
18.0699 	DATA 	Keypress: space
18.0754 	EXP 	text: autoDraw = False
18.0754 	EXP 	instructions_task: autoDraw = True
18.0754 	EXP 	text_2: autoDraw = True
18.2809 	EXP 	text_2: autoDraw = False
18.3135 	EXP 	fun: autoDraw = True
18.3135 	EXP 	fought: autoDraw = True
18.3135 	EXP 	feel: autoDraw = True
18.3135 	EXP 	fool: autoDraw = True
18.3135 	EXP 	son: autoDraw = True
18.3135 	EXP 	su: autoDraw = True
18.3135 	EXP 	fin: autoDraw = True
33.2389 	DATA 	Keypress: 1
33.2629 	EXP 	fun: autoDraw = False
33.2629 	EXP 	fought: autoDraw = False
33.2629 	EXP 	feel: autoDraw = False
33.2629 	EXP 	fool: autoDraw = False
33.2629 	EXP 	son: autoDraw = False
33.2629 	EXP 	su: autoDraw = False
33.2629 	EXP 	fin: autoDraw = False
33.2629 	EXP 	instructions_task: autoDraw = False
33.2629 	EXP 	text_2: autoDraw = False
33.2629 	EXP 	slider: markerPos = None
33.2629 	EXP 	slider: markerPos = None
33.2629 	EXP 	slider: rating = None
33.2629 	EXP 	slider: autoDraw = True
33.2629 	EXP 	text_3: autoDraw = True
34.4472 	DATA 	Mouse: Left button down, pos=(801,459)
34.5085 	EXP 	slider: markerPos = 3.36
34.5181 	EXP 	slider: markerPos = 3.36
34.5304 	EXP 	slider: markerPos = 3.36
34.5487 	EXP 	slider: markerPos = 3.36
34.5492 	DATA 	Mouse:  Left button up, pos=(801,459)
34.5637 	EXP 	slider: markerPos = 3.36
34.5637 	EXP 	slider: rating = 3.36
34.5656 	EXP 	New trial (rep=0, index=1): OrderedDict([('stim', 'stim/pof_g.wav')])
34.5803 	EXP 	slider: autoDraw = False
34.5803 	EXP 	text_3: autoDraw = False
34.5803 	EXP 	instructions_task: autoDraw = True
34.5803 	EXP 	text_2: autoDraw = True
34.7813 	EXP 	text_2: autoDraw = False
34.8151 	EXP 	fun: autoDraw = True
34.8151 	EXP 	fought: autoDraw = True
34.8151 	EXP 	feel: autoDraw = True
34.8151 	EXP 	fool: autoDraw = True
34.8151 	EXP 	son: autoDraw = True
34.8151 	EXP 	su: autoDraw = True
34.8151 	EXP 	fin: autoDraw = True
37.1196 	DATA 	Keypress: 4
37.1485 	EXP 	fun: autoDraw = False
37.1485 	EXP 	fought: autoDraw = False
37.1485 	EXP 	feel: autoDraw = False
37.1485 	EXP 	fool: autoDraw = False
37.1485 	EXP 	son: autoDraw = False
37.1485 	EXP 	su: autoDraw = False
37.1485 	EXP 	fin: autoDraw = False
37.1485 	EXP 	instructions_task: autoDraw = False
37.1485 	EXP 	text_2: autoDraw = False
37.1485 	EXP 	slider: markerPos = None
37.1485 	EXP 	slider: markerPos = None
37.1485 	EXP 	slider: rating = None
37.1485 	EXP 	slider: autoDraw = True
37.1485 	EXP 	text_3: autoDraw = True
37.6313 	DATA 	Mouse: Left button down, pos=(800,441)
37.6472 	EXP 	slider: markerPos = 3.36
37.6641 	EXP 	slider: markerPos = 3.36
37.6817 	EXP 	slider: markerPos = 3.36
37.6973 	EXP 	slider: markerPos = 3.36
37.7130 	EXP 	slider: markerPos = 3.36
37.7309 	EXP 	slider: markerPos = 3.36
37.7313 	DATA 	Mouse:  Left button up, pos=(801,441)
37.7489 	EXP 	slider: markerPos = 3.36
37.7489 	EXP 	slider: rating = 3.36
37.7507 	EXP 	New trial (rep=0, index=2): OrderedDict([('stim', 'stim/faf_g.wav')])
37.7639 	EXP 	slider: autoDraw = False
37.7639 	EXP 	text_3: autoDraw = False
37.7639 	EXP 	instructions_task: autoDraw = True
37.7639 	EXP 	text_2: autoDraw = True
37.9649 	EXP 	text_2: autoDraw = False
37.9972 	EXP 	fun: autoDraw = True
37.9972 	EXP 	fought: autoDraw = True
37.9972 	EXP 	feel: autoDraw = True
37.9972 	EXP 	fool: autoDraw = True
37.9972 	EXP 	son: autoDraw = True
37.9972 	EXP 	su: autoDraw = True
37.9972 	EXP 	fin: autoDraw = True
39.7698 	DATA 	Keypress: 1
39.7976 	EXP 	fun: autoDraw = False
39.7976 	EXP 	fought: autoDraw = False
39.7976 	EXP 	feel: autoDraw = False
39.7976 	EXP 	fool: autoDraw = False
39.7976 	EXP 	son: autoDraw = False
39.7976 	EXP 	su: autoDraw = False
39.7976 	EXP 	fin: autoDraw = False
39.7976 	EXP 	instructions_task: autoDraw = False
39.7976 	EXP 	text_2: autoDraw = False
39.7976 	EXP 	slider: markerPos = None
39.7976 	EXP 	slider: markerPos = None
39.7976 	EXP 	slider: rating = None
39.7976 	EXP 	slider: autoDraw = True
39.7976 	EXP 	text_3: autoDraw = True
40.5145 	DATA 	Mouse: Left button down, pos=(745,483)
40.5308 	EXP 	slider: markerPos = 3.128888888888889
40.5488 	EXP 	slider: markerPos = 3.128888888888889
40.5642 	EXP 	slider: markerPos = 3.128888888888889
40.5807 	EXP 	slider: markerPos = 3.128888888888889
40.5973 	EXP 	slider: markerPos = 3.128888888888889
40.6144 	EXP 	slider: markerPos = 3.128888888888889
40.6308 	EXP 	slider: markerPos = 3.128888888888889
40.6313 	DATA 	Mouse:  Left button up, pos=(749,483)
40.6472 	EXP 	slider: markerPos = 3.128888888888889
40.6472 	EXP 	slider: rating = 3.128888888888889
40.6491 	EXP 	New trial (rep=0, index=3): OrderedDict([('stim', 'stim/piep_g.wav')])
40.6638 	EXP 	slider: autoDraw = False
40.6638 	EXP 	text_3: autoDraw = False
40.6638 	EXP 	instructions_task: autoDraw = True
40.6638 	EXP 	text_2: autoDraw = True
40.8648 	EXP 	text_2: autoDraw = False
40.8972 	EXP 	fun: autoDraw = True
40.8972 	EXP 	fought: autoDraw = True
40.8972 	EXP 	feel: autoDraw = True
40.8972 	EXP 	fool: autoDraw = True
40.8972 	EXP 	son: autoDraw = True
40.8972 	EXP 	su: autoDraw = True
40.8972 	EXP 	fin: autoDraw = True
45.9688 	DATA 	Mouse: Left button down, pos=(1115,249)
46.0358 	DATA 	Mouse:  Left button up, pos=(1115,249)
46.4868 	DATA 	Mouse: Left button down, pos=(1115,218)
46.5691 	DATA 	Mouse:  Left button up, pos=(1115,218)
47.1360 	DATA 	Keypress: 7
47.1641 	EXP 	fun: autoDraw = False
47.1641 	EXP 	fought: autoDraw = False
47.1641 	EXP 	feel: autoDraw = False
47.1641 	EXP 	fool: autoDraw = False
47.1641 	EXP 	son: autoDraw = False
47.1641 	EXP 	su: autoDraw = False
47.1641 	EXP 	fin: autoDraw = False
47.1641 	EXP 	instructions_task: autoDraw = False
47.1641 	EXP 	text_2: autoDraw = False
47.1641 	EXP 	slider: markerPos = None
47.1641 	EXP 	slider: markerPos = None
47.1641 	EXP 	slider: rating = None
47.1641 	EXP 	slider: autoDraw = True
47.1641 	EXP 	text_3: autoDraw = True
48.1818 	DATA 	Keypress: 2
48.7315 	DATA 	Mouse: Left button down, pos=(799,407)
48.7465 	EXP 	slider: markerPos = 3.351111111111111
48.7642 	EXP 	slider: markerPos = 3.351111111111111
48.7805 	EXP 	slider: markerPos = 3.351111111111111
48.7974 	EXP 	slider: markerPos = 3.351111111111111
48.7980 	DATA 	Mouse:  Left button up, pos=(799,407)
48.8151 	EXP 	slider: markerPos = 3.351111111111111
48.8151 	EXP 	slider: rating = 3.351111111111111
48.8169 	EXP 	New trial (rep=0, index=4): OrderedDict([('stim', 'stim/p_schwa_g.wav')])
48.8298 	EXP 	slider: autoDraw = False
48.8298 	EXP 	text_3: autoDraw = False
48.8298 	EXP 	instructions_task: autoDraw = True
48.8298 	EXP 	text_2: autoDraw = True
49.0314 	EXP 	text_2: autoDraw = False
49.0641 	EXP 	fun: autoDraw = True
49.0641 	EXP 	fought: autoDraw = True
49.0641 	EXP 	feel: autoDraw = True
49.0641 	EXP 	fool: autoDraw = True
49.0641 	EXP 	son: autoDraw = True
49.0641 	EXP 	su: autoDraw = True
49.0641 	EXP 	fin: autoDraw = True
50.7853 	DATA 	Mouse: Left button down, pos=(331,291)
50.8693 	DATA 	Mouse:  Left button up, pos=(331,291)
51.3862 	DATA 	Keypress: 5
51.4152 	EXP 	fun: autoDraw = False
51.4152 	EXP 	fought: autoDraw = False
51.4152 	EXP 	feel: autoDraw = False
51.4152 	EXP 	fool: autoDraw = False
51.4152 	EXP 	son: autoDraw = False
51.4152 	EXP 	su: autoDraw = False
51.4152 	EXP 	fin: autoDraw = False
51.4152 	EXP 	instructions_task: autoDraw = False
51.4152 	EXP 	text_2: autoDraw = False
51.4152 	EXP 	slider: markerPos = None
51.4152 	EXP 	slider: markerPos = None
51.4152 	EXP 	slider: rating = None
51.4152 	EXP 	slider: autoDraw = True
51.4152 	EXP 	text_3: autoDraw = True
51.8151 	DATA 	Mouse: Left button down, pos=(331,291)
51.8971 	DATA 	Mouse:  Left button up, pos=(331,299)
52.5188 	DATA 	Mouse: Left button down, pos=(763,458)
52.5477 	EXP 	slider: markerPos = 3.1911111111111112
52.5645 	EXP 	slider: markerPos = 3.1911111111111112
52.5809 	EXP 	slider: markerPos = 3.1911111111111112
52.5976 	EXP 	slider: markerPos = 3.1911111111111112
52.6146 	EXP 	slider: markerPos = 3.1911111111111112
52.6151 	DATA 	Mouse:  Left button up, pos=(763,458)
52.6310 	EXP 	slider: markerPos = 3.1911111111111112
52.6310 	EXP 	slider: rating = 3.1911111111111112
52.6328 	EXP 	New trial (rep=0, index=5): OrderedDict([('stim', 'stim/fif_g.wav')])
52.6477 	EXP 	slider: autoDraw = False
52.6477 	EXP 	text_3: autoDraw = False
52.6477 	EXP 	instructions_task: autoDraw = True
52.6477 	EXP 	text_2: autoDraw = True
52.8474 	EXP 	text_2: autoDraw = False
52.8811 	EXP 	fun: autoDraw = True
52.8811 	EXP 	fought: autoDraw = True
52.8811 	EXP 	feel: autoDraw = True
52.8811 	EXP 	fool: autoDraw = True
52.8811 	EXP 	son: autoDraw = True
52.8811 	EXP 	su: autoDraw = True
52.8811 	EXP 	fin: autoDraw = True
53.3213 	DATA 	Keypress: 4
53.3310 	EXP 	fun: autoDraw = False
53.3310 	EXP 	fought: autoDraw = False
53.3310 	EXP 	feel: autoDraw = False
53.3310 	EXP 	fool: autoDraw = False
53.3310 	EXP 	son: autoDraw = False
53.3310 	EXP 	su: autoDraw = False
53.3310 	EXP 	fin: autoDraw = False
53.3310 	EXP 	instructions_task: autoDraw = False
53.3310 	EXP 	text_2: autoDraw = False
53.3310 	EXP 	slider: markerPos = None
53.3310 	EXP 	slider: markerPos = None
53.3310 	EXP 	slider: rating = None
53.3310 	EXP 	slider: autoDraw = True
53.3310 	EXP 	text_3: autoDraw = True
53.5854 	DATA 	Mouse: Left button down, pos=(763,450)
53.6152 	EXP 	slider: markerPos = 3.1911111111111112
53.6310 	EXP 	slider: markerPos = 3.1911111111111112
53.6478 	EXP 	slider: markerPos = 3.1911111111111112
53.6650 	EXP 	slider: markerPos = 3.1911111111111112
53.6818 	EXP 	slider: markerPos = 3.1911111111111112
53.6974 	EXP 	slider: markerPos = 3.1911111111111112
53.6980 	DATA 	Mouse:  Left button up, pos=(763,450)
53.7136 	EXP 	slider: markerPos = 3.1911111111111112
53.7136 	EXP 	slider: rating = 3.1911111111111112
53.7155 	EXP 	New trial (rep=0, index=6): OrderedDict([('stim', 'stim/paf_g.wav')])
53.7311 	EXP 	slider: autoDraw = False
53.7311 	EXP 	text_3: autoDraw = False
53.7311 	EXP 	instructions_task: autoDraw = True
53.7311 	EXP 	text_2: autoDraw = True
53.9317 	EXP 	text_2: autoDraw = False
53.9649 	EXP 	fun: autoDraw = True
53.9649 	EXP 	fought: autoDraw = True
53.9649 	EXP 	feel: autoDraw = True
53.9649 	EXP 	fool: autoDraw = True
53.9649 	EXP 	son: autoDraw = True
53.9649 	EXP 	su: autoDraw = True
53.9649 	EXP 	fin: autoDraw = True
54.2660 	DATA 	Keypress: 4
54.2739 	EXP 	fun: autoDraw = False
54.2739 	EXP 	fought: autoDraw = False
54.2739 	EXP 	feel: autoDraw = False
54.2739 	EXP 	fool: autoDraw = False
54.2739 	EXP 	son: autoDraw = False
54.2739 	EXP 	su: autoDraw = False
54.2739 	EXP 	fin: autoDraw = False
54.2739 	EXP 	instructions_task: autoDraw = False
54.2739 	EXP 	text_2: autoDraw = False
54.2739 	EXP 	slider: markerPos = None
54.2739 	EXP 	slider: markerPos = None
54.2739 	EXP 	slider: rating = None
54.2739 	EXP 	slider: autoDraw = True
54.2739 	EXP 	text_3: autoDraw = True
54.3690 	DATA 	Mouse: Left button down, pos=(763,450)
54.3978 	EXP 	slider: markerPos = 3.1911111111111112
54.4152 	EXP 	slider: markerPos = 3.1911111111111112
54.4309 	EXP 	slider: markerPos = 3.1911111111111112
54.4471 	EXP 	slider: markerPos = 3.1911111111111112
54.4637 	EXP 	slider: markerPos = 3.1911111111111112
54.4817 	EXP 	slider: markerPos = 3.1911111111111112
54.4978 	EXP 	slider: markerPos = 3.1911111111111112
54.5146 	EXP 	slider: markerPos = 3.1911111111111112
54.5151 	DATA 	Mouse:  Left button up, pos=(763,450)
54.5311 	EXP 	slider: markerPos = 3.1911111111111112
54.5311 	EXP 	slider: rating = 3.1911111111111112
54.5329 	EXP 	New trial (rep=0, index=7): OrderedDict([('stim', 'stim/f_schwa_g.wav')])
54.5487 	EXP 	slider: autoDraw = False
54.5487 	EXP 	text_3: autoDraw = False
54.5487 	EXP 	instructions_task: autoDraw = True
54.5487 	EXP 	text_2: autoDraw = True
54.7498 	EXP 	text_2: autoDraw = False
54.7809 	EXP 	fun: autoDraw = True
54.7809 	EXP 	fought: autoDraw = True
54.7809 	EXP 	feel: autoDraw = True
54.7809 	EXP 	fool: autoDraw = True
54.7809 	EXP 	son: autoDraw = True
54.7809 	EXP 	su: autoDraw = True
54.7809 	EXP 	fin: autoDraw = True
55.1698 	DATA 	Keypress: 4
55.1979 	EXP 	fun: autoDraw = False
55.1979 	EXP 	fought: autoDraw = False
55.1979 	EXP 	feel: autoDraw = False
55.1979 	EXP 	fool: autoDraw = False
55.1979 	EXP 	son: autoDraw = False
55.1979 	EXP 	su: autoDraw = False
55.1979 	EXP 	fin: autoDraw = False
55.1979 	EXP 	instructions_task: autoDraw = False
55.1979 	EXP 	text_2: autoDraw = False
55.1979 	EXP 	slider: markerPos = None
55.1979 	EXP 	slider: markerPos = None
55.1979 	EXP 	slider: rating = None
55.1979 	EXP 	slider: autoDraw = True
55.1979 	EXP 	text_3: autoDraw = True
55.2189 	DATA 	Mouse: Left button down, pos=(763,450)
55.2474 	EXP 	slider: markerPos = 3.1911111111111112
55.2639 	EXP 	slider: markerPos = 3.1911111111111112
55.2822 	EXP 	slider: markerPos = 3.1911111111111112
55.2977 	EXP 	slider: markerPos = 3.1911111111111112
55.3145 	EXP 	slider: markerPos = 3.1911111111111112
55.3308 	EXP 	slider: markerPos = 3.1911111111111112
55.3488 	EXP 	slider: markerPos = 3.1911111111111112
55.3647 	EXP 	slider: markerPos = 3.1911111111111112
55.3652 	DATA 	Mouse:  Left button up, pos=(763,450)
55.3811 	EXP 	slider: markerPos = 3.1911111111111112
55.3811 	EXP 	slider: rating = 3.1911111111111112
55.3978 	EXP 	slider: autoDraw = False
55.3978 	EXP 	text_3: autoDraw = False
55.3978 	EXP 	insructions: autoDraw = True
56.3231 	EXP 	Imported condition_file/trials.csv as conditions, 49 conditions, 4 params
56.3238 	EXP 	Created sequence: random, trialTypes=49, nReps=1, seed=None
56.3241 	EXP 	New trial (rep=0, index=0): OrderedDict([('stim1', 'stim/Step_2.wav'), ('stim2', 'stim/Step_3.wav'), ('distance', -1), ('isCorrect', 1)])
56.3296 	DATA 	Keypress: space
56.3342 	EXP 	insructions: autoDraw = False
56.3342 	EXP 	text_trial_cross: autoDraw = True
56.5493 	EXP 	text_trial_cross: autoDraw = False
56.5822 	EXP 	text_response_same: autoDraw = True
56.5822 	EXP 	text_response_diff: autoDraw = True
59.3165 	EXP 	New trial (rep=0, index=1): OrderedDict([('stim1', 'stim/Step_4.wav'), ('stim2', 'stim/Step_5.wav'), ('distance', -1), ('isCorrect', 1)])
59.3316 	EXP 	text_response_same: autoDraw = False
59.3316 	EXP 	text_response_diff: autoDraw = False
59.3316 	EXP 	text_trial_cross: autoDraw = False
59.3316 	EXP 	text_trial_cross: autoDraw = True
59.5318 	EXP 	text_trial_cross: autoDraw = False
59.5650 	EXP 	text_response_same: autoDraw = True
59.5650 	EXP 	text_response_diff: autoDraw = True
61.7503 	EXP 	New trial (rep=0, index=2): OrderedDict([('stim1', 'stim/Step_3.wav'), ('stim2', 'stim/Step_1.wav'), ('distance', 2), ('isCorrect', 1)])
61.7558 	DATA 	Keypress: 0
61.7647 	EXP 	text_response_same: autoDraw = False
61.7647 	EXP 	text_response_diff: autoDraw = False
61.7647 	EXP 	text_trial_cross: autoDraw = False
61.7647 	EXP 	text_trial_cross: autoDraw = True
61.9651 	EXP 	text_trial_cross: autoDraw = False
61.9985 	EXP 	text_response_same: autoDraw = True
61.9985 	EXP 	text_response_diff: autoDraw = True
63.6497 	EXP 	New trial (rep=0, index=3): OrderedDict([('stim1', 'stim/Step_3.wav'), ('stim2', 'stim/Step_7.wav'), ('distance', -4), ('isCorrect', 1)])
63.6552 	DATA 	Keypress: 1
63.6646 	EXP 	text_response_same: autoDraw = False
63.6646 	EXP 	text_response_diff: autoDraw = False
63.6646 	EXP 	text_trial_cross: autoDraw = False
63.6646 	EXP 	text_trial_cross: autoDraw = True
63.8658 	EXP 	text_trial_cross: autoDraw = False
63.8992 	EXP 	text_response_same: autoDraw = True
63.8992 	EXP 	text_response_diff: autoDraw = True
65.6000 	EXP 	New trial (rep=0, index=4): OrderedDict([('stim1', 'stim/Step_7.wav'), ('stim2', 'stim/Step_6.wav'), ('distance', 1), ('isCorrect', 1)])
65.6045 	DATA 	Keypress: 0
65.6152 	EXP 	text_response_same: autoDraw = False
65.6152 	EXP 	text_response_diff: autoDraw = False
65.6152 	EXP 	text_trial_cross: autoDraw = False
65.6152 	EXP 	text_trial_cross: autoDraw = True
65.8322 	EXP 	text_trial_cross: autoDraw = False
65.8486 	EXP 	text_response_same: autoDraw = True
65.8486 	EXP 	text_response_diff: autoDraw = True
67.3159 	EXP 	New trial (rep=0, index=5): OrderedDict([('stim1', 'stim/Step_4.wav'), ('stim2', 'stim/Step_4.wav'), ('distance', 0), ('isCorrect', 0)])
67.3194 	DATA 	Keypress: 0
67.3316 	EXP 	text_response_same: autoDraw = False
67.3316 	EXP 	text_response_diff: autoDraw = False
67.3316 	EXP 	text_trial_cross: autoDraw = False
67.3316 	EXP 	text_trial_cross: autoDraw = True
67.5325 	EXP 	text_trial_cross: autoDraw = False
67.5658 	EXP 	text_response_same: autoDraw = True
67.5658 	EXP 	text_response_diff: autoDraw = True
69.1835 	EXP 	New trial (rep=0, index=6): OrderedDict([('stim1', 'stim/Step_6.wav'), ('stim2', 'stim/Step_1.wav'), ('distance', 5), ('isCorrect', 1)])
69.1873 	DATA 	Keypress: 1
69.1996 	EXP 	text_response_same: autoDraw = False
69.1996 	EXP 	text_response_diff: autoDraw = False
69.1996 	EXP 	text_trial_cross: autoDraw = False
69.1996 	EXP 	text_trial_cross: autoDraw = True
69.4163 	EXP 	text_trial_cross: autoDraw = False
69.4313 	EXP 	text_response_same: autoDraw = True
69.4313 	EXP 	text_response_diff: autoDraw = True
71.4003 	EXP 	New trial (rep=0, index=7): OrderedDict([('stim1', 'stim/Step_1.wav'), ('stim2', 'stim/Step_5.wav'), ('distance', -4), ('isCorrect', 1)])
71.4039 	DATA 	Keypress: 0
71.4163 	EXP 	text_response_same: autoDraw = False
71.4163 	EXP 	text_response_diff: autoDraw = False
71.4163 	EXP 	text_trial_cross: autoDraw = False
71.4163 	EXP 	text_trial_cross: autoDraw = True
71.6326 	EXP 	text_trial_cross: autoDraw = False
71.6475 	EXP 	text_response_same: autoDraw = True
71.6475 	EXP 	text_response_diff: autoDraw = True
73.2673 	EXP 	New trial (rep=0, index=8): OrderedDict([('stim1', 'stim/Step_6.wav'), ('stim2', 'stim/Step_3.wav'), ('distance', 3), ('isCorrect', 1)])
73.2708 	DATA 	Keypress: 1
73.2834 	EXP 	text_response_same: autoDraw = False
73.2834 	EXP 	text_response_diff: autoDraw = False
73.2834 	EXP 	text_trial_cross: autoDraw = False
73.2834 	EXP 	text_trial_cross: autoDraw = True
73.4987 	EXP 	text_trial_cross: autoDraw = False
73.5147 	EXP 	text_response_same: autoDraw = True
73.5147 	EXP 	text_response_diff: autoDraw = True
75.2000 	EXP 	New trial (rep=0, index=9): OrderedDict([('stim1', 'stim/Step_6.wav'), ('stim2', 'stim/Step_4.wav'), ('distance', 2), ('isCorrect', 1)])
75.2037 	DATA 	Keypress: 0
75.2153 	EXP 	text_response_same: autoDraw = False
75.2153 	EXP 	text_response_diff: autoDraw = False
75.2153 	EXP 	text_trial_cross: autoDraw = False
75.2153 	EXP 	text_trial_cross: autoDraw = True
75.4163 	EXP 	text_trial_cross: autoDraw = False
75.4490 	EXP 	text_response_same: autoDraw = True
75.4490 	EXP 	text_response_diff: autoDraw = True
77.0840 	EXP 	New trial (rep=0, index=10): OrderedDict([('stim1', 'stim/Step_3.wav'), ('stim2', 'stim/Step_4.wav'), ('distance', -1), ('isCorrect', 1)])
77.0876 	DATA 	Keypress: 0
77.0994 	EXP 	text_response_same: autoDraw = False
77.0994 	EXP 	text_response_diff: autoDraw = False
77.0994 	EXP 	text_trial_cross: autoDraw = False
77.0994 	EXP 	text_trial_cross: autoDraw = True
77.2989 	EXP 	text_trial_cross: autoDraw = False
77.3315 	EXP 	text_response_same: autoDraw = True
77.3315 	EXP 	text_response_diff: autoDraw = True
78.9166 	EXP 	New trial (rep=0, index=11): OrderedDict([('stim1', 'stim/Step_1.wav'), ('stim2', 'stim/Step_2.wav'), ('distance', -1), ('isCorrect', 1)])
78.9202 	DATA 	Keypress: 1
78.9322 	EXP 	text_response_same: autoDraw = False
78.9322 	EXP 	text_response_diff: autoDraw = False
78.9322 	EXP 	text_trial_cross: autoDraw = False
78.9322 	EXP 	text_trial_cross: autoDraw = True
79.1314 	EXP 	text_trial_cross: autoDraw = False
79.1656 	EXP 	text_response_same: autoDraw = True
79.1656 	EXP 	text_response_diff: autoDraw = True
80.6334 	EXP 	New trial (rep=0, index=12): OrderedDict([('stim1', 'stim/Step_6.wav'), ('stim2', 'stim/Step_2.wav'), ('distance', 4), ('isCorrect', 1)])
80.6368 	DATA 	Keypress: 1
80.6483 	EXP 	text_response_same: autoDraw = False
80.6483 	EXP 	text_response_diff: autoDraw = False
80.6483 	EXP 	text_trial_cross: autoDraw = False
80.6483 	EXP 	text_trial_cross: autoDraw = True
80.8485 	EXP 	text_trial_cross: autoDraw = False
80.8833 	EXP 	text_response_same: autoDraw = True
80.8833 	EXP 	text_response_diff: autoDraw = True
82.5004 	EXP 	New trial (rep=0, index=13): OrderedDict([('stim1', 'stim/Step_5.wav'), ('stim2', 'stim/Step_2.wav'), ('distance', 3), ('isCorrect', 1)])
82.5040 	DATA 	Keypress: 0
82.5159 	EXP 	text_response_same: autoDraw = False
82.5159 	EXP 	text_response_diff: autoDraw = False
82.5159 	EXP 	text_trial_cross: autoDraw = False
82.5159 	EXP 	text_trial_cross: autoDraw = True
82.7155 	EXP 	text_trial_cross: autoDraw = False
82.7500 	EXP 	text_response_same: autoDraw = True
82.7500 	EXP 	text_response_diff: autoDraw = True
84.5834 	EXP 	New trial (rep=0, index=14): OrderedDict([('stim1', 'stim/Step_4.wav'), ('stim2', 'stim/Step_6.wav'), ('distance', -2), ('isCorrect', 1)])
84.5868 	DATA 	Keypress: 0
84.5981 	EXP 	text_response_same: autoDraw = False
84.5981 	EXP 	text_response_diff: autoDraw = False
84.5981 	EXP 	text_trial_cross: autoDraw = False
84.5981 	EXP 	text_trial_cross: autoDraw = True
84.7994 	EXP 	text_trial_cross: autoDraw = False
84.8328 	EXP 	text_response_same: autoDraw = True
84.8328 	EXP 	text_response_diff: autoDraw = True
86.6837 	EXP 	New trial (rep=0, index=15): OrderedDict([('stim1', 'stim/Step_2.wav'), ('stim2', 'stim/Step_5.wav'), ('distance', -3), ('isCorrect', 1)])
86.6869 	DATA 	Keypress: 1
86.6990 	EXP 	text_response_same: autoDraw = False
86.6990 	EXP 	text_response_diff: autoDraw = False
86.6990 	EXP 	text_trial_cross: autoDraw = False
86.6990 	EXP 	text_trial_cross: autoDraw = True
86.8986 	EXP 	text_trial_cross: autoDraw = False
86.9326 	EXP 	text_response_same: autoDraw = True
86.9326 	EXP 	text_response_diff: autoDraw = True
88.5842 	EXP 	New trial (rep=0, index=16): OrderedDict([('stim1', 'stim/Step_3.wav'), ('stim2', 'stim/Step_3.wav'), ('distance', 0), ('isCorrect', 0)])
88.5876 	DATA 	Keypress: 0
88.5985 	EXP 	text_response_same: autoDraw = False
88.5985 	EXP 	text_response_diff: autoDraw = False
88.5985 	EXP 	text_trial_cross: autoDraw = False
88.5985 	EXP 	text_trial_cross: autoDraw = True
88.7987 	EXP 	text_trial_cross: autoDraw = False
88.8329 	EXP 	text_response_same: autoDraw = True
88.8329 	EXP 	text_response_diff: autoDraw = True
90.7997 	EXP 	New trial (rep=0, index=17): OrderedDict([('stim1', 'stim/Step_3.wav'), ('stim2', 'stim/Step_2.wav'), ('distance', 1), ('isCorrect', 1)])
90.8031 	DATA 	Keypress: 1
90.8152 	EXP 	text_response_same: autoDraw = False
90.8152 	EXP 	text_response_diff: autoDraw = False
90.8152 	EXP 	text_trial_cross: autoDraw = False
90.8152 	EXP 	text_trial_cross: autoDraw = True
91.0160 	EXP 	text_trial_cross: autoDraw = False
91.0490 	EXP 	text_response_same: autoDraw = True
91.0490 	EXP 	text_response_diff: autoDraw = True
92.8505 	EXP 	New trial (rep=0, index=18): OrderedDict([('stim1', 'stim/Step_1.wav'), ('stim2', 'stim/Step_4.wav'), ('distance', -3), ('isCorrect', 1)])
92.8541 	DATA 	Keypress: 1
92.8652 	EXP 	text_response_same: autoDraw = False
92.8652 	EXP 	text_response_diff: autoDraw = False
92.8652 	EXP 	text_trial_cross: autoDraw = False
92.8652 	EXP 	text_trial_cross: autoDraw = True
93.0663 	EXP 	text_trial_cross: autoDraw = False
93.0998 	EXP 	text_response_same: autoDraw = True
93.0998 	EXP 	text_response_diff: autoDraw = True
94.6839 	EXP 	New trial (rep=0, index=19): OrderedDict([('stim1', 'stim/Step_2.wav'), ('stim2', 'stim/Step_7.wav'), ('distance', -5), ('isCorrect', 1)])
94.6874 	DATA 	Keypress: 0
94.6987 	EXP 	text_response_same: autoDraw = False
94.6987 	EXP 	text_response_diff: autoDraw = False
94.6987 	EXP 	text_trial_cross: autoDraw = False
94.6987 	EXP 	text_trial_cross: autoDraw = True
94.8989 	EXP 	text_trial_cross: autoDraw = False
94.9327 	EXP 	text_response_same: autoDraw = True
94.9327 	EXP 	text_response_diff: autoDraw = True
96.6506 	EXP 	New trial (rep=0, index=20): OrderedDict([('stim1', 'stim/Step_5.wav'), ('stim2', 'stim/Step_5.wav'), ('distance', 0), ('isCorrect', 0)])
96.6544 	DATA 	Keypress: 0
96.6662 	EXP 	text_response_same: autoDraw = False
96.6662 	EXP 	text_response_diff: autoDraw = False
96.6662 	EXP 	text_trial_cross: autoDraw = False
96.6662 	EXP 	text_trial_cross: autoDraw = True
96.8664 	EXP 	text_trial_cross: autoDraw = False
96.8996 	EXP 	text_response_same: autoDraw = True
96.8996 	EXP 	text_response_diff: autoDraw = True
98.4340 	EXP 	New trial (rep=0, index=21): OrderedDict([('stim1', 'stim/Step_4.wav'), ('stim2', 'stim/Step_7.wav'), ('distance', -3), ('isCorrect', 1)])
98.4374 	DATA 	Keypress: 0
98.4495 	EXP 	text_response_same: autoDraw = False
98.4495 	EXP 	text_response_diff: autoDraw = False
98.4495 	EXP 	text_trial_cross: autoDraw = False
98.4495 	EXP 	text_trial_cross: autoDraw = True
98.6493 	EXP 	text_trial_cross: autoDraw = False
98.6835 	EXP 	text_response_same: autoDraw = True
98.6835 	EXP 	text_response_diff: autoDraw = True
100.8509 	EXP 	New trial (rep=0, index=22): OrderedDict([('stim1', 'stim/Step_5.wav'), ('stim2', 'stim/Step_6.wav'), ('distance', -1), ('isCorrect', 1)])
100.8542 	DATA 	Keypress: 0
100.8653 	EXP 	text_response_same: autoDraw = False
100.8653 	EXP 	text_response_diff: autoDraw = False
100.8653 	EXP 	text_trial_cross: autoDraw = False
100.8653 	EXP 	text_trial_cross: autoDraw = True
101.0663 	EXP 	text_trial_cross: autoDraw = False
101.0991 	EXP 	text_response_same: autoDraw = True
101.0991 	EXP 	text_response_diff: autoDraw = True
102.9858 	EXP 	New trial (rep=0, index=23): OrderedDict([('stim1', 'stim/Step_5.wav'), ('stim2', 'stim/Step_4.wav'), ('distance', 1), ('isCorrect', 1)])
102.9892 	DATA 	Keypress: 0
102.9987 	EXP 	text_response_same: autoDraw = False
102.9987 	EXP 	text_response_diff: autoDraw = False
102.9987 	EXP 	text_trial_cross: autoDraw = False
102.9987 	EXP 	text_trial_cross: autoDraw = True
103.1998 	EXP 	text_trial_cross: autoDraw = False
103.2329 	EXP 	text_response_same: autoDraw = True
103.2329 	EXP 	text_response_diff: autoDraw = True
105.0176 	EXP 	New trial (rep=0, index=24): OrderedDict([('stim1', 'stim/Step_3.wav'), ('stim2', 'stim/Step_5.wav'), ('distance', -2), ('isCorrect', 1)])
105.0228 	DATA 	Keypress: 0
105.0328 	EXP 	text_response_same: autoDraw = False
105.0328 	EXP 	text_response_diff: autoDraw = False
105.0328 	EXP 	text_trial_cross: autoDraw = False
105.0328 	EXP 	text_trial_cross: autoDraw = True
105.2335 	EXP 	text_trial_cross: autoDraw = False
105.2663 	EXP 	text_response_same: autoDraw = True
105.2663 	EXP 	text_response_diff: autoDraw = True
106.7840 	EXP 	New trial (rep=0, index=25): OrderedDict([('stim1', 'stim/Step_1.wav'), ('stim2', 'stim/Step_6.wav'), ('distance', -5), ('isCorrect', 1)])
106.7880 	DATA 	Keypress: 0
106.8004 	EXP 	text_response_same: autoDraw = False
106.8004 	EXP 	text_response_diff: autoDraw = False
106.8004 	EXP 	text_trial_cross: autoDraw = False
106.8004 	EXP 	text_trial_cross: autoDraw = True
106.9996 	EXP 	text_trial_cross: autoDraw = False
107.0333 	EXP 	text_response_same: autoDraw = True
107.0333 	EXP 	text_response_diff: autoDraw = True
108.7846 	EXP 	New trial (rep=0, index=26): OrderedDict([('stim1', 'stim/Step_4.wav'), ('stim2', 'stim/Step_3.wav'), ('distance', 1), ('isCorrect', 1)])
108.7883 	DATA 	Keypress: 0
108.7994 	EXP 	text_response_same: autoDraw = False
108.7994 	EXP 	text_response_diff: autoDraw = False
108.7994 	EXP 	text_trial_cross: autoDraw = False
108.7994 	EXP 	text_trial_cross: autoDraw = True
108.9999 	EXP 	text_trial_cross: autoDraw = False
109.0330 	EXP 	text_response_same: autoDraw = True
109.0330 	EXP 	text_response_diff: autoDraw = True
111.1840 	EXP 	New trial (rep=0, index=27): OrderedDict([('stim1', 'stim/Step_1.wav'), ('stim2', 'stim/Step_1.wav'), ('distance', 0), ('isCorrect', 0)])
111.1874 	DATA 	Keypress: 1
111.1990 	EXP 	text_response_same: autoDraw = False
111.1990 	EXP 	text_response_diff: autoDraw = False
111.1990 	EXP 	text_trial_cross: autoDraw = False
111.1990 	EXP 	text_trial_cross: autoDraw = True
111.3998 	EXP 	text_trial_cross: autoDraw = False
111.4333 	EXP 	text_response_same: autoDraw = True
111.4333 	EXP 	text_response_diff: autoDraw = True
113.0503 	EXP 	New trial (rep=0, index=28): OrderedDict([('stim1', 'stim/Step_5.wav'), ('stim2', 'stim/Step_3.wav'), ('distance', 2), ('isCorrect', 1)])
113.0540 	DATA 	Keypress: 1
113.0660 	EXP 	text_response_same: autoDraw = False
113.0660 	EXP 	text_response_diff: autoDraw = False
113.0660 	EXP 	text_trial_cross: autoDraw = False
113.0660 	EXP 	text_trial_cross: autoDraw = True
113.2665 	EXP 	text_trial_cross: autoDraw = False
113.2997 	EXP 	text_response_same: autoDraw = True
113.2997 	EXP 	text_response_diff: autoDraw = True
115.1847 	EXP 	New trial (rep=0, index=29): OrderedDict([('stim1', 'stim/Step_6.wav'), ('stim2', 'stim/Step_6.wav'), ('distance', 0), ('isCorrect', 0)])
115.1879 	DATA 	Keypress: 0
115.1983 	EXP 	text_response_same: autoDraw = False
115.1983 	EXP 	text_response_diff: autoDraw = False
115.1983 	EXP 	text_trial_cross: autoDraw = False
115.1983 	EXP 	text_trial_cross: autoDraw = True
115.3999 	EXP 	text_trial_cross: autoDraw = False
115.4337 	EXP 	text_response_same: autoDraw = True
115.4337 	EXP 	text_response_diff: autoDraw = True
117.3345 	EXP 	New trial (rep=0, index=30): OrderedDict([('stim1', 'stim/Step_4.wav'), ('stim2', 'stim/Step_2.wav'), ('distance', 2), ('isCorrect', 1)])
117.3385 	DATA 	Keypress: 1
117.3494 	EXP 	text_response_same: autoDraw = False
117.3494 	EXP 	text_response_diff: autoDraw = False
117.3494 	EXP 	text_trial_cross: autoDraw = False
117.3494 	EXP 	text_trial_cross: autoDraw = True
117.5499 	EXP 	text_trial_cross: autoDraw = False
117.5831 	EXP 	text_response_same: autoDraw = True
117.5831 	EXP 	text_response_diff: autoDraw = True
119.9199 	DATA 	Keypress: 0
119.9349 	EXP 	New trial (rep=0, index=31): OrderedDict([('stim1', 'stim/Step_6.wav'), ('stim2', 'stim/Step_5.wav'), ('distance', 1), ('isCorrect', 1)])
119.9494 	EXP 	text_response_same: autoDraw = False
119.9494 	EXP 	text_response_diff: autoDraw = False
119.9494 	EXP 	text_trial_cross: autoDraw = False
119.9494 	EXP 	text_trial_cross: autoDraw = True
120.1502 	EXP 	text_trial_cross: autoDraw = False
120.1834 	EXP 	text_response_same: autoDraw = True
120.1834 	EXP 	text_response_diff: autoDraw = True
122.3002 	EXP 	New trial (rep=0, index=32): OrderedDict([('stim1', 'stim/Step_2.wav'), ('stim2', 'stim/Step_4.wav'), ('distance', -2), ('isCorrect', 1)])
122.3037 	DATA 	Keypress: 0
122.3165 	EXP 	text_response_same: autoDraw = False
122.3165 	EXP 	text_response_diff: autoDraw = False
122.3165 	EXP 	text_trial_cross: autoDraw = False
122.3165 	EXP 	text_trial_cross: autoDraw = True
122.5164 	EXP 	text_trial_cross: autoDraw = False
122.5498 	EXP 	text_response_same: autoDraw = True
122.5498 	EXP 	text_response_diff: autoDraw = True
124.4004 	EXP 	New trial (rep=0, index=33): OrderedDict([('stim1', 'stim/Step_2.wav'), ('stim2', 'stim/Step_2.wav'), ('distance', 0), ('isCorrect', 0)])
124.4040 	DATA 	Keypress: 0
124.4162 	EXP 	text_response_same: autoDraw = False
124.4162 	EXP 	text_response_diff: autoDraw = False
124.4162 	EXP 	text_trial_cross: autoDraw = False
124.4162 	EXP 	text_trial_cross: autoDraw = True
124.6164 	EXP 	text_trial_cross: autoDraw = False
124.6493 	EXP 	text_response_same: autoDraw = True
124.6493 	EXP 	text_response_diff: autoDraw = True
126.3526 	DATA 	Keypress: 0
126.3685 	EXP 	New trial (rep=0, index=34): OrderedDict([('stim1', 'stim/Step_4.wav'), ('stim2', 'stim/Step_1.wav'), ('distance', 3), ('isCorrect', 1)])
126.3839 	EXP 	text_response_same: autoDraw = False
126.3839 	EXP 	text_response_diff: autoDraw = False
126.3839 	EXP 	text_trial_cross: autoDraw = False
126.3839 	EXP 	text_trial_cross: autoDraw = True
126.5824 	EXP 	text_trial_cross: autoDraw = False
126.6163 	EXP 	text_response_same: autoDraw = True
126.6163 	EXP 	text_response_diff: autoDraw = True
128.3835 	EXP 	New trial (rep=0, index=35): OrderedDict([('stim1', 'stim/Step_7.wav'), ('stim2', 'stim/Step_4.wav'), ('distance', 3), ('isCorrect', 1)])
128.3876 	DATA 	Keypress: 0
128.3995 	EXP 	text_response_same: autoDraw = False
128.3995 	EXP 	text_response_diff: autoDraw = False
128.3995 	EXP 	text_trial_cross: autoDraw = False
128.3995 	EXP 	text_trial_cross: autoDraw = True
128.6003 	EXP 	text_trial_cross: autoDraw = False
128.6331 	EXP 	text_response_same: autoDraw = True
128.6331 	EXP 	text_response_diff: autoDraw = True
130.4684 	EXP 	New trial (rep=0, index=36): OrderedDict([('stim1', 'stim/Step_5.wav'), ('stim2', 'stim/Step_7.wav'), ('distance', -2), ('isCorrect', 1)])
130.4728 	DATA 	Keypress: 0
130.4826 	EXP 	text_response_same: autoDraw = False
130.4826 	EXP 	text_response_diff: autoDraw = False
130.4826 	EXP 	text_trial_cross: autoDraw = False
130.4826 	EXP 	text_trial_cross: autoDraw = True
130.6831 	EXP 	text_trial_cross: autoDraw = False
130.7167 	EXP 	text_response_same: autoDraw = True
130.7167 	EXP 	text_response_diff: autoDraw = True
132.2681 	EXP 	New trial (rep=0, index=37): OrderedDict([('stim1', 'stim/Step_1.wav'), ('stim2', 'stim/Step_7.wav'), ('distance', -6), ('isCorrect', 1)])
132.2715 	DATA 	Keypress: 1
132.2828 	EXP 	text_response_same: autoDraw = False
132.2828 	EXP 	text_response_diff: autoDraw = False
132.2828 	EXP 	text_trial_cross: autoDraw = False
132.2828 	EXP 	text_trial_cross: autoDraw = True
132.4829 	EXP 	text_trial_cross: autoDraw = False
132.5166 	EXP 	text_response_same: autoDraw = True
132.5166 	EXP 	text_response_diff: autoDraw = True
134.2012 	EXP 	New trial (rep=0, index=38): OrderedDict([('stim1', 'stim/Step_7.wav'), ('stim2', 'stim/Step_5.wav'), ('distance', 2), ('isCorrect', 1)])
134.2047 	DATA 	Keypress: 0
134.2162 	EXP 	text_response_same: autoDraw = False
134.2162 	EXP 	text_response_diff: autoDraw = False
134.2162 	EXP 	text_trial_cross: autoDraw = False
134.2162 	EXP 	text_trial_cross: autoDraw = True
134.4171 	EXP 	text_trial_cross: autoDraw = False
134.4503 	EXP 	text_response_same: autoDraw = True
134.4503 	EXP 	text_response_diff: autoDraw = True
136.4350 	EXP 	New trial (rep=0, index=39): OrderedDict([('stim1', 'stim/Step_7.wav'), ('stim2', 'stim/Step_3.wav'), ('distance', 4), ('isCorrect', 1)])
136.4392 	DATA 	Keypress: 0
136.4494 	EXP 	text_response_same: autoDraw = False
136.4494 	EXP 	text_response_diff: autoDraw = False
136.4494 	EXP 	text_trial_cross: autoDraw = False
136.4494 	EXP 	text_trial_cross: autoDraw = True
136.6502 	EXP 	text_trial_cross: autoDraw = False
136.6833 	EXP 	text_response_same: autoDraw = True
136.6833 	EXP 	text_response_diff: autoDraw = True
137.9853 	EXP 	New trial (rep=0, index=40): OrderedDict([('stim1', 'stim/Step_6.wav'), ('stim2', 'stim/Step_7.wav'), ('distance', -1), ('isCorrect', 1)])
137.9894 	DATA 	Keypress: 1
137.9995 	EXP 	text_response_same: autoDraw = False
137.9995 	EXP 	text_response_diff: autoDraw = False
137.9995 	EXP 	text_trial_cross: autoDraw = False
137.9995 	EXP 	text_trial_cross: autoDraw = True
138.2003 	EXP 	text_trial_cross: autoDraw = False
138.2334 	EXP 	text_response_same: autoDraw = True
138.2334 	EXP 	text_response_diff: autoDraw = True
139.7184 	EXP 	New trial (rep=0, index=41): OrderedDict([('stim1', 'stim/Step_1.wav'), ('stim2', 'stim/Step_3.wav'), ('distance', -2), ('isCorrect', 1)])
139.7220 	DATA 	Keypress: 1
139.7336 	EXP 	text_response_same: autoDraw = False
139.7336 	EXP 	text_response_diff: autoDraw = False
139.7336 	EXP 	text_trial_cross: autoDraw = False
139.7336 	EXP 	text_trial_cross: autoDraw = True
139.9338 	EXP 	text_trial_cross: autoDraw = False
139.9668 	EXP 	text_response_same: autoDraw = True
139.9668 	EXP 	text_response_diff: autoDraw = True
141.4019 	EXP 	New trial (rep=0, index=42): OrderedDict([('stim1', 'stim/Step_2.wav'), ('stim2', 'stim/Step_6.wav'), ('distance', -4), ('isCorrect', 1)])
141.4055 	DATA 	Keypress: 1
141.4157 	EXP 	text_response_same: autoDraw = False
141.4157 	EXP 	text_response_diff: autoDraw = False
141.4157 	EXP 	text_trial_cross: autoDraw = False
141.4157 	EXP 	text_trial_cross: autoDraw = True
141.6170 	EXP 	text_trial_cross: autoDraw = False
141.6508 	EXP 	text_response_same: autoDraw = True
141.6508 	EXP 	text_response_diff: autoDraw = True
143.3685 	EXP 	New trial (rep=0, index=43): OrderedDict([('stim1', 'stim/Step_5.wav'), ('stim2', 'stim/Step_1.wav'), ('distance', 4), ('isCorrect', 1)])
143.3719 	DATA 	Keypress: 0
143.3832 	EXP 	text_response_same: autoDraw = False
143.3832 	EXP 	text_response_diff: autoDraw = False
143.3832 	EXP 	text_trial_cross: autoDraw = False
143.3832 	EXP 	text_trial_cross: autoDraw = True
143.5839 	EXP 	text_trial_cross: autoDraw = False
143.6168 	EXP 	text_response_same: autoDraw = True
143.6168 	EXP 	text_response_diff: autoDraw = True
145.6356 	EXP 	New trial (rep=0, index=44): OrderedDict([('stim1', 'stim/Step_7.wav'), ('stim2', 'stim/Step_7.wav'), ('distance', 0), ('isCorrect', 0)])
145.6396 	DATA 	Keypress: 0
145.6511 	EXP 	text_response_same: autoDraw = False
145.6511 	EXP 	text_response_diff: autoDraw = False
145.6511 	EXP 	text_trial_cross: autoDraw = False
145.6511 	EXP 	text_trial_cross: autoDraw = True
145.8512 	EXP 	text_trial_cross: autoDraw = False
145.8837 	EXP 	text_response_same: autoDraw = True
145.8837 	EXP 	text_response_diff: autoDraw = True
147.9345 	EXP 	New trial (rep=0, index=45): OrderedDict([('stim1', 'stim/Step_7.wav'), ('stim2', 'stim/Step_2.wav'), ('distance', 5), ('isCorrect', 1)])
147.9378 	DATA 	Keypress: 0
147.9500 	EXP 	text_response_same: autoDraw = False
147.9500 	EXP 	text_response_diff: autoDraw = False
147.9500 	EXP 	text_trial_cross: autoDraw = False
147.9500 	EXP 	text_trial_cross: autoDraw = True
148.1510 	EXP 	text_trial_cross: autoDraw = False
148.1848 	EXP 	text_response_same: autoDraw = True
148.1848 	EXP 	text_response_diff: autoDraw = True
149.7854 	EXP 	New trial (rep=0, index=46): OrderedDict([('stim1', 'stim/Step_3.wav'), ('stim2', 'stim/Step_6.wav'), ('distance', -3), ('isCorrect', 1)])
149.7889 	DATA 	Keypress: 0
149.8001 	EXP 	text_response_same: autoDraw = False
149.8001 	EXP 	text_response_diff: autoDraw = False
149.8001 	EXP 	text_trial_cross: autoDraw = False
149.8001 	EXP 	text_trial_cross: autoDraw = True
150.0006 	EXP 	text_trial_cross: autoDraw = False
150.0346 	EXP 	text_response_same: autoDraw = True
150.0346 	EXP 	text_response_diff: autoDraw = True
151.5857 	EXP 	New trial (rep=0, index=47): OrderedDict([('stim1', 'stim/Step_2.wav'), ('stim2', 'stim/Step_1.wav'), ('distance', 1), ('isCorrect', 1)])
151.5892 	DATA 	Keypress: 1
151.5996 	EXP 	text_response_same: autoDraw = False
151.5996 	EXP 	text_response_diff: autoDraw = False
151.5996 	EXP 	text_trial_cross: autoDraw = False
151.5996 	EXP 	text_trial_cross: autoDraw = True
151.8008 	EXP 	text_trial_cross: autoDraw = False
151.8342 	EXP 	text_response_same: autoDraw = True
151.8342 	EXP 	text_response_diff: autoDraw = True
153.3011 	EXP 	New trial (rep=0, index=48): OrderedDict([('stim1', 'stim/Step_7.wav'), ('stim2', 'stim/Step_1.wav'), ('distance', 6), ('isCorrect', 1)])
153.3047 	DATA 	Keypress: 0
153.3171 	EXP 	text_response_same: autoDraw = False
153.3171 	EXP 	text_response_diff: autoDraw = False
153.3171 	EXP 	text_trial_cross: autoDraw = False
153.3171 	EXP 	text_trial_cross: autoDraw = True
153.5167 	EXP 	text_trial_cross: autoDraw = False
153.5509 	EXP 	text_response_same: autoDraw = True
153.5509 	EXP 	text_response_diff: autoDraw = True
154.9545 	DATA 	Keypress: 1
154.9669 	EXP 	text_response_same: autoDraw = False
154.9669 	EXP 	text_response_diff: autoDraw = False
154.9669 	EXP 	text_trial_cross: autoDraw = False
154.9669 	EXP 	text_end: autoDraw = True
156.5279 	DATA 	Keypress: escape
156.8947 	EXP 	window1: mouseVisible = True
