0.7399 	WARNING 	We strongly recommend you activate the PTB sound engine in PsychoPy prefs as the preferred audio engine. Its timing is vastly superior. Your prefs are currently set to use ['sounddevice', 'PTB', 'pyo', 'pygame'] (in that order).
5.2111 	WARNING 	User requested fullscreen with size [1024  768], but screen is actually [1440, 900]. Using actual size
5.8401 	EXP 	Created window1 = Window(allowGUI=False, allowStencil=False, autoLog=True, backendConf=UNKNOWN, bitsMode=UNKNOWN, blendMode='avg', bpc=(8, 8, 8), color=array([0, 0, 0]), colorSpace='rgb', depthBits=8, fullscr=<method-wrapper '__getattribute__' of attributeSetter object at 0x7fb094a40c88>, gamma=None, gammaErrorPolicy='raise', lms=UNKNOWN, monitor=<psychopy.monitors.calibTools.Monitor object at 0x7fb092e3ce80>, multiSample=False, name='window1', numSamples=2, pos=[360.0, 225.0], screen=0, size=array([2880, 1800]), stencilBits=0, stereo=False, units='height', useFBO=True, useRetina=True, viewOri=0.0, viewPos=None, viewScale=None, waitBlanking=True, winType='pyglet')
5.8404 	EXP 	window1: mouseVisible = True
5.8404 	EXP 	window1: recordFrameIntervals = False
6.0071 	EXP 	window1: recordFrameIntervals = True
6.1906 	EXP 	window1: recordFrameIntervals = False
7.0573 	EXP 	Created text = TextStim(__class__=<class 'psychopy.visual.text.TextStim'>, alignHoriz=method-wrapper(...), alignText='center', alignVert=method-wrapper(...), anchorHoriz='center', anchorVert='center', antialias=True, autoLog=True, bold=False, color=array([1., 1., 1.]), colorSpace='rgb', contrast=1.0, depth=-1.0, flipHoriz=False, flipVert=False, font='Open Sans', fontFiles=[], height=0.1, italic=False, languageStyle='LTR', name='text', opacity=1, ori=0.0, pos=array([0., 0.]), rgb=UNKNOWN, text='Welcome and press space to begin', units='height', win=Window(...), wrapWidth=1)
7.0625 	EXP 	Created fun = TextStim(__class__=<class 'psychopy.visual.text.TextStim'>, alignHoriz=method-wrapper(...), alignText='center', alignVert=method-wrapper(...), anchorHoriz='center', anchorVert='center', antialias=True, autoLog=True, bold=False, color=array([-1.        ,  0.00392157, -1.        ]), colorSpace='rgb', contrast=1.0, depth=0.0, flipHoriz=False, flipVert=False, font='Open Sans', fontFiles=[], height=0.05, italic=False, languageStyle='LTR', name='fun', opacity=1, ori=0.0, pos=array([-0.45,  0.25]), rgb=UNKNOWN, text='fun (1)', units='height', win=Window(...), wrapWidth=1)
7.0661 	EXP 	Created fought = TextStim(__class__=<class 'psychopy.visual.text.TextStim'>, alignHoriz=method-wrapper(...), alignText='center', alignVert=method-wrapper(...), anchorHoriz='center', anchorVert='center', antialias=True, autoLog=True, bold=False, color=array([-1.        ,  0.00392157, -1.        ]), colorSpace='rgb', contrast=1.0, depth=-1.0, flipHoriz=False, flipVert=False, font='Open Sans', fontFiles=[], height=0.05, italic=False, languageStyle='LTR', name='fought', opacity=1, ori=0.0, pos=array([0.  , 0.25]), rgb=UNKNOWN, text='fought (2)', units='height', win=Window(...), wrapWidth=1)
7.0688 	EXP 	Created feel = TextStim(__class__=<class 'psychopy.visual.text.TextStim'>, alignHoriz=method-wrapper(...), alignText='center', alignVert=method-wrapper(...), anchorHoriz='center', anchorVert='center', antialias=True, autoLog=True, bold=False, color=array([-1.        ,  0.00392157, -1.        ]), colorSpace='rgb', contrast=1.0, depth=-2.0, flipHoriz=False, flipVert=False, font='Open Sans', fontFiles=[], height=0.05, italic=False, languageStyle='LTR', name='feel', opacity=1, ori=0.0, pos=array([0.45, 0.25]), rgb=UNKNOWN, text='feel (3)', units='height', win=Window(...), wrapWidth=1)
7.0712 	EXP 	Created fool = TextStim(__class__=<class 'psychopy.visual.text.TextStim'>, alignHoriz=method-wrapper(...), alignText='center', alignVert=method-wrapper(...), anchorHoriz='center', anchorVert='center', antialias=True, autoLog=True, bold=False, color=array([-1.        ,  0.00392157, -1.        ]), colorSpace='rgb', contrast=1.0, depth=-3.0, flipHoriz=False, flipVert=False, font='Open Sans', fontFiles=[], height=0.05, italic=False, languageStyle='LTR', name='fool', opacity=1, ori=0.0, pos=array([0., 0.]), rgb=UNKNOWN, text='fool (4)', units='height', win=Window(...), wrapWidth=1)
7.0737 	EXP 	Created son = TextStim(__class__=<class 'psychopy.visual.text.TextStim'>, alignHoriz=method-wrapper(...), alignText='center', alignVert=method-wrapper(...), anchorHoriz='center', anchorVert='center', antialias=True, autoLog=True, bold=False, color=array([1., 1., 1.]), colorSpace='rgb', contrast=1.0, depth=-4.0, flipHoriz=False, flipVert=False, font='Open Sans', fontFiles=[], height=0.05, italic=False, languageStyle='LTR', name='son', opacity=1, ori=0.0, pos=array([-0.45, -0.25]), rgb=UNKNOWN, text='son (5)', units='height', win=Window(...), wrapWidth=1)
7.0759 	EXP 	Created su = TextStim(__class__=<class 'psychopy.visual.text.TextStim'>, alignHoriz=method-wrapper(...), alignText='center', alignVert=method-wrapper(...), anchorHoriz='center', anchorVert='center', antialias=True, autoLog=True, bold=False, color=array([1., 1., 1.]), colorSpace='rgb', contrast=1.0, depth=-5.0, flipHoriz=False, flipVert=False, font='Open Sans', fontFiles=[], height=0.05, italic=False, languageStyle='LTR', name='su', opacity=1, ori=0.0, pos=array([ 0.  , -0.25]), rgb=UNKNOWN, text='su (6)', units='height', win=Window(...), wrapWidth=1)
7.0785 	EXP 	Created fin = TextStim(__class__=<class 'psychopy.visual.text.TextStim'>, alignHoriz=method-wrapper(...), alignText='center', alignVert=method-wrapper(...), anchorHoriz='center', anchorVert='center', antialias=True, autoLog=True, bold=False, color=array([1., 1., 1.]), colorSpace='rgb', contrast=1.0, depth=-6.0, flipHoriz=False, flipVert=False, font='Open Sans', fontFiles=[], height=0.05, italic=False, languageStyle='LTR', name='fin', opacity=1, ori=0.0, pos=array([ 0.45, -0.25]), rgb=UNKNOWN, text='fin (7)', units='height', win=Window(...), wrapWidth=1)
7.0931 	EXP 	Created instructions_task = TextStim(__class__=<class 'psychopy.visual.text.TextStim'>, alignHoriz=method-wrapper(...), alignText='center', alignVert=method-wrapper(...), anchorHoriz='center', anchorVert='center', antialias=True, autoLog=True, bold=False, color=array([1., 1., 1.]), colorSpace='rgb', contrast=1.0, depth=-7.0, flipHoriz=False, flipVert=False, font='Open Sans', fontFiles=[], height=0.03, italic=False, languageStyle='LTR', name='instructions_task', opacity=1, ori=0.0, pos=array([0. , 0.4]), rgb=UNKNOWN, text=str(...), units='height', win=Window(...), wrapWidth=1)
7.2955 	EXP 	Sound stimulus set volume 1.000
7.2990 	EXP 	Created text_2 = TextStim(__class__=<class 'psychopy.visual.text.TextStim'>, alignHoriz=method-wrapper(...), alignText='center', alignVert=method-wrapper(...), anchorHoriz='center', anchorVert='center', antialias=True, autoLog=True, bold=False, color=array([ 1., -1., -1.]), colorSpace='rgb', contrast=1.0, depth=-10.0, flipHoriz=False, flipVert=False, font='Open Sans', fontFiles=[], height=0.1, italic=False, languageStyle='LTR', name='text_2', opacity=1, ori=0.0, pos=array([0., 0.]), rgb=UNKNOWN, text='+', units='height', win=Window(...), wrapWidth=1)
7.3113 	EXP 	window1: mouseVisible = True
7.3214 	EXP 	Created slider = Slider(__class__=<class 'psychopy.visual.slider.Slider'>, autoDraw=False, autoLog=True, borderColor=None, color=None, colorSpace='rgb', depth=0, fillColor=None, flip=False, font='Open Sans', granularity=0.0, labelHeight=0.05, labelWrapWidth=None, labels=None, name='slider', opacity=None, pos=(0, -0.4), readOnly=False, self=UNKNOWN, size=(1.0, 0.1), startValue=None, style=method-wrapper(...), styleTweaks=method-wrapper(...), ticks=array([1, 2, 3, 4, 5]), units='height', win=Window(...))
7.3355 	EXP 	slider: autoLog = True
7.3355 	EXP 	slider: markerPos = None
7.3355 	EXP 	slider: rating = None
7.3355 	EXP 	slider: markerPos = None
7.3355 	EXP 	slider: contrast = 1.0
7.3355 	EXP 	slider: autoLog = True
7.3355 	EXP 	slider: styleTweaks = []
7.3355 	EXP 	slider: style = 'rating'
7.3355 	EXP 	slider: styleTweaks = []
7.3355 	EXP 	text: autoDraw = True
8.2324 	EXP 	Imported stim/conditions.csv as conditions, 8 conditions, 1 params
8.2331 	EXP 	Created sequence: random, trialTypes=8, nReps=1, seed=None
8.2333 	EXP 	New trial (rep=0, index=0): OrderedDict([('stim', 'stim/fif_g.wav')])
8.2504 	DATA 	Keypress: space
8.2548 	EXP 	text: autoDraw = False
8.2548 	EXP 	instructions_task: autoDraw = True
8.2548 	EXP 	text_2: autoDraw = True
8.3229 	EXP 	fun: autoDraw = True
8.3229 	EXP 	fought: autoDraw = True
8.3229 	EXP 	feel: autoDraw = True
8.3229 	EXP 	fool: autoDraw = True
8.3229 	EXP 	son: autoDraw = True
8.3229 	EXP 	su: autoDraw = True
8.3229 	EXP 	fin: autoDraw = True
8.3564 	EXP 	text_2: autoDraw = False
10.7473 	DATA 	Keypress: 4
10.7565 	EXP 	fun: autoDraw = False
10.7565 	EXP 	fought: autoDraw = False
10.7565 	EXP 	feel: autoDraw = False
10.7565 	EXP 	fool: autoDraw = False
10.7565 	EXP 	son: autoDraw = False
10.7565 	EXP 	su: autoDraw = False
10.7565 	EXP 	fin: autoDraw = False
10.7565 	EXP 	instructions_task: autoDraw = False
10.7565 	EXP 	text_2: autoDraw = False
10.7565 	EXP 	slider: markerPos = None
10.7565 	EXP 	slider: markerPos = None
10.7565 	EXP 	slider: rating = None
10.7565 	EXP 	slider: autoDraw = True
12.0576 	DATA 	Mouse: Left button down, pos=(733,100)
12.0734 	EXP 	slider: markerPos = 3.057777777777778
12.0897 	EXP 	slider: markerPos = 3.057777777777778
12.1065 	EXP 	slider: markerPos = 3.057777777777778
12.1225 	EXP 	slider: markerPos = 3.057777777777778
12.1232 	DATA 	Mouse:  Left button up, pos=(733,100)
12.1397 	EXP 	slider: markerPos = 3.057777777777778
12.1397 	EXP 	slider: rating = 3.057777777777778
12.1418 	EXP 	New trial (rep=0, index=1): OrderedDict([('stim', 'stim/faf_g.wav')])
12.1563 	EXP 	slider: autoDraw = False
12.1563 	EXP 	instructions_task: autoDraw = True
12.1563 	EXP 	text_2: autoDraw = True
12.2400 	EXP 	fun: autoDraw = True
12.2400 	EXP 	fought: autoDraw = True
12.2400 	EXP 	feel: autoDraw = True
12.2400 	EXP 	fool: autoDraw = True
12.2400 	EXP 	son: autoDraw = True
12.2400 	EXP 	su: autoDraw = True
12.2400 	EXP 	fin: autoDraw = True
12.2567 	EXP 	text_2: autoDraw = False
14.0802 	DATA 	Keypress: 2
14.0900 	EXP 	fun: autoDraw = False
14.0900 	EXP 	fought: autoDraw = False
14.0900 	EXP 	feel: autoDraw = False
14.0900 	EXP 	fool: autoDraw = False
14.0900 	EXP 	son: autoDraw = False
14.0900 	EXP 	su: autoDraw = False
14.0900 	EXP 	fin: autoDraw = False
14.0900 	EXP 	instructions_task: autoDraw = False
14.0900 	EXP 	text_2: autoDraw = False
14.0900 	EXP 	slider: markerPos = None
14.0900 	EXP 	slider: markerPos = None
14.0900 	EXP 	slider: rating = None
14.0900 	EXP 	slider: autoDraw = True
14.9408 	DATA 	Mouse: Left button down, pos=(722,98)
14.9569 	EXP 	slider: markerPos = 3.008888888888889
14.9742 	EXP 	slider: markerPos = 3.008888888888889
14.9905 	EXP 	slider: markerPos = 3.008888888888889
15.0064 	EXP 	slider: markerPos = 3.008888888888889
15.0236 	EXP 	slider: markerPos = 3.008888888888889
15.0242 	DATA 	Mouse:  Left button up, pos=(722,98)
15.0397 	EXP 	slider: markerPos = 3.008888888888889
15.0397 	EXP 	slider: rating = 3.008888888888889
15.0416 	EXP 	New trial (rep=0, index=2): OrderedDict([('stim', 'stim/pof_g.wav')])
15.0564 	EXP 	slider: autoDraw = False
15.0564 	EXP 	instructions_task: autoDraw = True
15.0564 	EXP 	text_2: autoDraw = True
15.1397 	EXP 	fun: autoDraw = True
15.1397 	EXP 	fought: autoDraw = True
15.1397 	EXP 	feel: autoDraw = True
15.1397 	EXP 	fool: autoDraw = True
15.1397 	EXP 	son: autoDraw = True
15.1397 	EXP 	su: autoDraw = True
15.1397 	EXP 	fin: autoDraw = True
15.1566 	EXP 	text_2: autoDraw = False
15.8983 	DATA 	Keypress: escape
16.2960 	EXP 	window1: mouseVisible = True
