0.7221 	WARNING 	We strongly recommend you activate the PTB sound engine in PsychoPy prefs as the preferred audio engine. Its timing is vastly superior. Your prefs are currently set to use ['sounddevice', 'PTB', 'pyo', 'pygame'] (in that order).
5.0389 	WARNING 	User requested fullscreen with size [1024  768], but screen is actually [1440, 900]. Using actual size
5.6063 	EXP 	Created window1 = Window(allowGUI=False, allowStencil=False, autoLog=True, backendConf=UNKNOWN, bitsMode=UNKNOWN, blendMode='avg', bpc=(8, 8, 8), color=array([0, 0, 0]), colorSpace='rgb', depthBits=8, fullscr=<method-wrapper '__getattribute__' of attributeSetter object at 0x7f8b50c2bda0>, gamma=None, gammaErrorPolicy='raise', lms=UNKNOWN, monitor=<psychopy.monitors.calibTools.Monitor object at 0x7f8b506a0f98>, multiSample=False, name='window1', numSamples=2, pos=[360.0, 225.0], screen=0, size=array([2880, 1800]), stencilBits=0, stereo=False, units='height', useFBO=True, useRetina=True, viewOri=0.0, viewPos=None, viewScale=None, waitBlanking=True, winType='pyglet')
5.6065 	EXP 	window1: mouseVisible = True
5.6065 	EXP 	window1: recordFrameIntervals = False
5.7734 	EXP 	window1: recordFrameIntervals = True
5.9722 	EXP 	window1: recordFrameIntervals = False
6.8193 	EXP 	Created text = TextStim(__class__=<class 'psychopy.visual.text.TextStim'>, alignHoriz=method-wrapper(...), alignText='center', alignVert=method-wrapper(...), anchorHoriz='center', anchorVert='center', antialias=True, autoLog=True, bold=False, color=array([1., 1., 1.]), colorSpace='rgb', contrast=1.0, depth=-1.0, flipHoriz=False, flipVert=False, font='Open Sans', fontFiles=[], height=0.1, italic=False, languageStyle='LTR', name='text', opacity=1, ori=0.0, pos=array([0., 0.]), rgb=UNKNOWN, text='Welcome and press space to begin', units='height', win=Window(...), wrapWidth=1)
6.8246 	EXP 	Created fun = TextStim(__class__=<class 'psychopy.visual.text.TextStim'>, alignHoriz=method-wrapper(...), alignText='center', alignVert=method-wrapper(...), anchorHoriz='center', anchorVert='center', antialias=True, autoLog=True, bold=False, color=array([-1.        ,  0.00392157, -1.        ]), colorSpace='rgb', contrast=1.0, depth=0.0, flipHoriz=False, flipVert=False, font='Open Sans', fontFiles=[], height=0.05, italic=False, languageStyle='LTR', name='fun', opacity=1, ori=0.0, pos=array([-0.45,  0.25]), rgb=UNKNOWN, text='fun (1)', units='height', win=Window(...), wrapWidth=1)
6.8282 	EXP 	Created fought = TextStim(__class__=<class 'psychopy.visual.text.TextStim'>, alignHoriz=method-wrapper(...), alignText='center', alignVert=method-wrapper(...), anchorHoriz='center', anchorVert='center', antialias=True, autoLog=True, bold=False, color=array([-1.        ,  0.00392157, -1.        ]), colorSpace='rgb', contrast=1.0, depth=-1.0, flipHoriz=False, flipVert=False, font='Open Sans', fontFiles=[], height=0.05, italic=False, languageStyle='LTR', name='fought', opacity=1, ori=0.0, pos=array([0.  , 0.25]), rgb=UNKNOWN, text='fought (2)', units='height', win=Window(...), wrapWidth=1)
6.8310 	EXP 	Created feel = TextStim(__class__=<class 'psychopy.visual.text.TextStim'>, alignHoriz=method-wrapper(...), alignText='center', alignVert=method-wrapper(...), anchorHoriz='center', anchorVert='center', antialias=True, autoLog=True, bold=False, color=array([-1.        ,  0.00392157, -1.        ]), colorSpace='rgb', contrast=1.0, depth=-2.0, flipHoriz=False, flipVert=False, font='Open Sans', fontFiles=[], height=0.05, italic=False, languageStyle='LTR', name='feel', opacity=1, ori=0.0, pos=array([0.45, 0.25]), rgb=UNKNOWN, text='feel (3)', units='height', win=Window(...), wrapWidth=1)
6.8333 	EXP 	Created fool = TextStim(__class__=<class 'psychopy.visual.text.TextStim'>, alignHoriz=method-wrapper(...), alignText='center', alignVert=method-wrapper(...), anchorHoriz='center', anchorVert='center', antialias=True, autoLog=True, bold=False, color=array([-1.        ,  0.00392157, -1.        ]), colorSpace='rgb', contrast=1.0, depth=-3.0, flipHoriz=False, flipVert=False, font='Open Sans', fontFiles=[], height=0.05, italic=False, languageStyle='LTR', name='fool', opacity=1, ori=0.0, pos=array([0., 0.]), rgb=UNKNOWN, text='fool (4)', units='height', win=Window(...), wrapWidth=1)
6.8359 	EXP 	Created son = TextStim(__class__=<class 'psychopy.visual.text.TextStim'>, alignHoriz=method-wrapper(...), alignText='center', alignVert=method-wrapper(...), anchorHoriz='center', anchorVert='center', antialias=True, autoLog=True, bold=False, color=array([1., 1., 1.]), colorSpace='rgb', contrast=1.0, depth=-4.0, flipHoriz=False, flipVert=False, font='Open Sans', fontFiles=[], height=0.05, italic=False, languageStyle='LTR', name='son', opacity=1, ori=0.0, pos=array([-0.45, -0.25]), rgb=UNKNOWN, text='son (5)', units='height', win=Window(...), wrapWidth=1)
6.8381 	EXP 	Created su = TextStim(__class__=<class 'psychopy.visual.text.TextStim'>, alignHoriz=method-wrapper(...), alignText='center', alignVert=method-wrapper(...), anchorHoriz='center', anchorVert='center', antialias=True, autoLog=True, bold=False, color=array([1., 1., 1.]), colorSpace='rgb', contrast=1.0, depth=-5.0, flipHoriz=False, flipVert=False, font='Open Sans', fontFiles=[], height=0.05, italic=False, languageStyle='LTR', name='su', opacity=1, ori=0.0, pos=array([ 0.  , -0.25]), rgb=UNKNOWN, text='su (6)', units='height', win=Window(...), wrapWidth=1)
6.8406 	EXP 	Created fin = TextStim(__class__=<class 'psychopy.visual.text.TextStim'>, alignHoriz=method-wrapper(...), alignText='center', alignVert=method-wrapper(...), anchorHoriz='center', anchorVert='center', antialias=True, autoLog=True, bold=False, color=array([1., 1., 1.]), colorSpace='rgb', contrast=1.0, depth=-6.0, flipHoriz=False, flipVert=False, font='Open Sans', fontFiles=[], height=0.05, italic=False, languageStyle='LTR', name='fin', opacity=1, ori=0.0, pos=array([ 0.45, -0.25]), rgb=UNKNOWN, text='fin (7)', units='height', win=Window(...), wrapWidth=1)
6.8556 	EXP 	Created instructions_task = TextStim(__class__=<class 'psychopy.visual.text.TextStim'>, alignHoriz=method-wrapper(...), alignText='center', alignVert=method-wrapper(...), anchorHoriz='center', anchorVert='center', antialias=True, autoLog=True, bold=False, color=array([1., 1., 1.]), colorSpace='rgb', contrast=1.0, depth=-7.0, flipHoriz=False, flipVert=False, font='Open Sans', fontFiles=[], height=0.03, italic=False, languageStyle='LTR', name='instructions_task', opacity=1, ori=0.0, pos=array([0. , 0.4]), rgb=UNKNOWN, text=str(...), units='height', win=Window(...), wrapWidth=1)
7.0622 	EXP 	Sound stimulus set volume 1.000
7.0660 	EXP 	Created text_2 = TextStim(__class__=<class 'psychopy.visual.text.TextStim'>, alignHoriz=method-wrapper(...), alignText='center', alignVert=method-wrapper(...), anchorHoriz='center', anchorVert='center', antialias=True, autoLog=True, bold=False, color=array([ 1., -1., -1.]), colorSpace='rgb', contrast=1.0, depth=-10.0, flipHoriz=False, flipVert=False, font='Open Sans', fontFiles=[], height=0.1, italic=False, languageStyle='LTR', name='text_2', opacity=1, ori=0.0, pos=array([0., 0.]), rgb=UNKNOWN, text='+', units='height', win=Window(...), wrapWidth=1)
7.0790 	EXP 	window1: mouseVisible = True
7.0949 	EXP 	Created slider = Slider(__class__=<class 'psychopy.visual.slider.Slider'>, autoDraw=False, autoLog=True, borderColor=None, color=None, colorSpace='rgb', depth=0, fillColor=None, flip=False, font='Open Sans', granularity=0.0, labelHeight=0.05, labelWrapWidth=None, labels=(1, 2, 3, 4, 5), name='slider', opacity=None, pos=(0, 0), readOnly=False, self=UNKNOWN, size=(1.0, 0.1), startValue=None, style=method-wrapper(...), styleTweaks=method-wrapper(...), ticks=array([1, 2, 3, 4, 5]), units='height', win=Window(...))
7.1043 	EXP 	Created text_3 = TextStim(__class__=<class 'psychopy.visual.text.TextStim'>, alignHoriz=method-wrapper(...), alignText='center', alignVert=method-wrapper(...), anchorHoriz='center', anchorVert='center', antialias=True, autoLog=True, bold=False, color=array([1., 1., 1.]), colorSpace='rgb', contrast=1.0, depth=-1.0, flipHoriz=False, flipVert=False, font='Open Sans', fontFiles=[], height=0.03, italic=False, languageStyle='LTR', name='text_3', opacity=1, ori=0.0, pos=array([0. , 0.3]), rgb=UNKNOWN, text=str(...), units='height', win=Window(...), wrapWidth=1)
7.1161 	EXP 	slider: autoLog = True
7.1161 	EXP 	slider: markerPos = None
7.1161 	EXP 	slider: rating = None
7.1161 	EXP 	slider: markerPos = None
7.1161 	EXP 	slider: contrast = 1.0
7.1161 	EXP 	slider: autoLog = True
7.1161 	EXP 	slider: styleTweaks = []
7.1161 	EXP 	slider: style = 'rating'
7.1161 	EXP 	slider: styleTweaks = []
7.1161 	EXP 	text: autoDraw = True
8.8992 	EXP 	Imported stim/conditions.csv as conditions, 8 conditions, 1 params
8.8998 	EXP 	Created sequence: random, trialTypes=8, nReps=1, seed=None
8.9000 	EXP 	New trial (rep=0, index=0): OrderedDict([('stim', 'stim/p_schwa_g.wav')])
8.9156 	DATA 	Keypress: space
8.9205 	EXP 	text: autoDraw = False
8.9205 	EXP 	instructions_task: autoDraw = True
8.9205 	EXP 	text_2: autoDraw = True
9.1230 	EXP 	text_2: autoDraw = False
9.1563 	EXP 	fun: autoDraw = True
9.1563 	EXP 	fought: autoDraw = True
9.1563 	EXP 	feel: autoDraw = True
9.1563 	EXP 	fool: autoDraw = True
9.1563 	EXP 	son: autoDraw = True
9.1563 	EXP 	su: autoDraw = True
9.1563 	EXP 	fin: autoDraw = True
11.4611 	DATA 	Keypress: 1
11.4903 	EXP 	fun: autoDraw = False
11.4903 	EXP 	fought: autoDraw = False
11.4903 	EXP 	feel: autoDraw = False
11.4903 	EXP 	fool: autoDraw = False
11.4903 	EXP 	son: autoDraw = False
11.4903 	EXP 	su: autoDraw = False
11.4903 	EXP 	fin: autoDraw = False
11.4903 	EXP 	instructions_task: autoDraw = False
11.4903 	EXP 	text_2: autoDraw = False
11.4903 	EXP 	slider: markerPos = None
11.4903 	EXP 	slider: markerPos = None
11.4903 	EXP 	slider: rating = None
11.4903 	EXP 	slider: autoDraw = True
11.4903 	EXP 	text_3: autoDraw = True
15.0400 	DATA 	Mouse: Left button down, pos=(1006,479)
15.0552 	EXP 	slider: markerPos = 4.275555555555556
15.0724 	EXP 	slider: markerPos = 4.275555555555556
15.0886 	EXP 	slider: markerPos = 4.275555555555556
15.1061 	EXP 	slider: markerPos = 4.275555555555556
15.1226 	EXP 	slider: markerPos = 4.275555555555556
15.1391 	EXP 	slider: markerPos = 4.275555555555556
15.1558 	EXP 	slider: markerPos = 4.275555555555556
15.1731 	EXP 	slider: markerPos = 4.275555555555556
15.1894 	EXP 	slider: markerPos = 4.275555555555556
15.2058 	EXP 	slider: markerPos = 4.275555555555556
15.2225 	EXP 	slider: markerPos = 4.275555555555556
15.2396 	EXP 	slider: markerPos = 4.275555555555556
15.2560 	EXP 	slider: markerPos = 4.275555555555556
15.2729 	EXP 	slider: markerPos = 4.275555555555556
15.2735 	DATA 	Mouse:  Left button up, pos=(1007,479)
15.2890 	EXP 	slider: markerPos = 4.275555555555556
15.2890 	EXP 	slider: rating = 4.275555555555556
15.2910 	EXP 	New trial (rep=0, index=1): OrderedDict([('stim', 'stim/paf_g.wav')])
15.3095 	EXP 	slider: autoDraw = False
15.3095 	EXP 	text_3: autoDraw = False
15.3095 	EXP 	instructions_task: autoDraw = True
15.3095 	EXP 	text_2: autoDraw = True
15.5231 	EXP 	text_2: autoDraw = False
15.5398 	EXP 	fun: autoDraw = True
15.5398 	EXP 	fought: autoDraw = True
15.5398 	EXP 	feel: autoDraw = True
15.5398 	EXP 	fool: autoDraw = True
15.5398 	EXP 	son: autoDraw = True
15.5398 	EXP 	su: autoDraw = True
15.5398 	EXP 	fin: autoDraw = True
18.3117 	DATA 	Keypress: escape
18.6998 	EXP 	window1: mouseVisible = True
