0.6524 	WARNING 	We strongly recommend you activate the PTB sound engine in PsychoPy prefs as the preferred audio engine. Its timing is vastly superior. Your prefs are currently set to use ['sounddevice', 'PTB', 'pyo', 'pygame'] (in that order).
5.6088 	WARNING 	User requested fullscreen with size [1024  768], but screen is actually [1440, 900]. Using actual size
6.4426 	EXP 	Created window1 = Window(allowGUI=False, allowStencil=False, autoLog=True, backendConf=UNKNOWN, bitsMode=UNKNOWN, blendMode='avg', bpc=(8, 8, 8), color=array([0, 0, 0]), colorSpace='rgb', depthBits=8, fullscr=<method-wrapper '__getattribute__' of attributeSetter object at 0x7fad901f0b38>, gamma=None, gammaErrorPolicy='raise', lms=UNKNOWN, monitor=<psychopy.monitors.calibTools.Monitor object at 0x7fada7a57be0>, multiSample=False, name='window1', numSamples=2, pos=[360.0, 225.0], screen=0, size=array([2880, 1800]), stencilBits=0, stereo=False, units='height', useFBO=True, useRetina=True, viewOri=0.0, viewPos=None, viewScale=None, waitBlanking=True, winType='pyglet')
6.4428 	EXP 	window1: mouseVisible = True
6.4428 	EXP 	window1: recordFrameIntervals = False
6.6127 	EXP 	window1: recordFrameIntervals = True
6.8132 	WARNING 	t of last frame was 20.87ms (=1/47)
7.0130 	WARNING 	t of last frame was 20.63ms (=1/48)
7.3457 	WARNING 	t of last frame was 20.29ms (=1/49)
7.4129 	WARNING 	t of last frame was 20.73ms (=1/48)
7.6132 	WARNING 	Multiple dropped frames have occurred - I'll stop bothering you about them!
8.2796 	WARNING 	Couldn't measure a consistent frame rate.
  - Is your graphics card set to sync to vertical blank?
  - Are you running other processes on your computer?

9.0993 	EXP 	Created text = TextStim(__class__=<class 'psychopy.visual.text.TextStim'>, alignHoriz=method-wrapper(...), alignText='center', alignVert=method-wrapper(...), anchorHoriz='center', anchorVert='center', antialias=True, autoLog=True, bold=False, color=array([1., 1., 1.]), colorSpace='rgb', contrast=1.0, depth=-1.0, flipHoriz=False, flipVert=False, font='Open Sans', fontFiles=[], height=0.1, italic=False, languageStyle='LTR', name='text', opacity=1, ori=0.0, pos=array([0., 0.]), rgb=UNKNOWN, text='Welcome and press space to begin', units='height', win=Window(...), wrapWidth=1)
9.1046 	EXP 	Created fun = TextStim(__class__=<class 'psychopy.visual.text.TextStim'>, alignHoriz=method-wrapper(...), alignText='center', alignVert=method-wrapper(...), anchorHoriz='center', anchorVert='center', antialias=True, autoLog=True, bold=False, color=array([1., 1., 1.]), colorSpace='rgb', contrast=1.0, depth=0.0, flipHoriz=False, flipVert=False, font='Open Sans', fontFiles=[], height=0.05, italic=False, languageStyle='LTR', name='fun', opacity=1, ori=0.0, pos=array([-0.45,  0.25]), rgb=UNKNOWN, text='fun (1)', units='height', win=Window(...), wrapWidth=1)
9.1083 	EXP 	Created fought = TextStim(__class__=<class 'psychopy.visual.text.TextStim'>, alignHoriz=method-wrapper(...), alignText='center', alignVert=method-wrapper(...), anchorHoriz='center', anchorVert='center', antialias=True, autoLog=True, bold=False, color=array([1., 1., 1.]), colorSpace='rgb', contrast=1.0, depth=-1.0, flipHoriz=False, flipVert=False, font='Open Sans', fontFiles=[], height=0.05, italic=False, languageStyle='LTR', name='fought', opacity=1, ori=0.0, pos=array([0.  , 0.25]), rgb=UNKNOWN, text='fought (2)', units='height', win=Window(...), wrapWidth=1)
9.1110 	EXP 	Created feel = TextStim(__class__=<class 'psychopy.visual.text.TextStim'>, alignHoriz=method-wrapper(...), alignText='center', alignVert=method-wrapper(...), anchorHoriz='center', anchorVert='center', antialias=True, autoLog=True, bold=False, color=array([1., 1., 1.]), colorSpace='rgb', contrast=1.0, depth=-2.0, flipHoriz=False, flipVert=False, font='Open Sans', fontFiles=[], height=0.05, italic=False, languageStyle='LTR', name='feel', opacity=1, ori=0.0, pos=array([0.45, 0.25]), rgb=UNKNOWN, text='feel (3)', units='height', win=Window(...), wrapWidth=1)
9.1134 	EXP 	Created fool = TextStim(__class__=<class 'psychopy.visual.text.TextStim'>, alignHoriz=method-wrapper(...), alignText='center', alignVert=method-wrapper(...), anchorHoriz='center', anchorVert='center', antialias=True, autoLog=True, bold=False, color=array([1., 1., 1.]), colorSpace='rgb', contrast=1.0, depth=-3.0, flipHoriz=False, flipVert=False, font='Open Sans', fontFiles=[], height=0.05, italic=False, languageStyle='LTR', name='fool', opacity=1, ori=0.0, pos=array([0., 0.]), rgb=UNKNOWN, text='fool (4)', units='height', win=Window(...), wrapWidth=1)
9.1160 	EXP 	Created son = TextStim(__class__=<class 'psychopy.visual.text.TextStim'>, alignHoriz=method-wrapper(...), alignText='center', alignVert=method-wrapper(...), anchorHoriz='center', anchorVert='center', antialias=True, autoLog=True, bold=False, color=array([1., 1., 1.]), colorSpace='rgb', contrast=1.0, depth=-4.0, flipHoriz=False, flipVert=False, font='Open Sans', fontFiles=[], height=0.05, italic=False, languageStyle='LTR', name='son', opacity=1, ori=0.0, pos=array([-0.45, -0.25]), rgb=UNKNOWN, text='son (5)', units='height', win=Window(...), wrapWidth=1)
9.1182 	EXP 	Created su = TextStim(__class__=<class 'psychopy.visual.text.TextStim'>, alignHoriz=method-wrapper(...), alignText='center', alignVert=method-wrapper(...), anchorHoriz='center', anchorVert='center', antialias=True, autoLog=True, bold=False, color=array([1., 1., 1.]), colorSpace='rgb', contrast=1.0, depth=-5.0, flipHoriz=False, flipVert=False, font='Open Sans', fontFiles=[], height=0.05, italic=False, languageStyle='LTR', name='su', opacity=1, ori=0.0, pos=array([ 0.  , -0.25]), rgb=UNKNOWN, text='su (6)', units='height', win=Window(...), wrapWidth=1)
9.1208 	EXP 	Created fin = TextStim(__class__=<class 'psychopy.visual.text.TextStim'>, alignHoriz=method-wrapper(...), alignText='center', alignVert=method-wrapper(...), anchorHoriz='center', anchorVert='center', antialias=True, autoLog=True, bold=False, color=array([1., 1., 1.]), colorSpace='rgb', contrast=1.0, depth=-6.0, flipHoriz=False, flipVert=False, font='Open Sans', fontFiles=[], height=0.05, italic=False, languageStyle='LTR', name='fin', opacity=1, ori=0.0, pos=array([ 0.45, -0.25]), rgb=UNKNOWN, text='fin (7)', units='height', win=Window(...), wrapWidth=1)
9.1266 	EXP 	text: autoDraw = True
11.5971 	DATA 	Keypress: space
11.6086 	EXP 	text: autoDraw = False
11.6923 	EXP 	fun: autoDraw = True
11.6923 	EXP 	fought: autoDraw = True
11.6923 	EXP 	feel: autoDraw = True
11.6923 	EXP 	fool: autoDraw = True
11.6923 	EXP 	son: autoDraw = True
11.6923 	EXP 	su: autoDraw = True
11.6923 	EXP 	fin: autoDraw = True
23.2196 	DATA 	Keypress: space
23.6972 	DATA 	Keypress: escape
23.8188 	EXP 	window1: mouseVisible = True
