1.0260 	WARNING 	We strongly recommend you activate the PTB sound engine in PsychoPy prefs as the preferred audio engine. Its timing is vastly superior. Your prefs are currently set to use ['sounddevice', 'PTB', 'pyo', 'pygame'] (in that order).
7.0442 	WARNING 	User requested fullscreen with size [1024  768], but screen is actually [1440, 900]. Using actual size
7.6957 	EXP 	Created window1 = Window(allowGUI=False, allowStencil=False, autoLog=True, backendConf=UNKNOWN, bitsMode=UNKNOWN, blendMode='avg', bpc=(8, 8, 8), color=array([0, 0, 0]), colorSpace='rgb', depthBits=8, fullscr=<method-wrapper '__getattribute__' of attributeSetter object at 0x7fa1648bba20>, gamma=None, gammaErrorPolicy='raise', lms=UNKNOWN, monitor=<psychopy.monitors.calibTools.Monitor object at 0x7fa163b30390>, multiSample=False, name='window1', numSamples=2, pos=[360.0, 225.0], screen=0, size=array([2880, 1800]), stencilBits=0, stereo=False, units='height', useFBO=True, useRetina=True, viewOri=0.0, viewPos=None, viewScale=None, waitBlanking=True, winType='pyglet')
7.6958 	EXP 	window1: mouseVisible = True
7.6958 	EXP 	window1: recordFrameIntervals = False
7.8626 	EXP 	window1: recordFrameIntervals = True
8.0461 	EXP 	window1: recordFrameIntervals = False
8.9489 	EXP 	Created text_3 = TextStim(__class__=<class 'psychopy.visual.text.TextStim'>, alignHoriz=method-wrapper(...), alignText='center', alignVert=method-wrapper(...), anchorHoriz='center', anchorVert='center', antialias=True, autoLog=True, bold=False, color=array([1., 1., 1.]), colorSpace='rgb', contrast=1.0, depth=-1.0, flipHoriz=False, flipVert=False, font='Open Sans', fontFiles=[], height=0.05, italic=False, languageStyle='LTR', name='text_3', opacity=1, ori=0.0, pos=array([0., 0.]), rgb=UNKNOWN, text='Habla ud inglés?', units='height', win=Window(...), wrapWidth=1)
8.9525 	EXP 	Created text_4 = TextStim(__class__=<class 'psychopy.visual.text.TextStim'>, alignHoriz=method-wrapper(...), alignText='center', alignVert=method-wrapper(...), anchorHoriz='center', anchorVert='center', antialias=True, autoLog=True, bold=False, color=array([1., 1., 1.]), colorSpace='rgb', contrast=1.0, depth=-2.0, flipHoriz=False, flipVert=False, font='Open Sans', fontFiles=[], height=0.05, italic=False, languageStyle='LTR', name='text_4', opacity=1, ori=0.0, pos=array([-0.25, -0.25]), rgb=UNKNOWN, text='sí (1)', units='height', win=Window(...), wrapWidth=1)
8.9552 	EXP 	Created text_5 = TextStim(__class__=<class 'psychopy.visual.text.TextStim'>, alignHoriz=method-wrapper(...), alignText='center', alignVert=method-wrapper(...), anchorHoriz='center', anchorVert='center', antialias=True, autoLog=True, bold=False, color=array([1., 1., 1.]), colorSpace='rgb', contrast=1.0, depth=-3.0, flipHoriz=False, flipVert=False, font='Open Sans', fontFiles=[], height=0.05, italic=False, languageStyle='LTR', name='text_5', opacity=1, ori=0.0, pos=array([ 0.25, -0.25]), rgb=UNKNOWN, text='no (2)', units='height', win=Window(...), wrapWidth=1)
8.9936 	EXP 	Created ins = TextStim(__class__=<class 'psychopy.visual.text.TextStim'>, alignHoriz=method-wrapper(...), alignText='center', alignVert=method-wrapper(...), anchorHoriz='center', anchorVert='center', antialias=True, autoLog=True, bold=False, color=array([1., 1., 1.]), colorSpace='rgb', contrast=1.0, depth=0.0, flipHoriz=False, flipVert=False, font='Open Sans', fontFiles=[], height=0.03, italic=False, languageStyle='LTR', name='ins', opacity=1, ori=0.0, pos=array([0., 0.]), rgb=UNKNOWN, text=str(...), units='height', win=Window(...), wrapWidth=1)
9.1891 	EXP 	Created son = TextStim(__class__=<class 'psychopy.visual.text.TextStim'>, alignHoriz=method-wrapper(...), alignText='center', alignVert=method-wrapper(...), anchorHoriz='center', anchorVert='center', antialias=True, autoLog=True, bold=False, color=array([1., 1., 1.]), colorSpace='rgb', contrast=1.0, depth=0.0, flipHoriz=False, flipVert=False, font='Open Sans', fontFiles=[], height=0.05, italic=False, languageStyle='LTR', name='son', opacity=1, ori=0.0, pos=array([-0.45, -0.25]), rgb=UNKNOWN, text='son (5)', units='height', win=Window(...), wrapWidth=1)
9.1914 	EXP 	Created su = TextStim(__class__=<class 'psychopy.visual.text.TextStim'>, alignHoriz=method-wrapper(...), alignText='center', alignVert=method-wrapper(...), anchorHoriz='center', anchorVert='center', antialias=True, autoLog=True, bold=False, color=array([1., 1., 1.]), colorSpace='rgb', contrast=1.0, depth=-1.0, flipHoriz=False, flipVert=False, font='Open Sans', fontFiles=[], height=0.05, italic=False, languageStyle='LTR', name='su', opacity=1, ori=0.0, pos=array([ 0.  , -0.25]), rgb=UNKNOWN, text='su (6)', units='height', win=Window(...), wrapWidth=1)
9.1938 	EXP 	Created fin = TextStim(__class__=<class 'psychopy.visual.text.TextStim'>, alignHoriz=method-wrapper(...), alignText='center', alignVert=method-wrapper(...), anchorHoriz='center', anchorVert='center', antialias=True, autoLog=True, bold=False, color=array([1., 1., 1.]), colorSpace='rgb', contrast=1.0, depth=-2.0, flipHoriz=False, flipVert=False, font='Open Sans', fontFiles=[], height=0.05, italic=False, languageStyle='LTR', name='fin', opacity=1, ori=0.0, pos=array([ 0.45, -0.25]), rgb=UNKNOWN, text='fin (7)', units='height', win=Window(...), wrapWidth=1)
9.2004 	EXP 	Created instructions_task = TextStim(__class__=<class 'psychopy.visual.text.TextStim'>, alignHoriz=method-wrapper(...), alignText='center', alignVert=method-wrapper(...), anchorHoriz='center', anchorVert='center', antialias=True, autoLog=True, bold=False, color=array([1., 1., 1.]), colorSpace='rgb', contrast=1.0, depth=-3.0, flipHoriz=False, flipVert=False, font='Open Sans', fontFiles=[], height=0.03, italic=False, languageStyle='LTR', name='instructions_task', opacity=1, ori=0.0, pos=array([0. , 0.4]), rgb=UNKNOWN, text=str(...), units='height', win=Window(...), wrapWidth=1)
9.4267 	EXP 	Sound stimulus set volume 1.000
9.4308 	EXP 	Created text_2 = TextStim(__class__=<class 'psychopy.visual.text.TextStim'>, alignHoriz=method-wrapper(...), alignText='center', alignVert=method-wrapper(...), anchorHoriz='center', anchorVert='center', antialias=True, autoLog=True, bold=False, color=array([ 1., -1., -1.]), colorSpace='rgb', contrast=1.0, depth=-6.0, flipHoriz=False, flipVert=False, font='Open Sans', fontFiles=[], height=0.1, italic=False, languageStyle='LTR', name='text_2', opacity=1, ori=0.0, pos=array([0., 0.]), rgb=UNKNOWN, text='+', units='height', win=Window(...), wrapWidth=1)
9.4428 	EXP 	window1: mouseVisible = True
9.4576 	EXP 	Created slider = Slider(__class__=<class 'psychopy.visual.slider.Slider'>, autoDraw=False, autoLog=True, borderColor=None, color=None, colorSpace='rgb', depth=0, fillColor=None, flip=False, font='Open Sans', granularity=0.0, labelHeight=0.03, labelWrapWidth=None, labels=(1, 2, 3, 4, 5), name='slider', opacity=None, pos=(0, 0), readOnly=False, self=UNKNOWN, size=(1.0, 0.1), startValue=None, style=method-wrapper(...), styleTweaks=method-wrapper(...), ticks=array([1, 2, 3, 4, 5]), units='height', win=Window(...))
9.4742 	EXP 	Created text_6 = TextStim(__class__=<class 'psychopy.visual.text.TextStim'>, alignHoriz=method-wrapper(...), alignText='center', alignVert=method-wrapper(...), anchorHoriz='center', anchorVert='center', antialias=True, autoLog=True, bold=False, color=array([1., 1., 1.]), colorSpace='rgb', contrast=1.0, depth=-1.0, flipHoriz=False, flipVert=False, font='Open Sans', fontFiles=[], height=0.05, italic=False, languageStyle='LTR', name='text_6', opacity=1, ori=0.0, pos=array([0. , 0.4]), rgb=UNKNOWN, text=str(...), units='height', win=Window(...), wrapWidth=1)
9.6854 	EXP 	Created text_7 = TextStim(__class__=<class 'psychopy.visual.text.TextStim'>, alignHoriz=method-wrapper(...), alignText='center', alignVert=method-wrapper(...), anchorHoriz='center', anchorVert='center', antialias=True, autoLog=True, bold=False, color=array([1., 1., 1.]), colorSpace='rgb', contrast=1.0, depth=-1.0, flipHoriz=False, flipVert=False, font='Open Sans', fontFiles=[], height=0.1, italic=False, languageStyle='LTR', name='text_7', opacity=1, ori=0.0, pos=array([0., 0.]), rgb=UNKNOWN, text=str(...), units='height', win=Window(...), wrapWidth=1)
9.6882 	EXP 	Created son_2 = TextStim(__class__=<class 'psychopy.visual.text.TextStim'>, alignHoriz=method-wrapper(...), alignText='center', alignVert=method-wrapper(...), anchorHoriz='center', anchorVert='center', antialias=True, autoLog=True, bold=False, color=array([1., 1., 1.]), colorSpace='rgb', contrast=1.0, depth=0.0, flipHoriz=False, flipVert=False, font='Open Sans', fontFiles=[], height=0.05, italic=False, languageStyle='LTR', name='son_2', opacity=1, ori=0.0, pos=array([-0.45, -0.25]), rgb=UNKNOWN, text='son (5)', units='height', win=Window(...), wrapWidth=1)
9.6908 	EXP 	Created su_2 = TextStim(__class__=<class 'psychopy.visual.text.TextStim'>, alignHoriz=method-wrapper(...), alignText='center', alignVert=method-wrapper(...), anchorHoriz='center', anchorVert='center', antialias=True, autoLog=True, bold=False, color=array([1., 1., 1.]), colorSpace='rgb', contrast=1.0, depth=-1.0, flipHoriz=False, flipVert=False, font='Open Sans', fontFiles=[], height=0.05, italic=False, languageStyle='LTR', name='su_2', opacity=1, ori=0.0, pos=array([ 0.  , -0.25]), rgb=UNKNOWN, text='su (6)', units='height', win=Window(...), wrapWidth=1)
9.6934 	EXP 	Created fin_2 = TextStim(__class__=<class 'psychopy.visual.text.TextStim'>, alignHoriz=method-wrapper(...), alignText='center', alignVert=method-wrapper(...), anchorHoriz='center', anchorVert='center', antialias=True, autoLog=True, bold=False, color=array([1., 1., 1.]), colorSpace='rgb', contrast=1.0, depth=-2.0, flipHoriz=False, flipVert=False, font='Open Sans', fontFiles=[], height=0.05, italic=False, languageStyle='LTR', name='fin_2', opacity=1, ori=0.0, pos=array([ 0.45, -0.25]), rgb=UNKNOWN, text='fin (7)', units='height', win=Window(...), wrapWidth=1)
9.7040 	EXP 	Created instructions_task_2 = TextStim(__class__=<class 'psychopy.visual.text.TextStim'>, alignHoriz=method-wrapper(...), alignText='center', alignVert=method-wrapper(...), anchorHoriz='center', anchorVert='center', antialias=True, autoLog=True, bold=False, color=array([1., 1., 1.]), colorSpace='rgb', contrast=1.0, depth=-3.0, flipHoriz=False, flipVert=False, font='Open Sans', fontFiles=[], height=0.03, italic=False, languageStyle='LTR', name='instructions_task_2', opacity=1, ori=0.0, pos=array([0. , 0.4]), rgb=UNKNOWN, text=str(...), units='height', win=Window(...), wrapWidth=1)
9.8976 	EXP 	Sound stimulus_2 set volume 1.000
9.8995 	EXP 	Created text = TextStim(__class__=<class 'psychopy.visual.text.TextStim'>, alignHoriz=method-wrapper(...), alignText='center', alignVert=method-wrapper(...), anchorHoriz='center', anchorVert='center', antialias=True, autoLog=True, bold=False, color=array([ 1., -1., -1.]), colorSpace='rgb', contrast=1.0, depth=-6.0, flipHoriz=False, flipVert=False, font='Open Sans', fontFiles=[], height=0.1, italic=False, languageStyle='LTR', name='text', opacity=1, ori=0.0, pos=array([0., 0.]), rgb=UNKNOWN, text='+', units='height', win=Window(...), wrapWidth=1)
9.9039 	EXP 	window1: mouseVisible = True
9.9152 	EXP 	Created slider_2 = Slider(__class__=<class 'psychopy.visual.slider.Slider'>, autoDraw=False, autoLog=True, borderColor=None, color=None, colorSpace='rgb', depth=0, fillColor=None, flip=False, font='Open Sans', granularity=0.0, labelHeight=0.03, labelWrapWidth=None, labels=(1, 2, 3, 4, 5), name='slider_2', opacity=None, pos=(0, 0), readOnly=False, self=UNKNOWN, size=(1.0, 0.1), startValue=None, style=method-wrapper(...), styleTweaks=method-wrapper(...), ticks=array([1, 2, 3, 4, 5]), units='height', win=Window(...))
9.9223 	EXP 	Created text_9 = TextStim(__class__=<class 'psychopy.visual.text.TextStim'>, alignHoriz=method-wrapper(...), alignText='center', alignVert=method-wrapper(...), anchorHoriz='center', anchorVert='center', antialias=True, autoLog=True, bold=False, color=array([1., 1., 1.]), colorSpace='rgb', contrast=1.0, depth=-1.0, flipHoriz=False, flipVert=False, font='Open Sans', fontFiles=[], height=0.05, italic=False, languageStyle='LTR', name='text_9', opacity=1, ori=0.0, pos=array([0. , 0.4]), rgb=UNKNOWN, text=str(...), units='height', win=Window(...), wrapWidth=1)
10.1421 	EXP 	Created text_8 = TextStim(__class__=<class 'psychopy.visual.text.TextStim'>, alignHoriz=method-wrapper(...), alignText='center', alignVert=method-wrapper(...), anchorHoriz='center', anchorVert='center', antialias=True, autoLog=True, bold=False, color=array([1., 1., 1.]), colorSpace='rgb', contrast=1.0, depth=-1.0, flipHoriz=False, flipVert=False, font='Open Sans', fontFiles=[], height=0.1, italic=False, languageStyle='LTR', name='text_8', opacity=1, ori=0.0, pos=array([0., 0.]), rgb=UNKNOWN, text=str(...), units='height', win=Window(...), wrapWidth=1)
10.1422 	EXP 	Sound sound_2afc_stim_trial set volume 1.000
10.1517 	EXP 	Created text_2afc_response_yes_trial = TextStim(__class__=<class 'psychopy.visual.text.TextStim'>, alignHoriz=method-wrapper(...), alignText='center', alignVert=method-wrapper(...), anchorHoriz='center', anchorVert='center', antialias=True, autoLog=True, bold=False, color=array([1., 1., 1.]), colorSpace='rgb', contrast=1.0, depth=-2.0, flipHoriz=False, flipVert=False, font='Arial', fontFiles=[], height=0.1, italic=False, languageStyle='LTR', name='text_2afc_response_yes_trial', opacity=1, ori=0, pos=array([-0.3,  0. ]), rgb=UNKNOWN, text='Iguales', units='height', win=Window(...), wrapWidth=1)
10.1560 	EXP 	Created text_2afc_response_no_trial = TextStim(__class__=<class 'psychopy.visual.text.TextStim'>, alignHoriz=method-wrapper(...), alignText='center', alignVert=method-wrapper(...), anchorHoriz='center', anchorVert='center', antialias=True, autoLog=True, bold=False, color=array([1., 1., 1.]), colorSpace='rgb', contrast=1.0, depth=-3.0, flipHoriz=False, flipVert=False, font='Arial', fontFiles=[], height=0.1, italic=False, languageStyle='LTR', name='text_2afc_response_no_trial', opacity=1, ori=0, pos=array([0.3, 0. ]), rgb=UNKNOWN, text='Diferentes', units='height', win=Window(...), wrapWidth=1)
10.3555 	EXP 	Created text_2afc_question_trial = TextStim(__class__=<class 'psychopy.visual.text.TextStim'>, alignHoriz=method-wrapper(...), alignText='center', alignVert=method-wrapper(...), anchorHoriz='center', anchorVert='center', antialias=True, autoLog=True, bold=False, color=array([-1., -1.,  1.]), colorSpace='rgb', contrast=1.0, depth=-5.0, flipHoriz=False, flipVert=False, font='Arial', fontFiles=[], height=0.1, italic=False, languageStyle='LTR', name='text_2afc_question_trial', opacity=1, ori=0, pos=array([0. , 0.3]), rgb=UNKNOWN, text='Son iguales las palabras?', units='height', win=Window(...), wrapWidth=1)
10.5634 	EXP 	Created text_10 = TextStim(__class__=<class 'psychopy.visual.text.TextStim'>, alignHoriz=method-wrapper(...), alignText='center', alignVert=method-wrapper(...), anchorHoriz='center', anchorVert='center', antialias=True, autoLog=True, bold=False, color=array([1., 1., 1.]), colorSpace='rgb', contrast=1.0, depth=-1.0, flipHoriz=False, flipVert=False, font='Open Sans', fontFiles=[], height=0.1, italic=False, languageStyle='LTR', name='text_10', opacity=1, ori=0.0, pos=array([0., 0.]), rgb=UNKNOWN, text=str(...), units='height', win=Window(...), wrapWidth=1)
10.5635 	EXP 	Sound sound_2afc_stim_trial_2 set volume 1.000
10.5653 	EXP 	Created text_2afc_response_yes_trial_2 = TextStim(__class__=<class 'psychopy.visual.text.TextStim'>, alignHoriz=method-wrapper(...), alignText='center', alignVert=method-wrapper(...), anchorHoriz='center', anchorVert='center', antialias=True, autoLog=True, bold=False, color=array([1., 1., 1.]), colorSpace='rgb', contrast=1.0, depth=-2.0, flipHoriz=False, flipVert=False, font='Arial', fontFiles=[], height=0.1, italic=False, languageStyle='LTR', name='text_2afc_response_yes_trial_2', opacity=1, ori=0, pos=array([-0.3,  0. ]), rgb=UNKNOWN, text='Iguales', units='height', win=Window(...), wrapWidth=1)
10.5672 	EXP 	Created text_2afc_response_no_trial_2 = TextStim(__class__=<class 'psychopy.visual.text.TextStim'>, alignHoriz=method-wrapper(...), alignText='center', alignVert=method-wrapper(...), anchorHoriz='center', anchorVert='center', antialias=True, autoLog=True, bold=False, color=array([1., 1., 1.]), colorSpace='rgb', contrast=1.0, depth=-3.0, flipHoriz=False, flipVert=False, font='Arial', fontFiles=[], height=0.1, italic=False, languageStyle='LTR', name='text_2afc_response_no_trial_2', opacity=1, ori=0, pos=array([0.3, 0. ]), rgb=UNKNOWN, text='Diferentes', units='height', win=Window(...), wrapWidth=1)
10.7623 	EXP 	Created text_2afc_question_trial_2 = TextStim(__class__=<class 'psychopy.visual.text.TextStim'>, alignHoriz=method-wrapper(...), alignText='center', alignVert=method-wrapper(...), anchorHoriz='center', anchorVert='center', antialias=True, autoLog=True, bold=False, color=array([-1., -1.,  1.]), colorSpace='rgb', contrast=1.0, depth=-5.0, flipHoriz=False, flipVert=False, font='Arial', fontFiles=[], height=0.1, italic=False, languageStyle='LTR', name='text_2afc_question_trial_2', opacity=1, ori=0, pos=array([0. , 0.3]), rgb=UNKNOWN, text='Son iguales las palabras?', units='height', win=Window(...), wrapWidth=1)
10.7794 	EXP 	slider: autoLog = True
10.7794 	EXP 	slider: markerPos = None
10.7794 	EXP 	slider: rating = None
10.7794 	EXP 	slider: markerPos = None
10.7794 	EXP 	slider: contrast = 1.0
10.7794 	EXP 	slider: autoLog = True
10.7794 	EXP 	slider: styleTweaks = []
10.7794 	EXP 	slider: style = 'rating'
10.7794 	EXP 	slider: styleTweaks = []
10.7794 	EXP 	slider_2: autoLog = True
10.7794 	EXP 	slider_2: markerPos = None
10.7794 	EXP 	slider_2: rating = None
10.7794 	EXP 	slider_2: markerPos = None
10.7794 	EXP 	slider_2: contrast = 1.0
10.7794 	EXP 	slider_2: autoLog = True
10.7794 	EXP 	slider_2: styleTweaks = []
10.7794 	EXP 	slider_2: style = 'rating'
10.7794 	EXP 	slider_2: styleTweaks = []
10.7794 	EXP 	text_3: autoDraw = True
10.7794 	EXP 	text_4: autoDraw = True
10.7794 	EXP 	text_5: autoDraw = True
15.0730 	DATA 	Keypress: 2
15.0795 	EXP 	text_3: autoDraw = False
15.0795 	EXP 	text_4: autoDraw = False
15.0795 	EXP 	text_5: autoDraw = False
15.0795 	EXP 	ins: autoDraw = True
16.6074 	EXP 	Imported conditions/conditions_german.csv as conditions, 8 conditions, 1 params
16.6102 	EXP 	Created sequence: random, trialTypes=8, nReps=3, seed=None
16.6105 	EXP 	New trial (rep=0, index=0): OrderedDict([('stim', 'stim/f_schwa_g.wav')])
16.6342 	DATA 	Keypress: space
16.6381 	EXP 	ins: autoDraw = False
16.6381 	EXP 	instructions_task: autoDraw = True
16.6381 	EXP 	text_2: autoDraw = True
16.8458 	EXP 	text_2: autoDraw = False
16.8803 	EXP 	son: autoDraw = True
16.8803 	EXP 	su: autoDraw = True
16.8803 	EXP 	fin: autoDraw = True
21.7421 	DATA 	Keypress: 5
21.7564 	EXP 	son: autoDraw = False
21.7564 	EXP 	su: autoDraw = False
21.7564 	EXP 	fin: autoDraw = False
21.7564 	EXP 	instructions_task: autoDraw = False
21.7564 	EXP 	text_2: autoDraw = False
21.7564 	EXP 	slider: markerPos = None
21.7564 	EXP 	slider: markerPos = None
21.7564 	EXP 	slider: rating = None
21.7564 	EXP 	slider: autoDraw = True
21.7564 	EXP 	text_6: autoDraw = True
23.0458 	DATA 	Mouse: Left button down, pos=(852,457)
23.0625 	EXP 	slider: markerPos = 3.586666666666667
23.0787 	EXP 	slider: markerPos = 3.586666666666667
23.0956 	EXP 	slider: markerPos = 3.586666666666667
23.1116 	EXP 	slider: markerPos = 3.586666666666667
23.1123 	DATA 	Mouse:  Left button up, pos=(852,456)
23.1292 	EXP 	slider: markerPos = 3.586666666666667
23.1292 	EXP 	slider: rating = 3.586666666666667
23.1312 	EXP 	New trial (rep=0, index=1): OrderedDict([('stim', 'stim/pof_g.wav')])
23.1458 	EXP 	slider: autoDraw = False
23.1458 	EXP 	text_6: autoDraw = False
23.1458 	EXP 	instructions_task: autoDraw = True
23.1458 	EXP 	text_2: autoDraw = True
23.3467 	EXP 	text_2: autoDraw = False
23.3789 	EXP 	son: autoDraw = True
23.3789 	EXP 	su: autoDraw = True
23.3789 	EXP 	fin: autoDraw = True
27.5239 	DATA 	Keypress: 6
27.5320 	EXP 	son: autoDraw = False
27.5320 	EXP 	su: autoDraw = False
27.5320 	EXP 	fin: autoDraw = False
27.5320 	EXP 	instructions_task: autoDraw = False
27.5320 	EXP 	text_2: autoDraw = False
27.5320 	EXP 	slider: markerPos = None
27.5320 	EXP 	slider: markerPos = None
27.5320 	EXP 	slider: rating = None
27.5320 	EXP 	slider: autoDraw = True
27.5320 	EXP 	text_6: autoDraw = True
28.4009 	DATA 	Mouse: Left button down, pos=(755,481)
28.4295 	EXP 	slider: markerPos = 3.1555555555555554
28.4458 	EXP 	slider: markerPos = 3.1555555555555554
28.4626 	EXP 	slider: markerPos = 3.1555555555555554
28.4803 	EXP 	slider: markerPos = 3.1555555555555554
28.4809 	DATA 	Mouse:  Left button up, pos=(755,481)
28.4959 	EXP 	slider: markerPos = 3.1555555555555554
28.4959 	EXP 	slider: rating = 3.1555555555555554
28.4978 	EXP 	New trial (rep=0, index=2): OrderedDict([('stim', 'stim/feuf_g.wav')])
28.5126 	EXP 	slider: autoDraw = False
28.5126 	EXP 	text_6: autoDraw = False
28.5126 	EXP 	instructions_task: autoDraw = True
28.5126 	EXP 	text_2: autoDraw = True
28.7120 	EXP 	text_2: autoDraw = False
28.7465 	EXP 	son: autoDraw = True
28.7465 	EXP 	su: autoDraw = True
28.7465 	EXP 	fin: autoDraw = True
31.1509 	DATA 	Keypress: 6
31.1592 	EXP 	son: autoDraw = False
31.1592 	EXP 	su: autoDraw = False
31.1592 	EXP 	fin: autoDraw = False
31.1592 	EXP 	instructions_task: autoDraw = False
31.1592 	EXP 	text_2: autoDraw = False
31.1592 	EXP 	slider: markerPos = None
31.1592 	EXP 	slider: markerPos = None
31.1592 	EXP 	slider: rating = None
31.1592 	EXP 	slider: autoDraw = True
31.1592 	EXP 	text_6: autoDraw = True
31.7166 	DATA 	Mouse: Left button down, pos=(759,460)
31.7457 	EXP 	slider: markerPos = 3.1733333333333333
31.7629 	EXP 	slider: markerPos = 3.1733333333333333
31.7793 	EXP 	slider: markerPos = 3.1733333333333333
31.7963 	EXP 	slider: markerPos = 3.1733333333333333
31.7969 	DATA 	Mouse:  Left button up, pos=(759,460)
31.8128 	EXP 	slider: markerPos = 3.1733333333333333
31.8128 	EXP 	slider: rating = 3.1733333333333333
31.8146 	EXP 	New trial (rep=0, index=3): OrderedDict([('stim', 'stim/fief_g.wav')])
31.8295 	EXP 	slider: autoDraw = False
31.8295 	EXP 	text_6: autoDraw = False
31.8295 	EXP 	instructions_task: autoDraw = True
31.8295 	EXP 	text_2: autoDraw = True
32.0302 	EXP 	text_2: autoDraw = False
32.0623 	EXP 	son: autoDraw = True
32.0623 	EXP 	su: autoDraw = True
32.0623 	EXP 	fin: autoDraw = True
33.9396 	DATA 	Keypress: 7
33.9481 	EXP 	son: autoDraw = False
33.9481 	EXP 	su: autoDraw = False
33.9481 	EXP 	fin: autoDraw = False
33.9481 	EXP 	instructions_task: autoDraw = False
33.9481 	EXP 	text_2: autoDraw = False
33.9481 	EXP 	slider: markerPos = None
33.9481 	EXP 	slider: markerPos = None
33.9481 	EXP 	slider: rating = None
33.9481 	EXP 	slider: autoDraw = True
33.9481 	EXP 	text_6: autoDraw = True
34.3638 	DATA 	Mouse: Left button down, pos=(759,460)
34.3793 	EXP 	slider: markerPos = 3.1733333333333333
34.3960 	EXP 	slider: markerPos = 3.1733333333333333
34.4125 	EXP 	slider: markerPos = 3.1733333333333333
34.4292 	EXP 	slider: markerPos = 3.1733333333333333
34.4353 	DATA 	Mouse:  Left button up, pos=(759,460)
34.4462 	EXP 	slider: markerPos = 3.1733333333333333
34.4630 	EXP 	slider: markerPos = 3.1733333333333333
34.4630 	EXP 	slider: rating = 3.1733333333333333
34.4647 	EXP 	New trial (rep=0, index=4): OrderedDict([('stim', 'stim/pief_g.wav')])
34.4792 	EXP 	slider: autoDraw = False
34.4792 	EXP 	text_6: autoDraw = False
34.4792 	EXP 	instructions_task: autoDraw = True
34.4792 	EXP 	text_2: autoDraw = True
34.6805 	EXP 	text_2: autoDraw = False
34.7129 	EXP 	son: autoDraw = True
34.7129 	EXP 	su: autoDraw = True
34.7129 	EXP 	fin: autoDraw = True
37.7543 	DATA 	Keypress: 7
37.7794 	EXP 	son: autoDraw = False
37.7794 	EXP 	su: autoDraw = False
37.7794 	EXP 	fin: autoDraw = False
37.7794 	EXP 	instructions_task: autoDraw = False
37.7794 	EXP 	text_2: autoDraw = False
37.7794 	EXP 	slider: markerPos = None
37.7794 	EXP 	slider: markerPos = None
37.7794 	EXP 	slider: rating = None
37.7794 	EXP 	slider: autoDraw = True
37.7794 	EXP 	text_6: autoDraw = True
38.3799 	DATA 	Mouse: Left button down, pos=(962,469)
38.3952 	EXP 	slider: markerPos = 4.075555555555556
38.4128 	EXP 	slider: markerPos = 4.075555555555556
38.4305 	EXP 	slider: markerPos = 4.075555555555556
38.4311 	DATA 	Mouse:  Left button up, pos=(962,469)
38.4460 	EXP 	slider: markerPos = 4.075555555555556
38.4460 	EXP 	slider: rating = 4.075555555555556
38.4478 	EXP 	New trial (rep=0, index=5): OrderedDict([('stim', 'stim/p_schwa_g.wav')])
38.4626 	EXP 	slider: autoDraw = False
38.4626 	EXP 	text_6: autoDraw = False
38.4626 	EXP 	instructions_task: autoDraw = True
38.4626 	EXP 	text_2: autoDraw = True
38.6631 	EXP 	text_2: autoDraw = False
38.6969 	EXP 	son: autoDraw = True
38.6969 	EXP 	su: autoDraw = True
38.6969 	EXP 	fin: autoDraw = True
41.9396 	DATA 	Keypress: 5
41.9476 	EXP 	son: autoDraw = False
41.9476 	EXP 	su: autoDraw = False
41.9476 	EXP 	fin: autoDraw = False
41.9476 	EXP 	instructions_task: autoDraw = False
41.9476 	EXP 	text_2: autoDraw = False
41.9476 	EXP 	slider: markerPos = None
41.9476 	EXP 	slider: markerPos = None
41.9476 	EXP 	slider: rating = None
41.9476 	EXP 	slider: autoDraw = True
41.9476 	EXP 	text_6: autoDraw = True
42.7168 	DATA 	Mouse: Left button down, pos=(396,476)
42.7455 	EXP 	slider: markerPos = 1.56
42.7632 	EXP 	slider: markerPos = 1.56
42.7795 	EXP 	slider: markerPos = 1.56
42.7960 	EXP 	slider: markerPos = 1.56
42.8134 	EXP 	slider: markerPos = 1.56
42.8140 	DATA 	Mouse:  Left button up, pos=(396,476)
42.8296 	EXP 	slider: markerPos = 1.56
42.8296 	EXP 	slider: rating = 1.56
42.8314 	EXP 	New trial (rep=0, index=6): OrderedDict([('stim', 'stim/fof_g.wav')])
42.8461 	EXP 	slider: autoDraw = False
42.8461 	EXP 	text_6: autoDraw = False
42.8461 	EXP 	instructions_task: autoDraw = True
42.8461 	EXP 	text_2: autoDraw = True
43.0458 	EXP 	text_2: autoDraw = False
43.0797 	EXP 	son: autoDraw = True
43.0797 	EXP 	su: autoDraw = True
43.0797 	EXP 	fin: autoDraw = True
46.2401 	DATA 	Keypress: 5
46.2479 	EXP 	son: autoDraw = False
46.2479 	EXP 	su: autoDraw = False
46.2479 	EXP 	fin: autoDraw = False
46.2479 	EXP 	instructions_task: autoDraw = False
46.2479 	EXP 	text_2: autoDraw = False
46.2479 	EXP 	slider: markerPos = None
46.2479 	EXP 	slider: markerPos = None
46.2479 	EXP 	slider: rating = None
46.2479 	EXP 	slider: autoDraw = True
46.2479 	EXP 	text_6: autoDraw = True
46.7142 	DATA 	Mouse: Left button down, pos=(517,444)
46.7293 	EXP 	slider: markerPos = 2.097777777777778
46.7462 	EXP 	slider: markerPos = 2.097777777777778
46.7630 	EXP 	slider: markerPos = 2.097777777777778
46.7789 	EXP 	slider: markerPos = 2.097777777777778
46.7855 	DATA 	Mouse:  Left button up, pos=(517,444)
46.7964 	EXP 	slider: markerPos = 2.097777777777778
46.8131 	EXP 	slider: markerPos = 2.097777777777778
46.8131 	EXP 	slider: rating = 2.097777777777778
46.8150 	EXP 	New trial (rep=0, index=7): OrderedDict([('stim', 'stim/peuf_g.wav')])
46.8296 	EXP 	slider: autoDraw = False
46.8296 	EXP 	text_6: autoDraw = False
46.8296 	EXP 	instructions_task: autoDraw = True
46.8296 	EXP 	text_2: autoDraw = True
47.0305 	EXP 	text_2: autoDraw = False
47.0637 	EXP 	son: autoDraw = True
47.0637 	EXP 	su: autoDraw = True
47.0637 	EXP 	fin: autoDraw = True
49.6405 	DATA 	Keypress: 6
49.6485 	EXP 	son: autoDraw = False
49.6485 	EXP 	su: autoDraw = False
49.6485 	EXP 	fin: autoDraw = False
49.6485 	EXP 	instructions_task: autoDraw = False
49.6485 	EXP 	text_2: autoDraw = False
49.6485 	EXP 	slider: markerPos = None
49.6485 	EXP 	slider: markerPos = None
49.6485 	EXP 	slider: rating = None
49.6485 	EXP 	slider: autoDraw = True
49.6485 	EXP 	text_6: autoDraw = True
50.3799 	DATA 	Mouse: Left button down, pos=(725,460)
50.3964 	EXP 	slider: markerPos = 3.026666666666667
50.4127 	EXP 	slider: markerPos = 3.026666666666667
50.4301 	EXP 	slider: markerPos = 3.026666666666667
50.4466 	EXP 	slider: markerPos = 3.026666666666667
50.4472 	DATA 	Mouse:  Left button up, pos=(726,460)
50.4631 	EXP 	slider: markerPos = 3.026666666666667
50.4631 	EXP 	slider: rating = 3.026666666666667
50.4649 	EXP 	New trial (rep=1, index=0): OrderedDict([('stim', 'stim/fof_g.wav')])
50.4796 	EXP 	slider: autoDraw = False
50.4796 	EXP 	text_6: autoDraw = False
50.4796 	EXP 	instructions_task: autoDraw = True
50.4796 	EXP 	text_2: autoDraw = True
50.6803 	EXP 	text_2: autoDraw = False
50.7130 	EXP 	son: autoDraw = True
50.7130 	EXP 	su: autoDraw = True
50.7130 	EXP 	fin: autoDraw = True
52.5407 	DATA 	Keypress: 5
52.5489 	EXP 	son: autoDraw = False
52.5489 	EXP 	su: autoDraw = False
52.5489 	EXP 	fin: autoDraw = False
52.5489 	EXP 	instructions_task: autoDraw = False
52.5489 	EXP 	text_2: autoDraw = False
52.5489 	EXP 	slider: markerPos = None
52.5489 	EXP 	slider: markerPos = None
52.5489 	EXP 	slider: rating = None
52.5489 	EXP 	slider: autoDraw = True
52.5489 	EXP 	text_6: autoDraw = True
52.8974 	DATA 	Mouse: Left button down, pos=(726,460)
52.9133 	EXP 	slider: markerPos = 3.026666666666667
52.9304 	EXP 	slider: markerPos = 3.026666666666667
52.9466 	EXP 	slider: markerPos = 3.026666666666667
52.9635 	EXP 	slider: markerPos = 3.026666666666667
52.9640 	DATA 	Mouse:  Left button up, pos=(726,460)
52.9797 	EXP 	slider: markerPos = 3.026666666666667
52.9797 	EXP 	slider: rating = 3.026666666666667
52.9815 	EXP 	New trial (rep=1, index=1): OrderedDict([('stim', 'stim/pof_g.wav')])
52.9965 	EXP 	slider: autoDraw = False
52.9965 	EXP 	text_6: autoDraw = False
52.9965 	EXP 	instructions_task: autoDraw = True
52.9965 	EXP 	text_2: autoDraw = True
53.1978 	EXP 	text_2: autoDraw = False
53.2308 	EXP 	son: autoDraw = True
53.2308 	EXP 	su: autoDraw = True
53.2308 	EXP 	fin: autoDraw = True
55.6398 	DATA 	Keypress: 7
55.6478 	EXP 	son: autoDraw = False
55.6478 	EXP 	su: autoDraw = False
55.6478 	EXP 	fin: autoDraw = False
55.6478 	EXP 	instructions_task: autoDraw = False
55.6478 	EXP 	text_2: autoDraw = False
55.6478 	EXP 	slider: markerPos = None
55.6478 	EXP 	slider: markerPos = None
55.6478 	EXP 	slider: rating = None
55.6478 	EXP 	slider: autoDraw = True
55.6478 	EXP 	text_6: autoDraw = True
56.0351 	DATA 	Mouse: Left button down, pos=(720,453)
56.0638 	EXP 	slider: markerPos = 3.0
56.0801 	EXP 	slider: markerPos = 3.0
56.0966 	EXP 	slider: markerPos = 3.0
56.1132 	EXP 	slider: markerPos = 3.0
56.1301 	EXP 	slider: markerPos = 3.0
56.1306 	DATA 	Mouse:  Left button up, pos=(720,453)
56.1469 	EXP 	slider: markerPos = 3.0
56.1469 	EXP 	slider: rating = 3.0
56.1487 	EXP 	New trial (rep=1, index=2): OrderedDict([('stim', 'stim/f_schwa_g.wav')])
56.1631 	EXP 	slider: autoDraw = False
56.1631 	EXP 	text_6: autoDraw = False
56.1631 	EXP 	instructions_task: autoDraw = True
56.1631 	EXP 	text_2: autoDraw = True
56.3629 	EXP 	text_2: autoDraw = False
56.3975 	EXP 	son: autoDraw = True
56.3975 	EXP 	su: autoDraw = True
56.3975 	EXP 	fin: autoDraw = True
57.5236 	DATA 	Keypress: 4
57.5315 	EXP 	son: autoDraw = False
57.5315 	EXP 	su: autoDraw = False
57.5315 	EXP 	fin: autoDraw = False
57.5315 	EXP 	instructions_task: autoDraw = False
57.5315 	EXP 	text_2: autoDraw = False
57.5315 	EXP 	slider: markerPos = None
57.5315 	EXP 	slider: markerPos = None
57.5315 	EXP 	slider: rating = None
57.5315 	EXP 	slider: autoDraw = True
57.5315 	EXP 	text_6: autoDraw = True
57.8846 	DATA 	Mouse: Left button down, pos=(720,453)
57.9126 	EXP 	slider: markerPos = 3.0
57.9300 	EXP 	slider: markerPos = 3.0
57.9466 	EXP 	slider: markerPos = 3.0
57.9632 	EXP 	slider: markerPos = 3.0
57.9801 	EXP 	slider: markerPos = 3.0
57.9807 	DATA 	Mouse:  Left button up, pos=(720,453)
57.9971 	EXP 	slider: markerPos = 3.0
57.9971 	EXP 	slider: rating = 3.0
57.9988 	EXP 	New trial (rep=1, index=3): OrderedDict([('stim', 'stim/fief_g.wav')])
58.0132 	EXP 	slider: autoDraw = False
58.0132 	EXP 	text_6: autoDraw = False
58.0132 	EXP 	instructions_task: autoDraw = True
58.0132 	EXP 	text_2: autoDraw = True
58.2138 	EXP 	text_2: autoDraw = False
58.2458 	EXP 	son: autoDraw = True
58.2458 	EXP 	su: autoDraw = True
58.2458 	EXP 	fin: autoDraw = True
58.6700 	DATA 	Keypress: 4
58.6972 	EXP 	son: autoDraw = False
58.6972 	EXP 	su: autoDraw = False
58.6972 	EXP 	fin: autoDraw = False
58.6972 	EXP 	instructions_task: autoDraw = False
58.6972 	EXP 	text_2: autoDraw = False
58.6972 	EXP 	slider: markerPos = None
58.6972 	EXP 	slider: markerPos = None
58.6972 	EXP 	slider: rating = None
58.6972 	EXP 	slider: autoDraw = True
58.6972 	EXP 	text_6: autoDraw = True
58.7977 	DATA 	Mouse: Left button down, pos=(720,453)
58.8135 	EXP 	slider: markerPos = 3.0
58.8302 	EXP 	slider: markerPos = 3.0
58.8467 	EXP 	slider: markerPos = 3.0
58.8633 	EXP 	slider: markerPos = 3.0
58.8800 	EXP 	slider: markerPos = 3.0
58.8968 	EXP 	slider: markerPos = 3.0
58.9130 	EXP 	slider: markerPos = 3.0
58.9290 	EXP 	slider: markerPos = 3.0
58.9296 	DATA 	Mouse:  Left button up, pos=(720,453)
58.9470 	EXP 	slider: markerPos = 3.0
58.9470 	EXP 	slider: rating = 3.0
58.9488 	EXP 	New trial (rep=1, index=4): OrderedDict([('stim', 'stim/p_schwa_g.wav')])
58.9633 	EXP 	slider: autoDraw = False
58.9633 	EXP 	text_6: autoDraw = False
58.9633 	EXP 	instructions_task: autoDraw = True
58.9633 	EXP 	text_2: autoDraw = True
59.1642 	EXP 	text_2: autoDraw = False
59.1970 	EXP 	son: autoDraw = True
59.1970 	EXP 	su: autoDraw = True
59.1970 	EXP 	fin: autoDraw = True
59.7901 	DATA 	Keypress: 5
59.7979 	EXP 	son: autoDraw = False
59.7979 	EXP 	su: autoDraw = False
59.7979 	EXP 	fin: autoDraw = False
59.7979 	EXP 	instructions_task: autoDraw = False
59.7979 	EXP 	text_2: autoDraw = False
59.7979 	EXP 	slider: markerPos = None
59.7979 	EXP 	slider: markerPos = None
59.7979 	EXP 	slider: rating = None
59.7979 	EXP 	slider: autoDraw = True
59.7979 	EXP 	text_6: autoDraw = True
59.9349 	DATA 	Mouse: Left button down, pos=(720,453)
59.9629 	EXP 	slider: markerPos = 3.0
59.9803 	EXP 	slider: markerPos = 3.0
59.9970 	EXP 	slider: markerPos = 3.0
60.0132 	EXP 	slider: markerPos = 3.0
60.0297 	EXP 	slider: markerPos = 3.0
60.0468 	EXP 	slider: markerPos = 3.0
60.0635 	EXP 	slider: markerPos = 3.0
60.0696 	DATA 	Mouse:  Left button up, pos=(720,453)
60.0801 	EXP 	slider: markerPos = 3.0
60.0964 	EXP 	slider: markerPos = 3.0
60.0964 	EXP 	slider: rating = 3.0
60.0982 	EXP 	New trial (rep=1, index=5): OrderedDict([('stim', 'stim/pief_g.wav')])
60.1136 	EXP 	slider: autoDraw = False
60.1136 	EXP 	text_6: autoDraw = False
60.1136 	EXP 	instructions_task: autoDraw = True
60.1136 	EXP 	text_2: autoDraw = True
60.3133 	EXP 	text_2: autoDraw = False
60.3470 	EXP 	son: autoDraw = True
60.3470 	EXP 	su: autoDraw = True
60.3470 	EXP 	fin: autoDraw = True
60.7575 	DATA 	Keypress: 4
60.7654 	EXP 	son: autoDraw = False
60.7654 	EXP 	su: autoDraw = False
60.7654 	EXP 	fin: autoDraw = False
60.7654 	EXP 	instructions_task: autoDraw = False
60.7654 	EXP 	text_2: autoDraw = False
60.7654 	EXP 	slider: markerPos = None
60.7654 	EXP 	slider: markerPos = None
60.7654 	EXP 	slider: rating = None
60.7654 	EXP 	slider: autoDraw = True
60.7654 	EXP 	text_6: autoDraw = True
61.2140 	DATA 	Mouse: Left button down, pos=(720,453)
61.2292 	EXP 	slider: markerPos = 3.0
61.2463 	EXP 	slider: markerPos = 3.0
61.2623 	EXP 	slider: markerPos = 3.0
61.2811 	EXP 	slider: markerPos = 3.0
61.2968 	EXP 	slider: markerPos = 3.0
61.3132 	EXP 	slider: markerPos = 3.0
61.3297 	EXP 	slider: markerPos = 3.0
61.3468 	EXP 	slider: markerPos = 3.0
61.3634 	EXP 	slider: markerPos = 3.0
61.3801 	EXP 	slider: markerPos = 3.0
61.3969 	EXP 	slider: markerPos = 3.0
61.3974 	DATA 	Mouse:  Left button up, pos=(720,453)
61.4134 	EXP 	slider: markerPos = 3.0
61.4134 	EXP 	slider: rating = 3.0
61.4151 	EXP 	New trial (rep=1, index=6): OrderedDict([('stim', 'stim/peuf_g.wav')])
61.4299 	EXP 	slider: autoDraw = False
61.4299 	EXP 	text_6: autoDraw = False
61.4299 	EXP 	instructions_task: autoDraw = True
61.4299 	EXP 	text_2: autoDraw = True
61.6303 	EXP 	text_2: autoDraw = False
61.6639 	EXP 	son: autoDraw = True
61.6639 	EXP 	su: autoDraw = True
61.6639 	EXP 	fin: autoDraw = True
61.9732 	DATA 	Keypress: 5
61.9812 	EXP 	son: autoDraw = False
61.9812 	EXP 	su: autoDraw = False
61.9812 	EXP 	fin: autoDraw = False
61.9812 	EXP 	instructions_task: autoDraw = False
61.9812 	EXP 	text_2: autoDraw = False
61.9812 	EXP 	slider: markerPos = None
61.9812 	EXP 	slider: markerPos = None
61.9812 	EXP 	slider: rating = None
61.9812 	EXP 	slider: autoDraw = True
61.9812 	EXP 	text_6: autoDraw = True
62.0973 	DATA 	Mouse: Left button down, pos=(720,453)
62.1133 	EXP 	slider: markerPos = 3.0
62.1300 	EXP 	slider: markerPos = 3.0
62.1470 	EXP 	slider: markerPos = 3.0
62.1635 	EXP 	slider: markerPos = 3.0
62.1800 	EXP 	slider: markerPos = 3.0
62.1970 	EXP 	slider: markerPos = 3.0
62.2134 	EXP 	slider: markerPos = 3.0
62.2302 	EXP 	slider: markerPos = 3.0
62.2470 	EXP 	slider: markerPos = 3.0
62.2637 	EXP 	slider: markerPos = 3.0
62.2642 	DATA 	Mouse:  Left button up, pos=(720,453)
62.2801 	EXP 	slider: markerPos = 3.0
62.2801 	EXP 	slider: rating = 3.0
62.2818 	EXP 	New trial (rep=1, index=7): OrderedDict([('stim', 'stim/feuf_g.wav')])
62.2968 	EXP 	slider: autoDraw = False
62.2968 	EXP 	text_6: autoDraw = False
62.2968 	EXP 	instructions_task: autoDraw = True
62.2968 	EXP 	text_2: autoDraw = True
62.4973 	EXP 	text_2: autoDraw = False
62.5311 	EXP 	son: autoDraw = True
62.5311 	EXP 	su: autoDraw = True
62.5311 	EXP 	fin: autoDraw = True
62.6738 	DATA 	Keypress: 5
62.6815 	EXP 	son: autoDraw = False
62.6815 	EXP 	su: autoDraw = False
62.6815 	EXP 	fin: autoDraw = False
62.6815 	EXP 	instructions_task: autoDraw = False
62.6815 	EXP 	text_2: autoDraw = False
62.6815 	EXP 	slider: markerPos = None
62.6815 	EXP 	slider: markerPos = None
62.6815 	EXP 	slider: rating = None
62.6815 	EXP 	slider: autoDraw = True
62.6815 	EXP 	text_6: autoDraw = True
62.7642 	DATA 	Mouse: Left button down, pos=(720,453)
62.7800 	EXP 	slider: markerPos = 3.0
62.7967 	EXP 	slider: markerPos = 3.0
62.8144 	EXP 	slider: markerPos = 3.0
62.8304 	EXP 	slider: markerPos = 3.0
62.8468 	EXP 	slider: markerPos = 3.0
62.8634 	EXP 	slider: markerPos = 3.0
62.8801 	EXP 	slider: markerPos = 3.0
62.8968 	EXP 	slider: markerPos = 3.0
62.9132 	EXP 	slider: markerPos = 3.0
62.9301 	EXP 	slider: markerPos = 3.0
62.9467 	EXP 	slider: markerPos = 3.0
62.9528 	DATA 	Mouse:  Left button up, pos=(720,453)
62.9634 	EXP 	slider: markerPos = 3.0
62.9797 	EXP 	slider: markerPos = 3.0
62.9797 	EXP 	slider: rating = 3.0
62.9815 	EXP 	New trial (rep=2, index=0): OrderedDict([('stim', 'stim/pof_g.wav')])
62.9976 	EXP 	slider: autoDraw = False
62.9976 	EXP 	text_6: autoDraw = False
62.9976 	EXP 	instructions_task: autoDraw = True
62.9976 	EXP 	text_2: autoDraw = True
63.1979 	EXP 	text_2: autoDraw = False
63.2306 	EXP 	son: autoDraw = True
63.2306 	EXP 	su: autoDraw = True
63.2306 	EXP 	fin: autoDraw = True
63.3582 	DATA 	Keypress: 5
63.3665 	EXP 	son: autoDraw = False
63.3665 	EXP 	su: autoDraw = False
63.3665 	EXP 	fin: autoDraw = False
63.3665 	EXP 	instructions_task: autoDraw = False
63.3665 	EXP 	text_2: autoDraw = False
63.3665 	EXP 	slider: markerPos = None
63.3665 	EXP 	slider: markerPos = None
63.3665 	EXP 	slider: rating = None
63.3665 	EXP 	slider: autoDraw = True
63.3665 	EXP 	text_6: autoDraw = True
63.4853 	DATA 	Mouse: Left button down, pos=(720,453)
63.5132 	EXP 	slider: markerPos = 3.0
63.5306 	EXP 	slider: markerPos = 3.0
63.5468 	EXP 	slider: markerPos = 3.0
63.5634 	EXP 	slider: markerPos = 3.0
63.5801 	EXP 	slider: markerPos = 3.0
63.5969 	EXP 	slider: markerPos = 3.0
63.6135 	EXP 	slider: markerPos = 3.0
63.6301 	EXP 	slider: markerPos = 3.0
63.6469 	EXP 	slider: markerPos = 3.0
63.6635 	EXP 	slider: markerPos = 3.0
63.6641 	DATA 	Mouse:  Left button up, pos=(720,453)
63.6800 	EXP 	slider: markerPos = 3.0
63.6800 	EXP 	slider: rating = 3.0
63.6817 	EXP 	New trial (rep=2, index=1): OrderedDict([('stim', 'stim/p_schwa_g.wav')])
63.6971 	EXP 	slider: autoDraw = False
63.6971 	EXP 	text_6: autoDraw = False
63.6971 	EXP 	instructions_task: autoDraw = True
63.6971 	EXP 	text_2: autoDraw = True
63.8976 	EXP 	text_2: autoDraw = False
63.9309 	EXP 	son: autoDraw = True
63.9309 	EXP 	su: autoDraw = True
63.9309 	EXP 	fin: autoDraw = True
63.9735 	DATA 	Keypress: 5
63.9813 	EXP 	son: autoDraw = False
63.9813 	EXP 	su: autoDraw = False
63.9813 	EXP 	fin: autoDraw = False
63.9813 	EXP 	instructions_task: autoDraw = False
63.9813 	EXP 	text_2: autoDraw = False
63.9813 	EXP 	slider: markerPos = None
63.9813 	EXP 	slider: markerPos = None
63.9813 	EXP 	slider: rating = None
63.9813 	EXP 	slider: autoDraw = True
63.9813 	EXP 	text_6: autoDraw = True
64.1355 	DATA 	Mouse: Left button down, pos=(720,453)
64.1634 	EXP 	slider: markerPos = 3.0
64.1802 	EXP 	slider: markerPos = 3.0
64.1968 	EXP 	slider: markerPos = 3.0
64.2134 	EXP 	slider: markerPos = 3.0
64.2304 	EXP 	slider: markerPos = 3.0
64.2474 	EXP 	slider: markerPos = 3.0
64.2635 	EXP 	slider: markerPos = 3.0
64.2799 	EXP 	slider: markerPos = 3.0
64.2961 	EXP 	slider: markerPos = 3.0
64.3124 	EXP 	slider: markerPos = 3.0
64.3131 	DATA 	Mouse:  Left button up, pos=(720,453)
64.3296 	EXP 	slider: markerPos = 3.0
64.3296 	EXP 	slider: rating = 3.0
64.3315 	EXP 	New trial (rep=2, index=2): OrderedDict([('stim', 'stim/f_schwa_g.wav')])
64.3469 	EXP 	slider: autoDraw = False
64.3469 	EXP 	text_6: autoDraw = False
64.3469 	EXP 	instructions_task: autoDraw = True
64.3469 	EXP 	text_2: autoDraw = True
64.5478 	EXP 	text_2: autoDraw = False
64.5802 	EXP 	son: autoDraw = True
64.5802 	EXP 	su: autoDraw = True
64.5802 	EXP 	fin: autoDraw = True
64.6245 	DATA 	Keypress: 5
64.6384 	EXP 	son: autoDraw = False
64.6384 	EXP 	su: autoDraw = False
64.6384 	EXP 	fin: autoDraw = False
64.6384 	EXP 	instructions_task: autoDraw = False
64.6384 	EXP 	text_2: autoDraw = False
64.6384 	EXP 	slider: markerPos = None
64.6384 	EXP 	slider: markerPos = None
64.6384 	EXP 	slider: rating = None
64.6384 	EXP 	slider: autoDraw = True
64.6384 	EXP 	text_6: autoDraw = True
64.7644 	DATA 	Mouse: Left button down, pos=(720,453)
64.7805 	EXP 	slider: markerPos = 3.0
64.7970 	EXP 	slider: markerPos = 3.0
64.8139 	EXP 	slider: markerPos = 3.0
64.8304 	EXP 	slider: markerPos = 3.0
64.8464 	EXP 	slider: markerPos = 3.0
64.8636 	EXP 	slider: markerPos = 3.0
64.8799 	EXP 	slider: markerPos = 3.0
64.8957 	EXP 	slider: markerPos = 3.0
64.9128 	EXP 	slider: markerPos = 3.0
64.9296 	EXP 	slider: markerPos = 3.0
64.9464 	EXP 	slider: markerPos = 3.0
64.9637 	EXP 	slider: markerPos = 3.0
64.9645 	DATA 	Mouse:  Left button up, pos=(720,453)
64.9800 	EXP 	slider: markerPos = 3.0
64.9800 	EXP 	slider: rating = 3.0
64.9817 	EXP 	New trial (rep=2, index=3): OrderedDict([('stim', 'stim/fief_g.wav')])
64.9967 	EXP 	slider: autoDraw = False
64.9967 	EXP 	text_6: autoDraw = False
64.9967 	EXP 	instructions_task: autoDraw = True
64.9967 	EXP 	text_2: autoDraw = True
65.1973 	EXP 	text_2: autoDraw = False
65.2313 	EXP 	son: autoDraw = True
65.2313 	EXP 	su: autoDraw = True
65.2313 	EXP 	fin: autoDraw = True
65.2737 	DATA 	Keypress: 5
65.2815 	EXP 	son: autoDraw = False
65.2815 	EXP 	su: autoDraw = False
65.2815 	EXP 	fin: autoDraw = False
65.2815 	EXP 	instructions_task: autoDraw = False
65.2815 	EXP 	text_2: autoDraw = False
65.2815 	EXP 	slider: markerPos = None
65.2815 	EXP 	slider: markerPos = None
65.2815 	EXP 	slider: rating = None
65.2815 	EXP 	slider: autoDraw = True
65.2815 	EXP 	text_6: autoDraw = True
65.4141 	DATA 	Mouse: Left button down, pos=(720,453)
65.4294 	EXP 	slider: markerPos = 3.0
65.4465 	EXP 	slider: markerPos = 3.0
65.4640 	EXP 	slider: markerPos = 3.0
65.4805 	EXP 	slider: markerPos = 3.0
65.4971 	EXP 	slider: markerPos = 3.0
65.5134 	EXP 	slider: markerPos = 3.0
65.5304 	EXP 	slider: markerPos = 3.0
65.5470 	EXP 	slider: markerPos = 3.0
65.5626 	EXP 	slider: markerPos = 3.0
65.5789 	EXP 	slider: markerPos = 3.0
65.5968 	EXP 	slider: markerPos = 3.0
65.6134 	EXP 	slider: markerPos = 3.0
65.6140 	DATA 	Mouse:  Left button up, pos=(720,453)
65.6306 	EXP 	slider: markerPos = 3.0
65.6306 	EXP 	slider: rating = 3.0
65.6324 	EXP 	New trial (rep=2, index=4): OrderedDict([('stim', 'stim/pief_g.wav')])
65.6467 	EXP 	slider: autoDraw = False
65.6467 	EXP 	text_6: autoDraw = False
65.6467 	EXP 	instructions_task: autoDraw = True
65.6467 	EXP 	text_2: autoDraw = True
65.8467 	EXP 	text_2: autoDraw = False
65.8795 	EXP 	son: autoDraw = True
65.8795 	EXP 	su: autoDraw = True
65.8795 	EXP 	fin: autoDraw = True
65.9423 	DATA 	Keypress: 5
65.9506 	EXP 	son: autoDraw = False
65.9506 	EXP 	su: autoDraw = False
65.9506 	EXP 	fin: autoDraw = False
65.9506 	EXP 	instructions_task: autoDraw = False
65.9506 	EXP 	text_2: autoDraw = False
65.9506 	EXP 	slider: markerPos = None
65.9506 	EXP 	slider: markerPos = None
65.9506 	EXP 	slider: rating = None
65.9506 	EXP 	slider: autoDraw = True
65.9506 	EXP 	text_6: autoDraw = True
66.0479 	DATA 	Mouse: Left button down, pos=(720,453)
66.0640 	EXP 	slider: markerPos = 3.0
66.0803 	EXP 	slider: markerPos = 3.0
66.0970 	EXP 	slider: markerPos = 3.0
66.1136 	EXP 	slider: markerPos = 3.0
66.1302 	EXP 	slider: markerPos = 3.0
66.1469 	EXP 	slider: markerPos = 3.0
66.1638 	EXP 	slider: markerPos = 3.0
66.1802 	EXP 	slider: markerPos = 3.0
66.1973 	EXP 	slider: markerPos = 3.0
66.2136 	EXP 	slider: markerPos = 3.0
66.2301 	EXP 	slider: markerPos = 3.0
66.2471 	EXP 	slider: markerPos = 3.0
66.2477 	DATA 	Mouse:  Left button up, pos=(720,453)
66.2635 	EXP 	slider: markerPos = 3.0
66.2635 	EXP 	slider: rating = 3.0
66.2652 	EXP 	New trial (rep=2, index=5): OrderedDict([('stim', 'stim/feuf_g.wav')])
66.2802 	EXP 	slider: autoDraw = False
66.2802 	EXP 	text_6: autoDraw = False
66.2802 	EXP 	instructions_task: autoDraw = True
66.2802 	EXP 	text_2: autoDraw = True
66.4807 	EXP 	text_2: autoDraw = False
66.5140 	EXP 	son: autoDraw = True
66.5140 	EXP 	su: autoDraw = True
66.5140 	EXP 	fin: autoDraw = True
66.6082 	DATA 	Keypress: 5
66.6166 	EXP 	son: autoDraw = False
66.6166 	EXP 	su: autoDraw = False
66.6166 	EXP 	fin: autoDraw = False
66.6166 	EXP 	instructions_task: autoDraw = False
66.6166 	EXP 	text_2: autoDraw = False
66.6166 	EXP 	slider: markerPos = None
66.6166 	EXP 	slider: markerPos = None
66.6166 	EXP 	slider: rating = None
66.6166 	EXP 	slider: autoDraw = True
66.6166 	EXP 	text_6: autoDraw = True
66.7313 	DATA 	Mouse: Left button down, pos=(720,453)
66.7469 	EXP 	slider: markerPos = 3.0
66.7640 	EXP 	slider: markerPos = 3.0
66.7802 	EXP 	slider: markerPos = 3.0
66.7969 	EXP 	slider: markerPos = 3.0
66.8138 	EXP 	slider: markerPos = 3.0
66.8304 	EXP 	slider: markerPos = 3.0
66.8461 	EXP 	slider: markerPos = 3.0
66.8634 	EXP 	slider: markerPos = 3.0
66.8812 	EXP 	slider: markerPos = 3.0
66.8970 	EXP 	slider: markerPos = 3.0
66.9043 	DATA 	Mouse:  Left button up, pos=(720,453)
66.9133 	EXP 	slider: markerPos = 3.0
66.9303 	EXP 	slider: markerPos = 3.0
66.9303 	EXP 	slider: rating = 3.0
66.9321 	EXP 	New trial (rep=2, index=6): OrderedDict([('stim', 'stim/fof_g.wav')])
66.9468 	EXP 	slider: autoDraw = False
66.9468 	EXP 	text_6: autoDraw = False
66.9468 	EXP 	instructions_task: autoDraw = True
66.9468 	EXP 	text_2: autoDraw = True
67.1476 	EXP 	text_2: autoDraw = False
67.1802 	EXP 	son: autoDraw = True
67.1802 	EXP 	su: autoDraw = True
67.1802 	EXP 	fin: autoDraw = True
67.2250 	DATA 	Keypress: 5
67.2333 	EXP 	son: autoDraw = False
67.2333 	EXP 	su: autoDraw = False
67.2333 	EXP 	fin: autoDraw = False
67.2333 	EXP 	instructions_task: autoDraw = False
67.2333 	EXP 	text_2: autoDraw = False
67.2333 	EXP 	slider: markerPos = None
67.2333 	EXP 	slider: markerPos = None
67.2333 	EXP 	slider: rating = None
67.2333 	EXP 	slider: autoDraw = True
67.2333 	EXP 	text_6: autoDraw = True
67.3353 	DATA 	Mouse: Left button down, pos=(720,453)
67.3632 	EXP 	slider: markerPos = 3.0
67.3802 	EXP 	slider: markerPos = 3.0
67.3968 	EXP 	slider: markerPos = 3.0
67.4134 	EXP 	slider: markerPos = 3.0
67.4299 	EXP 	slider: markerPos = 3.0
67.4469 	EXP 	slider: markerPos = 3.0
67.4632 	EXP 	slider: markerPos = 3.0
67.4805 	EXP 	slider: markerPos = 3.0
67.4972 	EXP 	slider: markerPos = 3.0
67.5138 	EXP 	slider: markerPos = 3.0
67.5303 	EXP 	slider: markerPos = 3.0
67.5309 	DATA 	Mouse:  Left button up, pos=(720,453)
67.5469 	EXP 	slider: markerPos = 3.0
67.5469 	EXP 	slider: rating = 3.0
67.5486 	EXP 	New trial (rep=2, index=7): OrderedDict([('stim', 'stim/peuf_g.wav')])
67.5637 	EXP 	slider: autoDraw = False
67.5637 	EXP 	text_6: autoDraw = False
67.5637 	EXP 	instructions_task: autoDraw = True
67.5637 	EXP 	text_2: autoDraw = True
67.7641 	EXP 	text_2: autoDraw = False
67.7971 	EXP 	son: autoDraw = True
67.7971 	EXP 	su: autoDraw = True
67.7971 	EXP 	fin: autoDraw = True
67.8580 	DATA 	Keypress: 5
67.8662 	EXP 	son: autoDraw = False
67.8662 	EXP 	su: autoDraw = False
67.8662 	EXP 	fin: autoDraw = False
67.8662 	EXP 	instructions_task: autoDraw = False
67.8662 	EXP 	text_2: autoDraw = False
67.8662 	EXP 	slider: markerPos = None
67.8662 	EXP 	slider: markerPos = None
67.8662 	EXP 	slider: rating = None
67.8662 	EXP 	slider: autoDraw = True
67.8662 	EXP 	text_6: autoDraw = True
68.0148 	DATA 	Mouse: Left button down, pos=(720,453)
68.0303 	EXP 	slider: markerPos = 3.0
68.0469 	EXP 	slider: markerPos = 3.0
68.0638 	EXP 	slider: markerPos = 3.0
68.0793 	EXP 	slider: markerPos = 3.0
68.0972 	EXP 	slider: markerPos = 3.0
68.1136 	EXP 	slider: markerPos = 3.0
68.1302 	EXP 	slider: markerPos = 3.0
68.1463 	EXP 	slider: markerPos = 3.0
68.1637 	EXP 	slider: markerPos = 3.0
68.1643 	DATA 	Mouse:  Left button up, pos=(720,453)
68.1794 	EXP 	slider: markerPos = 3.0
68.1794 	EXP 	slider: rating = 3.0
68.1970 	EXP 	slider: autoDraw = False
68.1970 	EXP 	text_6: autoDraw = False
68.1970 	EXP 	text_7: autoDraw = True
68.3195 	DATA 	Keypress: 5
68.5819 	DATA 	Mouse: Left button down, pos=(720,453)
68.7494 	DATA 	Mouse:  Left button up, pos=(720,453)
70.1863 	EXP 	Imported conditions/conditions_french.csv as conditions, 8 conditions, 1 params
70.1870 	EXP 	Created sequence: random, trialTypes=8, nReps=1, seed=None
70.1872 	EXP 	New trial (rep=0, index=0): OrderedDict([('stim', 'stim/pif_f.wav')])
70.1974 	DATA 	Keypress: space
70.2018 	EXP 	text_7: autoDraw = False
70.2018 	EXP 	instructions_task_2: autoDraw = True
70.2018 	EXP 	text: autoDraw = True
70.4140 	EXP 	text: autoDraw = False
70.4471 	EXP 	son_2: autoDraw = True
70.4471 	EXP 	su_2: autoDraw = True
70.4471 	EXP 	fin_2: autoDraw = True
72.3746 	DATA 	Keypress: 5
72.3850 	EXP 	son_2: autoDraw = False
72.3850 	EXP 	su_2: autoDraw = False
72.3850 	EXP 	fin_2: autoDraw = False
72.3850 	EXP 	instructions_task_2: autoDraw = False
72.3850 	EXP 	text: autoDraw = False
72.3850 	EXP 	slider_2: markerPos = None
72.3850 	EXP 	slider_2: markerPos = None
72.3850 	EXP 	slider_2: rating = None
72.3850 	EXP 	slider_2: autoDraw = True
72.3850 	EXP 	text_9: autoDraw = True
72.5811 	DATA 	Mouse: Left button down, pos=(720,453)
72.5976 	EXP 	slider_2: markerPos = 3.0
72.6137 	EXP 	slider_2: markerPos = 3.0
72.6304 	EXP 	slider_2: markerPos = 3.0
72.6471 	EXP 	slider_2: markerPos = 3.0
72.6641 	EXP 	slider_2: markerPos = 3.0
72.6802 	EXP 	slider_2: markerPos = 3.0
72.6970 	EXP 	slider_2: markerPos = 3.0
72.7137 	EXP 	slider_2: markerPos = 3.0
72.7303 	EXP 	slider_2: markerPos = 3.0
72.7308 	DATA 	Mouse:  Left button up, pos=(720,453)
72.7471 	EXP 	slider_2: markerPos = 3.0
72.7471 	EXP 	slider_2: rating = 3.0
72.7489 	EXP 	New trial (rep=0, index=1): OrderedDict([('stim', 'stim/peuf_f.wav')])
72.7639 	EXP 	slider_2: autoDraw = False
72.7639 	EXP 	text_9: autoDraw = False
72.7639 	EXP 	instructions_task_2: autoDraw = True
72.7639 	EXP 	text: autoDraw = True
72.9645 	EXP 	text: autoDraw = False
72.9969 	EXP 	son_2: autoDraw = True
72.9969 	EXP 	su_2: autoDraw = True
72.9969 	EXP 	fin_2: autoDraw = True
74.4733 	DATA 	Keypress: 5
74.4813 	EXP 	son_2: autoDraw = False
74.4813 	EXP 	su_2: autoDraw = False
74.4813 	EXP 	fin_2: autoDraw = False
74.4813 	EXP 	instructions_task_2: autoDraw = False
74.4813 	EXP 	text: autoDraw = False
74.4813 	EXP 	slider_2: markerPos = None
74.4813 	EXP 	slider_2: markerPos = None
74.4813 	EXP 	slider_2: rating = None
74.4813 	EXP 	slider_2: autoDraw = True
74.4813 	EXP 	text_9: autoDraw = True
74.6475 	DATA 	Mouse: Left button down, pos=(720,453)
74.6632 	EXP 	slider_2: markerPos = 3.0
74.6803 	EXP 	slider_2: markerPos = 3.0
74.6965 	EXP 	slider_2: markerPos = 3.0
74.7140 	EXP 	slider_2: markerPos = 3.0
74.7305 	EXP 	slider_2: markerPos = 3.0
74.7476 	EXP 	slider_2: markerPos = 3.0
74.7638 	EXP 	slider_2: markerPos = 3.0
74.7805 	EXP 	slider_2: markerPos = 3.0
74.7976 	EXP 	slider_2: markerPos = 3.0
74.7981 	DATA 	Mouse:  Left button up, pos=(720,453)
74.8130 	EXP 	slider_2: markerPos = 3.0
74.8130 	EXP 	slider_2: rating = 3.0
74.8150 	EXP 	New trial (rep=0, index=2): OrderedDict([('stim', 'stim/fif_f.wav')])
74.8305 	EXP 	slider_2: autoDraw = False
74.8305 	EXP 	text_9: autoDraw = False
74.8305 	EXP 	instructions_task_2: autoDraw = True
74.8305 	EXP 	text: autoDraw = True
75.0310 	EXP 	text: autoDraw = False
75.0648 	EXP 	son_2: autoDraw = True
75.0648 	EXP 	su_2: autoDraw = True
75.0648 	EXP 	fin_2: autoDraw = True
76.2915 	DATA 	Keypress: 5
76.3046 	EXP 	son_2: autoDraw = False
76.3046 	EXP 	su_2: autoDraw = False
76.3046 	EXP 	fin_2: autoDraw = False
76.3046 	EXP 	instructions_task_2: autoDraw = False
76.3046 	EXP 	text: autoDraw = False
76.3046 	EXP 	slider_2: markerPos = None
76.3046 	EXP 	slider_2: markerPos = None
76.3046 	EXP 	slider_2: rating = None
76.3046 	EXP 	slider_2: autoDraw = True
76.3046 	EXP 	text_9: autoDraw = True
76.4475 	DATA 	Mouse: Left button down, pos=(720,453)
76.4634 	EXP 	slider_2: markerPos = 3.0
76.4795 	EXP 	slider_2: markerPos = 3.0
76.4973 	EXP 	slider_2: markerPos = 3.0
76.5146 	EXP 	slider_2: markerPos = 3.0
76.5306 	EXP 	slider_2: markerPos = 3.0
76.5471 	EXP 	slider_2: markerPos = 3.0
76.5638 	EXP 	slider_2: markerPos = 3.0
76.5812 	EXP 	slider_2: markerPos = 3.0
76.5973 	EXP 	slider_2: markerPos = 3.0
76.5979 	DATA 	Mouse:  Left button up, pos=(720,453)
76.6134 	EXP 	slider_2: markerPos = 3.0
76.6134 	EXP 	slider_2: rating = 3.0
76.6151 	EXP 	New trial (rep=0, index=3): OrderedDict([('stim', 'stim/pof_f.wav')])
76.6304 	EXP 	slider_2: autoDraw = False
76.6304 	EXP 	text_9: autoDraw = False
76.6304 	EXP 	instructions_task_2: autoDraw = True
76.6304 	EXP 	text: autoDraw = True
76.8298 	EXP 	text: autoDraw = False
76.8644 	EXP 	son_2: autoDraw = True
76.8644 	EXP 	su_2: autoDraw = True
76.8644 	EXP 	fin_2: autoDraw = True
78.5241 	DATA 	Keypress: 6
78.5323 	EXP 	son_2: autoDraw = False
78.5323 	EXP 	su_2: autoDraw = False
78.5323 	EXP 	fin_2: autoDraw = False
78.5323 	EXP 	instructions_task_2: autoDraw = False
78.5323 	EXP 	text: autoDraw = False
78.5323 	EXP 	slider_2: markerPos = None
78.5323 	EXP 	slider_2: markerPos = None
78.5323 	EXP 	slider_2: rating = None
78.5323 	EXP 	slider_2: autoDraw = True
78.5323 	EXP 	text_9: autoDraw = True
78.6477 	DATA 	Mouse: Left button down, pos=(720,453)
78.6629 	EXP 	slider_2: markerPos = 3.0
78.6808 	EXP 	slider_2: markerPos = 3.0
78.6965 	EXP 	slider_2: markerPos = 3.0
78.7126 	EXP 	slider_2: markerPos = 3.0
78.7311 	EXP 	slider_2: markerPos = 3.0
78.7477 	EXP 	slider_2: markerPos = 3.0
78.7640 	EXP 	slider_2: markerPos = 3.0
78.7805 	EXP 	slider_2: markerPos = 3.0
78.7811 	DATA 	Mouse:  Left button up, pos=(720,453)
78.7967 	EXP 	slider_2: markerPos = 3.0
78.7967 	EXP 	slider_2: rating = 3.0
78.7985 	EXP 	New trial (rep=0, index=4): OrderedDict([('stim', 'stim/f_schwa_f.wav')])
78.8135 	EXP 	slider_2: autoDraw = False
78.8135 	EXP 	text_9: autoDraw = False
78.8135 	EXP 	instructions_task_2: autoDraw = True
78.8135 	EXP 	text: autoDraw = True
79.0130 	EXP 	text: autoDraw = False
79.0470 	EXP 	son_2: autoDraw = True
79.0470 	EXP 	su_2: autoDraw = True
79.0470 	EXP 	fin_2: autoDraw = True
79.9741 	DATA 	Keypress: 5
79.9820 	EXP 	son_2: autoDraw = False
79.9820 	EXP 	su_2: autoDraw = False
79.9820 	EXP 	fin_2: autoDraw = False
79.9820 	EXP 	instructions_task_2: autoDraw = False
79.9820 	EXP 	text: autoDraw = False
79.9820 	EXP 	slider_2: markerPos = None
79.9820 	EXP 	slider_2: markerPos = None
79.9820 	EXP 	slider_2: rating = None
79.9820 	EXP 	slider_2: autoDraw = True
79.9820 	EXP 	text_9: autoDraw = True
80.0982 	DATA 	Mouse: Left button down, pos=(720,453)
80.1139 	EXP 	slider_2: markerPos = 3.0
80.1306 	EXP 	slider_2: markerPos = 3.0
80.1474 	EXP 	slider_2: markerPos = 3.0
80.1636 	EXP 	slider_2: markerPos = 3.0
80.1806 	EXP 	slider_2: markerPos = 3.0
80.1972 	EXP 	slider_2: markerPos = 3.0
80.2141 	EXP 	slider_2: markerPos = 3.0
80.2305 	EXP 	slider_2: markerPos = 3.0
80.2311 	DATA 	Mouse:  Left button up, pos=(720,453)
80.2469 	EXP 	slider_2: markerPos = 3.0
80.2469 	EXP 	slider_2: rating = 3.0
80.2486 	EXP 	New trial (rep=0, index=5): OrderedDict([('stim', 'stim/feuf_f.wav')])
80.2630 	EXP 	slider_2: autoDraw = False
80.2630 	EXP 	text_9: autoDraw = False
80.2630 	EXP 	instructions_task_2: autoDraw = True
80.2630 	EXP 	text: autoDraw = True
80.4645 	EXP 	text: autoDraw = False
80.4971 	EXP 	son_2: autoDraw = True
80.4971 	EXP 	su_2: autoDraw = True
80.4971 	EXP 	fin_2: autoDraw = True
81.6406 	DATA 	Keypress: 5
81.6485 	EXP 	son_2: autoDraw = False
81.6485 	EXP 	su_2: autoDraw = False
81.6485 	EXP 	fin_2: autoDraw = False
81.6485 	EXP 	instructions_task_2: autoDraw = False
81.6485 	EXP 	text: autoDraw = False
81.6485 	EXP 	slider_2: markerPos = None
81.6485 	EXP 	slider_2: markerPos = None
81.6485 	EXP 	slider_2: rating = None
81.6485 	EXP 	slider_2: autoDraw = True
81.6485 	EXP 	text_9: autoDraw = True
81.7190 	DATA 	Mouse: Left button down, pos=(720,453)
81.7472 	EXP 	slider_2: markerPos = 3.0
81.7642 	EXP 	slider_2: markerPos = 3.0
81.7807 	EXP 	slider_2: markerPos = 3.0
81.7972 	EXP 	slider_2: markerPos = 3.0
81.8138 	EXP 	slider_2: markerPos = 3.0
81.8301 	EXP 	slider_2: markerPos = 3.0
81.8473 	EXP 	slider_2: markerPos = 3.0
81.8642 	EXP 	slider_2: markerPos = 3.0
81.8702 	DATA 	Mouse:  Left button up, pos=(720,453)
81.8803 	EXP 	slider_2: markerPos = 3.0
81.8962 	EXP 	slider_2: markerPos = 3.0
81.8962 	EXP 	slider_2: rating = 3.0
81.8980 	EXP 	New trial (rep=0, index=6): OrderedDict([('stim', 'stim/p_schwa_f.wav')])
81.9137 	EXP 	slider_2: autoDraw = False
81.9137 	EXP 	text_9: autoDraw = False
81.9137 	EXP 	instructions_task_2: autoDraw = True
81.9137 	EXP 	text: autoDraw = True
82.1139 	EXP 	text: autoDraw = False
82.1481 	EXP 	son_2: autoDraw = True
82.1481 	EXP 	su_2: autoDraw = True
82.1481 	EXP 	fin_2: autoDraw = True
82.9242 	DATA 	Keypress: 6
82.9323 	EXP 	son_2: autoDraw = False
82.9323 	EXP 	su_2: autoDraw = False
82.9323 	EXP 	fin_2: autoDraw = False
82.9323 	EXP 	instructions_task_2: autoDraw = False
82.9323 	EXP 	text: autoDraw = False
82.9323 	EXP 	slider_2: markerPos = None
82.9323 	EXP 	slider_2: markerPos = None
82.9323 	EXP 	slider_2: rating = None
82.9323 	EXP 	slider_2: autoDraw = True
82.9323 	EXP 	text_9: autoDraw = True
83.0183 	DATA 	Mouse: Left button down, pos=(720,453)
83.0472 	EXP 	slider_2: markerPos = 3.0
83.0641 	EXP 	slider_2: markerPos = 3.0
83.0805 	EXP 	slider_2: markerPos = 3.0
83.0972 	EXP 	slider_2: markerPos = 3.0
83.1135 	EXP 	slider_2: markerPos = 3.0
83.1307 	EXP 	slider_2: markerPos = 3.0
83.1472 	EXP 	slider_2: markerPos = 3.0
83.1639 	EXP 	slider_2: markerPos = 3.0
83.1808 	EXP 	slider_2: markerPos = 3.0
83.1814 	DATA 	Mouse:  Left button up, pos=(720,453)
83.1972 	EXP 	slider_2: markerPos = 3.0
83.1972 	EXP 	slider_2: rating = 3.0
83.1989 	EXP 	New trial (rep=0, index=7): OrderedDict([('stim', 'stim/fof_f.wav')])
83.2142 	EXP 	slider_2: autoDraw = False
83.2142 	EXP 	text_9: autoDraw = False
83.2142 	EXP 	instructions_task_2: autoDraw = True
83.2142 	EXP 	text: autoDraw = True
83.4135 	EXP 	text: autoDraw = False
83.4473 	EXP 	son_2: autoDraw = True
83.4473 	EXP 	su_2: autoDraw = True
83.4473 	EXP 	fin_2: autoDraw = True
83.7911 	DATA 	Keypress: 5
83.7991 	EXP 	son_2: autoDraw = False
83.7991 	EXP 	su_2: autoDraw = False
83.7991 	EXP 	fin_2: autoDraw = False
83.7991 	EXP 	instructions_task_2: autoDraw = False
83.7991 	EXP 	text: autoDraw = False
83.7991 	EXP 	slider_2: markerPos = None
83.7991 	EXP 	slider_2: markerPos = None
83.7991 	EXP 	slider_2: rating = None
83.7991 	EXP 	slider_2: autoDraw = True
83.7991 	EXP 	text_9: autoDraw = True
83.8978 	DATA 	Mouse: Left button down, pos=(720,453)
83.9136 	EXP 	slider_2: markerPos = 3.0
83.9298 	EXP 	slider_2: markerPos = 3.0
83.9471 	EXP 	slider_2: markerPos = 3.0
83.9630 	EXP 	slider_2: markerPos = 3.0
83.9802 	EXP 	slider_2: markerPos = 3.0
83.9965 	EXP 	slider_2: markerPos = 3.0
83.9972 	DATA 	Mouse:  Left button up, pos=(720,453)
84.0140 	EXP 	slider_2: markerPos = 3.0
84.0140 	EXP 	slider_2: rating = 3.0
84.0306 	EXP 	slider_2: autoDraw = False
84.0306 	EXP 	text_9: autoDraw = False
84.0306 	EXP 	text_8: autoDraw = True
87.0481 	EXP 	Created sequence: random, trialTypes=1, nReps=5, seed=None
87.0483 	EXP 	New trial (rep=0, index=0): None
87.3499 	EXP 	window1: mouseVisible = True
