0.7500 	WARNING 	We strongly recommend you activate the PTB sound engine in PsychoPy prefs as the preferred audio engine. Its timing is vastly superior. Your prefs are currently set to use ['sounddevice', 'PTB', 'pyo', 'pygame'] (in that order).
4.8202 	WARNING 	User requested fullscreen with size [1024  768], but screen is actually [1440, 900]. Using actual size
5.4505 	EXP 	Created window1 = Window(allowGUI=False, allowStencil=False, autoLog=True, backendConf=UNKNOWN, bitsMode=UNKNOWN, blendMode='avg', bpc=(8, 8, 8), color=array([0, 0, 0]), colorSpace='rgb', depthBits=8, fullscr=<method-wrapper '__getattribute__' of attributeSetter object at 0x7fcdabd8da90>, gamma=None, gammaErrorPolicy='raise', lms=UNKNOWN, monitor=<psychopy.monitors.calibTools.Monitor object at 0x7fcdaad84550>, multiSample=False, name='window1', numSamples=2, pos=[360.0, 225.0], screen=0, size=array([2880, 1800]), stencilBits=0, stereo=False, units='height', useFBO=True, useRetina=True, viewOri=0.0, viewPos=None, viewScale=None, waitBlanking=True, winType='pyglet')
5.4507 	EXP 	window1: mouseVisible = True
5.4507 	EXP 	window1: recordFrameIntervals = False
5.6170 	EXP 	window1: recordFrameIntervals = True
5.8014 	EXP 	window1: recordFrameIntervals = False
6.6515 	EXP 	Created text_3 = TextStim(__class__=<class 'psychopy.visual.text.TextStim'>, alignHoriz=method-wrapper(...), alignText='center', alignVert=method-wrapper(...), anchorHoriz='center', anchorVert='center', antialias=True, autoLog=True, bold=False, color=array([1., 1., 1.]), colorSpace='rgb', contrast=1.0, depth=-1.0, flipHoriz=False, flipVert=False, font='Open Sans', fontFiles=[], height=0.05, italic=False, languageStyle='LTR', name='text_3', opacity=1, ori=0.0, pos=array([0., 0.]), rgb=UNKNOWN, text='Habla ud inglés?', units='height', win=Window(...), wrapWidth=1)
6.6552 	EXP 	Created text_4 = TextStim(__class__=<class 'psychopy.visual.text.TextStim'>, alignHoriz=method-wrapper(...), alignText='center', alignVert=method-wrapper(...), anchorHoriz='center', anchorVert='center', antialias=True, autoLog=True, bold=False, color=array([1., 1., 1.]), colorSpace='rgb', contrast=1.0, depth=-2.0, flipHoriz=False, flipVert=False, font='Open Sans', fontFiles=[], height=0.05, italic=False, languageStyle='LTR', name='text_4', opacity=1, ori=0.0, pos=array([-0.25, -0.25]), rgb=UNKNOWN, text='sí (1)', units='height', win=Window(...), wrapWidth=1)
6.6579 	EXP 	Created text_5 = TextStim(__class__=<class 'psychopy.visual.text.TextStim'>, alignHoriz=method-wrapper(...), alignText='center', alignVert=method-wrapper(...), anchorHoriz='center', anchorVert='center', antialias=True, autoLog=True, bold=False, color=array([1., 1., 1.]), colorSpace='rgb', contrast=1.0, depth=-3.0, flipHoriz=False, flipVert=False, font='Open Sans', fontFiles=[], height=0.05, italic=False, languageStyle='LTR', name='text_5', opacity=1, ori=0.0, pos=array([ 0.25, -0.25]), rgb=UNKNOWN, text='no (2)', units='height', win=Window(...), wrapWidth=1)
6.6989 	EXP 	Created ins = TextStim(__class__=<class 'psychopy.visual.text.TextStim'>, alignHoriz=method-wrapper(...), alignText='center', alignVert=method-wrapper(...), anchorHoriz='center', anchorVert='center', antialias=True, autoLog=True, bold=False, color=array([1., 1., 1.]), colorSpace='rgb', contrast=1.0, depth=0.0, flipHoriz=False, flipVert=False, font='Open Sans', fontFiles=[], height=0.03, italic=False, languageStyle='LTR', name='ins', opacity=1, ori=0.0, pos=array([0., 0.]), rgb=UNKNOWN, text=str(...), units='height', win=Window(...), wrapWidth=1)
6.8975 	EXP 	Created son = TextStim(__class__=<class 'psychopy.visual.text.TextStim'>, alignHoriz=method-wrapper(...), alignText='center', alignVert=method-wrapper(...), anchorHoriz='center', anchorVert='center', antialias=True, autoLog=True, bold=False, color=array([1., 1., 1.]), colorSpace='rgb', contrast=1.0, depth=0.0, flipHoriz=False, flipVert=False, font='Open Sans', fontFiles=[], height=0.05, italic=False, languageStyle='LTR', name='son', opacity=1, ori=0.0, pos=array([-0.45, -0.25]), rgb=UNKNOWN, text='son (5)', units='height', win=Window(...), wrapWidth=1)
6.8997 	EXP 	Created su = TextStim(__class__=<class 'psychopy.visual.text.TextStim'>, alignHoriz=method-wrapper(...), alignText='center', alignVert=method-wrapper(...), anchorHoriz='center', anchorVert='center', antialias=True, autoLog=True, bold=False, color=array([1., 1., 1.]), colorSpace='rgb', contrast=1.0, depth=-1.0, flipHoriz=False, flipVert=False, font='Open Sans', fontFiles=[], height=0.05, italic=False, languageStyle='LTR', name='su', opacity=1, ori=0.0, pos=array([ 0.  , -0.25]), rgb=UNKNOWN, text='su (6)', units='height', win=Window(...), wrapWidth=1)
6.9022 	EXP 	Created fin = TextStim(__class__=<class 'psychopy.visual.text.TextStim'>, alignHoriz=method-wrapper(...), alignText='center', alignVert=method-wrapper(...), anchorHoriz='center', anchorVert='center', antialias=True, autoLog=True, bold=False, color=array([1., 1., 1.]), colorSpace='rgb', contrast=1.0, depth=-2.0, flipHoriz=False, flipVert=False, font='Open Sans', fontFiles=[], height=0.05, italic=False, languageStyle='LTR', name='fin', opacity=1, ori=0.0, pos=array([ 0.45, -0.25]), rgb=UNKNOWN, text='fin (7)', units='height', win=Window(...), wrapWidth=1)
6.9087 	EXP 	Created instructions_task = TextStim(__class__=<class 'psychopy.visual.text.TextStim'>, alignHoriz=method-wrapper(...), alignText='center', alignVert=method-wrapper(...), anchorHoriz='center', anchorVert='center', antialias=True, autoLog=True, bold=False, color=array([1., 1., 1.]), colorSpace='rgb', contrast=1.0, depth=-3.0, flipHoriz=False, flipVert=False, font='Open Sans', fontFiles=[], height=0.03, italic=False, languageStyle='LTR', name='instructions_task', opacity=1, ori=0.0, pos=array([0. , 0.4]), rgb=UNKNOWN, text=str(...), units='height', win=Window(...), wrapWidth=1)
7.1234 	EXP 	Sound stimulus set volume 1.000
7.1291 	EXP 	Created text_2 = TextStim(__class__=<class 'psychopy.visual.text.TextStim'>, alignHoriz=method-wrapper(...), alignText='center', alignVert=method-wrapper(...), anchorHoriz='center', anchorVert='center', antialias=True, autoLog=True, bold=False, color=array([ 1., -1., -1.]), colorSpace='rgb', contrast=1.0, depth=-6.0, flipHoriz=False, flipVert=False, font='Open Sans', fontFiles=[], height=0.1, italic=False, languageStyle='LTR', name='text_2', opacity=1, ori=0.0, pos=array([0., 0.]), rgb=UNKNOWN, text='+', units='height', win=Window(...), wrapWidth=1)
7.1419 	EXP 	window1: mouseVisible = True
7.1570 	EXP 	Created slider = Slider(__class__=<class 'psychopy.visual.slider.Slider'>, autoDraw=False, autoLog=True, borderColor=None, color=None, colorSpace='rgb', depth=0, fillColor=None, flip=False, font='Open Sans', granularity=0.0, labelHeight=0.03, labelWrapWidth=None, labels=(1, 2, 3, 4, 5), name='slider', opacity=None, pos=(0, 0), readOnly=False, self=UNKNOWN, size=(1.0, 0.1), startValue=None, style=method-wrapper(...), styleTweaks=method-wrapper(...), ticks=array([1, 2, 3, 4, 5]), units='height', win=Window(...))
7.1738 	EXP 	Created text_6 = TextStim(__class__=<class 'psychopy.visual.text.TextStim'>, alignHoriz=method-wrapper(...), alignText='center', alignVert=method-wrapper(...), anchorHoriz='center', anchorVert='center', antialias=True, autoLog=True, bold=False, color=array([1., 1., 1.]), colorSpace='rgb', contrast=1.0, depth=-1.0, flipHoriz=False, flipVert=False, font='Open Sans', fontFiles=[], height=0.05, italic=False, languageStyle='LTR', name='text_6', opacity=1, ori=0.0, pos=array([0. , 0.4]), rgb=UNKNOWN, text=str(...), units='height', win=Window(...), wrapWidth=1)
7.3870 	EXP 	Created text_7 = TextStim(__class__=<class 'psychopy.visual.text.TextStim'>, alignHoriz=method-wrapper(...), alignText='center', alignVert=method-wrapper(...), anchorHoriz='center', anchorVert='center', antialias=True, autoLog=True, bold=False, color=array([1., 1., 1.]), colorSpace='rgb', contrast=1.0, depth=-1.0, flipHoriz=False, flipVert=False, font='Open Sans', fontFiles=[], height=0.1, italic=False, languageStyle='LTR', name='text_7', opacity=1, ori=0.0, pos=array([0., 0.]), rgb=UNKNOWN, text=str(...), units='height', win=Window(...), wrapWidth=1)
7.3900 	EXP 	Created son_2 = TextStim(__class__=<class 'psychopy.visual.text.TextStim'>, alignHoriz=method-wrapper(...), alignText='center', alignVert=method-wrapper(...), anchorHoriz='center', anchorVert='center', antialias=True, autoLog=True, bold=False, color=array([1., 1., 1.]), colorSpace='rgb', contrast=1.0, depth=0.0, flipHoriz=False, flipVert=False, font='Open Sans', fontFiles=[], height=0.05, italic=False, languageStyle='LTR', name='son_2', opacity=1, ori=0.0, pos=array([-0.45, -0.25]), rgb=UNKNOWN, text='son (5)', units='height', win=Window(...), wrapWidth=1)
7.3923 	EXP 	Created su_2 = TextStim(__class__=<class 'psychopy.visual.text.TextStim'>, alignHoriz=method-wrapper(...), alignText='center', alignVert=method-wrapper(...), anchorHoriz='center', anchorVert='center', antialias=True, autoLog=True, bold=False, color=array([1., 1., 1.]), colorSpace='rgb', contrast=1.0, depth=-1.0, flipHoriz=False, flipVert=False, font='Open Sans', fontFiles=[], height=0.05, italic=False, languageStyle='LTR', name='su_2', opacity=1, ori=0.0, pos=array([ 0.  , -0.25]), rgb=UNKNOWN, text='su (6)', units='height', win=Window(...), wrapWidth=1)
7.3949 	EXP 	Created fin_2 = TextStim(__class__=<class 'psychopy.visual.text.TextStim'>, alignHoriz=method-wrapper(...), alignText='center', alignVert=method-wrapper(...), anchorHoriz='center', anchorVert='center', antialias=True, autoLog=True, bold=False, color=array([1., 1., 1.]), colorSpace='rgb', contrast=1.0, depth=-2.0, flipHoriz=False, flipVert=False, font='Open Sans', fontFiles=[], height=0.05, italic=False, languageStyle='LTR', name='fin_2', opacity=1, ori=0.0, pos=array([ 0.45, -0.25]), rgb=UNKNOWN, text='fin (7)', units='height', win=Window(...), wrapWidth=1)
7.4052 	EXP 	Created instructions_task_2 = TextStim(__class__=<class 'psychopy.visual.text.TextStim'>, alignHoriz=method-wrapper(...), alignText='center', alignVert=method-wrapper(...), anchorHoriz='center', anchorVert='center', antialias=True, autoLog=True, bold=False, color=array([1., 1., 1.]), colorSpace='rgb', contrast=1.0, depth=-3.0, flipHoriz=False, flipVert=False, font='Open Sans', fontFiles=[], height=0.03, italic=False, languageStyle='LTR', name='instructions_task_2', opacity=1, ori=0.0, pos=array([0. , 0.4]), rgb=UNKNOWN, text=str(...), units='height', win=Window(...), wrapWidth=1)
7.6008 	EXP 	Sound stimulus_2 set volume 1.000
7.6026 	EXP 	Created text = TextStim(__class__=<class 'psychopy.visual.text.TextStim'>, alignHoriz=method-wrapper(...), alignText='center', alignVert=method-wrapper(...), anchorHoriz='center', anchorVert='center', antialias=True, autoLog=True, bold=False, color=array([ 1., -1., -1.]), colorSpace='rgb', contrast=1.0, depth=-6.0, flipHoriz=False, flipVert=False, font='Open Sans', fontFiles=[], height=0.1, italic=False, languageStyle='LTR', name='text', opacity=1, ori=0.0, pos=array([0., 0.]), rgb=UNKNOWN, text='+', units='height', win=Window(...), wrapWidth=1)
7.6070 	EXP 	window1: mouseVisible = True
7.6176 	EXP 	Created slider_2 = Slider(__class__=<class 'psychopy.visual.slider.Slider'>, autoDraw=False, autoLog=True, borderColor=None, color=None, colorSpace='rgb', depth=0, fillColor=None, flip=False, font='Open Sans', granularity=0.0, labelHeight=0.03, labelWrapWidth=None, labels=(1, 2, 3, 4, 5), name='slider_2', opacity=None, pos=(0, 0), readOnly=False, self=UNKNOWN, size=(1.0, 0.1), startValue=None, style=method-wrapper(...), styleTweaks=method-wrapper(...), ticks=array([1, 2, 3, 4, 5]), units='height', win=Window(...))
7.6244 	EXP 	Created text_9 = TextStim(__class__=<class 'psychopy.visual.text.TextStim'>, alignHoriz=method-wrapper(...), alignText='center', alignVert=method-wrapper(...), anchorHoriz='center', anchorVert='center', antialias=True, autoLog=True, bold=False, color=array([1., 1., 1.]), colorSpace='rgb', contrast=1.0, depth=-1.0, flipHoriz=False, flipVert=False, font='Open Sans', fontFiles=[], height=0.05, italic=False, languageStyle='LTR', name='text_9', opacity=1, ori=0.0, pos=array([0. , 0.4]), rgb=UNKNOWN, text=str(...), units='height', win=Window(...), wrapWidth=1)
7.6367 	EXP 	slider: autoLog = True
7.6367 	EXP 	slider: markerPos = None
7.6367 	EXP 	slider: rating = None
7.6367 	EXP 	slider: markerPos = None
7.6367 	EXP 	slider: contrast = 1.0
7.6367 	EXP 	slider: autoLog = True
7.6367 	EXP 	slider: styleTweaks = []
7.6367 	EXP 	slider: style = 'rating'
7.6367 	EXP 	slider: styleTweaks = []
7.6367 	EXP 	slider_2: autoLog = True
7.6367 	EXP 	slider_2: markerPos = None
7.6367 	EXP 	slider_2: rating = None
7.6367 	EXP 	slider_2: markerPos = None
7.6367 	EXP 	slider_2: contrast = 1.0
7.6367 	EXP 	slider_2: autoLog = True
7.6367 	EXP 	slider_2: styleTweaks = []
7.6367 	EXP 	slider_2: style = 'rating'
7.6367 	EXP 	slider_2: styleTweaks = []
7.6367 	EXP 	text_3: autoDraw = True
7.6367 	EXP 	text_4: autoDraw = True
7.6367 	EXP 	text_5: autoDraw = True
10.3585 	DATA 	Keypress: 1
10.3672 	EXP 	text_3: autoDraw = False
10.3672 	EXP 	text_4: autoDraw = False
10.3672 	EXP 	text_5: autoDraw = False
10.3672 	EXP 	ins: autoDraw = True
11.0941 	EXP 	Imported conditions/conditions_german.csv as conditions, 8 conditions, 1 params
11.0951 	EXP 	Created sequence: random, trialTypes=8, nReps=3, seed=None
11.0954 	EXP 	New trial (rep=0, index=0): OrderedDict([('stim', 'stim/pof_g.wav')])
11.1118 	DATA 	Keypress: space
11.1157 	EXP 	ins: autoDraw = False
11.1157 	EXP 	instructions_task: autoDraw = True
11.1157 	EXP 	text_2: autoDraw = True
11.3167 	EXP 	text_2: autoDraw = False
11.3508 	EXP 	son: autoDraw = True
11.3508 	EXP 	su: autoDraw = True
11.3508 	EXP 	fin: autoDraw = True
12.9945 	DATA 	Keypress: 5
13.0061 	EXP 	son: autoDraw = False
13.0061 	EXP 	su: autoDraw = False
13.0061 	EXP 	fin: autoDraw = False
13.0061 	EXP 	instructions_task: autoDraw = False
13.0061 	EXP 	text_2: autoDraw = False
13.0061 	EXP 	slider: markerPos = None
13.0061 	EXP 	slider: markerPos = None
13.0061 	EXP 	slider: rating = None
13.0061 	EXP 	slider: autoDraw = True
13.0061 	EXP 	text_6: autoDraw = True
13.4719 	DATA 	Keypress: space
14.1167 	DATA 	Mouse: Left button down, pos=(732,452)
14.1335 	EXP 	slider: markerPos = 3.062222222222222
14.1503 	EXP 	slider: markerPos = 3.062222222222222
14.1668 	EXP 	slider: markerPos = 3.062222222222222
14.1834 	EXP 	slider: markerPos = 3.062222222222222
14.2008 	EXP 	slider: markerPos = 3.062222222222222
14.2014 	DATA 	Mouse:  Left button up, pos=(734,452)
14.2168 	EXP 	slider: markerPos = 3.062222222222222
14.2168 	EXP 	slider: rating = 3.062222222222222
14.2189 	EXP 	New trial (rep=0, index=1): OrderedDict([('stim', 'stim/peuf_g.wav')])
14.2336 	EXP 	slider: autoDraw = False
14.2336 	EXP 	text_6: autoDraw = False
14.2336 	EXP 	instructions_task: autoDraw = True
14.2336 	EXP 	text_2: autoDraw = True
14.4346 	EXP 	text_2: autoDraw = False
14.4677 	EXP 	son: autoDraw = True
14.4677 	EXP 	su: autoDraw = True
14.4677 	EXP 	fin: autoDraw = True
15.0062 	DATA 	Keypress: 5
15.0333 	EXP 	son: autoDraw = False
15.0333 	EXP 	su: autoDraw = False
15.0333 	EXP 	fin: autoDraw = False
15.0333 	EXP 	instructions_task: autoDraw = False
15.0333 	EXP 	text_2: autoDraw = False
15.0333 	EXP 	slider: markerPos = None
15.0333 	EXP 	slider: markerPos = None
15.0333 	EXP 	slider: rating = None
15.0333 	EXP 	slider: autoDraw = True
15.0333 	EXP 	text_6: autoDraw = True
15.3507 	DATA 	Mouse: Left button down, pos=(752,419)
15.3669 	EXP 	slider: markerPos = 3.1422222222222222
15.3836 	EXP 	slider: markerPos = 3.1422222222222222
15.4003 	EXP 	slider: markerPos = 3.1422222222222222
15.4171 	EXP 	slider: markerPos = 3.1422222222222222
15.4339 	EXP 	slider: markerPos = 3.1422222222222222
15.4504 	EXP 	slider: markerPos = 3.1422222222222222
15.4670 	EXP 	slider: markerPos = 3.1422222222222222
15.4837 	EXP 	slider: markerPos = 3.1422222222222222
15.5007 	EXP 	slider: markerPos = 3.1422222222222222
15.5012 	DATA 	Mouse:  Left button up, pos=(752,419)
15.5169 	EXP 	slider: markerPos = 3.1422222222222222
15.5169 	EXP 	slider: rating = 3.1422222222222222
15.5186 	EXP 	New trial (rep=0, index=2): OrderedDict([('stim', 'stim/f_schwa_g.wav')])
15.5334 	EXP 	slider: autoDraw = False
15.5334 	EXP 	text_6: autoDraw = False
15.5334 	EXP 	instructions_task: autoDraw = True
15.5334 	EXP 	text_2: autoDraw = True
15.7348 	EXP 	text_2: autoDraw = False
15.7673 	EXP 	son: autoDraw = True
15.7673 	EXP 	su: autoDraw = True
15.7673 	EXP 	fin: autoDraw = True
16.0367 	DATA 	Mouse: Left button down, pos=(752,419)
16.1522 	DATA 	Mouse:  Left button up, pos=(752,419)
16.5657 	DATA 	Keypress: 5
16.5776 	EXP 	son: autoDraw = False
16.5776 	EXP 	su: autoDraw = False
16.5776 	EXP 	fin: autoDraw = False
16.5776 	EXP 	instructions_task: autoDraw = False
16.5776 	EXP 	text_2: autoDraw = False
16.5776 	EXP 	slider: markerPos = None
16.5776 	EXP 	slider: markerPos = None
16.5776 	EXP 	slider: rating = None
16.5776 	EXP 	slider: autoDraw = True
16.5776 	EXP 	text_6: autoDraw = True
16.8008 	DATA 	Mouse: Left button down, pos=(762,372)
16.9217 	DATA 	Mouse:  Left button up, pos=(762,372)
17.2508 	DATA 	Mouse: Left button down, pos=(734,474)
17.2662 	EXP 	slider: markerPos = 3.062222222222222
17.2843 	EXP 	slider: markerPos = 3.062222222222222
17.3005 	EXP 	slider: markerPos = 3.062222222222222
17.3172 	EXP 	slider: markerPos = 3.062222222222222
17.3180 	DATA 	Mouse:  Left button up, pos=(734,474)
17.3339 	EXP 	slider: markerPos = 3.062222222222222
17.3339 	EXP 	slider: rating = 3.062222222222222
17.3357 	EXP 	New trial (rep=0, index=3): OrderedDict([('stim', 'stim/feuf_g.wav')])
17.3503 	EXP 	slider: autoDraw = False
17.3503 	EXP 	text_6: autoDraw = False
17.3503 	EXP 	instructions_task: autoDraw = True
17.3503 	EXP 	text_2: autoDraw = True
17.5512 	EXP 	text_2: autoDraw = False
17.5839 	EXP 	son: autoDraw = True
17.5839 	EXP 	su: autoDraw = True
17.5839 	EXP 	fin: autoDraw = True
17.8364 	DATA 	Mouse: Left button down, pos=(734,473)
17.9528 	DATA 	Mouse:  Left button up, pos=(734,473)
18.3115 	DATA 	Keypress: 5
18.3196 	EXP 	son: autoDraw = False
18.3196 	EXP 	su: autoDraw = False
18.3196 	EXP 	fin: autoDraw = False
18.3196 	EXP 	instructions_task: autoDraw = False
18.3196 	EXP 	text_2: autoDraw = False
18.3196 	EXP 	slider: markerPos = None
18.3196 	EXP 	slider: markerPos = None
18.3196 	EXP 	slider: rating = None
18.3196 	EXP 	slider: autoDraw = True
18.3196 	EXP 	text_6: autoDraw = True
18.8178 	DATA 	Mouse: Left button down, pos=(743,341)
18.9175 	DATA 	Mouse:  Left button up, pos=(743,342)
19.2213 	DATA 	Mouse: Left button down, pos=(725,441)
19.2508 	EXP 	slider: markerPos = 3.017777777777778
19.2674 	EXP 	slider: markerPos = 3.017777777777778
19.2732 	DATA 	Mouse:  Left button up, pos=(724,441)
19.2839 	EXP 	slider: markerPos = 3.017777777777778
19.3001 	EXP 	slider: markerPos = 3.017777777777778
19.3001 	EXP 	slider: rating = 3.017777777777778
19.3018 	EXP 	New trial (rep=0, index=4): OrderedDict([('stim', 'stim/pief_g.wav')])
19.3168 	EXP 	slider: autoDraw = False
19.3168 	EXP 	text_6: autoDraw = False
19.3168 	EXP 	instructions_task: autoDraw = True
19.3168 	EXP 	text_2: autoDraw = True
19.5171 	EXP 	text_2: autoDraw = False
19.5511 	EXP 	son: autoDraw = True
19.5511 	EXP 	su: autoDraw = True
19.5511 	EXP 	fin: autoDraw = True
20.3699 	DATA 	Mouse: Left button down, pos=(709,239)
20.5199 	DATA 	Mouse:  Left button up, pos=(709,239)
20.9367 	DATA 	Mouse: Left button down, pos=(713,225)
21.0530 	DATA 	Mouse:  Left button up, pos=(713,224)
21.4780 	DATA 	Keypress: 5
21.4864 	EXP 	son: autoDraw = False
21.4864 	EXP 	su: autoDraw = False
21.4864 	EXP 	fin: autoDraw = False
21.4864 	EXP 	instructions_task: autoDraw = False
21.4864 	EXP 	text_2: autoDraw = False
21.4864 	EXP 	slider: markerPos = None
21.4864 	EXP 	slider: markerPos = None
21.4864 	EXP 	slider: rating = None
21.4864 	EXP 	slider: autoDraw = True
21.4864 	EXP 	text_6: autoDraw = True
22.1007 	DATA 	Mouse: Left button down, pos=(710,408)
22.1175 	EXP 	slider: markerPos = 2.9555555555555557
22.1335 	EXP 	slider: markerPos = 2.9555555555555557
22.1504 	EXP 	slider: markerPos = 2.9555555555555557
22.1666 	EXP 	slider: markerPos = 2.9555555555555557
22.1840 	EXP 	slider: markerPos = 2.9555555555555557
22.2006 	EXP 	slider: markerPos = 2.9555555555555557
22.2171 	EXP 	slider: markerPos = 2.9555555555555557
22.2337 	EXP 	slider: markerPos = 2.9555555555555557
22.2505 	EXP 	slider: markerPos = 2.9555555555555557
22.2510 	DATA 	Mouse:  Left button up, pos=(710,409)
22.2670 	EXP 	slider: markerPos = 2.9555555555555557
22.2670 	EXP 	slider: rating = 2.9555555555555557
22.2688 	EXP 	New trial (rep=0, index=5): OrderedDict([('stim', 'stim/p_schwa_g.wav')])
22.2837 	EXP 	slider: autoDraw = False
22.2837 	EXP 	text_6: autoDraw = False
22.2837 	EXP 	instructions_task: autoDraw = True
22.2837 	EXP 	text_2: autoDraw = True
22.4846 	EXP 	text_2: autoDraw = False
22.5171 	EXP 	son: autoDraw = True
22.5171 	EXP 	su: autoDraw = True
22.5171 	EXP 	fin: autoDraw = True
24.2772 	DATA 	Keypress: 6
24.2853 	EXP 	son: autoDraw = False
24.2853 	EXP 	su: autoDraw = False
24.2853 	EXP 	fin: autoDraw = False
24.2853 	EXP 	instructions_task: autoDraw = False
24.2853 	EXP 	text_2: autoDraw = False
24.2853 	EXP 	slider: markerPos = None
24.2853 	EXP 	slider: markerPos = None
24.2853 	EXP 	slider: rating = None
24.2853 	EXP 	slider: autoDraw = True
24.2853 	EXP 	text_6: autoDraw = True
24.6342 	DATA 	Mouse: Left button down, pos=(710,409)
24.6503 	EXP 	slider: markerPos = 2.9555555555555557
24.6678 	EXP 	slider: markerPos = 2.9555555555555557
24.6838 	EXP 	slider: markerPos = 2.9555555555555557
24.7006 	EXP 	slider: markerPos = 2.9555555555555557
24.7172 	EXP 	slider: markerPos = 2.9555555555555557
24.7336 	EXP 	slider: markerPos = 2.9555555555555557
24.7341 	DATA 	Mouse:  Left button up, pos=(710,409)
24.7495 	EXP 	slider: markerPos = 2.9555555555555557
24.7495 	EXP 	slider: rating = 2.9555555555555557
24.7514 	EXP 	New trial (rep=0, index=6): OrderedDict([('stim', 'stim/fof_g.wav')])
24.7673 	EXP 	slider: autoDraw = False
24.7673 	EXP 	text_6: autoDraw = False
24.7673 	EXP 	instructions_task: autoDraw = True
24.7673 	EXP 	text_2: autoDraw = True
24.9679 	EXP 	text_2: autoDraw = False
25.0009 	EXP 	son: autoDraw = True
25.0009 	EXP 	su: autoDraw = True
25.0009 	EXP 	fin: autoDraw = True
26.1107 	DATA 	Keypress: 7
26.1187 	EXP 	son: autoDraw = False
26.1187 	EXP 	su: autoDraw = False
26.1187 	EXP 	fin: autoDraw = False
26.1187 	EXP 	instructions_task: autoDraw = False
26.1187 	EXP 	text_2: autoDraw = False
26.1187 	EXP 	slider: markerPos = None
26.1187 	EXP 	slider: markerPos = None
26.1187 	EXP 	slider: rating = None
26.1187 	EXP 	slider: autoDraw = True
26.1187 	EXP 	text_6: autoDraw = True
26.4060 	DATA 	Mouse: Left button down, pos=(710,409)
26.4341 	EXP 	slider: markerPos = 2.9555555555555557
26.4504 	EXP 	slider: markerPos = 2.9555555555555557
26.4674 	EXP 	slider: markerPos = 2.9555555555555557
26.4840 	EXP 	slider: markerPos = 2.9555555555555557
26.5007 	EXP 	slider: markerPos = 2.9555555555555557
26.5172 	EXP 	slider: markerPos = 2.9555555555555557
26.5235 	DATA 	Mouse:  Left button up, pos=(710,409)
26.5339 	EXP 	slider: markerPos = 2.9555555555555557
26.5498 	EXP 	slider: markerPos = 2.9555555555555557
26.5498 	EXP 	slider: rating = 2.9555555555555557
26.5518 	EXP 	New trial (rep=0, index=7): OrderedDict([('stim', 'stim/fief_g.wav')])
26.5674 	EXP 	slider: autoDraw = False
26.5674 	EXP 	text_6: autoDraw = False
26.5674 	EXP 	instructions_task: autoDraw = True
26.5674 	EXP 	text_2: autoDraw = True
26.7670 	EXP 	text_2: autoDraw = False
26.8015 	EXP 	son: autoDraw = True
26.8015 	EXP 	su: autoDraw = True
26.8015 	EXP 	fin: autoDraw = True
27.2107 	DATA 	Keypress: 7
27.2184 	EXP 	son: autoDraw = False
27.2184 	EXP 	su: autoDraw = False
27.2184 	EXP 	fin: autoDraw = False
27.2184 	EXP 	instructions_task: autoDraw = False
27.2184 	EXP 	text_2: autoDraw = False
27.2184 	EXP 	slider: markerPos = None
27.2184 	EXP 	slider: markerPos = None
27.2184 	EXP 	slider: rating = None
27.2184 	EXP 	slider: autoDraw = True
27.2184 	EXP 	text_6: autoDraw = True
27.5180 	DATA 	Mouse: Left button down, pos=(710,409)
27.5334 	EXP 	slider: markerPos = 2.9555555555555557
27.5503 	EXP 	slider: markerPos = 2.9555555555555557
27.5673 	EXP 	slider: markerPos = 2.9555555555555557
27.5839 	EXP 	slider: markerPos = 2.9555555555555557
27.6012 	EXP 	slider: markerPos = 2.9555555555555557
27.6075 	DATA 	Mouse:  Left button up, pos=(710,409)
27.6171 	EXP 	slider: markerPos = 2.9555555555555557
27.6338 	EXP 	slider: markerPos = 2.9555555555555557
27.6338 	EXP 	slider: rating = 2.9555555555555557
27.6356 	EXP 	New trial (rep=1, index=0): OrderedDict([('stim', 'stim/f_schwa_g.wav')])
27.6502 	EXP 	slider: autoDraw = False
27.6502 	EXP 	text_6: autoDraw = False
27.6502 	EXP 	instructions_task: autoDraw = True
27.6502 	EXP 	text_2: autoDraw = True
27.8506 	EXP 	text_2: autoDraw = False
27.8850 	EXP 	son: autoDraw = True
27.8850 	EXP 	su: autoDraw = True
27.8850 	EXP 	fin: autoDraw = True
28.2936 	DATA 	Keypress: 7
28.3014 	EXP 	son: autoDraw = False
28.3014 	EXP 	su: autoDraw = False
28.3014 	EXP 	fin: autoDraw = False
28.3014 	EXP 	instructions_task: autoDraw = False
28.3014 	EXP 	text_2: autoDraw = False
28.3014 	EXP 	slider: markerPos = None
28.3014 	EXP 	slider: markerPos = None
28.3014 	EXP 	slider: rating = None
28.3014 	EXP 	slider: autoDraw = True
28.3014 	EXP 	text_6: autoDraw = True
28.5345 	DATA 	Mouse: Left button down, pos=(710,409)
28.5510 	EXP 	slider: markerPos = 2.9555555555555557
28.5673 	EXP 	slider: markerPos = 2.9555555555555557
28.5837 	EXP 	slider: markerPos = 2.9555555555555557
28.6011 	EXP 	slider: markerPos = 2.9555555555555557
28.6173 	EXP 	slider: markerPos = 2.9555555555555557
28.6340 	EXP 	slider: markerPos = 2.9555555555555557
28.6507 	EXP 	slider: markerPos = 2.9555555555555557
28.6514 	DATA 	Mouse:  Left button up, pos=(710,409)
28.6672 	EXP 	slider: markerPos = 2.9555555555555557
28.6672 	EXP 	slider: rating = 2.9555555555555557
28.6691 	EXP 	New trial (rep=1, index=1): OrderedDict([('stim', 'stim/pief_g.wav')])
28.6844 	EXP 	slider: autoDraw = False
28.6844 	EXP 	text_6: autoDraw = False
28.6844 	EXP 	instructions_task: autoDraw = True
28.6844 	EXP 	text_2: autoDraw = True
28.8845 	EXP 	text_2: autoDraw = False
28.9173 	EXP 	son: autoDraw = True
28.9173 	EXP 	su: autoDraw = True
28.9173 	EXP 	fin: autoDraw = True
29.1934 	DATA 	Keypress: 7
29.2013 	EXP 	son: autoDraw = False
29.2013 	EXP 	su: autoDraw = False
29.2013 	EXP 	fin: autoDraw = False
29.2013 	EXP 	instructions_task: autoDraw = False
29.2013 	EXP 	text_2: autoDraw = False
29.2013 	EXP 	slider: markerPos = None
29.2013 	EXP 	slider: markerPos = None
29.2013 	EXP 	slider: rating = None
29.2013 	EXP 	slider: autoDraw = True
29.2013 	EXP 	text_6: autoDraw = True
29.4344 	DATA 	Mouse: Left button down, pos=(710,409)
29.4503 	EXP 	slider: markerPos = 2.9555555555555557
29.4672 	EXP 	slider: markerPos = 2.9555555555555557
29.4838 	EXP 	slider: markerPos = 2.9555555555555557
29.5006 	EXP 	slider: markerPos = 2.9555555555555557
29.5171 	EXP 	slider: markerPos = 2.9555555555555557
29.5338 	EXP 	slider: markerPos = 2.9555555555555557
29.5344 	DATA 	Mouse:  Left button up, pos=(710,409)
29.5513 	EXP 	slider: markerPos = 2.9555555555555557
29.5513 	EXP 	slider: rating = 2.9555555555555557
29.5531 	EXP 	New trial (rep=1, index=2): OrderedDict([('stim', 'stim/peuf_g.wav')])
29.5675 	EXP 	slider: autoDraw = False
29.5675 	EXP 	text_6: autoDraw = False
29.5675 	EXP 	instructions_task: autoDraw = True
29.5675 	EXP 	text_2: autoDraw = True
29.7669 	EXP 	text_2: autoDraw = False
29.8008 	EXP 	son: autoDraw = True
29.8008 	EXP 	su: autoDraw = True
29.8008 	EXP 	fin: autoDraw = True
29.9907 	DATA 	Keypress: 7
30.0171 	EXP 	son: autoDraw = False
30.0171 	EXP 	su: autoDraw = False
30.0171 	EXP 	fin: autoDraw = False
30.0171 	EXP 	instructions_task: autoDraw = False
30.0171 	EXP 	text_2: autoDraw = False
30.0171 	EXP 	slider: markerPos = None
30.0171 	EXP 	slider: markerPos = None
30.0171 	EXP 	slider: rating = None
30.0171 	EXP 	slider: autoDraw = True
30.0171 	EXP 	text_6: autoDraw = True
30.1512 	DATA 	Mouse: Left button down, pos=(710,409)
30.1674 	EXP 	slider: markerPos = 2.9555555555555557
30.1839 	EXP 	slider: markerPos = 2.9555555555555557
30.2005 	EXP 	slider: markerPos = 2.9555555555555557
30.2171 	EXP 	slider: markerPos = 2.9555555555555557
30.2341 	EXP 	slider: markerPos = 2.9555555555555557
30.2505 	EXP 	slider: markerPos = 2.9555555555555557
30.2676 	EXP 	slider: markerPos = 2.9555555555555557
30.2681 	DATA 	Mouse:  Left button up, pos=(710,409)
30.2839 	EXP 	slider: markerPos = 2.9555555555555557
30.2839 	EXP 	slider: rating = 2.9555555555555557
30.2856 	EXP 	New trial (rep=1, index=3): OrderedDict([('stim', 'stim/feuf_g.wav')])
30.3005 	EXP 	slider: autoDraw = False
30.3005 	EXP 	text_6: autoDraw = False
30.3005 	EXP 	instructions_task: autoDraw = True
30.3005 	EXP 	text_2: autoDraw = True
30.5015 	EXP 	text_2: autoDraw = False
30.5335 	EXP 	son: autoDraw = True
30.5335 	EXP 	su: autoDraw = True
30.5335 	EXP 	fin: autoDraw = True
30.7939 	DATA 	Keypress: 7
30.8017 	EXP 	son: autoDraw = False
30.8017 	EXP 	su: autoDraw = False
30.8017 	EXP 	fin: autoDraw = False
30.8017 	EXP 	instructions_task: autoDraw = False
30.8017 	EXP 	text_2: autoDraw = False
30.8017 	EXP 	slider: markerPos = None
30.8017 	EXP 	slider: markerPos = None
30.8017 	EXP 	slider: rating = None
30.8017 	EXP 	slider: autoDraw = True
30.8017 	EXP 	text_6: autoDraw = True
31.0018 	DATA 	Mouse: Left button down, pos=(710,409)
31.0174 	EXP 	slider: markerPos = 2.9555555555555557
31.0342 	EXP 	slider: markerPos = 2.9555555555555557
31.0506 	EXP 	slider: markerPos = 2.9555555555555557
31.0678 	EXP 	slider: markerPos = 2.9555555555555557
31.0844 	EXP 	slider: markerPos = 2.9555555555555557
31.0998 	EXP 	slider: markerPos = 2.9555555555555557
31.1172 	EXP 	slider: markerPos = 2.9555555555555557
31.1341 	EXP 	slider: markerPos = 2.9555555555555557
31.1346 	DATA 	Mouse:  Left button up, pos=(710,409)
31.1505 	EXP 	slider: markerPos = 2.9555555555555557
31.1505 	EXP 	slider: rating = 2.9555555555555557
31.1522 	EXP 	New trial (rep=1, index=4): OrderedDict([('stim', 'stim/fof_g.wav')])
31.1666 	EXP 	slider: autoDraw = False
31.1666 	EXP 	text_6: autoDraw = False
31.1666 	EXP 	instructions_task: autoDraw = True
31.1666 	EXP 	text_2: autoDraw = True
31.3683 	EXP 	text_2: autoDraw = False
31.4012 	EXP 	son: autoDraw = True
31.4012 	EXP 	su: autoDraw = True
31.4012 	EXP 	fin: autoDraw = True
31.5605 	DATA 	Keypress: 7
31.5683 	EXP 	son: autoDraw = False
31.5683 	EXP 	su: autoDraw = False
31.5683 	EXP 	fin: autoDraw = False
31.5683 	EXP 	instructions_task: autoDraw = False
31.5683 	EXP 	text_2: autoDraw = False
31.5683 	EXP 	slider: markerPos = None
31.5683 	EXP 	slider: markerPos = None
31.5683 	EXP 	slider: rating = None
31.5683 	EXP 	slider: autoDraw = True
31.5683 	EXP 	text_6: autoDraw = True
31.7015 	DATA 	Mouse: Left button down, pos=(710,409)
31.7173 	EXP 	slider: markerPos = 2.9555555555555557
31.7332 	EXP 	slider: markerPos = 2.9555555555555557
31.7513 	EXP 	slider: markerPos = 2.9555555555555557
31.7673 	EXP 	slider: markerPos = 2.9555555555555557
31.7840 	EXP 	slider: markerPos = 2.9555555555555557
31.8008 	EXP 	slider: markerPos = 2.9555555555555557
31.8173 	EXP 	slider: markerPos = 2.9555555555555557
31.8341 	EXP 	slider: markerPos = 2.9555555555555557
31.8347 	DATA 	Mouse:  Left button up, pos=(710,409)
31.8506 	EXP 	slider: markerPos = 2.9555555555555557
31.8506 	EXP 	slider: rating = 2.9555555555555557
31.8525 	EXP 	New trial (rep=1, index=5): OrderedDict([('stim', 'stim/pof_g.wav')])
31.8678 	EXP 	slider: autoDraw = False
31.8678 	EXP 	text_6: autoDraw = False
31.8678 	EXP 	instructions_task: autoDraw = True
31.8678 	EXP 	text_2: autoDraw = True
32.0835 	EXP 	text_2: autoDraw = False
32.1008 	EXP 	son: autoDraw = True
32.1008 	EXP 	su: autoDraw = True
32.1008 	EXP 	fin: autoDraw = True
32.2448 	DATA 	Keypress: 7
32.2525 	EXP 	son: autoDraw = False
32.2525 	EXP 	su: autoDraw = False
32.2525 	EXP 	fin: autoDraw = False
32.2525 	EXP 	instructions_task: autoDraw = False
32.2525 	EXP 	text_2: autoDraw = False
32.2525 	EXP 	slider: markerPos = None
32.2525 	EXP 	slider: markerPos = None
32.2525 	EXP 	slider: rating = None
32.2525 	EXP 	slider: autoDraw = True
32.2525 	EXP 	text_6: autoDraw = True
32.4054 	DATA 	Mouse: Left button down, pos=(710,409)
32.4340 	EXP 	slider: markerPos = 2.9555555555555557
32.4507 	EXP 	slider: markerPos = 2.9555555555555557
32.4673 	EXP 	slider: markerPos = 2.9555555555555557
32.4838 	EXP 	slider: markerPos = 2.9555555555555557
32.5006 	EXP 	slider: markerPos = 2.9555555555555557
32.5172 	EXP 	slider: markerPos = 2.9555555555555557
32.5337 	EXP 	slider: markerPos = 2.9555555555555557
32.5344 	DATA 	Mouse:  Left button up, pos=(710,409)
32.5505 	EXP 	slider: markerPos = 2.9555555555555557
32.5505 	EXP 	slider: rating = 2.9555555555555557
32.5523 	EXP 	New trial (rep=1, index=6): OrderedDict([('stim', 'stim/fief_g.wav')])
32.5672 	EXP 	slider: autoDraw = False
32.5672 	EXP 	text_6: autoDraw = False
32.5672 	EXP 	instructions_task: autoDraw = True
32.5672 	EXP 	text_2: autoDraw = True
32.7684 	EXP 	text_2: autoDraw = False
32.8011 	EXP 	son: autoDraw = True
32.8011 	EXP 	su: autoDraw = True
32.8011 	EXP 	fin: autoDraw = True
32.9119 	DATA 	Keypress: 7
32.9199 	EXP 	son: autoDraw = False
32.9199 	EXP 	su: autoDraw = False
32.9199 	EXP 	fin: autoDraw = False
32.9199 	EXP 	instructions_task: autoDraw = False
32.9199 	EXP 	text_2: autoDraw = False
32.9199 	EXP 	slider: markerPos = None
32.9199 	EXP 	slider: markerPos = None
32.9199 	EXP 	slider: rating = None
32.9199 	EXP 	slider: autoDraw = True
32.9199 	EXP 	text_6: autoDraw = True
33.1181 	DATA 	Mouse: Left button down, pos=(710,409)
33.1338 	EXP 	slider: markerPos = 2.9555555555555557
33.1510 	EXP 	slider: markerPos = 2.9555555555555557
33.1670 	EXP 	slider: markerPos = 2.9555555555555557
33.1839 	EXP 	slider: markerPos = 2.9555555555555557
33.2013 	EXP 	slider: markerPos = 2.9555555555555557
33.2168 	EXP 	slider: markerPos = 2.9555555555555557
33.2340 	EXP 	slider: markerPos = 2.9555555555555557
33.2346 	DATA 	Mouse:  Left button up, pos=(710,409)
33.2504 	EXP 	slider: markerPos = 2.9555555555555557
33.2504 	EXP 	slider: rating = 2.9555555555555557
33.2521 	EXP 	New trial (rep=1, index=7): OrderedDict([('stim', 'stim/p_schwa_g.wav')])
33.2674 	EXP 	slider: autoDraw = False
33.2674 	EXP 	text_6: autoDraw = False
33.2674 	EXP 	instructions_task: autoDraw = True
33.2674 	EXP 	text_2: autoDraw = True
33.4682 	EXP 	text_2: autoDraw = False
33.5000 	EXP 	son: autoDraw = True
33.5000 	EXP 	su: autoDraw = True
33.5000 	EXP 	fin: autoDraw = True
33.6621 	DATA 	Keypress: 7
33.6701 	EXP 	son: autoDraw = False
33.6701 	EXP 	su: autoDraw = False
33.6701 	EXP 	fin: autoDraw = False
33.6701 	EXP 	instructions_task: autoDraw = False
33.6701 	EXP 	text_2: autoDraw = False
33.6701 	EXP 	slider: markerPos = None
33.6701 	EXP 	slider: markerPos = None
33.6701 	EXP 	slider: rating = None
33.6701 	EXP 	slider: autoDraw = True
33.6701 	EXP 	text_6: autoDraw = True
33.8512 	DATA 	Mouse: Left button down, pos=(710,409)
33.8667 	EXP 	slider: markerPos = 2.9555555555555557
33.8838 	EXP 	slider: markerPos = 2.9555555555555557
33.9009 	EXP 	slider: markerPos = 2.9555555555555557
33.9172 	EXP 	slider: markerPos = 2.9555555555555557
33.9334 	EXP 	slider: markerPos = 2.9555555555555557
33.9509 	EXP 	slider: markerPos = 2.9555555555555557
33.9666 	EXP 	slider: markerPos = 2.9555555555555557
33.9672 	DATA 	Mouse:  Left button up, pos=(710,409)
33.9840 	EXP 	slider: markerPos = 2.9555555555555557
33.9840 	EXP 	slider: rating = 2.9555555555555557
33.9859 	EXP 	New trial (rep=2, index=0): OrderedDict([('stim', 'stim/fof_g.wav')])
34.0011 	EXP 	slider: autoDraw = False
34.0011 	EXP 	text_6: autoDraw = False
34.0011 	EXP 	instructions_task: autoDraw = True
34.0011 	EXP 	text_2: autoDraw = True
34.2015 	EXP 	text_2: autoDraw = False
34.2339 	EXP 	son: autoDraw = True
34.2339 	EXP 	su: autoDraw = True
34.2339 	EXP 	fin: autoDraw = True
34.4278 	DATA 	Keypress: 7
34.4413 	EXP 	son: autoDraw = False
34.4413 	EXP 	su: autoDraw = False
34.4413 	EXP 	fin: autoDraw = False
34.4413 	EXP 	instructions_task: autoDraw = False
34.4413 	EXP 	text_2: autoDraw = False
34.4413 	EXP 	slider: markerPos = None
34.4413 	EXP 	slider: markerPos = None
34.4413 	EXP 	slider: rating = None
34.4413 	EXP 	slider: autoDraw = True
34.4413 	EXP 	text_6: autoDraw = True
34.6013 	DATA 	Mouse: Left button down, pos=(710,409)
34.6166 	EXP 	slider: markerPos = 2.9555555555555557
34.6337 	EXP 	slider: markerPos = 2.9555555555555557
34.6498 	EXP 	slider: markerPos = 2.9555555555555557
34.6676 	EXP 	slider: markerPos = 2.9555555555555557
34.6841 	EXP 	slider: markerPos = 2.9555555555555557
34.7009 	EXP 	slider: markerPos = 2.9555555555555557
34.7172 	EXP 	slider: markerPos = 2.9555555555555557
34.7181 	DATA 	Mouse:  Left button up, pos=(710,409)
34.7339 	EXP 	slider: markerPos = 2.9555555555555557
34.7339 	EXP 	slider: rating = 2.9555555555555557
34.7358 	EXP 	New trial (rep=2, index=1): OrderedDict([('stim', 'stim/fief_g.wav')])
34.7509 	EXP 	slider: autoDraw = False
34.7509 	EXP 	text_6: autoDraw = False
34.7509 	EXP 	instructions_task: autoDraw = True
34.7509 	EXP 	text_2: autoDraw = True
34.9507 	EXP 	text_2: autoDraw = False
34.9842 	EXP 	son: autoDraw = True
34.9842 	EXP 	su: autoDraw = True
34.9842 	EXP 	fin: autoDraw = True
35.1614 	DATA 	Keypress: 7
35.1697 	EXP 	son: autoDraw = False
35.1697 	EXP 	su: autoDraw = False
35.1697 	EXP 	fin: autoDraw = False
35.1697 	EXP 	instructions_task: autoDraw = False
35.1697 	EXP 	text_2: autoDraw = False
35.1697 	EXP 	slider: markerPos = None
35.1697 	EXP 	slider: markerPos = None
35.1697 	EXP 	slider: rating = None
35.1697 	EXP 	slider: autoDraw = True
35.1697 	EXP 	text_6: autoDraw = True
35.3348 	DATA 	Mouse: Left button down, pos=(710,409)
35.3507 	EXP 	slider: markerPos = 2.9555555555555557
35.3664 	EXP 	slider: markerPos = 2.9555555555555557
35.3840 	EXP 	slider: markerPos = 2.9555555555555557
35.4006 	EXP 	slider: markerPos = 2.9555555555555557
35.4172 	EXP 	slider: markerPos = 2.9555555555555557
35.4342 	EXP 	slider: markerPos = 2.9555555555555557
35.4507 	EXP 	slider: markerPos = 2.9555555555555557
35.4513 	DATA 	Mouse:  Left button up, pos=(710,409)
35.4666 	EXP 	slider: markerPos = 2.9555555555555557
35.4666 	EXP 	slider: rating = 2.9555555555555557
35.4684 	EXP 	New trial (rep=2, index=2): OrderedDict([('stim', 'stim/pof_g.wav')])
35.4842 	EXP 	slider: autoDraw = False
35.4842 	EXP 	text_6: autoDraw = False
35.4842 	EXP 	instructions_task: autoDraw = True
35.4842 	EXP 	text_2: autoDraw = True
35.6848 	EXP 	text_2: autoDraw = False
35.7174 	EXP 	son: autoDraw = True
35.7174 	EXP 	su: autoDraw = True
35.7174 	EXP 	fin: autoDraw = True
35.8278 	DATA 	Keypress: 7
35.8361 	EXP 	son: autoDraw = False
35.8361 	EXP 	su: autoDraw = False
35.8361 	EXP 	fin: autoDraw = False
35.8361 	EXP 	instructions_task: autoDraw = False
35.8361 	EXP 	text_2: autoDraw = False
35.8361 	EXP 	slider: markerPos = None
35.8361 	EXP 	slider: markerPos = None
35.8361 	EXP 	slider: rating = None
35.8361 	EXP 	slider: autoDraw = True
35.8361 	EXP 	text_6: autoDraw = True
36.0514 	DATA 	Mouse: Left button down, pos=(710,409)
36.0672 	EXP 	slider: markerPos = 2.9555555555555557
36.0837 	EXP 	slider: markerPos = 2.9555555555555557
36.1010 	EXP 	slider: markerPos = 2.9555555555555557
36.1174 	EXP 	slider: markerPos = 2.9555555555555557
36.1346 	EXP 	slider: markerPos = 2.9555555555555557
36.1517 	EXP 	slider: markerPos = 2.9555555555555557
36.1676 	EXP 	slider: markerPos = 2.9555555555555557
36.1683 	DATA 	Mouse:  Left button up, pos=(710,409)
36.1840 	EXP 	slider: markerPos = 2.9555555555555557
36.1840 	EXP 	slider: rating = 2.9555555555555557
36.1858 	EXP 	New trial (rep=2, index=3): OrderedDict([('stim', 'stim/peuf_g.wav')])
36.2011 	EXP 	slider: autoDraw = False
36.2011 	EXP 	text_6: autoDraw = False
36.2011 	EXP 	instructions_task: autoDraw = True
36.2011 	EXP 	text_2: autoDraw = True
36.4016 	EXP 	text_2: autoDraw = False
36.4286 	DATA 	Keypress: 7
36.4432 	EXP 	son: autoDraw = True
36.4432 	EXP 	su: autoDraw = True
36.4432 	EXP 	fin: autoDraw = True
36.4432 	EXP 	son: autoDraw = False
36.4432 	EXP 	su: autoDraw = False
36.4432 	EXP 	fin: autoDraw = False
36.4432 	EXP 	instructions_task: autoDraw = False
36.4432 	EXP 	text_2: autoDraw = False
36.4432 	EXP 	slider: markerPos = None
36.4432 	EXP 	slider: markerPos = None
36.4432 	EXP 	slider: rating = None
36.4432 	EXP 	slider: autoDraw = True
36.4432 	EXP 	text_6: autoDraw = True
36.7722 	DATA 	Mouse: Left button down, pos=(710,409)
36.8007 	EXP 	slider: markerPos = 2.9555555555555557
36.8177 	EXP 	slider: markerPos = 2.9555555555555557
36.8342 	EXP 	slider: markerPos = 2.9555555555555557
36.8508 	EXP 	slider: markerPos = 2.9555555555555557
36.8673 	EXP 	slider: markerPos = 2.9555555555555557
36.8841 	EXP 	slider: markerPos = 2.9555555555555557
36.9009 	EXP 	slider: markerPos = 2.9555555555555557
36.9173 	EXP 	slider: markerPos = 2.9555555555555557
36.9235 	DATA 	Mouse:  Left button up, pos=(710,409)
36.9337 	EXP 	slider: markerPos = 2.9555555555555557
36.9505 	EXP 	slider: markerPos = 2.9555555555555557
36.9505 	EXP 	slider: rating = 2.9555555555555557
36.9523 	EXP 	New trial (rep=2, index=4): OrderedDict([('stim', 'stim/pief_g.wav')])
36.9673 	EXP 	slider: autoDraw = False
36.9673 	EXP 	text_6: autoDraw = False
36.9673 	EXP 	instructions_task: autoDraw = True
36.9673 	EXP 	text_2: autoDraw = True
37.1682 	EXP 	text_2: autoDraw = False
37.2008 	EXP 	son: autoDraw = True
37.2008 	EXP 	su: autoDraw = True
37.2008 	EXP 	fin: autoDraw = True
37.2279 	DATA 	Keypress: 7
37.2358 	EXP 	son: autoDraw = False
37.2358 	EXP 	su: autoDraw = False
37.2358 	EXP 	fin: autoDraw = False
37.2358 	EXP 	instructions_task: autoDraw = False
37.2358 	EXP 	text_2: autoDraw = False
37.2358 	EXP 	slider: markerPos = None
37.2358 	EXP 	slider: markerPos = None
37.2358 	EXP 	slider: rating = None
37.2358 	EXP 	slider: autoDraw = True
37.2358 	EXP 	text_6: autoDraw = True
37.5352 	DATA 	Mouse: Left button down, pos=(710,409)
37.5514 	EXP 	slider: markerPos = 2.9555555555555557
37.5663 	EXP 	slider: markerPos = 2.9555555555555557
37.5828 	EXP 	slider: markerPos = 2.9555555555555557
37.6000 	EXP 	slider: markerPos = 2.9555555555555557
37.6176 	EXP 	slider: markerPos = 2.9555555555555557
37.6343 	EXP 	slider: markerPos = 2.9555555555555557
37.6505 	EXP 	slider: markerPos = 2.9555555555555557
37.6674 	EXP 	slider: markerPos = 2.9555555555555557
37.6843 	EXP 	slider: markerPos = 2.9555555555555557
37.7009 	EXP 	slider: markerPos = 2.9555555555555557
37.7016 	DATA 	Mouse:  Left button up, pos=(710,409)
37.7171 	EXP 	slider: markerPos = 2.9555555555555557
37.7171 	EXP 	slider: rating = 2.9555555555555557
37.7189 	EXP 	New trial (rep=2, index=5): OrderedDict([('stim', 'stim/feuf_g.wav')])
37.7340 	EXP 	slider: autoDraw = False
37.7340 	EXP 	text_6: autoDraw = False
37.7340 	EXP 	instructions_task: autoDraw = True
37.7340 	EXP 	text_2: autoDraw = True
37.9343 	EXP 	text_2: autoDraw = False
37.9684 	EXP 	son: autoDraw = True
37.9684 	EXP 	su: autoDraw = True
37.9684 	EXP 	fin: autoDraw = True
38.1617 	DATA 	Keypress: 7
38.1702 	EXP 	son: autoDraw = False
38.1702 	EXP 	su: autoDraw = False
38.1702 	EXP 	fin: autoDraw = False
38.1702 	EXP 	instructions_task: autoDraw = False
38.1702 	EXP 	text_2: autoDraw = False
38.1702 	EXP 	slider: markerPos = None
38.1702 	EXP 	slider: markerPos = None
38.1702 	EXP 	slider: rating = None
38.1702 	EXP 	slider: autoDraw = True
38.1702 	EXP 	text_6: autoDraw = True
38.2843 	DATA 	Mouse: Left button down, pos=(710,409)
38.3007 	EXP 	slider: markerPos = 2.9555555555555557
38.3161 	EXP 	slider: markerPos = 2.9555555555555557
38.3341 	EXP 	slider: markerPos = 2.9555555555555557
38.3502 	EXP 	slider: markerPos = 2.9555555555555557
38.3676 	EXP 	slider: markerPos = 2.9555555555555557
38.3839 	EXP 	slider: markerPos = 2.9555555555555557
38.4012 	EXP 	slider: markerPos = 2.9555555555555557
38.4172 	EXP 	slider: markerPos = 2.9555555555555557
38.4180 	DATA 	Mouse:  Left button up, pos=(710,409)
38.4332 	EXP 	slider: markerPos = 2.9555555555555557
38.4332 	EXP 	slider: rating = 2.9555555555555557
38.4350 	EXP 	New trial (rep=2, index=6): OrderedDict([('stim', 'stim/p_schwa_g.wav')])
38.4509 	EXP 	slider: autoDraw = False
38.4509 	EXP 	text_6: autoDraw = False
38.4509 	EXP 	instructions_task: autoDraw = True
38.4509 	EXP 	text_2: autoDraw = True
38.6506 	EXP 	text_2: autoDraw = False
38.6849 	EXP 	son: autoDraw = True
38.6849 	EXP 	su: autoDraw = True
38.6849 	EXP 	fin: autoDraw = True
39.0099 	DATA 	Keypress: 7
39.0180 	EXP 	son: autoDraw = False
39.0180 	EXP 	su: autoDraw = False
39.0180 	EXP 	fin: autoDraw = False
39.0180 	EXP 	instructions_task: autoDraw = False
39.0180 	EXP 	text_2: autoDraw = False
39.0180 	EXP 	slider: markerPos = None
39.0180 	EXP 	slider: markerPos = None
39.0180 	EXP 	slider: rating = None
39.0180 	EXP 	slider: autoDraw = True
39.0180 	EXP 	text_6: autoDraw = True
39.1561 	DATA 	Mouse: Left button down, pos=(710,409)
39.1840 	EXP 	slider: markerPos = 2.9555555555555557
39.2009 	EXP 	slider: markerPos = 2.9555555555555557
39.2173 	EXP 	slider: markerPos = 2.9555555555555557
39.2339 	EXP 	slider: markerPos = 2.9555555555555557
39.2503 	EXP 	slider: markerPos = 2.9555555555555557
39.2676 	EXP 	slider: markerPos = 2.9555555555555557
39.2837 	EXP 	slider: markerPos = 2.9555555555555557
39.2844 	DATA 	Mouse:  Left button up, pos=(710,409)
39.3007 	EXP 	slider: markerPos = 2.9555555555555557
39.3007 	EXP 	slider: rating = 2.9555555555555557
39.3025 	EXP 	New trial (rep=2, index=7): OrderedDict([('stim', 'stim/f_schwa_g.wav')])
39.3176 	EXP 	slider: autoDraw = False
39.3176 	EXP 	text_6: autoDraw = False
39.3176 	EXP 	instructions_task: autoDraw = True
39.3176 	EXP 	text_2: autoDraw = True
39.5175 	EXP 	text_2: autoDraw = False
39.5518 	EXP 	son: autoDraw = True
39.5518 	EXP 	su: autoDraw = True
39.5518 	EXP 	fin: autoDraw = True
39.7909 	DATA 	Keypress: 7
39.8175 	EXP 	son: autoDraw = False
39.8175 	EXP 	su: autoDraw = False
39.8175 	EXP 	fin: autoDraw = False
39.8175 	EXP 	instructions_task: autoDraw = False
39.8175 	EXP 	text_2: autoDraw = False
39.8175 	EXP 	slider: markerPos = None
39.8175 	EXP 	slider: markerPos = None
39.8175 	EXP 	slider: rating = None
39.8175 	EXP 	slider: autoDraw = True
39.8175 	EXP 	text_6: autoDraw = True
39.9683 	DATA 	Mouse: Left button down, pos=(710,409)
39.9839 	EXP 	slider: markerPos = 2.9555555555555557
40.0011 	EXP 	slider: markerPos = 2.9555555555555557
40.0177 	EXP 	slider: markerPos = 2.9555555555555557
40.0344 	EXP 	slider: markerPos = 2.9555555555555557
40.0509 	EXP 	slider: markerPos = 2.9555555555555557
40.0678 	EXP 	slider: markerPos = 2.9555555555555557
40.0842 	EXP 	slider: markerPos = 2.9555555555555557
40.0847 	DATA 	Mouse:  Left button up, pos=(710,409)
40.1005 	EXP 	slider: markerPos = 2.9555555555555557
40.1005 	EXP 	slider: rating = 2.9555555555555557
40.1175 	EXP 	slider: autoDraw = False
40.1175 	EXP 	text_6: autoDraw = False
40.1175 	EXP 	text_7: autoDraw = True
40.5408 	DATA 	Keypress: 7
43.3401 	EXP 	Imported conditions/conditions_french.csv as conditions, 8 conditions, 1 params
43.3404 	EXP 	Created sequence: random, trialTypes=8, nReps=3, seed=None
43.3406 	EXP 	New trial (rep=0, index=0): OrderedDict([('stim', 'stim/p_schwa_f.wav')])
43.3506 	DATA 	Keypress: space
43.3547 	EXP 	text_7: autoDraw = False
43.3547 	EXP 	instructions_task_2: autoDraw = True
43.3547 	EXP 	text: autoDraw = True
43.5685 	EXP 	text: autoDraw = False
43.5833 	EXP 	son_2: autoDraw = True
43.5833 	EXP 	su_2: autoDraw = True
43.5833 	EXP 	fin_2: autoDraw = True
44.7112 	DATA 	Keypress: 7
44.7214 	EXP 	son_2: autoDraw = False
44.7214 	EXP 	su_2: autoDraw = False
44.7214 	EXP 	fin_2: autoDraw = False
44.7214 	EXP 	instructions_task_2: autoDraw = False
44.7214 	EXP 	text: autoDraw = False
44.7214 	EXP 	slider_2: markerPos = None
44.7214 	EXP 	slider_2: markerPos = None
44.7214 	EXP 	slider_2: rating = None
44.7214 	EXP 	slider_2: autoDraw = True
44.7214 	EXP 	text_9: autoDraw = True
45.0514 	DATA 	Mouse: Left button down, pos=(711,413)
45.0668 	EXP 	slider_2: markerPos = 2.96
45.0843 	EXP 	slider_2: markerPos = 2.96
45.1011 	EXP 	slider_2: markerPos = 2.96
45.1176 	EXP 	slider_2: markerPos = 2.96
45.1341 	EXP 	slider_2: markerPos = 2.96
45.1507 	EXP 	slider_2: markerPos = 2.96
45.1676 	EXP 	slider_2: markerPos = 2.96
45.1735 	DATA 	Mouse:  Left button up, pos=(711,413)
45.1840 	EXP 	slider_2: markerPos = 2.96
45.2006 	EXP 	slider_2: markerPos = 2.96
45.2006 	EXP 	slider_2: rating = 2.96
45.2027 	EXP 	New trial (rep=0, index=1): OrderedDict([('stim', 'stim/f_schwa_f.wav')])
45.2173 	EXP 	slider_2: autoDraw = False
45.2173 	EXP 	text_9: autoDraw = False
45.2173 	EXP 	instructions_task_2: autoDraw = True
45.2173 	EXP 	text: autoDraw = True
45.4185 	EXP 	text: autoDraw = False
45.4509 	EXP 	son_2: autoDraw = True
45.4509 	EXP 	su_2: autoDraw = True
45.4509 	EXP 	fin_2: autoDraw = True
45.6781 	DATA 	Keypress: 7
45.6860 	EXP 	son_2: autoDraw = False
45.6860 	EXP 	su_2: autoDraw = False
45.6860 	EXP 	fin_2: autoDraw = False
45.6860 	EXP 	instructions_task_2: autoDraw = False
45.6860 	EXP 	text: autoDraw = False
45.6860 	EXP 	slider_2: markerPos = None
45.6860 	EXP 	slider_2: markerPos = None
45.6860 	EXP 	slider_2: rating = None
45.6860 	EXP 	slider_2: autoDraw = True
45.6860 	EXP 	text_9: autoDraw = True
45.8350 	DATA 	Mouse: Left button down, pos=(711,413)
45.8506 	EXP 	slider_2: markerPos = 2.96
45.8677 	EXP 	slider_2: markerPos = 2.96
45.8843 	EXP 	slider_2: markerPos = 2.96
45.9012 	EXP 	slider_2: markerPos = 2.96
45.9175 	EXP 	slider_2: markerPos = 2.96
45.9340 	EXP 	slider_2: markerPos = 2.96
45.9507 	EXP 	slider_2: markerPos = 2.96
45.9513 	DATA 	Mouse:  Left button up, pos=(711,413)
45.9676 	EXP 	slider_2: markerPos = 2.96
45.9676 	EXP 	slider_2: rating = 2.96
45.9694 	EXP 	New trial (rep=0, index=2): OrderedDict([('stim', 'stim/fof_f.wav')])
45.9838 	EXP 	slider_2: autoDraw = False
45.9838 	EXP 	text_9: autoDraw = False
45.9838 	EXP 	instructions_task_2: autoDraw = True
45.9838 	EXP 	text: autoDraw = True
46.1845 	EXP 	text: autoDraw = False
46.2177 	EXP 	son_2: autoDraw = True
46.2177 	EXP 	su_2: autoDraw = True
46.2177 	EXP 	fin_2: autoDraw = True
46.5110 	DATA 	Keypress: 7
46.5191 	EXP 	son_2: autoDraw = False
46.5191 	EXP 	su_2: autoDraw = False
46.5191 	EXP 	fin_2: autoDraw = False
46.5191 	EXP 	instructions_task_2: autoDraw = False
46.5191 	EXP 	text: autoDraw = False
46.5191 	EXP 	slider_2: markerPos = None
46.5191 	EXP 	slider_2: markerPos = None
46.5191 	EXP 	slider_2: rating = None
46.5191 	EXP 	slider_2: autoDraw = True
46.5191 	EXP 	text_9: autoDraw = True
46.7396 	DATA 	Mouse: Left button down, pos=(711,413)
46.7677 	EXP 	slider_2: markerPos = 2.96
46.7842 	EXP 	slider_2: markerPos = 2.96
46.8013 	EXP 	slider_2: markerPos = 2.96
46.8172 	EXP 	slider_2: markerPos = 2.96
46.8342 	EXP 	slider_2: markerPos = 2.96
46.8509 	EXP 	slider_2: markerPos = 2.96
46.8668 	EXP 	slider_2: markerPos = 2.96
46.8842 	EXP 	slider_2: markerPos = 2.96
46.8849 	DATA 	Mouse:  Left button up, pos=(711,413)
46.9008 	EXP 	slider_2: markerPos = 2.96
46.9008 	EXP 	slider_2: rating = 2.96
46.9026 	EXP 	New trial (rep=0, index=3): OrderedDict([('stim', 'stim/feuf_f.wav')])
46.9172 	EXP 	slider_2: autoDraw = False
46.9172 	EXP 	text_9: autoDraw = False
46.9172 	EXP 	instructions_task_2: autoDraw = True
46.9172 	EXP 	text: autoDraw = True
47.1180 	EXP 	text: autoDraw = False
47.1510 	EXP 	son_2: autoDraw = True
47.1510 	EXP 	su_2: autoDraw = True
47.1510 	EXP 	fin_2: autoDraw = True
47.3280 	DATA 	Keypress: 7
47.3361 	EXP 	son_2: autoDraw = False
47.3361 	EXP 	su_2: autoDraw = False
47.3361 	EXP 	fin_2: autoDraw = False
47.3361 	EXP 	instructions_task_2: autoDraw = False
47.3361 	EXP 	text: autoDraw = False
47.3361 	EXP 	slider_2: markerPos = None
47.3361 	EXP 	slider_2: markerPos = None
47.3361 	EXP 	slider_2: rating = None
47.3361 	EXP 	slider_2: autoDraw = True
47.3361 	EXP 	text_9: autoDraw = True
47.5017 	DATA 	Mouse: Left button down, pos=(711,413)
47.5170 	EXP 	slider_2: markerPos = 2.96
47.5347 	EXP 	slider_2: markerPos = 2.96
47.5503 	EXP 	slider_2: markerPos = 2.96
47.5675 	EXP 	slider_2: markerPos = 2.96
47.5840 	EXP 	slider_2: markerPos = 2.96
47.6015 	EXP 	slider_2: markerPos = 2.96
47.6076 	DATA 	Mouse:  Left button up, pos=(711,413)
47.6175 	EXP 	slider_2: markerPos = 2.96
47.6343 	EXP 	slider_2: markerPos = 2.96
47.6343 	EXP 	slider_2: rating = 2.96
47.6361 	EXP 	New trial (rep=0, index=4): OrderedDict([('stim', 'stim/pof_f.wav')])
47.6506 	EXP 	slider_2: autoDraw = False
47.6506 	EXP 	text_9: autoDraw = False
47.6506 	EXP 	instructions_task_2: autoDraw = True
47.6506 	EXP 	text: autoDraw = True
47.8509 	EXP 	text: autoDraw = False
47.8853 	EXP 	son_2: autoDraw = True
47.8853 	EXP 	su_2: autoDraw = True
47.8853 	EXP 	fin_2: autoDraw = True
48.0952 	DATA 	Keypress: 7
48.1033 	EXP 	son_2: autoDraw = False
48.1033 	EXP 	su_2: autoDraw = False
48.1033 	EXP 	fin_2: autoDraw = False
48.1033 	EXP 	instructions_task_2: autoDraw = False
48.1033 	EXP 	text: autoDraw = False
48.1033 	EXP 	slider_2: markerPos = None
48.1033 	EXP 	slider_2: markerPos = None
48.1033 	EXP 	slider_2: rating = None
48.1033 	EXP 	slider_2: autoDraw = True
48.1033 	EXP 	text_9: autoDraw = True
48.2855 	DATA 	Mouse: Left button down, pos=(711,413)
48.3008 	EXP 	slider_2: markerPos = 2.96
48.3176 	EXP 	slider_2: markerPos = 2.96
48.3344 	EXP 	slider_2: markerPos = 2.96
48.3513 	EXP 	slider_2: markerPos = 2.96
48.3518 	DATA 	Mouse:  Left button up, pos=(711,413)
48.3675 	EXP 	slider_2: markerPos = 2.96
48.3675 	EXP 	slider_2: rating = 2.96
48.3693 	EXP 	New trial (rep=0, index=5): OrderedDict([('stim', 'stim/pif_f.wav')])
48.3841 	EXP 	slider_2: autoDraw = False
48.3841 	EXP 	text_9: autoDraw = False
48.3841 	EXP 	instructions_task_2: autoDraw = True
48.3841 	EXP 	text: autoDraw = True
48.5843 	EXP 	text: autoDraw = False
48.6182 	EXP 	son_2: autoDraw = True
48.6182 	EXP 	su_2: autoDraw = True
48.6182 	EXP 	fin_2: autoDraw = True
48.7946 	DATA 	Keypress: 7
48.8023 	EXP 	son_2: autoDraw = False
48.8023 	EXP 	su_2: autoDraw = False
48.8023 	EXP 	fin_2: autoDraw = False
48.8023 	EXP 	instructions_task_2: autoDraw = False
48.8023 	EXP 	text: autoDraw = False
48.8023 	EXP 	slider_2: markerPos = None
48.8023 	EXP 	slider_2: markerPos = None
48.8023 	EXP 	slider_2: rating = None
48.8023 	EXP 	slider_2: autoDraw = True
48.8023 	EXP 	text_9: autoDraw = True
48.9682 	DATA 	Mouse: Left button down, pos=(711,413)
48.9842 	EXP 	slider_2: markerPos = 2.96
49.0013 	EXP 	slider_2: markerPos = 2.96
49.0175 	EXP 	slider_2: markerPos = 2.96
49.0343 	EXP 	slider_2: markerPos = 2.96
49.0508 	EXP 	slider_2: markerPos = 2.96
49.0678 	EXP 	slider_2: markerPos = 2.96
49.0739 	DATA 	Mouse:  Left button up, pos=(711,413)
49.0842 	EXP 	slider_2: markerPos = 2.96
49.1004 	EXP 	slider_2: markerPos = 2.96
49.1004 	EXP 	slider_2: rating = 2.96
49.1023 	EXP 	New trial (rep=0, index=6): OrderedDict([('stim', 'stim/peuf_f.wav')])
49.1177 	EXP 	slider_2: autoDraw = False
49.1177 	EXP 	text_9: autoDraw = False
49.1177 	EXP 	instructions_task_2: autoDraw = True
49.1177 	EXP 	text: autoDraw = True
49.3166 	EXP 	text: autoDraw = False
49.3503 	EXP 	son_2: autoDraw = True
49.3503 	EXP 	su_2: autoDraw = True
49.3503 	EXP 	fin_2: autoDraw = True
49.4613 	DATA 	Keypress: 7
49.4692 	EXP 	son_2: autoDraw = False
49.4692 	EXP 	su_2: autoDraw = False
49.4692 	EXP 	fin_2: autoDraw = False
49.4692 	EXP 	instructions_task_2: autoDraw = False
49.4692 	EXP 	text: autoDraw = False
49.4692 	EXP 	slider_2: markerPos = None
49.4692 	EXP 	slider_2: markerPos = None
49.4692 	EXP 	slider_2: rating = None
49.4692 	EXP 	slider_2: autoDraw = True
49.4692 	EXP 	text_9: autoDraw = True
49.6516 	DATA 	Mouse: Left button down, pos=(711,413)
49.6677 	EXP 	slider_2: markerPos = 2.96
49.6843 	EXP 	slider_2: markerPos = 2.96
49.7005 	EXP 	slider_2: markerPos = 2.96
49.7179 	EXP 	slider_2: markerPos = 2.96
49.7343 	EXP 	slider_2: markerPos = 2.96
49.7513 	EXP 	slider_2: markerPos = 2.96
49.7679 	EXP 	slider_2: markerPos = 2.96
49.7842 	EXP 	slider_2: markerPos = 2.96
49.7849 	DATA 	Mouse:  Left button up, pos=(711,413)
49.8008 	EXP 	slider_2: markerPos = 2.96
49.8008 	EXP 	slider_2: rating = 2.96
49.8026 	EXP 	New trial (rep=0, index=7): OrderedDict([('stim', 'stim/fif_f.wav')])
49.8177 	EXP 	slider_2: autoDraw = False
49.8177 	EXP 	text_9: autoDraw = False
49.8177 	EXP 	instructions_task_2: autoDraw = True
49.8177 	EXP 	text: autoDraw = True
50.0170 	EXP 	text: autoDraw = False
50.0501 	EXP 	son_2: autoDraw = True
50.0501 	EXP 	su_2: autoDraw = True
50.0501 	EXP 	fin_2: autoDraw = True
50.1943 	DATA 	Keypress: 7
50.2022 	EXP 	son_2: autoDraw = False
50.2022 	EXP 	su_2: autoDraw = False
50.2022 	EXP 	fin_2: autoDraw = False
50.2022 	EXP 	instructions_task_2: autoDraw = False
50.2022 	EXP 	text: autoDraw = False
50.2022 	EXP 	slider_2: markerPos = None
50.2022 	EXP 	slider_2: markerPos = None
50.2022 	EXP 	slider_2: rating = None
50.2022 	EXP 	slider_2: autoDraw = True
50.2022 	EXP 	text_9: autoDraw = True
50.3855 	DATA 	Mouse: Left button down, pos=(711,413)
50.4007 	EXP 	slider_2: markerPos = 2.96
50.4184 	EXP 	slider_2: markerPos = 2.96
50.4342 	EXP 	slider_2: markerPos = 2.96
50.4514 	EXP 	slider_2: markerPos = 2.96
50.4680 	EXP 	slider_2: markerPos = 2.96
50.4843 	EXP 	slider_2: markerPos = 2.96
50.5010 	EXP 	slider_2: markerPos = 2.96
50.5016 	DATA 	Mouse:  Left button up, pos=(711,413)
50.5175 	EXP 	slider_2: markerPos = 2.96
50.5175 	EXP 	slider_2: rating = 2.96
50.5194 	EXP 	New trial (rep=1, index=0): OrderedDict([('stim', 'stim/peuf_f.wav')])
50.5341 	EXP 	slider_2: autoDraw = False
50.5341 	EXP 	text_9: autoDraw = False
50.5341 	EXP 	instructions_task_2: autoDraw = True
50.5341 	EXP 	text: autoDraw = True
50.7354 	EXP 	text: autoDraw = False
50.7678 	EXP 	son_2: autoDraw = True
50.7678 	EXP 	su_2: autoDraw = True
50.7678 	EXP 	fin_2: autoDraw = True
50.9609 	DATA 	Keypress: 7
50.9687 	EXP 	son_2: autoDraw = False
50.9687 	EXP 	su_2: autoDraw = False
50.9687 	EXP 	fin_2: autoDraw = False
50.9687 	EXP 	instructions_task_2: autoDraw = False
50.9687 	EXP 	text: autoDraw = False
50.9687 	EXP 	slider_2: markerPos = None
50.9687 	EXP 	slider_2: markerPos = None
50.9687 	EXP 	slider_2: rating = None
50.9687 	EXP 	slider_2: autoDraw = True
50.9687 	EXP 	text_9: autoDraw = True
51.1684 	DATA 	Mouse: Left button down, pos=(711,413)
51.1841 	EXP 	slider_2: markerPos = 2.96
51.2010 	EXP 	slider_2: markerPos = 2.96
51.2176 	EXP 	slider_2: markerPos = 2.96
51.2345 	EXP 	slider_2: markerPos = 2.96
51.2512 	EXP 	slider_2: markerPos = 2.96
51.2680 	EXP 	slider_2: markerPos = 2.96
51.2685 	DATA 	Mouse:  Left button up, pos=(711,413)
51.2842 	EXP 	slider_2: markerPos = 2.96
51.2842 	EXP 	slider_2: rating = 2.96
51.2861 	EXP 	New trial (rep=1, index=1): OrderedDict([('stim', 'stim/feuf_f.wav')])
51.3010 	EXP 	slider_2: autoDraw = False
51.3010 	EXP 	text_9: autoDraw = False
51.3010 	EXP 	instructions_task_2: autoDraw = True
51.3010 	EXP 	text: autoDraw = True
51.5019 	EXP 	text: autoDraw = False
51.5354 	EXP 	son_2: autoDraw = True
51.5354 	EXP 	su_2: autoDraw = True
51.5354 	EXP 	fin_2: autoDraw = True
51.7620 	DATA 	Keypress: 7
51.7702 	EXP 	son_2: autoDraw = False
51.7702 	EXP 	su_2: autoDraw = False
51.7702 	EXP 	fin_2: autoDraw = False
51.7702 	EXP 	instructions_task_2: autoDraw = False
51.7702 	EXP 	text: autoDraw = False
51.7702 	EXP 	slider_2: markerPos = None
51.7702 	EXP 	slider_2: markerPos = None
51.7702 	EXP 	slider_2: rating = None
51.7702 	EXP 	slider_2: autoDraw = True
51.7702 	EXP 	text_9: autoDraw = True
51.9357 	DATA 	Mouse: Left button down, pos=(711,413)
51.9510 	EXP 	slider_2: markerPos = 2.96
51.9677 	EXP 	slider_2: markerPos = 2.96
51.9843 	EXP 	slider_2: markerPos = 2.96
52.0005 	EXP 	slider_2: markerPos = 2.96
52.0177 	EXP 	slider_2: markerPos = 2.96
52.0344 	EXP 	slider_2: markerPos = 2.96
52.0510 	EXP 	slider_2: markerPos = 2.96
52.0516 	DATA 	Mouse:  Left button up, pos=(711,413)
52.0676 	EXP 	slider_2: markerPos = 2.96
52.0676 	EXP 	slider_2: rating = 2.96
52.0694 	EXP 	New trial (rep=1, index=2): OrderedDict([('stim', 'stim/p_schwa_f.wav')])
52.0842 	EXP 	slider_2: autoDraw = False
52.0842 	EXP 	text_9: autoDraw = False
52.0842 	EXP 	instructions_task_2: autoDraw = True
52.0842 	EXP 	text: autoDraw = True
52.2857 	EXP 	text: autoDraw = False
52.3181 	EXP 	son_2: autoDraw = True
52.3181 	EXP 	su_2: autoDraw = True
52.3181 	EXP 	fin_2: autoDraw = True
52.4947 	DATA 	Keypress: 7
52.5028 	EXP 	son_2: autoDraw = False
52.5028 	EXP 	su_2: autoDraw = False
52.5028 	EXP 	fin_2: autoDraw = False
52.5028 	EXP 	instructions_task_2: autoDraw = False
52.5028 	EXP 	text: autoDraw = False
52.5028 	EXP 	slider_2: markerPos = None
52.5028 	EXP 	slider_2: markerPos = None
52.5028 	EXP 	slider_2: rating = None
52.5028 	EXP 	slider_2: autoDraw = True
52.5028 	EXP 	text_9: autoDraw = True
52.6853 	DATA 	Mouse: Left button down, pos=(711,413)
52.7012 	EXP 	slider_2: markerPos = 2.96
52.7180 	EXP 	slider_2: markerPos = 2.96
52.7348 	EXP 	slider_2: markerPos = 2.96
52.7515 	EXP 	slider_2: markerPos = 2.96
52.7679 	EXP 	slider_2: markerPos = 2.96
52.7843 	EXP 	slider_2: markerPos = 2.96
52.8013 	EXP 	slider_2: markerPos = 2.96
52.8178 	EXP 	slider_2: markerPos = 2.96
52.8345 	EXP 	slider_2: markerPos = 2.96
52.8510 	EXP 	slider_2: markerPos = 2.96
52.8678 	EXP 	slider_2: markerPos = 2.96
52.8848 	EXP 	slider_2: markerPos = 2.96
52.9009 	EXP 	slider_2: markerPos = 2.96
52.9015 	DATA 	Mouse:  Left button up, pos=(711,413)
52.9177 	EXP 	slider_2: markerPos = 2.96
52.9177 	EXP 	slider_2: rating = 2.96
52.9195 	EXP 	New trial (rep=1, index=3): OrderedDict([('stim', 'stim/fof_f.wav')])
52.9343 	EXP 	slider_2: autoDraw = False
52.9343 	EXP 	text_9: autoDraw = False
52.9343 	EXP 	instructions_task_2: autoDraw = True
52.9343 	EXP 	text: autoDraw = True
53.1347 	EXP 	text: autoDraw = False
53.1687 	EXP 	son_2: autoDraw = True
53.1687 	EXP 	su_2: autoDraw = True
53.1687 	EXP 	fin_2: autoDraw = True
53.2783 	DATA 	Keypress: 7
53.2862 	EXP 	son_2: autoDraw = False
53.2862 	EXP 	su_2: autoDraw = False
53.2862 	EXP 	fin_2: autoDraw = False
53.2862 	EXP 	instructions_task_2: autoDraw = False
53.2862 	EXP 	text: autoDraw = False
53.2862 	EXP 	slider_2: markerPos = None
53.2862 	EXP 	slider_2: markerPos = None
53.2862 	EXP 	slider_2: rating = None
53.2862 	EXP 	slider_2: autoDraw = True
53.2862 	EXP 	text_9: autoDraw = True
53.4850 	DATA 	Mouse: Left button down, pos=(711,413)
53.5012 	EXP 	slider_2: markerPos = 2.96
53.5177 	EXP 	slider_2: markerPos = 2.96
53.5341 	EXP 	slider_2: markerPos = 2.96
53.5499 	EXP 	slider_2: markerPos = 2.96
53.5668 	EXP 	slider_2: markerPos = 2.96
53.5846 	EXP 	slider_2: markerPos = 2.96
53.6004 	EXP 	slider_2: markerPos = 2.96
53.6011 	DATA 	Mouse:  Left button up, pos=(711,413)
53.6175 	EXP 	slider_2: markerPos = 2.96
53.6175 	EXP 	slider_2: rating = 2.96
53.6193 	EXP 	New trial (rep=1, index=4): OrderedDict([('stim', 'stim/pif_f.wav')])
53.6344 	EXP 	slider_2: autoDraw = False
53.6344 	EXP 	text_9: autoDraw = False
53.6344 	EXP 	instructions_task_2: autoDraw = True
53.6344 	EXP 	text: autoDraw = True
53.8348 	EXP 	text: autoDraw = False
53.8688 	EXP 	son_2: autoDraw = True
53.8688 	EXP 	su_2: autoDraw = True
53.8688 	EXP 	fin_2: autoDraw = True
54.0126 	DATA 	Keypress: 7
54.0208 	EXP 	son_2: autoDraw = False
54.0208 	EXP 	su_2: autoDraw = False
54.0208 	EXP 	fin_2: autoDraw = False
54.0208 	EXP 	instructions_task_2: autoDraw = False
54.0208 	EXP 	text: autoDraw = False
54.0208 	EXP 	slider_2: markerPos = None
54.0208 	EXP 	slider_2: markerPos = None
54.0208 	EXP 	slider_2: rating = None
54.0208 	EXP 	slider_2: autoDraw = True
54.0208 	EXP 	text_9: autoDraw = True
54.2687 	DATA 	Mouse: Left button down, pos=(711,413)
54.2850 	EXP 	slider_2: markerPos = 2.96
54.3010 	EXP 	slider_2: markerPos = 2.96
54.3177 	EXP 	slider_2: markerPos = 2.96
54.3344 	EXP 	slider_2: markerPos = 2.96
54.3511 	EXP 	slider_2: markerPos = 2.96
54.3677 	EXP 	slider_2: markerPos = 2.96
54.3847 	EXP 	slider_2: markerPos = 2.96
54.4010 	EXP 	slider_2: markerPos = 2.96
54.4016 	DATA 	Mouse:  Left button up, pos=(711,413)
54.4177 	EXP 	slider_2: markerPos = 2.96
54.4177 	EXP 	slider_2: rating = 2.96
54.4196 	EXP 	New trial (rep=1, index=5): OrderedDict([('stim', 'stim/fif_f.wav')])
54.4342 	EXP 	slider_2: autoDraw = False
54.4342 	EXP 	text_9: autoDraw = False
54.4342 	EXP 	instructions_task_2: autoDraw = True
54.4342 	EXP 	text: autoDraw = True
54.6346 	EXP 	text: autoDraw = False
54.6688 	EXP 	son_2: autoDraw = True
54.6688 	EXP 	su_2: autoDraw = True
54.6688 	EXP 	fin_2: autoDraw = True
54.7462 	DATA 	Keypress: 7
54.7543 	EXP 	son_2: autoDraw = False
54.7543 	EXP 	su_2: autoDraw = False
54.7543 	EXP 	fin_2: autoDraw = False
54.7543 	EXP 	instructions_task_2: autoDraw = False
54.7543 	EXP 	text: autoDraw = False
54.7543 	EXP 	slider_2: markerPos = None
54.7543 	EXP 	slider_2: markerPos = None
54.7543 	EXP 	slider_2: rating = None
54.7543 	EXP 	slider_2: autoDraw = True
54.7543 	EXP 	text_9: autoDraw = True
55.0022 	DATA 	Mouse: Left button down, pos=(711,413)
55.0183 	EXP 	slider_2: markerPos = 2.96
55.0343 	EXP 	slider_2: markerPos = 2.96
55.0511 	EXP 	slider_2: markerPos = 2.96
55.0683 	EXP 	slider_2: markerPos = 2.96
55.0846 	EXP 	slider_2: markerPos = 2.96
55.1013 	EXP 	slider_2: markerPos = 2.96
55.1181 	EXP 	slider_2: markerPos = 2.96
55.1244 	DATA 	Mouse:  Left button up, pos=(711,413)
55.1344 	EXP 	slider_2: markerPos = 2.96
55.1511 	EXP 	slider_2: markerPos = 2.96
55.1511 	EXP 	slider_2: rating = 2.96
55.1528 	EXP 	New trial (rep=1, index=6): OrderedDict([('stim', 'stim/f_schwa_f.wav')])
55.1675 	EXP 	slider_2: autoDraw = False
55.1675 	EXP 	text_9: autoDraw = False
55.1675 	EXP 	instructions_task_2: autoDraw = True
55.1675 	EXP 	text: autoDraw = True
55.3673 	EXP 	text: autoDraw = False
55.4017 	EXP 	son_2: autoDraw = True
55.4017 	EXP 	su_2: autoDraw = True
55.4017 	EXP 	fin_2: autoDraw = True
55.4948 	DATA 	Keypress: 7
55.5026 	EXP 	son_2: autoDraw = False
55.5026 	EXP 	su_2: autoDraw = False
55.5026 	EXP 	fin_2: autoDraw = False
55.5026 	EXP 	instructions_task_2: autoDraw = False
55.5026 	EXP 	text: autoDraw = False
55.5026 	EXP 	slider_2: markerPos = None
55.5026 	EXP 	slider_2: markerPos = None
55.5026 	EXP 	slider_2: rating = None
55.5026 	EXP 	slider_2: autoDraw = True
55.5026 	EXP 	text_9: autoDraw = True
55.7184 	DATA 	Mouse: Left button down, pos=(711,414)
55.7343 	EXP 	slider_2: markerPos = 2.96
55.7514 	EXP 	slider_2: markerPos = 2.96
55.7676 	EXP 	slider_2: markerPos = 2.96
55.7846 	EXP 	slider_2: markerPos = 2.96
55.8009 	EXP 	slider_2: markerPos = 2.96
55.8168 	EXP 	slider_2: markerPos = 2.96
55.8346 	EXP 	slider_2: markerPos = 2.96
55.8512 	EXP 	slider_2: markerPos = 2.96
55.8677 	EXP 	slider_2: markerPos = 2.96
55.8683 	DATA 	Mouse:  Left button up, pos=(711,414)
55.8851 	EXP 	slider_2: markerPos = 2.96
55.8851 	EXP 	slider_2: rating = 2.96
55.8868 	EXP 	New trial (rep=1, index=7): OrderedDict([('stim', 'stim/pof_f.wav')])
55.9012 	EXP 	slider_2: autoDraw = False
55.9012 	EXP 	text_9: autoDraw = False
55.9012 	EXP 	instructions_task_2: autoDraw = True
55.9012 	EXP 	text: autoDraw = True
56.0970 	DATA 	Keypress: 7
56.1058 	EXP 	text: autoDraw = False
56.1058 	EXP 	son_2: autoDraw = False
56.1058 	EXP 	su_2: autoDraw = False
56.1058 	EXP 	fin_2: autoDraw = False
56.1058 	EXP 	instructions_task_2: autoDraw = False
56.1058 	EXP 	text: autoDraw = False
56.1058 	EXP 	slider_2: markerPos = None
56.1058 	EXP 	slider_2: markerPos = None
56.1058 	EXP 	slider_2: rating = None
56.1058 	EXP 	slider_2: autoDraw = True
56.1058 	EXP 	text_9: autoDraw = True
56.5353 	DATA 	Mouse: Left button down, pos=(710,413)
56.5515 	EXP 	slider_2: markerPos = 2.9555555555555557
56.5669 	EXP 	slider_2: markerPos = 2.9555555555555557
56.5833 	EXP 	slider_2: markerPos = 2.9555555555555557
56.6012 	EXP 	slider_2: markerPos = 2.9555555555555557
56.6169 	EXP 	slider_2: markerPos = 2.9555555555555557
56.6337 	EXP 	slider_2: markerPos = 2.9555555555555557
56.6510 	EXP 	slider_2: markerPos = 2.9555555555555557
56.6680 	EXP 	slider_2: markerPos = 2.9555555555555557
56.6843 	EXP 	slider_2: markerPos = 2.9555555555555557
56.7003 	EXP 	slider_2: markerPos = 2.9555555555555557
56.7178 	EXP 	slider_2: markerPos = 2.9555555555555557
56.7344 	EXP 	slider_2: markerPos = 2.9555555555555557
56.7510 	EXP 	slider_2: markerPos = 2.9555555555555557
56.7569 	DATA 	Mouse:  Left button up, pos=(710,413)
56.7678 	EXP 	slider_2: markerPos = 2.9555555555555557
56.7844 	EXP 	slider_2: markerPos = 2.9555555555555557
56.7844 	EXP 	slider_2: rating = 2.9555555555555557
56.7860 	EXP 	New trial (rep=2, index=0): OrderedDict([('stim', 'stim/fof_f.wav')])
56.8011 	EXP 	slider_2: autoDraw = False
56.8011 	EXP 	text_9: autoDraw = False
56.8011 	EXP 	instructions_task_2: autoDraw = True
56.8011 	EXP 	text: autoDraw = True
56.8073 	DATA 	Keypress: 7
57.0021 	EXP 	text: autoDraw = False
57.0341 	EXP 	son_2: autoDraw = True
57.0341 	EXP 	su_2: autoDraw = True
57.0341 	EXP 	fin_2: autoDraw = True
57.2211 	DATA 	Mouse: Left button down, pos=(710,413)
57.3908 	DATA 	Mouse:  Left button up, pos=(710,413)
57.3954 	DATA 	Keypress: 7
57.4035 	EXP 	son_2: autoDraw = False
57.4035 	EXP 	su_2: autoDraw = False
57.4035 	EXP 	fin_2: autoDraw = False
57.4035 	EXP 	instructions_task_2: autoDraw = False
57.4035 	EXP 	text: autoDraw = False
57.4035 	EXP 	slider_2: markerPos = None
57.4035 	EXP 	slider_2: markerPos = None
57.4035 	EXP 	slider_2: rating = None
57.4035 	EXP 	slider_2: autoDraw = True
57.4035 	EXP 	text_9: autoDraw = True
57.9518 	DATA 	Mouse: Left button down, pos=(710,413)
57.9679 	EXP 	slider_2: markerPos = 2.9555555555555557
57.9844 	EXP 	slider_2: markerPos = 2.9555555555555557
58.0016 	EXP 	slider_2: markerPos = 2.9555555555555557
58.0194 	EXP 	slider_2: markerPos = 2.9555555555555557
58.0339 	EXP 	slider_2: markerPos = 2.9555555555555557
58.0508 	EXP 	slider_2: markerPos = 2.9555555555555557
58.0678 	EXP 	slider_2: markerPos = 2.9555555555555557
58.0844 	EXP 	slider_2: markerPos = 2.9555555555555557
58.1008 	EXP 	slider_2: markerPos = 2.9555555555555557
58.1168 	EXP 	slider_2: markerPos = 2.9555555555555557
58.1177 	DATA 	Mouse:  Left button up, pos=(710,413)
58.1346 	EXP 	slider_2: markerPos = 2.9555555555555557
58.1346 	EXP 	slider_2: rating = 2.9555555555555557
58.1364 	EXP 	New trial (rep=2, index=1): OrderedDict([('stim', 'stim/pif_f.wav')])
58.1515 	EXP 	slider_2: autoDraw = False
58.1515 	EXP 	text_9: autoDraw = False
58.1515 	EXP 	instructions_task_2: autoDraw = True
58.1515 	EXP 	text: autoDraw = True
58.2457 	DATA 	Keypress: 7
58.2540 	EXP 	son_2: autoDraw = False
58.2540 	EXP 	su_2: autoDraw = False
58.2540 	EXP 	fin_2: autoDraw = False
58.2540 	EXP 	instructions_task_2: autoDraw = False
58.2540 	EXP 	text: autoDraw = False
58.2540 	EXP 	slider_2: markerPos = None
58.2540 	EXP 	slider_2: markerPos = None
58.2540 	EXP 	slider_2: rating = None
58.2540 	EXP 	slider_2: autoDraw = True
58.2540 	EXP 	text_9: autoDraw = True
58.7018 	DATA 	Mouse: Left button down, pos=(710,413)
58.7177 	EXP 	slider_2: markerPos = 2.9555555555555557
58.7337 	EXP 	slider_2: markerPos = 2.9555555555555557
58.7513 	EXP 	slider_2: markerPos = 2.9555555555555557
58.7681 	EXP 	slider_2: markerPos = 2.9555555555555557
58.7845 	EXP 	slider_2: markerPos = 2.9555555555555557
58.8011 	EXP 	slider_2: markerPos = 2.9555555555555557
58.8175 	EXP 	slider_2: markerPos = 2.9555555555555557
58.8338 	EXP 	slider_2: markerPos = 2.9555555555555557
58.8513 	EXP 	slider_2: markerPos = 2.9555555555555557
58.8677 	EXP 	slider_2: markerPos = 2.9555555555555557
58.8683 	DATA 	Mouse:  Left button up, pos=(710,413)
58.8846 	EXP 	slider_2: markerPos = 2.9555555555555557
58.8846 	EXP 	slider_2: rating = 2.9555555555555557
58.8863 	EXP 	New trial (rep=2, index=2): OrderedDict([('stim', 'stim/peuf_f.wav')])
58.9012 	EXP 	slider_2: autoDraw = False
58.9012 	EXP 	text_9: autoDraw = False
58.9012 	EXP 	instructions_task_2: autoDraw = True
58.9012 	EXP 	text: autoDraw = True
59.1011 	EXP 	text: autoDraw = False
59.1353 	EXP 	son_2: autoDraw = True
59.1353 	EXP 	su_2: autoDraw = True
59.1353 	EXP 	fin_2: autoDraw = True
59.2627 	DATA 	Keypress: 7
59.2711 	EXP 	son_2: autoDraw = False
59.2711 	EXP 	su_2: autoDraw = False
59.2711 	EXP 	fin_2: autoDraw = False
59.2711 	EXP 	instructions_task_2: autoDraw = False
59.2711 	EXP 	text: autoDraw = False
59.2711 	EXP 	slider_2: markerPos = None
59.2711 	EXP 	slider_2: markerPos = None
59.2711 	EXP 	slider_2: rating = None
59.2711 	EXP 	slider_2: autoDraw = True
59.2711 	EXP 	text_9: autoDraw = True
59.5523 	DATA 	Mouse: Left button down, pos=(710,413)
59.5683 	EXP 	slider_2: markerPos = 2.9555555555555557
59.5845 	EXP 	slider_2: markerPos = 2.9555555555555557
59.6002 	EXP 	slider_2: markerPos = 2.9555555555555557
59.6175 	EXP 	slider_2: markerPos = 2.9555555555555557
59.6339 	EXP 	slider_2: markerPos = 2.9555555555555557
59.6500 	EXP 	slider_2: markerPos = 2.9555555555555557
59.6507 	DATA 	Mouse:  Left button up, pos=(710,413)
59.6681 	EXP 	slider_2: markerPos = 2.9555555555555557
59.6681 	EXP 	slider_2: rating = 2.9555555555555557
59.6698 	EXP 	New trial (rep=2, index=3): OrderedDict([('stim', 'stim/fif_f.wav')])
59.6844 	EXP 	slider_2: autoDraw = False
59.6844 	EXP 	text_9: autoDraw = False
59.6844 	EXP 	instructions_task_2: autoDraw = True
59.6844 	EXP 	text: autoDraw = True
59.8853 	EXP 	text: autoDraw = False
59.9178 	EXP 	son_2: autoDraw = True
59.9178 	EXP 	su_2: autoDraw = True
59.9178 	EXP 	fin_2: autoDraw = True
60.2126 	DATA 	Keypress: 7
60.2208 	EXP 	son_2: autoDraw = False
60.2208 	EXP 	su_2: autoDraw = False
60.2208 	EXP 	fin_2: autoDraw = False
60.2208 	EXP 	instructions_task_2: autoDraw = False
60.2208 	EXP 	text: autoDraw = False
60.2208 	EXP 	slider_2: markerPos = None
60.2208 	EXP 	slider_2: markerPos = None
60.2208 	EXP 	slider_2: rating = None
60.2208 	EXP 	slider_2: autoDraw = True
60.2208 	EXP 	text_9: autoDraw = True
60.3852 	DATA 	Mouse: Left button down, pos=(710,413)
60.4012 	EXP 	slider_2: markerPos = 2.9555555555555557
60.4180 	EXP 	slider_2: markerPos = 2.9555555555555557
60.4334 	EXP 	slider_2: markerPos = 2.9555555555555557
60.4500 	EXP 	slider_2: markerPos = 2.9555555555555557
60.4681 	EXP 	slider_2: markerPos = 2.9555555555555557
60.4842 	EXP 	slider_2: markerPos = 2.9555555555555557
60.4904 	DATA 	Mouse:  Left button up, pos=(710,413)
60.5011 	EXP 	slider_2: markerPos = 2.9555555555555557
60.5177 	EXP 	slider_2: markerPos = 2.9555555555555557
60.5177 	EXP 	slider_2: rating = 2.9555555555555557
60.5195 	EXP 	New trial (rep=2, index=4): OrderedDict([('stim', 'stim/feuf_f.wav')])
60.5339 	EXP 	slider_2: autoDraw = False
60.5339 	EXP 	text_9: autoDraw = False
60.5339 	EXP 	instructions_task_2: autoDraw = True
60.5339 	EXP 	text: autoDraw = True
60.7353 	EXP 	text: autoDraw = False
60.7684 	EXP 	son_2: autoDraw = True
60.7684 	EXP 	su_2: autoDraw = True
60.7684 	EXP 	fin_2: autoDraw = True
60.9946 	DATA 	Keypress: 7
61.0028 	EXP 	son_2: autoDraw = False
61.0028 	EXP 	su_2: autoDraw = False
61.0028 	EXP 	fin_2: autoDraw = False
61.0028 	EXP 	instructions_task_2: autoDraw = False
61.0028 	EXP 	text: autoDraw = False
61.0028 	EXP 	slider_2: markerPos = None
61.0028 	EXP 	slider_2: markerPos = None
61.0028 	EXP 	slider_2: rating = None
61.0028 	EXP 	slider_2: autoDraw = True
61.0028 	EXP 	text_9: autoDraw = True
61.1526 	DATA 	Mouse: Left button down, pos=(710,413)
61.1678 	EXP 	slider_2: markerPos = 2.9555555555555557
61.1839 	EXP 	slider_2: markerPos = 2.9555555555555557
61.2010 	EXP 	slider_2: markerPos = 2.9555555555555557
61.2171 	EXP 	slider_2: markerPos = 2.9555555555555557
61.2350 	EXP 	slider_2: markerPos = 2.9555555555555557
61.2356 	DATA 	Mouse:  Left button up, pos=(710,413)
61.2511 	EXP 	slider_2: markerPos = 2.9555555555555557
61.2511 	EXP 	slider_2: rating = 2.9555555555555557
61.2529 	EXP 	New trial (rep=2, index=5): OrderedDict([('stim', 'stim/p_schwa_f.wav')])
61.2676 	EXP 	slider_2: autoDraw = False
61.2676 	EXP 	text_9: autoDraw = False
61.2676 	EXP 	instructions_task_2: autoDraw = True
61.2676 	EXP 	text: autoDraw = True
61.4686 	EXP 	text: autoDraw = False
61.5013 	EXP 	son_2: autoDraw = True
61.5013 	EXP 	su_2: autoDraw = True
61.5013 	EXP 	fin_2: autoDraw = True
61.6623 	DATA 	Keypress: 7
61.6707 	EXP 	son_2: autoDraw = False
61.6707 	EXP 	su_2: autoDraw = False
61.6707 	EXP 	fin_2: autoDraw = False
61.6707 	EXP 	instructions_task_2: autoDraw = False
61.6707 	EXP 	text: autoDraw = False
61.6707 	EXP 	slider_2: markerPos = None
61.6707 	EXP 	slider_2: markerPos = None
61.6707 	EXP 	slider_2: rating = None
61.6707 	EXP 	slider_2: autoDraw = True
61.6707 	EXP 	text_9: autoDraw = True
61.8680 	DATA 	Mouse: Left button down, pos=(710,413)
61.8846 	EXP 	slider_2: markerPos = 2.9555555555555557
61.9013 	EXP 	slider_2: markerPos = 2.9555555555555557
61.9179 	EXP 	slider_2: markerPos = 2.9555555555555557
61.9345 	EXP 	slider_2: markerPos = 2.9555555555555557
61.9515 	EXP 	slider_2: markerPos = 2.9555555555555557
61.9678 	EXP 	slider_2: markerPos = 2.9555555555555557
61.9849 	EXP 	slider_2: markerPos = 2.9555555555555557
62.0019 	EXP 	slider_2: markerPos = 2.9555555555555557
62.0027 	DATA 	Mouse:  Left button up, pos=(710,413)
62.0178 	EXP 	slider_2: markerPos = 2.9555555555555557
62.0178 	EXP 	slider_2: rating = 2.9555555555555557
62.0196 	EXP 	New trial (rep=2, index=6): OrderedDict([('stim', 'stim/pof_f.wav')])
62.0346 	EXP 	slider_2: autoDraw = False
62.0346 	EXP 	text_9: autoDraw = False
62.0346 	EXP 	instructions_task_2: autoDraw = True
62.0346 	EXP 	text: autoDraw = True
62.2355 	EXP 	text: autoDraw = False
62.2691 	EXP 	son_2: autoDraw = True
62.2691 	EXP 	su_2: autoDraw = True
62.2691 	EXP 	fin_2: autoDraw = True
62.4125 	DATA 	Keypress: 7
62.4208 	EXP 	son_2: autoDraw = False
62.4208 	EXP 	su_2: autoDraw = False
62.4208 	EXP 	fin_2: autoDraw = False
62.4208 	EXP 	instructions_task_2: autoDraw = False
62.4208 	EXP 	text: autoDraw = False
62.4208 	EXP 	slider_2: markerPos = None
62.4208 	EXP 	slider_2: markerPos = None
62.4208 	EXP 	slider_2: rating = None
62.4208 	EXP 	slider_2: autoDraw = True
62.4208 	EXP 	text_9: autoDraw = True
62.5855 	DATA 	Mouse: Left button down, pos=(710,413)
62.6016 	EXP 	slider_2: markerPos = 2.9555555555555557
62.6180 	EXP 	slider_2: markerPos = 2.9555555555555557
62.6347 	EXP 	slider_2: markerPos = 2.9555555555555557
62.6503 	EXP 	slider_2: markerPos = 2.9555555555555557
62.6677 	EXP 	slider_2: markerPos = 2.9555555555555557
62.6846 	EXP 	slider_2: markerPos = 2.9555555555555557
62.6851 	DATA 	Mouse:  Left button up, pos=(710,413)
62.7008 	EXP 	slider_2: markerPos = 2.9555555555555557
62.7008 	EXP 	slider_2: rating = 2.9555555555555557
62.7026 	EXP 	New trial (rep=2, index=7): OrderedDict([('stim', 'stim/f_schwa_f.wav')])
62.7178 	EXP 	slider_2: autoDraw = False
62.7178 	EXP 	text_9: autoDraw = False
62.7178 	EXP 	instructions_task_2: autoDraw = True
62.7178 	EXP 	text: autoDraw = True
62.9177 	EXP 	text: autoDraw = False
62.9515 	EXP 	son_2: autoDraw = True
62.9515 	EXP 	su_2: autoDraw = True
62.9515 	EXP 	fin_2: autoDraw = True
63.1621 	DATA 	Keypress: 7
63.1702 	EXP 	son_2: autoDraw = False
63.1702 	EXP 	su_2: autoDraw = False
63.1702 	EXP 	fin_2: autoDraw = False
63.1702 	EXP 	instructions_task_2: autoDraw = False
63.1702 	EXP 	text: autoDraw = False
63.1702 	EXP 	slider_2: markerPos = None
63.1702 	EXP 	slider_2: markerPos = None
63.1702 	EXP 	slider_2: rating = None
63.1702 	EXP 	slider_2: autoDraw = True
63.1702 	EXP 	text_9: autoDraw = True
63.3689 	DATA 	Mouse: Left button down, pos=(710,413)
63.3846 	EXP 	slider_2: markerPos = 2.9555555555555557
63.4014 	EXP 	slider_2: markerPos = 2.9555555555555557
63.4186 	EXP 	slider_2: markerPos = 2.9555555555555557
63.4346 	EXP 	slider_2: markerPos = 2.9555555555555557
63.4512 	EXP 	slider_2: markerPos = 2.9555555555555557
63.4679 	EXP 	slider_2: markerPos = 2.9555555555555557
63.4847 	EXP 	slider_2: markerPos = 2.9555555555555557
63.5013 	EXP 	slider_2: markerPos = 2.9555555555555557
63.5177 	EXP 	slider_2: markerPos = 2.9555555555555557
63.5345 	EXP 	slider_2: markerPos = 2.9555555555555557
63.5513 	EXP 	slider_2: markerPos = 2.9555555555555557
63.5669 	EXP 	slider_2: markerPos = 2.9555555555555557
63.5677 	DATA 	Mouse:  Left button up, pos=(710,413)
63.5839 	EXP 	slider_2: markerPos = 2.9555555555555557
63.5839 	EXP 	slider_2: rating = 2.9555555555555557
63.6011 	EXP 	slider_2: autoDraw = False
63.6011 	EXP 	text_9: autoDraw = False
63.6270 	EXP 	window1: mouseVisible = True
