0.6821 	WARNING 	We strongly recommend you activate the PTB sound engine in PsychoPy prefs as the preferred audio engine. Its timing is vastly superior. Your prefs are currently set to use ['sounddevice', 'PTB', 'pyo', 'pygame'] (in that order).
5.1241 	EXP 	Created window1 = Window(allowGUI=False, allowStencil=False, autoLog=True, backendConf=UNKNOWN, bitsMode=UNKNOWN, blendMode='avg', bpc=(8, 8, 8), color=array([0, 0, 0]), colorSpace='rgb', depthBits=8, fullscr=<method-wrapper '__getattribute__' of attributeSetter object at 0x7fb2aa170a90>, gamma=None, gammaErrorPolicy='raise', lms=UNKNOWN, monitor=<psychopy.monitors.calibTools.Monitor object at 0x7fb27bc025f8>, multiSample=False, name='window1', numSamples=2, pos=[360.0, 225.0], screen=0, size=array([2880, 1800]), stencilBits=0, stereo=False, units='height', useFBO=True, useRetina=True, viewOri=0.0, viewPos=None, viewScale=None, waitBlanking=True, winType='pyglet')
5.1243 	EXP 	window1: mouseVisible = True
5.1243 	EXP 	window1: recordFrameIntervals = False
5.2943 	EXP 	window1: recordFrameIntervals = True
5.3446 	WARNING 	t of last frame was 20.67ms (=1/48)
5.4942 	WARNING 	t of last frame was 19.97ms (=1/50)
5.9406 	EXP 	window1: recordFrameIntervals = False
6.8061 	EXP 	Created text_3 = TextStim(__class__=<class 'psychopy.visual.text.TextStim'>, alignHoriz=method-wrapper(...), alignText='center', alignVert=method-wrapper(...), anchorHoriz='center', anchorVert='center', antialias=True, autoLog=True, bold=False, color=array([1., 1., 1.]), colorSpace='rgb', contrast=1.0, depth=-1.0, flipHoriz=False, flipVert=False, font='Open Sans', fontFiles=[], height=0.05, italic=False, languageStyle='LTR', name='text_3', opacity=1, ori=0.0, pos=array([0., 0.]), rgb=UNKNOWN, text='Habla ud inglés?', units='height', win=Window(...), wrapWidth=1)
6.8098 	EXP 	Created text_4 = TextStim(__class__=<class 'psychopy.visual.text.TextStim'>, alignHoriz=method-wrapper(...), alignText='center', alignVert=method-wrapper(...), anchorHoriz='center', anchorVert='center', antialias=True, autoLog=True, bold=False, color=array([1., 1., 1.]), colorSpace='rgb', contrast=1.0, depth=-2.0, flipHoriz=False, flipVert=False, font='Open Sans', fontFiles=[], height=0.05, italic=False, languageStyle='LTR', name='text_4', opacity=1, ori=0.0, pos=array([-0.25, -0.25]), rgb=UNKNOWN, text='sí (1)', units='height', win=Window(...), wrapWidth=1)
6.8126 	EXP 	Created text_5 = TextStim(__class__=<class 'psychopy.visual.text.TextStim'>, alignHoriz=method-wrapper(...), alignText='center', alignVert=method-wrapper(...), anchorHoriz='center', anchorVert='center', antialias=True, autoLog=True, bold=False, color=array([1., 1., 1.]), colorSpace='rgb', contrast=1.0, depth=-3.0, flipHoriz=False, flipVert=False, font='Open Sans', fontFiles=[], height=0.05, italic=False, languageStyle='LTR', name='text_5', opacity=1, ori=0.0, pos=array([ 0.25, -0.25]), rgb=UNKNOWN, text='no (2)', units='height', win=Window(...), wrapWidth=1)
6.8463 	EXP 	Created ins = TextStim(__class__=<class 'psychopy.visual.text.TextStim'>, alignHoriz=method-wrapper(...), alignText='center', alignVert=method-wrapper(...), anchorHoriz='center', anchorVert='center', antialias=True, autoLog=True, bold=False, color=array([1., 1., 1.]), colorSpace='rgb', contrast=1.0, depth=0.0, flipHoriz=False, flipVert=False, font='Open Sans', fontFiles=[], height=0.03, italic=False, languageStyle='LTR', name='ins', opacity=1, ori=0.0, pos=array([0., 0.]), rgb=UNKNOWN, text=str(...), units='height', win=Window(...), wrapWidth=1)
7.0473 	EXP 	Created son = TextStim(__class__=<class 'psychopy.visual.text.TextStim'>, alignHoriz=method-wrapper(...), alignText='center', alignVert=method-wrapper(...), anchorHoriz='center', anchorVert='center', antialias=True, autoLog=True, bold=False, color=array([1., 1., 1.]), colorSpace='rgb', contrast=1.0, depth=0.0, flipHoriz=False, flipVert=False, font='Open Sans', fontFiles=[], height=0.05, italic=False, languageStyle='LTR', name='son', opacity=1, ori=0.0, pos=array([-0.45, -0.25]), rgb=UNKNOWN, text='son (5)', units='height', win=Window(...), wrapWidth=1)
7.0498 	EXP 	Created su = TextStim(__class__=<class 'psychopy.visual.text.TextStim'>, alignHoriz=method-wrapper(...), alignText='center', alignVert=method-wrapper(...), anchorHoriz='center', anchorVert='center', antialias=True, autoLog=True, bold=False, color=array([1., 1., 1.]), colorSpace='rgb', contrast=1.0, depth=-1.0, flipHoriz=False, flipVert=False, font='Open Sans', fontFiles=[], height=0.05, italic=False, languageStyle='LTR', name='su', opacity=1, ori=0.0, pos=array([ 0.  , -0.25]), rgb=UNKNOWN, text='su (6)', units='height', win=Window(...), wrapWidth=1)
7.0524 	EXP 	Created fin = TextStim(__class__=<class 'psychopy.visual.text.TextStim'>, alignHoriz=method-wrapper(...), alignText='center', alignVert=method-wrapper(...), anchorHoriz='center', anchorVert='center', antialias=True, autoLog=True, bold=False, color=array([1., 1., 1.]), colorSpace='rgb', contrast=1.0, depth=-2.0, flipHoriz=False, flipVert=False, font='Open Sans', fontFiles=[], height=0.05, italic=False, languageStyle='LTR', name='fin', opacity=1, ori=0.0, pos=array([ 0.45, -0.25]), rgb=UNKNOWN, text='fin (7)', units='height', win=Window(...), wrapWidth=1)
7.0597 	EXP 	Created instructions_task = TextStim(__class__=<class 'psychopy.visual.text.TextStim'>, alignHoriz=method-wrapper(...), alignText='center', alignVert=method-wrapper(...), anchorHoriz='center', anchorVert='center', antialias=True, autoLog=True, bold=False, color=array([1., 1., 1.]), colorSpace='rgb', contrast=1.0, depth=-3.0, flipHoriz=False, flipVert=False, font='Open Sans', fontFiles=[], height=0.03, italic=False, languageStyle='LTR', name='instructions_task', opacity=1, ori=0.0, pos=array([0. , 0.4]), rgb=UNKNOWN, text=str(...), units='height', win=Window(...), wrapWidth=1)
7.2774 	EXP 	Sound stimulus set volume 1.000
7.2816 	EXP 	Created text_2 = TextStim(__class__=<class 'psychopy.visual.text.TextStim'>, alignHoriz=method-wrapper(...), alignText='center', alignVert=method-wrapper(...), anchorHoriz='center', anchorVert='center', antialias=True, autoLog=True, bold=False, color=array([ 1., -1., -1.]), colorSpace='rgb', contrast=1.0, depth=-6.0, flipHoriz=False, flipVert=False, font='Open Sans', fontFiles=[], height=0.1, italic=False, languageStyle='LTR', name='text_2', opacity=1, ori=0.0, pos=array([0., 0.]), rgb=UNKNOWN, text='+', units='height', win=Window(...), wrapWidth=1)
7.2978 	EXP 	window1: mouseVisible = True
7.3118 	EXP 	Created slider = Slider(__class__=<class 'psychopy.visual.slider.Slider'>, autoDraw=False, autoLog=True, borderColor=None, color=None, colorSpace='rgb', depth=0, fillColor=None, flip=False, font='Open Sans', granularity=0.0, labelHeight=0.03, labelWrapWidth=None, labels=(1, 2, 3, 4, 5), name='slider', opacity=None, pos=(0, 0), readOnly=False, self=UNKNOWN, size=(1.0, 0.1), startValue=None, style=method-wrapper(...), styleTweaks=method-wrapper(...), ticks=array([1, 2, 3, 4, 5]), units='height', win=Window(...))
7.3285 	EXP 	Created text_6 = TextStim(__class__=<class 'psychopy.visual.text.TextStim'>, alignHoriz=method-wrapper(...), alignText='center', alignVert=method-wrapper(...), anchorHoriz='center', anchorVert='center', antialias=True, autoLog=True, bold=False, color=array([1., 1., 1.]), colorSpace='rgb', contrast=1.0, depth=-1.0, flipHoriz=False, flipVert=False, font='Open Sans', fontFiles=[], height=0.05, italic=False, languageStyle='LTR', name='text_6', opacity=1, ori=0.0, pos=array([0. , 0.4]), rgb=UNKNOWN, text=str(...), units='height', win=Window(...), wrapWidth=1)
7.5438 	EXP 	Created text_7 = TextStim(__class__=<class 'psychopy.visual.text.TextStim'>, alignHoriz=method-wrapper(...), alignText='center', alignVert=method-wrapper(...), anchorHoriz='center', anchorVert='center', antialias=True, autoLog=True, bold=False, color=array([1., 1., 1.]), colorSpace='rgb', contrast=1.0, depth=-1.0, flipHoriz=False, flipVert=False, font='Open Sans', fontFiles=[], height=0.1, italic=False, languageStyle='LTR', name='text_7', opacity=1, ori=0.0, pos=array([0., 0.]), rgb=UNKNOWN, text=str(...), units='height', win=Window(...), wrapWidth=1)
7.5466 	EXP 	Created son_2 = TextStim(__class__=<class 'psychopy.visual.text.TextStim'>, alignHoriz=method-wrapper(...), alignText='center', alignVert=method-wrapper(...), anchorHoriz='center', anchorVert='center', antialias=True, autoLog=True, bold=False, color=array([1., 1., 1.]), colorSpace='rgb', contrast=1.0, depth=0.0, flipHoriz=False, flipVert=False, font='Open Sans', fontFiles=[], height=0.05, italic=False, languageStyle='LTR', name='son_2', opacity=1, ori=0.0, pos=array([-0.45, -0.25]), rgb=UNKNOWN, text='son (5)', units='height', win=Window(...), wrapWidth=1)
7.5489 	EXP 	Created su_2 = TextStim(__class__=<class 'psychopy.visual.text.TextStim'>, alignHoriz=method-wrapper(...), alignText='center', alignVert=method-wrapper(...), anchorHoriz='center', anchorVert='center', antialias=True, autoLog=True, bold=False, color=array([1., 1., 1.]), colorSpace='rgb', contrast=1.0, depth=-1.0, flipHoriz=False, flipVert=False, font='Open Sans', fontFiles=[], height=0.05, italic=False, languageStyle='LTR', name='su_2', opacity=1, ori=0.0, pos=array([ 0.  , -0.25]), rgb=UNKNOWN, text='su (6)', units='height', win=Window(...), wrapWidth=1)
7.5515 	EXP 	Created fin_2 = TextStim(__class__=<class 'psychopy.visual.text.TextStim'>, alignHoriz=method-wrapper(...), alignText='center', alignVert=method-wrapper(...), anchorHoriz='center', anchorVert='center', antialias=True, autoLog=True, bold=False, color=array([1., 1., 1.]), colorSpace='rgb', contrast=1.0, depth=-2.0, flipHoriz=False, flipVert=False, font='Open Sans', fontFiles=[], height=0.05, italic=False, languageStyle='LTR', name='fin_2', opacity=1, ori=0.0, pos=array([ 0.45, -0.25]), rgb=UNKNOWN, text='fin (7)', units='height', win=Window(...), wrapWidth=1)
7.5621 	EXP 	Created instructions_task_2 = TextStim(__class__=<class 'psychopy.visual.text.TextStim'>, alignHoriz=method-wrapper(...), alignText='center', alignVert=method-wrapper(...), anchorHoriz='center', anchorVert='center', antialias=True, autoLog=True, bold=False, color=array([1., 1., 1.]), colorSpace='rgb', contrast=1.0, depth=-3.0, flipHoriz=False, flipVert=False, font='Open Sans', fontFiles=[], height=0.03, italic=False, languageStyle='LTR', name='instructions_task_2', opacity=1, ori=0.0, pos=array([0. , 0.4]), rgb=UNKNOWN, text=str(...), units='height', win=Window(...), wrapWidth=1)
7.7595 	EXP 	Sound stimulus_2 set volume 1.000
7.7615 	EXP 	Created text = TextStim(__class__=<class 'psychopy.visual.text.TextStim'>, alignHoriz=method-wrapper(...), alignText='center', alignVert=method-wrapper(...), anchorHoriz='center', anchorVert='center', antialias=True, autoLog=True, bold=False, color=array([ 1., -1., -1.]), colorSpace='rgb', contrast=1.0, depth=-6.0, flipHoriz=False, flipVert=False, font='Open Sans', fontFiles=[], height=0.1, italic=False, languageStyle='LTR', name='text', opacity=1, ori=0.0, pos=array([0., 0.]), rgb=UNKNOWN, text='+', units='height', win=Window(...), wrapWidth=1)
7.7659 	EXP 	window1: mouseVisible = True
7.7769 	EXP 	Created slider_2 = Slider(__class__=<class 'psychopy.visual.slider.Slider'>, autoDraw=False, autoLog=True, borderColor=None, color=None, colorSpace='rgb', depth=0, fillColor=None, flip=False, font='Open Sans', granularity=0.0, labelHeight=0.03, labelWrapWidth=None, labels=(1, 2, 3, 4, 5), name='slider_2', opacity=None, pos=(0, 0), readOnly=False, self=UNKNOWN, size=(1.0, 0.1), startValue=None, style=method-wrapper(...), styleTweaks=method-wrapper(...), ticks=array([1, 2, 3, 4, 5]), units='height', win=Window(...))
7.7837 	EXP 	Created text_9 = TextStim(__class__=<class 'psychopy.visual.text.TextStim'>, alignHoriz=method-wrapper(...), alignText='center', alignVert=method-wrapper(...), anchorHoriz='center', anchorVert='center', antialias=True, autoLog=True, bold=False, color=array([1., 1., 1.]), colorSpace='rgb', contrast=1.0, depth=-1.0, flipHoriz=False, flipVert=False, font='Open Sans', fontFiles=[], height=0.05, italic=False, languageStyle='LTR', name='text_9', opacity=1, ori=0.0, pos=array([0. , 0.4]), rgb=UNKNOWN, text=str(...), units='height', win=Window(...), wrapWidth=1)
7.7966 	EXP 	slider: autoLog = True
7.7966 	EXP 	slider: markerPos = None
7.7966 	EXP 	slider: rating = None
7.7966 	EXP 	slider: markerPos = None
7.7966 	EXP 	slider: contrast = 1.0
7.7966 	EXP 	slider: autoLog = True
7.7966 	EXP 	slider: styleTweaks = []
7.7966 	EXP 	slider: style = 'rating'
7.7966 	EXP 	slider: styleTweaks = []
7.7966 	EXP 	slider_2: autoLog = True
7.7966 	EXP 	slider_2: markerPos = None
7.7966 	EXP 	slider_2: rating = None
7.7966 	EXP 	slider_2: markerPos = None
7.7966 	EXP 	slider_2: contrast = 1.0
7.7966 	EXP 	slider_2: autoLog = True
7.7966 	EXP 	slider_2: styleTweaks = []
7.7966 	EXP 	slider_2: style = 'rating'
7.7966 	EXP 	slider_2: styleTweaks = []
7.7966 	EXP 	text_3: autoDraw = True
7.7966 	EXP 	text_4: autoDraw = True
7.7966 	EXP 	text_5: autoDraw = True
9.2819 	DATA 	Keypress: 1
9.2933 	EXP 	text_3: autoDraw = False
9.2933 	EXP 	text_4: autoDraw = False
9.2933 	EXP 	text_5: autoDraw = False
9.2933 	EXP 	ins: autoDraw = True
10.1998 	EXP 	Imported conditions/conditions_german.csv as conditions, 8 conditions, 1 params
10.2005 	EXP 	Created sequence: random, trialTypes=8, nReps=3, seed=None
10.2007 	EXP 	New trial (rep=0, index=0): OrderedDict([('stim', 'stim/fof_g.wav')])
10.2162 	DATA 	Keypress: space
10.2206 	EXP 	ins: autoDraw = False
10.2206 	EXP 	instructions_task: autoDraw = True
10.2206 	EXP 	text_2: autoDraw = True
10.4295 	EXP 	text_2: autoDraw = False
10.4392 	EXP 	son: autoDraw = True
10.4392 	EXP 	su: autoDraw = True
10.4392 	EXP 	fin: autoDraw = True
11.7708 	DATA 	Keypress: 5
11.7836 	EXP 	son: autoDraw = False
11.7836 	EXP 	su: autoDraw = False
11.7836 	EXP 	fin: autoDraw = False
11.7836 	EXP 	instructions_task: autoDraw = False
11.7836 	EXP 	text_2: autoDraw = False
11.7836 	EXP 	slider: markerPos = None
11.7836 	EXP 	slider: markerPos = None
11.7836 	EXP 	slider: rating = None
11.7836 	EXP 	slider: autoDraw = True
11.7836 	EXP 	text_6: autoDraw = True
12.7341 	DATA 	Keypress: escape
13.1520 	EXP 	window1: mouseVisible = True
