0.7712 	WARNING 	We strongly recommend you activate the PTB sound engine in PsychoPy prefs as the preferred audio engine. Its timing is vastly superior. Your prefs are currently set to use ['sounddevice', 'PTB', 'pyo', 'pygame'] (in that order).
7.2054 	WARNING 	User requested fullscreen with size [1024  768], but screen is actually [1440, 900]. Using actual size
7.7871 	EXP 	Created window1 = Window(allowGUI=False, allowStencil=False, autoLog=True, backendConf=UNKNOWN, bitsMode=UNKNOWN, blendMode='avg', bpc=(8, 8, 8), color=array([0, 0, 0]), colorSpace='rgb', depthBits=8, fullscr=<method-wrapper '__getattribute__' of attributeSetter object at 0x7fe37509da90>, gamma=None, gammaErrorPolicy='raise', lms=UNKNOWN, monitor=<psychopy.monitors.calibTools.Monitor object at 0x7fe374dd55f8>, multiSample=False, name='window1', numSamples=2, pos=[360.0, 225.0], screen=0, size=array([2880, 1800]), stencilBits=0, stereo=False, units='height', useFBO=True, useRetina=True, viewOri=0.0, viewPos=None, viewScale=None, waitBlanking=True, winType='pyglet')
7.7872 	EXP 	window1: mouseVisible = True
7.7873 	EXP 	window1: recordFrameIntervals = False
7.9546 	EXP 	window1: recordFrameIntervals = True
8.1541 	EXP 	window1: recordFrameIntervals = False
8.9873 	EXP 	Created text_3 = TextStim(__class__=<class 'psychopy.visual.text.TextStim'>, alignHoriz=method-wrapper(...), alignText='center', alignVert=method-wrapper(...), anchorHoriz='center', anchorVert='center', antialias=True, autoLog=True, bold=False, color=array([1., 1., 1.]), colorSpace='rgb', contrast=1.0, depth=-1.0, flipHoriz=False, flipVert=False, font='Open Sans', fontFiles=[], height=0.05, italic=False, languageStyle='LTR', name='text_3', opacity=1, ori=0.0, pos=array([0., 0.]), rgb=UNKNOWN, text='Habla ud inglés?', units='height', win=Window(...), wrapWidth=1)
8.9911 	EXP 	Created text_4 = TextStim(__class__=<class 'psychopy.visual.text.TextStim'>, alignHoriz=method-wrapper(...), alignText='center', alignVert=method-wrapper(...), anchorHoriz='center', anchorVert='center', antialias=True, autoLog=True, bold=False, color=array([1., 1., 1.]), colorSpace='rgb', contrast=1.0, depth=-2.0, flipHoriz=False, flipVert=False, font='Open Sans', fontFiles=[], height=0.05, italic=False, languageStyle='LTR', name='text_4', opacity=1, ori=0.0, pos=array([-0.25, -0.25]), rgb=UNKNOWN, text='sí (1)', units='height', win=Window(...), wrapWidth=1)
8.9939 	EXP 	Created text_5 = TextStim(__class__=<class 'psychopy.visual.text.TextStim'>, alignHoriz=method-wrapper(...), alignText='center', alignVert=method-wrapper(...), anchorHoriz='center', anchorVert='center', antialias=True, autoLog=True, bold=False, color=array([1., 1., 1.]), colorSpace='rgb', contrast=1.0, depth=-3.0, flipHoriz=False, flipVert=False, font='Open Sans', fontFiles=[], height=0.05, italic=False, languageStyle='LTR', name='text_5', opacity=1, ori=0.0, pos=array([ 0.25, -0.25]), rgb=UNKNOWN, text='no (2)', units='height', win=Window(...), wrapWidth=1)
9.0323 	EXP 	Created ins = TextStim(__class__=<class 'psychopy.visual.text.TextStim'>, alignHoriz=method-wrapper(...), alignText='center', alignVert=method-wrapper(...), anchorHoriz='center', anchorVert='center', antialias=True, autoLog=True, bold=False, color=array([1., 1., 1.]), colorSpace='rgb', contrast=1.0, depth=0.0, flipHoriz=False, flipVert=False, font='Open Sans', fontFiles=[], height=0.03, italic=False, languageStyle='LTR', name='ins', opacity=1, ori=0.0, pos=array([0., 0.]), rgb=UNKNOWN, text=str(...), units='height', win=Window(...), wrapWidth=1)
9.2259 	EXP 	Created son = TextStim(__class__=<class 'psychopy.visual.text.TextStim'>, alignHoriz=method-wrapper(...), alignText='center', alignVert=method-wrapper(...), anchorHoriz='center', anchorVert='center', antialias=True, autoLog=True, bold=False, color=array([1., 1., 1.]), colorSpace='rgb', contrast=1.0, depth=0.0, flipHoriz=False, flipVert=False, font='Open Sans', fontFiles=[], height=0.05, italic=False, languageStyle='LTR', name='son', opacity=1, ori=0.0, pos=array([-0.45, -0.25]), rgb=UNKNOWN, text='son (5)', units='height', win=Window(...), wrapWidth=1)
9.2283 	EXP 	Created su = TextStim(__class__=<class 'psychopy.visual.text.TextStim'>, alignHoriz=method-wrapper(...), alignText='center', alignVert=method-wrapper(...), anchorHoriz='center', anchorVert='center', antialias=True, autoLog=True, bold=False, color=array([1., 1., 1.]), colorSpace='rgb', contrast=1.0, depth=-1.0, flipHoriz=False, flipVert=False, font='Open Sans', fontFiles=[], height=0.05, italic=False, languageStyle='LTR', name='su', opacity=1, ori=0.0, pos=array([ 0.  , -0.25]), rgb=UNKNOWN, text='su (6)', units='height', win=Window(...), wrapWidth=1)
9.2308 	EXP 	Created fin = TextStim(__class__=<class 'psychopy.visual.text.TextStim'>, alignHoriz=method-wrapper(...), alignText='center', alignVert=method-wrapper(...), anchorHoriz='center', anchorVert='center', antialias=True, autoLog=True, bold=False, color=array([1., 1., 1.]), colorSpace='rgb', contrast=1.0, depth=-2.0, flipHoriz=False, flipVert=False, font='Open Sans', fontFiles=[], height=0.05, italic=False, languageStyle='LTR', name='fin', opacity=1, ori=0.0, pos=array([ 0.45, -0.25]), rgb=UNKNOWN, text='fin (7)', units='height', win=Window(...), wrapWidth=1)
9.2372 	EXP 	Created instructions_task = TextStim(__class__=<class 'psychopy.visual.text.TextStim'>, alignHoriz=method-wrapper(...), alignText='center', alignVert=method-wrapper(...), anchorHoriz='center', anchorVert='center', antialias=True, autoLog=True, bold=False, color=array([1., 1., 1.]), colorSpace='rgb', contrast=1.0, depth=-3.0, flipHoriz=False, flipVert=False, font='Open Sans', fontFiles=[], height=0.03, italic=False, languageStyle='LTR', name='instructions_task', opacity=1, ori=0.0, pos=array([0. , 0.4]), rgb=UNKNOWN, text=str(...), units='height', win=Window(...), wrapWidth=1)
9.4402 	EXP 	Sound stimulus set volume 1.000
9.4445 	EXP 	Created text_2 = TextStim(__class__=<class 'psychopy.visual.text.TextStim'>, alignHoriz=method-wrapper(...), alignText='center', alignVert=method-wrapper(...), anchorHoriz='center', anchorVert='center', antialias=True, autoLog=True, bold=False, color=array([ 1., -1., -1.]), colorSpace='rgb', contrast=1.0, depth=-6.0, flipHoriz=False, flipVert=False, font='Open Sans', fontFiles=[], height=0.1, italic=False, languageStyle='LTR', name='text_2', opacity=1, ori=0.0, pos=array([0., 0.]), rgb=UNKNOWN, text='+', units='height', win=Window(...), wrapWidth=1)
9.4563 	EXP 	window1: mouseVisible = True
9.4691 	EXP 	Created slider = Slider(__class__=<class 'psychopy.visual.slider.Slider'>, autoDraw=False, autoLog=True, borderColor=None, color=None, colorSpace='rgb', depth=0, fillColor=None, flip=False, font='Open Sans', granularity=0.0, labelHeight=0.03, labelWrapWidth=None, labels=(1, 2, 3, 4, 5), name='slider', opacity=None, pos=(0, 0), readOnly=False, self=UNKNOWN, size=(1.0, 0.1), startValue=None, style=method-wrapper(...), styleTweaks=method-wrapper(...), ticks=array([1, 2, 3, 4, 5]), units='height', win=Window(...))
9.4855 	EXP 	Created text_6 = TextStim(__class__=<class 'psychopy.visual.text.TextStim'>, alignHoriz=method-wrapper(...), alignText='center', alignVert=method-wrapper(...), anchorHoriz='center', anchorVert='center', antialias=True, autoLog=True, bold=False, color=array([1., 1., 1.]), colorSpace='rgb', contrast=1.0, depth=-1.0, flipHoriz=False, flipVert=False, font='Open Sans', fontFiles=[], height=0.05, italic=False, languageStyle='LTR', name='text_6', opacity=1, ori=0.0, pos=array([0. , 0.4]), rgb=UNKNOWN, text=str(...), units='height', win=Window(...), wrapWidth=1)
9.6944 	EXP 	Created text_7 = TextStim(__class__=<class 'psychopy.visual.text.TextStim'>, alignHoriz=method-wrapper(...), alignText='center', alignVert=method-wrapper(...), anchorHoriz='center', anchorVert='center', antialias=True, autoLog=True, bold=False, color=array([1., 1., 1.]), colorSpace='rgb', contrast=1.0, depth=-1.0, flipHoriz=False, flipVert=False, font='Open Sans', fontFiles=[], height=0.1, italic=False, languageStyle='LTR', name='text_7', opacity=1, ori=0.0, pos=array([0., 0.]), rgb=UNKNOWN, text=str(...), units='height', win=Window(...), wrapWidth=1)
9.6972 	EXP 	Created son_2 = TextStim(__class__=<class 'psychopy.visual.text.TextStim'>, alignHoriz=method-wrapper(...), alignText='center', alignVert=method-wrapper(...), anchorHoriz='center', anchorVert='center', antialias=True, autoLog=True, bold=False, color=array([1., 1., 1.]), colorSpace='rgb', contrast=1.0, depth=0.0, flipHoriz=False, flipVert=False, font='Open Sans', fontFiles=[], height=0.05, italic=False, languageStyle='LTR', name='son_2', opacity=1, ori=0.0, pos=array([-0.45, -0.25]), rgb=UNKNOWN, text='son (5)', units='height', win=Window(...), wrapWidth=1)
9.6995 	EXP 	Created su_2 = TextStim(__class__=<class 'psychopy.visual.text.TextStim'>, alignHoriz=method-wrapper(...), alignText='center', alignVert=method-wrapper(...), anchorHoriz='center', anchorVert='center', antialias=True, autoLog=True, bold=False, color=array([1., 1., 1.]), colorSpace='rgb', contrast=1.0, depth=-1.0, flipHoriz=False, flipVert=False, font='Open Sans', fontFiles=[], height=0.05, italic=False, languageStyle='LTR', name='su_2', opacity=1, ori=0.0, pos=array([ 0.  , -0.25]), rgb=UNKNOWN, text='su (6)', units='height', win=Window(...), wrapWidth=1)
9.7021 	EXP 	Created fin_2 = TextStim(__class__=<class 'psychopy.visual.text.TextStim'>, alignHoriz=method-wrapper(...), alignText='center', alignVert=method-wrapper(...), anchorHoriz='center', anchorVert='center', antialias=True, autoLog=True, bold=False, color=array([1., 1., 1.]), colorSpace='rgb', contrast=1.0, depth=-2.0, flipHoriz=False, flipVert=False, font='Open Sans', fontFiles=[], height=0.05, italic=False, languageStyle='LTR', name='fin_2', opacity=1, ori=0.0, pos=array([ 0.45, -0.25]), rgb=UNKNOWN, text='fin (7)', units='height', win=Window(...), wrapWidth=1)
9.7125 	EXP 	Created instructions_task_2 = TextStim(__class__=<class 'psychopy.visual.text.TextStim'>, alignHoriz=method-wrapper(...), alignText='center', alignVert=method-wrapper(...), anchorHoriz='center', anchorVert='center', antialias=True, autoLog=True, bold=False, color=array([1., 1., 1.]), colorSpace='rgb', contrast=1.0, depth=-3.0, flipHoriz=False, flipVert=False, font='Open Sans', fontFiles=[], height=0.03, italic=False, languageStyle='LTR', name='instructions_task_2', opacity=1, ori=0.0, pos=array([0. , 0.4]), rgb=UNKNOWN, text=str(...), units='height', win=Window(...), wrapWidth=1)
9.9037 	EXP 	Sound stimulus_2 set volume 1.000
9.9056 	EXP 	Created text = TextStim(__class__=<class 'psychopy.visual.text.TextStim'>, alignHoriz=method-wrapper(...), alignText='center', alignVert=method-wrapper(...), anchorHoriz='center', anchorVert='center', antialias=True, autoLog=True, bold=False, color=array([ 1., -1., -1.]), colorSpace='rgb', contrast=1.0, depth=-6.0, flipHoriz=False, flipVert=False, font='Open Sans', fontFiles=[], height=0.1, italic=False, languageStyle='LTR', name='text', opacity=1, ori=0.0, pos=array([0., 0.]), rgb=UNKNOWN, text='+', units='height', win=Window(...), wrapWidth=1)
9.9099 	EXP 	window1: mouseVisible = True
9.9205 	EXP 	Created slider_2 = Slider(__class__=<class 'psychopy.visual.slider.Slider'>, autoDraw=False, autoLog=True, borderColor=None, color=None, colorSpace='rgb', depth=0, fillColor=None, flip=False, font='Open Sans', granularity=0.0, labelHeight=0.03, labelWrapWidth=None, labels=(1, 2, 3, 4, 5), name='slider_2', opacity=None, pos=(0, 0), readOnly=False, self=UNKNOWN, size=(1.0, 0.1), startValue=None, style=method-wrapper(...), styleTweaks=method-wrapper(...), ticks=array([1, 2, 3, 4, 5]), units='height', win=Window(...))
9.9273 	EXP 	Created text_9 = TextStim(__class__=<class 'psychopy.visual.text.TextStim'>, alignHoriz=method-wrapper(...), alignText='center', alignVert=method-wrapper(...), anchorHoriz='center', anchorVert='center', antialias=True, autoLog=True, bold=False, color=array([1., 1., 1.]), colorSpace='rgb', contrast=1.0, depth=-1.0, flipHoriz=False, flipVert=False, font='Open Sans', fontFiles=[], height=0.05, italic=False, languageStyle='LTR', name='text_9', opacity=1, ori=0.0, pos=array([0. , 0.4]), rgb=UNKNOWN, text=str(...), units='height', win=Window(...), wrapWidth=1)
9.9386 	EXP 	slider: autoLog = True
9.9386 	EXP 	slider: markerPos = None
9.9386 	EXP 	slider: rating = None
9.9386 	EXP 	slider: markerPos = None
9.9386 	EXP 	slider: contrast = 1.0
9.9386 	EXP 	slider: autoLog = True
9.9386 	EXP 	slider: styleTweaks = []
9.9386 	EXP 	slider: style = 'rating'
9.9386 	EXP 	slider: styleTweaks = []
9.9386 	EXP 	slider_2: autoLog = True
9.9386 	EXP 	slider_2: markerPos = None
9.9386 	EXP 	slider_2: rating = None
9.9386 	EXP 	slider_2: markerPos = None
9.9386 	EXP 	slider_2: contrast = 1.0
9.9386 	EXP 	slider_2: autoLog = True
9.9386 	EXP 	slider_2: styleTweaks = []
9.9386 	EXP 	slider_2: style = 'rating'
9.9386 	EXP 	slider_2: styleTweaks = []
9.9386 	EXP 	text_3: autoDraw = True
9.9386 	EXP 	text_4: autoDraw = True
9.9386 	EXP 	text_5: autoDraw = True
11.9303 	DATA 	Keypress: 1
11.9397 	EXP 	text_3: autoDraw = False
11.9397 	EXP 	text_4: autoDraw = False
11.9397 	EXP 	text_5: autoDraw = False
11.9397 	EXP 	ins: autoDraw = True
12.5138 	EXP 	Imported conditions/conditions_german.csv as conditions, 8 conditions, 1 params
12.5143 	EXP 	Created sequence: random, trialTypes=8, nReps=3, seed=None
12.5146 	EXP 	New trial (rep=0, index=0): OrderedDict([('stim', 'stim/p_schwa_g.wav')])
12.5308 	DATA 	Keypress: space
12.5350 	EXP 	ins: autoDraw = False
12.5350 	EXP 	instructions_task: autoDraw = True
12.5350 	EXP 	text_2: autoDraw = True
12.7369 	EXP 	text_2: autoDraw = False
12.7705 	EXP 	son: autoDraw = True
12.7705 	EXP 	su: autoDraw = True
12.7705 	EXP 	fin: autoDraw = True
14.4113 	DATA 	Keypress: 5
14.4377 	EXP 	son: autoDraw = False
14.4377 	EXP 	su: autoDraw = False
14.4377 	EXP 	fin: autoDraw = False
14.4377 	EXP 	instructions_task: autoDraw = False
14.4377 	EXP 	text_2: autoDraw = False
14.4377 	EXP 	slider: markerPos = None
14.4377 	EXP 	slider: markerPos = None
14.4377 	EXP 	slider: rating = None
14.4377 	EXP 	slider: autoDraw = True
14.4377 	EXP 	text_6: autoDraw = True
15.6385 	DATA 	Mouse: Left button down, pos=(477,511)
15.7378 	DATA 	Mouse:  Left button up, pos=(478,510)
16.1205 	DATA 	Mouse: Left button down, pos=(492,447)
16.1367 	EXP 	slider: markerPos = 1.9866666666666666
16.1531 	EXP 	slider: markerPos = 1.9866666666666666
16.1704 	EXP 	slider: markerPos = 1.9866666666666666
16.1872 	EXP 	slider: markerPos = 1.9866666666666666
16.2041 	EXP 	slider: markerPos = 1.9866666666666666
16.2099 	DATA 	Mouse:  Left button up, pos=(492,446)
16.2207 	EXP 	slider: markerPos = 1.9866666666666666
16.2371 	EXP 	slider: markerPos = 1.9866666666666666
16.2371 	EXP 	slider: rating = 1.9866666666666666
16.2392 	EXP 	New trial (rep=0, index=1): OrderedDict([('stim', 'stim/fief_g.wav')])
16.2537 	EXP 	slider: autoDraw = False
16.2537 	EXP 	text_6: autoDraw = False
16.2537 	EXP 	instructions_task: autoDraw = True
16.2537 	EXP 	text_2: autoDraw = True
16.4546 	EXP 	text_2: autoDraw = False
16.4875 	EXP 	son: autoDraw = True
16.4875 	EXP 	su: autoDraw = True
16.4875 	EXP 	fin: autoDraw = True
17.2440 	DATA 	Keypress: 3
18.0442 	DATA 	Keypress: 4
18.6977 	DATA 	Keypress: 5
18.7056 	EXP 	son: autoDraw = False
18.7056 	EXP 	su: autoDraw = False
18.7056 	EXP 	fin: autoDraw = False
18.7056 	EXP 	instructions_task: autoDraw = False
18.7056 	EXP 	text_2: autoDraw = False
18.7056 	EXP 	slider: markerPos = None
18.7056 	EXP 	slider: markerPos = None
18.7056 	EXP 	slider: rating = None
18.7056 	EXP 	slider: autoDraw = True
18.7056 	EXP 	text_6: autoDraw = True
19.1384 	DATA 	Mouse: Left button down, pos=(492,446)
19.1530 	EXP 	slider: markerPos = 1.9866666666666666
19.1704 	EXP 	slider: markerPos = 1.9866666666666666
19.1864 	EXP 	slider: markerPos = 1.9866666666666666
19.2034 	EXP 	slider: markerPos = 1.9866666666666666
19.2206 	EXP 	slider: markerPos = 1.9866666666666666
19.2212 	DATA 	Mouse:  Left button up, pos=(492,446)
19.2372 	EXP 	slider: markerPos = 1.9866666666666666
19.2372 	EXP 	slider: rating = 1.9866666666666666
19.2390 	EXP 	New trial (rep=0, index=2): OrderedDict([('stim', 'stim/peuf_g.wav')])
19.2540 	EXP 	slider: autoDraw = False
19.2540 	EXP 	text_6: autoDraw = False
19.2540 	EXP 	instructions_task: autoDraw = True
19.2540 	EXP 	text_2: autoDraw = True
19.4546 	EXP 	text_2: autoDraw = False
19.4879 	EXP 	son: autoDraw = True
19.4879 	EXP 	su: autoDraw = True
19.4879 	EXP 	fin: autoDraw = True
20.5148 	DATA 	Keypress: 7
20.5232 	EXP 	son: autoDraw = False
20.5232 	EXP 	su: autoDraw = False
20.5232 	EXP 	fin: autoDraw = False
20.5232 	EXP 	instructions_task: autoDraw = False
20.5232 	EXP 	text_2: autoDraw = False
20.5232 	EXP 	slider: markerPos = None
20.5232 	EXP 	slider: markerPos = None
20.5232 	EXP 	slider: rating = None
20.5232 	EXP 	slider: autoDraw = True
20.5232 	EXP 	text_6: autoDraw = True
20.9254 	DATA 	Mouse: Left button down, pos=(492,446)
20.9544 	EXP 	slider: markerPos = 1.9866666666666666
20.9708 	EXP 	slider: markerPos = 1.9866666666666666
20.9870 	EXP 	slider: markerPos = 1.9866666666666666
21.0031 	EXP 	slider: markerPos = 1.9866666666666666
21.0197 	EXP 	slider: markerPos = 1.9866666666666666
21.0361 	EXP 	slider: markerPos = 1.9866666666666666
21.0368 	DATA 	Mouse:  Left button up, pos=(492,446)
21.0539 	EXP 	slider: markerPos = 1.9866666666666666
21.0539 	EXP 	slider: rating = 1.9866666666666666
21.0556 	EXP 	New trial (rep=0, index=3): OrderedDict([('stim', 'stim/pof_g.wav')])
21.0706 	EXP 	slider: autoDraw = False
21.0706 	EXP 	text_6: autoDraw = False
21.0706 	EXP 	instructions_task: autoDraw = True
21.0706 	EXP 	text_2: autoDraw = True
21.2721 	EXP 	text_2: autoDraw = False
21.3040 	EXP 	son: autoDraw = True
21.3040 	EXP 	su: autoDraw = True
21.3040 	EXP 	fin: autoDraw = True
21.4895 	DATA 	Mouse: Left button down, pos=(632,422)
21.6278 	DATA 	Mouse:  Left button up, pos=(632,422)
21.6434 	DATA 	Keypress: 7
21.6478 	EXP 	son: autoDraw = False
21.6478 	EXP 	su: autoDraw = False
21.6478 	EXP 	fin: autoDraw = False
21.6478 	EXP 	instructions_task: autoDraw = False
21.6478 	EXP 	text_2: autoDraw = False
21.6478 	EXP 	slider: markerPos = None
21.6478 	EXP 	slider: markerPos = None
21.6478 	EXP 	slider: rating = None
21.6478 	EXP 	slider: autoDraw = True
21.6478 	EXP 	text_6: autoDraw = True
22.0713 	DATA 	Mouse: Left button down, pos=(634,422)
22.0871 	EXP 	slider: markerPos = 2.6177777777777775
22.1038 	EXP 	slider: markerPos = 2.6177777777777775
22.1201 	EXP 	slider: markerPos = 2.6177777777777775
22.1376 	EXP 	slider: markerPos = 2.6177777777777775
22.1540 	EXP 	slider: markerPos = 2.6177777777777775
22.1705 	EXP 	slider: markerPos = 2.6177777777777775
22.1864 	EXP 	slider: markerPos = 2.6177777777777775
22.1870 	DATA 	Mouse:  Left button up, pos=(634,422)
22.2037 	EXP 	slider: markerPos = 2.6177777777777775
22.2037 	EXP 	slider: rating = 2.6177777777777775
22.2055 	EXP 	New trial (rep=0, index=4): OrderedDict([('stim', 'stim/feuf_g.wav')])
22.2199 	EXP 	slider: autoDraw = False
22.2199 	EXP 	text_6: autoDraw = False
22.2199 	EXP 	instructions_task: autoDraw = True
22.2199 	EXP 	text_2: autoDraw = True
22.4215 	EXP 	text_2: autoDraw = False
22.4550 	EXP 	son: autoDraw = True
22.4550 	EXP 	su: autoDraw = True
22.4550 	EXP 	fin: autoDraw = True
22.7126 	DATA 	Keypress: 7
22.7212 	EXP 	son: autoDraw = False
22.7212 	EXP 	su: autoDraw = False
22.7212 	EXP 	fin: autoDraw = False
22.7212 	EXP 	instructions_task: autoDraw = False
22.7212 	EXP 	text_2: autoDraw = False
22.7212 	EXP 	slider: markerPos = None
22.7212 	EXP 	slider: markerPos = None
22.7212 	EXP 	slider: rating = None
22.7212 	EXP 	slider: autoDraw = True
22.7212 	EXP 	text_6: autoDraw = True
22.9881 	DATA 	Mouse: Left button down, pos=(737,415)
23.0041 	EXP 	slider: markerPos = 3.0755555555555554
23.0208 	EXP 	slider: markerPos = 3.0755555555555554
23.0373 	EXP 	slider: markerPos = 3.0755555555555554
23.0540 	EXP 	slider: markerPos = 3.0755555555555554
23.0700 	EXP 	slider: markerPos = 3.0755555555555554
23.0762 	DATA 	Mouse:  Left button up, pos=(737,415)
23.0871 	EXP 	slider: markerPos = 3.0755555555555554
23.1035 	EXP 	slider: markerPos = 3.0755555555555554
23.1035 	EXP 	slider: rating = 3.0755555555555554
23.1053 	EXP 	New trial (rep=0, index=5): OrderedDict([('stim', 'stim/fof_g.wav')])
23.1208 	EXP 	slider: autoDraw = False
23.1208 	EXP 	text_6: autoDraw = False
23.1208 	EXP 	instructions_task: autoDraw = True
23.1208 	EXP 	text_2: autoDraw = True
23.3213 	EXP 	text_2: autoDraw = False
23.3548 	EXP 	son: autoDraw = True
23.3548 	EXP 	su: autoDraw = True
23.3548 	EXP 	fin: autoDraw = True
23.6490 	DATA 	Keypress: 7
23.6572 	EXP 	son: autoDraw = False
23.6572 	EXP 	su: autoDraw = False
23.6572 	EXP 	fin: autoDraw = False
23.6572 	EXP 	instructions_task: autoDraw = False
23.6572 	EXP 	text_2: autoDraw = False
23.6572 	EXP 	slider: markerPos = None
23.6572 	EXP 	slider: markerPos = None
23.6572 	EXP 	slider: rating = None
23.6572 	EXP 	slider: autoDraw = True
23.6572 	EXP 	text_6: autoDraw = True
23.9914 	DATA 	Mouse: Left button down, pos=(909,468)
24.0213 	EXP 	slider: markerPos = 3.8533333333333335
24.0372 	EXP 	slider: markerPos = 3.8533333333333335
24.0535 	EXP 	slider: markerPos = 3.8533333333333335
24.0709 	EXP 	slider: markerPos = 3.8533333333333335
24.0867 	EXP 	slider: markerPos = 3.8533333333333335
24.0873 	DATA 	Mouse:  Left button up, pos=(912,471)
24.1041 	EXP 	slider: markerPos = 3.8533333333333335
24.1041 	EXP 	slider: rating = 3.8533333333333335
24.1059 	EXP 	New trial (rep=0, index=6): OrderedDict([('stim', 'stim/f_schwa_g.wav')])
24.1205 	EXP 	slider: autoDraw = False
24.1205 	EXP 	text_6: autoDraw = False
24.1205 	EXP 	instructions_task: autoDraw = True
24.1205 	EXP 	text_2: autoDraw = True
24.3212 	EXP 	text_2: autoDraw = False
24.3549 	EXP 	son: autoDraw = True
24.3549 	EXP 	su: autoDraw = True
24.3549 	EXP 	fin: autoDraw = True
24.5978 	DATA 	Keypress: 7
24.6060 	EXP 	son: autoDraw = False
24.6060 	EXP 	su: autoDraw = False
24.6060 	EXP 	fin: autoDraw = False
24.6060 	EXP 	instructions_task: autoDraw = False
24.6060 	EXP 	text_2: autoDraw = False
24.6060 	EXP 	slider: markerPos = None
24.6060 	EXP 	slider: markerPos = None
24.6060 	EXP 	slider: rating = None
24.6060 	EXP 	slider: autoDraw = True
24.6060 	EXP 	text_6: autoDraw = True
24.7880 	DATA 	Mouse: Left button down, pos=(925,437)
24.8042 	EXP 	slider: markerPos = 3.911111111111111
24.8207 	EXP 	slider: markerPos = 3.911111111111111
24.8373 	EXP 	slider: markerPos = 3.911111111111111
24.8537 	EXP 	slider: markerPos = 3.911111111111111
24.8708 	EXP 	slider: markerPos = 3.911111111111111
24.8881 	EXP 	slider: markerPos = 3.911111111111111
24.9043 	EXP 	slider: markerPos = 3.911111111111111
24.9049 	DATA 	Mouse:  Left button up, pos=(925,437)
24.9204 	EXP 	slider: markerPos = 3.911111111111111
24.9204 	EXP 	slider: rating = 3.911111111111111
24.9222 	EXP 	New trial (rep=0, index=7): OrderedDict([('stim', 'stim/pief_g.wav')])
24.9385 	EXP 	slider: autoDraw = False
24.9385 	EXP 	text_6: autoDraw = False
24.9385 	EXP 	instructions_task: autoDraw = True
24.9385 	EXP 	text_2: autoDraw = True
25.1381 	EXP 	text_2: autoDraw = False
25.1709 	EXP 	son: autoDraw = True
25.1709 	EXP 	su: autoDraw = True
25.1709 	EXP 	fin: autoDraw = True
25.3483 	DATA 	Keypress: 7
25.3562 	EXP 	son: autoDraw = False
25.3562 	EXP 	su: autoDraw = False
25.3562 	EXP 	fin: autoDraw = False
25.3562 	EXP 	instructions_task: autoDraw = False
25.3562 	EXP 	text_2: autoDraw = False
25.3562 	EXP 	slider: markerPos = None
25.3562 	EXP 	slider: markerPos = None
25.3562 	EXP 	slider: rating = None
25.3562 	EXP 	slider: autoDraw = True
25.3562 	EXP 	text_6: autoDraw = True
25.5370 	DATA 	Mouse: Left button down, pos=(925,437)
25.5538 	EXP 	slider: markerPos = 3.911111111111111
25.5702 	EXP 	slider: markerPos = 3.911111111111111
25.5876 	EXP 	slider: markerPos = 3.911111111111111
25.6042 	EXP 	slider: markerPos = 3.911111111111111
25.6209 	EXP 	slider: markerPos = 3.911111111111111
25.6374 	EXP 	slider: markerPos = 3.911111111111111
25.6380 	DATA 	Mouse:  Left button up, pos=(925,437)
25.6541 	EXP 	slider: markerPos = 3.911111111111111
25.6541 	EXP 	slider: rating = 3.911111111111111
25.6558 	EXP 	New trial (rep=1, index=0): OrderedDict([('stim', 'stim/f_schwa_g.wav')])
25.6703 	EXP 	slider: autoDraw = False
25.6703 	EXP 	text_6: autoDraw = False
25.6703 	EXP 	instructions_task: autoDraw = True
25.6703 	EXP 	text_2: autoDraw = True
25.8713 	EXP 	text_2: autoDraw = False
25.9042 	EXP 	son: autoDraw = True
25.9042 	EXP 	su: autoDraw = True
25.9042 	EXP 	fin: autoDraw = True
26.0565 	DATA 	Mouse: Left button down, pos=(925,437)
26.1404 	DATA 	Mouse:  Left button up, pos=(925,437)
26.1645 	DATA 	Keypress: 7
26.1723 	EXP 	son: autoDraw = False
26.1723 	EXP 	su: autoDraw = False
26.1723 	EXP 	fin: autoDraw = False
26.1723 	EXP 	instructions_task: autoDraw = False
26.1723 	EXP 	text_2: autoDraw = False
26.1723 	EXP 	slider: markerPos = None
26.1723 	EXP 	slider: markerPos = None
26.1723 	EXP 	slider: rating = None
26.1723 	EXP 	slider: autoDraw = True
26.1723 	EXP 	text_6: autoDraw = True
26.4547 	DATA 	Mouse: Left button down, pos=(925,437)
26.4702 	EXP 	slider: markerPos = 3.911111111111111
26.4873 	EXP 	slider: markerPos = 3.911111111111111
26.5038 	EXP 	slider: markerPos = 3.911111111111111
26.5201 	EXP 	slider: markerPos = 3.911111111111111
26.5375 	EXP 	slider: markerPos = 3.911111111111111
26.5534 	EXP 	slider: markerPos = 3.911111111111111
26.5707 	EXP 	slider: markerPos = 3.911111111111111
26.5766 	DATA 	Mouse:  Left button up, pos=(925,437)
26.5874 	EXP 	slider: markerPos = 3.911111111111111
26.6041 	EXP 	slider: markerPos = 3.911111111111111
26.6041 	EXP 	slider: rating = 3.911111111111111
26.6058 	EXP 	New trial (rep=1, index=1): OrderedDict([('stim', 'stim/pof_g.wav')])
26.6206 	EXP 	slider: autoDraw = False
26.6206 	EXP 	text_6: autoDraw = False
26.6206 	EXP 	instructions_task: autoDraw = True
26.6206 	EXP 	text_2: autoDraw = True
26.7312 	DATA 	Keypress: 7
26.7404 	EXP 	son: autoDraw = False
26.7404 	EXP 	su: autoDraw = False
26.7404 	EXP 	fin: autoDraw = False
26.7404 	EXP 	instructions_task: autoDraw = False
26.7404 	EXP 	text_2: autoDraw = False
26.7404 	EXP 	slider: markerPos = None
26.7404 	EXP 	slider: markerPos = None
26.7404 	EXP 	slider: rating = None
26.7404 	EXP 	slider: autoDraw = True
26.7404 	EXP 	text_6: autoDraw = True
27.1547 	DATA 	Mouse: Left button down, pos=(925,437)
27.1707 	EXP 	slider: markerPos = 3.911111111111111
27.1865 	EXP 	slider: markerPos = 3.911111111111111
27.2043 	EXP 	slider: markerPos = 3.911111111111111
27.2211 	EXP 	slider: markerPos = 3.911111111111111
27.2375 	EXP 	slider: markerPos = 3.911111111111111
27.2541 	EXP 	slider: markerPos = 3.911111111111111
27.2711 	EXP 	slider: markerPos = 3.911111111111111
27.2875 	EXP 	slider: markerPos = 3.911111111111111
27.2880 	DATA 	Mouse:  Left button up, pos=(925,437)
27.3040 	EXP 	slider: markerPos = 3.911111111111111
27.3040 	EXP 	slider: rating = 3.911111111111111
27.3057 	EXP 	New trial (rep=1, index=2): OrderedDict([('stim', 'stim/p_schwa_g.wav')])
27.3204 	EXP 	slider: autoDraw = False
27.3204 	EXP 	text_6: autoDraw = False
27.3204 	EXP 	instructions_task: autoDraw = True
27.3204 	EXP 	text_2: autoDraw = True
27.3260 	DATA 	Keypress: 7
27.5216 	EXP 	text_2: autoDraw = False
27.5541 	EXP 	son: autoDraw = True
27.5541 	EXP 	su: autoDraw = True
27.5541 	EXP 	fin: autoDraw = True
27.7572 	DATA 	Mouse: Left button down, pos=(925,437)
27.9059 	DATA 	Mouse:  Left button up, pos=(925,437)
28.0307 	DATA 	Keypress: 7
28.0387 	EXP 	son: autoDraw = False
28.0387 	EXP 	su: autoDraw = False
28.0387 	EXP 	fin: autoDraw = False
28.0387 	EXP 	instructions_task: autoDraw = False
28.0387 	EXP 	text_2: autoDraw = False
28.0387 	EXP 	slider: markerPos = None
28.0387 	EXP 	slider: markerPos = None
28.0387 	EXP 	slider: rating = None
28.0387 	EXP 	slider: autoDraw = True
28.0387 	EXP 	text_6: autoDraw = True
28.5547 	DATA 	Mouse: Left button down, pos=(925,437)
28.5711 	EXP 	slider: markerPos = 3.911111111111111
28.5875 	EXP 	slider: markerPos = 3.911111111111111
28.6043 	EXP 	slider: markerPos = 3.911111111111111
28.6208 	EXP 	slider: markerPos = 3.911111111111111
28.6373 	EXP 	slider: markerPos = 3.911111111111111
28.6542 	EXP 	slider: markerPos = 3.911111111111111
28.6704 	EXP 	slider: markerPos = 3.911111111111111
28.6873 	EXP 	slider: markerPos = 3.911111111111111
28.6932 	DATA 	Mouse:  Left button up, pos=(925,437)
28.7043 	EXP 	slider: markerPos = 3.911111111111111
28.7208 	EXP 	slider: markerPos = 3.911111111111111
28.7208 	EXP 	slider: rating = 3.911111111111111
28.7225 	EXP 	New trial (rep=1, index=3): OrderedDict([('stim', 'stim/feuf_g.wav')])
28.7375 	EXP 	slider: autoDraw = False
28.7375 	EXP 	text_6: autoDraw = False
28.7375 	EXP 	instructions_task: autoDraw = True
28.7375 	EXP 	text_2: autoDraw = True
28.8478 	DATA 	Keypress: 7
28.8557 	EXP 	son: autoDraw = False
28.8557 	EXP 	su: autoDraw = False
28.8557 	EXP 	fin: autoDraw = False
28.8557 	EXP 	instructions_task: autoDraw = False
28.8557 	EXP 	text_2: autoDraw = False
28.8557 	EXP 	slider: markerPos = None
28.8557 	EXP 	slider: markerPos = None
28.8557 	EXP 	slider: rating = None
28.8557 	EXP 	slider: autoDraw = True
28.8557 	EXP 	text_6: autoDraw = True
29.5086 	DATA 	Mouse: Left button down, pos=(925,437)
29.5371 	EXP 	slider: markerPos = 3.911111111111111
29.5540 	EXP 	slider: markerPos = 3.911111111111111
29.5708 	EXP 	slider: markerPos = 3.911111111111111
29.5874 	EXP 	slider: markerPos = 3.911111111111111
29.6041 	EXP 	slider: markerPos = 3.911111111111111
29.6205 	EXP 	slider: markerPos = 3.911111111111111
29.6374 	EXP 	slider: markerPos = 3.911111111111111
29.6538 	EXP 	slider: markerPos = 3.911111111111111
29.6711 	EXP 	slider: markerPos = 3.911111111111111
29.6879 	EXP 	slider: markerPos = 3.911111111111111
29.6885 	DATA 	Mouse:  Left button up, pos=(925,437)
29.7038 	EXP 	slider: markerPos = 3.911111111111111
29.7038 	EXP 	slider: rating = 3.911111111111111
29.7056 	EXP 	New trial (rep=1, index=4): OrderedDict([('stim', 'stim/peuf_g.wav')])
29.7135 	DATA 	Keypress: 7
29.7206 	EXP 	slider: autoDraw = False
29.7206 	EXP 	text_6: autoDraw = False
29.7206 	EXP 	instructions_task: autoDraw = True
29.7206 	EXP 	text_2: autoDraw = True
29.9202 	EXP 	text_2: autoDraw = False
29.9549 	EXP 	son: autoDraw = True
29.9549 	EXP 	su: autoDraw = True
29.9549 	EXP 	fin: autoDraw = True
30.3579 	DATA 	Mouse: Left button down, pos=(925,437)
30.4905 	DATA 	Mouse:  Left button up, pos=(925,437)
30.5608 	DATA 	Keypress: 7
30.5876 	EXP 	son: autoDraw = False
30.5876 	EXP 	su: autoDraw = False
30.5876 	EXP 	fin: autoDraw = False
30.5876 	EXP 	instructions_task: autoDraw = False
30.5876 	EXP 	text_2: autoDraw = False
30.5876 	EXP 	slider: markerPos = None
30.5876 	EXP 	slider: markerPos = None
30.5876 	EXP 	slider: rating = None
30.5876 	EXP 	slider: autoDraw = True
30.5876 	EXP 	text_6: autoDraw = True
31.1047 	DATA 	Mouse: Left button down, pos=(925,437)
31.1213 	EXP 	slider: markerPos = 3.911111111111111
31.1378 	EXP 	slider: markerPos = 3.911111111111111
31.1559 	EXP 	slider: markerPos = 3.911111111111111
31.1708 	EXP 	slider: markerPos = 3.911111111111111
31.1869 	EXP 	slider: markerPos = 3.911111111111111
31.2056 	EXP 	slider: markerPos = 3.911111111111111
31.2119 	DATA 	Mouse:  Left button up, pos=(925,437)
31.2209 	EXP 	slider: markerPos = 3.911111111111111
31.2374 	EXP 	slider: markerPos = 3.911111111111111
31.2374 	EXP 	slider: rating = 3.911111111111111
31.2392 	EXP 	New trial (rep=1, index=5): OrderedDict([('stim', 'stim/fof_g.wav')])
31.2538 	EXP 	slider: autoDraw = False
31.2538 	EXP 	text_6: autoDraw = False
31.2538 	EXP 	instructions_task: autoDraw = True
31.2538 	EXP 	text_2: autoDraw = True
31.3317 	DATA 	Keypress: 7
31.3400 	EXP 	son: autoDraw = False
31.3400 	EXP 	su: autoDraw = False
31.3400 	EXP 	fin: autoDraw = False
31.3400 	EXP 	instructions_task: autoDraw = False
31.3400 	EXP 	text_2: autoDraw = False
31.3400 	EXP 	slider: markerPos = None
31.3400 	EXP 	slider: markerPos = None
31.3400 	EXP 	slider: rating = None
31.3400 	EXP 	slider: autoDraw = True
31.3400 	EXP 	text_6: autoDraw = True
31.9380 	DATA 	Mouse: Left button down, pos=(925,437)
31.9531 	EXP 	slider: markerPos = 3.911111111111111
31.9706 	EXP 	slider: markerPos = 3.911111111111111
31.9868 	EXP 	slider: markerPos = 3.911111111111111
32.0042 	EXP 	slider: markerPos = 3.911111111111111
32.0209 	EXP 	slider: markerPos = 3.911111111111111
32.0381 	EXP 	slider: markerPos = 3.911111111111111
32.0543 	EXP 	slider: markerPos = 3.911111111111111
32.0707 	EXP 	slider: markerPos = 3.911111111111111
32.0715 	DATA 	Mouse:  Left button up, pos=(925,437)
32.0872 	EXP 	slider: markerPos = 3.911111111111111
32.0872 	EXP 	slider: rating = 3.911111111111111
32.0889 	EXP 	New trial (rep=1, index=6): OrderedDict([('stim', 'stim/pief_g.wav')])
32.1039 	EXP 	slider: autoDraw = False
32.1039 	EXP 	text_6: autoDraw = False
32.1039 	EXP 	instructions_task: autoDraw = True
32.1039 	EXP 	text_2: autoDraw = True
32.1304 	DATA 	Keypress: 7
32.1387 	EXP 	son: autoDraw = False
32.1387 	EXP 	su: autoDraw = False
32.1387 	EXP 	fin: autoDraw = False
32.1387 	EXP 	instructions_task: autoDraw = False
32.1387 	EXP 	text_2: autoDraw = False
32.1387 	EXP 	slider: markerPos = None
32.1387 	EXP 	slider: markerPos = None
32.1387 	EXP 	slider: rating = None
32.1387 	EXP 	slider: autoDraw = True
32.1387 	EXP 	text_6: autoDraw = True
33.0046 	DATA 	Mouse: Left button down, pos=(925,437)
33.0153 	DATA 	Keypress: 7
33.0203 	EXP 	slider: markerPos = 3.911111111111111
33.0375 	EXP 	slider: markerPos = 3.911111111111111
33.0542 	EXP 	slider: markerPos = 3.911111111111111
33.0705 	EXP 	slider: markerPos = 3.911111111111111
33.0878 	EXP 	slider: markerPos = 3.911111111111111
33.1045 	EXP 	slider: markerPos = 3.911111111111111
33.1210 	EXP 	slider: markerPos = 3.911111111111111
33.1376 	EXP 	slider: markerPos = 3.911111111111111
33.1539 	EXP 	slider: markerPos = 3.911111111111111
33.1707 	EXP 	slider: markerPos = 3.911111111111111
33.1877 	EXP 	slider: markerPos = 3.911111111111111
33.2051 	EXP 	slider: markerPos = 3.911111111111111
33.2060 	DATA 	Mouse:  Left button up, pos=(925,437)
33.2211 	EXP 	slider: markerPos = 3.911111111111111
33.2211 	EXP 	slider: rating = 3.911111111111111
33.2228 	EXP 	New trial (rep=1, index=7): OrderedDict([('stim', 'stim/fief_g.wav')])
33.2372 	EXP 	slider: autoDraw = False
33.2372 	EXP 	text_6: autoDraw = False
33.2372 	EXP 	instructions_task: autoDraw = True
33.2372 	EXP 	text_2: autoDraw = True
33.4383 	EXP 	text_2: autoDraw = False
33.4719 	EXP 	son: autoDraw = True
33.4719 	EXP 	su: autoDraw = True
33.4719 	EXP 	fin: autoDraw = True
33.8578 	DATA 	Mouse: Left button down, pos=(925,437)
34.0106 	DATA 	Mouse:  Left button up, pos=(925,437)
34.0146 	DATA 	Keypress: 7
34.0223 	EXP 	son: autoDraw = False
34.0223 	EXP 	su: autoDraw = False
34.0223 	EXP 	fin: autoDraw = False
34.0223 	EXP 	instructions_task: autoDraw = False
34.0223 	EXP 	text_2: autoDraw = False
34.0223 	EXP 	slider: markerPos = None
34.0223 	EXP 	slider: markerPos = None
34.0223 	EXP 	slider: rating = None
34.0223 	EXP 	slider: autoDraw = True
34.0223 	EXP 	text_6: autoDraw = True
34.8548 	DATA 	Mouse: Left button down, pos=(925,437)
34.8708 	EXP 	slider: markerPos = 3.911111111111111
34.8878 	EXP 	slider: markerPos = 3.911111111111111
34.9043 	EXP 	slider: markerPos = 3.911111111111111
34.9213 	EXP 	slider: markerPos = 3.911111111111111
34.9378 	EXP 	slider: markerPos = 3.911111111111111
34.9541 	EXP 	slider: markerPos = 3.911111111111111
34.9715 	EXP 	slider: markerPos = 3.911111111111111
34.9878 	EXP 	slider: markerPos = 3.911111111111111
34.9938 	DATA 	Mouse:  Left button up, pos=(925,437)
35.0042 	EXP 	slider: markerPos = 3.911111111111111
35.0206 	EXP 	slider: markerPos = 3.911111111111111
35.0206 	EXP 	slider: rating = 3.911111111111111
35.0224 	EXP 	New trial (rep=2, index=0): OrderedDict([('stim', 'stim/pof_g.wav')])
35.0371 	EXP 	slider: autoDraw = False
35.0371 	EXP 	text_6: autoDraw = False
35.0371 	EXP 	instructions_task: autoDraw = True
35.0371 	EXP 	text_2: autoDraw = True
35.1991 	DATA 	Keypress: 7
35.2089 	EXP 	son: autoDraw = False
35.2089 	EXP 	su: autoDraw = False
35.2089 	EXP 	fin: autoDraw = False
35.2089 	EXP 	instructions_task: autoDraw = False
35.2089 	EXP 	text_2: autoDraw = False
35.2089 	EXP 	slider: markerPos = None
35.2089 	EXP 	slider: markerPos = None
35.2089 	EXP 	slider: rating = None
35.2089 	EXP 	slider: autoDraw = True
35.2089 	EXP 	text_6: autoDraw = True
36.1551 	DATA 	Mouse: Left button down, pos=(925,437)
36.1709 	EXP 	slider: markerPos = 3.911111111111111
36.1876 	EXP 	slider: markerPos = 3.911111111111111
36.2042 	EXP 	slider: markerPos = 3.911111111111111
36.2209 	EXP 	slider: markerPos = 3.911111111111111
36.2375 	EXP 	slider: markerPos = 3.911111111111111
36.2545 	EXP 	slider: markerPos = 3.911111111111111
36.2707 	EXP 	slider: markerPos = 3.911111111111111
36.2876 	EXP 	slider: markerPos = 3.911111111111111
36.2882 	DATA 	Mouse:  Left button up, pos=(925,437)
36.3043 	EXP 	slider: markerPos = 3.911111111111111
36.3043 	EXP 	slider: rating = 3.911111111111111
36.3061 	EXP 	New trial (rep=2, index=1): OrderedDict([('stim', 'stim/p_schwa_g.wav')])
36.3206 	EXP 	slider: autoDraw = False
36.3206 	EXP 	text_6: autoDraw = False
36.3206 	EXP 	instructions_task: autoDraw = True
36.3206 	EXP 	text_2: autoDraw = True
36.3974 	DATA 	Keypress: 7
36.4058 	EXP 	son: autoDraw = False
36.4058 	EXP 	su: autoDraw = False
36.4058 	EXP 	fin: autoDraw = False
36.4058 	EXP 	instructions_task: autoDraw = False
36.4058 	EXP 	text_2: autoDraw = False
36.4058 	EXP 	slider: markerPos = None
36.4058 	EXP 	slider: markerPos = None
36.4058 	EXP 	slider: rating = None
36.4058 	EXP 	slider: autoDraw = True
36.4058 	EXP 	text_6: autoDraw = True
37.0087 	DATA 	Mouse: Left button down, pos=(925,437)
37.0374 	EXP 	slider: markerPos = 3.911111111111111
37.0542 	EXP 	slider: markerPos = 3.911111111111111
37.0713 	EXP 	slider: markerPos = 3.911111111111111
37.0865 	EXP 	slider: markerPos = 3.911111111111111
37.1040 	EXP 	slider: markerPos = 3.911111111111111
37.1210 	EXP 	slider: markerPos = 3.911111111111111
37.1377 	EXP 	slider: markerPos = 3.911111111111111
37.1543 	EXP 	slider: markerPos = 3.911111111111111
37.1704 	EXP 	slider: markerPos = 3.911111111111111
37.1866 	EXP 	slider: markerPos = 3.911111111111111
37.1872 	DATA 	Mouse:  Left button up, pos=(925,437)
37.2042 	EXP 	slider: markerPos = 3.911111111111111
37.2042 	EXP 	slider: rating = 3.911111111111111
37.2060 	EXP 	New trial (rep=2, index=2): OrderedDict([('stim', 'stim/peuf_g.wav')])
37.2203 	EXP 	slider: autoDraw = False
37.2203 	EXP 	text_6: autoDraw = False
37.2203 	EXP 	instructions_task: autoDraw = True
37.2203 	EXP 	text_2: autoDraw = True
37.4210 	EXP 	text_2: autoDraw = False
37.4549 	EXP 	son: autoDraw = True
37.4549 	EXP 	su: autoDraw = True
37.4549 	EXP 	fin: autoDraw = True
38.4741 	DATA 	Mouse: Left button down, pos=(925,437)
38.6409 	DATA 	Mouse:  Left button up, pos=(924,437)
38.8316 	DATA 	Keypress: 7
38.8396 	EXP 	son: autoDraw = False
38.8396 	EXP 	su: autoDraw = False
38.8396 	EXP 	fin: autoDraw = False
38.8396 	EXP 	instructions_task: autoDraw = False
38.8396 	EXP 	text_2: autoDraw = False
38.8396 	EXP 	slider: markerPos = None
38.8396 	EXP 	slider: markerPos = None
38.8396 	EXP 	slider: rating = None
38.8396 	EXP 	slider: autoDraw = True
38.8396 	EXP 	text_6: autoDraw = True
39.2091 	DATA 	Mouse: Left button down, pos=(928,421)
39.2381 	EXP 	slider: markerPos = 3.924444444444444
39.2546 	EXP 	slider: markerPos = 3.924444444444444
39.2714 	EXP 	slider: markerPos = 3.924444444444444
39.2877 	EXP 	slider: markerPos = 3.924444444444444
39.3045 	EXP 	slider: markerPos = 3.924444444444444
39.3210 	EXP 	slider: markerPos = 3.924444444444444
39.3391 	EXP 	slider: markerPos = 3.924444444444444
39.3541 	EXP 	slider: markerPos = 3.924444444444444
39.3547 	DATA 	Mouse:  Left button up, pos=(928,421)
39.3708 	EXP 	slider: markerPos = 3.924444444444444
39.3708 	EXP 	slider: rating = 3.924444444444444
39.3726 	EXP 	New trial (rep=2, index=3): OrderedDict([('stim', 'stim/fief_g.wav')])
39.3878 	EXP 	slider: autoDraw = False
39.3878 	EXP 	text_6: autoDraw = False
39.3878 	EXP 	instructions_task: autoDraw = True
39.3878 	EXP 	text_2: autoDraw = True
39.5885 	EXP 	text_2: autoDraw = False
39.6221 	EXP 	son: autoDraw = True
39.6221 	EXP 	su: autoDraw = True
39.6221 	EXP 	fin: autoDraw = True
39.9485 	DATA 	Keypress: 7
39.9563 	EXP 	son: autoDraw = False
39.9563 	EXP 	su: autoDraw = False
39.9563 	EXP 	fin: autoDraw = False
39.9563 	EXP 	instructions_task: autoDraw = False
39.9563 	EXP 	text_2: autoDraw = False
39.9563 	EXP 	slider: markerPos = None
39.9563 	EXP 	slider: markerPos = None
39.9563 	EXP 	slider: rating = None
39.9563 	EXP 	slider: autoDraw = True
39.9563 	EXP 	text_6: autoDraw = True
40.1045 	DATA 	Mouse: Left button down, pos=(928,421)
40.1208 	EXP 	slider: markerPos = 3.924444444444444
40.1382 	EXP 	slider: markerPos = 3.924444444444444
40.1540 	EXP 	slider: markerPos = 3.924444444444444
40.1705 	EXP 	slider: markerPos = 3.924444444444444
40.1878 	EXP 	slider: markerPos = 3.924444444444444
40.2046 	EXP 	slider: markerPos = 3.924444444444444
40.2208 	EXP 	slider: markerPos = 3.924444444444444
40.2377 	EXP 	slider: markerPos = 3.924444444444444
40.2438 	DATA 	Mouse:  Left button up, pos=(928,421)
40.2544 	EXP 	slider: markerPos = 3.924444444444444
40.2713 	EXP 	slider: markerPos = 3.924444444444444
40.2713 	EXP 	slider: rating = 3.924444444444444
40.2732 	EXP 	New trial (rep=2, index=4): OrderedDict([('stim', 'stim/f_schwa_g.wav')])
40.2876 	EXP 	slider: autoDraw = False
40.2876 	EXP 	text_6: autoDraw = False
40.2876 	EXP 	instructions_task: autoDraw = True
40.2876 	EXP 	text_2: autoDraw = True
40.4885 	EXP 	text_2: autoDraw = False
40.5209 	EXP 	son: autoDraw = True
40.5209 	EXP 	su: autoDraw = True
40.5209 	EXP 	fin: autoDraw = True
40.7743 	DATA 	Mouse: Left button down, pos=(928,421)
40.9070 	DATA 	Mouse:  Left button up, pos=(928,421)
41.0318 	DATA 	Keypress: 7
41.0398 	EXP 	son: autoDraw = False
41.0398 	EXP 	su: autoDraw = False
41.0398 	EXP 	fin: autoDraw = False
41.0398 	EXP 	instructions_task: autoDraw = False
41.0398 	EXP 	text_2: autoDraw = False
41.0398 	EXP 	slider: markerPos = None
41.0398 	EXP 	slider: markerPos = None
41.0398 	EXP 	slider: rating = None
41.0398 	EXP 	slider: autoDraw = True
41.0398 	EXP 	text_6: autoDraw = True
41.6591 	DATA 	Mouse: Left button down, pos=(928,421)
41.6877 	EXP 	slider: markerPos = 3.924444444444444
41.7042 	EXP 	slider: markerPos = 3.924444444444444
41.7210 	EXP 	slider: markerPos = 3.924444444444444
41.7391 	EXP 	slider: markerPos = 3.924444444444444
41.7545 	EXP 	slider: markerPos = 3.924444444444444
41.7709 	EXP 	slider: markerPos = 3.924444444444444
41.7878 	EXP 	slider: markerPos = 3.924444444444444
41.8043 	EXP 	slider: markerPos = 3.924444444444444
41.8102 	DATA 	Mouse:  Left button up, pos=(928,421)
41.8207 	EXP 	slider: markerPos = 3.924444444444444
41.8377 	EXP 	slider: markerPos = 3.924444444444444
41.8377 	EXP 	slider: rating = 3.924444444444444
41.8395 	EXP 	New trial (rep=2, index=5): OrderedDict([('stim', 'stim/feuf_g.wav')])
41.8541 	EXP 	slider: autoDraw = False
41.8541 	EXP 	text_6: autoDraw = False
41.8541 	EXP 	instructions_task: autoDraw = True
41.8541 	EXP 	text_2: autoDraw = True
41.9486 	DATA 	Keypress: 7
41.9568 	EXP 	son: autoDraw = False
41.9568 	EXP 	su: autoDraw = False
41.9568 	EXP 	fin: autoDraw = False
41.9568 	EXP 	instructions_task: autoDraw = False
41.9568 	EXP 	text_2: autoDraw = False
41.9568 	EXP 	slider: markerPos = None
41.9568 	EXP 	slider: markerPos = None
41.9568 	EXP 	slider: rating = None
41.9568 	EXP 	slider: autoDraw = True
41.9568 	EXP 	text_6: autoDraw = True
42.6215 	DATA 	Mouse: Left button down, pos=(928,421)
42.6382 	EXP 	slider: markerPos = 3.924444444444444
42.6542 	EXP 	slider: markerPos = 3.924444444444444
42.6713 	EXP 	slider: markerPos = 3.924444444444444
42.6885 	EXP 	slider: markerPos = 3.924444444444444
42.7048 	EXP 	slider: markerPos = 3.924444444444444
42.7210 	EXP 	slider: markerPos = 3.924444444444444
42.7376 	EXP 	slider: markerPos = 3.924444444444444
42.7537 	EXP 	slider: markerPos = 3.924444444444444
42.7544 	DATA 	Mouse:  Left button up, pos=(928,421)
42.7710 	EXP 	slider: markerPos = 3.924444444444444
42.7710 	EXP 	slider: rating = 3.924444444444444
42.7727 	EXP 	New trial (rep=2, index=6): OrderedDict([('stim', 'stim/pief_g.wav')])
42.7875 	EXP 	slider: autoDraw = False
42.7875 	EXP 	text_6: autoDraw = False
42.7875 	EXP 	instructions_task: autoDraw = True
42.7875 	EXP 	text_2: autoDraw = True
42.8314 	DATA 	Keypress: 7
42.8393 	EXP 	son: autoDraw = False
42.8393 	EXP 	su: autoDraw = False
42.8393 	EXP 	fin: autoDraw = False
42.8393 	EXP 	instructions_task: autoDraw = False
42.8393 	EXP 	text_2: autoDraw = False
42.8393 	EXP 	slider: markerPos = None
42.8393 	EXP 	slider: markerPos = None
42.8393 	EXP 	slider: rating = None
42.8393 	EXP 	slider: autoDraw = True
42.8393 	EXP 	text_6: autoDraw = True
43.9058 	DATA 	Mouse: Left button down, pos=(928,421)
43.9211 	EXP 	slider: markerPos = 3.924444444444444
43.9376 	EXP 	slider: markerPos = 3.924444444444444
43.9543 	EXP 	slider: markerPos = 3.924444444444444
43.9713 	EXP 	slider: markerPos = 3.924444444444444
43.9897 	EXP 	slider: markerPos = 3.924444444444444
44.0055 	EXP 	slider: markerPos = 3.924444444444444
44.0208 	EXP 	slider: markerPos = 3.924444444444444
44.0376 	EXP 	slider: markerPos = 3.924444444444444
44.0545 	EXP 	slider: markerPos = 3.924444444444444
44.0715 	EXP 	slider: markerPos = 3.924444444444444
44.0722 	DATA 	Mouse:  Left button up, pos=(928,421)
44.0872 	EXP 	slider: markerPos = 3.924444444444444
44.0872 	EXP 	slider: rating = 3.924444444444444
44.0890 	EXP 	New trial (rep=2, index=7): OrderedDict([('stim', 'stim/fof_g.wav')])
44.0965 	DATA 	Keypress: 7
44.1042 	EXP 	slider: autoDraw = False
44.1042 	EXP 	text_6: autoDraw = False
44.1042 	EXP 	instructions_task: autoDraw = True
44.1042 	EXP 	text_2: autoDraw = True
44.3048 	EXP 	text_2: autoDraw = False
44.3372 	EXP 	son: autoDraw = True
44.3372 	EXP 	su: autoDraw = True
44.3372 	EXP 	fin: autoDraw = True
44.9402 	DATA 	Mouse: Left button down, pos=(928,421)
45.0740 	DATA 	Mouse:  Left button up, pos=(928,421)
45.1808 	DATA 	Keypress: 7
45.1892 	EXP 	son: autoDraw = False
45.1892 	EXP 	su: autoDraw = False
45.1892 	EXP 	fin: autoDraw = False
45.1892 	EXP 	instructions_task: autoDraw = False
45.1892 	EXP 	text_2: autoDraw = False
45.1892 	EXP 	slider: markerPos = None
45.1892 	EXP 	slider: markerPos = None
45.1892 	EXP 	slider: rating = None
45.1892 	EXP 	slider: autoDraw = True
45.1892 	EXP 	text_6: autoDraw = True
45.7216 	DATA 	Mouse: Left button down, pos=(928,421)
45.7376 	EXP 	slider: markerPos = 3.924444444444444
45.7542 	EXP 	slider: markerPos = 3.924444444444444
45.7708 	EXP 	slider: markerPos = 3.924444444444444
45.7876 	EXP 	slider: markerPos = 3.924444444444444
45.8053 	EXP 	slider: markerPos = 3.924444444444444
45.8207 	EXP 	slider: markerPos = 3.924444444444444
45.8367 	EXP 	slider: markerPos = 3.924444444444444
45.8429 	DATA 	Mouse:  Left button up, pos=(928,421)
45.8544 	EXP 	slider: markerPos = 3.924444444444444
45.8716 	EXP 	slider: markerPos = 3.924444444444444
45.8716 	EXP 	slider: rating = 3.924444444444444
45.8878 	EXP 	slider: autoDraw = False
45.8878 	EXP 	text_6: autoDraw = False
45.8878 	EXP 	text_7: autoDraw = True
45.9263 	DATA 	Keypress: 7
47.3263 	EXP 	Imported conditions/conditions_french.csv as conditions, 8 conditions, 1 params
47.3267 	EXP 	Created sequence: random, trialTypes=8, nReps=1, seed=None
47.3270 	EXP 	New trial (rep=0, index=0): OrderedDict([('stim', 'stim/p_schwa_f.wav')])
47.3373 	DATA 	Keypress: space
47.3413 	EXP 	text_7: autoDraw = False
47.3413 	EXP 	instructions_task_2: autoDraw = True
47.3413 	EXP 	text: autoDraw = True
47.5555 	EXP 	text: autoDraw = False
47.5889 	EXP 	son_2: autoDraw = True
47.5889 	EXP 	su_2: autoDraw = True
47.5889 	EXP 	fin_2: autoDraw = True
48.0487 	DATA 	Keypress: 7
48.0597 	EXP 	son_2: autoDraw = False
48.0597 	EXP 	su_2: autoDraw = False
48.0597 	EXP 	fin_2: autoDraw = False
48.0597 	EXP 	instructions_task_2: autoDraw = False
48.0597 	EXP 	text: autoDraw = False
48.0597 	EXP 	slider_2: markerPos = None
48.0597 	EXP 	slider_2: markerPos = None
48.0597 	EXP 	slider_2: rating = None
48.0597 	EXP 	slider_2: autoDraw = True
48.0597 	EXP 	text_9: autoDraw = True
48.3892 	DATA 	Mouse: Left button down, pos=(928,418)
48.4049 	EXP 	slider_2: markerPos = 3.924444444444444
48.4208 	EXP 	slider_2: markerPos = 3.924444444444444
48.4377 	EXP 	slider_2: markerPos = 3.924444444444444
48.4541 	EXP 	slider_2: markerPos = 3.924444444444444
48.4717 	EXP 	slider_2: markerPos = 3.924444444444444
48.4876 	EXP 	slider_2: markerPos = 3.924444444444444
48.5048 	EXP 	slider_2: markerPos = 3.924444444444444
48.5211 	EXP 	slider_2: markerPos = 3.924444444444444
48.5378 	EXP 	slider_2: markerPos = 3.924444444444444
48.5545 	EXP 	slider_2: markerPos = 3.924444444444444
48.5552 	DATA 	Mouse:  Left button up, pos=(928,418)
48.5712 	EXP 	slider_2: markerPos = 3.924444444444444
48.5712 	EXP 	slider_2: rating = 3.924444444444444
48.5731 	EXP 	New trial (rep=0, index=1): OrderedDict([('stim', 'stim/feuf_f.wav')])
48.5883 	EXP 	slider_2: autoDraw = False
48.5883 	EXP 	text_9: autoDraw = False
48.5883 	EXP 	instructions_task_2: autoDraw = True
48.5883 	EXP 	text: autoDraw = True
48.7883 	EXP 	text: autoDraw = False
48.8211 	EXP 	son_2: autoDraw = True
48.8211 	EXP 	su_2: autoDraw = True
48.8211 	EXP 	fin_2: autoDraw = True
48.8982 	DATA 	Keypress: 7
48.9060 	EXP 	son_2: autoDraw = False
48.9060 	EXP 	su_2: autoDraw = False
48.9060 	EXP 	fin_2: autoDraw = False
48.9060 	EXP 	instructions_task_2: autoDraw = False
48.9060 	EXP 	text: autoDraw = False
48.9060 	EXP 	slider_2: markerPos = None
48.9060 	EXP 	slider_2: markerPos = None
48.9060 	EXP 	slider_2: rating = None
48.9060 	EXP 	slider_2: autoDraw = True
48.9060 	EXP 	text_9: autoDraw = True
49.1091 	DATA 	Mouse: Left button down, pos=(928,418)
49.1377 	EXP 	slider_2: markerPos = 3.924444444444444
49.1545 	EXP 	slider_2: markerPos = 3.924444444444444
49.1711 	EXP 	slider_2: markerPos = 3.924444444444444
49.1877 	EXP 	slider_2: markerPos = 3.924444444444444
49.2045 	EXP 	slider_2: markerPos = 3.924444444444444
49.2210 	EXP 	slider_2: markerPos = 3.924444444444444
49.2384 	EXP 	slider_2: markerPos = 3.924444444444444
49.2389 	DATA 	Mouse:  Left button up, pos=(928,418)
49.2545 	EXP 	slider_2: markerPos = 3.924444444444444
49.2545 	EXP 	slider_2: rating = 3.924444444444444
49.2562 	EXP 	New trial (rep=0, index=2): OrderedDict([('stim', 'stim/fof_f.wav')])
49.2714 	EXP 	slider_2: autoDraw = False
49.2714 	EXP 	text_9: autoDraw = False
49.2714 	EXP 	instructions_task_2: autoDraw = True
49.2714 	EXP 	text: autoDraw = True
49.4724 	EXP 	text: autoDraw = False
49.5046 	EXP 	son_2: autoDraw = True
49.5046 	EXP 	su_2: autoDraw = True
49.5046 	EXP 	fin_2: autoDraw = True
49.5321 	DATA 	Keypress: 7
49.5407 	EXP 	son_2: autoDraw = False
49.5407 	EXP 	su_2: autoDraw = False
49.5407 	EXP 	fin_2: autoDraw = False
49.5407 	EXP 	instructions_task_2: autoDraw = False
49.5407 	EXP 	text: autoDraw = False
49.5407 	EXP 	slider_2: markerPos = None
49.5407 	EXP 	slider_2: markerPos = None
49.5407 	EXP 	slider_2: rating = None
49.5407 	EXP 	slider_2: autoDraw = True
49.5407 	EXP 	text_9: autoDraw = True
49.7260 	DATA 	Mouse: Left button down, pos=(928,418)
49.7539 	EXP 	slider_2: markerPos = 3.924444444444444
49.7708 	EXP 	slider_2: markerPos = 3.924444444444444
49.7878 	EXP 	slider_2: markerPos = 3.924444444444444
49.8043 	EXP 	slider_2: markerPos = 3.924444444444444
49.8205 	EXP 	slider_2: markerPos = 3.924444444444444
49.8367 	EXP 	slider_2: markerPos = 3.924444444444444
49.8539 	EXP 	slider_2: markerPos = 3.924444444444444
49.8712 	EXP 	slider_2: markerPos = 3.924444444444444
49.8720 	DATA 	Mouse:  Left button up, pos=(928,418)
49.8873 	EXP 	slider_2: markerPos = 3.924444444444444
49.8873 	EXP 	slider_2: rating = 3.924444444444444
49.8891 	EXP 	New trial (rep=0, index=3): OrderedDict([('stim', 'stim/f_schwa_f.wav')])
49.9042 	EXP 	slider_2: autoDraw = False
49.9042 	EXP 	text_9: autoDraw = False
49.9042 	EXP 	instructions_task_2: autoDraw = True
49.9042 	EXP 	text: autoDraw = True
50.0857 	DATA 	Keypress: 7
50.0944 	EXP 	son_2: autoDraw = False
50.0944 	EXP 	su_2: autoDraw = False
50.0944 	EXP 	fin_2: autoDraw = False
50.0944 	EXP 	instructions_task_2: autoDraw = False
50.0944 	EXP 	text: autoDraw = False
50.0944 	EXP 	slider_2: markerPos = None
50.0944 	EXP 	slider_2: markerPos = None
50.0944 	EXP 	slider_2: rating = None
50.0944 	EXP 	slider_2: autoDraw = True
50.0944 	EXP 	text_9: autoDraw = True
50.3374 	DATA 	Mouse: Left button down, pos=(928,418)
50.3546 	EXP 	slider_2: markerPos = 3.924444444444444
50.3713 	EXP 	slider_2: markerPos = 3.924444444444444
50.3876 	EXP 	slider_2: markerPos = 3.924444444444444
50.4045 	EXP 	slider_2: markerPos = 3.924444444444444
50.4214 	EXP 	slider_2: markerPos = 3.924444444444444
50.4378 	EXP 	slider_2: markerPos = 3.924444444444444
50.4547 	EXP 	slider_2: markerPos = 3.924444444444444
50.4715 	EXP 	slider_2: markerPos = 3.924444444444444
50.4879 	EXP 	slider_2: markerPos = 3.924444444444444
50.4887 	DATA 	Mouse:  Left button up, pos=(928,418)
50.5043 	EXP 	slider_2: markerPos = 3.924444444444444
50.5043 	EXP 	slider_2: rating = 3.924444444444444
50.5060 	EXP 	New trial (rep=0, index=4): OrderedDict([('stim', 'stim/fif_f.wav')])
50.5210 	EXP 	slider_2: autoDraw = False
50.5210 	EXP 	text_9: autoDraw = False
50.5210 	EXP 	instructions_task_2: autoDraw = True
50.5210 	EXP 	text: autoDraw = True
50.6602 	DATA 	Keypress: 7
50.6873 	EXP 	son_2: autoDraw = False
50.6873 	EXP 	su_2: autoDraw = False
50.6873 	EXP 	fin_2: autoDraw = False
50.6873 	EXP 	instructions_task_2: autoDraw = False
50.6873 	EXP 	text: autoDraw = False
50.6873 	EXP 	slider_2: markerPos = None
50.6873 	EXP 	slider_2: markerPos = None
50.6873 	EXP 	slider_2: rating = None
50.6873 	EXP 	slider_2: autoDraw = True
50.6873 	EXP 	text_9: autoDraw = True
50.9561 	DATA 	Mouse: Left button down, pos=(928,418)
50.9713 	EXP 	slider_2: markerPos = 3.924444444444444
50.9882 	EXP 	slider_2: markerPos = 3.924444444444444
51.0048 	EXP 	slider_2: markerPos = 3.924444444444444
51.0211 	EXP 	slider_2: markerPos = 3.924444444444444
51.0379 	EXP 	slider_2: markerPos = 3.924444444444444
51.0542 	EXP 	slider_2: markerPos = 3.924444444444444
51.0711 	EXP 	slider_2: markerPos = 3.924444444444444
51.0883 	EXP 	slider_2: markerPos = 3.924444444444444
51.1046 	EXP 	slider_2: markerPos = 3.924444444444444
51.1212 	EXP 	slider_2: markerPos = 3.924444444444444
51.1219 	DATA 	Mouse:  Left button up, pos=(928,418)
51.1382 	EXP 	slider_2: markerPos = 3.924444444444444
51.1382 	EXP 	slider_2: rating = 3.924444444444444
51.1400 	EXP 	New trial (rep=0, index=5): OrderedDict([('stim', 'stim/pof_f.wav')])
51.1541 	EXP 	slider_2: autoDraw = False
51.1541 	EXP 	text_9: autoDraw = False
51.1541 	EXP 	instructions_task_2: autoDraw = True
51.1541 	EXP 	text: autoDraw = True
51.2148 	DATA 	Keypress: 7
51.2226 	EXP 	son_2: autoDraw = False
51.2226 	EXP 	su_2: autoDraw = False
51.2226 	EXP 	fin_2: autoDraw = False
51.2226 	EXP 	instructions_task_2: autoDraw = False
51.2226 	EXP 	text: autoDraw = False
51.2226 	EXP 	slider_2: markerPos = None
51.2226 	EXP 	slider_2: markerPos = None
51.2226 	EXP 	slider_2: rating = None
51.2226 	EXP 	slider_2: autoDraw = True
51.2226 	EXP 	text_9: autoDraw = True
51.5259 	DATA 	Mouse: Left button down, pos=(928,418)
51.5551 	EXP 	slider_2: markerPos = 3.924444444444444
51.5712 	EXP 	slider_2: markerPos = 3.924444444444444
51.5881 	EXP 	slider_2: markerPos = 3.924444444444444
51.6048 	EXP 	slider_2: markerPos = 3.924444444444444
51.6208 	EXP 	slider_2: markerPos = 3.924444444444444
51.6378 	EXP 	slider_2: markerPos = 3.924444444444444
51.6545 	EXP 	slider_2: markerPos = 3.924444444444444
51.6710 	EXP 	slider_2: markerPos = 3.924444444444444
51.6771 	DATA 	Mouse:  Left button up, pos=(928,418)
51.6871 	EXP 	slider_2: markerPos = 3.924444444444444
51.7051 	EXP 	slider_2: markerPos = 3.924444444444444
51.7051 	EXP 	slider_2: rating = 3.924444444444444
51.7069 	EXP 	New trial (rep=0, index=6): OrderedDict([('stim', 'stim/pif_f.wav')])
51.7211 	EXP 	slider_2: autoDraw = False
51.7211 	EXP 	text_9: autoDraw = False
51.7211 	EXP 	instructions_task_2: autoDraw = True
51.7211 	EXP 	text: autoDraw = True
51.9209 	EXP 	text: autoDraw = False
51.9491 	DATA 	Keypress: 7
51.9578 	EXP 	son_2: autoDraw = True
51.9578 	EXP 	su_2: autoDraw = True
51.9578 	EXP 	fin_2: autoDraw = True
51.9578 	EXP 	son_2: autoDraw = False
51.9578 	EXP 	su_2: autoDraw = False
51.9578 	EXP 	fin_2: autoDraw = False
51.9578 	EXP 	instructions_task_2: autoDraw = False
51.9578 	EXP 	text: autoDraw = False
51.9578 	EXP 	slider_2: markerPos = None
51.9578 	EXP 	slider_2: markerPos = None
51.9578 	EXP 	slider_2: rating = None
51.9578 	EXP 	slider_2: autoDraw = True
51.9578 	EXP 	text_9: autoDraw = True
52.2551 	DATA 	Mouse: Left button down, pos=(928,418)
52.2709 	EXP 	slider_2: markerPos = 3.924444444444444
52.2880 	EXP 	slider_2: markerPos = 3.924444444444444
52.3052 	EXP 	slider_2: markerPos = 3.924444444444444
52.3212 	EXP 	slider_2: markerPos = 3.924444444444444
52.3380 	EXP 	slider_2: markerPos = 3.924444444444444
52.3548 	EXP 	slider_2: markerPos = 3.924444444444444
52.3708 	EXP 	slider_2: markerPos = 3.924444444444444
52.3868 	EXP 	slider_2: markerPos = 3.924444444444444
52.4048 	EXP 	slider_2: markerPos = 3.924444444444444
52.4054 	DATA 	Mouse:  Left button up, pos=(928,418)
52.4214 	EXP 	slider_2: markerPos = 3.924444444444444
52.4214 	EXP 	slider_2: rating = 3.924444444444444
52.4232 	EXP 	New trial (rep=0, index=7): OrderedDict([('stim', 'stim/peuf_f.wav')])
52.4374 	EXP 	slider_2: autoDraw = False
52.4374 	EXP 	text_9: autoDraw = False
52.4374 	EXP 	instructions_task_2: autoDraw = True
52.4374 	EXP 	text: autoDraw = True
52.5642 	DATA 	Keypress: 7
52.5723 	EXP 	son_2: autoDraw = False
52.5723 	EXP 	su_2: autoDraw = False
52.5723 	EXP 	fin_2: autoDraw = False
52.5723 	EXP 	instructions_task_2: autoDraw = False
52.5723 	EXP 	text: autoDraw = False
52.5723 	EXP 	slider_2: markerPos = None
52.5723 	EXP 	slider_2: markerPos = None
52.5723 	EXP 	slider_2: rating = None
52.5723 	EXP 	slider_2: autoDraw = True
52.5723 	EXP 	text_9: autoDraw = True
53.2888 	DATA 	Mouse: Left button down, pos=(928,418)
53.3043 	EXP 	slider_2: markerPos = 3.924444444444444
53.3206 	EXP 	slider_2: markerPos = 3.924444444444444
53.3378 	EXP 	slider_2: markerPos = 3.924444444444444
53.3551 	EXP 	slider_2: markerPos = 3.924444444444444
53.3712 	EXP 	slider_2: markerPos = 3.924444444444444
53.3880 	EXP 	slider_2: markerPos = 3.924444444444444
53.4039 	EXP 	slider_2: markerPos = 3.924444444444444
53.4214 	EXP 	slider_2: markerPos = 3.924444444444444
53.4219 	DATA 	Mouse:  Left button up, pos=(928,418)
53.4382 	EXP 	slider_2: markerPos = 3.924444444444444
53.4382 	EXP 	slider_2: rating = 3.924444444444444
53.4546 	EXP 	slider_2: autoDraw = False
53.4546 	EXP 	text_9: autoDraw = False
53.4780 	EXP 	window1: mouseVisible = True
