0.8044 	WARNING 	We strongly recommend you activate the PTB sound engine in PsychoPy prefs as the preferred audio engine. Its timing is vastly superior. Your prefs are currently set to use ['sounddevice', 'PTB', 'pyo', 'pygame'] (in that order).
5.5048 	WARNING 	User requested fullscreen with size [1024  768], but screen is actually [1440, 900]. Using actual size
6.1830 	EXP 	Created window1 = Window(allowGUI=False, allowStencil=False, autoLog=True, backendConf=UNKNOWN, bitsMode=UNKNOWN, blendMode='avg', bpc=(8, 8, 8), color=array([0, 0, 0]), colorSpace='rgb', depthBits=8, fullscr=<method-wrapper '__getattribute__' of attributeSetter object at 0x7ff444bdb9e8>, gamma=None, gammaErrorPolicy='raise', lms=UNKNOWN, monitor=<psychopy.monitors.calibTools.Monitor object at 0x7ff44495a400>, multiSample=False, name='window1', numSamples=2, pos=[360.0, 225.0], screen=0, size=array([2880, 1800]), stencilBits=0, stereo=False, units='height', useFBO=True, useRetina=True, viewOri=0.0, viewPos=None, viewScale=None, waitBlanking=True, winType='pyglet')
6.1832 	EXP 	window1: mouseVisible = True
6.1833 	EXP 	window1: recordFrameIntervals = False
6.3495 	EXP 	window1: recordFrameIntervals = True
6.5831 	EXP 	window1: recordFrameIntervals = False
7.4295 	EXP 	Created text_3 = TextStim(__class__=<class 'psychopy.visual.text.TextStim'>, alignHoriz=method-wrapper(...), alignText='center', alignVert=method-wrapper(...), anchorHoriz='center', anchorVert='center', antialias=True, autoLog=True, bold=False, color=array([1., 1., 1.]), colorSpace='rgb', contrast=1.0, depth=-1.0, flipHoriz=False, flipVert=False, font='Open Sans', fontFiles=[], height=0.05, italic=False, languageStyle='LTR', name='text_3', opacity=1, ori=0.0, pos=array([0., 0.]), rgb=UNKNOWN, text='Habla ud inglés?', units='height', win=Window(...), wrapWidth=1)
7.4331 	EXP 	Created text_4 = TextStim(__class__=<class 'psychopy.visual.text.TextStim'>, alignHoriz=method-wrapper(...), alignText='center', alignVert=method-wrapper(...), anchorHoriz='center', anchorVert='center', antialias=True, autoLog=True, bold=False, color=array([1., 1., 1.]), colorSpace='rgb', contrast=1.0, depth=-2.0, flipHoriz=False, flipVert=False, font='Open Sans', fontFiles=[], height=0.05, italic=False, languageStyle='LTR', name='text_4', opacity=1, ori=0.0, pos=array([-0.25, -0.25]), rgb=UNKNOWN, text='sí (1)', units='height', win=Window(...), wrapWidth=1)
7.4358 	EXP 	Created text_5 = TextStim(__class__=<class 'psychopy.visual.text.TextStim'>, alignHoriz=method-wrapper(...), alignText='center', alignVert=method-wrapper(...), anchorHoriz='center', anchorVert='center', antialias=True, autoLog=True, bold=False, color=array([1., 1., 1.]), colorSpace='rgb', contrast=1.0, depth=-3.0, flipHoriz=False, flipVert=False, font='Open Sans', fontFiles=[], height=0.05, italic=False, languageStyle='LTR', name='text_5', opacity=1, ori=0.0, pos=array([ 0.25, -0.25]), rgb=UNKNOWN, text='no (2)', units='height', win=Window(...), wrapWidth=1)
7.4733 	EXP 	Created ins = TextStim(__class__=<class 'psychopy.visual.text.TextStim'>, alignHoriz=method-wrapper(...), alignText='center', alignVert=method-wrapper(...), anchorHoriz='center', anchorVert='center', antialias=True, autoLog=True, bold=False, color=array([1., 1., 1.]), colorSpace='rgb', contrast=1.0, depth=0.0, flipHoriz=False, flipVert=False, font='Open Sans', fontFiles=[], height=0.03, italic=False, languageStyle='LTR', name='ins', opacity=1, ori=0.0, pos=array([0., 0.]), rgb=UNKNOWN, text=str(...), units='height', win=Window(...), wrapWidth=1)
7.6686 	EXP 	Created son = TextStim(__class__=<class 'psychopy.visual.text.TextStim'>, alignHoriz=method-wrapper(...), alignText='center', alignVert=method-wrapper(...), anchorHoriz='center', anchorVert='center', antialias=True, autoLog=True, bold=False, color=array([1., 1., 1.]), colorSpace='rgb', contrast=1.0, depth=0.0, flipHoriz=False, flipVert=False, font='Open Sans', fontFiles=[], height=0.05, italic=False, languageStyle='LTR', name='son', opacity=1, ori=0.0, pos=array([-0.45, -0.25]), rgb=UNKNOWN, text='son (5)', units='height', win=Window(...), wrapWidth=1)
7.6710 	EXP 	Created su = TextStim(__class__=<class 'psychopy.visual.text.TextStim'>, alignHoriz=method-wrapper(...), alignText='center', alignVert=method-wrapper(...), anchorHoriz='center', anchorVert='center', antialias=True, autoLog=True, bold=False, color=array([1., 1., 1.]), colorSpace='rgb', contrast=1.0, depth=-1.0, flipHoriz=False, flipVert=False, font='Open Sans', fontFiles=[], height=0.05, italic=False, languageStyle='LTR', name='su', opacity=1, ori=0.0, pos=array([ 0.  , -0.25]), rgb=UNKNOWN, text='su (6)', units='height', win=Window(...), wrapWidth=1)
7.6735 	EXP 	Created fin = TextStim(__class__=<class 'psychopy.visual.text.TextStim'>, alignHoriz=method-wrapper(...), alignText='center', alignVert=method-wrapper(...), anchorHoriz='center', anchorVert='center', antialias=True, autoLog=True, bold=False, color=array([1., 1., 1.]), colorSpace='rgb', contrast=1.0, depth=-2.0, flipHoriz=False, flipVert=False, font='Open Sans', fontFiles=[], height=0.05, italic=False, languageStyle='LTR', name='fin', opacity=1, ori=0.0, pos=array([ 0.45, -0.25]), rgb=UNKNOWN, text='fin (7)', units='height', win=Window(...), wrapWidth=1)
7.6801 	EXP 	Created instructions_task = TextStim(__class__=<class 'psychopy.visual.text.TextStim'>, alignHoriz=method-wrapper(...), alignText='center', alignVert=method-wrapper(...), anchorHoriz='center', anchorVert='center', antialias=True, autoLog=True, bold=False, color=array([1., 1., 1.]), colorSpace='rgb', contrast=1.0, depth=-3.0, flipHoriz=False, flipVert=False, font='Open Sans', fontFiles=[], height=0.03, italic=False, languageStyle='LTR', name='instructions_task', opacity=1, ori=0.0, pos=array([0. , 0.4]), rgb=UNKNOWN, text=str(...), units='height', win=Window(...), wrapWidth=1)
7.8855 	EXP 	Sound stimulus set volume 1.000
7.8936 	EXP 	Created text_2 = TextStim(__class__=<class 'psychopy.visual.text.TextStim'>, alignHoriz=method-wrapper(...), alignText='center', alignVert=method-wrapper(...), anchorHoriz='center', anchorVert='center', antialias=True, autoLog=True, bold=False, color=array([ 1., -1., -1.]), colorSpace='rgb', contrast=1.0, depth=-6.0, flipHoriz=False, flipVert=False, font='Open Sans', fontFiles=[], height=0.1, italic=False, languageStyle='LTR', name='text_2', opacity=1, ori=0.0, pos=array([0., 0.]), rgb=UNKNOWN, text='+', units='height', win=Window(...), wrapWidth=1)
7.9063 	EXP 	window1: mouseVisible = True
7.9200 	EXP 	Created slider = Slider(__class__=<class 'psychopy.visual.slider.Slider'>, autoDraw=False, autoLog=True, borderColor=None, color=None, colorSpace='rgb', depth=0, fillColor=None, flip=False, font='Open Sans', granularity=0.0, labelHeight=0.03, labelWrapWidth=None, labels=(1, 2, 3, 4, 5), name='slider', opacity=None, pos=(0, 0), readOnly=False, self=UNKNOWN, size=(1.0, 0.1), startValue=None, style=method-wrapper(...), styleTweaks=method-wrapper(...), ticks=array([1, 2, 3, 4, 5]), units='height', win=Window(...))
7.9367 	EXP 	Created text_6 = TextStim(__class__=<class 'psychopy.visual.text.TextStim'>, alignHoriz=method-wrapper(...), alignText='center', alignVert=method-wrapper(...), anchorHoriz='center', anchorVert='center', antialias=True, autoLog=True, bold=False, color=array([1., 1., 1.]), colorSpace='rgb', contrast=1.0, depth=-1.0, flipHoriz=False, flipVert=False, font='Open Sans', fontFiles=[], height=0.05, italic=False, languageStyle='LTR', name='text_6', opacity=1, ori=0.0, pos=array([0. , 0.4]), rgb=UNKNOWN, text=str(...), units='height', win=Window(...), wrapWidth=1)
8.1475 	EXP 	Created text_7 = TextStim(__class__=<class 'psychopy.visual.text.TextStim'>, alignHoriz=method-wrapper(...), alignText='center', alignVert=method-wrapper(...), anchorHoriz='center', anchorVert='center', antialias=True, autoLog=True, bold=False, color=array([1., 1., 1.]), colorSpace='rgb', contrast=1.0, depth=-1.0, flipHoriz=False, flipVert=False, font='Open Sans', fontFiles=[], height=0.1, italic=False, languageStyle='LTR', name='text_7', opacity=1, ori=0.0, pos=array([0., 0.]), rgb=UNKNOWN, text=str(...), units='height', win=Window(...), wrapWidth=1)
8.1505 	EXP 	Created son_2 = TextStim(__class__=<class 'psychopy.visual.text.TextStim'>, alignHoriz=method-wrapper(...), alignText='center', alignVert=method-wrapper(...), anchorHoriz='center', anchorVert='center', antialias=True, autoLog=True, bold=False, color=array([1., 1., 1.]), colorSpace='rgb', contrast=1.0, depth=0.0, flipHoriz=False, flipVert=False, font='Open Sans', fontFiles=[], height=0.05, italic=False, languageStyle='LTR', name='son_2', opacity=1, ori=0.0, pos=array([-0.45, -0.25]), rgb=UNKNOWN, text='son (5)', units='height', win=Window(...), wrapWidth=1)
8.1529 	EXP 	Created su_2 = TextStim(__class__=<class 'psychopy.visual.text.TextStim'>, alignHoriz=method-wrapper(...), alignText='center', alignVert=method-wrapper(...), anchorHoriz='center', anchorVert='center', antialias=True, autoLog=True, bold=False, color=array([1., 1., 1.]), colorSpace='rgb', contrast=1.0, depth=-1.0, flipHoriz=False, flipVert=False, font='Open Sans', fontFiles=[], height=0.05, italic=False, languageStyle='LTR', name='su_2', opacity=1, ori=0.0, pos=array([ 0.  , -0.25]), rgb=UNKNOWN, text='su (6)', units='height', win=Window(...), wrapWidth=1)
8.1555 	EXP 	Created fin_2 = TextStim(__class__=<class 'psychopy.visual.text.TextStim'>, alignHoriz=method-wrapper(...), alignText='center', alignVert=method-wrapper(...), anchorHoriz='center', anchorVert='center', antialias=True, autoLog=True, bold=False, color=array([1., 1., 1.]), colorSpace='rgb', contrast=1.0, depth=-2.0, flipHoriz=False, flipVert=False, font='Open Sans', fontFiles=[], height=0.05, italic=False, languageStyle='LTR', name='fin_2', opacity=1, ori=0.0, pos=array([ 0.45, -0.25]), rgb=UNKNOWN, text='fin (7)', units='height', win=Window(...), wrapWidth=1)
8.1659 	EXP 	Created instructions_task_2 = TextStim(__class__=<class 'psychopy.visual.text.TextStim'>, alignHoriz=method-wrapper(...), alignText='center', alignVert=method-wrapper(...), anchorHoriz='center', anchorVert='center', antialias=True, autoLog=True, bold=False, color=array([1., 1., 1.]), colorSpace='rgb', contrast=1.0, depth=-3.0, flipHoriz=False, flipVert=False, font='Open Sans', fontFiles=[], height=0.03, italic=False, languageStyle='LTR', name='instructions_task_2', opacity=1, ori=0.0, pos=array([0. , 0.4]), rgb=UNKNOWN, text=str(...), units='height', win=Window(...), wrapWidth=1)
8.3584 	EXP 	Sound stimulus_2 set volume 1.000
8.3603 	EXP 	Created text = TextStim(__class__=<class 'psychopy.visual.text.TextStim'>, alignHoriz=method-wrapper(...), alignText='center', alignVert=method-wrapper(...), anchorHoriz='center', anchorVert='center', antialias=True, autoLog=True, bold=False, color=array([ 1., -1., -1.]), colorSpace='rgb', contrast=1.0, depth=-6.0, flipHoriz=False, flipVert=False, font='Open Sans', fontFiles=[], height=0.1, italic=False, languageStyle='LTR', name='text', opacity=1, ori=0.0, pos=array([0., 0.]), rgb=UNKNOWN, text='+', units='height', win=Window(...), wrapWidth=1)
8.3647 	EXP 	window1: mouseVisible = True
8.3756 	EXP 	Created slider_2 = Slider(__class__=<class 'psychopy.visual.slider.Slider'>, autoDraw=False, autoLog=True, borderColor=None, color=None, colorSpace='rgb', depth=0, fillColor=None, flip=False, font='Open Sans', granularity=0.0, labelHeight=0.03, labelWrapWidth=None, labels=(1, 2, 3, 4, 5), name='slider_2', opacity=None, pos=(0, 0), readOnly=False, self=UNKNOWN, size=(1.0, 0.1), startValue=None, style=method-wrapper(...), styleTweaks=method-wrapper(...), ticks=array([1, 2, 3, 4, 5]), units='height', win=Window(...))
8.3824 	EXP 	Created text_9 = TextStim(__class__=<class 'psychopy.visual.text.TextStim'>, alignHoriz=method-wrapper(...), alignText='center', alignVert=method-wrapper(...), anchorHoriz='center', anchorVert='center', antialias=True, autoLog=True, bold=False, color=array([1., 1., 1.]), colorSpace='rgb', contrast=1.0, depth=-1.0, flipHoriz=False, flipVert=False, font='Open Sans', fontFiles=[], height=0.05, italic=False, languageStyle='LTR', name='text_9', opacity=1, ori=0.0, pos=array([0. , 0.4]), rgb=UNKNOWN, text=str(...), units='height', win=Window(...), wrapWidth=1)
8.5915 	EXP 	Created text_8 = TextStim(__class__=<class 'psychopy.visual.text.TextStim'>, alignHoriz=method-wrapper(...), alignText='center', alignVert=method-wrapper(...), anchorHoriz='center', anchorVert='center', antialias=True, autoLog=True, bold=False, color=array([1., 1., 1.]), colorSpace='rgb', contrast=1.0, depth=-1.0, flipHoriz=False, flipVert=False, font='Open Sans', fontFiles=[], height=0.03, italic=False, languageStyle='LTR', name='text_8', opacity=1, ori=0.0, pos=array([0., 0.]), rgb=UNKNOWN, text=str(...), units='height', win=Window(...), wrapWidth=1)
8.5916 	EXP 	Sound sound_2afc_stim_trial set volume 1.000
8.6004 	EXP 	Created text_2afc_response_yes_trial = TextStim(__class__=<class 'psychopy.visual.text.TextStim'>, alignHoriz=method-wrapper(...), alignText='center', alignVert=method-wrapper(...), anchorHoriz='center', anchorVert='center', antialias=True, autoLog=True, bold=False, color=array([1., 1., 1.]), colorSpace='rgb', contrast=1.0, depth=-2.0, flipHoriz=False, flipVert=False, font='Arial', fontFiles=[], height=0.1, italic=False, languageStyle='LTR', name='text_2afc_response_yes_trial', opacity=1, ori=0, pos=array([-0.3,  0. ]), rgb=UNKNOWN, text='Iguales', units='height', win=Window(...), wrapWidth=1)
8.6049 	EXP 	Created text_2afc_response_no_trial = TextStim(__class__=<class 'psychopy.visual.text.TextStim'>, alignHoriz=method-wrapper(...), alignText='center', alignVert=method-wrapper(...), anchorHoriz='center', anchorVert='center', antialias=True, autoLog=True, bold=False, color=array([1., 1., 1.]), colorSpace='rgb', contrast=1.0, depth=-3.0, flipHoriz=False, flipVert=False, font='Arial', fontFiles=[], height=0.1, italic=False, languageStyle='LTR', name='text_2afc_response_no_trial', opacity=1, ori=0, pos=array([0.3, 0. ]), rgb=UNKNOWN, text='Diferentes', units='height', win=Window(...), wrapWidth=1)
8.8030 	EXP 	Created text_2afc_question_trial = TextStim(__class__=<class 'psychopy.visual.text.TextStim'>, alignHoriz=method-wrapper(...), alignText='center', alignVert=method-wrapper(...), anchorHoriz='center', anchorVert='center', antialias=True, autoLog=True, bold=False, color=array([-1., -1.,  1.]), colorSpace='rgb', contrast=1.0, depth=-5.0, flipHoriz=False, flipVert=False, font='Arial', fontFiles=[], height=0.1, italic=False, languageStyle='LTR', name='text_2afc_question_trial', opacity=1, ori=0, pos=array([0. , 0.3]), rgb=UNKNOWN, text='Son iguales las palabras?', units='height', win=Window(...), wrapWidth=1)
9.0103 	EXP 	Created text_10 = TextStim(__class__=<class 'psychopy.visual.text.TextStim'>, alignHoriz=method-wrapper(...), alignText='center', alignVert=method-wrapper(...), anchorHoriz='center', anchorVert='center', antialias=True, autoLog=True, bold=False, color=array([1., 1., 1.]), colorSpace='rgb', contrast=1.0, depth=-1.0, flipHoriz=False, flipVert=False, font='Open Sans', fontFiles=[], height=0.1, italic=False, languageStyle='LTR', name='text_10', opacity=1, ori=0.0, pos=array([0., 0.]), rgb=UNKNOWN, text=str(...), units='height', win=Window(...), wrapWidth=1)
9.0104 	EXP 	Sound sound_2afc_stim_trial_2 set volume 1.000
9.0129 	EXP 	Created text_2afc_response_yes_trial_2 = TextStim(__class__=<class 'psychopy.visual.text.TextStim'>, alignHoriz=method-wrapper(...), alignText='center', alignVert=method-wrapper(...), anchorHoriz='center', anchorVert='center', antialias=True, autoLog=True, bold=False, color=array([1., 1., 1.]), colorSpace='rgb', contrast=1.0, depth=-2.0, flipHoriz=False, flipVert=False, font='Arial', fontFiles=[], height=0.1, italic=False, languageStyle='LTR', name='text_2afc_response_yes_trial_2', opacity=1, ori=0, pos=array([-0.3,  0. ]), rgb=UNKNOWN, text='Iguales', units='height', win=Window(...), wrapWidth=1)
9.0148 	EXP 	Created text_2afc_response_no_trial_2 = TextStim(__class__=<class 'psychopy.visual.text.TextStim'>, alignHoriz=method-wrapper(...), alignText='center', alignVert=method-wrapper(...), anchorHoriz='center', anchorVert='center', antialias=True, autoLog=True, bold=False, color=array([1., 1., 1.]), colorSpace='rgb', contrast=1.0, depth=-3.0, flipHoriz=False, flipVert=False, font='Arial', fontFiles=[], height=0.1, italic=False, languageStyle='LTR', name='text_2afc_response_no_trial_2', opacity=1, ori=0, pos=array([0.3, 0. ]), rgb=UNKNOWN, text='Diferentes', units='height', win=Window(...), wrapWidth=1)
9.2100 	EXP 	Created text_2afc_question_trial_2 = TextStim(__class__=<class 'psychopy.visual.text.TextStim'>, alignHoriz=method-wrapper(...), alignText='center', alignVert=method-wrapper(...), anchorHoriz='center', anchorVert='center', antialias=True, autoLog=True, bold=False, color=array([-1., -1.,  1.]), colorSpace='rgb', contrast=1.0, depth=-5.0, flipHoriz=False, flipVert=False, font='Arial', fontFiles=[], height=0.1, italic=False, languageStyle='LTR', name='text_2afc_question_trial_2', opacity=1, ori=0, pos=array([0. , 0.3]), rgb=UNKNOWN, text='Son iguales las palabras?', units='height', win=Window(...), wrapWidth=1)
9.2211 	EXP 	slider: autoLog = True
9.2211 	EXP 	slider: markerPos = None
9.2211 	EXP 	slider: rating = None
9.2211 	EXP 	slider: markerPos = None
9.2211 	EXP 	slider: contrast = 1.0
9.2211 	EXP 	slider: autoLog = True
9.2211 	EXP 	slider: styleTweaks = []
9.2211 	EXP 	slider: style = 'rating'
9.2211 	EXP 	slider: styleTweaks = []
9.2211 	EXP 	slider_2: autoLog = True
9.2211 	EXP 	slider_2: markerPos = None
9.2211 	EXP 	slider_2: rating = None
9.2211 	EXP 	slider_2: markerPos = None
9.2211 	EXP 	slider_2: contrast = 1.0
9.2211 	EXP 	slider_2: autoLog = True
9.2211 	EXP 	slider_2: styleTweaks = []
9.2211 	EXP 	slider_2: style = 'rating'
9.2211 	EXP 	slider_2: styleTweaks = []
9.2211 	EXP 	text_3: autoDraw = True
9.2211 	EXP 	text_4: autoDraw = True
9.2211 	EXP 	text_5: autoDraw = True
15.6779 	DATA 	Keypress: 1
15.6828 	EXP 	text_3: autoDraw = False
15.6828 	EXP 	text_4: autoDraw = False
15.6828 	EXP 	text_5: autoDraw = False
15.6828 	EXP 	ins: autoDraw = True
17.5241 	EXP 	Imported conditions/conditions_german.csv as conditions, 8 conditions, 1 params
17.5246 	EXP 	Created sequence: random, trialTypes=8, nReps=3, seed=None
17.5248 	EXP 	New trial (rep=0, index=0): OrderedDict([('stim', 'stim/pof_g.wav')])
17.5408 	DATA 	Keypress: space
17.5450 	EXP 	ins: autoDraw = False
17.5450 	EXP 	instructions_task: autoDraw = True
17.5450 	EXP 	text_2: autoDraw = True
17.7498 	EXP 	text_2: autoDraw = False
17.7662 	EXP 	son: autoDraw = True
17.7662 	EXP 	su: autoDraw = True
17.7662 	EXP 	fin: autoDraw = True
19.2795 	DATA 	Keypress: 5
19.2924 	EXP 	son: autoDraw = False
19.2924 	EXP 	su: autoDraw = False
19.2924 	EXP 	fin: autoDraw = False
19.2924 	EXP 	instructions_task: autoDraw = False
19.2924 	EXP 	text_2: autoDraw = False
19.2924 	EXP 	slider: markerPos = None
19.2924 	EXP 	slider: markerPos = None
19.2924 	EXP 	slider: rating = None
19.2924 	EXP 	slider: autoDraw = True
19.2924 	EXP 	text_6: autoDraw = True
20.2366 	DATA 	Mouse: Left button down, pos=(772,434)
20.2672 	EXP 	slider: markerPos = 3.2355555555555555
20.2818 	EXP 	slider: markerPos = 3.2355555555555555
20.2986 	EXP 	slider: markerPos = 3.2355555555555555
20.3046 	DATA 	Mouse:  Left button up, pos=(773,434)
20.3155 	EXP 	slider: markerPos = 3.2355555555555555
20.3350 	EXP 	slider: markerPos = 3.2355555555555555
20.3350 	EXP 	slider: rating = 3.2355555555555555
20.3371 	EXP 	New trial (rep=0, index=1): OrderedDict([('stim', 'stim/p_schwa_g.wav')])
20.3485 	EXP 	slider: autoDraw = False
20.3485 	EXP 	text_6: autoDraw = False
20.3485 	EXP 	instructions_task: autoDraw = True
20.3485 	EXP 	text_2: autoDraw = True
20.5543 	EXP 	text_2: autoDraw = False
20.5813 	EXP 	son: autoDraw = True
20.5813 	EXP 	su: autoDraw = True
20.5813 	EXP 	fin: autoDraw = True
21.6587 	DATA 	Keypress: 6
21.6699 	EXP 	son: autoDraw = False
21.6699 	EXP 	su: autoDraw = False
21.6699 	EXP 	fin: autoDraw = False
21.6699 	EXP 	instructions_task: autoDraw = False
21.6699 	EXP 	text_2: autoDraw = False
21.6699 	EXP 	slider: markerPos = None
21.6699 	EXP 	slider: markerPos = None
21.6699 	EXP 	slider: rating = None
21.6699 	EXP 	slider: autoDraw = True
21.6699 	EXP 	text_6: autoDraw = True
22.1038 	DATA 	Mouse: Left button down, pos=(773,434)
22.1336 	EXP 	slider: markerPos = 3.2355555555555555
22.1488 	EXP 	slider: markerPos = 3.2355555555555555
22.1653 	EXP 	slider: markerPos = 3.2355555555555555
22.1822 	EXP 	slider: markerPos = 3.2355555555555555
22.1988 	EXP 	slider: markerPos = 3.2355555555555555
22.2146 	EXP 	slider: markerPos = 3.2355555555555555
22.2152 	DATA 	Mouse:  Left button up, pos=(773,434)
22.2327 	EXP 	slider: markerPos = 3.2355555555555555
22.2327 	EXP 	slider: rating = 3.2355555555555555
22.2345 	EXP 	New trial (rep=0, index=2): OrderedDict([('stim', 'stim/peuf_g.wav')])
22.2490 	EXP 	slider: autoDraw = False
22.2490 	EXP 	text_6: autoDraw = False
22.2490 	EXP 	instructions_task: autoDraw = True
22.2490 	EXP 	text_2: autoDraw = True
22.4495 	EXP 	text_2: autoDraw = False
22.4823 	EXP 	son: autoDraw = True
22.4823 	EXP 	su: autoDraw = True
22.4823 	EXP 	fin: autoDraw = True
22.6649 	DATA 	Keypress: 6
22.6728 	EXP 	son: autoDraw = False
22.6728 	EXP 	su: autoDraw = False
22.6728 	EXP 	fin: autoDraw = False
22.6728 	EXP 	instructions_task: autoDraw = False
22.6728 	EXP 	text_2: autoDraw = False
22.6728 	EXP 	slider: markerPos = None
22.6728 	EXP 	slider: markerPos = None
22.6728 	EXP 	slider: rating = None
22.6728 	EXP 	slider: autoDraw = True
22.6728 	EXP 	text_6: autoDraw = True
22.8058 	DATA 	Mouse: Left button down, pos=(773,434)
22.8321 	EXP 	slider: markerPos = 3.2355555555555555
22.8495 	EXP 	slider: markerPos = 3.2355555555555555
22.8682 	EXP 	slider: markerPos = 3.2355555555555555
22.8819 	EXP 	slider: markerPos = 3.2355555555555555
22.8981 	EXP 	slider: markerPos = 3.2355555555555555
22.9158 	EXP 	slider: markerPos = 3.2355555555555555
22.9345 	EXP 	slider: markerPos = 3.2355555555555555
22.9355 	DATA 	Mouse:  Left button up, pos=(773,434)
22.9486 	EXP 	slider: markerPos = 3.2355555555555555
22.9486 	EXP 	slider: rating = 3.2355555555555555
22.9505 	EXP 	New trial (rep=0, index=3): OrderedDict([('stim', 'stim/feuf_g.wav')])
22.9649 	EXP 	slider: autoDraw = False
22.9649 	EXP 	text_6: autoDraw = False
22.9649 	EXP 	instructions_task: autoDraw = True
22.9649 	EXP 	text_2: autoDraw = True
23.1657 	EXP 	text_2: autoDraw = False
23.2011 	EXP 	son: autoDraw = True
23.2011 	EXP 	su: autoDraw = True
23.2011 	EXP 	fin: autoDraw = True
23.3094 	DATA 	Keypress: 6
23.3176 	EXP 	son: autoDraw = False
23.3176 	EXP 	su: autoDraw = False
23.3176 	EXP 	fin: autoDraw = False
23.3176 	EXP 	instructions_task: autoDraw = False
23.3176 	EXP 	text_2: autoDraw = False
23.3176 	EXP 	slider: markerPos = None
23.3176 	EXP 	slider: markerPos = None
23.3176 	EXP 	slider: rating = None
23.3176 	EXP 	slider: autoDraw = True
23.3176 	EXP 	text_6: autoDraw = True
23.4824 	DATA 	Mouse: Left button down, pos=(773,434)
23.4987 	EXP 	slider: markerPos = 3.2355555555555555
23.5158 	EXP 	slider: markerPos = 3.2355555555555555
23.5350 	EXP 	slider: markerPos = 3.2355555555555555
23.5486 	EXP 	slider: markerPos = 3.2355555555555555
23.5655 	EXP 	slider: markerPos = 3.2355555555555555
23.5821 	EXP 	slider: markerPos = 3.2355555555555555
23.5880 	DATA 	Mouse:  Left button up, pos=(773,434)
23.6010 	EXP 	slider: markerPos = 3.2355555555555555
23.6155 	EXP 	slider: markerPos = 3.2355555555555555
23.6155 	EXP 	slider: rating = 3.2355555555555555
23.6173 	EXP 	New trial (rep=0, index=4): OrderedDict([('stim', 'stim/pief_g.wav')])
23.6320 	EXP 	slider: autoDraw = False
23.6320 	EXP 	text_6: autoDraw = False
23.6320 	EXP 	instructions_task: autoDraw = True
23.6320 	EXP 	text_2: autoDraw = True
23.7591 	DATA 	Keypress: 6
23.7675 	EXP 	son: autoDraw = False
23.7675 	EXP 	su: autoDraw = False
23.7675 	EXP 	fin: autoDraw = False
23.7675 	EXP 	instructions_task: autoDraw = False
23.7675 	EXP 	text_2: autoDraw = False
23.7675 	EXP 	slider: markerPos = None
23.7675 	EXP 	slider: markerPos = None
23.7675 	EXP 	slider: rating = None
23.7675 	EXP 	slider: autoDraw = True
23.7675 	EXP 	text_6: autoDraw = True
24.0325 	DATA 	Mouse: Left button down, pos=(773,434)
24.0491 	EXP 	slider: markerPos = 3.2355555555555555
24.0681 	EXP 	slider: markerPos = 3.2355555555555555
24.0820 	EXP 	slider: markerPos = 3.2355555555555555
24.0992 	EXP 	slider: markerPos = 3.2355555555555555
24.1158 	EXP 	slider: markerPos = 3.2355555555555555
24.1361 	EXP 	slider: markerPos = 3.2355555555555555
24.1485 	EXP 	slider: markerPos = 3.2355555555555555
24.1649 	EXP 	slider: markerPos = 3.2355555555555555
24.1655 	DATA 	Mouse:  Left button up, pos=(773,434)
24.1827 	EXP 	slider: markerPos = 3.2355555555555555
24.1827 	EXP 	slider: rating = 3.2355555555555555
24.1845 	EXP 	New trial (rep=0, index=5): OrderedDict([('stim', 'stim/fof_g.wav')])
24.2005 	EXP 	slider: autoDraw = False
24.2005 	EXP 	text_6: autoDraw = False
24.2005 	EXP 	instructions_task: autoDraw = True
24.2005 	EXP 	text_2: autoDraw = True
24.2589 	DATA 	Keypress: 6
24.2712 	EXP 	son: autoDraw = False
24.2712 	EXP 	su: autoDraw = False
24.2712 	EXP 	fin: autoDraw = False
24.2712 	EXP 	instructions_task: autoDraw = False
24.2712 	EXP 	text_2: autoDraw = False
24.2712 	EXP 	slider: markerPos = None
24.2712 	EXP 	slider: markerPos = None
24.2712 	EXP 	slider: rating = None
24.2712 	EXP 	slider: autoDraw = True
24.2712 	EXP 	text_6: autoDraw = True
24.5326 	DATA 	Mouse: Left button down, pos=(773,434)
24.5494 	EXP 	slider: markerPos = 3.2355555555555555
24.5660 	EXP 	slider: markerPos = 3.2355555555555555
24.5825 	EXP 	slider: markerPos = 3.2355555555555555
24.6013 	EXP 	slider: markerPos = 3.2355555555555555
24.6154 	EXP 	slider: markerPos = 3.2355555555555555
24.6323 	EXP 	slider: markerPos = 3.2355555555555555
24.6489 	EXP 	slider: markerPos = 3.2355555555555555
24.6685 	EXP 	slider: markerPos = 3.2355555555555555
24.6692 	DATA 	Mouse:  Left button up, pos=(773,434)
24.6732 	DATA 	Keypress: 6
24.6837 	EXP 	slider: markerPos = 3.2355555555555555
24.6837 	EXP 	slider: rating = 3.2355555555555555
24.6857 	EXP 	New trial (rep=0, index=6): OrderedDict([('stim', 'stim/fief_g.wav')])
24.6989 	EXP 	slider: autoDraw = False
24.6989 	EXP 	text_6: autoDraw = False
24.6989 	EXP 	instructions_task: autoDraw = True
24.6989 	EXP 	text_2: autoDraw = True
24.9001 	EXP 	text_2: autoDraw = False
24.9316 	EXP 	son: autoDraw = True
24.9316 	EXP 	su: autoDraw = True
24.9316 	EXP 	fin: autoDraw = True
25.0043 	DATA 	Mouse: Left button down, pos=(773,434)
25.0588 	DATA 	Keypress: 6
25.0651 	DATA 	Mouse:  Left button up, pos=(773,434)
25.0709 	EXP 	son: autoDraw = False
25.0709 	EXP 	su: autoDraw = False
25.0709 	EXP 	fin: autoDraw = False
25.0709 	EXP 	instructions_task: autoDraw = False
25.0709 	EXP 	text_2: autoDraw = False
25.0709 	EXP 	slider: markerPos = None
25.0709 	EXP 	slider: markerPos = None
25.0709 	EXP 	slider: rating = None
25.0709 	EXP 	slider: autoDraw = True
25.0709 	EXP 	text_6: autoDraw = True
25.0709 	EXP 	slider: markerPos = 3.2355555555555555
25.0822 	EXP 	slider: markerPos = 3.2355555555555555
25.0822 	EXP 	slider: rating = 3.2355555555555555
25.0840 	EXP 	New trial (rep=0, index=7): OrderedDict([('stim', 'stim/f_schwa_g.wav')])
25.0989 	EXP 	slider: autoDraw = False
25.0989 	EXP 	text_6: autoDraw = False
25.0989 	EXP 	instructions_task: autoDraw = True
25.0989 	EXP 	text_2: autoDraw = True
25.2991 	EXP 	text_2: autoDraw = False
25.3196 	DATA 	Mouse: Left button down, pos=(773,434)
25.3359 	EXP 	son: autoDraw = True
25.3359 	EXP 	su: autoDraw = True
25.3359 	EXP 	fin: autoDraw = True
25.3551 	DATA 	Keypress: 6
25.3972 	EXP 	son: autoDraw = False
25.3972 	EXP 	su: autoDraw = False
25.3972 	EXP 	fin: autoDraw = False
25.3972 	EXP 	instructions_task: autoDraw = False
25.3972 	EXP 	text_2: autoDraw = False
25.3972 	EXP 	slider: markerPos = None
25.3972 	EXP 	slider: markerPos = None
25.3972 	EXP 	slider: rating = None
25.3972 	EXP 	slider: autoDraw = True
25.3972 	EXP 	text_6: autoDraw = True
25.3972 	EXP 	slider: markerPos = 3.2355555555555555
25.4161 	EXP 	slider: markerPos = 3.2355555555555555
25.4328 	EXP 	slider: markerPos = 3.2355555555555555
25.4335 	DATA 	Mouse:  Left button up, pos=(773,434)
25.4491 	EXP 	slider: markerPos = 3.2355555555555555
25.4491 	EXP 	slider: rating = 3.2355555555555555
25.4508 	EXP 	New trial (rep=1, index=0): OrderedDict([('stim', 'stim/fief_g.wav')])
25.4669 	EXP 	slider: autoDraw = False
25.4669 	EXP 	text_6: autoDraw = False
25.4669 	EXP 	instructions_task: autoDraw = True
25.4669 	EXP 	text_2: autoDraw = True
25.6440 	DATA 	Keypress: 6
25.6523 	EXP 	son: autoDraw = False
25.6523 	EXP 	su: autoDraw = False
25.6523 	EXP 	fin: autoDraw = False
25.6523 	EXP 	instructions_task: autoDraw = False
25.6523 	EXP 	text_2: autoDraw = False
25.6523 	EXP 	slider: markerPos = None
25.6523 	EXP 	slider: markerPos = None
25.6523 	EXP 	slider: rating = None
25.6523 	EXP 	slider: autoDraw = True
25.6523 	EXP 	text_6: autoDraw = True
25.8019 	DATA 	Mouse: Left button down, pos=(773,434)
25.8152 	EXP 	slider: markerPos = 3.2355555555555555
25.8322 	EXP 	slider: markerPos = 3.2355555555555555
25.8488 	EXP 	slider: markerPos = 3.2355555555555555
25.8674 	EXP 	slider: markerPos = 3.2355555555555555
25.8822 	EXP 	slider: markerPos = 3.2355555555555555
25.8989 	EXP 	slider: markerPos = 3.2355555555555555
25.9160 	EXP 	slider: markerPos = 3.2355555555555555
25.9363 	EXP 	slider: markerPos = 3.2355555555555555
25.9487 	EXP 	slider: markerPos = 3.2355555555555555
25.9657 	EXP 	slider: markerPos = 3.2355555555555555
25.9707 	DATA 	Keypress: 6
25.9711 	DATA 	Mouse:  Left button up, pos=(773,434)
25.9823 	EXP 	slider: markerPos = 3.2355555555555555
25.9823 	EXP 	slider: rating = 3.2355555555555555
25.9843 	EXP 	New trial (rep=1, index=1): OrderedDict([('stim', 'stim/pief_g.wav')])
26.0018 	EXP 	slider: autoDraw = False
26.0018 	EXP 	text_6: autoDraw = False
26.0018 	EXP 	instructions_task: autoDraw = True
26.0018 	EXP 	text_2: autoDraw = True
26.2160 	EXP 	text_2: autoDraw = False
26.2320 	EXP 	son: autoDraw = True
26.2320 	EXP 	su: autoDraw = True
26.2320 	EXP 	fin: autoDraw = True
26.2352 	DATA 	Mouse: Left button down, pos=(773,434)
26.2596 	DATA 	Keypress: 6
26.2698 	EXP 	son: autoDraw = False
26.2698 	EXP 	su: autoDraw = False
26.2698 	EXP 	fin: autoDraw = False
26.2698 	EXP 	instructions_task: autoDraw = False
26.2698 	EXP 	text_2: autoDraw = False
26.2698 	EXP 	slider: markerPos = None
26.2698 	EXP 	slider: markerPos = None
26.2698 	EXP 	slider: rating = None
26.2698 	EXP 	slider: autoDraw = True
26.2698 	EXP 	text_6: autoDraw = True
26.2698 	EXP 	slider: markerPos = 3.2355555555555555
26.2820 	EXP 	slider: markerPos = 3.2355555555555555
26.2986 	EXP 	slider: markerPos = 3.2355555555555555
26.3155 	EXP 	slider: markerPos = 3.2355555555555555
26.3346 	EXP 	slider: markerPos = 3.2355555555555555
26.3480 	EXP 	slider: markerPos = 3.2355555555555555
26.3488 	DATA 	Mouse:  Left button up, pos=(773,434)
26.3657 	EXP 	slider: markerPos = 3.2355555555555555
26.3657 	EXP 	slider: rating = 3.2355555555555555
26.3674 	EXP 	New trial (rep=1, index=2): OrderedDict([('stim', 'stim/pof_g.wav')])
26.3822 	EXP 	slider: autoDraw = False
26.3822 	EXP 	text_6: autoDraw = False
26.3822 	EXP 	instructions_task: autoDraw = True
26.3822 	EXP 	text_2: autoDraw = True
26.4934 	DATA 	Keypress: 6
26.5019 	EXP 	son: autoDraw = False
26.5019 	EXP 	su: autoDraw = False
26.5019 	EXP 	fin: autoDraw = False
26.5019 	EXP 	instructions_task: autoDraw = False
26.5019 	EXP 	text_2: autoDraw = False
26.5019 	EXP 	slider: markerPos = None
26.5019 	EXP 	slider: markerPos = None
26.5019 	EXP 	slider: rating = None
26.5019 	EXP 	slider: autoDraw = True
26.5019 	EXP 	text_6: autoDraw = True
26.5671 	DATA 	Mouse: Left button down, pos=(773,434)
26.5823 	EXP 	slider: markerPos = 3.2355555555555555
26.6009 	EXP 	slider: markerPos = 3.2355555555555555
26.6154 	EXP 	slider: markerPos = 3.2355555555555555
26.6320 	EXP 	slider: markerPos = 3.2355555555555555
26.6491 	EXP 	slider: markerPos = 3.2355555555555555
26.6682 	EXP 	slider: markerPos = 3.2355555555555555
26.6820 	EXP 	slider: markerPos = 3.2355555555555555
26.6825 	DATA 	Mouse:  Left button up, pos=(773,434)
26.6986 	EXP 	slider: markerPos = 3.2355555555555555
26.6986 	EXP 	slider: rating = 3.2355555555555555
26.7004 	EXP 	New trial (rep=1, index=3): OrderedDict([('stim', 'stim/f_schwa_g.wav')])
26.7156 	EXP 	slider: autoDraw = False
26.7156 	EXP 	text_6: autoDraw = False
26.7156 	EXP 	instructions_task: autoDraw = True
26.7156 	EXP 	text_2: autoDraw = True
26.7419 	DATA 	Keypress: 6
26.7499 	EXP 	son: autoDraw = False
26.7499 	EXP 	su: autoDraw = False
26.7499 	EXP 	fin: autoDraw = False
26.7499 	EXP 	instructions_task: autoDraw = False
26.7499 	EXP 	text_2: autoDraw = False
26.7499 	EXP 	slider: markerPos = None
26.7499 	EXP 	slider: markerPos = None
26.7499 	EXP 	slider: rating = None
26.7499 	EXP 	slider: autoDraw = True
26.7499 	EXP 	text_6: autoDraw = True
26.8692 	DATA 	Mouse: Left button down, pos=(773,434)
26.8819 	EXP 	slider: markerPos = 3.2355555555555555
26.8988 	EXP 	slider: markerPos = 3.2355555555555555
26.9157 	EXP 	slider: markerPos = 3.2355555555555555
26.9323 	EXP 	slider: markerPos = 3.2355555555555555
26.9489 	EXP 	slider: markerPos = 3.2355555555555555
26.9655 	EXP 	slider: markerPos = 3.2355555555555555
26.9816 	EXP 	slider: markerPos = 3.2355555555555555
26.9860 	DATA 	Keypress: 6
27.0003 	EXP 	slider: markerPos = 3.2355555555555555
27.0011 	DATA 	Mouse:  Left button up, pos=(773,434)
27.0152 	EXP 	slider: markerPos = 3.2355555555555555
27.0152 	EXP 	slider: rating = 3.2355555555555555
27.0169 	EXP 	New trial (rep=1, index=4): OrderedDict([('stim', 'stim/fof_g.wav')])
27.0323 	EXP 	slider: autoDraw = False
27.0323 	EXP 	text_6: autoDraw = False
27.0323 	EXP 	instructions_task: autoDraw = True
27.0323 	EXP 	text_2: autoDraw = True
27.1344 	DATA 	Mouse: Left button down, pos=(773,434)
27.2257 	DATA 	Keypress: 6
27.2356 	EXP 	text_2: autoDraw = False
27.2356 	EXP 	son: autoDraw = False
27.2356 	EXP 	su: autoDraw = False
27.2356 	EXP 	fin: autoDraw = False
27.2356 	EXP 	instructions_task: autoDraw = False
27.2356 	EXP 	text_2: autoDraw = False
27.2356 	EXP 	slider: markerPos = None
27.2356 	EXP 	slider: markerPos = None
27.2356 	EXP 	slider: rating = None
27.2356 	EXP 	slider: autoDraw = True
27.2356 	EXP 	text_6: autoDraw = True
27.2356 	EXP 	slider: markerPos = 3.2355555555555555
27.2490 	EXP 	slider: markerPos = 3.2355555555555555
27.2678 	EXP 	slider: markerPos = 3.2355555555555555
27.2686 	DATA 	Mouse:  Left button up, pos=(773,434)
27.2822 	EXP 	slider: markerPos = 3.2355555555555555
27.2822 	EXP 	slider: rating = 3.2355555555555555
27.2839 	EXP 	New trial (rep=1, index=5): OrderedDict([('stim', 'stim/feuf_g.wav')])
27.2990 	EXP 	slider: autoDraw = False
27.2990 	EXP 	text_6: autoDraw = False
27.2990 	EXP 	instructions_task: autoDraw = True
27.2990 	EXP 	text_2: autoDraw = True
27.3848 	DATA 	Mouse: Left button down, pos=(773,434)
27.4605 	DATA 	Keypress: 6
27.4707 	EXP 	son: autoDraw = False
27.4707 	EXP 	su: autoDraw = False
27.4707 	EXP 	fin: autoDraw = False
27.4707 	EXP 	instructions_task: autoDraw = False
27.4707 	EXP 	text_2: autoDraw = False
27.4707 	EXP 	slider: markerPos = None
27.4707 	EXP 	slider: markerPos = None
27.4707 	EXP 	slider: rating = None
27.4707 	EXP 	slider: autoDraw = True
27.4707 	EXP 	text_6: autoDraw = True
27.4707 	EXP 	slider: markerPos = 3.2355555555555555
27.4821 	EXP 	slider: markerPos = 3.2355555555555555
27.4989 	EXP 	slider: markerPos = 3.2355555555555555
27.5158 	EXP 	slider: markerPos = 3.2355555555555555
27.5164 	DATA 	Mouse:  Left button up, pos=(773,434)
27.5322 	EXP 	slider: markerPos = 3.2355555555555555
27.5322 	EXP 	slider: rating = 3.2355555555555555
27.5340 	EXP 	New trial (rep=1, index=6): OrderedDict([('stim', 'stim/p_schwa_g.wav')])
27.5488 	EXP 	slider: autoDraw = False
27.5488 	EXP 	text_6: autoDraw = False
27.5488 	EXP 	instructions_task: autoDraw = True
27.5488 	EXP 	text_2: autoDraw = True
27.6176 	DATA 	Mouse: Left button down, pos=(773,434)
27.6758 	DATA 	Keypress: 6
27.6859 	EXP 	son: autoDraw = False
27.6859 	EXP 	su: autoDraw = False
27.6859 	EXP 	fin: autoDraw = False
27.6859 	EXP 	instructions_task: autoDraw = False
27.6859 	EXP 	text_2: autoDraw = False
27.6859 	EXP 	slider: markerPos = None
27.6859 	EXP 	slider: markerPos = None
27.6859 	EXP 	slider: rating = None
27.6859 	EXP 	slider: autoDraw = True
27.6859 	EXP 	text_6: autoDraw = True
27.6859 	EXP 	slider: markerPos = 3.2355555555555555
27.6991 	EXP 	slider: markerPos = 3.2355555555555555
27.7159 	EXP 	slider: markerPos = 3.2355555555555555
27.7345 	EXP 	slider: markerPos = 3.2355555555555555
27.7355 	DATA 	Mouse:  Left button up, pos=(773,434)
27.7480 	EXP 	slider: markerPos = 3.2355555555555555
27.7480 	EXP 	slider: rating = 3.2355555555555555
27.7498 	EXP 	New trial (rep=1, index=7): OrderedDict([('stim', 'stim/peuf_g.wav')])
27.7655 	EXP 	slider: autoDraw = False
27.7655 	EXP 	text_6: autoDraw = False
27.7655 	EXP 	instructions_task: autoDraw = True
27.7655 	EXP 	text_2: autoDraw = True
27.8340 	DATA 	Mouse: Left button down, pos=(773,434)
27.8924 	DATA 	Keypress: 6
27.9025 	EXP 	son: autoDraw = False
27.9025 	EXP 	su: autoDraw = False
27.9025 	EXP 	fin: autoDraw = False
27.9025 	EXP 	instructions_task: autoDraw = False
27.9025 	EXP 	text_2: autoDraw = False
27.9025 	EXP 	slider: markerPos = None
27.9025 	EXP 	slider: markerPos = None
27.9025 	EXP 	slider: rating = None
27.9025 	EXP 	slider: autoDraw = True
27.9025 	EXP 	text_6: autoDraw = True
27.9025 	EXP 	slider: markerPos = 3.2355555555555555
27.9157 	EXP 	slider: markerPos = 3.2355555555555555
27.9324 	EXP 	slider: markerPos = 3.2355555555555555
27.9492 	EXP 	slider: markerPos = 3.2355555555555555
27.9656 	EXP 	slider: markerPos = 3.2355555555555555
27.9662 	DATA 	Mouse:  Left button up, pos=(773,434)
27.9821 	EXP 	slider: markerPos = 3.2355555555555555
27.9821 	EXP 	slider: rating = 3.2355555555555555
27.9839 	EXP 	New trial (rep=2, index=0): OrderedDict([('stim', 'stim/pief_g.wav')])
28.0004 	EXP 	slider: autoDraw = False
28.0004 	EXP 	text_6: autoDraw = False
28.0004 	EXP 	instructions_task: autoDraw = True
28.0004 	EXP 	text_2: autoDraw = True
28.0710 	DATA 	Mouse: Left button down, pos=(773,434)
28.1081 	DATA 	Keypress: 6
28.1180 	EXP 	son: autoDraw = False
28.1180 	EXP 	su: autoDraw = False
28.1180 	EXP 	fin: autoDraw = False
28.1180 	EXP 	instructions_task: autoDraw = False
28.1180 	EXP 	text_2: autoDraw = False
28.1180 	EXP 	slider: markerPos = None
28.1180 	EXP 	slider: markerPos = None
28.1180 	EXP 	slider: rating = None
28.1180 	EXP 	slider: autoDraw = True
28.1180 	EXP 	text_6: autoDraw = True
28.1180 	EXP 	slider: markerPos = 3.2355555555555555
28.1352 	EXP 	slider: markerPos = 3.2355555555555555
28.1488 	EXP 	slider: markerPos = 3.2355555555555555
28.1655 	EXP 	slider: markerPos = 3.2355555555555555
28.1824 	EXP 	slider: markerPos = 3.2355555555555555
28.2014 	EXP 	slider: markerPos = 3.2355555555555555
28.2023 	DATA 	Mouse:  Left button up, pos=(773,434)
28.2152 	EXP 	slider: markerPos = 3.2355555555555555
28.2152 	EXP 	slider: rating = 3.2355555555555555
28.2170 	EXP 	New trial (rep=2, index=1): OrderedDict([('stim', 'stim/feuf_g.wav')])
28.2317 	EXP 	slider: autoDraw = False
28.2317 	EXP 	text_6: autoDraw = False
28.2317 	EXP 	instructions_task: autoDraw = True
28.2317 	EXP 	text_2: autoDraw = True
28.3224 	DATA 	Mouse: Left button down, pos=(773,434)
28.3263 	DATA 	Keypress: 6
28.3370 	EXP 	son: autoDraw = False
28.3370 	EXP 	su: autoDraw = False
28.3370 	EXP 	fin: autoDraw = False
28.3370 	EXP 	instructions_task: autoDraw = False
28.3370 	EXP 	text_2: autoDraw = False
28.3370 	EXP 	slider: markerPos = None
28.3370 	EXP 	slider: markerPos = None
28.3370 	EXP 	slider: rating = None
28.3370 	EXP 	slider: autoDraw = True
28.3370 	EXP 	text_6: autoDraw = True
28.3370 	EXP 	slider: markerPos = 3.2355555555555555
28.3491 	EXP 	slider: markerPos = 3.2355555555555555
28.3657 	EXP 	slider: markerPos = 3.2355555555555555
28.3822 	EXP 	slider: markerPos = 3.2355555555555555
28.4005 	EXP 	slider: markerPos = 3.2355555555555555
28.4155 	EXP 	slider: markerPos = 3.2355555555555555
28.4322 	EXP 	slider: markerPos = 3.2355555555555555
28.4490 	EXP 	slider: markerPos = 3.2355555555555555
28.4552 	DATA 	Mouse:  Left button up, pos=(773,434)
28.4680 	EXP 	slider: markerPos = 3.2355555555555555
28.4820 	EXP 	slider: markerPos = 3.2355555555555555
28.4820 	EXP 	slider: rating = 3.2355555555555555
28.4837 	EXP 	New trial (rep=2, index=2): OrderedDict([('stim', 'stim/fief_g.wav')])
28.4995 	EXP 	slider: autoDraw = False
28.4995 	EXP 	text_6: autoDraw = False
28.4995 	EXP 	instructions_task: autoDraw = True
28.4995 	EXP 	text_2: autoDraw = True
28.5421 	DATA 	Keypress: 6
28.5499 	EXP 	son: autoDraw = False
28.5499 	EXP 	su: autoDraw = False
28.5499 	EXP 	fin: autoDraw = False
28.5499 	EXP 	instructions_task: autoDraw = False
28.5499 	EXP 	text_2: autoDraw = False
28.5499 	EXP 	slider: markerPos = None
28.5499 	EXP 	slider: markerPos = None
28.5499 	EXP 	slider: rating = None
28.5499 	EXP 	slider: autoDraw = True
28.5499 	EXP 	text_6: autoDraw = True
28.5699 	DATA 	Mouse: Left button down, pos=(773,434)
28.6006 	EXP 	slider: markerPos = 3.2355555555555555
28.6155 	EXP 	slider: markerPos = 3.2355555555555555
28.6327 	EXP 	slider: markerPos = 3.2355555555555555
28.6491 	EXP 	slider: markerPos = 3.2355555555555555
28.6677 	EXP 	slider: markerPos = 3.2355555555555555
28.6821 	EXP 	slider: markerPos = 3.2355555555555555
28.6990 	EXP 	slider: markerPos = 3.2355555555555555
28.7146 	EXP 	slider: markerPos = 3.2355555555555555
28.7210 	DATA 	Mouse:  Left button up, pos=(773,434)
28.7357 	EXP 	slider: markerPos = 3.2355555555555555
28.7489 	EXP 	slider: markerPos = 3.2355555555555555
28.7489 	EXP 	slider: rating = 3.2355555555555555
28.7505 	EXP 	New trial (rep=2, index=3): OrderedDict([('stim', 'stim/p_schwa_g.wav')])
28.7654 	EXP 	slider: autoDraw = False
28.7654 	EXP 	text_6: autoDraw = False
28.7654 	EXP 	instructions_task: autoDraw = True
28.7654 	EXP 	text_2: autoDraw = True
28.7723 	DATA 	Keypress: 6
28.8343 	DATA 	Mouse: Left button down, pos=(773,434)
28.9657 	EXP 	text_2: autoDraw = False
29.0035 	EXP 	son: autoDraw = True
29.0035 	EXP 	su: autoDraw = True
29.0035 	EXP 	fin: autoDraw = True
29.0182 	DATA 	Mouse:  Left button up, pos=(773,434)
29.0421 	DATA 	Keypress: 6
29.0503 	EXP 	son: autoDraw = False
29.0503 	EXP 	su: autoDraw = False
29.0503 	EXP 	fin: autoDraw = False
29.0503 	EXP 	instructions_task: autoDraw = False
29.0503 	EXP 	text_2: autoDraw = False
29.0503 	EXP 	slider: markerPos = None
29.0503 	EXP 	slider: markerPos = None
29.0503 	EXP 	slider: rating = None
29.0503 	EXP 	slider: autoDraw = True
29.0503 	EXP 	text_6: autoDraw = True
29.2016 	DATA 	Mouse: Left button down, pos=(773,434)
29.2153 	EXP 	slider: markerPos = 3.2355555555555555
29.2329 	EXP 	slider: markerPos = 3.2355555555555555
29.2487 	EXP 	slider: markerPos = 3.2355555555555555
29.2655 	EXP 	slider: markerPos = 3.2355555555555555
29.2819 	EXP 	slider: markerPos = 3.2355555555555555
29.2989 	EXP 	slider: markerPos = 3.2355555555555555
29.3159 	EXP 	slider: markerPos = 3.2355555555555555
29.3349 	EXP 	slider: markerPos = 3.2355555555555555
29.3488 	EXP 	slider: markerPos = 3.2355555555555555
29.3589 	DATA 	Keypress: 6
29.3656 	EXP 	slider: markerPos = 3.2355555555555555
29.3820 	EXP 	slider: markerPos = 3.2355555555555555
29.3880 	DATA 	Mouse:  Left button up, pos=(773,434)
29.4003 	EXP 	slider: markerPos = 3.2355555555555555
29.4154 	EXP 	slider: markerPos = 3.2355555555555555
29.4154 	EXP 	slider: rating = 3.2355555555555555
29.4172 	EXP 	New trial (rep=2, index=4): OrderedDict([('stim', 'stim/peuf_g.wav')])
29.4324 	EXP 	slider: autoDraw = False
29.4324 	EXP 	text_6: autoDraw = False
29.4324 	EXP 	instructions_task: autoDraw = True
29.4324 	EXP 	text_2: autoDraw = True
29.5850 	DATA 	Mouse: Left button down, pos=(773,434)
29.6325 	EXP 	text_2: autoDraw = False
29.6684 	EXP 	son: autoDraw = True
29.6684 	EXP 	su: autoDraw = True
29.6684 	EXP 	fin: autoDraw = True
29.6918 	DATA 	Keypress: 6
29.7017 	EXP 	son: autoDraw = False
29.7017 	EXP 	su: autoDraw = False
29.7017 	EXP 	fin: autoDraw = False
29.7017 	EXP 	instructions_task: autoDraw = False
29.7017 	EXP 	text_2: autoDraw = False
29.7017 	EXP 	slider: markerPos = None
29.7017 	EXP 	slider: markerPos = None
29.7017 	EXP 	slider: rating = None
29.7017 	EXP 	slider: autoDraw = True
29.7017 	EXP 	text_6: autoDraw = True
29.7017 	EXP 	slider: markerPos = 3.2355555555555555
29.7158 	EXP 	slider: markerPos = 3.2355555555555555
29.7360 	EXP 	slider: markerPos = 3.2355555555555555
29.7368 	DATA 	Mouse:  Left button up, pos=(773,434)
29.7640 	EXP 	slider: markerPos = 3.2355555555555555
29.7640 	EXP 	slider: rating = 3.2355555555555555
29.7660 	EXP 	New trial (rep=2, index=5): OrderedDict([('stim', 'stim/fof_g.wav')])
29.7829 	EXP 	slider: autoDraw = False
29.7829 	EXP 	text_6: autoDraw = False
29.7829 	EXP 	instructions_task: autoDraw = True
29.7829 	EXP 	text_2: autoDraw = True
29.9014 	DATA 	Mouse: Left button down, pos=(773,434)
29.9424 	DATA 	Keypress: 6
29.9644 	EXP 	son: autoDraw = False
29.9644 	EXP 	su: autoDraw = False
29.9644 	EXP 	fin: autoDraw = False
29.9644 	EXP 	instructions_task: autoDraw = False
29.9644 	EXP 	text_2: autoDraw = False
29.9644 	EXP 	slider: markerPos = None
29.9644 	EXP 	slider: markerPos = None
29.9644 	EXP 	slider: rating = None
29.9644 	EXP 	slider: autoDraw = True
29.9644 	EXP 	text_6: autoDraw = True
29.9644 	EXP 	slider: markerPos = 3.2355555555555555
29.9822 	EXP 	slider: markerPos = 3.2355555555555555
30.0008 	EXP 	slider: markerPos = 3.2355555555555555
30.0154 	EXP 	slider: markerPos = 3.2355555555555555
30.0314 	EXP 	slider: markerPos = 3.2355555555555555
30.0495 	EXP 	slider: markerPos = 3.2355555555555555
30.0559 	DATA 	Mouse:  Left button up, pos=(773,434)
30.0676 	EXP 	slider: markerPos = 3.2355555555555555
30.0819 	EXP 	slider: markerPos = 3.2355555555555555
30.0819 	EXP 	slider: rating = 3.2355555555555555
30.0837 	EXP 	New trial (rep=2, index=6): OrderedDict([('stim', 'stim/f_schwa_g.wav')])
30.0985 	EXP 	slider: autoDraw = False
30.0985 	EXP 	text_6: autoDraw = False
30.0985 	EXP 	instructions_task: autoDraw = True
30.0985 	EXP 	text_2: autoDraw = True
30.2135 	DATA 	Keypress: 6
30.2222 	EXP 	son: autoDraw = False
30.2222 	EXP 	su: autoDraw = False
30.2222 	EXP 	fin: autoDraw = False
30.2222 	EXP 	instructions_task: autoDraw = False
30.2222 	EXP 	text_2: autoDraw = False
30.2222 	EXP 	slider: markerPos = None
30.2222 	EXP 	slider: markerPos = None
30.2222 	EXP 	slider: rating = None
30.2222 	EXP 	slider: autoDraw = True
30.2222 	EXP 	text_6: autoDraw = True
30.2229 	DATA 	Mouse: Left button down, pos=(773,434)
30.2328 	EXP 	slider: markerPos = 3.2355555555555555
30.2491 	EXP 	slider: markerPos = 3.2355555555555555
30.2677 	EXP 	slider: markerPos = 3.2355555555555555
30.2823 	EXP 	slider: markerPos = 3.2355555555555555
30.2993 	EXP 	slider: markerPos = 3.2355555555555555
30.3151 	EXP 	slider: markerPos = 3.2355555555555555
30.3313 	EXP 	slider: markerPos = 3.2355555555555555
30.3484 	EXP 	slider: markerPos = 3.2355555555555555
30.3551 	DATA 	Mouse:  Left button up, pos=(773,434)
30.3658 	EXP 	slider: markerPos = 3.2355555555555555
30.3841 	EXP 	slider: markerPos = 3.2355555555555555
30.3841 	EXP 	slider: rating = 3.2355555555555555
30.3861 	EXP 	New trial (rep=2, index=7): OrderedDict([('stim', 'stim/pof_g.wav')])
30.4024 	EXP 	slider: autoDraw = False
30.4024 	EXP 	text_6: autoDraw = False
30.4024 	EXP 	instructions_task: autoDraw = True
30.4024 	EXP 	text_2: autoDraw = True
30.4427 	DATA 	Keypress: 6
30.4509 	EXP 	son: autoDraw = False
30.4509 	EXP 	su: autoDraw = False
30.4509 	EXP 	fin: autoDraw = False
30.4509 	EXP 	instructions_task: autoDraw = False
30.4509 	EXP 	text_2: autoDraw = False
30.4509 	EXP 	slider: markerPos = None
30.4509 	EXP 	slider: markerPos = None
30.4509 	EXP 	slider: rating = None
30.4509 	EXP 	slider: autoDraw = True
30.4509 	EXP 	text_6: autoDraw = True
30.5165 	DATA 	Mouse: Left button down, pos=(773,434)
30.5349 	EXP 	slider: markerPos = 3.2355555555555555
30.5488 	EXP 	slider: markerPos = 3.2355555555555555
30.5657 	EXP 	slider: markerPos = 3.2355555555555555
30.5824 	EXP 	slider: markerPos = 3.2355555555555555
30.5999 	EXP 	slider: markerPos = 3.2355555555555555
30.6063 	DATA 	Mouse:  Left button up, pos=(773,434)
30.6155 	EXP 	slider: markerPos = 3.2355555555555555
30.6321 	EXP 	slider: markerPos = 3.2355555555555555
30.6321 	EXP 	slider: rating = 3.2355555555555555
30.6489 	EXP 	slider: autoDraw = False
30.6489 	EXP 	text_6: autoDraw = False
30.6489 	EXP 	text_7: autoDraw = True
30.6874 	DATA 	Keypress: 6
30.7675 	DATA 	Mouse: Left button down, pos=(773,434)
30.9170 	DATA 	Mouse:  Left button up, pos=(773,434)
30.9393 	DATA 	Keypress: 6
34.0380 	EXP 	Imported conditions/conditions_french.csv as conditions, 8 conditions, 1 params
34.0386 	EXP 	Created sequence: random, trialTypes=8, nReps=1, seed=None
34.0388 	EXP 	New trial (rep=0, index=0): OrderedDict([('stim', 'stim/f_schwa_f.wav')])
34.0473 	DATA 	Keypress: space
34.0515 	EXP 	text_7: autoDraw = False
34.0515 	EXP 	instructions_task_2: autoDraw = True
34.0515 	EXP 	text: autoDraw = True
34.2665 	EXP 	text: autoDraw = False
34.2830 	EXP 	son_2: autoDraw = True
34.2830 	EXP 	su_2: autoDraw = True
34.2830 	EXP 	fin_2: autoDraw = True
35.4428 	DATA 	Keypress: 6
35.4532 	EXP 	son_2: autoDraw = False
35.4532 	EXP 	su_2: autoDraw = False
35.4532 	EXP 	fin_2: autoDraw = False
35.4532 	EXP 	instructions_task_2: autoDraw = False
35.4532 	EXP 	text: autoDraw = False
35.4532 	EXP 	slider_2: markerPos = None
35.4532 	EXP 	slider_2: markerPos = None
35.4532 	EXP 	slider_2: rating = None
35.4532 	EXP 	slider_2: autoDraw = True
35.4532 	EXP 	text_9: autoDraw = True
35.7164 	DATA 	Mouse: Left button down, pos=(773,434)
35.7319 	EXP 	slider_2: markerPos = 3.2355555555555555
35.7498 	EXP 	slider_2: markerPos = 3.2355555555555555
35.7656 	EXP 	slider_2: markerPos = 3.2355555555555555
35.7826 	EXP 	slider_2: markerPos = 3.2355555555555555
35.8013 	EXP 	slider_2: markerPos = 3.2355555555555555
35.8153 	EXP 	slider_2: markerPos = 3.2355555555555555
35.8325 	EXP 	slider_2: markerPos = 3.2355555555555555
35.8490 	EXP 	slider_2: markerPos = 3.2355555555555555
35.8496 	DATA 	Mouse:  Left button up, pos=(773,434)
35.8662 	EXP 	slider_2: markerPos = 3.2355555555555555
35.8662 	EXP 	slider_2: rating = 3.2355555555555555
35.8683 	EXP 	New trial (rep=0, index=1): OrderedDict([('stim', 'stim/p_schwa_f.wav')])
35.8820 	EXP 	slider_2: autoDraw = False
35.8820 	EXP 	text_9: autoDraw = False
35.8820 	EXP 	instructions_task_2: autoDraw = True
35.8820 	EXP 	text: autoDraw = True
35.9082 	DATA 	Keypress: 6
35.9163 	EXP 	son_2: autoDraw = False
35.9163 	EXP 	su_2: autoDraw = False
35.9163 	EXP 	fin_2: autoDraw = False
35.9163 	EXP 	instructions_task_2: autoDraw = False
35.9163 	EXP 	text: autoDraw = False
35.9163 	EXP 	slider_2: markerPos = None
35.9163 	EXP 	slider_2: markerPos = None
35.9163 	EXP 	slider_2: rating = None
35.9163 	EXP 	slider_2: autoDraw = True
35.9163 	EXP 	text_9: autoDraw = True
36.0501 	DATA 	Mouse: Left button down, pos=(773,434)
36.0673 	EXP 	slider_2: markerPos = 3.2355555555555555
36.0823 	EXP 	slider_2: markerPos = 3.2355555555555555
36.0991 	EXP 	slider_2: markerPos = 3.2355555555555555
36.1161 	EXP 	slider_2: markerPos = 3.2355555555555555
36.1353 	EXP 	slider_2: markerPos = 3.2355555555555555
36.1455 	DATA 	Keypress: 6
36.1502 	EXP 	slider_2: markerPos = 3.2355555555555555
36.1656 	EXP 	slider_2: markerPos = 3.2355555555555555
36.1662 	DATA 	Mouse:  Left button up, pos=(773,434)
36.1824 	EXP 	slider_2: markerPos = 3.2355555555555555
36.1824 	EXP 	slider_2: rating = 3.2355555555555555
36.1841 	EXP 	New trial (rep=0, index=2): OrderedDict([('stim', 'stim/fif_f.wav')])
36.2005 	EXP 	slider_2: autoDraw = False
36.2005 	EXP 	text_9: autoDraw = False
36.2005 	EXP 	instructions_task_2: autoDraw = True
36.2005 	EXP 	text: autoDraw = True
36.3015 	DATA 	Mouse: Left button down, pos=(773,434)
36.4140 	DATA 	Keypress: 6
36.4207 	DATA 	Mouse:  Left button up, pos=(773,434)
36.4247 	EXP 	text: autoDraw = False
36.4247 	EXP 	son_2: autoDraw = False
36.4247 	EXP 	su_2: autoDraw = False
36.4247 	EXP 	fin_2: autoDraw = False
36.4247 	EXP 	instructions_task_2: autoDraw = False
36.4247 	EXP 	text: autoDraw = False
36.4247 	EXP 	slider_2: markerPos = None
36.4247 	EXP 	slider_2: markerPos = None
36.4247 	EXP 	slider_2: rating = None
36.4247 	EXP 	slider_2: autoDraw = True
36.4247 	EXP 	text_9: autoDraw = True
36.4247 	EXP 	slider_2: markerPos = 3.2355555555555555
36.4358 	EXP 	slider_2: markerPos = 3.2355555555555555
36.4358 	EXP 	slider_2: rating = 3.2355555555555555
36.4375 	EXP 	New trial (rep=0, index=3): OrderedDict([('stim', 'stim/fof_f.wav')])
36.4489 	EXP 	slider_2: autoDraw = False
36.4489 	EXP 	text_9: autoDraw = False
36.4489 	EXP 	instructions_task_2: autoDraw = True
36.4489 	EXP 	text: autoDraw = True
36.5680 	DATA 	Mouse: Left button down, pos=(773,434)
36.6434 	DATA 	Keypress: 6
36.6534 	EXP 	text: autoDraw = False
36.6534 	EXP 	son_2: autoDraw = False
36.6534 	EXP 	su_2: autoDraw = False
36.6534 	EXP 	fin_2: autoDraw = False
36.6534 	EXP 	instructions_task_2: autoDraw = False
36.6534 	EXP 	text: autoDraw = False
36.6534 	EXP 	slider_2: markerPos = None
36.6534 	EXP 	slider_2: markerPos = None
36.6534 	EXP 	slider_2: rating = None
36.6534 	EXP 	slider_2: autoDraw = True
36.6534 	EXP 	text_9: autoDraw = True
36.6534 	EXP 	slider_2: markerPos = 3.2355555555555555
36.6702 	EXP 	slider_2: markerPos = 3.2355555555555555
36.6765 	DATA 	Mouse:  Left button up, pos=(773,434)
36.6828 	EXP 	slider_2: markerPos = 3.2355555555555555
36.6995 	EXP 	slider_2: markerPos = 3.2355555555555555
36.6995 	EXP 	slider_2: rating = 3.2355555555555555
36.7012 	EXP 	New trial (rep=0, index=4): OrderedDict([('stim', 'stim/peuf_f.wav')])
36.7155 	EXP 	slider_2: autoDraw = False
36.7155 	EXP 	text_9: autoDraw = False
36.7155 	EXP 	instructions_task_2: autoDraw = True
36.7155 	EXP 	text: autoDraw = True
36.8609 	DATA 	Keypress: 6
36.8696 	EXP 	son_2: autoDraw = False
36.8696 	EXP 	su_2: autoDraw = False
36.8696 	EXP 	fin_2: autoDraw = False
36.8696 	EXP 	instructions_task_2: autoDraw = False
36.8696 	EXP 	text: autoDraw = False
36.8696 	EXP 	slider_2: markerPos = None
36.8696 	EXP 	slider_2: markerPos = None
36.8696 	EXP 	slider_2: rating = None
36.8696 	EXP 	slider_2: autoDraw = True
36.8696 	EXP 	text_9: autoDraw = True
36.9890 	DATA 	Mouse: Left button down, pos=(773,434)
37.0154 	EXP 	slider_2: markerPos = 3.2355555555555555
37.0317 	EXP 	slider_2: markerPos = 3.2355555555555555
37.0495 	EXP 	slider_2: markerPos = 3.2355555555555555
37.0675 	EXP 	slider_2: markerPos = 3.2355555555555555
37.0825 	EXP 	slider_2: markerPos = 3.2355555555555555
37.0923 	DATA 	Keypress: 6
37.0988 	EXP 	slider_2: markerPos = 3.2355555555555555
37.1049 	DATA 	Mouse:  Left button up, pos=(773,434)
37.1158 	EXP 	slider_2: markerPos = 3.2355555555555555
37.1349 	EXP 	slider_2: markerPos = 3.2355555555555555
37.1349 	EXP 	slider_2: rating = 3.2355555555555555
37.1368 	EXP 	New trial (rep=0, index=5): OrderedDict([('stim', 'stim/pof_f.wav')])
37.1488 	EXP 	slider_2: autoDraw = False
37.1488 	EXP 	text_9: autoDraw = False
37.1488 	EXP 	instructions_task_2: autoDraw = True
37.1488 	EXP 	text: autoDraw = True
37.2673 	DATA 	Mouse: Left button down, pos=(773,434)
37.3493 	EXP 	text: autoDraw = False
37.3594 	DATA 	Keypress: 6
37.3693 	EXP 	son_2: autoDraw = False
37.3693 	EXP 	su_2: autoDraw = False
37.3693 	EXP 	fin_2: autoDraw = False
37.3693 	EXP 	instructions_task_2: autoDraw = False
37.3693 	EXP 	text: autoDraw = False
37.3693 	EXP 	slider_2: markerPos = None
37.3693 	EXP 	slider_2: markerPos = None
37.3693 	EXP 	slider_2: rating = None
37.3693 	EXP 	slider_2: autoDraw = True
37.3693 	EXP 	text_9: autoDraw = True
37.3693 	EXP 	slider_2: markerPos = 3.2355555555555555
37.3755 	DATA 	Mouse:  Left button up, pos=(773,434)
37.3824 	EXP 	slider_2: markerPos = 3.2355555555555555
37.4001 	EXP 	slider_2: markerPos = 3.2355555555555555
37.4001 	EXP 	slider_2: rating = 3.2355555555555555
37.4021 	EXP 	New trial (rep=0, index=6): OrderedDict([('stim', 'stim/pif_f.wav')])
37.4157 	EXP 	slider_2: autoDraw = False
37.4157 	EXP 	text_9: autoDraw = False
37.4157 	EXP 	instructions_task_2: autoDraw = True
37.4157 	EXP 	text: autoDraw = True
37.4844 	DATA 	Mouse: Left button down, pos=(773,434)
37.5760 	DATA 	Keypress: 6
37.5862 	EXP 	son_2: autoDraw = False
37.5862 	EXP 	su_2: autoDraw = False
37.5862 	EXP 	fin_2: autoDraw = False
37.5862 	EXP 	instructions_task_2: autoDraw = False
37.5862 	EXP 	text: autoDraw = False
37.5862 	EXP 	slider_2: markerPos = None
37.5862 	EXP 	slider_2: markerPos = None
37.5862 	EXP 	slider_2: rating = None
37.5862 	EXP 	slider_2: autoDraw = True
37.5862 	EXP 	text_9: autoDraw = True
37.5862 	EXP 	slider_2: markerPos = 3.2355555555555555
37.5924 	DATA 	Mouse:  Left button up, pos=(773,434)
37.6021 	EXP 	slider_2: markerPos = 3.2355555555555555
37.6152 	EXP 	slider_2: markerPos = 3.2355555555555555
37.6152 	EXP 	slider_2: rating = 3.2355555555555555
37.6169 	EXP 	New trial (rep=0, index=7): OrderedDict([('stim', 'stim/feuf_f.wav')])
37.6326 	EXP 	slider_2: autoDraw = False
37.6326 	EXP 	text_9: autoDraw = False
37.6326 	EXP 	instructions_task_2: autoDraw = True
37.6326 	EXP 	text: autoDraw = True
37.6842 	DATA 	Mouse: Left button down, pos=(773,434)
37.7900 	DATA 	Mouse:  Left button up, pos=(773,434)
37.7938 	DATA 	Keypress: 6
37.8023 	EXP 	son_2: autoDraw = False
37.8023 	EXP 	su_2: autoDraw = False
37.8023 	EXP 	fin_2: autoDraw = False
37.8023 	EXP 	instructions_task_2: autoDraw = False
37.8023 	EXP 	text: autoDraw = False
37.8023 	EXP 	slider_2: markerPos = None
37.8023 	EXP 	slider_2: markerPos = None
37.8023 	EXP 	slider_2: rating = None
37.8023 	EXP 	slider_2: autoDraw = True
37.8023 	EXP 	text_9: autoDraw = True
37.8689 	DATA 	Mouse: Left button down, pos=(773,434)
37.8820 	EXP 	slider_2: markerPos = 3.2355555555555555
37.8989 	EXP 	slider_2: markerPos = 3.2355555555555555
37.9159 	EXP 	slider_2: markerPos = 3.2355555555555555
37.9346 	EXP 	slider_2: markerPos = 3.2355555555555555
37.9487 	EXP 	slider_2: markerPos = 3.2355555555555555
37.9662 	EXP 	slider_2: markerPos = 3.2355555555555555
37.9669 	DATA 	Mouse:  Left button up, pos=(773,434)
37.9773 	DATA 	Keypress: 6
37.9822 	EXP 	slider_2: markerPos = 3.2355555555555555
37.9822 	EXP 	slider_2: rating = 3.2355555555555555
38.0007 	EXP 	slider_2: autoDraw = False
38.0007 	EXP 	text_9: autoDraw = False
38.0007 	EXP 	text_8: autoDraw = True
38.0677 	DATA 	Mouse: Left button down, pos=(773,434)
38.1673 	DATA 	Mouse:  Left button up, pos=(773,434)
38.1721 	DATA 	Keypress: 6
38.2515 	DATA 	Mouse: Left button down, pos=(773,434)
38.3676 	DATA 	Mouse:  Left button up, pos=(773,434)
39.3410 	EXP 	Imported conditions/conditions_german_ax.csv as conditions, 49 conditions, 6 params
39.3414 	EXP 	Created sequence: random, trialTypes=49, nReps=1, seed=None
39.3416 	EXP 	New trial (rep=0, index=0): OrderedDict([('pisch', 'conditions/german/pisch_5_7.wav'), ('fisch', 'conditions/german/fisch_5_7.wav'), ('pake', 'conditions/german/pake_5_7.wav'), ('pike', 'conditions/german/pike_5_7.wav'), ('item_num', 35), ('correct_response', 0)])
39.3511 	DATA 	Keypress: space
39.3553 	EXP 	text_8: autoDraw = False
39.3553 	EXP 	text_2afc_question_trial: autoDraw = True
39.6023 	EXP 	text_2afc_response_yes_trial: autoDraw = True
39.6023 	EXP 	text_2afc_response_no_trial: autoDraw = True
41.2930 	EXP 	window1: mouseVisible = True
