0.7126 	WARNING 	We strongly recommend you activate the PTB sound engine in PsychoPy prefs as the preferred audio engine. Its timing is vastly superior. Your prefs are currently set to use ['sounddevice', 'PTB', 'pyo', 'pygame'] (in that order).
6.3469 	INFO 	Loaded monitor calibration from ['2021_05_25 17:40']
6.3633 	WARNING 	User requested fullscreen with size [1920 1200], but screen is actually [1440, 900]. Using actual size
6.9419 	EXP 	Created window1 = Window(allowGUI=False, allowStencil=False, autoLog=True, backendConf=UNKNOWN, bitsMode=UNKNOWN, blendMode='avg', bpc=(8, 8, 8), color=array([0, 0, 0]), colorSpace='rgb', depthBits=8, fullscr=<method-wrapper '__getattribute__' of attributeSetter object at 0x7fdfa6512ba8>, gamma=None, gammaErrorPolicy='raise', lms=UNKNOWN, monitor=<psychopy.monitors.calibTools.Monitor object at 0x7fdfa4878908>, multiSample=False, name='window1', numSamples=2, pos=[360.0, 225.0], screen=0, size=array([2880, 1800]), stencilBits=0, stereo=False, units='height', useFBO=True, useRetina=True, viewOri=0.0, viewPos=None, viewScale=None, waitBlanking=True, winType='pyglet')
6.9421 	EXP 	window1: mouseVisible = True
6.9421 	EXP 	window1: recordFrameIntervals = False
7.1087 	EXP 	window1: recordFrameIntervals = True
7.2918 	DEBUG 	Screen (0) actual frame rate measured at 60.14
7.2918 	EXP 	window1: recordFrameIntervals = False
8.2274 	INFO 	keyboard.Keyboard is using ptb backend.
8.2678 	EXP 	Created text_2afc_check = TextStim(__class__=<class 'psychopy.visual.text.TextStim'>, alignHoriz=method-wrapper(...), alignText='center', alignVert=method-wrapper(...), anchorHoriz='center', anchorVert='center', antialias=True, autoLog=True, bold=False, color=array([1., 1., 1.]), colorSpace='rgb', contrast=1.0, depth=0.0, flipHoriz=False, flipVert=False, font='Arial', fontFiles=[], height=0.05, italic=False, languageStyle='LTR', name='text_2afc_check', opacity=1, ori=0, pos=array([0., 0.]), rgb=UNKNOWN, text=str(...), units='height', win=Window(...), wrapWidth=1)
8.4945 	INFO 	keyboard.Keyboard is using ptb backend.
8.5060 	EXP 	Sound sound_2afc_stim_trial set volume 1.000
8.5103 	EXP 	Created text_2afc_response_yes_trial = TextStim(__class__=<class 'psychopy.visual.text.TextStim'>, alignHoriz=method-wrapper(...), alignText='center', alignVert=method-wrapper(...), anchorHoriz='center', anchorVert='center', antialias=True, autoLog=True, bold=False, color=array([1., 1., 1.]), colorSpace='rgb', contrast=1.0, depth=-2.0, flipHoriz=False, flipVert=False, font='Arial', fontFiles=[], height=0.1, italic=False, languageStyle='LTR', name='text_2afc_response_yes_trial', opacity=1, ori=0, pos=array([-0.3,  0. ]), rgb=UNKNOWN, text='Yes', units='height', win=Window(...), wrapWidth=1)
8.5125 	EXP 	Created text_2afc_response_no_trial = TextStim(__class__=<class 'psychopy.visual.text.TextStim'>, alignHoriz=method-wrapper(...), alignText='center', alignVert=method-wrapper(...), anchorHoriz='center', anchorVert='center', antialias=True, autoLog=True, bold=False, color=array([1., 1., 1.]), colorSpace='rgb', contrast=1.0, depth=-3.0, flipHoriz=False, flipVert=False, font='Arial', fontFiles=[], height=0.1, italic=False, languageStyle='LTR', name='text_2afc_response_no_trial', opacity=1, ori=0, pos=array([0.3, 0. ]), rgb=UNKNOWN, text='No', units='height', win=Window(...), wrapWidth=1)
8.7434 	INFO 	keyboard.Keyboard is using ptb backend.
8.7492 	EXP 	Created text_2afc_question_trial = TextStim(__class__=<class 'psychopy.visual.text.TextStim'>, alignHoriz=method-wrapper(...), alignText='center', alignVert=method-wrapper(...), anchorHoriz='center', anchorVert='center', antialias=True, autoLog=True, bold=False, color=array([-1., -1.,  1.]), colorSpace='rgb', contrast=1.0, depth=-5.0, flipHoriz=False, flipVert=False, font='Arial', fontFiles=[], height=0.1, italic=False, languageStyle='LTR', name='text_2afc_question_trial', opacity=1, ori=0, pos=array([0. , 0.3]), rgb=UNKNOWN, text='Is this a question?', units='height', win=Window(...), wrapWidth=1)
8.9720 	INFO 	keyboard.Keyboard is using ptb backend.
8.9870 	EXP 	Created text = TextStim(__class__=<class 'psychopy.visual.text.TextStim'>, alignHoriz=method-wrapper(...), alignText='center', alignVert=method-wrapper(...), anchorHoriz='center', anchorVert='center', antialias=True, autoLog=True, bold=False, color=array([1., 1., 1.]), colorSpace='rgb', contrast=1.0, depth=-1.0, flipHoriz=False, flipVert=False, font='Open Sans', fontFiles=[], height=0.1, italic=False, languageStyle='LTR', name='text', opacity=1, ori=0.0, pos=array([0., 0.]), rgb=UNKNOWN, text='‘Space’ to continue', units='height', win=Window(...), wrapWidth=1)
8.9871 	EXP 	Sound sound_2afc_stim_trial_2 set volume 1.000
8.9891 	EXP 	Created text_2afc_response_yes_trial_2 = TextStim(__class__=<class 'psychopy.visual.text.TextStim'>, alignHoriz=method-wrapper(...), alignText='center', alignVert=method-wrapper(...), anchorHoriz='center', anchorVert='center', antialias=True, autoLog=True, bold=False, color=array([1., 1., 1.]), colorSpace='rgb', contrast=1.0, depth=-2.0, flipHoriz=False, flipVert=False, font='Arial', fontFiles=[], height=0.1, italic=False, languageStyle='LTR', name='text_2afc_response_yes_trial_2', opacity=1, ori=0, pos=array([-0.3,  0. ]), rgb=UNKNOWN, text='Yes', units='height', win=Window(...), wrapWidth=1)
8.9908 	EXP 	Created text_2afc_response_no_trial_2 = TextStim(__class__=<class 'psychopy.visual.text.TextStim'>, alignHoriz=method-wrapper(...), alignText='center', alignVert=method-wrapper(...), anchorHoriz='center', anchorVert='center', antialias=True, autoLog=True, bold=False, color=array([1., 1., 1.]), colorSpace='rgb', contrast=1.0, depth=-3.0, flipHoriz=False, flipVert=False, font='Arial', fontFiles=[], height=0.1, italic=False, languageStyle='LTR', name='text_2afc_response_no_trial_2', opacity=1, ori=0, pos=array([0.3, 0. ]), rgb=UNKNOWN, text='No', units='height', win=Window(...), wrapWidth=1)
9.2149 	INFO 	keyboard.Keyboard is using ptb backend.
9.2182 	EXP 	Created text_2afc_question_trial_2 = TextStim(__class__=<class 'psychopy.visual.text.TextStim'>, alignHoriz=method-wrapper(...), alignText='center', alignVert=method-wrapper(...), anchorHoriz='center', anchorVert='center', antialias=True, autoLog=True, bold=False, color=array([-1., -1.,  1.]), colorSpace='rgb', contrast=1.0, depth=-5.0, flipHoriz=False, flipVert=False, font='Arial', fontFiles=[], height=0.1, italic=False, languageStyle='LTR', name='text_2afc_question_trial_2', opacity=1, ori=0, pos=array([0. , 0.3]), rgb=UNKNOWN, text='Is this a question?', units='height', win=Window(...), wrapWidth=1)
9.2296 	EXP 	text_2afc_check: autoDraw = True
10.2734 	DEBUG 	Read csv file with pandas: conditions/conditions_german.csv
10.2759 	DEBUG 	Clearing unnamed columns from conditions/conditions_german.csv
10.2784 	EXP 	Imported conditions/conditions_german.csv as conditions, 49 conditions, 6 params
10.2792 	EXP 	Created sequence: random, trialTypes=49, nReps=1, seed=None
10.2796 	EXP 	New trial (rep=0, index=0): OrderedDict([('pisch', 'conditions/german/pisch_2_6.wav'), ('fisch', 'conditions/german/fisch_2_6.wav'), ('pake', 'conditions/german/pake_2_6.wav'), ('pike', 'conditions/german/pike_2_6.wav'), ('item_num', 13), ('correct_response', 0)])
10.2965 	DATA 	Keypress: space
10.3021 	EXP 	text_2afc_check: autoDraw = False
10.3021 	EXP 	text_2afc_question_trial: autoDraw = True
10.5248 	EXP 	text_2afc_response_yes_trial: autoDraw = True
10.5248 	EXP 	text_2afc_response_no_trial: autoDraw = True
13.4111 	EXP 	New trial (rep=0, index=1): OrderedDict([('pisch', 'conditions/german/pisch_6_5.wav'), ('fisch', 'conditions/german/fisch_6_5.wav'), ('pake', 'conditions/german/pake_6_5.wav'), ('pike', 'conditions/german/pike_6_5.wav'), ('item_num', 40), ('correct_response', 0)])
13.4206 	DATA 	Keypress: 1
13.4250 	EXP 	text_2afc_response_yes_trial: autoDraw = False
13.4250 	EXP 	text_2afc_response_no_trial: autoDraw = False
13.4250 	EXP 	text_2afc_question_trial: autoDraw = False
13.4250 	EXP 	text_2afc_question_trial: autoDraw = True
13.6593 	EXP 	text_2afc_response_yes_trial: autoDraw = True
13.6593 	EXP 	text_2afc_response_no_trial: autoDraw = True
15.0262 	EXP 	New trial (rep=0, index=2): OrderedDict([('pisch', 'conditions/german/pisch_7_1.wav'), ('fisch', 'conditions/german/fisch_7_1.wav'), ('pake', 'conditions/german/pake_7_1.wav'), ('pike', 'conditions/german/pike_7_1.wav'), ('item_num', 43), ('correct_response', 0)])
15.0402 	DATA 	Keypress: 1
15.0441 	EXP 	text_2afc_response_yes_trial: autoDraw = False
15.0441 	EXP 	text_2afc_response_no_trial: autoDraw = False
15.0441 	EXP 	text_2afc_question_trial: autoDraw = False
15.0441 	EXP 	text_2afc_question_trial: autoDraw = True
15.2759 	EXP 	text_2afc_response_yes_trial: autoDraw = True
15.2759 	EXP 	text_2afc_response_no_trial: autoDraw = True
16.2271 	EXP 	New trial (rep=0, index=3): OrderedDict([('pisch', 'conditions/german/pisch_5_5.wav'), ('fisch', 'conditions/german/fisch_5_5.wav'), ('pake', 'conditions/german/pake_5_5.wav'), ('pike', 'conditions/german/pike_5_5.wav'), ('item_num', 33), ('correct_response', 1)])
16.2365 	DATA 	Keypress: 1
16.2410 	EXP 	text_2afc_response_yes_trial: autoDraw = False
16.2410 	EXP 	text_2afc_response_no_trial: autoDraw = False
16.2410 	EXP 	text_2afc_question_trial: autoDraw = False
16.2410 	EXP 	text_2afc_question_trial: autoDraw = True
16.4753 	EXP 	text_2afc_response_yes_trial: autoDraw = True
16.4753 	EXP 	text_2afc_response_no_trial: autoDraw = True
17.2766 	EXP 	New trial (rep=0, index=4): OrderedDict([('pisch', 'conditions/german/pisch_4_2.wav'), ('fisch', 'conditions/german/fisch_4_2.wav'), ('pake', 'conditions/german/pake_4_2.wav'), ('pike', 'conditions/german/pike_4_2.wav'), ('item_num', 23), ('correct_response', 0)])
17.2864 	DATA 	Keypress: 1
17.2915 	EXP 	text_2afc_response_yes_trial: autoDraw = False
17.2915 	EXP 	text_2afc_response_no_trial: autoDraw = False
17.2915 	EXP 	text_2afc_question_trial: autoDraw = False
17.2915 	EXP 	text_2afc_question_trial: autoDraw = True
17.5259 	EXP 	text_2afc_response_yes_trial: autoDraw = True
17.5259 	EXP 	text_2afc_response_no_trial: autoDraw = True
18.2593 	EXP 	New trial (rep=0, index=5): OrderedDict([('pisch', 'conditions/german/pisch_4_5.wav'), ('fisch', 'conditions/german/fisch_4_5.wav'), ('pake', 'conditions/german/pake_4_5.wav'), ('pike', 'conditions/german/pike_4_5.wav'), ('item_num', 26), ('correct_response', 0)])
18.2698 	DATA 	Keypress: 1
18.2752 	EXP 	text_2afc_response_yes_trial: autoDraw = False
18.2752 	EXP 	text_2afc_response_no_trial: autoDraw = False
18.2752 	EXP 	text_2afc_question_trial: autoDraw = False
18.2752 	EXP 	text_2afc_question_trial: autoDraw = True
18.5090 	EXP 	text_2afc_response_yes_trial: autoDraw = True
18.5090 	EXP 	text_2afc_response_no_trial: autoDraw = True
19.2771 	EXP 	New trial (rep=0, index=6): OrderedDict([('pisch', 'conditions/german/pisch_3_1.wav'), ('fisch', 'conditions/german/fisch_3_1.wav'), ('pake', 'conditions/german/pake_3_1.wav'), ('pike', 'conditions/german/pike_3_1.wav'), ('item_num', 15), ('correct_response', 0)])
19.2859 	DATA 	Keypress: 1
19.2916 	EXP 	text_2afc_response_yes_trial: autoDraw = False
19.2916 	EXP 	text_2afc_response_no_trial: autoDraw = False
19.2916 	EXP 	text_2afc_question_trial: autoDraw = False
19.2916 	EXP 	text_2afc_question_trial: autoDraw = True
19.5246 	EXP 	text_2afc_response_yes_trial: autoDraw = True
19.5246 	EXP 	text_2afc_response_no_trial: autoDraw = True
20.3758 	EXP 	New trial (rep=0, index=7): OrderedDict([('pisch', 'conditions/german/pisch_3_7.wav'), ('fisch', 'conditions/german/fisch_3_7.wav'), ('pake', 'conditions/german/pake_3_7.wav'), ('pike', 'conditions/german/pike_3_7.wav'), ('item_num', 21), ('correct_response', 0)])
20.3854 	DATA 	Keypress: 1
20.3915 	EXP 	text_2afc_response_yes_trial: autoDraw = False
20.3915 	EXP 	text_2afc_response_no_trial: autoDraw = False
20.3915 	EXP 	text_2afc_question_trial: autoDraw = False
20.3915 	EXP 	text_2afc_question_trial: autoDraw = True
20.6251 	EXP 	text_2afc_response_yes_trial: autoDraw = True
20.6251 	EXP 	text_2afc_response_no_trial: autoDraw = True
21.4421 	EXP 	New trial (rep=0, index=8): OrderedDict([('pisch', 'conditions/german/pisch_3_6.wav'), ('fisch', 'conditions/german/fisch_3_6.wav'), ('pake', 'conditions/german/pake_3_6.wav'), ('pike', 'conditions/german/pike_3_6.wav'), ('item_num', 20), ('correct_response', 0)])
21.4509 	DATA 	Keypress: 1
21.4588 	EXP 	text_2afc_response_yes_trial: autoDraw = False
21.4588 	EXP 	text_2afc_response_no_trial: autoDraw = False
21.4588 	EXP 	text_2afc_question_trial: autoDraw = False
21.4588 	EXP 	text_2afc_question_trial: autoDraw = True
21.6913 	EXP 	text_2afc_response_yes_trial: autoDraw = True
21.6913 	EXP 	text_2afc_response_no_trial: autoDraw = True
22.4443 	EXP 	New trial (rep=0, index=9): OrderedDict([('pisch', 'conditions/german/pisch_1_3.wav'), ('fisch', 'conditions/german/fisch_1_3.wav'), ('pake', 'conditions/german/pake_1_3.wav'), ('pike', 'conditions/german/pike_1_3.wav'), ('item_num', 3), ('correct_response', 0)])
22.4542 	DATA 	Keypress: 1
22.4588 	EXP 	text_2afc_response_yes_trial: autoDraw = False
22.4588 	EXP 	text_2afc_response_no_trial: autoDraw = False
22.4588 	EXP 	text_2afc_question_trial: autoDraw = False
22.4588 	EXP 	text_2afc_question_trial: autoDraw = True
22.6917 	EXP 	text_2afc_response_yes_trial: autoDraw = True
22.6917 	EXP 	text_2afc_response_no_trial: autoDraw = True
23.3930 	EXP 	New trial (rep=0, index=10): OrderedDict([('pisch', 'conditions/german/pisch_7_5.wav'), ('fisch', 'conditions/german/fisch_7_5.wav'), ('pake', 'conditions/german/pake_7_5.wav'), ('pike', 'conditions/german/pike_7_5.wav'), ('item_num', 47), ('correct_response', 0)])
23.4018 	DATA 	Keypress: 1
23.4081 	EXP 	text_2afc_response_yes_trial: autoDraw = False
23.4081 	EXP 	text_2afc_response_no_trial: autoDraw = False
23.4081 	EXP 	text_2afc_question_trial: autoDraw = False
23.4081 	EXP 	text_2afc_question_trial: autoDraw = True
23.6421 	EXP 	text_2afc_response_yes_trial: autoDraw = True
23.6421 	EXP 	text_2afc_response_no_trial: autoDraw = True
24.4104 	EXP 	New trial (rep=0, index=11): OrderedDict([('pisch', 'conditions/german/pisch_3_2.wav'), ('fisch', 'conditions/german/fisch_3_2.wav'), ('pake', 'conditions/german/pake_3_2.wav'), ('pike', 'conditions/german/pike_3_2.wav'), ('item_num', 16), ('correct_response', 0)])
24.4200 	DATA 	Keypress: 1
24.4252 	EXP 	text_2afc_response_yes_trial: autoDraw = False
24.4252 	EXP 	text_2afc_response_no_trial: autoDraw = False
24.4252 	EXP 	text_2afc_question_trial: autoDraw = False
24.4252 	EXP 	text_2afc_question_trial: autoDraw = True
24.6587 	EXP 	text_2afc_response_yes_trial: autoDraw = True
24.6587 	EXP 	text_2afc_response_no_trial: autoDraw = True
25.3106 	EXP 	New trial (rep=0, index=12): OrderedDict([('pisch', 'conditions/german/pisch_4_1.wav'), ('fisch', 'conditions/german/fisch_4_1.wav'), ('pake', 'conditions/german/pake_4_1.wav'), ('pike', 'conditions/german/pike_4_1.wav'), ('item_num', 22), ('correct_response', 0)])
25.3208 	DATA 	Keypress: 1
25.3255 	EXP 	text_2afc_response_yes_trial: autoDraw = False
25.3255 	EXP 	text_2afc_response_no_trial: autoDraw = False
25.3255 	EXP 	text_2afc_question_trial: autoDraw = False
25.3255 	EXP 	text_2afc_question_trial: autoDraw = True
25.5586 	EXP 	text_2afc_response_yes_trial: autoDraw = True
25.5586 	EXP 	text_2afc_response_no_trial: autoDraw = True
26.2605 	EXP 	New trial (rep=0, index=13): OrderedDict([('pisch', 'conditions/german/pisch_4_7.wav'), ('fisch', 'conditions/german/fisch_4_7.wav'), ('pake', 'conditions/german/pake_4_7.wav'), ('pike', 'conditions/german/pike_4_7.wav'), ('item_num', 28), ('correct_response', 0)])
26.2692 	DATA 	Keypress: 1
26.2740 	EXP 	text_2afc_response_yes_trial: autoDraw = False
26.2740 	EXP 	text_2afc_response_no_trial: autoDraw = False
26.2740 	EXP 	text_2afc_question_trial: autoDraw = False
26.2740 	EXP 	text_2afc_question_trial: autoDraw = True
26.5084 	EXP 	text_2afc_response_yes_trial: autoDraw = True
26.5084 	EXP 	text_2afc_response_no_trial: autoDraw = True
27.2436 	EXP 	New trial (rep=0, index=14): OrderedDict([('pisch', 'conditions/german/pisch_1_6.wav'), ('fisch', 'conditions/german/fisch_1_6.wav'), ('pake', 'conditions/german/pake_1_6.wav'), ('pike', 'conditions/german/pike_1_6.wav'), ('item_num', 6), ('correct_response', 0)])
27.2534 	DATA 	Keypress: 1
27.2588 	EXP 	text_2afc_response_yes_trial: autoDraw = False
27.2588 	EXP 	text_2afc_response_no_trial: autoDraw = False
27.2588 	EXP 	text_2afc_question_trial: autoDraw = False
27.2588 	EXP 	text_2afc_question_trial: autoDraw = True
27.4919 	EXP 	text_2afc_response_yes_trial: autoDraw = True
27.4919 	EXP 	text_2afc_response_no_trial: autoDraw = True
28.1771 	EXP 	New trial (rep=0, index=15): OrderedDict([('pisch', 'conditions/german/pisch_1_7.wav'), ('fisch', 'conditions/german/fisch_1_7.wav'), ('pake', 'conditions/german/pake_1_7.wav'), ('pike', 'conditions/german/pike_1_7.wav'), ('item_num', 7), ('correct_response', 0)])
28.1856 	DATA 	Keypress: 1
28.1921 	EXP 	text_2afc_response_yes_trial: autoDraw = False
28.1921 	EXP 	text_2afc_response_no_trial: autoDraw = False
28.1921 	EXP 	text_2afc_question_trial: autoDraw = False
28.1921 	EXP 	text_2afc_question_trial: autoDraw = True
28.4257 	EXP 	text_2afc_response_yes_trial: autoDraw = True
28.4257 	EXP 	text_2afc_response_no_trial: autoDraw = True
29.1767 	EXP 	New trial (rep=0, index=16): OrderedDict([('pisch', 'conditions/german/pisch_3_4.wav'), ('fisch', 'conditions/german/fisch_3_4.wav'), ('pake', 'conditions/german/pake_3_4.wav'), ('pike', 'conditions/german/pike_3_4.wav'), ('item_num', 18), ('correct_response', 0)])
29.1862 	DATA 	Keypress: 1
29.1917 	EXP 	text_2afc_response_yes_trial: autoDraw = False
29.1917 	EXP 	text_2afc_response_no_trial: autoDraw = False
29.1917 	EXP 	text_2afc_question_trial: autoDraw = False
29.1917 	EXP 	text_2afc_question_trial: autoDraw = True
29.4255 	EXP 	text_2afc_response_yes_trial: autoDraw = True
29.4255 	EXP 	text_2afc_response_no_trial: autoDraw = True
30.1096 	EXP 	New trial (rep=0, index=17): OrderedDict([('pisch', 'conditions/german/pisch_1_1.wav'), ('fisch', 'conditions/german/fisch_1_1.wav'), ('pake', 'conditions/german/pake_1_1.wav'), ('pike', 'conditions/german/pike_1_1.wav'), ('item_num', 1), ('correct_response', 1)])
30.1192 	DATA 	Keypress: 1
30.1252 	EXP 	text_2afc_response_yes_trial: autoDraw = False
30.1252 	EXP 	text_2afc_response_no_trial: autoDraw = False
30.1252 	EXP 	text_2afc_question_trial: autoDraw = False
30.1252 	EXP 	text_2afc_question_trial: autoDraw = True
30.3588 	EXP 	text_2afc_response_yes_trial: autoDraw = True
30.3588 	EXP 	text_2afc_response_no_trial: autoDraw = True
30.9938 	EXP 	New trial (rep=0, index=18): OrderedDict([('pisch', 'conditions/german/pisch_6_2.wav'), ('fisch', 'conditions/german/fisch_6_2.wav'), ('pake', 'conditions/german/pake_6_2.wav'), ('pike', 'conditions/german/pike_6_2.wav'), ('item_num', 37), ('correct_response', 0)])
31.0040 	DATA 	Keypress: 1
31.0094 	EXP 	text_2afc_response_yes_trial: autoDraw = False
31.0094 	EXP 	text_2afc_response_no_trial: autoDraw = False
31.0094 	EXP 	text_2afc_question_trial: autoDraw = False
31.0094 	EXP 	text_2afc_question_trial: autoDraw = True
31.2433 	EXP 	text_2afc_response_yes_trial: autoDraw = True
31.2433 	EXP 	text_2afc_response_no_trial: autoDraw = True
31.9837 	DATA 	Keypress: 1
31.9933 	EXP 	New trial (rep=0, index=19): OrderedDict([('pisch', 'conditions/german/pisch_2_5.wav'), ('fisch', 'conditions/german/fisch_2_5.wav'), ('pake', 'conditions/german/pake_2_5.wav'), ('pike', 'conditions/german/pike_2_5.wav'), ('item_num', 12), ('correct_response', 0)])
32.0093 	EXP 	text_2afc_response_yes_trial: autoDraw = False
32.0093 	EXP 	text_2afc_response_no_trial: autoDraw = False
32.0093 	EXP 	text_2afc_question_trial: autoDraw = False
32.0093 	EXP 	text_2afc_question_trial: autoDraw = True
32.2420 	EXP 	text_2afc_response_yes_trial: autoDraw = True
32.2420 	EXP 	text_2afc_response_no_trial: autoDraw = True
32.9996 	DATA 	Keypress: 1
33.0094 	EXP 	New trial (rep=0, index=20): OrderedDict([('pisch', 'conditions/german/pisch_7_7.wav'), ('fisch', 'conditions/german/fisch_7_7.wav'), ('pake', 'conditions/german/pake_7_7.wav'), ('pike', 'conditions/german/pike_7_7.wav'), ('item_num', 49), ('correct_response', 1)])
33.0260 	EXP 	text_2afc_response_yes_trial: autoDraw = False
33.0260 	EXP 	text_2afc_response_no_trial: autoDraw = False
33.0260 	EXP 	text_2afc_question_trial: autoDraw = False
33.0260 	EXP 	text_2afc_question_trial: autoDraw = True
33.2596 	EXP 	text_2afc_response_yes_trial: autoDraw = True
33.2596 	EXP 	text_2afc_response_no_trial: autoDraw = True
34.0264 	EXP 	New trial (rep=0, index=21): OrderedDict([('pisch', 'conditions/german/pisch_2_3.wav'), ('fisch', 'conditions/german/fisch_2_3.wav'), ('pake', 'conditions/german/pake_2_3.wav'), ('pike', 'conditions/german/pike_2_3.wav'), ('item_num', 10), ('correct_response', 0)])
34.0358 	DATA 	Keypress: 1
34.0413 	EXP 	text_2afc_response_yes_trial: autoDraw = False
34.0413 	EXP 	text_2afc_response_no_trial: autoDraw = False
34.0413 	EXP 	text_2afc_question_trial: autoDraw = False
34.0413 	EXP 	text_2afc_question_trial: autoDraw = True
34.2757 	EXP 	text_2afc_response_yes_trial: autoDraw = True
34.2757 	EXP 	text_2afc_response_no_trial: autoDraw = True
34.9940 	EXP 	New trial (rep=0, index=22): OrderedDict([('pisch', 'conditions/german/pisch_4_3.wav'), ('fisch', 'conditions/german/fisch_4_3.wav'), ('pake', 'conditions/german/pake_4_3.wav'), ('pike', 'conditions/german/pike_4_3.wav'), ('item_num', 24), ('correct_response', 0)])
35.0028 	DATA 	Keypress: 1
35.0087 	EXP 	text_2afc_response_yes_trial: autoDraw = False
35.0087 	EXP 	text_2afc_response_no_trial: autoDraw = False
35.0087 	EXP 	text_2afc_question_trial: autoDraw = False
35.0087 	EXP 	text_2afc_question_trial: autoDraw = True
35.2431 	EXP 	text_2afc_response_yes_trial: autoDraw = True
35.2431 	EXP 	text_2afc_response_no_trial: autoDraw = True
35.9267 	EXP 	New trial (rep=0, index=23): OrderedDict([('pisch', 'conditions/german/pisch_7_3.wav'), ('fisch', 'conditions/german/fisch_7_3.wav'), ('pake', 'conditions/german/pake_7_3.wav'), ('pike', 'conditions/german/pike_7_3.wav'), ('item_num', 45), ('correct_response', 0)])
35.9356 	DATA 	Keypress: 1
35.9423 	EXP 	text_2afc_response_yes_trial: autoDraw = False
35.9423 	EXP 	text_2afc_response_no_trial: autoDraw = False
35.9423 	EXP 	text_2afc_question_trial: autoDraw = False
35.9423 	EXP 	text_2afc_question_trial: autoDraw = True
36.1763 	EXP 	text_2afc_response_yes_trial: autoDraw = True
36.1763 	EXP 	text_2afc_response_no_trial: autoDraw = True
36.8433 	EXP 	New trial (rep=0, index=24): OrderedDict([('pisch', 'conditions/german/pisch_2_7.wav'), ('fisch', 'conditions/german/fisch_2_7.wav'), ('pake', 'conditions/german/pake_2_7.wav'), ('pike', 'conditions/german/pike_2_7.wav'), ('item_num', 14), ('correct_response', 0)])
36.8522 	DATA 	Keypress: 1
36.8587 	EXP 	text_2afc_response_yes_trial: autoDraw = False
36.8587 	EXP 	text_2afc_response_no_trial: autoDraw = False
36.8587 	EXP 	text_2afc_question_trial: autoDraw = False
36.8587 	EXP 	text_2afc_question_trial: autoDraw = True
37.0923 	EXP 	text_2afc_response_yes_trial: autoDraw = True
37.0923 	EXP 	text_2afc_response_no_trial: autoDraw = True
37.7834 	DATA 	Keypress: 1
37.7937 	EXP 	New trial (rep=0, index=25): OrderedDict([('pisch', 'conditions/german/pisch_6_3.wav'), ('fisch', 'conditions/german/fisch_6_3.wav'), ('pake', 'conditions/german/pake_6_3.wav'), ('pike', 'conditions/german/pike_6_3.wav'), ('item_num', 38), ('correct_response', 0)])
37.8087 	EXP 	text_2afc_response_yes_trial: autoDraw = False
37.8087 	EXP 	text_2afc_response_no_trial: autoDraw = False
37.8087 	EXP 	text_2afc_question_trial: autoDraw = False
37.8087 	EXP 	text_2afc_question_trial: autoDraw = True
38.0424 	EXP 	text_2afc_response_yes_trial: autoDraw = True
38.0424 	EXP 	text_2afc_response_no_trial: autoDraw = True
38.7103 	EXP 	New trial (rep=0, index=26): OrderedDict([('pisch', 'conditions/german/pisch_6_7.wav'), ('fisch', 'conditions/german/fisch_6_7.wav'), ('pake', 'conditions/german/pake_6_7.wav'), ('pike', 'conditions/german/pike_6_7.wav'), ('item_num', 42), ('correct_response', 0)])
38.7192 	DATA 	Keypress: 1
38.7254 	EXP 	text_2afc_response_yes_trial: autoDraw = False
38.7254 	EXP 	text_2afc_response_no_trial: autoDraw = False
38.7254 	EXP 	text_2afc_question_trial: autoDraw = False
38.7254 	EXP 	text_2afc_question_trial: autoDraw = True
38.9584 	EXP 	text_2afc_response_yes_trial: autoDraw = True
38.9584 	EXP 	text_2afc_response_no_trial: autoDraw = True
39.6603 	EXP 	New trial (rep=0, index=27): OrderedDict([('pisch', 'conditions/german/pisch_2_2.wav'), ('fisch', 'conditions/german/fisch_2_2.wav'), ('pake', 'conditions/german/pake_2_2.wav'), ('pike', 'conditions/german/pike_2_2.wav'), ('item_num', 9), ('correct_response', 1)])
39.6693 	DATA 	Keypress: 1
39.6755 	EXP 	text_2afc_response_yes_trial: autoDraw = False
39.6755 	EXP 	text_2afc_response_no_trial: autoDraw = False
39.6755 	EXP 	text_2afc_question_trial: autoDraw = False
39.6755 	EXP 	text_2afc_question_trial: autoDraw = True
39.9099 	EXP 	text_2afc_response_yes_trial: autoDraw = True
39.9099 	EXP 	text_2afc_response_no_trial: autoDraw = True
40.6437 	EXP 	New trial (rep=0, index=28): OrderedDict([('pisch', 'conditions/german/pisch_7_2.wav'), ('fisch', 'conditions/german/fisch_7_2.wav'), ('pake', 'conditions/german/pake_7_2.wav'), ('pike', 'conditions/german/pike_7_2.wav'), ('item_num', 44), ('correct_response', 0)])
40.6522 	DATA 	Keypress: 1
40.6586 	EXP 	text_2afc_response_yes_trial: autoDraw = False
40.6586 	EXP 	text_2afc_response_no_trial: autoDraw = False
40.6586 	EXP 	text_2afc_question_trial: autoDraw = False
40.6586 	EXP 	text_2afc_question_trial: autoDraw = True
40.8927 	EXP 	text_2afc_response_yes_trial: autoDraw = True
40.8927 	EXP 	text_2afc_response_no_trial: autoDraw = True
41.4779 	EXP 	New trial (rep=0, index=29): OrderedDict([('pisch', 'conditions/german/pisch_5_1.wav'), ('fisch', 'conditions/german/fisch_5_1.wav'), ('pake', 'conditions/german/pake_5_1.wav'), ('pike', 'conditions/german/pike_5_1.wav'), ('item_num', 29), ('correct_response', 0)])
41.4861 	DATA 	Keypress: 1
41.4922 	EXP 	text_2afc_response_yes_trial: autoDraw = False
41.4922 	EXP 	text_2afc_response_no_trial: autoDraw = False
41.4922 	EXP 	text_2afc_question_trial: autoDraw = False
41.4922 	EXP 	text_2afc_question_trial: autoDraw = True
41.7265 	EXP 	text_2afc_response_yes_trial: autoDraw = True
41.7265 	EXP 	text_2afc_response_no_trial: autoDraw = True
42.4438 	EXP 	New trial (rep=0, index=30): OrderedDict([('pisch', 'conditions/german/pisch_3_5.wav'), ('fisch', 'conditions/german/fisch_3_5.wav'), ('pake', 'conditions/german/pake_3_5.wav'), ('pike', 'conditions/german/pike_3_5.wav'), ('item_num', 19), ('correct_response', 0)])
42.4534 	DATA 	Keypress: 1
42.4589 	EXP 	text_2afc_response_yes_trial: autoDraw = False
42.4589 	EXP 	text_2afc_response_no_trial: autoDraw = False
42.4589 	EXP 	text_2afc_question_trial: autoDraw = False
42.4589 	EXP 	text_2afc_question_trial: autoDraw = True
42.6926 	EXP 	text_2afc_response_yes_trial: autoDraw = True
42.6926 	EXP 	text_2afc_response_no_trial: autoDraw = True
43.3108 	EXP 	New trial (rep=0, index=31): OrderedDict([('pisch', 'conditions/german/pisch_5_7.wav'), ('fisch', 'conditions/german/fisch_5_7.wav'), ('pake', 'conditions/german/pake_5_7.wav'), ('pike', 'conditions/german/pike_5_7.wav'), ('item_num', 35), ('correct_response', 0)])
43.3216 	DATA 	Keypress: 1
43.3262 	EXP 	text_2afc_response_yes_trial: autoDraw = False
43.3262 	EXP 	text_2afc_response_no_trial: autoDraw = False
43.3262 	EXP 	text_2afc_question_trial: autoDraw = False
43.3262 	EXP 	text_2afc_question_trial: autoDraw = True
43.5589 	EXP 	text_2afc_response_yes_trial: autoDraw = True
43.5589 	EXP 	text_2afc_response_no_trial: autoDraw = True
44.2597 	EXP 	New trial (rep=0, index=32): OrderedDict([('pisch', 'conditions/german/pisch_5_2.wav'), ('fisch', 'conditions/german/fisch_5_2.wav'), ('pake', 'conditions/german/pake_5_2.wav'), ('pike', 'conditions/german/pike_5_2.wav'), ('item_num', 30), ('correct_response', 0)])
44.2694 	DATA 	Keypress: 1
44.2758 	EXP 	text_2afc_response_yes_trial: autoDraw = False
44.2758 	EXP 	text_2afc_response_no_trial: autoDraw = False
44.2758 	EXP 	text_2afc_question_trial: autoDraw = False
44.2758 	EXP 	text_2afc_question_trial: autoDraw = True
44.5088 	EXP 	text_2afc_response_yes_trial: autoDraw = True
44.5088 	EXP 	text_2afc_response_no_trial: autoDraw = True
45.2935 	EXP 	New trial (rep=0, index=33): OrderedDict([('pisch', 'conditions/german/pisch_6_6.wav'), ('fisch', 'conditions/german/fisch_6_6.wav'), ('pake', 'conditions/german/pake_6_6.wav'), ('pike', 'conditions/german/pike_6_6.wav'), ('item_num', 41), ('correct_response', 1)])
45.3018 	DATA 	Keypress: 1
45.3084 	EXP 	text_2afc_response_yes_trial: autoDraw = False
45.3084 	EXP 	text_2afc_response_no_trial: autoDraw = False
45.3084 	EXP 	text_2afc_question_trial: autoDraw = False
45.3084 	EXP 	text_2afc_question_trial: autoDraw = True
45.5433 	EXP 	text_2afc_response_yes_trial: autoDraw = True
45.5433 	EXP 	text_2afc_response_no_trial: autoDraw = True
46.3778 	EXP 	New trial (rep=0, index=34): OrderedDict([('pisch', 'conditions/german/pisch_5_4.wav'), ('fisch', 'conditions/german/fisch_5_4.wav'), ('pake', 'conditions/german/pake_5_4.wav'), ('pike', 'conditions/german/pike_5_4.wav'), ('item_num', 32), ('correct_response', 0)])
46.3872 	DATA 	Keypress: 1
46.3924 	EXP 	text_2afc_response_yes_trial: autoDraw = False
46.3924 	EXP 	text_2afc_response_no_trial: autoDraw = False
46.3924 	EXP 	text_2afc_question_trial: autoDraw = False
46.3924 	EXP 	text_2afc_question_trial: autoDraw = True
46.6260 	EXP 	text_2afc_response_yes_trial: autoDraw = True
46.6260 	EXP 	text_2afc_response_no_trial: autoDraw = True
47.3593 	EXP 	New trial (rep=0, index=35): OrderedDict([('pisch', 'conditions/german/pisch_6_1.wav'), ('fisch', 'conditions/german/fisch_6_1.wav'), ('pake', 'conditions/german/pake_6_1.wav'), ('pike', 'conditions/german/pike_6_1.wav'), ('item_num', 36), ('correct_response', 0)])
47.3690 	DATA 	Keypress: 1
47.3756 	EXP 	text_2afc_response_yes_trial: autoDraw = False
47.3756 	EXP 	text_2afc_response_no_trial: autoDraw = False
47.3756 	EXP 	text_2afc_question_trial: autoDraw = False
47.3756 	EXP 	text_2afc_question_trial: autoDraw = True
47.6089 	EXP 	text_2afc_response_yes_trial: autoDraw = True
47.6089 	EXP 	text_2afc_response_no_trial: autoDraw = True
48.2272 	EXP 	New trial (rep=0, index=36): OrderedDict([('pisch', 'conditions/german/pisch_7_6.wav'), ('fisch', 'conditions/german/fisch_7_6.wav'), ('pake', 'conditions/german/pake_7_6.wav'), ('pike', 'conditions/german/pike_7_6.wav'), ('item_num', 48), ('correct_response', 0)])
48.2373 	DATA 	Keypress: 1
48.2576 	EXP 	text_2afc_response_yes_trial: autoDraw = False
48.2576 	EXP 	text_2afc_response_no_trial: autoDraw = False
48.2576 	EXP 	text_2afc_question_trial: autoDraw = False
48.2576 	EXP 	text_2afc_question_trial: autoDraw = True
48.4765 	EXP 	text_2afc_response_yes_trial: autoDraw = True
48.4765 	EXP 	text_2afc_response_no_trial: autoDraw = True
48.8266 	EXP 	New trial (rep=0, index=37): OrderedDict([('pisch', 'conditions/german/pisch_7_4.wav'), ('fisch', 'conditions/german/fisch_7_4.wav'), ('pake', 'conditions/german/pake_7_4.wav'), ('pike', 'conditions/german/pike_7_4.wav'), ('item_num', 46), ('correct_response', 0)])
48.8361 	DATA 	Keypress: 1
48.8419 	EXP 	text_2afc_response_yes_trial: autoDraw = False
48.8419 	EXP 	text_2afc_response_no_trial: autoDraw = False
48.8419 	EXP 	text_2afc_question_trial: autoDraw = False
48.8419 	EXP 	text_2afc_question_trial: autoDraw = True
49.0766 	EXP 	text_2afc_response_yes_trial: autoDraw = True
49.0766 	EXP 	text_2afc_response_no_trial: autoDraw = True
49.3776 	EXP 	New trial (rep=0, index=38): OrderedDict([('pisch', 'conditions/german/pisch_3_3.wav'), ('fisch', 'conditions/german/fisch_3_3.wav'), ('pake', 'conditions/german/pake_3_3.wav'), ('pike', 'conditions/german/pike_3_3.wav'), ('item_num', 17), ('correct_response', 1)])
49.3868 	DATA 	Keypress: 1
49.3922 	EXP 	text_2afc_response_yes_trial: autoDraw = False
49.3922 	EXP 	text_2afc_response_no_trial: autoDraw = False
49.3922 	EXP 	text_2afc_question_trial: autoDraw = False
49.3922 	EXP 	text_2afc_question_trial: autoDraw = True
49.6257 	EXP 	text_2afc_response_yes_trial: autoDraw = True
49.6257 	EXP 	text_2afc_response_no_trial: autoDraw = True
49.8835 	DATA 	Keypress: 1
50.3945 	EXP 	New trial (rep=0, index=39): OrderedDict([('pisch', 'conditions/german/pisch_4_6.wav'), ('fisch', 'conditions/german/fisch_4_6.wav'), ('pake', 'conditions/german/pake_4_6.wav'), ('pike', 'conditions/german/pike_4_6.wav'), ('item_num', 27), ('correct_response', 0)])
50.4036 	DATA 	Keypress: 1
50.4090 	EXP 	text_2afc_response_yes_trial: autoDraw = False
50.4090 	EXP 	text_2afc_response_no_trial: autoDraw = False
50.4090 	EXP 	text_2afc_question_trial: autoDraw = False
50.4090 	EXP 	text_2afc_question_trial: autoDraw = True
50.6430 	EXP 	text_2afc_response_yes_trial: autoDraw = True
50.6430 	EXP 	text_2afc_response_no_trial: autoDraw = True
50.9943 	EXP 	New trial (rep=0, index=40): OrderedDict([('pisch', 'conditions/german/pisch_1_2.wav'), ('fisch', 'conditions/german/fisch_1_2.wav'), ('pake', 'conditions/german/pake_1_2.wav'), ('pike', 'conditions/german/pike_1_2.wav'), ('item_num', 2), ('correct_response', 0)])
51.0031 	DATA 	Keypress: 1
51.0092 	EXP 	text_2afc_response_yes_trial: autoDraw = False
51.0092 	EXP 	text_2afc_response_no_trial: autoDraw = False
51.0092 	EXP 	text_2afc_question_trial: autoDraw = False
51.0092 	EXP 	text_2afc_question_trial: autoDraw = True
51.2433 	EXP 	text_2afc_response_yes_trial: autoDraw = True
51.2433 	EXP 	text_2afc_response_no_trial: autoDraw = True
51.5771 	EXP 	New trial (rep=0, index=41): OrderedDict([('pisch', 'conditions/german/pisch_4_4.wav'), ('fisch', 'conditions/german/fisch_4_4.wav'), ('pake', 'conditions/german/pake_4_4.wav'), ('pike', 'conditions/german/pike_4_4.wav'), ('item_num', 25), ('correct_response', 1)])
51.5866 	DATA 	Keypress: 1
51.5921 	EXP 	text_2afc_response_yes_trial: autoDraw = False
51.5921 	EXP 	text_2afc_response_no_trial: autoDraw = False
51.5921 	EXP 	text_2afc_question_trial: autoDraw = False
51.5921 	EXP 	text_2afc_question_trial: autoDraw = True
51.8255 	EXP 	text_2afc_response_yes_trial: autoDraw = True
51.8255 	EXP 	text_2afc_response_no_trial: autoDraw = True
52.1443 	EXP 	New trial (rep=0, index=42): OrderedDict([('pisch', 'conditions/german/pisch_5_6.wav'), ('fisch', 'conditions/german/fisch_5_6.wav'), ('pake', 'conditions/german/pake_5_6.wav'), ('pike', 'conditions/german/pike_5_6.wav'), ('item_num', 34), ('correct_response', 0)])
52.1528 	DATA 	Keypress: 1
52.1595 	EXP 	text_2afc_response_yes_trial: autoDraw = False
52.1595 	EXP 	text_2afc_response_no_trial: autoDraw = False
52.1595 	EXP 	text_2afc_question_trial: autoDraw = False
52.1595 	EXP 	text_2afc_question_trial: autoDraw = True
52.3937 	EXP 	text_2afc_response_yes_trial: autoDraw = True
52.3937 	EXP 	text_2afc_response_no_trial: autoDraw = True
52.6939 	EXP 	New trial (rep=0, index=43): OrderedDict([('pisch', 'conditions/german/pisch_6_4.wav'), ('fisch', 'conditions/german/fisch_6_4.wav'), ('pake', 'conditions/german/pake_6_4.wav'), ('pike', 'conditions/german/pike_6_4.wav'), ('item_num', 39), ('correct_response', 0)])
52.7022 	DATA 	Keypress: 1
52.7091 	EXP 	text_2afc_response_yes_trial: autoDraw = False
52.7091 	EXP 	text_2afc_response_no_trial: autoDraw = False
52.7091 	EXP 	text_2afc_question_trial: autoDraw = False
52.7091 	EXP 	text_2afc_question_trial: autoDraw = True
52.9434 	EXP 	text_2afc_response_yes_trial: autoDraw = True
52.9434 	EXP 	text_2afc_response_no_trial: autoDraw = True
53.2440 	EXP 	New trial (rep=0, index=44): OrderedDict([('pisch', 'conditions/german/pisch_2_1.wav'), ('fisch', 'conditions/german/fisch_2_1.wav'), ('pake', 'conditions/german/pake_2_1.wav'), ('pike', 'conditions/german/pike_2_1.wav'), ('item_num', 8), ('correct_response', 0)])
53.2531 	DATA 	Keypress: 1
53.2591 	EXP 	text_2afc_response_yes_trial: autoDraw = False
53.2591 	EXP 	text_2afc_response_no_trial: autoDraw = False
53.2591 	EXP 	text_2afc_question_trial: autoDraw = False
53.2591 	EXP 	text_2afc_question_trial: autoDraw = True
53.4931 	EXP 	text_2afc_response_yes_trial: autoDraw = True
53.4931 	EXP 	text_2afc_response_no_trial: autoDraw = True
53.7941 	EXP 	New trial (rep=0, index=45): OrderedDict([('pisch', 'conditions/german/pisch_1_4.wav'), ('fisch', 'conditions/german/fisch_1_4.wav'), ('pake', 'conditions/german/pake_1_4.wav'), ('pike', 'conditions/german/pike_1_4.wav'), ('item_num', 4), ('correct_response', 0)])
53.8041 	DATA 	Keypress: 1
53.8257 	EXP 	text_2afc_response_yes_trial: autoDraw = False
53.8257 	EXP 	text_2afc_response_no_trial: autoDraw = False
53.8257 	EXP 	text_2afc_question_trial: autoDraw = False
53.8257 	EXP 	text_2afc_question_trial: autoDraw = True
54.0436 	EXP 	text_2afc_response_yes_trial: autoDraw = True
54.0436 	EXP 	text_2afc_response_no_trial: autoDraw = True
54.3447 	EXP 	New trial (rep=0, index=46): OrderedDict([('pisch', 'conditions/german/pisch_1_5.wav'), ('fisch', 'conditions/german/fisch_1_5.wav'), ('pake', 'conditions/german/pake_1_5.wav'), ('pike', 'conditions/german/pike_1_5.wav'), ('item_num', 5), ('correct_response', 0)])
54.3534 	DATA 	Keypress: 1
54.3593 	EXP 	text_2afc_response_yes_trial: autoDraw = False
54.3593 	EXP 	text_2afc_response_no_trial: autoDraw = False
54.3593 	EXP 	text_2afc_question_trial: autoDraw = False
54.3593 	EXP 	text_2afc_question_trial: autoDraw = True
54.5929 	EXP 	text_2afc_response_yes_trial: autoDraw = True
54.5929 	EXP 	text_2afc_response_no_trial: autoDraw = True
54.8613 	EXP 	New trial (rep=0, index=47): OrderedDict([('pisch', 'conditions/german/pisch_5_3.wav'), ('fisch', 'conditions/german/fisch_5_3.wav'), ('pake', 'conditions/german/pake_5_3.wav'), ('pike', 'conditions/german/pike_5_3.wav'), ('item_num', 31), ('correct_response', 0)])
54.8711 	DATA 	Keypress: 1
54.8768 	EXP 	text_2afc_response_yes_trial: autoDraw = False
54.8768 	EXP 	text_2afc_response_no_trial: autoDraw = False
54.8768 	EXP 	text_2afc_question_trial: autoDraw = False
54.8768 	EXP 	text_2afc_question_trial: autoDraw = True
55.1104 	EXP 	text_2afc_response_yes_trial: autoDraw = True
55.1104 	EXP 	text_2afc_response_no_trial: autoDraw = True
55.3768 	EXP 	New trial (rep=0, index=48): OrderedDict([('pisch', 'conditions/german/pisch_2_4.wav'), ('fisch', 'conditions/german/fisch_2_4.wav'), ('pake', 'conditions/german/pake_2_4.wav'), ('pike', 'conditions/german/pike_2_4.wav'), ('item_num', 11), ('correct_response', 0)])
55.3861 	DATA 	Keypress: 1
55.3923 	EXP 	text_2afc_response_yes_trial: autoDraw = False
55.3923 	EXP 	text_2afc_response_no_trial: autoDraw = False
55.3923 	EXP 	text_2afc_question_trial: autoDraw = False
55.3923 	EXP 	text_2afc_question_trial: autoDraw = True
55.6255 	EXP 	text_2afc_response_yes_trial: autoDraw = True
55.6255 	EXP 	text_2afc_response_no_trial: autoDraw = True
55.8995 	DATA 	Keypress: 1
55.9090 	EXP 	text_2afc_response_yes_trial: autoDraw = False
55.9090 	EXP 	text_2afc_response_no_trial: autoDraw = False
55.9090 	EXP 	text_2afc_question_trial: autoDraw = False
55.9090 	EXP 	text: autoDraw = True
58.0647 	DEBUG 	Read csv file with pandas: conditions/conditions_french.csv
58.0655 	DEBUG 	Clearing unnamed columns from conditions/conditions_french.csv
58.0673 	EXP 	Imported conditions/conditions_french.csv as conditions, 49 conditions, 6 params
58.0677 	EXP 	Created sequence: random, trialTypes=49, nReps=1, seed=None
58.0680 	EXP 	New trial (rep=0, index=0): OrderedDict([('fat', 'conditions/french/fat_5_3.wav'), ('fit', 'conditions/french/fit_5_3.wav'), ('pat', 'conditions/french/pat_5_3.wav'), ('pic', 'conditions/french/pic_5_3.wav'), ('item_num', 31), ('correct_response', 0)])
58.0749 	DATA 	Keypress: space
58.0801 	EXP 	text: autoDraw = False
58.0801 	EXP 	text_2afc_question_trial_2: autoDraw = True
58.3270 	EXP 	text_2afc_response_yes_trial_2: autoDraw = True
58.3270 	EXP 	text_2afc_response_no_trial_2: autoDraw = True
61.2445 	EXP 	New trial (rep=0, index=1): OrderedDict([('fat', 'conditions/french/fat_7_7.wav'), ('fit', 'conditions/french/fit_7_7.wav'), ('pat', 'conditions/french/pat_7_7.wav'), ('pic', 'conditions/french/pic_7_7.wav'), ('item_num', 49), ('correct_response', 1)])
61.2521 	DATA 	Keypress: 1
61.2591 	EXP 	text_2afc_response_yes_trial_2: autoDraw = False
61.2591 	EXP 	text_2afc_response_no_trial_2: autoDraw = False
61.2591 	EXP 	text_2afc_question_trial_2: autoDraw = False
61.2591 	EXP 	text_2afc_question_trial_2: autoDraw = True
61.4926 	EXP 	text_2afc_response_yes_trial_2: autoDraw = True
61.4926 	EXP 	text_2afc_response_no_trial_2: autoDraw = True
63.3992 	DATA 	Keypress: 1
63.4098 	EXP 	New trial (rep=0, index=2): OrderedDict([('fat', 'conditions/french/fat_7_4.wav'), ('fit', 'conditions/french/fit_7_4.wav'), ('pat', 'conditions/french/pat_7_4.wav'), ('pic', 'conditions/french/pic_7_4.wav'), ('item_num', 46), ('correct_response', 0)])
63.4263 	EXP 	text_2afc_response_yes_trial_2: autoDraw = False
63.4263 	EXP 	text_2afc_response_no_trial_2: autoDraw = False
63.4263 	EXP 	text_2afc_question_trial_2: autoDraw = False
63.4263 	EXP 	text_2afc_question_trial_2: autoDraw = True
63.6600 	EXP 	text_2afc_response_yes_trial_2: autoDraw = True
63.6600 	EXP 	text_2afc_response_no_trial_2: autoDraw = True
65.4601 	EXP 	New trial (rep=0, index=3): OrderedDict([('fat', 'conditions/french/fat_3_4.wav'), ('fit', 'conditions/french/fit_3_4.wav'), ('pat', 'conditions/french/pat_3_4.wav'), ('pic', 'conditions/french/pic_3_4.wav'), ('item_num', 18), ('correct_response', 0)])
65.4680 	DATA 	Keypress: 1
65.4766 	EXP 	text_2afc_response_yes_trial_2: autoDraw = False
65.4766 	EXP 	text_2afc_response_no_trial_2: autoDraw = False
65.4766 	EXP 	text_2afc_question_trial_2: autoDraw = False
65.4766 	EXP 	text_2afc_question_trial_2: autoDraw = True
65.7102 	EXP 	text_2afc_response_yes_trial_2: autoDraw = True
65.7102 	EXP 	text_2afc_response_no_trial_2: autoDraw = True
66.4450 	EXP 	New trial (rep=0, index=4): OrderedDict([('fat', 'conditions/french/fat_2_1.wav'), ('fit', 'conditions/french/fit_2_1.wav'), ('pat', 'conditions/french/pat_2_1.wav'), ('pic', 'conditions/french/pic_2_1.wav'), ('item_num', 8), ('correct_response', 0)])
66.4528 	DATA 	Keypress: 1
66.4588 	EXP 	text_2afc_response_yes_trial_2: autoDraw = False
66.4588 	EXP 	text_2afc_response_no_trial_2: autoDraw = False
66.4588 	EXP 	text_2afc_question_trial_2: autoDraw = False
66.4588 	EXP 	text_2afc_question_trial_2: autoDraw = True
66.6928 	EXP 	text_2afc_response_yes_trial_2: autoDraw = True
66.6928 	EXP 	text_2afc_response_no_trial_2: autoDraw = True
67.3274 	EXP 	New trial (rep=0, index=5): OrderedDict([('fat', 'conditions/french/fat_5_6.wav'), ('fit', 'conditions/french/fit_5_6.wav'), ('pat', 'conditions/french/pat_5_6.wav'), ('pic', 'conditions/french/pic_5_6.wav'), ('item_num', 34), ('correct_response', 0)])
67.3342 	DATA 	Keypress: 1
67.3433 	EXP 	text_2afc_response_yes_trial_2: autoDraw = False
67.3433 	EXP 	text_2afc_response_no_trial_2: autoDraw = False
67.3433 	EXP 	text_2afc_question_trial_2: autoDraw = False
67.3433 	EXP 	text_2afc_question_trial_2: autoDraw = True
67.5766 	EXP 	text_2afc_response_yes_trial_2: autoDraw = True
67.5766 	EXP 	text_2afc_response_no_trial_2: autoDraw = True
68.1830 	DATA 	Keypress: escape
68.4320 	EXP 	window1: mouseVisible = True
68.4321 	DEBUG 	Saving data for empathy_intonation_perc ExperimentHandler
68.4355 	INFO 	saved data to /Users/kyleparrish/Documents/exp/data/ _empathy_intonation_perc_2022_Mar_23_1509.psydat
68.4421 	INFO 	saved data to '/Users/kyleparrish/Documents/exp/data/ _empathy_intonation_perc_2022_Mar_23_1509.csv'
