0.7200 	WARNING 	We strongly recommend you activate the PTB sound engine in PsychoPy prefs as the preferred audio engine. Its timing is vastly superior. Your prefs are currently set to use ['sounddevice', 'PTB', 'pyo', 'pygame'] (in that order).
5.3920 	INFO 	Loaded monitor calibration from ['2021_05_25 17:40']
5.4077 	WARNING 	User requested fullscreen with size [1920 1200], but screen is actually [1440, 900]. Using actual size
5.9615 	EXP 	Created window1 = Window(allowGUI=False, allowStencil=False, autoLog=True, backendConf=UNKNOWN, bitsMode=UNKNOWN, blendMode='avg', bpc=(8, 8, 8), color=array([0, 0, 0]), colorSpace='rgb', depthBits=8, fullscr=<method-wrapper '__getattribute__' of attributeSetter object at 0x7fdd7a0eda90>, gamma=None, gammaErrorPolicy='raise', lms=UNKNOWN, monitor=<psychopy.monitors.calibTools.Monitor object at 0x7fddee5845c0>, multiSample=False, name='window1', numSamples=2, pos=[360.0, 225.0], screen=0, size=array([2880, 1800]), stencilBits=0, stereo=False, units='height', useFBO=True, useRetina=True, viewOri=0.0, viewPos=None, viewScale=None, waitBlanking=True, winType='pyglet')
5.9638 	EXP 	window1: mouseVisible = True
5.9639 	EXP 	window1: recordFrameIntervals = False
6.1290 	EXP 	window1: recordFrameIntervals = True
6.3124 	DEBUG 	Screen (0) actual frame rate measured at 59.43
6.3124 	EXP 	window1: recordFrameIntervals = False
7.2488 	INFO 	keyboard.Keyboard is using ptb backend.
7.2899 	EXP 	Created text_2afc_check = TextStim(__class__=<class 'psychopy.visual.text.TextStim'>, alignHoriz=method-wrapper(...), alignText='center', alignVert=method-wrapper(...), anchorHoriz='center', anchorVert='center', antialias=True, autoLog=True, bold=False, color=array([1., 1., 1.]), colorSpace='rgb', contrast=1.0, depth=0.0, flipHoriz=False, flipVert=False, font='Arial', fontFiles=[], height=0.05, italic=False, languageStyle='LTR', name='text_2afc_check', opacity=1, ori=0, pos=array([0., 0.]), rgb=UNKNOWN, text=str(...), units='height', win=Window(...), wrapWidth=1)
7.5215 	INFO 	keyboard.Keyboard is using ptb backend.
7.5324 	EXP 	Sound sound_2afc_stim_trial set volume 1.000
7.5369 	EXP 	Created text_2afc_response_yes_trial = TextStim(__class__=<class 'psychopy.visual.text.TextStim'>, alignHoriz=method-wrapper(...), alignText='center', alignVert=method-wrapper(...), anchorHoriz='center', anchorVert='center', antialias=True, autoLog=True, bold=False, color=array([1., 1., 1.]), colorSpace='rgb', contrast=1.0, depth=-2.0, flipHoriz=False, flipVert=False, font='Arial', fontFiles=[], height=0.1, italic=False, languageStyle='LTR', name='text_2afc_response_yes_trial', opacity=1, ori=0, pos=array([-0.3,  0. ]), rgb=UNKNOWN, text='Yes', units='height', win=Window(...), wrapWidth=1)
7.5392 	EXP 	Created text_2afc_response_no_trial = TextStim(__class__=<class 'psychopy.visual.text.TextStim'>, alignHoriz=method-wrapper(...), alignText='center', alignVert=method-wrapper(...), anchorHoriz='center', anchorVert='center', antialias=True, autoLog=True, bold=False, color=array([1., 1., 1.]), colorSpace='rgb', contrast=1.0, depth=-3.0, flipHoriz=False, flipVert=False, font='Arial', fontFiles=[], height=0.1, italic=False, languageStyle='LTR', name='text_2afc_response_no_trial', opacity=1, ori=0, pos=array([0.3, 0. ]), rgb=UNKNOWN, text='No', units='height', win=Window(...), wrapWidth=1)
7.7688 	INFO 	keyboard.Keyboard is using ptb backend.
7.7747 	EXP 	Created text_2afc_question_trial = TextStim(__class__=<class 'psychopy.visual.text.TextStim'>, alignHoriz=method-wrapper(...), alignText='center', alignVert=method-wrapper(...), anchorHoriz='center', anchorVert='center', antialias=True, autoLog=True, bold=False, color=array([-1., -1.,  1.]), colorSpace='rgb', contrast=1.0, depth=-5.0, flipHoriz=False, flipVert=False, font='Arial', fontFiles=[], height=0.1, italic=False, languageStyle='LTR', name='text_2afc_question_trial', opacity=1, ori=0, pos=array([0. , 0.3]), rgb=UNKNOWN, text='Is this a question?', units='height', win=Window(...), wrapWidth=1)
7.7849 	EXP 	text_2afc_check: autoDraw = True
20.9028 	DEBUG 	Read csv file with pandas: conditions/conditions_german.csv
20.9051 	DEBUG 	Clearing unnamed columns from conditions/conditions_german.csv
20.9087 	EXP 	Imported conditions/conditions_german.csv as conditions, 49 conditions, 6 params
20.9099 	EXP 	Created sequence: random, trialTypes=49, nReps=1, seed=None
20.9105 	EXP 	New trial (rep=0, index=0): OrderedDict([('pisch', 'conditions/german/pisch_4_1.wav'), ('fisch', 'conditions/german/fisch_4_1.wav'), ('pake', 'conditions/german/pake_4_1.wav'), ('pike', 'conditions/german/pike_4_1.wav'), ('item_num', 22), ('correct_response', 0)])
20.9244 	EXP 	text_2afc_check: autoDraw = False
20.9244 	EXP 	text_2afc_question_trial: autoDraw = True
21.1619 	EXP 	text_2afc_response_yes_trial: autoDraw = True
21.1619 	EXP 	text_2afc_response_no_trial: autoDraw = True
24.4298 	EXP 	New trial (rep=0, index=1): OrderedDict([('pisch', 'conditions/german/pisch_2_5.wav'), ('fisch', 'conditions/german/fisch_2_5.wav'), ('pake', 'conditions/german/pake_2_5.wav'), ('pike', 'conditions/german/pike_2_5.wav'), ('item_num', 12), ('correct_response', 0)])
24.4454 	EXP 	text_2afc_response_yes_trial: autoDraw = False
24.4454 	EXP 	text_2afc_response_no_trial: autoDraw = False
24.4454 	EXP 	text_2afc_question_trial: autoDraw = False
24.4454 	EXP 	text_2afc_question_trial: autoDraw = True
24.6780 	EXP 	text_2afc_response_yes_trial: autoDraw = True
24.6780 	EXP 	text_2afc_response_no_trial: autoDraw = True
26.8635 	EXP 	New trial (rep=0, index=2): OrderedDict([('pisch', 'conditions/german/pisch_3_1.wav'), ('fisch', 'conditions/german/fisch_3_1.wav'), ('pake', 'conditions/german/pake_3_1.wav'), ('pike', 'conditions/german/pike_3_1.wav'), ('item_num', 15), ('correct_response', 0)])
26.8787 	EXP 	text_2afc_response_yes_trial: autoDraw = False
26.8787 	EXP 	text_2afc_response_no_trial: autoDraw = False
26.8787 	EXP 	text_2afc_question_trial: autoDraw = False
26.8787 	EXP 	text_2afc_question_trial: autoDraw = True
27.1122 	EXP 	text_2afc_response_yes_trial: autoDraw = True
27.1122 	EXP 	text_2afc_response_no_trial: autoDraw = True
29.0303 	EXP 	New trial (rep=0, index=3): OrderedDict([('pisch', 'conditions/german/pisch_3_7.wav'), ('fisch', 'conditions/german/fisch_3_7.wav'), ('pake', 'conditions/german/pake_3_7.wav'), ('pike', 'conditions/german/pike_3_7.wav'), ('item_num', 21), ('correct_response', 0)])
29.0447 	EXP 	text_2afc_response_yes_trial: autoDraw = False
29.0447 	EXP 	text_2afc_response_no_trial: autoDraw = False
29.0447 	EXP 	text_2afc_question_trial: autoDraw = False
29.0447 	EXP 	text_2afc_question_trial: autoDraw = True
29.2784 	EXP 	text_2afc_response_yes_trial: autoDraw = True
29.2784 	EXP 	text_2afc_response_no_trial: autoDraw = True
38.0392 	EXP 	window1: mouseVisible = True
38.0393 	DEBUG 	Saving data for empathy_intonation_perc ExperimentHandler
38.0414 	INFO 	saved data to /Users/kyleparrish/Documents/exp/data/ _empathy_intonation_perc_2022_Mar_23_1432.psydat
38.0422 	INFO 	saved data to '/Users/kyleparrish/Documents/exp/data/ _empathy_intonation_perc_2022_Mar_23_1432.csv'
