0.7166 	WARNING 	We strongly recommend you activate the PTB sound engine in PsychoPy prefs as the preferred audio engine. Its timing is vastly superior. Your prefs are currently set to use ['sounddevice', 'PTB', 'pyo', 'pygame'] (in that order).
4.3149 	INFO 	Loaded monitor calibration from ['2021_05_25 17:40']
4.3283 	WARNING 	User requested fullscreen with size [1920 1200], but screen is actually [1440, 900]. Using actual size
4.8986 	EXP 	Created window1 = Window(allowGUI=False, allowStencil=False, autoLog=True, backendConf=UNKNOWN, bitsMode=UNKNOWN, blendMode='avg', bpc=(8, 8, 8), color=array([0, 0, 0]), colorSpace='rgb', depthBits=8, fullscr=<method-wrapper '__getattribute__' of attributeSetter object at 0x7fba2544da58>, gamma=None, gammaErrorPolicy='raise', lms=UNKNOWN, monitor=<psychopy.monitors.calibTools.Monitor object at 0x7fba2496a550>, multiSample=False, name='window1', numSamples=2, pos=[360.0, 225.0], screen=0, size=array([2880, 1800]), stencilBits=0, stereo=False, units='height', useFBO=True, useRetina=True, viewOri=0.0, viewPos=None, viewScale=None, waitBlanking=True, winType='pyglet')
4.8988 	EXP 	window1: mouseVisible = True
4.8988 	EXP 	window1: recordFrameIntervals = False
5.0636 	EXP 	window1: recordFrameIntervals = True
5.2484 	DEBUG 	Screen (0) actual frame rate measured at 59.85
5.2484 	EXP 	window1: recordFrameIntervals = False
6.2128 	INFO 	keyboard.Keyboard is using ptb backend.
6.2521 	EXP 	Created text_2afc_check = TextStim(__class__=<class 'psychopy.visual.text.TextStim'>, alignHoriz=method-wrapper(...), alignText='center', alignVert=method-wrapper(...), anchorHoriz='center', anchorVert='center', antialias=True, autoLog=True, bold=False, color=array([1., 1., 1.]), colorSpace='rgb', contrast=1.0, depth=0.0, flipHoriz=False, flipVert=False, font='Arial', fontFiles=[], height=0.05, italic=False, languageStyle='LTR', name='text_2afc_check', opacity=1, ori=0, pos=array([0., 0.]), rgb=UNKNOWN, text=str(...), units='height', win=Window(...), wrapWidth=1)
6.4826 	INFO 	keyboard.Keyboard is using ptb backend.
6.4979 	EXP 	Sound sound_2afc_stim_trial set volume 1.000
6.5022 	EXP 	Created text_2afc_response_yes_trial = TextStim(__class__=<class 'psychopy.visual.text.TextStim'>, alignHoriz=method-wrapper(...), alignText='center', alignVert=method-wrapper(...), anchorHoriz='center', anchorVert='center', antialias=True, autoLog=True, bold=False, color=array([1., 1., 1.]), colorSpace='rgb', contrast=1.0, depth=-2.0, flipHoriz=False, flipVert=False, font='Arial', fontFiles=[], height=0.1, italic=False, languageStyle='LTR', name='text_2afc_response_yes_trial', opacity=1, ori=0, pos=array([-0.3,  0. ]), rgb=UNKNOWN, text='Yes', units='height', win=Window(...), wrapWidth=1)
6.5044 	EXP 	Created text_2afc_response_no_trial = TextStim(__class__=<class 'psychopy.visual.text.TextStim'>, alignHoriz=method-wrapper(...), alignText='center', alignVert=method-wrapper(...), anchorHoriz='center', anchorVert='center', antialias=True, autoLog=True, bold=False, color=array([1., 1., 1.]), colorSpace='rgb', contrast=1.0, depth=-3.0, flipHoriz=False, flipVert=False, font='Arial', fontFiles=[], height=0.1, italic=False, languageStyle='LTR', name='text_2afc_response_no_trial', opacity=1, ori=0, pos=array([0.3, 0. ]), rgb=UNKNOWN, text='No', units='height', win=Window(...), wrapWidth=1)
6.7337 	INFO 	keyboard.Keyboard is using ptb backend.
6.7393 	EXP 	Created text_2afc_question_trial = TextStim(__class__=<class 'psychopy.visual.text.TextStim'>, alignHoriz=method-wrapper(...), alignText='center', alignVert=method-wrapper(...), anchorHoriz='center', anchorVert='center', antialias=True, autoLog=True, bold=False, color=array([-1., -1.,  1.]), colorSpace='rgb', contrast=1.0, depth=-5.0, flipHoriz=False, flipVert=False, font='Arial', fontFiles=[], height=0.1, italic=False, languageStyle='LTR', name='text_2afc_question_trial', opacity=1, ori=0, pos=array([0. , 0.3]), rgb=UNKNOWN, text='Is this a question?', units='height', win=Window(...), wrapWidth=1)
6.7502 	EXP 	text_2afc_check: autoDraw = True
7.3676 	DEBUG 	Read excel file with openpyxl: trials/twoafc_trials.xlsx
7.3798 	EXP 	Imported trials/twoafc_trials.xlsx as conditions, 64 conditions, 10 params
7.3805 	EXP 	Created sequence: random, trialTypes=64, nReps=1, seed=None
7.3808 	EXP 	New trial (rep=0, index=0): {'item_num': 30, 'correct_response': 1, 'andalusian': './stim/wavs/andalusian_match_interrogative-total-yn_Maria-bebe-el-vino.wav', 'argentine': './stim/wavs/argentine_match_interrogative-total-yn_Maria-bebe-el-vino.wav', 'castilian': './stim/wavs/castilian_match_interrogative-total-yn_Maria-bebe-el-vino.wav', 'chilean': './stim/wavs/chilean_match_interrogative-total-yn_Maria-bebe-el-vino.wav', 'cuban': './stim/wavs/cuban_match_interrogative-total-yn_Maria-bebe-el-vino.wav', 'mexican': './stim/wavs/mexican_match_interrogative-total-yn_Maria-bebe-el-vino.wav', 'peruvian': './stim/wavs/peruvian_match_interrogative-total-yn_Maria-bebe-el-vino.wav', 'puertorican': './stim/wavs/puertorican_match_interrogative-total-yn_Maria-bebe-el-vino.wav'}
7.3941 	DATA 	Keypress: space
7.3985 	EXP 	text_2afc_check: autoDraw = False
7.3985 	EXP 	text_2afc_question_trial: autoDraw = True
7.6312 	EXP 	text_2afc_response_yes_trial: autoDraw = True
7.6312 	EXP 	text_2afc_response_no_trial: autoDraw = True
9.7003 	EXP 	New trial (rep=0, index=1): {'item_num': 32, 'correct_response': 1, 'andalusian': './stim/wavs/andalusian_match_interrogative-total-yn_Marta-abre-el-regalo.wav', 'argentine': './stim/wavs/argentine_match_interrogative-total-yn_Marta-abre-el-regalo.wav', 'castilian': './stim/wavs/castilian_match_interrogative-total-yn_Marta-abre-el-regalo.wav', 'chilean': './stim/wavs/chilean_match_interrogative-total-yn_Marta-abre-el-regalo.wav', 'cuban': './stim/wavs/cuban_match_interrogative-total-yn_Marta-abre-el-regalo.wav', 'mexican': './stim/wavs/mexican_match_interrogative-total-yn_Marta-abre-el-regalo.wav', 'peruvian': './stim/wavs/peruvian_match_interrogative-total-yn_Marta-abre-el-regalo.wav', 'puertorican': './stim/wavs/puertorican_match_interrogative-total-yn_Marta-abre-el-regalo.wav'}
9.7191 	DATA 	Keypress: 1
9.7253 	EXP 	text_2afc_response_yes_trial: autoDraw = False
9.7253 	EXP 	text_2afc_response_no_trial: autoDraw = False
9.7253 	EXP 	text_2afc_question_trial: autoDraw = False
9.7253 	EXP 	text_2afc_question_trial: autoDraw = True
9.9645 	EXP 	text_2afc_response_yes_trial: autoDraw = True
9.9645 	EXP 	text_2afc_response_no_trial: autoDraw = True
11.7987 	EXP 	New trial (rep=0, index=2): {'item_num': 44, 'correct_response': 0, 'andalusian': './stim/wavs/andalusian_mismatch_declarative-narrow-focus_La-maestra-vive-en-Paris.wav', 'argentine': './stim/wavs/argentine_mismatch_declarative-narrow-focus_La-maestra-vive-en-Paris.wav', 'castilian': './stim/wavs/castilian_mismatch_declarative-narrow-focus_La-maestra-vive-en-Paris.wav', 'chilean': './stim/wavs/chilean_mismatch_declarative-narrow-focus_La-maestra-vive-en-Paris.wav', 'cuban': './stim/wavs/cuban_mismatch_declarative-narrow-focus_La-maestra-vive-en-Paris.wav', 'mexican': './stim/wavs/mexican_mismatch_declarative-narrow-focus_La-maestra-vive-en-Paris.wav', 'peruvian': './stim/wavs/peruvian_mismatch_declarative-narrow-focus_La-maestra-vive-en-Paris.wav', 'puertorican': './stim/wavs/puertorican_mismatch_declarative-narrow-focus_La-maestra-vive-en-Paris.wav'}
11.8176 	DATA 	Keypress: 1
11.8218 	EXP 	text_2afc_response_yes_trial: autoDraw = False
11.8218 	EXP 	text_2afc_response_no_trial: autoDraw = False
11.8218 	EXP 	text_2afc_question_trial: autoDraw = False
11.8218 	EXP 	text_2afc_question_trial: autoDraw = True
12.0483 	EXP 	text_2afc_response_yes_trial: autoDraw = True
12.0483 	EXP 	text_2afc_response_no_trial: autoDraw = True
12.8386 	DATA 	Keypress: escape
13.2863 	EXP 	window1: mouseVisible = True
13.2864 	DEBUG 	Saving data for empathy_intonation_perc ExperimentHandler
13.2887 	INFO 	saved data to /Users/kyleparrish/Documents/exp/empathy_intonation_perc/data/_empathy_intonation_perc_2022_Mar_23_1422.psydat
13.2897 	INFO 	saved data to '/Users/kyleparrish/Documents/exp/empathy_intonation_perc/data/_empathy_intonation_perc_2022_Mar_23_1422.csv'
