0.7669 	WARNING 	We strongly recommend you activate the PTB sound engine in PsychoPy prefs as the preferred audio engine. Its timing is vastly superior. Your prefs are currently set to use ['sounddevice', 'PTB', 'pyo', 'pygame'] (in that order).
5.2144 	INFO 	Loaded monitor calibration from ['2021_05_25 17:40']
5.2294 	WARNING 	User requested fullscreen with size [1920 1200], but screen is actually [1440, 900]. Using actual size
5.9393 	EXP 	Created window1 = Window(allowGUI=False, allowStencil=False, autoLog=True, backendConf=UNKNOWN, bitsMode=UNKNOWN, blendMode='avg', bpc=(8, 8, 8), color=array([0, 0, 0]), colorSpace='rgb', depthBits=8, fullscr=<method-wrapper '__getattribute__' of attributeSetter object at 0x7ff2b7fbfac8>, gamma=None, gammaErrorPolicy='raise', lms=UNKNOWN, monitor=<psychopy.monitors.calibTools.Monitor object at 0x7ff2b651d588>, multiSample=False, name='window1', numSamples=2, pos=[360.0, 225.0], screen=0, size=array([2880, 1800]), stencilBits=0, stereo=False, units='height', useFBO=True, useRetina=True, viewOri=0.0, viewPos=None, viewScale=None, waitBlanking=True, winType='pyglet')
5.9394 	EXP 	window1: mouseVisible = True
5.9395 	EXP 	window1: recordFrameIntervals = False
6.1056 	EXP 	window1: recordFrameIntervals = True
6.6546 	DEBUG 	Screen (0) actual frame rate measured at 60.96
6.6547 	EXP 	window1: recordFrameIntervals = False
7.5504 	INFO 	keyboard.Keyboard is using ptb backend.
7.5919 	EXP 	Created text_2afc_check = TextStim(__class__=<class 'psychopy.visual.text.TextStim'>, alignHoriz=method-wrapper(...), alignText='center', alignVert=method-wrapper(...), anchorHoriz='center', anchorVert='center', antialias=True, autoLog=True, bold=False, color=array([1., 1., 1.]), colorSpace='rgb', contrast=1.0, depth=0.0, flipHoriz=False, flipVert=False, font='Arial', fontFiles=[], height=0.05, italic=False, languageStyle='LTR', name='text_2afc_check', opacity=1, ori=0, pos=array([0., 0.]), rgb=UNKNOWN, text=str(...), units='height', win=Window(...), wrapWidth=1)
7.8161 	INFO 	keyboard.Keyboard is using ptb backend.
7.8345 	EXP 	Sound sound_2afc_stim_trial set volume 1.000
7.8390 	EXP 	Created text_2afc_response_yes_trial = TextStim(__class__=<class 'psychopy.visual.text.TextStim'>, alignHoriz=method-wrapper(...), alignText='center', alignVert=method-wrapper(...), anchorHoriz='center', anchorVert='center', antialias=True, autoLog=True, bold=False, color=array([1., 1., 1.]), colorSpace='rgb', contrast=1.0, depth=-2.0, flipHoriz=False, flipVert=False, font='Arial', fontFiles=[], height=0.1, italic=False, languageStyle='LTR', name='text_2afc_response_yes_trial', opacity=1, ori=0, pos=array([-0.3,  0. ]), rgb=UNKNOWN, text='Yes', units='height', win=Window(...), wrapWidth=1)
7.8414 	EXP 	Created text_2afc_response_no_trial = TextStim(__class__=<class 'psychopy.visual.text.TextStim'>, alignHoriz=method-wrapper(...), alignText='center', alignVert=method-wrapper(...), anchorHoriz='center', anchorVert='center', antialias=True, autoLog=True, bold=False, color=array([1., 1., 1.]), colorSpace='rgb', contrast=1.0, depth=-3.0, flipHoriz=False, flipVert=False, font='Arial', fontFiles=[], height=0.1, italic=False, languageStyle='LTR', name='text_2afc_response_no_trial', opacity=1, ori=0, pos=array([0.3, 0. ]), rgb=UNKNOWN, text='No', units='height', win=Window(...), wrapWidth=1)
8.0666 	INFO 	keyboard.Keyboard is using ptb backend.
8.0722 	EXP 	Created text_2afc_question_trial = TextStim(__class__=<class 'psychopy.visual.text.TextStim'>, alignHoriz=method-wrapper(...), alignText='center', alignVert=method-wrapper(...), anchorHoriz='center', anchorVert='center', antialias=True, autoLog=True, bold=False, color=array([-1., -1.,  1.]), colorSpace='rgb', contrast=1.0, depth=-5.0, flipHoriz=False, flipVert=False, font='Arial', fontFiles=[], height=0.1, italic=False, languageStyle='LTR', name='text_2afc_question_trial', opacity=1, ori=0, pos=array([0. , 0.3]), rgb=UNKNOWN, text='Is this a question?', units='height', win=Window(...), wrapWidth=1)
8.2940 	INFO 	keyboard.Keyboard is using ptb backend.
8.3049 	EXP 	Created text = TextStim(__class__=<class 'psychopy.visual.text.TextStim'>, alignHoriz=method-wrapper(...), alignText='center', alignVert=method-wrapper(...), anchorHoriz='center', anchorVert='center', antialias=True, autoLog=True, bold=False, color=array([1., 1., 1.]), colorSpace='rgb', contrast=1.0, depth=-1.0, flipHoriz=False, flipVert=False, font='Open Sans', fontFiles=[], height=0.1, italic=False, languageStyle='LTR', name='text', opacity=1, ori=0.0, pos=array([0., 0.]), rgb=UNKNOWN, text='‘Space’ to continue', units='height', win=Window(...), wrapWidth=1)
8.3050 	EXP 	Sound sound_2afc_stim_trial_2 set volume 1.000
8.3070 	EXP 	Created text_2afc_response_yes_trial_2 = TextStim(__class__=<class 'psychopy.visual.text.TextStim'>, alignHoriz=method-wrapper(...), alignText='center', alignVert=method-wrapper(...), anchorHoriz='center', anchorVert='center', antialias=True, autoLog=True, bold=False, color=array([1., 1., 1.]), colorSpace='rgb', contrast=1.0, depth=-2.0, flipHoriz=False, flipVert=False, font='Arial', fontFiles=[], height=0.1, italic=False, languageStyle='LTR', name='text_2afc_response_yes_trial_2', opacity=1, ori=0, pos=array([-0.3,  0. ]), rgb=UNKNOWN, text='Yes', units='height', win=Window(...), wrapWidth=1)
8.3088 	EXP 	Created text_2afc_response_no_trial_2 = TextStim(__class__=<class 'psychopy.visual.text.TextStim'>, alignHoriz=method-wrapper(...), alignText='center', alignVert=method-wrapper(...), anchorHoriz='center', anchorVert='center', antialias=True, autoLog=True, bold=False, color=array([1., 1., 1.]), colorSpace='rgb', contrast=1.0, depth=-3.0, flipHoriz=False, flipVert=False, font='Arial', fontFiles=[], height=0.1, italic=False, languageStyle='LTR', name='text_2afc_response_no_trial_2', opacity=1, ori=0, pos=array([0.3, 0. ]), rgb=UNKNOWN, text='No', units='height', win=Window(...), wrapWidth=1)
8.5305 	INFO 	keyboard.Keyboard is using ptb backend.
8.5338 	EXP 	Created text_2afc_question_trial_2 = TextStim(__class__=<class 'psychopy.visual.text.TextStim'>, alignHoriz=method-wrapper(...), alignText='center', alignVert=method-wrapper(...), anchorHoriz='center', anchorVert='center', antialias=True, autoLog=True, bold=False, color=array([-1., -1.,  1.]), colorSpace='rgb', contrast=1.0, depth=-5.0, flipHoriz=False, flipVert=False, font='Arial', fontFiles=[], height=0.1, italic=False, languageStyle='LTR', name='text_2afc_question_trial_2', opacity=1, ori=0, pos=array([0. , 0.3]), rgb=UNKNOWN, text='Is this a question?', units='height', win=Window(...), wrapWidth=1)
8.5436 	EXP 	text_2afc_check: autoDraw = True
8.7953 	DEBUG 	Read csv file with pandas: conditions/conditions_german.csv
8.7970 	DEBUG 	Clearing unnamed columns from conditions/conditions_german.csv
8.7988 	EXP 	Imported conditions/conditions_german.csv as conditions, 49 conditions, 6 params
8.7994 	EXP 	Created sequence: random, trialTypes=49, nReps=1, seed=None
8.7997 	EXP 	New trial (rep=0, index=0): OrderedDict([('pisch', 'conditions/german/pisch_7_4.wav'), ('fisch', 'conditions/german/fisch_7_4.wav'), ('pake', 'conditions/german/pake_7_4.wav'), ('pike', 'conditions/german/pike_7_4.wav'), ('item_num', 46), ('correct_response', 0)])
8.8109 	DATA 	Keypress: space
8.8153 	EXP 	text_2afc_check: autoDraw = False
8.8153 	EXP 	text_2afc_question_trial: autoDraw = True
9.0550 	EXP 	text_2afc_response_yes_trial: autoDraw = True
9.0550 	EXP 	text_2afc_response_no_trial: autoDraw = True
11.0741 	EXP 	New trial (rep=0, index=1): OrderedDict([('pisch', 'conditions/german/pisch_3_1.wav'), ('fisch', 'conditions/german/fisch_3_1.wav'), ('pake', 'conditions/german/pake_3_1.wav'), ('pike', 'conditions/german/pike_3_1.wav'), ('item_num', 15), ('correct_response', 0)])
11.0832 	DATA 	Keypress: 1
11.0884 	EXP 	text_2afc_response_yes_trial: autoDraw = False
11.0884 	EXP 	text_2afc_response_no_trial: autoDraw = False
11.0884 	EXP 	text_2afc_question_trial: autoDraw = False
11.0884 	EXP 	text_2afc_question_trial: autoDraw = True
11.3220 	EXP 	text_2afc_response_yes_trial: autoDraw = True
11.3220 	EXP 	text_2afc_response_no_trial: autoDraw = True
13.3220 	EXP 	New trial (rep=0, index=2): OrderedDict([('pisch', 'conditions/german/pisch_2_6.wav'), ('fisch', 'conditions/german/fisch_2_6.wav'), ('pake', 'conditions/german/pake_2_6.wav'), ('pike', 'conditions/german/pike_2_6.wav'), ('item_num', 13), ('correct_response', 0)])
13.3379 	DATA 	Keypress: 1
13.3420 	EXP 	text_2afc_response_yes_trial: autoDraw = False
13.3420 	EXP 	text_2afc_response_no_trial: autoDraw = False
13.3420 	EXP 	text_2afc_question_trial: autoDraw = False
13.3420 	EXP 	text_2afc_question_trial: autoDraw = True
13.5726 	EXP 	text_2afc_response_yes_trial: autoDraw = True
13.5726 	EXP 	text_2afc_response_no_trial: autoDraw = True
15.4563 	EXP 	New trial (rep=0, index=3): OrderedDict([('pisch', 'conditions/german/pisch_4_6.wav'), ('fisch', 'conditions/german/fisch_4_6.wav'), ('pake', 'conditions/german/pake_4_6.wav'), ('pike', 'conditions/german/pike_4_6.wav'), ('item_num', 27), ('correct_response', 0)])
15.4658 	DATA 	Keypress: 1
15.4717 	EXP 	text_2afc_response_yes_trial: autoDraw = False
15.4717 	EXP 	text_2afc_response_no_trial: autoDraw = False
15.4717 	EXP 	text_2afc_question_trial: autoDraw = False
15.4717 	EXP 	text_2afc_question_trial: autoDraw = True
15.7061 	EXP 	text_2afc_response_yes_trial: autoDraw = True
15.7061 	EXP 	text_2afc_response_no_trial: autoDraw = True
17.5583 	EXP 	New trial (rep=0, index=4): OrderedDict([('pisch', 'conditions/german/pisch_6_6.wav'), ('fisch', 'conditions/german/fisch_6_6.wav'), ('pake', 'conditions/german/pake_6_6.wav'), ('pike', 'conditions/german/pike_6_6.wav'), ('item_num', 41), ('correct_response', 1)])
17.5673 	DATA 	Keypress: 1
17.5721 	EXP 	text_2afc_response_yes_trial: autoDraw = False
17.5721 	EXP 	text_2afc_response_no_trial: autoDraw = False
17.5721 	EXP 	text_2afc_question_trial: autoDraw = False
17.5721 	EXP 	text_2afc_question_trial: autoDraw = True
17.8056 	EXP 	text_2afc_response_yes_trial: autoDraw = True
17.8056 	EXP 	text_2afc_response_no_trial: autoDraw = True
19.6235 	EXP 	New trial (rep=0, index=5): OrderedDict([('pisch', 'conditions/german/pisch_4_3.wav'), ('fisch', 'conditions/german/fisch_4_3.wav'), ('pake', 'conditions/german/pake_4_3.wav'), ('pike', 'conditions/german/pike_4_3.wav'), ('item_num', 24), ('correct_response', 0)])
19.6327 	DATA 	Keypress: 1
19.6386 	EXP 	text_2afc_response_yes_trial: autoDraw = False
19.6386 	EXP 	text_2afc_response_no_trial: autoDraw = False
19.6386 	EXP 	text_2afc_question_trial: autoDraw = False
19.6386 	EXP 	text_2afc_question_trial: autoDraw = True
19.8723 	EXP 	text_2afc_response_yes_trial: autoDraw = True
19.8723 	EXP 	text_2afc_response_no_trial: autoDraw = True
21.9407 	EXP 	New trial (rep=0, index=6): OrderedDict([('pisch', 'conditions/german/pisch_2_2.wav'), ('fisch', 'conditions/german/fisch_2_2.wav'), ('pake', 'conditions/german/pake_2_2.wav'), ('pike', 'conditions/german/pike_2_2.wav'), ('item_num', 9), ('correct_response', 1)])
21.9497 	DATA 	Keypress: 1
21.9581 	EXP 	text_2afc_response_yes_trial: autoDraw = False
21.9581 	EXP 	text_2afc_response_no_trial: autoDraw = False
21.9581 	EXP 	text_2afc_question_trial: autoDraw = False
21.9581 	EXP 	text_2afc_question_trial: autoDraw = True
22.1888 	EXP 	text_2afc_response_yes_trial: autoDraw = True
22.1888 	EXP 	text_2afc_response_no_trial: autoDraw = True
24.3742 	EXP 	New trial (rep=0, index=7): OrderedDict([('pisch', 'conditions/german/pisch_4_7.wav'), ('fisch', 'conditions/german/fisch_4_7.wav'), ('pake', 'conditions/german/pake_4_7.wav'), ('pike', 'conditions/german/pike_4_7.wav'), ('item_num', 28), ('correct_response', 0)])
24.3822 	DATA 	Keypress: 1
24.3883 	EXP 	text_2afc_response_yes_trial: autoDraw = False
24.3883 	EXP 	text_2afc_response_no_trial: autoDraw = False
24.3883 	EXP 	text_2afc_question_trial: autoDraw = False
24.3883 	EXP 	text_2afc_question_trial: autoDraw = True
24.6225 	EXP 	text_2afc_response_yes_trial: autoDraw = True
24.6225 	EXP 	text_2afc_response_no_trial: autoDraw = True
25.8235 	EXP 	New trial (rep=0, index=8): OrderedDict([('pisch', 'conditions/german/pisch_1_7.wav'), ('fisch', 'conditions/german/fisch_1_7.wav'), ('pake', 'conditions/german/pake_1_7.wav'), ('pike', 'conditions/german/pike_1_7.wav'), ('item_num', 7), ('correct_response', 0)])
25.8333 	DATA 	Keypress: 1
25.8388 	EXP 	text_2afc_response_yes_trial: autoDraw = False
25.8388 	EXP 	text_2afc_response_no_trial: autoDraw = False
25.8388 	EXP 	text_2afc_question_trial: autoDraw = False
25.8388 	EXP 	text_2afc_question_trial: autoDraw = True
26.0726 	EXP 	text_2afc_response_yes_trial: autoDraw = True
26.0726 	EXP 	text_2afc_response_no_trial: autoDraw = True
26.4058 	EXP 	New trial (rep=0, index=9): OrderedDict([('pisch', 'conditions/german/pisch_5_6.wav'), ('fisch', 'conditions/german/fisch_5_6.wav'), ('pake', 'conditions/german/pake_5_6.wav'), ('pike', 'conditions/german/pike_5_6.wav'), ('item_num', 34), ('correct_response', 0)])
26.4153 	DATA 	Keypress: 1
26.4221 	EXP 	text_2afc_response_yes_trial: autoDraw = False
26.4221 	EXP 	text_2afc_response_no_trial: autoDraw = False
26.4221 	EXP 	text_2afc_question_trial: autoDraw = False
26.4221 	EXP 	text_2afc_question_trial: autoDraw = True
26.6558 	EXP 	text_2afc_response_yes_trial: autoDraw = True
26.6558 	EXP 	text_2afc_response_no_trial: autoDraw = True
26.9408 	EXP 	New trial (rep=0, index=10): OrderedDict([('pisch', 'conditions/german/pisch_7_6.wav'), ('fisch', 'conditions/german/fisch_7_6.wav'), ('pake', 'conditions/german/pake_7_6.wav'), ('pike', 'conditions/german/pike_7_6.wav'), ('item_num', 48), ('correct_response', 0)])
26.9501 	DATA 	Keypress: 1
26.9706 	EXP 	text_2afc_response_yes_trial: autoDraw = False
26.9706 	EXP 	text_2afc_response_no_trial: autoDraw = False
26.9706 	EXP 	text_2afc_question_trial: autoDraw = False
26.9706 	EXP 	text_2afc_question_trial: autoDraw = True
27.1894 	EXP 	text_2afc_response_yes_trial: autoDraw = True
27.1894 	EXP 	text_2afc_response_no_trial: autoDraw = True
27.5578 	EXP 	New trial (rep=0, index=11): OrderedDict([('pisch', 'conditions/german/pisch_7_3.wav'), ('fisch', 'conditions/german/fisch_7_3.wav'), ('pake', 'conditions/german/pake_7_3.wav'), ('pike', 'conditions/german/pike_7_3.wav'), ('item_num', 45), ('correct_response', 0)])
27.5670 	DATA 	Keypress: 1
27.5714 	EXP 	text_2afc_response_yes_trial: autoDraw = False
27.5714 	EXP 	text_2afc_response_no_trial: autoDraw = False
27.5714 	EXP 	text_2afc_question_trial: autoDraw = False
27.5714 	EXP 	text_2afc_question_trial: autoDraw = True
27.8063 	EXP 	text_2afc_response_yes_trial: autoDraw = True
27.8063 	EXP 	text_2afc_response_no_trial: autoDraw = True
28.3906 	EXP 	New trial (rep=0, index=12): OrderedDict([('pisch', 'conditions/german/pisch_4_4.wav'), ('fisch', 'conditions/german/fisch_4_4.wav'), ('pake', 'conditions/german/pake_4_4.wav'), ('pike', 'conditions/german/pike_4_4.wav'), ('item_num', 25), ('correct_response', 1)])
28.3988 	DATA 	Keypress: 1
28.4052 	EXP 	text_2afc_response_yes_trial: autoDraw = False
28.4052 	EXP 	text_2afc_response_no_trial: autoDraw = False
28.4052 	EXP 	text_2afc_question_trial: autoDraw = False
28.4052 	EXP 	text_2afc_question_trial: autoDraw = True
28.6396 	EXP 	text_2afc_response_yes_trial: autoDraw = True
28.6396 	EXP 	text_2afc_response_no_trial: autoDraw = True
30.2069 	EXP 	New trial (rep=0, index=13): OrderedDict([('pisch', 'conditions/german/pisch_1_1.wav'), ('fisch', 'conditions/german/fisch_1_1.wav'), ('pake', 'conditions/german/pake_1_1.wav'), ('pike', 'conditions/german/pike_1_1.wav'), ('item_num', 1), ('correct_response', 1)])
30.2148 	DATA 	Keypress: 1
30.2217 	EXP 	text_2afc_response_yes_trial: autoDraw = False
30.2217 	EXP 	text_2afc_response_no_trial: autoDraw = False
30.2217 	EXP 	text_2afc_question_trial: autoDraw = False
30.2217 	EXP 	text_2afc_question_trial: autoDraw = True
30.4556 	EXP 	text_2afc_response_yes_trial: autoDraw = True
30.4556 	EXP 	text_2afc_response_no_trial: autoDraw = True
31.4732 	EXP 	New trial (rep=0, index=14): OrderedDict([('pisch', 'conditions/german/pisch_6_7.wav'), ('fisch', 'conditions/german/fisch_6_7.wav'), ('pake', 'conditions/german/pake_6_7.wav'), ('pike', 'conditions/german/pike_6_7.wav'), ('item_num', 42), ('correct_response', 0)])
31.4825 	DATA 	Keypress: 1
31.4885 	EXP 	text_2afc_response_yes_trial: autoDraw = False
31.4885 	EXP 	text_2afc_response_no_trial: autoDraw = False
31.4885 	EXP 	text_2afc_question_trial: autoDraw = False
31.4885 	EXP 	text_2afc_question_trial: autoDraw = True
31.7226 	EXP 	text_2afc_response_yes_trial: autoDraw = True
31.7226 	EXP 	text_2afc_response_no_trial: autoDraw = True
33.7907 	EXP 	New trial (rep=0, index=15): OrderedDict([('pisch', 'conditions/german/pisch_7_7.wav'), ('fisch', 'conditions/german/fisch_7_7.wav'), ('pake', 'conditions/german/pake_7_7.wav'), ('pike', 'conditions/german/pike_7_7.wav'), ('item_num', 49), ('correct_response', 1)])
33.7994 	DATA 	Keypress: 1
33.8054 	EXP 	text_2afc_response_yes_trial: autoDraw = False
33.8054 	EXP 	text_2afc_response_no_trial: autoDraw = False
33.8054 	EXP 	text_2afc_question_trial: autoDraw = False
33.8054 	EXP 	text_2afc_question_trial: autoDraw = True
34.0394 	EXP 	text_2afc_response_yes_trial: autoDraw = True
34.0394 	EXP 	text_2afc_response_no_trial: autoDraw = True
36.0742 	EXP 	New trial (rep=0, index=16): OrderedDict([('pisch', 'conditions/german/pisch_5_3.wav'), ('fisch', 'conditions/german/fisch_5_3.wav'), ('pake', 'conditions/german/pake_5_3.wav'), ('pike', 'conditions/german/pike_5_3.wav'), ('item_num', 31), ('correct_response', 0)])
36.0831 	DATA 	Keypress: 1
36.0895 	EXP 	text_2afc_response_yes_trial: autoDraw = False
36.0895 	EXP 	text_2afc_response_no_trial: autoDraw = False
36.0895 	EXP 	text_2afc_question_trial: autoDraw = False
36.0895 	EXP 	text_2afc_question_trial: autoDraw = True
36.3226 	EXP 	text_2afc_response_yes_trial: autoDraw = True
36.3226 	EXP 	text_2afc_response_no_trial: autoDraw = True
38.2913 	EXP 	New trial (rep=0, index=17): OrderedDict([('pisch', 'conditions/german/pisch_3_4.wav'), ('fisch', 'conditions/german/fisch_3_4.wav'), ('pake', 'conditions/german/pake_3_4.wav'), ('pike', 'conditions/german/pike_3_4.wav'), ('item_num', 18), ('correct_response', 0)])
38.3015 	DATA 	Keypress: 1
38.3064 	EXP 	text_2afc_response_yes_trial: autoDraw = False
38.3064 	EXP 	text_2afc_response_no_trial: autoDraw = False
38.3064 	EXP 	text_2afc_question_trial: autoDraw = False
38.3064 	EXP 	text_2afc_question_trial: autoDraw = True
38.5383 	EXP 	text_2afc_response_yes_trial: autoDraw = True
38.5383 	EXP 	text_2afc_response_no_trial: autoDraw = True
40.7394 	EXP 	New trial (rep=0, index=18): OrderedDict([('pisch', 'conditions/german/pisch_1_4.wav'), ('fisch', 'conditions/german/fisch_1_4.wav'), ('pake', 'conditions/german/pake_1_4.wav'), ('pike', 'conditions/german/pike_1_4.wav'), ('item_num', 4), ('correct_response', 0)])
40.7478 	DATA 	Keypress: 1
40.7562 	EXP 	text_2afc_response_yes_trial: autoDraw = False
40.7562 	EXP 	text_2afc_response_no_trial: autoDraw = False
40.7562 	EXP 	text_2afc_question_trial: autoDraw = False
40.7562 	EXP 	text_2afc_question_trial: autoDraw = True
40.9895 	EXP 	text_2afc_response_yes_trial: autoDraw = True
40.9895 	EXP 	text_2afc_response_no_trial: autoDraw = True
44.3236 	EXP 	New trial (rep=0, index=19): OrderedDict([('pisch', 'conditions/german/pisch_4_2.wav'), ('fisch', 'conditions/german/fisch_4_2.wav'), ('pake', 'conditions/german/pake_4_2.wav'), ('pike', 'conditions/german/pike_4_2.wav'), ('item_num', 23), ('correct_response', 0)])
44.3333 	DATA 	Keypress: 1
44.3382 	EXP 	text_2afc_response_yes_trial: autoDraw = False
44.3382 	EXP 	text_2afc_response_no_trial: autoDraw = False
44.3382 	EXP 	text_2afc_question_trial: autoDraw = False
44.3382 	EXP 	text_2afc_question_trial: autoDraw = True
44.5731 	EXP 	text_2afc_response_yes_trial: autoDraw = True
44.5731 	EXP 	text_2afc_response_no_trial: autoDraw = True
46.6905 	EXP 	New trial (rep=0, index=20): OrderedDict([('pisch', 'conditions/german/pisch_1_2.wav'), ('fisch', 'conditions/german/fisch_1_2.wav'), ('pake', 'conditions/german/pake_1_2.wav'), ('pike', 'conditions/german/pike_1_2.wav'), ('item_num', 2), ('correct_response', 0)])
46.6986 	DATA 	Keypress: 1
46.7053 	EXP 	text_2afc_response_yes_trial: autoDraw = False
46.7053 	EXP 	text_2afc_response_no_trial: autoDraw = False
46.7053 	EXP 	text_2afc_question_trial: autoDraw = False
46.7053 	EXP 	text_2afc_question_trial: autoDraw = True
46.9402 	EXP 	text_2afc_response_yes_trial: autoDraw = True
46.9402 	EXP 	text_2afc_response_no_trial: autoDraw = True
49.3235 	EXP 	New trial (rep=0, index=21): OrderedDict([('pisch', 'conditions/german/pisch_4_5.wav'), ('fisch', 'conditions/german/fisch_4_5.wav'), ('pake', 'conditions/german/pake_4_5.wav'), ('pike', 'conditions/german/pike_4_5.wav'), ('item_num', 26), ('correct_response', 0)])
49.3329 	DATA 	Keypress: 1
49.3390 	EXP 	text_2afc_response_yes_trial: autoDraw = False
49.3390 	EXP 	text_2afc_response_no_trial: autoDraw = False
49.3390 	EXP 	text_2afc_question_trial: autoDraw = False
49.3390 	EXP 	text_2afc_question_trial: autoDraw = True
49.5721 	EXP 	text_2afc_response_yes_trial: autoDraw = True
49.5721 	EXP 	text_2afc_response_no_trial: autoDraw = True
52.2244 	EXP 	New trial (rep=0, index=22): OrderedDict([('pisch', 'conditions/german/pisch_5_1.wav'), ('fisch', 'conditions/german/fisch_5_1.wav'), ('pake', 'conditions/german/pake_5_1.wav'), ('pike', 'conditions/german/pike_5_1.wav'), ('item_num', 29), ('correct_response', 0)])
52.2331 	DATA 	Keypress: 1
52.2387 	EXP 	text_2afc_response_yes_trial: autoDraw = False
52.2387 	EXP 	text_2afc_response_no_trial: autoDraw = False
52.2387 	EXP 	text_2afc_question_trial: autoDraw = False
52.2387 	EXP 	text_2afc_question_trial: autoDraw = True
52.4734 	EXP 	text_2afc_response_yes_trial: autoDraw = True
52.4734 	EXP 	text_2afc_response_no_trial: autoDraw = True
53.1413 	EXP 	New trial (rep=0, index=23): OrderedDict([('pisch', 'conditions/german/pisch_2_1.wav'), ('fisch', 'conditions/german/fisch_2_1.wav'), ('pake', 'conditions/german/pake_2_1.wav'), ('pike', 'conditions/german/pike_2_1.wav'), ('item_num', 8), ('correct_response', 0)])
53.1499 	DATA 	Keypress: 1
53.1569 	EXP 	text_2afc_response_yes_trial: autoDraw = False
53.1569 	EXP 	text_2afc_response_no_trial: autoDraw = False
53.1569 	EXP 	text_2afc_question_trial: autoDraw = False
53.1569 	EXP 	text_2afc_question_trial: autoDraw = True
53.3900 	EXP 	text_2afc_response_yes_trial: autoDraw = True
53.3900 	EXP 	text_2afc_response_no_trial: autoDraw = True
54.0912 	EXP 	New trial (rep=0, index=24): OrderedDict([('pisch', 'conditions/german/pisch_2_3.wav'), ('fisch', 'conditions/german/fisch_2_3.wav'), ('pake', 'conditions/german/pake_2_3.wav'), ('pike', 'conditions/german/pike_2_3.wav'), ('item_num', 10), ('correct_response', 0)])
54.1001 	DATA 	Keypress: 1
54.1058 	EXP 	text_2afc_response_yes_trial: autoDraw = False
54.1058 	EXP 	text_2afc_response_no_trial: autoDraw = False
54.1058 	EXP 	text_2afc_question_trial: autoDraw = False
54.1058 	EXP 	text_2afc_question_trial: autoDraw = True
54.3399 	EXP 	text_2afc_response_yes_trial: autoDraw = True
54.3399 	EXP 	text_2afc_response_no_trial: autoDraw = True
54.9234 	EXP 	New trial (rep=0, index=25): OrderedDict([('pisch', 'conditions/german/pisch_6_1.wav'), ('fisch', 'conditions/german/fisch_6_1.wav'), ('pake', 'conditions/german/pake_6_1.wav'), ('pike', 'conditions/german/pike_6_1.wav'), ('item_num', 36), ('correct_response', 0)])
54.9337 	DATA 	Keypress: 1
54.9394 	EXP 	text_2afc_response_yes_trial: autoDraw = False
54.9394 	EXP 	text_2afc_response_no_trial: autoDraw = False
54.9394 	EXP 	text_2afc_question_trial: autoDraw = False
54.9394 	EXP 	text_2afc_question_trial: autoDraw = True
55.1737 	EXP 	text_2afc_response_yes_trial: autoDraw = True
55.1737 	EXP 	text_2afc_response_no_trial: autoDraw = True
56.0972 	DATA 	Keypress: 1
56.1075 	EXP 	New trial (rep=0, index=26): OrderedDict([('pisch', 'conditions/german/pisch_3_5.wav'), ('fisch', 'conditions/german/fisch_3_5.wav'), ('pake', 'conditions/german/pake_3_5.wav'), ('pike', 'conditions/german/pike_3_5.wav'), ('item_num', 19), ('correct_response', 0)])
56.1231 	EXP 	text_2afc_response_yes_trial: autoDraw = False
56.1231 	EXP 	text_2afc_response_no_trial: autoDraw = False
56.1231 	EXP 	text_2afc_question_trial: autoDraw = False
56.1231 	EXP 	text_2afc_question_trial: autoDraw = True
56.3571 	EXP 	text_2afc_response_yes_trial: autoDraw = True
56.3571 	EXP 	text_2afc_response_no_trial: autoDraw = True
57.2574 	EXP 	New trial (rep=0, index=27): OrderedDict([('pisch', 'conditions/german/pisch_3_6.wav'), ('fisch', 'conditions/german/fisch_3_6.wav'), ('pake', 'conditions/german/pake_3_6.wav'), ('pike', 'conditions/german/pike_3_6.wav'), ('item_num', 20), ('correct_response', 0)])
57.2663 	DATA 	Keypress: 1
57.2730 	EXP 	text_2afc_response_yes_trial: autoDraw = False
57.2730 	EXP 	text_2afc_response_no_trial: autoDraw = False
57.2730 	EXP 	text_2afc_question_trial: autoDraw = False
57.2730 	EXP 	text_2afc_question_trial: autoDraw = True
57.5065 	EXP 	text_2afc_response_yes_trial: autoDraw = True
57.5065 	EXP 	text_2afc_response_no_trial: autoDraw = True
58.0079 	EXP 	New trial (rep=0, index=28): OrderedDict([('pisch', 'conditions/german/pisch_2_5.wav'), ('fisch', 'conditions/german/fisch_2_5.wav'), ('pake', 'conditions/german/pake_2_5.wav'), ('pike', 'conditions/german/pike_2_5.wav'), ('item_num', 12), ('correct_response', 0)])
58.0172 	DATA 	Keypress: 1
58.0233 	EXP 	text_2afc_response_yes_trial: autoDraw = False
58.0233 	EXP 	text_2afc_response_no_trial: autoDraw = False
58.0233 	EXP 	text_2afc_question_trial: autoDraw = False
58.0233 	EXP 	text_2afc_question_trial: autoDraw = True
58.2569 	EXP 	text_2afc_response_yes_trial: autoDraw = True
58.2569 	EXP 	text_2afc_response_no_trial: autoDraw = True
58.9129 	DATA 	Keypress: 1
58.9229 	EXP 	New trial (rep=0, index=29): OrderedDict([('pisch', 'conditions/german/pisch_7_2.wav'), ('fisch', 'conditions/german/fisch_7_2.wav'), ('pake', 'conditions/german/pake_7_2.wav'), ('pike', 'conditions/german/pike_7_2.wav'), ('item_num', 44), ('correct_response', 0)])
58.9394 	EXP 	text_2afc_response_yes_trial: autoDraw = False
58.9394 	EXP 	text_2afc_response_no_trial: autoDraw = False
58.9394 	EXP 	text_2afc_question_trial: autoDraw = False
58.9394 	EXP 	text_2afc_question_trial: autoDraw = True
59.1736 	EXP 	text_2afc_response_yes_trial: autoDraw = True
59.1736 	EXP 	text_2afc_response_no_trial: autoDraw = True
60.3575 	EXP 	New trial (rep=0, index=30): OrderedDict([('pisch', 'conditions/german/pisch_6_3.wav'), ('fisch', 'conditions/german/fisch_6_3.wav'), ('pake', 'conditions/german/pake_6_3.wav'), ('pike', 'conditions/german/pike_6_3.wav'), ('item_num', 38), ('correct_response', 0)])
60.3668 	DATA 	Keypress: 1
60.3725 	EXP 	text_2afc_response_yes_trial: autoDraw = False
60.3725 	EXP 	text_2afc_response_no_trial: autoDraw = False
60.3725 	EXP 	text_2afc_question_trial: autoDraw = False
60.3725 	EXP 	text_2afc_question_trial: autoDraw = True
60.6062 	EXP 	text_2afc_response_yes_trial: autoDraw = True
60.6062 	EXP 	text_2afc_response_no_trial: autoDraw = True
61.7908 	EXP 	New trial (rep=0, index=31): OrderedDict([('pisch', 'conditions/german/pisch_7_1.wav'), ('fisch', 'conditions/german/fisch_7_1.wav'), ('pake', 'conditions/german/pake_7_1.wav'), ('pike', 'conditions/german/pike_7_1.wav'), ('item_num', 43), ('correct_response', 0)])
61.7993 	DATA 	Keypress: 1
61.8056 	EXP 	text_2afc_response_yes_trial: autoDraw = False
61.8056 	EXP 	text_2afc_response_no_trial: autoDraw = False
61.8056 	EXP 	text_2afc_question_trial: autoDraw = False
61.8056 	EXP 	text_2afc_question_trial: autoDraw = True
62.0404 	EXP 	text_2afc_response_yes_trial: autoDraw = True
62.0404 	EXP 	text_2afc_response_no_trial: autoDraw = True
62.9077 	EXP 	New trial (rep=0, index=32): OrderedDict([('pisch', 'conditions/german/pisch_1_5.wav'), ('fisch', 'conditions/german/fisch_1_5.wav'), ('pake', 'conditions/german/pake_1_5.wav'), ('pike', 'conditions/german/pike_1_5.wav'), ('item_num', 5), ('correct_response', 0)])
62.9161 	DATA 	Keypress: 1
62.9225 	EXP 	text_2afc_response_yes_trial: autoDraw = False
62.9225 	EXP 	text_2afc_response_no_trial: autoDraw = False
62.9225 	EXP 	text_2afc_question_trial: autoDraw = False
62.9225 	EXP 	text_2afc_question_trial: autoDraw = True
63.1589 	EXP 	text_2afc_response_yes_trial: autoDraw = True
63.1589 	EXP 	text_2afc_response_no_trial: autoDraw = True
64.1078 	EXP 	New trial (rep=0, index=33): OrderedDict([('pisch', 'conditions/german/pisch_5_5.wav'), ('fisch', 'conditions/german/fisch_5_5.wav'), ('pake', 'conditions/german/pake_5_5.wav'), ('pike', 'conditions/german/pike_5_5.wav'), ('item_num', 33), ('correct_response', 1)])
64.1165 	DATA 	Keypress: 1
64.1223 	EXP 	text_2afc_response_yes_trial: autoDraw = False
64.1223 	EXP 	text_2afc_response_no_trial: autoDraw = False
64.1223 	EXP 	text_2afc_question_trial: autoDraw = False
64.1223 	EXP 	text_2afc_question_trial: autoDraw = True
64.3576 	EXP 	text_2afc_response_yes_trial: autoDraw = True
64.3576 	EXP 	text_2afc_response_no_trial: autoDraw = True
65.3414 	EXP 	New trial (rep=0, index=34): OrderedDict([('pisch', 'conditions/german/pisch_3_2.wav'), ('fisch', 'conditions/german/fisch_3_2.wav'), ('pake', 'conditions/german/pake_3_2.wav'), ('pike', 'conditions/german/pike_3_2.wav'), ('item_num', 16), ('correct_response', 0)])
65.3509 	DATA 	Keypress: 1
65.3580 	EXP 	text_2afc_response_yes_trial: autoDraw = False
65.3580 	EXP 	text_2afc_response_no_trial: autoDraw = False
65.3580 	EXP 	text_2afc_question_trial: autoDraw = False
65.3580 	EXP 	text_2afc_question_trial: autoDraw = True
65.5904 	EXP 	text_2afc_response_yes_trial: autoDraw = True
65.5904 	EXP 	text_2afc_response_no_trial: autoDraw = True
66.7913 	EXP 	New trial (rep=0, index=35): OrderedDict([('pisch', 'conditions/german/pisch_5_7.wav'), ('fisch', 'conditions/german/fisch_5_7.wav'), ('pake', 'conditions/german/pake_5_7.wav'), ('pike', 'conditions/german/pike_5_7.wav'), ('item_num', 35), ('correct_response', 0)])
66.8001 	DATA 	Keypress: 1
66.8062 	EXP 	text_2afc_response_yes_trial: autoDraw = False
66.8062 	EXP 	text_2afc_response_no_trial: autoDraw = False
66.8062 	EXP 	text_2afc_question_trial: autoDraw = False
66.8062 	EXP 	text_2afc_question_trial: autoDraw = True
67.0391 	EXP 	text_2afc_response_yes_trial: autoDraw = True
67.0391 	EXP 	text_2afc_response_no_trial: autoDraw = True
67.8406 	EXP 	New trial (rep=0, index=36): OrderedDict([('pisch', 'conditions/german/pisch_6_5.wav'), ('fisch', 'conditions/german/fisch_6_5.wav'), ('pake', 'conditions/german/pake_6_5.wav'), ('pike', 'conditions/german/pike_6_5.wav'), ('item_num', 40), ('correct_response', 0)])
67.8509 	DATA 	Keypress: 1
67.8564 	EXP 	text_2afc_response_yes_trial: autoDraw = False
67.8564 	EXP 	text_2afc_response_no_trial: autoDraw = False
67.8564 	EXP 	text_2afc_question_trial: autoDraw = False
67.8564 	EXP 	text_2afc_question_trial: autoDraw = True
68.0899 	EXP 	text_2afc_response_yes_trial: autoDraw = True
68.0899 	EXP 	text_2afc_response_no_trial: autoDraw = True
68.9742 	EXP 	New trial (rep=0, index=37): OrderedDict([('pisch', 'conditions/german/pisch_1_6.wav'), ('fisch', 'conditions/german/fisch_1_6.wav'), ('pake', 'conditions/german/pake_1_6.wav'), ('pike', 'conditions/german/pike_1_6.wav'), ('item_num', 6), ('correct_response', 0)])
68.9842 	DATA 	Keypress: 1
68.9897 	EXP 	text_2afc_response_yes_trial: autoDraw = False
68.9897 	EXP 	text_2afc_response_no_trial: autoDraw = False
68.9897 	EXP 	text_2afc_question_trial: autoDraw = False
68.9897 	EXP 	text_2afc_question_trial: autoDraw = True
69.2232 	EXP 	text_2afc_response_yes_trial: autoDraw = True
69.2232 	EXP 	text_2afc_response_no_trial: autoDraw = True
69.9778 	EXP 	New trial (rep=0, index=38): OrderedDict([('pisch', 'conditions/german/pisch_6_2.wav'), ('fisch', 'conditions/german/fisch_6_2.wav'), ('pake', 'conditions/german/pake_6_2.wav'), ('pike', 'conditions/german/pike_6_2.wav'), ('item_num', 37), ('correct_response', 0)])
69.9879 	DATA 	Keypress: 1
69.9918 	EXP 	text_2afc_response_yes_trial: autoDraw = False
69.9918 	EXP 	text_2afc_response_no_trial: autoDraw = False
69.9918 	EXP 	text_2afc_question_trial: autoDraw = False
69.9918 	EXP 	text_2afc_question_trial: autoDraw = True
70.2228 	EXP 	text_2afc_response_yes_trial: autoDraw = True
70.2228 	EXP 	text_2afc_response_no_trial: autoDraw = True
70.8405 	EXP 	New trial (rep=0, index=39): OrderedDict([('pisch', 'conditions/german/pisch_7_5.wav'), ('fisch', 'conditions/german/fisch_7_5.wav'), ('pake', 'conditions/german/pake_7_5.wav'), ('pike', 'conditions/german/pike_7_5.wav'), ('item_num', 47), ('correct_response', 0)])
70.8495 	DATA 	Keypress: 1
70.8563 	EXP 	text_2afc_response_yes_trial: autoDraw = False
70.8563 	EXP 	text_2afc_response_no_trial: autoDraw = False
70.8563 	EXP 	text_2afc_question_trial: autoDraw = False
70.8563 	EXP 	text_2afc_question_trial: autoDraw = True
71.0900 	EXP 	text_2afc_response_yes_trial: autoDraw = True
71.0900 	EXP 	text_2afc_response_no_trial: autoDraw = True
71.8585 	EXP 	New trial (rep=0, index=40): OrderedDict([('pisch', 'conditions/german/pisch_2_4.wav'), ('fisch', 'conditions/german/fisch_2_4.wav'), ('pake', 'conditions/german/pake_2_4.wav'), ('pike', 'conditions/german/pike_2_4.wav'), ('item_num', 11), ('correct_response', 0)])
71.8675 	DATA 	Keypress: 1
71.8730 	EXP 	text_2afc_response_yes_trial: autoDraw = False
71.8730 	EXP 	text_2afc_response_no_trial: autoDraw = False
71.8730 	EXP 	text_2afc_question_trial: autoDraw = False
71.8730 	EXP 	text_2afc_question_trial: autoDraw = True
72.1074 	EXP 	text_2afc_response_yes_trial: autoDraw = True
72.1074 	EXP 	text_2afc_response_no_trial: autoDraw = True
72.8581 	EXP 	New trial (rep=0, index=41): OrderedDict([('pisch', 'conditions/german/pisch_5_4.wav'), ('fisch', 'conditions/german/fisch_5_4.wav'), ('pake', 'conditions/german/pake_5_4.wav'), ('pike', 'conditions/german/pike_5_4.wav'), ('item_num', 32), ('correct_response', 0)])
72.8676 	DATA 	Keypress: 1
72.8734 	EXP 	text_2afc_response_yes_trial: autoDraw = False
72.8734 	EXP 	text_2afc_response_no_trial: autoDraw = False
72.8734 	EXP 	text_2afc_question_trial: autoDraw = False
72.8734 	EXP 	text_2afc_question_trial: autoDraw = True
73.1067 	EXP 	text_2afc_response_yes_trial: autoDraw = True
73.1067 	EXP 	text_2afc_response_no_trial: autoDraw = True
73.6575 	EXP 	New trial (rep=0, index=42): OrderedDict([('pisch', 'conditions/german/pisch_4_1.wav'), ('fisch', 'conditions/german/fisch_4_1.wav'), ('pake', 'conditions/german/pake_4_1.wav'), ('pike', 'conditions/german/pike_4_1.wav'), ('item_num', 22), ('correct_response', 0)])
73.6676 	DATA 	Keypress: 1
73.6737 	EXP 	text_2afc_response_yes_trial: autoDraw = False
73.6737 	EXP 	text_2afc_response_no_trial: autoDraw = False
73.6737 	EXP 	text_2afc_question_trial: autoDraw = False
73.6737 	EXP 	text_2afc_question_trial: autoDraw = True
73.9074 	EXP 	text_2afc_response_yes_trial: autoDraw = True
73.9074 	EXP 	text_2afc_response_no_trial: autoDraw = True
74.6084 	EXP 	New trial (rep=0, index=43): OrderedDict([('pisch', 'conditions/german/pisch_1_3.wav'), ('fisch', 'conditions/german/fisch_1_3.wav'), ('pake', 'conditions/german/pake_1_3.wav'), ('pike', 'conditions/german/pike_1_3.wav'), ('item_num', 3), ('correct_response', 0)])
74.6169 	DATA 	Keypress: 1
74.6237 	EXP 	text_2afc_response_yes_trial: autoDraw = False
74.6237 	EXP 	text_2afc_response_no_trial: autoDraw = False
74.6237 	EXP 	text_2afc_question_trial: autoDraw = False
74.6237 	EXP 	text_2afc_question_trial: autoDraw = True
74.8567 	EXP 	text_2afc_response_yes_trial: autoDraw = True
74.8567 	EXP 	text_2afc_response_no_trial: autoDraw = True
75.7751 	EXP 	New trial (rep=0, index=44): OrderedDict([('pisch', 'conditions/german/pisch_5_2.wav'), ('fisch', 'conditions/german/fisch_5_2.wav'), ('pake', 'conditions/german/pake_5_2.wav'), ('pike', 'conditions/german/pike_5_2.wav'), ('item_num', 30), ('correct_response', 0)])
75.7848 	DATA 	Keypress: 1
75.7893 	EXP 	text_2afc_response_yes_trial: autoDraw = False
75.7893 	EXP 	text_2afc_response_no_trial: autoDraw = False
75.7893 	EXP 	text_2afc_question_trial: autoDraw = False
75.7893 	EXP 	text_2afc_question_trial: autoDraw = True
76.0246 	EXP 	text_2afc_response_yes_trial: autoDraw = True
76.0246 	EXP 	text_2afc_response_no_trial: autoDraw = True
77.0418 	EXP 	New trial (rep=0, index=45): OrderedDict([('pisch', 'conditions/german/pisch_2_7.wav'), ('fisch', 'conditions/german/fisch_2_7.wav'), ('pake', 'conditions/german/pake_2_7.wav'), ('pike', 'conditions/german/pike_2_7.wav'), ('item_num', 14), ('correct_response', 0)])
77.0515 	DATA 	Keypress: 1
77.0568 	EXP 	text_2afc_response_yes_trial: autoDraw = False
77.0568 	EXP 	text_2afc_response_no_trial: autoDraw = False
77.0568 	EXP 	text_2afc_question_trial: autoDraw = False
77.0568 	EXP 	text_2afc_question_trial: autoDraw = True
77.2906 	EXP 	text_2afc_response_yes_trial: autoDraw = True
77.2906 	EXP 	text_2afc_response_no_trial: autoDraw = True
78.1086 	EXP 	New trial (rep=0, index=46): OrderedDict([('pisch', 'conditions/german/pisch_3_7.wav'), ('fisch', 'conditions/german/fisch_3_7.wav'), ('pake', 'conditions/german/pake_3_7.wav'), ('pike', 'conditions/german/pike_3_7.wav'), ('item_num', 21), ('correct_response', 0)])
78.1171 	DATA 	Keypress: 1
78.1224 	EXP 	text_2afc_response_yes_trial: autoDraw = False
78.1224 	EXP 	text_2afc_response_no_trial: autoDraw = False
78.1224 	EXP 	text_2afc_question_trial: autoDraw = False
78.1224 	EXP 	text_2afc_question_trial: autoDraw = True
78.3565 	EXP 	text_2afc_response_yes_trial: autoDraw = True
78.3565 	EXP 	text_2afc_response_no_trial: autoDraw = True
79.4816 	DATA 	Keypress: 1
79.4933 	EXP 	New trial (rep=0, index=47): OrderedDict([('pisch', 'conditions/german/pisch_6_4.wav'), ('fisch', 'conditions/german/fisch_6_4.wav'), ('pake', 'conditions/german/pake_6_4.wav'), ('pike', 'conditions/german/pike_6_4.wav'), ('item_num', 39), ('correct_response', 0)])
79.5066 	EXP 	text_2afc_response_yes_trial: autoDraw = False
79.5066 	EXP 	text_2afc_response_no_trial: autoDraw = False
79.5066 	EXP 	text_2afc_question_trial: autoDraw = False
79.5066 	EXP 	text_2afc_question_trial: autoDraw = True
79.7406 	EXP 	text_2afc_response_yes_trial: autoDraw = True
79.7406 	EXP 	text_2afc_response_no_trial: autoDraw = True
80.7585 	EXP 	New trial (rep=0, index=48): OrderedDict([('pisch', 'conditions/german/pisch_3_3.wav'), ('fisch', 'conditions/german/fisch_3_3.wav'), ('pake', 'conditions/german/pake_3_3.wav'), ('pike', 'conditions/german/pike_3_3.wav'), ('item_num', 17), ('correct_response', 1)])
80.7678 	DATA 	Keypress: 1
80.7732 	EXP 	text_2afc_response_yes_trial: autoDraw = False
80.7732 	EXP 	text_2afc_response_no_trial: autoDraw = False
80.7732 	EXP 	text_2afc_question_trial: autoDraw = False
80.7732 	EXP 	text_2afc_question_trial: autoDraw = True
81.0078 	EXP 	text_2afc_response_yes_trial: autoDraw = True
81.0078 	EXP 	text_2afc_response_no_trial: autoDraw = True
82.0969 	DATA 	Keypress: 1
82.1238 	EXP 	text_2afc_response_yes_trial: autoDraw = False
82.1238 	EXP 	text_2afc_response_no_trial: autoDraw = False
82.1238 	EXP 	text_2afc_question_trial: autoDraw = False
82.1238 	EXP 	text: autoDraw = True
84.5792 	DEBUG 	Read csv file with pandas: conditions/conditions_french.csv
84.5801 	DEBUG 	Clearing unnamed columns from conditions/conditions_french.csv
84.5824 	EXP 	Imported conditions/conditions_french.csv as conditions, 49 conditions, 6 params
84.5828 	EXP 	Created sequence: random, trialTypes=49, nReps=1, seed=None
84.5831 	EXP 	New trial (rep=0, index=0): OrderedDict([('fat', 'conditions/french/fat_5_3.wav'), ('fit', 'conditions/french/fit_5_3.wav'), ('pat', 'conditions/french/pat_5_3.wav'), ('pic', 'conditions/french/pic_5_3.wav'), ('item_num', 31), ('correct_response', 0)])
84.5903 	DATA 	Keypress: space
84.5942 	EXP 	text: autoDraw = False
84.5942 	EXP 	text_2afc_question_trial_2: autoDraw = True
84.8412 	EXP 	text_2afc_response_yes_trial_2: autoDraw = True
84.8412 	EXP 	text_2afc_response_no_trial_2: autoDraw = True
87.2748 	EXP 	New trial (rep=0, index=1): OrderedDict([('fat', 'conditions/french/fat_4_7.wav'), ('fit', 'conditions/french/fit_4_7.wav'), ('pat', 'conditions/french/pat_4_7.wav'), ('pic', 'conditions/french/pic_4_7.wav'), ('item_num', 28), ('correct_response', 0)])
87.2834 	DATA 	Keypress: 1
87.2926 	EXP 	text_2afc_response_yes_trial_2: autoDraw = False
87.2926 	EXP 	text_2afc_response_no_trial_2: autoDraw = False
87.2926 	EXP 	text_2afc_question_trial_2: autoDraw = False
87.2926 	EXP 	text_2afc_question_trial_2: autoDraw = True
87.5242 	EXP 	text_2afc_response_yes_trial_2: autoDraw = True
87.5242 	EXP 	text_2afc_response_no_trial_2: autoDraw = True
89.4425 	EXP 	New trial (rep=0, index=2): OrderedDict([('fat', 'conditions/french/fat_2_4.wav'), ('fit', 'conditions/french/fit_2_4.wav'), ('pat', 'conditions/french/pat_2_4.wav'), ('pic', 'conditions/french/pic_2_4.wav'), ('item_num', 11), ('correct_response', 0)])
89.4517 	DATA 	Keypress: 1
89.4570 	EXP 	text_2afc_response_yes_trial_2: autoDraw = False
89.4570 	EXP 	text_2afc_response_no_trial_2: autoDraw = False
89.4570 	EXP 	text_2afc_question_trial_2: autoDraw = False
89.4570 	EXP 	text_2afc_question_trial_2: autoDraw = True
89.6900 	EXP 	text_2afc_response_yes_trial_2: autoDraw = True
89.6900 	EXP 	text_2afc_response_no_trial_2: autoDraw = True
91.5917 	EXP 	New trial (rep=0, index=3): OrderedDict([('fat', 'conditions/french/fat_5_4.wav'), ('fit', 'conditions/french/fit_5_4.wav'), ('pat', 'conditions/french/pat_5_4.wav'), ('pic', 'conditions/french/pic_5_4.wav'), ('item_num', 32), ('correct_response', 0)])
91.6007 	DATA 	Keypress: 1
91.6069 	EXP 	text_2afc_response_yes_trial_2: autoDraw = False
91.6069 	EXP 	text_2afc_response_no_trial_2: autoDraw = False
91.6069 	EXP 	text_2afc_question_trial_2: autoDraw = False
91.6069 	EXP 	text_2afc_question_trial_2: autoDraw = True
91.8411 	EXP 	text_2afc_response_yes_trial_2: autoDraw = True
91.8411 	EXP 	text_2afc_response_no_trial_2: autoDraw = True
93.5912 	EXP 	New trial (rep=0, index=4): OrderedDict([('fat', 'conditions/french/fat_4_5.wav'), ('fit', 'conditions/french/fit_4_5.wav'), ('pat', 'conditions/french/pat_4_5.wav'), ('pic', 'conditions/french/pic_4_5.wav'), ('item_num', 26), ('correct_response', 0)])
93.6005 	DATA 	Keypress: 1
93.6070 	EXP 	text_2afc_response_yes_trial_2: autoDraw = False
93.6070 	EXP 	text_2afc_response_no_trial_2: autoDraw = False
93.6070 	EXP 	text_2afc_question_trial_2: autoDraw = False
93.6070 	EXP 	text_2afc_question_trial_2: autoDraw = True
93.8407 	EXP 	text_2afc_response_yes_trial_2: autoDraw = True
93.8407 	EXP 	text_2afc_response_no_trial_2: autoDraw = True
95.5762 	EXP 	New trial (rep=0, index=5): OrderedDict([('fat', 'conditions/french/fat_7_5.wav'), ('fit', 'conditions/french/fit_7_5.wav'), ('pat', 'conditions/french/pat_7_5.wav'), ('pic', 'conditions/french/pic_7_5.wav'), ('item_num', 47), ('correct_response', 0)])
95.5849 	DATA 	Keypress: 1
95.5894 	EXP 	text_2afc_response_yes_trial_2: autoDraw = False
95.5894 	EXP 	text_2afc_response_no_trial_2: autoDraw = False
95.5894 	EXP 	text_2afc_question_trial_2: autoDraw = False
95.5894 	EXP 	text_2afc_question_trial_2: autoDraw = True
95.8237 	EXP 	text_2afc_response_yes_trial_2: autoDraw = True
95.8237 	EXP 	text_2afc_response_no_trial_2: autoDraw = True
97.8090 	EXP 	New trial (rep=0, index=6): OrderedDict([('fat', 'conditions/french/fat_1_1.wav'), ('fit', 'conditions/french/fit_1_1.wav'), ('pat', 'conditions/french/pat_1_1.wav'), ('pic', 'conditions/french/pic_1_1.wav'), ('item_num', 1), ('correct_response', 1)])
97.8175 	DATA 	Keypress: 1
97.8242 	EXP 	text_2afc_response_yes_trial_2: autoDraw = False
97.8242 	EXP 	text_2afc_response_no_trial_2: autoDraw = False
97.8242 	EXP 	text_2afc_question_trial_2: autoDraw = False
97.8242 	EXP 	text_2afc_question_trial_2: autoDraw = True
98.0575 	EXP 	text_2afc_response_yes_trial_2: autoDraw = True
98.0575 	EXP 	text_2afc_response_no_trial_2: autoDraw = True
99.9089 	EXP 	New trial (rep=0, index=7): OrderedDict([('fat', 'conditions/french/fat_6_4.wav'), ('fit', 'conditions/french/fit_6_4.wav'), ('pat', 'conditions/french/pat_6_4.wav'), ('pic', 'conditions/french/pic_6_4.wav'), ('item_num', 39), ('correct_response', 0)])
99.9182 	DATA 	Keypress: 1
99.9239 	EXP 	text_2afc_response_yes_trial_2: autoDraw = False
99.9239 	EXP 	text_2afc_response_no_trial_2: autoDraw = False
99.9239 	EXP 	text_2afc_question_trial_2: autoDraw = False
99.9239 	EXP 	text_2afc_question_trial_2: autoDraw = True
100.1580 	EXP 	text_2afc_response_yes_trial_2: autoDraw = True
100.1580 	EXP 	text_2afc_response_no_trial_2: autoDraw = True
102.4590 	EXP 	New trial (rep=0, index=8): OrderedDict([('fat', 'conditions/french/fat_5_2.wav'), ('fit', 'conditions/french/fit_5_2.wav'), ('pat', 'conditions/french/pat_5_2.wav'), ('pic', 'conditions/french/pic_5_2.wav'), ('item_num', 30), ('correct_response', 0)])
102.4680 	DATA 	Keypress: 1
102.4737 	EXP 	text_2afc_response_yes_trial_2: autoDraw = False
102.4737 	EXP 	text_2afc_response_no_trial_2: autoDraw = False
102.4737 	EXP 	text_2afc_question_trial_2: autoDraw = False
102.4737 	EXP 	text_2afc_question_trial_2: autoDraw = True
102.7079 	EXP 	text_2afc_response_yes_trial_2: autoDraw = True
102.7079 	EXP 	text_2afc_response_no_trial_2: autoDraw = True
105.3591 	EXP 	New trial (rep=0, index=9): OrderedDict([('fat', 'conditions/french/fat_6_5.wav'), ('fit', 'conditions/french/fit_6_5.wav'), ('pat', 'conditions/french/pat_6_5.wav'), ('pic', 'conditions/french/pic_6_5.wav'), ('item_num', 40), ('correct_response', 0)])
105.3675 	DATA 	Keypress: 1
105.3735 	EXP 	text_2afc_response_yes_trial_2: autoDraw = False
105.3735 	EXP 	text_2afc_response_no_trial_2: autoDraw = False
105.3735 	EXP 	text_2afc_question_trial_2: autoDraw = False
105.3735 	EXP 	text_2afc_question_trial_2: autoDraw = True
105.6079 	EXP 	text_2afc_response_yes_trial_2: autoDraw = True
105.6079 	EXP 	text_2afc_response_no_trial_2: autoDraw = True
107.5763 	EXP 	New trial (rep=0, index=10): OrderedDict([('fat', 'conditions/french/fat_2_3.wav'), ('fit', 'conditions/french/fit_2_3.wav'), ('pat', 'conditions/french/pat_2_3.wav'), ('pic', 'conditions/french/pic_2_3.wav'), ('item_num', 10), ('correct_response', 0)])
107.5851 	DATA 	Keypress: 1
107.5905 	EXP 	text_2afc_response_yes_trial_2: autoDraw = False
107.5905 	EXP 	text_2afc_response_no_trial_2: autoDraw = False
107.5905 	EXP 	text_2afc_question_trial_2: autoDraw = False
107.5905 	EXP 	text_2afc_question_trial_2: autoDraw = True
107.8244 	EXP 	text_2afc_response_yes_trial_2: autoDraw = True
107.8244 	EXP 	text_2afc_response_no_trial_2: autoDraw = True
109.6923 	EXP 	New trial (rep=0, index=11): OrderedDict([('fat', 'conditions/french/fat_5_5.wav'), ('fit', 'conditions/french/fit_5_5.wav'), ('pat', 'conditions/french/pat_5_5.wav'), ('pic', 'conditions/french/pic_5_5.wav'), ('item_num', 33), ('correct_response', 1)])
109.7018 	DATA 	Keypress: 1
109.7071 	EXP 	text_2afc_response_yes_trial_2: autoDraw = False
109.7071 	EXP 	text_2afc_response_no_trial_2: autoDraw = False
109.7071 	EXP 	text_2afc_question_trial_2: autoDraw = False
109.7071 	EXP 	text_2afc_question_trial_2: autoDraw = True
109.9414 	EXP 	text_2afc_response_yes_trial_2: autoDraw = True
109.9414 	EXP 	text_2afc_response_no_trial_2: autoDraw = True
112.0760 	EXP 	New trial (rep=0, index=12): OrderedDict([('fat', 'conditions/french/fat_2_6.wav'), ('fit', 'conditions/french/fit_2_6.wav'), ('pat', 'conditions/french/pat_2_6.wav'), ('pic', 'conditions/french/pic_2_6.wav'), ('item_num', 13), ('correct_response', 0)])
112.0850 	DATA 	Keypress: 1
112.0910 	EXP 	text_2afc_response_yes_trial_2: autoDraw = False
112.0910 	EXP 	text_2afc_response_no_trial_2: autoDraw = False
112.0910 	EXP 	text_2afc_question_trial_2: autoDraw = False
112.0910 	EXP 	text_2afc_question_trial_2: autoDraw = True
112.3248 	EXP 	text_2afc_response_yes_trial_2: autoDraw = True
112.3248 	EXP 	text_2afc_response_no_trial_2: autoDraw = True
114.2822 	DATA 	Keypress: 1
114.2922 	EXP 	New trial (rep=0, index=13): OrderedDict([('fat', 'conditions/french/fat_1_6.wav'), ('fit', 'conditions/french/fit_1_6.wav'), ('pat', 'conditions/french/pat_1_6.wav'), ('pic', 'conditions/french/pic_1_6.wav'), ('item_num', 6), ('correct_response', 0)])
114.3082 	EXP 	text_2afc_response_yes_trial_2: autoDraw = False
114.3082 	EXP 	text_2afc_response_no_trial_2: autoDraw = False
114.3082 	EXP 	text_2afc_question_trial_2: autoDraw = False
114.3082 	EXP 	text_2afc_question_trial_2: autoDraw = True
114.5415 	EXP 	text_2afc_response_yes_trial_2: autoDraw = True
114.5415 	EXP 	text_2afc_response_no_trial_2: autoDraw = True
116.2582 	EXP 	New trial (rep=0, index=14): OrderedDict([('fat', 'conditions/french/fat_6_1.wav'), ('fit', 'conditions/french/fit_6_1.wav'), ('pat', 'conditions/french/pat_6_1.wav'), ('pic', 'conditions/french/pic_6_1.wav'), ('item_num', 36), ('correct_response', 0)])
116.2686 	DATA 	Keypress: 1
116.2744 	EXP 	text_2afc_response_yes_trial_2: autoDraw = False
116.2744 	EXP 	text_2afc_response_no_trial_2: autoDraw = False
116.2744 	EXP 	text_2afc_question_trial_2: autoDraw = False
116.2744 	EXP 	text_2afc_question_trial_2: autoDraw = True
116.5075 	EXP 	text_2afc_response_yes_trial_2: autoDraw = True
116.5075 	EXP 	text_2afc_response_no_trial_2: autoDraw = True
117.3655 	DATA 	Keypress: escape
117.7641 	EXP 	window1: mouseVisible = True
117.7642 	DEBUG 	Saving data for empathy_intonation_perc ExperimentHandler
117.7676 	INFO 	saved data to /Users/kyleparrish/Documents/exp/data/_empathy_intonation_perc_2022_Mar_23_1514.psydat
117.7751 	INFO 	saved data to '/Users/kyleparrish/Documents/exp/data/_empathy_intonation_perc_2022_Mar_23_1514.csv'
