0.7832 	WARNING 	We strongly recommend you activate the PTB sound engine in PsychoPy prefs as the preferred audio engine. Its timing is vastly superior. Your prefs are currently set to use ['sounddevice', 'PTB', 'pyo', 'pygame'] (in that order).
6.3243 	INFO 	Loaded monitor calibration from ['2021_05_25 17:40']
6.3374 	WARNING 	User requested fullscreen with size [1920 1200], but screen is actually [1440, 900]. Using actual size
6.8849 	EXP 	Created window1 = Window(allowGUI=False, allowStencil=False, autoLog=True, backendConf=UNKNOWN, bitsMode=UNKNOWN, blendMode='avg', bpc=(8, 8, 8), color=array([0, 0, 0]), colorSpace='rgb', depthBits=8, fullscr=<method-wrapper '__getattribute__' of attributeSetter object at 0x7fe53cd6dac8>, gamma=None, gammaErrorPolicy='raise', lms=UNKNOWN, monitor=<psychopy.monitors.calibTools.Monitor object at 0x7fe53bb20a20>, multiSample=False, name='window1', numSamples=2, pos=[360.0, 225.0], screen=0, size=array([2880, 1800]), stencilBits=0, stereo=False, units='height', useFBO=True, useRetina=True, viewOri=0.0, viewPos=None, viewScale=None, waitBlanking=True, winType='pyglet')
6.8851 	EXP 	window1: mouseVisible = True
6.8851 	EXP 	window1: recordFrameIntervals = False
7.0515 	EXP 	window1: recordFrameIntervals = True
7.3015 	DEBUG 	Screen (0) actual frame rate measured at 60.70
7.3015 	EXP 	window1: recordFrameIntervals = False
8.2516 	INFO 	keyboard.Keyboard is using ptb backend.
8.2929 	EXP 	Created text_2afc_check = TextStim(__class__=<class 'psychopy.visual.text.TextStim'>, alignHoriz=method-wrapper(...), alignText='center', alignVert=method-wrapper(...), anchorHoriz='center', anchorVert='center', antialias=True, autoLog=True, bold=False, color=array([1., 1., 1.]), colorSpace='rgb', contrast=1.0, depth=0.0, flipHoriz=False, flipVert=False, font='Arial', fontFiles=[], height=0.05, italic=False, languageStyle='LTR', name='text_2afc_check', opacity=1, ori=0, pos=array([0., 0.]), rgb=UNKNOWN, text=str(...), units='height', win=Window(...), wrapWidth=1)
8.5206 	INFO 	keyboard.Keyboard is using ptb backend.
8.5337 	EXP 	Sound sound_2afc_stim_trial set volume 1.000
8.5382 	EXP 	Created text_2afc_response_yes_trial = TextStim(__class__=<class 'psychopy.visual.text.TextStim'>, alignHoriz=method-wrapper(...), alignText='center', alignVert=method-wrapper(...), anchorHoriz='center', anchorVert='center', antialias=True, autoLog=True, bold=False, color=array([1., 1., 1.]), colorSpace='rgb', contrast=1.0, depth=-2.0, flipHoriz=False, flipVert=False, font='Arial', fontFiles=[], height=0.1, italic=False, languageStyle='LTR', name='text_2afc_response_yes_trial', opacity=1, ori=0, pos=array([-0.3,  0. ]), rgb=UNKNOWN, text='Yes', units='height', win=Window(...), wrapWidth=1)
8.5405 	EXP 	Created text_2afc_response_no_trial = TextStim(__class__=<class 'psychopy.visual.text.TextStim'>, alignHoriz=method-wrapper(...), alignText='center', alignVert=method-wrapper(...), anchorHoriz='center', anchorVert='center', antialias=True, autoLog=True, bold=False, color=array([1., 1., 1.]), colorSpace='rgb', contrast=1.0, depth=-3.0, flipHoriz=False, flipVert=False, font='Arial', fontFiles=[], height=0.1, italic=False, languageStyle='LTR', name='text_2afc_response_no_trial', opacity=1, ori=0, pos=array([0.3, 0. ]), rgb=UNKNOWN, text='No', units='height', win=Window(...), wrapWidth=1)
8.7675 	INFO 	keyboard.Keyboard is using ptb backend.
8.7732 	EXP 	Created text_2afc_question_trial = TextStim(__class__=<class 'psychopy.visual.text.TextStim'>, alignHoriz=method-wrapper(...), alignText='center', alignVert=method-wrapper(...), anchorHoriz='center', anchorVert='center', antialias=True, autoLog=True, bold=False, color=array([-1., -1.,  1.]), colorSpace='rgb', contrast=1.0, depth=-5.0, flipHoriz=False, flipVert=False, font='Arial', fontFiles=[], height=0.1, italic=False, languageStyle='LTR', name='text_2afc_question_trial', opacity=1, ori=0, pos=array([0. , 0.3]), rgb=UNKNOWN, text='Is this a question?', units='height', win=Window(...), wrapWidth=1)
8.7732 	EXP 	Sound sound_2afc_stim_trial_2 set volume 1.000
8.7748 	EXP 	Created text_2afc_response_yes_trial_2 = TextStim(__class__=<class 'psychopy.visual.text.TextStim'>, alignHoriz=method-wrapper(...), alignText='center', alignVert=method-wrapper(...), anchorHoriz='center', anchorVert='center', antialias=True, autoLog=True, bold=False, color=array([1., 1., 1.]), colorSpace='rgb', contrast=1.0, depth=-2.0, flipHoriz=False, flipVert=False, font='Arial', fontFiles=[], height=0.1, italic=False, languageStyle='LTR', name='text_2afc_response_yes_trial_2', opacity=1, ori=0, pos=array([-0.3,  0. ]), rgb=UNKNOWN, text='Yes', units='height', win=Window(...), wrapWidth=1)
8.7764 	EXP 	Created text_2afc_response_no_trial_2 = TextStim(__class__=<class 'psychopy.visual.text.TextStim'>, alignHoriz=method-wrapper(...), alignText='center', alignVert=method-wrapper(...), anchorHoriz='center', anchorVert='center', antialias=True, autoLog=True, bold=False, color=array([1., 1., 1.]), colorSpace='rgb', contrast=1.0, depth=-3.0, flipHoriz=False, flipVert=False, font='Arial', fontFiles=[], height=0.1, italic=False, languageStyle='LTR', name='text_2afc_response_no_trial_2', opacity=1, ori=0, pos=array([0.3, 0. ]), rgb=UNKNOWN, text='No', units='height', win=Window(...), wrapWidth=1)
9.0005 	INFO 	keyboard.Keyboard is using ptb backend.
9.0030 	EXP 	Created text_2afc_question_trial_2 = TextStim(__class__=<class 'psychopy.visual.text.TextStim'>, alignHoriz=method-wrapper(...), alignText='center', alignVert=method-wrapper(...), anchorHoriz='center', anchorVert='center', antialias=True, autoLog=True, bold=False, color=array([-1., -1.,  1.]), colorSpace='rgb', contrast=1.0, depth=-5.0, flipHoriz=False, flipVert=False, font='Arial', fontFiles=[], height=0.1, italic=False, languageStyle='LTR', name='text_2afc_question_trial_2', opacity=1, ori=0, pos=array([0. , 0.3]), rgb=UNKNOWN, text='Is this a question?', units='height', win=Window(...), wrapWidth=1)
9.0137 	EXP 	text_2afc_check: autoDraw = True
10.1245 	DEBUG 	Read csv file with pandas: conditions/conditions_german.csv
10.1264 	DEBUG 	Clearing unnamed columns from conditions/conditions_german.csv
10.1284 	EXP 	Imported conditions/conditions_german.csv as conditions, 49 conditions, 6 params
10.1289 	EXP 	Created sequence: random, trialTypes=49, nReps=1, seed=None
10.1292 	EXP 	New trial (rep=0, index=0): OrderedDict([('pisch', 'conditions/german/pisch_3_2.wav'), ('fisch', 'conditions/german/fisch_3_2.wav'), ('pake', 'conditions/german/pake_3_2.wav'), ('pike', 'conditions/german/pike_3_2.wav'), ('item_num', 16), ('correct_response', 0)])
10.1409 	DATA 	Keypress: space
10.1453 	EXP 	text_2afc_check: autoDraw = False
10.1453 	EXP 	text_2afc_question_trial: autoDraw = True
10.3843 	EXP 	text_2afc_response_yes_trial: autoDraw = True
10.3843 	EXP 	text_2afc_response_no_trial: autoDraw = True
13.0030 	EXP 	New trial (rep=0, index=1): OrderedDict([('pisch', 'conditions/german/pisch_4_5.wav'), ('fisch', 'conditions/german/fisch_4_5.wav'), ('pake', 'conditions/german/pake_4_5.wav'), ('pike', 'conditions/german/pike_4_5.wav'), ('item_num', 26), ('correct_response', 0)])
13.0133 	DATA 	Keypress: 1
13.0177 	EXP 	text_2afc_response_yes_trial: autoDraw = False
13.0177 	EXP 	text_2afc_response_no_trial: autoDraw = False
13.0177 	EXP 	text_2afc_question_trial: autoDraw = False
13.0177 	EXP 	text_2afc_question_trial: autoDraw = True
13.2515 	EXP 	text_2afc_response_yes_trial: autoDraw = True
13.2515 	EXP 	text_2afc_response_no_trial: autoDraw = True
14.1520 	EXP 	New trial (rep=0, index=2): OrderedDict([('pisch', 'conditions/german/pisch_5_4.wav'), ('fisch', 'conditions/german/fisch_5_4.wav'), ('pake', 'conditions/german/pake_5_4.wav'), ('pike', 'conditions/german/pike_5_4.wav'), ('item_num', 32), ('correct_response', 0)])
14.1664 	DATA 	Keypress: 1
14.1703 	EXP 	text_2afc_response_yes_trial: autoDraw = False
14.1703 	EXP 	text_2afc_response_no_trial: autoDraw = False
14.1703 	EXP 	text_2afc_question_trial: autoDraw = False
14.1703 	EXP 	text_2afc_question_trial: autoDraw = True
14.4012 	EXP 	text_2afc_response_yes_trial: autoDraw = True
14.4012 	EXP 	text_2afc_response_no_trial: autoDraw = True
15.0860 	EXP 	New trial (rep=0, index=3): OrderedDict([('pisch', 'conditions/german/pisch_4_7.wav'), ('fisch', 'conditions/german/fisch_4_7.wav'), ('pake', 'conditions/german/pake_4_7.wav'), ('pike', 'conditions/german/pike_4_7.wav'), ('item_num', 28), ('correct_response', 0)])
15.0948 	DATA 	Keypress: 1
15.1005 	EXP 	text_2afc_response_yes_trial: autoDraw = False
15.1005 	EXP 	text_2afc_response_no_trial: autoDraw = False
15.1005 	EXP 	text_2afc_question_trial: autoDraw = False
15.1005 	EXP 	text_2afc_question_trial: autoDraw = True
15.3335 	EXP 	text_2afc_response_yes_trial: autoDraw = True
15.3335 	EXP 	text_2afc_response_no_trial: autoDraw = True
15.6522 	EXP 	New trial (rep=0, index=4): OrderedDict([('pisch', 'conditions/german/pisch_5_7.wav'), ('fisch', 'conditions/german/fisch_5_7.wav'), ('pake', 'conditions/german/pake_5_7.wav'), ('pike', 'conditions/german/pike_5_7.wav'), ('item_num', 35), ('correct_response', 0)])
15.6609 	DATA 	Keypress: 1
15.6673 	EXP 	text_2afc_response_yes_trial: autoDraw = False
15.6673 	EXP 	text_2afc_response_no_trial: autoDraw = False
15.6673 	EXP 	text_2afc_question_trial: autoDraw = False
15.6673 	EXP 	text_2afc_question_trial: autoDraw = True
15.9019 	EXP 	text_2afc_response_yes_trial: autoDraw = True
15.9019 	EXP 	text_2afc_response_no_trial: autoDraw = True
16.0416 	DATA 	Keypress: 1
16.5585 	DATA 	Keypress: 1
16.5685 	EXP 	New trial (rep=0, index=5): OrderedDict([('pisch', 'conditions/german/pisch_6_4.wav'), ('fisch', 'conditions/german/fisch_6_4.wav'), ('pake', 'conditions/german/pake_6_4.wav'), ('pike', 'conditions/german/pike_6_4.wav'), ('item_num', 39), ('correct_response', 0)])
16.5833 	EXP 	text_2afc_response_yes_trial: autoDraw = False
16.5833 	EXP 	text_2afc_response_no_trial: autoDraw = False
16.5833 	EXP 	text_2afc_question_trial: autoDraw = False
16.5833 	EXP 	text_2afc_question_trial: autoDraw = True
16.8181 	EXP 	text_2afc_response_yes_trial: autoDraw = True
16.8181 	EXP 	text_2afc_response_no_trial: autoDraw = True
17.2350 	EXP 	New trial (rep=0, index=6): OrderedDict([('pisch', 'conditions/german/pisch_5_1.wav'), ('fisch', 'conditions/german/fisch_5_1.wav'), ('pake', 'conditions/german/pake_5_1.wav'), ('pike', 'conditions/german/pike_5_1.wav'), ('item_num', 29), ('correct_response', 0)])
17.2453 	DATA 	Keypress: 1
17.2510 	EXP 	text_2afc_response_yes_trial: autoDraw = False
17.2510 	EXP 	text_2afc_response_no_trial: autoDraw = False
17.2510 	EXP 	text_2afc_question_trial: autoDraw = False
17.2510 	EXP 	text_2afc_question_trial: autoDraw = True
17.4849 	EXP 	text_2afc_response_yes_trial: autoDraw = True
17.4849 	EXP 	text_2afc_response_no_trial: autoDraw = True
17.7530 	EXP 	New trial (rep=0, index=7): OrderedDict([('pisch', 'conditions/german/pisch_3_7.wav'), ('fisch', 'conditions/german/fisch_3_7.wav'), ('pake', 'conditions/german/pake_3_7.wav'), ('pike', 'conditions/german/pike_3_7.wav'), ('item_num', 21), ('correct_response', 0)])
17.7624 	DATA 	Keypress: 1
17.7669 	EXP 	text_2afc_response_yes_trial: autoDraw = False
17.7669 	EXP 	text_2afc_response_no_trial: autoDraw = False
17.7669 	EXP 	text_2afc_question_trial: autoDraw = False
17.7669 	EXP 	text_2afc_question_trial: autoDraw = True
18.0004 	EXP 	text_2afc_response_yes_trial: autoDraw = True
18.0004 	EXP 	text_2afc_response_no_trial: autoDraw = True
18.1406 	DATA 	Keypress: 1
18.4858 	EXP 	New trial (rep=0, index=8): OrderedDict([('pisch', 'conditions/german/pisch_7_3.wav'), ('fisch', 'conditions/german/fisch_7_3.wav'), ('pake', 'conditions/german/pake_7_3.wav'), ('pike', 'conditions/german/pike_7_3.wav'), ('item_num', 45), ('correct_response', 0)])
18.4944 	DATA 	Keypress: 1
18.5003 	EXP 	text_2afc_response_yes_trial: autoDraw = False
18.5003 	EXP 	text_2afc_response_no_trial: autoDraw = False
18.5003 	EXP 	text_2afc_question_trial: autoDraw = False
18.5003 	EXP 	text_2afc_question_trial: autoDraw = True
18.7341 	EXP 	text_2afc_response_yes_trial: autoDraw = True
18.7341 	EXP 	text_2afc_response_no_trial: autoDraw = True
18.9097 	DATA 	Keypress: 1
19.3193 	EXP 	New trial (rep=0, index=9): OrderedDict([('pisch', 'conditions/german/pisch_6_5.wav'), ('fisch', 'conditions/german/fisch_6_5.wav'), ('pake', 'conditions/german/pake_6_5.wav'), ('pike', 'conditions/german/pike_6_5.wav'), ('item_num', 40), ('correct_response', 0)])
19.3274 	DATA 	Keypress: 1
19.3339 	EXP 	text_2afc_response_yes_trial: autoDraw = False
19.3339 	EXP 	text_2afc_response_no_trial: autoDraw = False
19.3339 	EXP 	text_2afc_question_trial: autoDraw = False
19.3339 	EXP 	text_2afc_question_trial: autoDraw = True
19.5671 	EXP 	text_2afc_response_yes_trial: autoDraw = True
19.5671 	EXP 	text_2afc_response_no_trial: autoDraw = True
19.7746 	DATA 	Keypress: 1
20.3355 	EXP 	New trial (rep=0, index=10): OrderedDict([('pisch', 'conditions/german/pisch_6_3.wav'), ('fisch', 'conditions/german/fisch_6_3.wav'), ('pake', 'conditions/german/pake_6_3.wav'), ('pike', 'conditions/german/pike_6_3.wav'), ('item_num', 38), ('correct_response', 0)])
20.3444 	DATA 	Keypress: 1
20.3507 	EXP 	text_2afc_response_yes_trial: autoDraw = False
20.3507 	EXP 	text_2afc_response_no_trial: autoDraw = False
20.3507 	EXP 	text_2afc_question_trial: autoDraw = False
20.3507 	EXP 	text_2afc_question_trial: autoDraw = True
20.5849 	EXP 	text_2afc_response_yes_trial: autoDraw = True
20.5849 	EXP 	text_2afc_response_no_trial: autoDraw = True
22.5901 	DATA 	Keypress: 1
22.6027 	EXP 	New trial (rep=0, index=11): OrderedDict([('pisch', 'conditions/german/pisch_6_6.wav'), ('fisch', 'conditions/german/fisch_6_6.wav'), ('pake', 'conditions/german/pake_6_6.wav'), ('pike', 'conditions/german/pike_6_6.wav'), ('item_num', 41), ('correct_response', 1)])
22.6187 	EXP 	text_2afc_response_yes_trial: autoDraw = False
22.6187 	EXP 	text_2afc_response_no_trial: autoDraw = False
22.6187 	EXP 	text_2afc_question_trial: autoDraw = False
22.6187 	EXP 	text_2afc_question_trial: autoDraw = True
22.8509 	EXP 	text_2afc_response_yes_trial: autoDraw = True
22.8509 	EXP 	text_2afc_response_no_trial: autoDraw = True
24.5913 	DATA 	Keypress: 1
24.6022 	EXP 	New trial (rep=0, index=12): OrderedDict([('pisch', 'conditions/german/pisch_6_7.wav'), ('fisch', 'conditions/german/fisch_6_7.wav'), ('pake', 'conditions/german/pake_6_7.wav'), ('pike', 'conditions/german/pike_6_7.wav'), ('item_num', 42), ('correct_response', 0)])
24.6172 	EXP 	text_2afc_response_yes_trial: autoDraw = False
24.6172 	EXP 	text_2afc_response_no_trial: autoDraw = False
24.6172 	EXP 	text_2afc_question_trial: autoDraw = False
24.6172 	EXP 	text_2afc_question_trial: autoDraw = True
24.8516 	EXP 	text_2afc_response_yes_trial: autoDraw = True
24.8516 	EXP 	text_2afc_response_no_trial: autoDraw = True
26.7521 	EXP 	New trial (rep=0, index=13): OrderedDict([('pisch', 'conditions/german/pisch_1_1.wav'), ('fisch', 'conditions/german/fisch_1_1.wav'), ('pake', 'conditions/german/pake_1_1.wav'), ('pike', 'conditions/german/pike_1_1.wav'), ('item_num', 1), ('correct_response', 1)])
26.7622 	DATA 	Keypress: 1
26.7678 	EXP 	text_2afc_response_yes_trial: autoDraw = False
26.7678 	EXP 	text_2afc_response_no_trial: autoDraw = False
26.7678 	EXP 	text_2afc_question_trial: autoDraw = False
26.7678 	EXP 	text_2afc_question_trial: autoDraw = True
27.0014 	EXP 	text_2afc_response_yes_trial: autoDraw = True
27.0014 	EXP 	text_2afc_response_no_trial: autoDraw = True
28.7519 	EXP 	New trial (rep=0, index=14): OrderedDict([('pisch', 'conditions/german/pisch_2_4.wav'), ('fisch', 'conditions/german/fisch_2_4.wav'), ('pake', 'conditions/german/pake_2_4.wav'), ('pike', 'conditions/german/pike_2_4.wav'), ('item_num', 11), ('correct_response', 0)])
28.7604 	DATA 	Keypress: 1
28.7672 	EXP 	text_2afc_response_yes_trial: autoDraw = False
28.7672 	EXP 	text_2afc_response_no_trial: autoDraw = False
28.7672 	EXP 	text_2afc_question_trial: autoDraw = False
28.7672 	EXP 	text_2afc_question_trial: autoDraw = True
29.0014 	EXP 	text_2afc_response_yes_trial: autoDraw = True
29.0014 	EXP 	text_2afc_response_no_trial: autoDraw = True
30.8024 	EXP 	New trial (rep=0, index=15): OrderedDict([('pisch', 'conditions/german/pisch_7_6.wav'), ('fisch', 'conditions/german/fisch_7_6.wav'), ('pake', 'conditions/german/pake_7_6.wav'), ('pike', 'conditions/german/pike_7_6.wav'), ('item_num', 48), ('correct_response', 0)])
30.8122 	DATA 	Keypress: 1
30.8177 	EXP 	text_2afc_response_yes_trial: autoDraw = False
30.8177 	EXP 	text_2afc_response_no_trial: autoDraw = False
30.8177 	EXP 	text_2afc_question_trial: autoDraw = False
30.8177 	EXP 	text_2afc_question_trial: autoDraw = True
31.0516 	EXP 	text_2afc_response_yes_trial: autoDraw = True
31.0516 	EXP 	text_2afc_response_no_trial: autoDraw = True
32.7859 	EXP 	New trial (rep=0, index=16): OrderedDict([('pisch', 'conditions/german/pisch_4_2.wav'), ('fisch', 'conditions/german/fisch_4_2.wav'), ('pake', 'conditions/german/pake_4_2.wav'), ('pike', 'conditions/german/pike_4_2.wav'), ('item_num', 23), ('correct_response', 0)])
32.7951 	DATA 	Keypress: 1
32.8011 	EXP 	text_2afc_response_yes_trial: autoDraw = False
32.8011 	EXP 	text_2afc_response_no_trial: autoDraw = False
32.8011 	EXP 	text_2afc_question_trial: autoDraw = False
32.8011 	EXP 	text_2afc_question_trial: autoDraw = True
33.0354 	EXP 	text_2afc_response_yes_trial: autoDraw = True
33.0354 	EXP 	text_2afc_response_no_trial: autoDraw = True
34.0204 	EXP 	New trial (rep=0, index=17): OrderedDict([('pisch', 'conditions/german/pisch_7_1.wav'), ('fisch', 'conditions/german/fisch_7_1.wav'), ('pake', 'conditions/german/pake_7_1.wav'), ('pike', 'conditions/german/pike_7_1.wav'), ('item_num', 43), ('correct_response', 0)])
34.0299 	DATA 	Keypress: 1
34.0346 	EXP 	text_2afc_response_yes_trial: autoDraw = False
34.0346 	EXP 	text_2afc_response_no_trial: autoDraw = False
34.0346 	EXP 	text_2afc_question_trial: autoDraw = False
34.0346 	EXP 	text_2afc_question_trial: autoDraw = True
34.2670 	EXP 	text_2afc_response_yes_trial: autoDraw = True
34.2670 	EXP 	text_2afc_response_no_trial: autoDraw = True
34.8028 	EXP 	New trial (rep=0, index=18): OrderedDict([('pisch', 'conditions/german/pisch_1_4.wav'), ('fisch', 'conditions/german/fisch_1_4.wav'), ('pake', 'conditions/german/pake_1_4.wav'), ('pike', 'conditions/german/pike_1_4.wav'), ('item_num', 4), ('correct_response', 0)])
34.8124 	DATA 	Keypress: 1
34.8182 	EXP 	text_2afc_response_yes_trial: autoDraw = False
34.8182 	EXP 	text_2afc_response_no_trial: autoDraw = False
34.8182 	EXP 	text_2afc_question_trial: autoDraw = False
34.8182 	EXP 	text_2afc_question_trial: autoDraw = True
35.0522 	EXP 	text_2afc_response_yes_trial: autoDraw = True
35.0522 	EXP 	text_2afc_response_no_trial: autoDraw = True
35.3514 	EXP 	New trial (rep=0, index=19): OrderedDict([('pisch', 'conditions/german/pisch_1_2.wav'), ('fisch', 'conditions/german/fisch_1_2.wav'), ('pake', 'conditions/german/pake_1_2.wav'), ('pike', 'conditions/german/pike_1_2.wav'), ('item_num', 2), ('correct_response', 0)])
35.3593 	DATA 	Keypress: 1
35.3676 	EXP 	text_2afc_response_yes_trial: autoDraw = False
35.3676 	EXP 	text_2afc_response_no_trial: autoDraw = False
35.3676 	EXP 	text_2afc_question_trial: autoDraw = False
35.3676 	EXP 	text_2afc_question_trial: autoDraw = True
35.6002 	EXP 	text_2afc_response_yes_trial: autoDraw = True
35.6002 	EXP 	text_2afc_response_no_trial: autoDraw = True
35.9580 	DATA 	Keypress: 1
35.9689 	EXP 	New trial (rep=0, index=20): OrderedDict([('pisch', 'conditions/german/pisch_3_4.wav'), ('fisch', 'conditions/german/fisch_3_4.wav'), ('pake', 'conditions/german/pake_3_4.wav'), ('pike', 'conditions/german/pike_3_4.wav'), ('item_num', 18), ('correct_response', 0)])
35.9843 	EXP 	text_2afc_response_yes_trial: autoDraw = False
35.9843 	EXP 	text_2afc_response_no_trial: autoDraw = False
35.9843 	EXP 	text_2afc_question_trial: autoDraw = False
35.9843 	EXP 	text_2afc_question_trial: autoDraw = True
36.2187 	EXP 	text_2afc_response_yes_trial: autoDraw = True
36.2187 	EXP 	text_2afc_response_no_trial: autoDraw = True
36.3418 	DATA 	Keypress: 1
36.6359 	EXP 	New trial (rep=0, index=21): OrderedDict([('pisch', 'conditions/german/pisch_5_6.wav'), ('fisch', 'conditions/german/fisch_5_6.wav'), ('pake', 'conditions/german/pake_5_6.wav'), ('pike', 'conditions/german/pike_5_6.wav'), ('item_num', 34), ('correct_response', 0)])
36.6462 	DATA 	Keypress: 1
36.6519 	EXP 	text_2afc_response_yes_trial: autoDraw = False
36.6519 	EXP 	text_2afc_response_no_trial: autoDraw = False
36.6519 	EXP 	text_2afc_question_trial: autoDraw = False
36.6519 	EXP 	text_2afc_question_trial: autoDraw = True
36.8840 	EXP 	text_2afc_response_yes_trial: autoDraw = True
36.8840 	EXP 	text_2afc_response_no_trial: autoDraw = True
36.9415 	DATA 	Keypress: 1
37.2015 	EXP 	New trial (rep=0, index=22): OrderedDict([('pisch', 'conditions/german/pisch_1_7.wav'), ('fisch', 'conditions/german/fisch_1_7.wav'), ('pake', 'conditions/german/pake_1_7.wav'), ('pike', 'conditions/german/pike_1_7.wav'), ('item_num', 7), ('correct_response', 0)])
37.2099 	DATA 	Keypress: 1
37.2177 	EXP 	text_2afc_response_yes_trial: autoDraw = False
37.2177 	EXP 	text_2afc_response_no_trial: autoDraw = False
37.2177 	EXP 	text_2afc_question_trial: autoDraw = False
37.2177 	EXP 	text_2afc_question_trial: autoDraw = True
37.4519 	EXP 	text_2afc_response_yes_trial: autoDraw = True
37.4519 	EXP 	text_2afc_response_no_trial: autoDraw = True
37.5754 	DATA 	Keypress: 1
37.9757 	DATA 	Keypress: 1
37.9851 	EXP 	New trial (rep=0, index=23): OrderedDict([('pisch', 'conditions/german/pisch_2_6.wav'), ('fisch', 'conditions/german/fisch_2_6.wav'), ('pake', 'conditions/german/pake_2_6.wav'), ('pike', 'conditions/german/pike_2_6.wav'), ('item_num', 13), ('correct_response', 0)])
38.0009 	EXP 	text_2afc_response_yes_trial: autoDraw = False
38.0009 	EXP 	text_2afc_response_no_trial: autoDraw = False
38.0009 	EXP 	text_2afc_question_trial: autoDraw = False
38.0009 	EXP 	text_2afc_question_trial: autoDraw = True
38.2350 	EXP 	text_2afc_response_yes_trial: autoDraw = True
38.2350 	EXP 	text_2afc_response_no_trial: autoDraw = True
38.3452 	DATA 	Keypress: 1
38.6523 	EXP 	New trial (rep=0, index=24): OrderedDict([('pisch', 'conditions/german/pisch_7_2.wav'), ('fisch', 'conditions/german/fisch_7_2.wav'), ('pake', 'conditions/german/pake_7_2.wav'), ('pike', 'conditions/german/pike_7_2.wav'), ('item_num', 44), ('correct_response', 0)])
38.6609 	DATA 	Keypress: 1
38.6676 	EXP 	text_2afc_response_yes_trial: autoDraw = False
38.6676 	EXP 	text_2afc_response_no_trial: autoDraw = False
38.6676 	EXP 	text_2afc_question_trial: autoDraw = False
38.6676 	EXP 	text_2afc_question_trial: autoDraw = True
38.9019 	EXP 	text_2afc_response_yes_trial: autoDraw = True
38.9019 	EXP 	text_2afc_response_no_trial: autoDraw = True
39.1419 	DATA 	Keypress: 1
39.8036 	EXP 	New trial (rep=0, index=25): OrderedDict([('pisch', 'conditions/german/pisch_1_3.wav'), ('fisch', 'conditions/german/fisch_1_3.wav'), ('pake', 'conditions/german/pake_1_3.wav'), ('pike', 'conditions/german/pike_1_3.wav'), ('item_num', 3), ('correct_response', 0)])
39.8111 	DATA 	Keypress: 1
39.8171 	EXP 	text_2afc_response_yes_trial: autoDraw = False
39.8171 	EXP 	text_2afc_response_no_trial: autoDraw = False
39.8171 	EXP 	text_2afc_question_trial: autoDraw = False
39.8171 	EXP 	text_2afc_question_trial: autoDraw = True
40.0521 	EXP 	text_2afc_response_yes_trial: autoDraw = True
40.0521 	EXP 	text_2afc_response_no_trial: autoDraw = True
40.7358 	EXP 	New trial (rep=0, index=26): OrderedDict([('pisch', 'conditions/german/pisch_6_2.wav'), ('fisch', 'conditions/german/fisch_6_2.wav'), ('pake', 'conditions/german/pake_6_2.wav'), ('pike', 'conditions/german/pike_6_2.wav'), ('item_num', 37), ('correct_response', 0)])
40.7444 	DATA 	Keypress: 1
40.7510 	EXP 	text_2afc_response_yes_trial: autoDraw = False
40.7510 	EXP 	text_2afc_response_no_trial: autoDraw = False
40.7510 	EXP 	text_2afc_question_trial: autoDraw = False
40.7510 	EXP 	text_2afc_question_trial: autoDraw = True
40.9853 	EXP 	text_2afc_response_yes_trial: autoDraw = True
40.9853 	EXP 	text_2afc_response_no_trial: autoDraw = True
41.6203 	EXP 	New trial (rep=0, index=27): OrderedDict([('pisch', 'conditions/german/pisch_2_2.wav'), ('fisch', 'conditions/german/fisch_2_2.wav'), ('pake', 'conditions/german/pake_2_2.wav'), ('pike', 'conditions/german/pike_2_2.wav'), ('item_num', 9), ('correct_response', 1)])
41.6302 	DATA 	Keypress: 1
41.6350 	EXP 	text_2afc_response_yes_trial: autoDraw = False
41.6350 	EXP 	text_2afc_response_no_trial: autoDraw = False
41.6350 	EXP 	text_2afc_question_trial: autoDraw = False
41.6350 	EXP 	text_2afc_question_trial: autoDraw = True
41.8682 	EXP 	text_2afc_response_yes_trial: autoDraw = True
41.8682 	EXP 	text_2afc_response_no_trial: autoDraw = True
42.3353 	EXP 	New trial (rep=0, index=28): OrderedDict([('pisch', 'conditions/german/pisch_4_3.wav'), ('fisch', 'conditions/german/fisch_4_3.wav'), ('pake', 'conditions/german/pake_4_3.wav'), ('pike', 'conditions/german/pike_4_3.wav'), ('item_num', 24), ('correct_response', 0)])
42.3451 	DATA 	Keypress: 1
42.3507 	EXP 	text_2afc_response_yes_trial: autoDraw = False
42.3507 	EXP 	text_2afc_response_no_trial: autoDraw = False
42.3507 	EXP 	text_2afc_question_trial: autoDraw = False
42.3507 	EXP 	text_2afc_question_trial: autoDraw = True
42.5848 	EXP 	text_2afc_response_yes_trial: autoDraw = True
42.5848 	EXP 	text_2afc_response_no_trial: autoDraw = True
43.2691 	EXP 	New trial (rep=0, index=29): OrderedDict([('pisch', 'conditions/german/pisch_4_6.wav'), ('fisch', 'conditions/german/fisch_4_6.wav'), ('pake', 'conditions/german/pake_4_6.wav'), ('pike', 'conditions/german/pike_4_6.wav'), ('item_num', 27), ('correct_response', 0)])
43.2784 	DATA 	Keypress: 1
43.2845 	EXP 	text_2afc_response_yes_trial: autoDraw = False
43.2845 	EXP 	text_2afc_response_no_trial: autoDraw = False
43.2845 	EXP 	text_2afc_question_trial: autoDraw = False
43.2845 	EXP 	text_2afc_question_trial: autoDraw = True
43.5175 	EXP 	text_2afc_response_yes_trial: autoDraw = True
43.5175 	EXP 	text_2afc_response_no_trial: autoDraw = True
44.1701 	EXP 	New trial (rep=0, index=30): OrderedDict([('pisch', 'conditions/german/pisch_3_3.wav'), ('fisch', 'conditions/german/fisch_3_3.wav'), ('pake', 'conditions/german/pake_3_3.wav'), ('pike', 'conditions/german/pike_3_3.wav'), ('item_num', 17), ('correct_response', 1)])
44.1808 	DATA 	Keypress: 1
44.1859 	EXP 	text_2afc_response_yes_trial: autoDraw = False
44.1859 	EXP 	text_2afc_response_no_trial: autoDraw = False
44.1859 	EXP 	text_2afc_question_trial: autoDraw = False
44.1859 	EXP 	text_2afc_question_trial: autoDraw = True
44.4192 	EXP 	text_2afc_response_yes_trial: autoDraw = True
44.4192 	EXP 	text_2afc_response_no_trial: autoDraw = True
45.1869 	EXP 	New trial (rep=0, index=31): OrderedDict([('pisch', 'conditions/german/pisch_2_7.wav'), ('fisch', 'conditions/german/fisch_2_7.wav'), ('pake', 'conditions/german/pake_2_7.wav'), ('pike', 'conditions/german/pike_2_7.wav'), ('item_num', 14), ('correct_response', 0)])
45.1959 	DATA 	Keypress: 1
45.2007 	EXP 	text_2afc_response_yes_trial: autoDraw = False
45.2007 	EXP 	text_2afc_response_no_trial: autoDraw = False
45.2007 	EXP 	text_2afc_question_trial: autoDraw = False
45.2007 	EXP 	text_2afc_question_trial: autoDraw = True
45.4352 	EXP 	text_2afc_response_yes_trial: autoDraw = True
45.4352 	EXP 	text_2afc_response_no_trial: autoDraw = True
46.1191 	EXP 	New trial (rep=0, index=32): OrderedDict([('pisch', 'conditions/german/pisch_5_2.wav'), ('fisch', 'conditions/german/fisch_5_2.wav'), ('pake', 'conditions/german/pake_5_2.wav'), ('pike', 'conditions/german/pike_5_2.wav'), ('item_num', 30), ('correct_response', 0)])
46.1284 	DATA 	Keypress: 1
46.1352 	EXP 	text_2afc_response_yes_trial: autoDraw = False
46.1352 	EXP 	text_2afc_response_no_trial: autoDraw = False
46.1352 	EXP 	text_2afc_question_trial: autoDraw = False
46.1352 	EXP 	text_2afc_question_trial: autoDraw = True
46.3686 	EXP 	text_2afc_response_yes_trial: autoDraw = True
46.3686 	EXP 	text_2afc_response_no_trial: autoDraw = True
47.2857 	EXP 	New trial (rep=0, index=33): OrderedDict([('pisch', 'conditions/german/pisch_2_1.wav'), ('fisch', 'conditions/german/fisch_2_1.wav'), ('pake', 'conditions/german/pake_2_1.wav'), ('pike', 'conditions/german/pike_2_1.wav'), ('item_num', 8), ('correct_response', 0)])
47.2945 	DATA 	Keypress: 1
47.3011 	EXP 	text_2afc_response_yes_trial: autoDraw = False
47.3011 	EXP 	text_2afc_response_no_trial: autoDraw = False
47.3011 	EXP 	text_2afc_question_trial: autoDraw = False
47.3011 	EXP 	text_2afc_question_trial: autoDraw = True
47.5346 	EXP 	text_2afc_response_yes_trial: autoDraw = True
47.5346 	EXP 	text_2afc_response_no_trial: autoDraw = True
49.8025 	EXP 	New trial (rep=0, index=34): OrderedDict([('pisch', 'conditions/german/pisch_2_3.wav'), ('fisch', 'conditions/german/fisch_2_3.wav'), ('pake', 'conditions/german/pake_2_3.wav'), ('pike', 'conditions/german/pike_2_3.wav'), ('item_num', 10), ('correct_response', 0)])
49.8115 	DATA 	Keypress: 1
49.8180 	EXP 	text_2afc_response_yes_trial: autoDraw = False
49.8180 	EXP 	text_2afc_response_no_trial: autoDraw = False
49.8180 	EXP 	text_2afc_question_trial: autoDraw = False
49.8180 	EXP 	text_2afc_question_trial: autoDraw = True
50.0521 	EXP 	text_2afc_response_yes_trial: autoDraw = True
50.0521 	EXP 	text_2afc_response_no_trial: autoDraw = True
51.9534 	EXP 	New trial (rep=0, index=35): OrderedDict([('pisch', 'conditions/german/pisch_3_1.wav'), ('fisch', 'conditions/german/fisch_3_1.wav'), ('pake', 'conditions/german/pake_3_1.wav'), ('pike', 'conditions/german/pike_3_1.wav'), ('item_num', 15), ('correct_response', 0)])
51.9629 	DATA 	Keypress: 1
51.9686 	EXP 	text_2afc_response_yes_trial: autoDraw = False
51.9686 	EXP 	text_2afc_response_no_trial: autoDraw = False
51.9686 	EXP 	text_2afc_question_trial: autoDraw = False
51.9686 	EXP 	text_2afc_question_trial: autoDraw = True
52.2017 	EXP 	text_2afc_response_yes_trial: autoDraw = True
52.2017 	EXP 	text_2afc_response_no_trial: autoDraw = True
54.0368 	EXP 	New trial (rep=0, index=36): OrderedDict([('pisch', 'conditions/german/pisch_2_5.wav'), ('fisch', 'conditions/german/fisch_2_5.wav'), ('pake', 'conditions/german/pake_2_5.wav'), ('pike', 'conditions/german/pike_2_5.wav'), ('item_num', 12), ('correct_response', 0)])
54.0458 	DATA 	Keypress: 1
54.0515 	EXP 	text_2afc_response_yes_trial: autoDraw = False
54.0515 	EXP 	text_2afc_response_no_trial: autoDraw = False
54.0515 	EXP 	text_2afc_question_trial: autoDraw = False
54.0515 	EXP 	text_2afc_question_trial: autoDraw = True
54.2857 	EXP 	text_2afc_response_yes_trial: autoDraw = True
54.2857 	EXP 	text_2afc_response_no_trial: autoDraw = True
55.5760 	DATA 	Keypress: 1
55.5859 	EXP 	New trial (rep=0, index=37): OrderedDict([('pisch', 'conditions/german/pisch_5_3.wav'), ('fisch', 'conditions/german/fisch_5_3.wav'), ('pake', 'conditions/german/pake_5_3.wav'), ('pike', 'conditions/german/pike_5_3.wav'), ('item_num', 31), ('correct_response', 0)])
55.6014 	EXP 	text_2afc_response_yes_trial: autoDraw = False
55.6014 	EXP 	text_2afc_response_no_trial: autoDraw = False
55.6014 	EXP 	text_2afc_question_trial: autoDraw = False
55.6014 	EXP 	text_2afc_question_trial: autoDraw = True
55.8357 	EXP 	text_2afc_response_yes_trial: autoDraw = True
55.8357 	EXP 	text_2afc_response_no_trial: autoDraw = True
56.7531 	EXP 	New trial (rep=0, index=38): OrderedDict([('pisch', 'conditions/german/pisch_7_5.wav'), ('fisch', 'conditions/german/fisch_7_5.wav'), ('pake', 'conditions/german/pake_7_5.wav'), ('pike', 'conditions/german/pike_7_5.wav'), ('item_num', 47), ('correct_response', 0)])
56.7625 	DATA 	Keypress: 1
56.7679 	EXP 	text_2afc_response_yes_trial: autoDraw = False
56.7679 	EXP 	text_2afc_response_no_trial: autoDraw = False
56.7679 	EXP 	text_2afc_question_trial: autoDraw = False
56.7679 	EXP 	text_2afc_question_trial: autoDraw = True
57.0016 	EXP 	text_2afc_response_yes_trial: autoDraw = True
57.0016 	EXP 	text_2afc_response_no_trial: autoDraw = True
57.4194 	EXP 	New trial (rep=0, index=39): OrderedDict([('pisch', 'conditions/german/pisch_7_4.wav'), ('fisch', 'conditions/german/fisch_7_4.wav'), ('pake', 'conditions/german/pake_7_4.wav'), ('pike', 'conditions/german/pike_7_4.wav'), ('item_num', 46), ('correct_response', 0)])
57.4276 	DATA 	Keypress: 1
57.4346 	EXP 	text_2afc_response_yes_trial: autoDraw = False
57.4346 	EXP 	text_2afc_response_no_trial: autoDraw = False
57.4346 	EXP 	text_2afc_question_trial: autoDraw = False
57.4346 	EXP 	text_2afc_question_trial: autoDraw = True
57.6687 	EXP 	text_2afc_response_yes_trial: autoDraw = True
57.6687 	EXP 	text_2afc_response_no_trial: autoDraw = True
58.1190 	EXP 	New trial (rep=0, index=40): OrderedDict([('pisch', 'conditions/german/pisch_7_7.wav'), ('fisch', 'conditions/german/fisch_7_7.wav'), ('pake', 'conditions/german/pake_7_7.wav'), ('pike', 'conditions/german/pike_7_7.wav'), ('item_num', 49), ('correct_response', 1)])
58.1277 	DATA 	Keypress: 1
58.1346 	EXP 	text_2afc_response_yes_trial: autoDraw = False
58.1346 	EXP 	text_2afc_response_no_trial: autoDraw = False
58.1346 	EXP 	text_2afc_question_trial: autoDraw = False
58.1346 	EXP 	text_2afc_question_trial: autoDraw = True
58.3676 	EXP 	text_2afc_response_yes_trial: autoDraw = True
58.3676 	EXP 	text_2afc_response_no_trial: autoDraw = True
58.7759 	DATA 	Keypress: 1
58.7867 	EXP 	New trial (rep=0, index=41): OrderedDict([('pisch', 'conditions/german/pisch_3_5.wav'), ('fisch', 'conditions/german/fisch_3_5.wav'), ('pake', 'conditions/german/pake_3_5.wav'), ('pike', 'conditions/german/pike_3_5.wav'), ('item_num', 19), ('correct_response', 0)])
58.8017 	EXP 	text_2afc_response_yes_trial: autoDraw = False
58.8017 	EXP 	text_2afc_response_no_trial: autoDraw = False
58.8017 	EXP 	text_2afc_question_trial: autoDraw = False
58.8017 	EXP 	text_2afc_question_trial: autoDraw = True
59.0355 	EXP 	text_2afc_response_yes_trial: autoDraw = True
59.0355 	EXP 	text_2afc_response_no_trial: autoDraw = True
59.6530 	EXP 	New trial (rep=0, index=42): OrderedDict([('pisch', 'conditions/german/pisch_1_5.wav'), ('fisch', 'conditions/german/fisch_1_5.wav'), ('pake', 'conditions/german/pake_1_5.wav'), ('pike', 'conditions/german/pike_1_5.wav'), ('item_num', 5), ('correct_response', 0)])
59.6613 	DATA 	Keypress: 1
59.6678 	EXP 	text_2afc_response_yes_trial: autoDraw = False
59.6678 	EXP 	text_2afc_response_no_trial: autoDraw = False
59.6678 	EXP 	text_2afc_question_trial: autoDraw = False
59.6678 	EXP 	text_2afc_question_trial: autoDraw = True
59.9009 	EXP 	text_2afc_response_yes_trial: autoDraw = True
59.9009 	EXP 	text_2afc_response_no_trial: autoDraw = True
60.4874 	EXP 	New trial (rep=0, index=43): OrderedDict([('pisch', 'conditions/german/pisch_6_1.wav'), ('fisch', 'conditions/german/fisch_6_1.wav'), ('pake', 'conditions/german/pake_6_1.wav'), ('pike', 'conditions/german/pike_6_1.wav'), ('item_num', 36), ('correct_response', 0)])
60.4969 	DATA 	Keypress: 1
60.5023 	EXP 	text_2afc_response_yes_trial: autoDraw = False
60.5023 	EXP 	text_2afc_response_no_trial: autoDraw = False
60.5023 	EXP 	text_2afc_question_trial: autoDraw = False
60.5023 	EXP 	text_2afc_question_trial: autoDraw = True
60.7350 	EXP 	text_2afc_response_yes_trial: autoDraw = True
60.7350 	EXP 	text_2afc_response_no_trial: autoDraw = True
61.6541 	EXP 	New trial (rep=0, index=44): OrderedDict([('pisch', 'conditions/german/pisch_5_5.wav'), ('fisch', 'conditions/german/fisch_5_5.wav'), ('pake', 'conditions/german/pake_5_5.wav'), ('pike', 'conditions/german/pike_5_5.wav'), ('item_num', 33), ('correct_response', 1)])
61.6628 	DATA 	Keypress: 1
61.6686 	EXP 	text_2afc_response_yes_trial: autoDraw = False
61.6686 	EXP 	text_2afc_response_no_trial: autoDraw = False
61.6686 	EXP 	text_2afc_question_trial: autoDraw = False
61.6686 	EXP 	text_2afc_question_trial: autoDraw = True
61.9025 	EXP 	text_2afc_response_yes_trial: autoDraw = True
61.9025 	EXP 	text_2afc_response_no_trial: autoDraw = True
62.8524 	EXP 	New trial (rep=0, index=45): OrderedDict([('pisch', 'conditions/german/pisch_3_6.wav'), ('fisch', 'conditions/german/fisch_3_6.wav'), ('pake', 'conditions/german/pake_3_6.wav'), ('pike', 'conditions/german/pike_3_6.wav'), ('item_num', 20), ('correct_response', 0)])
62.8609 	DATA 	Keypress: 1
62.8682 	EXP 	text_2afc_response_yes_trial: autoDraw = False
62.8682 	EXP 	text_2afc_response_no_trial: autoDraw = False
62.8682 	EXP 	text_2afc_question_trial: autoDraw = False
62.8682 	EXP 	text_2afc_question_trial: autoDraw = True
63.1021 	EXP 	text_2afc_response_yes_trial: autoDraw = True
63.1021 	EXP 	text_2afc_response_no_trial: autoDraw = True
63.8362 	EXP 	New trial (rep=0, index=46): OrderedDict([('pisch', 'conditions/german/pisch_1_6.wav'), ('fisch', 'conditions/german/fisch_1_6.wav'), ('pake', 'conditions/german/pake_1_6.wav'), ('pike', 'conditions/german/pike_1_6.wav'), ('item_num', 6), ('correct_response', 0)])
63.8458 	DATA 	Keypress: 1
63.8520 	EXP 	text_2afc_response_yes_trial: autoDraw = False
63.8520 	EXP 	text_2afc_response_no_trial: autoDraw = False
63.8520 	EXP 	text_2afc_question_trial: autoDraw = False
63.8520 	EXP 	text_2afc_question_trial: autoDraw = True
64.0861 	EXP 	text_2afc_response_yes_trial: autoDraw = True
64.0861 	EXP 	text_2afc_response_no_trial: autoDraw = True
64.7353 	EXP 	New trial (rep=0, index=47): OrderedDict([('pisch', 'conditions/german/pisch_4_1.wav'), ('fisch', 'conditions/german/fisch_4_1.wav'), ('pake', 'conditions/german/pake_4_1.wav'), ('pike', 'conditions/german/pike_4_1.wav'), ('item_num', 22), ('correct_response', 0)])
64.7453 	DATA 	Keypress: 1
64.7517 	EXP 	text_2afc_response_yes_trial: autoDraw = False
64.7517 	EXP 	text_2afc_response_no_trial: autoDraw = False
64.7517 	EXP 	text_2afc_question_trial: autoDraw = False
64.7517 	EXP 	text_2afc_question_trial: autoDraw = True
64.9860 	EXP 	text_2afc_response_yes_trial: autoDraw = True
64.9860 	EXP 	text_2afc_response_no_trial: autoDraw = True
65.6029 	EXP 	New trial (rep=0, index=48): OrderedDict([('pisch', 'conditions/german/pisch_4_4.wav'), ('fisch', 'conditions/german/fisch_4_4.wav'), ('pake', 'conditions/german/pake_4_4.wav'), ('pike', 'conditions/german/pike_4_4.wav'), ('item_num', 25), ('correct_response', 1)])
65.6120 	DATA 	Keypress: 1
65.6181 	EXP 	text_2afc_response_yes_trial: autoDraw = False
65.6181 	EXP 	text_2afc_response_no_trial: autoDraw = False
65.6181 	EXP 	text_2afc_question_trial: autoDraw = False
65.6181 	EXP 	text_2afc_question_trial: autoDraw = True
65.8527 	EXP 	text_2afc_response_yes_trial: autoDraw = True
65.8527 	EXP 	text_2afc_response_no_trial: autoDraw = True
68.3925 	DEBUG 	Read csv file with pandas: conditions/conditions_french.csv
68.3934 	DEBUG 	Clearing unnamed columns from conditions/conditions_french.csv
68.3954 	EXP 	Imported conditions/conditions_french.csv as conditions, 49 conditions, 6 params
68.3958 	EXP 	Created sequence: random, trialTypes=49, nReps=1, seed=None
68.3960 	EXP 	New trial (rep=0, index=0): OrderedDict([('fat', 'conditions/french/fat_1_7.wav'), ('fit', 'conditions/french/fit_1_7.wav'), ('pat', 'conditions/french/pat_1_7.wav'), ('pic', 'conditions/french/pic_1_7.wav'), ('item_num', 7), ('correct_response', 0)])
68.4023 	DATA 	Keypress: 1
68.4062 	EXP 	text_2afc_response_yes_trial: autoDraw = False
68.4062 	EXP 	text_2afc_response_no_trial: autoDraw = False
68.4062 	EXP 	text_2afc_question_trial: autoDraw = False
68.4062 	EXP 	text_2afc_question_trial_2: autoDraw = True
68.6524 	EXP 	text_2afc_response_yes_trial_2: autoDraw = True
68.6524 	EXP 	text_2afc_response_no_trial_2: autoDraw = True
70.3878 	EXP 	New trial (rep=0, index=1): OrderedDict([('fat', 'conditions/french/fat_6_1.wav'), ('fit', 'conditions/french/fit_6_1.wav'), ('pat', 'conditions/french/pat_6_1.wav'), ('pic', 'conditions/french/pic_6_1.wav'), ('item_num', 36), ('correct_response', 0)])
70.3949 	DATA 	Keypress: 1
70.4017 	EXP 	text_2afc_response_yes_trial_2: autoDraw = False
70.4017 	EXP 	text_2afc_response_no_trial_2: autoDraw = False
70.4017 	EXP 	text_2afc_question_trial_2: autoDraw = False
70.4017 	EXP 	text_2afc_question_trial_2: autoDraw = True
70.6358 	EXP 	text_2afc_response_yes_trial_2: autoDraw = True
70.6358 	EXP 	text_2afc_response_no_trial_2: autoDraw = True
71.4872 	EXP 	New trial (rep=0, index=2): OrderedDict([('fat', 'conditions/french/fat_1_2.wav'), ('fit', 'conditions/french/fit_1_2.wav'), ('pat', 'conditions/french/pat_1_2.wav'), ('pic', 'conditions/french/pic_1_2.wav'), ('item_num', 2), ('correct_response', 0)])
71.4942 	DATA 	Keypress: 1
71.5016 	EXP 	text_2afc_response_yes_trial_2: autoDraw = False
71.5016 	EXP 	text_2afc_response_no_trial_2: autoDraw = False
71.5016 	EXP 	text_2afc_question_trial_2: autoDraw = False
71.5016 	EXP 	text_2afc_question_trial_2: autoDraw = True
71.7353 	EXP 	text_2afc_response_yes_trial_2: autoDraw = True
71.7353 	EXP 	text_2afc_response_no_trial_2: autoDraw = True
72.5033 	EXP 	New trial (rep=0, index=3): OrderedDict([('fat', 'conditions/french/fat_7_4.wav'), ('fit', 'conditions/french/fit_7_4.wav'), ('pat', 'conditions/french/pat_7_4.wav'), ('pic', 'conditions/french/pic_7_4.wav'), ('item_num', 46), ('correct_response', 0)])
72.5112 	DATA 	Keypress: 1
72.5179 	EXP 	text_2afc_response_yes_trial_2: autoDraw = False
72.5179 	EXP 	text_2afc_response_no_trial_2: autoDraw = False
72.5179 	EXP 	text_2afc_question_trial_2: autoDraw = False
72.5179 	EXP 	text_2afc_question_trial_2: autoDraw = True
72.7511 	EXP 	text_2afc_response_yes_trial_2: autoDraw = True
72.7511 	EXP 	text_2afc_response_no_trial_2: autoDraw = True
73.4869 	EXP 	New trial (rep=0, index=4): OrderedDict([('fat', 'conditions/french/fat_1_6.wav'), ('fit', 'conditions/french/fit_1_6.wav'), ('pat', 'conditions/french/pat_1_6.wav'), ('pic', 'conditions/french/pic_1_6.wav'), ('item_num', 6), ('correct_response', 0)])
73.4947 	DATA 	Keypress: 1
73.5023 	EXP 	text_2afc_response_yes_trial_2: autoDraw = False
73.5023 	EXP 	text_2afc_response_no_trial_2: autoDraw = False
73.5023 	EXP 	text_2afc_question_trial_2: autoDraw = False
73.5023 	EXP 	text_2afc_question_trial_2: autoDraw = True
73.7354 	EXP 	text_2afc_response_yes_trial_2: autoDraw = True
73.7354 	EXP 	text_2afc_response_no_trial_2: autoDraw = True
74.5198 	EXP 	New trial (rep=0, index=5): OrderedDict([('fat', 'conditions/french/fat_7_2.wav'), ('fit', 'conditions/french/fit_7_2.wav'), ('pat', 'conditions/french/pat_7_2.wav'), ('pic', 'conditions/french/pic_7_2.wav'), ('item_num', 44), ('correct_response', 0)])
74.5265 	DATA 	Keypress: 1
74.5353 	EXP 	text_2afc_response_yes_trial_2: autoDraw = False
74.5353 	EXP 	text_2afc_response_no_trial_2: autoDraw = False
74.5353 	EXP 	text_2afc_question_trial_2: autoDraw = False
74.5353 	EXP 	text_2afc_question_trial_2: autoDraw = True
74.7695 	EXP 	text_2afc_response_yes_trial_2: autoDraw = True
74.7695 	EXP 	text_2afc_response_no_trial_2: autoDraw = True
75.7545 	EXP 	New trial (rep=0, index=6): OrderedDict([('fat', 'conditions/french/fat_4_6.wav'), ('fit', 'conditions/french/fit_4_6.wav'), ('pat', 'conditions/french/pat_4_6.wav'), ('pic', 'conditions/french/pic_4_6.wav'), ('item_num', 27), ('correct_response', 0)])
75.7625 	DATA 	Keypress: 1
75.7680 	EXP 	text_2afc_response_yes_trial_2: autoDraw = False
75.7680 	EXP 	text_2afc_response_no_trial_2: autoDraw = False
75.7680 	EXP 	text_2afc_question_trial_2: autoDraw = False
75.7680 	EXP 	text_2afc_question_trial_2: autoDraw = True
76.0022 	EXP 	text_2afc_response_yes_trial_2: autoDraw = True
76.0022 	EXP 	text_2afc_response_no_trial_2: autoDraw = True
76.7704 	EXP 	New trial (rep=0, index=7): OrderedDict([('fat', 'conditions/french/fat_7_3.wav'), ('fit', 'conditions/french/fit_7_3.wav'), ('pat', 'conditions/french/pat_7_3.wav'), ('pic', 'conditions/french/pic_7_3.wav'), ('item_num', 45), ('correct_response', 0)])
76.7773 	DATA 	Keypress: 1
76.7856 	EXP 	text_2afc_response_yes_trial_2: autoDraw = False
76.7856 	EXP 	text_2afc_response_no_trial_2: autoDraw = False
76.7856 	EXP 	text_2afc_question_trial_2: autoDraw = False
76.7856 	EXP 	text_2afc_question_trial_2: autoDraw = True
77.0192 	EXP 	text_2afc_response_yes_trial_2: autoDraw = True
77.0192 	EXP 	text_2afc_response_no_trial_2: autoDraw = True
77.9532 	EXP 	New trial (rep=0, index=8): OrderedDict([('fat', 'conditions/french/fat_7_7.wav'), ('fit', 'conditions/french/fit_7_7.wav'), ('pat', 'conditions/french/pat_7_7.wav'), ('pic', 'conditions/french/pic_7_7.wav'), ('item_num', 49), ('correct_response', 1)])
77.9605 	DATA 	Keypress: 1
77.9688 	EXP 	text_2afc_response_yes_trial_2: autoDraw = False
77.9688 	EXP 	text_2afc_response_no_trial_2: autoDraw = False
77.9688 	EXP 	text_2afc_question_trial_2: autoDraw = False
77.9688 	EXP 	text_2afc_question_trial_2: autoDraw = True
78.2021 	EXP 	text_2afc_response_yes_trial_2: autoDraw = True
78.2021 	EXP 	text_2afc_response_no_trial_2: autoDraw = True
78.9037 	EXP 	New trial (rep=0, index=9): OrderedDict([('fat', 'conditions/french/fat_4_4.wav'), ('fit', 'conditions/french/fit_4_4.wav'), ('pat', 'conditions/french/pat_4_4.wav'), ('pic', 'conditions/french/pic_4_4.wav'), ('item_num', 25), ('correct_response', 1)])
78.9112 	DATA 	Keypress: 1
78.9187 	EXP 	text_2afc_response_yes_trial_2: autoDraw = False
78.9187 	EXP 	text_2afc_response_no_trial_2: autoDraw = False
78.9187 	EXP 	text_2afc_question_trial_2: autoDraw = False
78.9187 	EXP 	text_2afc_question_trial_2: autoDraw = True
79.1528 	EXP 	text_2afc_response_yes_trial_2: autoDraw = True
79.1528 	EXP 	text_2afc_response_no_trial_2: autoDraw = True
79.8871 	EXP 	New trial (rep=0, index=10): OrderedDict([('fat', 'conditions/french/fat_1_3.wav'), ('fit', 'conditions/french/fit_1_3.wav'), ('pat', 'conditions/french/pat_1_3.wav'), ('pic', 'conditions/french/pic_1_3.wav'), ('item_num', 3), ('correct_response', 0)])
79.8951 	DATA 	Keypress: 1
79.9019 	EXP 	text_2afc_response_yes_trial_2: autoDraw = False
79.9019 	EXP 	text_2afc_response_no_trial_2: autoDraw = False
79.9019 	EXP 	text_2afc_question_trial_2: autoDraw = False
79.9019 	EXP 	text_2afc_question_trial_2: autoDraw = True
80.1345 	EXP 	text_2afc_response_yes_trial_2: autoDraw = True
80.1345 	EXP 	text_2afc_response_no_trial_2: autoDraw = True
80.7691 	EXP 	New trial (rep=0, index=11): OrderedDict([('fat', 'conditions/french/fat_3_5.wav'), ('fit', 'conditions/french/fit_3_5.wav'), ('pat', 'conditions/french/pat_3_5.wav'), ('pic', 'conditions/french/pic_3_5.wav'), ('item_num', 19), ('correct_response', 0)])
80.7770 	DATA 	Keypress: 1
80.7861 	EXP 	text_2afc_response_yes_trial_2: autoDraw = False
80.7861 	EXP 	text_2afc_response_no_trial_2: autoDraw = False
80.7861 	EXP 	text_2afc_question_trial_2: autoDraw = False
80.7861 	EXP 	text_2afc_question_trial_2: autoDraw = True
81.0195 	EXP 	text_2afc_response_yes_trial_2: autoDraw = True
81.0195 	EXP 	text_2afc_response_no_trial_2: autoDraw = True
81.3426 	DATA 	Keypress: escape
81.6003 	EXP 	window1: mouseVisible = True
81.6004 	DEBUG 	Saving data for empathy_intonation_perc ExperimentHandler
81.6048 	INFO 	saved data to /Users/kyleparrish/Documents/exp/data/_empathy_intonation_perc_2022_Mar_23_1506.psydat
81.6132 	INFO 	saved data to '/Users/kyleparrish/Documents/exp/data/_empathy_intonation_perc_2022_Mar_23_1506.csv'
