0.7980 	WARNING 	We strongly recommend you activate the PTB sound engine in PsychoPy prefs as the preferred audio engine. Its timing is vastly superior. Your prefs are currently set to use ['sounddevice', 'PTB', 'pyo', 'pygame'] (in that order).
6.6405 	INFO 	Loaded monitor calibration from ['2021_05_25 17:40']
6.6563 	WARNING 	User requested fullscreen with size [1920 1200], but screen is actually [1440, 900]. Using actual size
7.2836 	EXP 	Created window1 = Window(allowGUI=False, allowStencil=False, autoLog=True, backendConf=UNKNOWN, bitsMode=UNKNOWN, blendMode='avg', bpc=(8, 8, 8), color=array([0, 0, 0]), colorSpace='rgb', depthBits=8, fullscr=<method-wrapper '__getattribute__' of attributeSetter object at 0x7fa27d4e5b00>, gamma=None, gammaErrorPolicy='raise', lms=UNKNOWN, monitor=<psychopy.monitors.calibTools.Monitor object at 0x7fa27c4d9940>, multiSample=False, name='window1', numSamples=2, pos=[360.0, 225.0], screen=0, size=array([2880, 1800]), stencilBits=0, stereo=False, units='height', useFBO=True, useRetina=True, viewOri=0.0, viewPos=None, viewScale=None, waitBlanking=True, winType='pyglet')
7.2838 	EXP 	window1: mouseVisible = True
7.2838 	EXP 	window1: recordFrameIntervals = False
7.4497 	EXP 	window1: recordFrameIntervals = True
7.6332 	DEBUG 	Screen (0) actual frame rate measured at 59.77
7.6332 	EXP 	window1: recordFrameIntervals = False
8.6322 	INFO 	keyboard.Keyboard is using ptb backend.
8.6896 	EXP 	Created text_2afc_check = TextStim(__class__=<class 'psychopy.visual.text.TextStim'>, alignHoriz=method-wrapper(...), alignText='center', alignVert=method-wrapper(...), anchorHoriz='center', anchorVert='center', antialias=True, autoLog=True, bold=False, color=array([1., 1., 1.]), colorSpace='rgb', contrast=1.0, depth=0.0, flipHoriz=False, flipVert=False, font='Arial', fontFiles=[], height=0.05, italic=False, languageStyle='LTR', name='text_2afc_check', opacity=1, ori=0, pos=array([0., 0.]), rgb=UNKNOWN, text=str(...), units='height', win=Window(...), wrapWidth=1)
8.9158 	INFO 	keyboard.Keyboard is using ptb backend.
8.9439 	EXP 	Sound sound_2afc_stim_trial set volume 1.000
8.9479 	EXP 	Created text_2afc_response_yes_trial = TextStim(__class__=<class 'psychopy.visual.text.TextStim'>, alignHoriz=method-wrapper(...), alignText='center', alignVert=method-wrapper(...), anchorHoriz='center', anchorVert='center', antialias=True, autoLog=True, bold=False, color=array([1., 1., 1.]), colorSpace='rgb', contrast=1.0, depth=-2.0, flipHoriz=False, flipVert=False, font='Arial', fontFiles=[], height=0.1, italic=False, languageStyle='LTR', name='text_2afc_response_yes_trial', opacity=1, ori=0, pos=array([-0.3,  0. ]), rgb=UNKNOWN, text='Yes', units='height', win=Window(...), wrapWidth=1)
8.9506 	EXP 	Created text_2afc_response_no_trial = TextStim(__class__=<class 'psychopy.visual.text.TextStim'>, alignHoriz=method-wrapper(...), alignText='center', alignVert=method-wrapper(...), anchorHoriz='center', anchorVert='center', antialias=True, autoLog=True, bold=False, color=array([1., 1., 1.]), colorSpace='rgb', contrast=1.0, depth=-3.0, flipHoriz=False, flipVert=False, font='Arial', fontFiles=[], height=0.1, italic=False, languageStyle='LTR', name='text_2afc_response_no_trial', opacity=1, ori=0, pos=array([0.3, 0. ]), rgb=UNKNOWN, text='No', units='height', win=Window(...), wrapWidth=1)
9.1772 	INFO 	keyboard.Keyboard is using ptb backend.
9.1827 	EXP 	Created text_2afc_question_trial = TextStim(__class__=<class 'psychopy.visual.text.TextStim'>, alignHoriz=method-wrapper(...), alignText='center', alignVert=method-wrapper(...), anchorHoriz='center', anchorVert='center', antialias=True, autoLog=True, bold=False, color=array([-1., -1.,  1.]), colorSpace='rgb', contrast=1.0, depth=-5.0, flipHoriz=False, flipVert=False, font='Arial', fontFiles=[], height=0.1, italic=False, languageStyle='LTR', name='text_2afc_question_trial', opacity=1, ori=0, pos=array([0. , 0.3]), rgb=UNKNOWN, text='Is this a question?', units='height', win=Window(...), wrapWidth=1)
9.4056 	INFO 	keyboard.Keyboard is using ptb backend.
9.4175 	EXP 	Created text = TextStim(__class__=<class 'psychopy.visual.text.TextStim'>, alignHoriz=method-wrapper(...), alignText='center', alignVert=method-wrapper(...), anchorHoriz='center', anchorVert='center', antialias=True, autoLog=True, bold=False, color=array([1., 1., 1.]), colorSpace='rgb', contrast=1.0, depth=-1.0, flipHoriz=False, flipVert=False, font='Open Sans', fontFiles=[], height=0.1, italic=False, languageStyle='LTR', name='text', opacity=1, ori=0.0, pos=array([0., 0.]), rgb=UNKNOWN, text='‘Space’ to continue', units='height', win=Window(...), wrapWidth=1)
9.4175 	EXP 	Sound sound_2afc_stim_trial_2 set volume 1.000
9.4195 	EXP 	Created text_2afc_response_yes_trial_2 = TextStim(__class__=<class 'psychopy.visual.text.TextStim'>, alignHoriz=method-wrapper(...), alignText='center', alignVert=method-wrapper(...), anchorHoriz='center', anchorVert='center', antialias=True, autoLog=True, bold=False, color=array([1., 1., 1.]), colorSpace='rgb', contrast=1.0, depth=-2.0, flipHoriz=False, flipVert=False, font='Arial', fontFiles=[], height=0.1, italic=False, languageStyle='LTR', name='text_2afc_response_yes_trial_2', opacity=1, ori=0, pos=array([-0.3,  0. ]), rgb=UNKNOWN, text='Yes', units='height', win=Window(...), wrapWidth=1)
9.4212 	EXP 	Created text_2afc_response_no_trial_2 = TextStim(__class__=<class 'psychopy.visual.text.TextStim'>, alignHoriz=method-wrapper(...), alignText='center', alignVert=method-wrapper(...), anchorHoriz='center', anchorVert='center', antialias=True, autoLog=True, bold=False, color=array([1., 1., 1.]), colorSpace='rgb', contrast=1.0, depth=-3.0, flipHoriz=False, flipVert=False, font='Arial', fontFiles=[], height=0.1, italic=False, languageStyle='LTR', name='text_2afc_response_no_trial_2', opacity=1, ori=0, pos=array([0.3, 0. ]), rgb=UNKNOWN, text='No', units='height', win=Window(...), wrapWidth=1)
9.6441 	INFO 	keyboard.Keyboard is using ptb backend.
9.6475 	EXP 	Created text_2afc_question_trial_2 = TextStim(__class__=<class 'psychopy.visual.text.TextStim'>, alignHoriz=method-wrapper(...), alignText='center', alignVert=method-wrapper(...), anchorHoriz='center', anchorVert='center', antialias=True, autoLog=True, bold=False, color=array([-1., -1.,  1.]), colorSpace='rgb', contrast=1.0, depth=-5.0, flipHoriz=False, flipVert=False, font='Arial', fontFiles=[], height=0.1, italic=False, languageStyle='LTR', name='text_2afc_question_trial_2', opacity=1, ori=0, pos=array([0. , 0.3]), rgb=UNKNOWN, text='Is this a question?', units='height', win=Window(...), wrapWidth=1)
9.6652 	EXP 	text_2afc_check: autoDraw = True
10.9326 	DEBUG 	Read csv file with pandas: conditions/conditions_german.csv
10.9391 	DEBUG 	Clearing unnamed columns from conditions/conditions_german.csv
10.9440 	EXP 	Imported conditions/conditions_german.csv as conditions, 49 conditions, 6 params
10.9467 	EXP 	Created sequence: random, trialTypes=49, nReps=1, seed=None
10.9471 	EXP 	New trial (rep=0, index=0): OrderedDict([('pisch', 'conditions/german/pisch_6_3.wav'), ('fisch', 'conditions/german/fisch_6_3.wav'), ('pake', 'conditions/german/pake_6_3.wav'), ('pike', 'conditions/german/pike_6_3.wav'), ('item_num', 38), ('correct_response', 0)])
10.9639 	DATA 	Keypress: space
10.9687 	EXP 	text_2afc_check: autoDraw = False
10.9687 	EXP 	text_2afc_question_trial: autoDraw = True
11.1988 	EXP 	text_2afc_response_yes_trial: autoDraw = True
11.1988 	EXP 	text_2afc_response_no_trial: autoDraw = True
16.3854 	EXP 	New trial (rep=0, index=1): OrderedDict([('pisch', 'conditions/german/pisch_3_1.wav'), ('fisch', 'conditions/german/fisch_3_1.wav'), ('pake', 'conditions/german/pake_3_1.wav'), ('pike', 'conditions/german/pike_3_1.wav'), ('item_num', 15), ('correct_response', 0)])
16.3945 	DATA 	Keypress: 0
16.3997 	EXP 	text_2afc_response_yes_trial: autoDraw = False
16.3997 	EXP 	text_2afc_response_no_trial: autoDraw = False
16.3997 	EXP 	text_2afc_question_trial: autoDraw = False
16.3997 	EXP 	text_2afc_question_trial: autoDraw = True
16.6338 	EXP 	text_2afc_response_yes_trial: autoDraw = True
16.6338 	EXP 	text_2afc_response_no_trial: autoDraw = True
18.8673 	EXP 	New trial (rep=0, index=2): OrderedDict([('pisch', 'conditions/german/pisch_5_1.wav'), ('fisch', 'conditions/german/fisch_5_1.wav'), ('pake', 'conditions/german/pake_5_1.wav'), ('pike', 'conditions/german/pike_5_1.wav'), ('item_num', 29), ('correct_response', 0)])
18.8827 	DATA 	Keypress: 0
18.8866 	EXP 	text_2afc_response_yes_trial: autoDraw = False
18.8866 	EXP 	text_2afc_response_no_trial: autoDraw = False
18.8866 	EXP 	text_2afc_question_trial: autoDraw = False
18.8866 	EXP 	text_2afc_question_trial: autoDraw = True
19.1163 	EXP 	text_2afc_response_yes_trial: autoDraw = True
19.1163 	EXP 	text_2afc_response_no_trial: autoDraw = True
23.7169 	EXP 	New trial (rep=0, index=3): OrderedDict([('pisch', 'conditions/german/pisch_1_1.wav'), ('fisch', 'conditions/german/fisch_1_1.wav'), ('pake', 'conditions/german/pake_1_1.wav'), ('pike', 'conditions/german/pike_1_1.wav'), ('item_num', 1), ('correct_response', 1)])
23.7261 	DATA 	Keypress: 0
23.7324 	EXP 	text_2afc_response_yes_trial: autoDraw = False
23.7324 	EXP 	text_2afc_response_no_trial: autoDraw = False
23.7324 	EXP 	text_2afc_question_trial: autoDraw = False
23.7324 	EXP 	text_2afc_question_trial: autoDraw = True
23.9660 	EXP 	text_2afc_response_yes_trial: autoDraw = True
23.9660 	EXP 	text_2afc_response_no_trial: autoDraw = True
27.3002 	EXP 	New trial (rep=0, index=4): OrderedDict([('pisch', 'conditions/german/pisch_2_2.wav'), ('fisch', 'conditions/german/fisch_2_2.wav'), ('pake', 'conditions/german/pake_2_2.wav'), ('pike', 'conditions/german/pike_2_2.wav'), ('item_num', 9), ('correct_response', 1)])
27.3107 	DATA 	Keypress: 1
27.3165 	EXP 	text_2afc_response_yes_trial: autoDraw = False
27.3165 	EXP 	text_2afc_response_no_trial: autoDraw = False
27.3165 	EXP 	text_2afc_question_trial: autoDraw = False
27.3165 	EXP 	text_2afc_question_trial: autoDraw = True
27.5506 	EXP 	text_2afc_response_yes_trial: autoDraw = True
27.5506 	EXP 	text_2afc_response_no_trial: autoDraw = True
30.0510 	EXP 	New trial (rep=0, index=5): OrderedDict([('pisch', 'conditions/german/pisch_6_7.wav'), ('fisch', 'conditions/german/fisch_6_7.wav'), ('pake', 'conditions/german/pake_6_7.wav'), ('pike', 'conditions/german/pike_6_7.wav'), ('item_num', 42), ('correct_response', 0)])
30.0605 	DATA 	Keypress: 1
30.0660 	EXP 	text_2afc_response_yes_trial: autoDraw = False
30.0660 	EXP 	text_2afc_response_no_trial: autoDraw = False
30.0660 	EXP 	text_2afc_question_trial: autoDraw = False
30.0660 	EXP 	text_2afc_question_trial: autoDraw = True
30.3002 	EXP 	text_2afc_response_yes_trial: autoDraw = True
30.3002 	EXP 	text_2afc_response_no_trial: autoDraw = True
33.2671 	EXP 	New trial (rep=0, index=6): OrderedDict([('pisch', 'conditions/german/pisch_6_2.wav'), ('fisch', 'conditions/german/fisch_6_2.wav'), ('pake', 'conditions/german/pake_6_2.wav'), ('pike', 'conditions/german/pike_6_2.wav'), ('item_num', 37), ('correct_response', 0)])
33.2775 	DATA 	Keypress: 1
33.2823 	EXP 	text_2afc_response_yes_trial: autoDraw = False
33.2823 	EXP 	text_2afc_response_no_trial: autoDraw = False
33.2823 	EXP 	text_2afc_question_trial: autoDraw = False
33.2823 	EXP 	text_2afc_question_trial: autoDraw = True
33.5173 	EXP 	text_2afc_response_yes_trial: autoDraw = True
33.5173 	EXP 	text_2afc_response_no_trial: autoDraw = True
36.8849 	EXP 	New trial (rep=0, index=7): OrderedDict([('pisch', 'conditions/german/pisch_6_6.wav'), ('fisch', 'conditions/german/fisch_6_6.wav'), ('pake', 'conditions/german/pake_6_6.wav'), ('pike', 'conditions/german/pike_6_6.wav'), ('item_num', 41), ('correct_response', 1)])
36.8946 	DATA 	Keypress: 1
36.8994 	EXP 	text_2afc_response_yes_trial: autoDraw = False
36.8994 	EXP 	text_2afc_response_no_trial: autoDraw = False
36.8994 	EXP 	text_2afc_question_trial: autoDraw = False
36.8994 	EXP 	text_2afc_question_trial: autoDraw = True
37.1330 	EXP 	text_2afc_response_yes_trial: autoDraw = True
37.1330 	EXP 	text_2afc_response_no_trial: autoDraw = True
39.7682 	EXP 	New trial (rep=0, index=8): OrderedDict([('pisch', 'conditions/german/pisch_4_4.wav'), ('fisch', 'conditions/german/fisch_4_4.wav'), ('pake', 'conditions/german/pake_4_4.wav'), ('pike', 'conditions/german/pike_4_4.wav'), ('item_num', 25), ('correct_response', 1)])
39.7778 	DATA 	Keypress: 1
39.7831 	EXP 	text_2afc_response_yes_trial: autoDraw = False
39.7831 	EXP 	text_2afc_response_no_trial: autoDraw = False
39.7831 	EXP 	text_2afc_question_trial: autoDraw = False
39.7831 	EXP 	text_2afc_question_trial: autoDraw = True
40.0162 	EXP 	text_2afc_response_yes_trial: autoDraw = True
40.0162 	EXP 	text_2afc_response_no_trial: autoDraw = True
43.2517 	EXP 	New trial (rep=0, index=9): OrderedDict([('pisch', 'conditions/german/pisch_5_6.wav'), ('fisch', 'conditions/german/fisch_5_6.wav'), ('pake', 'conditions/german/pake_5_6.wav'), ('pike', 'conditions/german/pike_5_6.wav'), ('item_num', 34), ('correct_response', 0)])
43.2621 	DATA 	Keypress: 0
43.2672 	EXP 	text_2afc_response_yes_trial: autoDraw = False
43.2672 	EXP 	text_2afc_response_no_trial: autoDraw = False
43.2672 	EXP 	text_2afc_question_trial: autoDraw = False
43.2672 	EXP 	text_2afc_question_trial: autoDraw = True
43.4991 	EXP 	text_2afc_response_yes_trial: autoDraw = True
43.4991 	EXP 	text_2afc_response_no_trial: autoDraw = True
46.4855 	EXP 	New trial (rep=0, index=10): OrderedDict([('pisch', 'conditions/german/pisch_7_4.wav'), ('fisch', 'conditions/german/fisch_7_4.wav'), ('pake', 'conditions/german/pake_7_4.wav'), ('pike', 'conditions/german/pike_7_4.wav'), ('item_num', 46), ('correct_response', 0)])
46.4954 	DATA 	Keypress: 1
46.5000 	EXP 	text_2afc_response_yes_trial: autoDraw = False
46.5000 	EXP 	text_2afc_response_no_trial: autoDraw = False
46.5000 	EXP 	text_2afc_question_trial: autoDraw = False
46.5000 	EXP 	text_2afc_question_trial: autoDraw = True
46.7332 	EXP 	text_2afc_response_yes_trial: autoDraw = True
46.7332 	EXP 	text_2afc_response_no_trial: autoDraw = True
49.2519 	EXP 	New trial (rep=0, index=11): OrderedDict([('pisch', 'conditions/german/pisch_3_2.wav'), ('fisch', 'conditions/german/fisch_3_2.wav'), ('pake', 'conditions/german/pake_3_2.wav'), ('pike', 'conditions/german/pike_3_2.wav'), ('item_num', 16), ('correct_response', 0)])
49.2612 	DATA 	Keypress: 0
49.2667 	EXP 	text_2afc_response_yes_trial: autoDraw = False
49.2667 	EXP 	text_2afc_response_no_trial: autoDraw = False
49.2667 	EXP 	text_2afc_question_trial: autoDraw = False
49.2667 	EXP 	text_2afc_question_trial: autoDraw = True
49.5006 	EXP 	text_2afc_response_yes_trial: autoDraw = True
49.5006 	EXP 	text_2afc_response_no_trial: autoDraw = True
52.1519 	EXP 	New trial (rep=0, index=12): OrderedDict([('pisch', 'conditions/german/pisch_4_6.wav'), ('fisch', 'conditions/german/fisch_4_6.wav'), ('pake', 'conditions/german/pake_4_6.wav'), ('pike', 'conditions/german/pike_4_6.wav'), ('item_num', 27), ('correct_response', 0)])
52.1619 	DATA 	Keypress: 1
52.1664 	EXP 	text_2afc_response_yes_trial: autoDraw = False
52.1664 	EXP 	text_2afc_response_no_trial: autoDraw = False
52.1664 	EXP 	text_2afc_question_trial: autoDraw = False
52.1664 	EXP 	text_2afc_question_trial: autoDraw = True
52.3997 	EXP 	text_2afc_response_yes_trial: autoDraw = True
52.3997 	EXP 	text_2afc_response_no_trial: autoDraw = True
54.7334 	EXP 	New trial (rep=0, index=13): OrderedDict([('pisch', 'conditions/german/pisch_6_4.wav'), ('fisch', 'conditions/german/fisch_6_4.wav'), ('pake', 'conditions/german/pake_6_4.wav'), ('pike', 'conditions/german/pike_6_4.wav'), ('item_num', 39), ('correct_response', 0)])
54.7421 	DATA 	Keypress: 0
54.7497 	EXP 	text_2afc_response_yes_trial: autoDraw = False
54.7497 	EXP 	text_2afc_response_no_trial: autoDraw = False
54.7497 	EXP 	text_2afc_question_trial: autoDraw = False
54.7497 	EXP 	text_2afc_question_trial: autoDraw = True
54.9841 	EXP 	text_2afc_response_yes_trial: autoDraw = True
54.9841 	EXP 	text_2afc_response_no_trial: autoDraw = True
57.6512 	EXP 	New trial (rep=0, index=14): OrderedDict([('pisch', 'conditions/german/pisch_7_5.wav'), ('fisch', 'conditions/german/fisch_7_5.wav'), ('pake', 'conditions/german/pake_7_5.wav'), ('pike', 'conditions/german/pike_7_5.wav'), ('item_num', 47), ('correct_response', 0)])
57.6600 	DATA 	Keypress: 0
57.6657 	EXP 	text_2afc_response_yes_trial: autoDraw = False
57.6657 	EXP 	text_2afc_response_no_trial: autoDraw = False
57.6657 	EXP 	text_2afc_question_trial: autoDraw = False
57.6657 	EXP 	text_2afc_question_trial: autoDraw = True
57.9007 	EXP 	text_2afc_response_yes_trial: autoDraw = True
57.9007 	EXP 	text_2afc_response_no_trial: autoDraw = True
60.8010 	EXP 	New trial (rep=0, index=15): OrderedDict([('pisch', 'conditions/german/pisch_3_6.wav'), ('fisch', 'conditions/german/fisch_3_6.wav'), ('pake', 'conditions/german/pake_3_6.wav'), ('pike', 'conditions/german/pike_3_6.wav'), ('item_num', 20), ('correct_response', 0)])
60.8099 	DATA 	Keypress: 1
60.8163 	EXP 	text_2afc_response_yes_trial: autoDraw = False
60.8163 	EXP 	text_2afc_response_no_trial: autoDraw = False
60.8163 	EXP 	text_2afc_question_trial: autoDraw = False
60.8163 	EXP 	text_2afc_question_trial: autoDraw = True
61.0507 	EXP 	text_2afc_response_yes_trial: autoDraw = True
61.0507 	EXP 	text_2afc_response_no_trial: autoDraw = True
63.4192 	EXP 	New trial (rep=0, index=16): OrderedDict([('pisch', 'conditions/german/pisch_3_3.wav'), ('fisch', 'conditions/german/fisch_3_3.wav'), ('pake', 'conditions/german/pake_3_3.wav'), ('pike', 'conditions/german/pike_3_3.wav'), ('item_num', 17), ('correct_response', 1)])
63.4289 	DATA 	Keypress: 1
63.4334 	EXP 	text_2afc_response_yes_trial: autoDraw = False
63.4334 	EXP 	text_2afc_response_no_trial: autoDraw = False
63.4334 	EXP 	text_2afc_question_trial: autoDraw = False
63.4334 	EXP 	text_2afc_question_trial: autoDraw = True
63.6666 	EXP 	text_2afc_response_yes_trial: autoDraw = True
63.6666 	EXP 	text_2afc_response_no_trial: autoDraw = True
65.9183 	EXP 	New trial (rep=0, index=17): OrderedDict([('pisch', 'conditions/german/pisch_1_3.wav'), ('fisch', 'conditions/german/fisch_1_3.wav'), ('pake', 'conditions/german/pake_1_3.wav'), ('pike', 'conditions/german/pike_1_3.wav'), ('item_num', 3), ('correct_response', 0)])
65.9270 	DATA 	Keypress: 0
65.9335 	EXP 	text_2afc_response_yes_trial: autoDraw = False
65.9335 	EXP 	text_2afc_response_no_trial: autoDraw = False
65.9335 	EXP 	text_2afc_question_trial: autoDraw = False
65.9335 	EXP 	text_2afc_question_trial: autoDraw = True
66.1674 	EXP 	text_2afc_response_yes_trial: autoDraw = True
66.1674 	EXP 	text_2afc_response_no_trial: autoDraw = True
70.7516 	EXP 	New trial (rep=0, index=18): OrderedDict([('pisch', 'conditions/german/pisch_4_5.wav'), ('fisch', 'conditions/german/fisch_4_5.wav'), ('pake', 'conditions/german/pake_4_5.wav'), ('pike', 'conditions/german/pike_4_5.wav'), ('item_num', 26), ('correct_response', 0)])
70.7617 	DATA 	Keypress: 1
70.7672 	EXP 	text_2afc_response_yes_trial: autoDraw = False
70.7672 	EXP 	text_2afc_response_no_trial: autoDraw = False
70.7672 	EXP 	text_2afc_question_trial: autoDraw = False
70.7672 	EXP 	text_2afc_question_trial: autoDraw = True
71.0006 	EXP 	text_2afc_response_yes_trial: autoDraw = True
71.0006 	EXP 	text_2afc_response_no_trial: autoDraw = True
75.2188 	EXP 	New trial (rep=0, index=19): OrderedDict([('pisch', 'conditions/german/pisch_6_5.wav'), ('fisch', 'conditions/german/fisch_6_5.wav'), ('pake', 'conditions/german/pake_6_5.wav'), ('pike', 'conditions/german/pike_6_5.wav'), ('item_num', 40), ('correct_response', 0)])
75.2282 	DATA 	Keypress: 1
75.2334 	EXP 	text_2afc_response_yes_trial: autoDraw = False
75.2334 	EXP 	text_2afc_response_no_trial: autoDraw = False
75.2334 	EXP 	text_2afc_question_trial: autoDraw = False
75.2334 	EXP 	text_2afc_question_trial: autoDraw = True
75.4669 	EXP 	text_2afc_response_yes_trial: autoDraw = True
75.4669 	EXP 	text_2afc_response_no_trial: autoDraw = True
78.1852 	EXP 	New trial (rep=0, index=20): OrderedDict([('pisch', 'conditions/german/pisch_3_5.wav'), ('fisch', 'conditions/german/fisch_3_5.wav'), ('pake', 'conditions/german/pake_3_5.wav'), ('pike', 'conditions/german/pike_3_5.wav'), ('item_num', 19), ('correct_response', 0)])
78.1947 	DATA 	Keypress: 0
78.2003 	EXP 	text_2afc_response_yes_trial: autoDraw = False
78.2003 	EXP 	text_2afc_response_no_trial: autoDraw = False
78.2003 	EXP 	text_2afc_question_trial: autoDraw = False
78.2003 	EXP 	text_2afc_question_trial: autoDraw = True
78.4347 	EXP 	text_2afc_response_yes_trial: autoDraw = True
78.4347 	EXP 	text_2afc_response_no_trial: autoDraw = True
81.1022 	EXP 	New trial (rep=0, index=21): OrderedDict([('pisch', 'conditions/german/pisch_2_5.wav'), ('fisch', 'conditions/german/fisch_2_5.wav'), ('pake', 'conditions/german/pake_2_5.wav'), ('pike', 'conditions/german/pike_2_5.wav'), ('item_num', 12), ('correct_response', 0)])
81.1119 	DATA 	Keypress: 0
81.1176 	EXP 	text_2afc_response_yes_trial: autoDraw = False
81.1176 	EXP 	text_2afc_response_no_trial: autoDraw = False
81.1176 	EXP 	text_2afc_question_trial: autoDraw = False
81.1176 	EXP 	text_2afc_question_trial: autoDraw = True
81.3513 	EXP 	text_2afc_response_yes_trial: autoDraw = True
81.3513 	EXP 	text_2afc_response_no_trial: autoDraw = True
84.3245 	DATA 	Keypress: 0
84.3366 	EXP 	New trial (rep=0, index=22): OrderedDict([('pisch', 'conditions/german/pisch_3_4.wav'), ('fisch', 'conditions/german/fisch_3_4.wav'), ('pake', 'conditions/german/pake_3_4.wav'), ('pike', 'conditions/german/pike_3_4.wav'), ('item_num', 18), ('correct_response', 0)])
84.3504 	EXP 	text_2afc_response_yes_trial: autoDraw = False
84.3504 	EXP 	text_2afc_response_no_trial: autoDraw = False
84.3504 	EXP 	text_2afc_question_trial: autoDraw = False
84.3504 	EXP 	text_2afc_question_trial: autoDraw = True
84.5847 	EXP 	text_2afc_response_yes_trial: autoDraw = True
84.5847 	EXP 	text_2afc_response_no_trial: autoDraw = True
87.7029 	EXP 	New trial (rep=0, index=23): OrderedDict([('pisch', 'conditions/german/pisch_4_1.wav'), ('fisch', 'conditions/german/fisch_4_1.wav'), ('pake', 'conditions/german/pake_4_1.wav'), ('pike', 'conditions/german/pike_4_1.wav'), ('item_num', 22), ('correct_response', 0)])
87.7129 	DATA 	Keypress: 1
87.7178 	EXP 	text_2afc_response_yes_trial: autoDraw = False
87.7178 	EXP 	text_2afc_response_no_trial: autoDraw = False
87.7178 	EXP 	text_2afc_question_trial: autoDraw = False
87.7178 	EXP 	text_2afc_question_trial: autoDraw = True
87.9516 	EXP 	text_2afc_response_yes_trial: autoDraw = True
87.9516 	EXP 	text_2afc_response_no_trial: autoDraw = True
90.3851 	EXP 	New trial (rep=0, index=24): OrderedDict([('pisch', 'conditions/german/pisch_7_3.wav'), ('fisch', 'conditions/german/fisch_7_3.wav'), ('pake', 'conditions/german/pake_7_3.wav'), ('pike', 'conditions/german/pike_7_3.wav'), ('item_num', 45), ('correct_response', 0)])
90.3938 	DATA 	Keypress: 1
90.4004 	EXP 	text_2afc_response_yes_trial: autoDraw = False
90.4004 	EXP 	text_2afc_response_no_trial: autoDraw = False
90.4004 	EXP 	text_2afc_question_trial: autoDraw = False
90.4004 	EXP 	text_2afc_question_trial: autoDraw = True
90.6336 	EXP 	text_2afc_response_yes_trial: autoDraw = True
90.6336 	EXP 	text_2afc_response_no_trial: autoDraw = True
93.0854 	EXP 	New trial (rep=0, index=25): OrderedDict([('pisch', 'conditions/german/pisch_1_6.wav'), ('fisch', 'conditions/german/fisch_1_6.wav'), ('pake', 'conditions/german/pake_1_6.wav'), ('pike', 'conditions/german/pike_1_6.wav'), ('item_num', 6), ('correct_response', 0)])
93.0945 	DATA 	Keypress: 0
93.1007 	EXP 	text_2afc_response_yes_trial: autoDraw = False
93.1007 	EXP 	text_2afc_response_no_trial: autoDraw = False
93.1007 	EXP 	text_2afc_question_trial: autoDraw = False
93.1007 	EXP 	text_2afc_question_trial: autoDraw = True
93.3334 	EXP 	text_2afc_response_yes_trial: autoDraw = True
93.3334 	EXP 	text_2afc_response_no_trial: autoDraw = True
95.9697 	EXP 	New trial (rep=0, index=26): OrderedDict([('pisch', 'conditions/german/pisch_2_3.wav'), ('fisch', 'conditions/german/fisch_2_3.wav'), ('pake', 'conditions/german/pake_2_3.wav'), ('pike', 'conditions/german/pike_2_3.wav'), ('item_num', 10), ('correct_response', 0)])
95.9784 	DATA 	Keypress: 1
95.9842 	EXP 	text_2afc_response_yes_trial: autoDraw = False
95.9842 	EXP 	text_2afc_response_no_trial: autoDraw = False
95.9842 	EXP 	text_2afc_question_trial: autoDraw = False
95.9842 	EXP 	text_2afc_question_trial: autoDraw = True
96.2181 	EXP 	text_2afc_response_yes_trial: autoDraw = True
96.2181 	EXP 	text_2afc_response_no_trial: autoDraw = True
99.0850 	EXP 	New trial (rep=0, index=27): OrderedDict([('pisch', 'conditions/german/pisch_2_6.wav'), ('fisch', 'conditions/german/fisch_2_6.wav'), ('pake', 'conditions/german/pake_2_6.wav'), ('pike', 'conditions/german/pike_2_6.wav'), ('item_num', 13), ('correct_response', 0)])
99.0958 	DATA 	Keypress: 1
99.1013 	EXP 	text_2afc_response_yes_trial: autoDraw = False
99.1013 	EXP 	text_2afc_response_no_trial: autoDraw = False
99.1013 	EXP 	text_2afc_question_trial: autoDraw = False
99.1013 	EXP 	text_2afc_question_trial: autoDraw = True
99.3344 	EXP 	text_2afc_response_yes_trial: autoDraw = True
99.3344 	EXP 	text_2afc_response_no_trial: autoDraw = True
101.5533 	EXP 	New trial (rep=0, index=28): OrderedDict([('pisch', 'conditions/german/pisch_7_2.wav'), ('fisch', 'conditions/german/fisch_7_2.wav'), ('pake', 'conditions/german/pake_7_2.wav'), ('pike', 'conditions/german/pike_7_2.wav'), ('item_num', 44), ('correct_response', 0)])
101.5638 	DATA 	Keypress: 0
101.5687 	EXP 	text_2afc_response_yes_trial: autoDraw = False
101.5687 	EXP 	text_2afc_response_no_trial: autoDraw = False
101.5687 	EXP 	text_2afc_question_trial: autoDraw = False
101.5687 	EXP 	text_2afc_question_trial: autoDraw = True
101.8015 	EXP 	text_2afc_response_yes_trial: autoDraw = True
101.8015 	EXP 	text_2afc_response_no_trial: autoDraw = True
104.4362 	EXP 	New trial (rep=0, index=29): OrderedDict([('pisch', 'conditions/german/pisch_5_2.wav'), ('fisch', 'conditions/german/fisch_5_2.wav'), ('pake', 'conditions/german/pake_5_2.wav'), ('pike', 'conditions/german/pike_5_2.wav'), ('item_num', 30), ('correct_response', 0)])
104.4465 	DATA 	Keypress: 0
104.4514 	EXP 	text_2afc_response_yes_trial: autoDraw = False
104.4514 	EXP 	text_2afc_response_no_trial: autoDraw = False
104.4514 	EXP 	text_2afc_question_trial: autoDraw = False
104.4514 	EXP 	text_2afc_question_trial: autoDraw = True
104.6849 	EXP 	text_2afc_response_yes_trial: autoDraw = True
104.6849 	EXP 	text_2afc_response_no_trial: autoDraw = True
107.1345 	EXP 	New trial (rep=0, index=30): OrderedDict([('pisch', 'conditions/german/pisch_7_1.wav'), ('fisch', 'conditions/german/fisch_7_1.wav'), ('pake', 'conditions/german/pake_7_1.wav'), ('pike', 'conditions/german/pike_7_1.wav'), ('item_num', 43), ('correct_response', 0)])
107.1437 	DATA 	Keypress: 0
107.1507 	EXP 	text_2afc_response_yes_trial: autoDraw = False
107.1507 	EXP 	text_2afc_response_no_trial: autoDraw = False
107.1507 	EXP 	text_2afc_question_trial: autoDraw = False
107.1507 	EXP 	text_2afc_question_trial: autoDraw = True
107.3851 	EXP 	text_2afc_response_yes_trial: autoDraw = True
107.3851 	EXP 	text_2afc_response_no_trial: autoDraw = True
109.7534 	EXP 	New trial (rep=0, index=31): OrderedDict([('pisch', 'conditions/german/pisch_1_7.wav'), ('fisch', 'conditions/german/fisch_1_7.wav'), ('pake', 'conditions/german/pake_1_7.wav'), ('pike', 'conditions/german/pike_1_7.wav'), ('item_num', 7), ('correct_response', 0)])
109.7633 	DATA 	Keypress: 0
109.7679 	EXP 	text_2afc_response_yes_trial: autoDraw = False
109.7679 	EXP 	text_2afc_response_no_trial: autoDraw = False
109.7679 	EXP 	text_2afc_question_trial: autoDraw = False
109.7679 	EXP 	text_2afc_question_trial: autoDraw = True
110.0012 	EXP 	text_2afc_response_yes_trial: autoDraw = True
110.0012 	EXP 	text_2afc_response_no_trial: autoDraw = True
112.6196 	EXP 	New trial (rep=0, index=32): OrderedDict([('pisch', 'conditions/german/pisch_4_2.wav'), ('fisch', 'conditions/german/fisch_4_2.wav'), ('pake', 'conditions/german/pake_4_2.wav'), ('pike', 'conditions/german/pike_4_2.wav'), ('item_num', 23), ('correct_response', 0)])
112.6296 	DATA 	Keypress: 0
112.6352 	EXP 	text_2afc_response_yes_trial: autoDraw = False
112.6352 	EXP 	text_2afc_response_no_trial: autoDraw = False
112.6352 	EXP 	text_2afc_question_trial: autoDraw = False
112.6352 	EXP 	text_2afc_question_trial: autoDraw = True
112.8682 	EXP 	text_2afc_response_yes_trial: autoDraw = True
112.8682 	EXP 	text_2afc_response_no_trial: autoDraw = True
115.5256 	DATA 	Keypress: 0
115.5356 	EXP 	New trial (rep=0, index=33): OrderedDict([('pisch', 'conditions/german/pisch_1_5.wav'), ('fisch', 'conditions/german/fisch_1_5.wav'), ('pake', 'conditions/german/pake_1_5.wav'), ('pike', 'conditions/german/pike_1_5.wav'), ('item_num', 5), ('correct_response', 0)])
115.5510 	EXP 	text_2afc_response_yes_trial: autoDraw = False
115.5510 	EXP 	text_2afc_response_no_trial: autoDraw = False
115.5510 	EXP 	text_2afc_question_trial: autoDraw = False
115.5510 	EXP 	text_2afc_question_trial: autoDraw = True
115.7854 	EXP 	text_2afc_response_yes_trial: autoDraw = True
115.7854 	EXP 	text_2afc_response_no_trial: autoDraw = True
118.5519 	EXP 	New trial (rep=0, index=34): OrderedDict([('pisch', 'conditions/german/pisch_7_7.wav'), ('fisch', 'conditions/german/fisch_7_7.wav'), ('pake', 'conditions/german/pake_7_7.wav'), ('pike', 'conditions/german/pike_7_7.wav'), ('item_num', 49), ('correct_response', 1)])
118.5606 	DATA 	Keypress: 0
118.5677 	EXP 	text_2afc_response_yes_trial: autoDraw = False
118.5677 	EXP 	text_2afc_response_no_trial: autoDraw = False
118.5677 	EXP 	text_2afc_question_trial: autoDraw = False
118.5677 	EXP 	text_2afc_question_trial: autoDraw = True
118.8010 	EXP 	text_2afc_response_yes_trial: autoDraw = True
118.8010 	EXP 	text_2afc_response_no_trial: autoDraw = True
120.9256 	DATA 	Keypress: 0
120.9358 	EXP 	New trial (rep=0, index=35): OrderedDict([('pisch', 'conditions/german/pisch_2_4.wav'), ('fisch', 'conditions/german/fisch_2_4.wav'), ('pake', 'conditions/german/pake_2_4.wav'), ('pike', 'conditions/german/pike_2_4.wav'), ('item_num', 11), ('correct_response', 0)])
120.9514 	EXP 	text_2afc_response_yes_trial: autoDraw = False
120.9514 	EXP 	text_2afc_response_no_trial: autoDraw = False
120.9514 	EXP 	text_2afc_question_trial: autoDraw = False
120.9514 	EXP 	text_2afc_question_trial: autoDraw = True
121.1853 	EXP 	text_2afc_response_yes_trial: autoDraw = True
121.1853 	EXP 	text_2afc_response_no_trial: autoDraw = True
123.4533 	EXP 	New trial (rep=0, index=36): OrderedDict([('pisch', 'conditions/german/pisch_2_1.wav'), ('fisch', 'conditions/german/fisch_2_1.wav'), ('pake', 'conditions/german/pake_2_1.wav'), ('pike', 'conditions/german/pike_2_1.wav'), ('item_num', 8), ('correct_response', 0)])
123.4618 	DATA 	Keypress: 0
123.4679 	EXP 	text_2afc_response_yes_trial: autoDraw = False
123.4679 	EXP 	text_2afc_response_no_trial: autoDraw = False
123.4679 	EXP 	text_2afc_question_trial: autoDraw = False
123.4679 	EXP 	text_2afc_question_trial: autoDraw = True
123.7014 	EXP 	text_2afc_response_yes_trial: autoDraw = True
123.7014 	EXP 	text_2afc_response_no_trial: autoDraw = True
125.6870 	EXP 	New trial (rep=0, index=37): OrderedDict([('pisch', 'conditions/german/pisch_4_3.wav'), ('fisch', 'conditions/german/fisch_4_3.wav'), ('pake', 'conditions/german/pake_4_3.wav'), ('pike', 'conditions/german/pike_4_3.wav'), ('item_num', 24), ('correct_response', 0)])
125.6963 	DATA 	Keypress: 0
125.7016 	EXP 	text_2afc_response_yes_trial: autoDraw = False
125.7016 	EXP 	text_2afc_response_no_trial: autoDraw = False
125.7016 	EXP 	text_2afc_question_trial: autoDraw = False
125.7016 	EXP 	text_2afc_question_trial: autoDraw = True
125.9343 	EXP 	text_2afc_response_yes_trial: autoDraw = True
125.9343 	EXP 	text_2afc_response_no_trial: autoDraw = True
128.1702 	EXP 	New trial (rep=0, index=38): OrderedDict([('pisch', 'conditions/german/pisch_3_7.wav'), ('fisch', 'conditions/german/fisch_3_7.wav'), ('pake', 'conditions/german/pake_3_7.wav'), ('pike', 'conditions/german/pike_3_7.wav'), ('item_num', 21), ('correct_response', 0)])
128.1785 	DATA 	Keypress: 1
128.1848 	EXP 	text_2afc_response_yes_trial: autoDraw = False
128.1848 	EXP 	text_2afc_response_no_trial: autoDraw = False
128.1848 	EXP 	text_2afc_question_trial: autoDraw = False
128.1848 	EXP 	text_2afc_question_trial: autoDraw = True
128.4192 	EXP 	text_2afc_response_yes_trial: autoDraw = True
128.4192 	EXP 	text_2afc_response_no_trial: autoDraw = True
131.0369 	EXP 	New trial (rep=0, index=39): OrderedDict([('pisch', 'conditions/german/pisch_4_7.wav'), ('fisch', 'conditions/german/fisch_4_7.wav'), ('pake', 'conditions/german/pake_4_7.wav'), ('pike', 'conditions/german/pike_4_7.wav'), ('item_num', 28), ('correct_response', 0)])
131.0451 	DATA 	Keypress: 1
131.0512 	EXP 	text_2afc_response_yes_trial: autoDraw = False
131.0512 	EXP 	text_2afc_response_no_trial: autoDraw = False
131.0512 	EXP 	text_2afc_question_trial: autoDraw = False
131.0512 	EXP 	text_2afc_question_trial: autoDraw = True
131.2852 	EXP 	text_2afc_response_yes_trial: autoDraw = True
131.2852 	EXP 	text_2afc_response_no_trial: autoDraw = True
133.5030 	EXP 	New trial (rep=0, index=40): OrderedDict([('pisch', 'conditions/german/pisch_5_3.wav'), ('fisch', 'conditions/german/fisch_5_3.wav'), ('pake', 'conditions/german/pake_5_3.wav'), ('pike', 'conditions/german/pike_5_3.wav'), ('item_num', 31), ('correct_response', 0)])
133.5122 	DATA 	Keypress: 0
133.5182 	EXP 	text_2afc_response_yes_trial: autoDraw = False
133.5182 	EXP 	text_2afc_response_no_trial: autoDraw = False
133.5182 	EXP 	text_2afc_question_trial: autoDraw = False
133.5182 	EXP 	text_2afc_question_trial: autoDraw = True
133.7524 	EXP 	text_2afc_response_yes_trial: autoDraw = True
133.7524 	EXP 	text_2afc_response_no_trial: autoDraw = True
135.8199 	EXP 	New trial (rep=0, index=41): OrderedDict([('pisch', 'conditions/german/pisch_5_5.wav'), ('fisch', 'conditions/german/fisch_5_5.wav'), ('pake', 'conditions/german/pake_5_5.wav'), ('pike', 'conditions/german/pike_5_5.wav'), ('item_num', 33), ('correct_response', 1)])
135.8285 	DATA 	Keypress: 0
135.8347 	EXP 	text_2afc_response_yes_trial: autoDraw = False
135.8347 	EXP 	text_2afc_response_no_trial: autoDraw = False
135.8347 	EXP 	text_2afc_question_trial: autoDraw = False
135.8347 	EXP 	text_2afc_question_trial: autoDraw = True
136.0697 	EXP 	text_2afc_response_yes_trial: autoDraw = True
136.0697 	EXP 	text_2afc_response_no_trial: autoDraw = True
138.2373 	EXP 	New trial (rep=0, index=42): OrderedDict([('pisch', 'conditions/german/pisch_2_7.wav'), ('fisch', 'conditions/german/fisch_2_7.wav'), ('pake', 'conditions/german/pake_2_7.wav'), ('pike', 'conditions/german/pike_2_7.wav'), ('item_num', 14), ('correct_response', 0)])
138.2472 	DATA 	Keypress: 0
138.2520 	EXP 	text_2afc_response_yes_trial: autoDraw = False
138.2520 	EXP 	text_2afc_response_no_trial: autoDraw = False
138.2520 	EXP 	text_2afc_question_trial: autoDraw = False
138.2520 	EXP 	text_2afc_question_trial: autoDraw = True
138.4861 	EXP 	text_2afc_response_yes_trial: autoDraw = True
138.4861 	EXP 	text_2afc_response_no_trial: autoDraw = True
140.6375 	EXP 	New trial (rep=0, index=43): OrderedDict([('pisch', 'conditions/german/pisch_7_6.wav'), ('fisch', 'conditions/german/fisch_7_6.wav'), ('pake', 'conditions/german/pake_7_6.wav'), ('pike', 'conditions/german/pike_7_6.wav'), ('item_num', 48), ('correct_response', 0)])
140.6470 	DATA 	Keypress: 1
140.6521 	EXP 	text_2afc_response_yes_trial: autoDraw = False
140.6521 	EXP 	text_2afc_response_no_trial: autoDraw = False
140.6521 	EXP 	text_2afc_question_trial: autoDraw = False
140.6521 	EXP 	text_2afc_question_trial: autoDraw = True
140.8855 	EXP 	text_2afc_response_yes_trial: autoDraw = True
140.8855 	EXP 	text_2afc_response_no_trial: autoDraw = True
142.8689 	EXP 	New trial (rep=0, index=44): OrderedDict([('pisch', 'conditions/german/pisch_1_2.wav'), ('fisch', 'conditions/german/fisch_1_2.wav'), ('pake', 'conditions/german/pake_1_2.wav'), ('pike', 'conditions/german/pike_1_2.wav'), ('item_num', 2), ('correct_response', 0)])
142.8768 	DATA 	Keypress: 1
142.8853 	EXP 	text_2afc_response_yes_trial: autoDraw = False
142.8853 	EXP 	text_2afc_response_no_trial: autoDraw = False
142.8853 	EXP 	text_2afc_question_trial: autoDraw = False
142.8853 	EXP 	text_2afc_question_trial: autoDraw = True
143.1191 	EXP 	text_2afc_response_yes_trial: autoDraw = True
143.1191 	EXP 	text_2afc_response_no_trial: autoDraw = True
145.3706 	EXP 	New trial (rep=0, index=45): OrderedDict([('pisch', 'conditions/german/pisch_6_1.wav'), ('fisch', 'conditions/german/fisch_6_1.wav'), ('pake', 'conditions/german/pake_6_1.wav'), ('pike', 'conditions/german/pike_6_1.wav'), ('item_num', 36), ('correct_response', 0)])
145.3811 	DATA 	Keypress: 1
145.3858 	EXP 	text_2afc_response_yes_trial: autoDraw = False
145.3858 	EXP 	text_2afc_response_no_trial: autoDraw = False
145.3858 	EXP 	text_2afc_question_trial: autoDraw = False
145.3858 	EXP 	text_2afc_question_trial: autoDraw = True
145.6192 	EXP 	text_2afc_response_yes_trial: autoDraw = True
145.6192 	EXP 	text_2afc_response_no_trial: autoDraw = True
147.7422 	DATA 	Keypress: 0
147.7533 	EXP 	New trial (rep=0, index=46): OrderedDict([('pisch', 'conditions/german/pisch_5_7.wav'), ('fisch', 'conditions/german/fisch_5_7.wav'), ('pake', 'conditions/german/pake_5_7.wav'), ('pike', 'conditions/german/pike_5_7.wav'), ('item_num', 35), ('correct_response', 0)])
147.7686 	EXP 	text_2afc_response_yes_trial: autoDraw = False
147.7686 	EXP 	text_2afc_response_no_trial: autoDraw = False
147.7686 	EXP 	text_2afc_question_trial: autoDraw = False
147.7686 	EXP 	text_2afc_question_trial: autoDraw = True
148.0026 	EXP 	text_2afc_response_yes_trial: autoDraw = True
148.0026 	EXP 	text_2afc_response_no_trial: autoDraw = True
150.4209 	EXP 	New trial (rep=0, index=47): OrderedDict([('pisch', 'conditions/german/pisch_5_4.wav'), ('fisch', 'conditions/german/fisch_5_4.wav'), ('pake', 'conditions/german/pake_5_4.wav'), ('pike', 'conditions/german/pike_5_4.wav'), ('item_num', 32), ('correct_response', 0)])
150.4296 	DATA 	Keypress: 1
150.4354 	EXP 	text_2afc_response_yes_trial: autoDraw = False
150.4354 	EXP 	text_2afc_response_no_trial: autoDraw = False
150.4354 	EXP 	text_2afc_question_trial: autoDraw = False
150.4354 	EXP 	text_2afc_question_trial: autoDraw = True
150.6698 	EXP 	text_2afc_response_yes_trial: autoDraw = True
150.6698 	EXP 	text_2afc_response_no_trial: autoDraw = True
152.7370 	EXP 	New trial (rep=0, index=48): OrderedDict([('pisch', 'conditions/german/pisch_1_4.wav'), ('fisch', 'conditions/german/fisch_1_4.wav'), ('pake', 'conditions/german/pake_1_4.wav'), ('pike', 'conditions/german/pike_1_4.wav'), ('item_num', 4), ('correct_response', 0)])
152.7473 	DATA 	Keypress: 1
152.7528 	EXP 	text_2afc_response_yes_trial: autoDraw = False
152.7528 	EXP 	text_2afc_response_no_trial: autoDraw = False
152.7528 	EXP 	text_2afc_question_trial: autoDraw = False
152.7528 	EXP 	text_2afc_question_trial: autoDraw = True
152.9851 	EXP 	text_2afc_response_yes_trial: autoDraw = True
152.9851 	EXP 	text_2afc_response_no_trial: autoDraw = True
155.0932 	DATA 	Keypress: 1
155.1027 	EXP 	text_2afc_response_yes_trial: autoDraw = False
155.1027 	EXP 	text_2afc_response_no_trial: autoDraw = False
155.1027 	EXP 	text_2afc_question_trial: autoDraw = False
155.1027 	EXP 	text: autoDraw = True
157.4907 	DEBUG 	Read csv file with pandas: conditions/conditions_french.csv
157.4917 	DEBUG 	Clearing unnamed columns from conditions/conditions_french.csv
157.4935 	EXP 	Imported conditions/conditions_french.csv as conditions, 49 conditions, 6 params
157.4940 	EXP 	Created sequence: random, trialTypes=49, nReps=1, seed=None
157.4942 	EXP 	New trial (rep=0, index=0): OrderedDict([('fat', 'conditions/french/fat_3_5.wav'), ('fit', 'conditions/french/fit_3_5.wav'), ('pat', 'conditions/french/pat_3_5.wav'), ('pic', 'conditions/french/pic_3_5.wav'), ('item_num', 19), ('correct_response', 0)])
157.5026 	DATA 	Keypress: space
157.5068 	EXP 	text: autoDraw = False
157.5068 	EXP 	text_2afc_question_trial_2: autoDraw = True
157.7528 	EXP 	text_2afc_response_yes_trial_2: autoDraw = True
157.7528 	EXP 	text_2afc_response_no_trial_2: autoDraw = True
159.7714 	EXP 	New trial (rep=0, index=1): OrderedDict([('fat', 'conditions/french/fat_7_5.wav'), ('fit', 'conditions/french/fit_7_5.wav'), ('pat', 'conditions/french/pat_7_5.wav'), ('pic', 'conditions/french/pic_7_5.wav'), ('item_num', 47), ('correct_response', 0)])
159.7828 	DATA 	Keypress: 0
159.7868 	EXP 	text_2afc_response_yes_trial_2: autoDraw = False
159.7868 	EXP 	text_2afc_response_no_trial_2: autoDraw = False
159.7868 	EXP 	text_2afc_question_trial_2: autoDraw = False
159.7868 	EXP 	text_2afc_question_trial_2: autoDraw = True
160.0196 	EXP 	text_2afc_response_yes_trial_2: autoDraw = True
160.0196 	EXP 	text_2afc_response_no_trial_2: autoDraw = True
162.1268 	DATA 	Keypress: 1
162.1370 	EXP 	New trial (rep=0, index=2): OrderedDict([('fat', 'conditions/french/fat_2_1.wav'), ('fit', 'conditions/french/fit_2_1.wav'), ('pat', 'conditions/french/pat_2_1.wav'), ('pic', 'conditions/french/pic_2_1.wav'), ('item_num', 8), ('correct_response', 0)])
162.1534 	EXP 	text_2afc_response_yes_trial_2: autoDraw = False
162.1534 	EXP 	text_2afc_response_no_trial_2: autoDraw = False
162.1534 	EXP 	text_2afc_question_trial_2: autoDraw = False
162.1534 	EXP 	text_2afc_question_trial_2: autoDraw = True
162.3859 	EXP 	text_2afc_response_yes_trial_2: autoDraw = True
162.3859 	EXP 	text_2afc_response_no_trial_2: autoDraw = True
164.5194 	EXP 	New trial (rep=0, index=3): OrderedDict([('fat', 'conditions/french/fat_5_5.wav'), ('fit', 'conditions/french/fit_5_5.wav'), ('pat', 'conditions/french/pat_5_5.wav'), ('pic', 'conditions/french/pic_5_5.wav'), ('item_num', 33), ('correct_response', 1)])
164.5296 	DATA 	Keypress: 1
164.5357 	EXP 	text_2afc_response_yes_trial_2: autoDraw = False
164.5357 	EXP 	text_2afc_response_no_trial_2: autoDraw = False
164.5357 	EXP 	text_2afc_question_trial_2: autoDraw = False
164.5357 	EXP 	text_2afc_question_trial_2: autoDraw = True
164.7700 	EXP 	text_2afc_response_yes_trial_2: autoDraw = True
164.7700 	EXP 	text_2afc_response_no_trial_2: autoDraw = True
167.0363 	EXP 	New trial (rep=0, index=4): OrderedDict([('fat', 'conditions/french/fat_3_7.wav'), ('fit', 'conditions/french/fit_3_7.wav'), ('pat', 'conditions/french/pat_3_7.wav'), ('pic', 'conditions/french/pic_3_7.wav'), ('item_num', 21), ('correct_response', 0)])
167.0469 	DATA 	Keypress: 0
167.0524 	EXP 	text_2afc_response_yes_trial_2: autoDraw = False
167.0524 	EXP 	text_2afc_response_no_trial_2: autoDraw = False
167.0524 	EXP 	text_2afc_question_trial_2: autoDraw = False
167.0524 	EXP 	text_2afc_question_trial_2: autoDraw = True
167.2863 	EXP 	text_2afc_response_yes_trial_2: autoDraw = True
167.2863 	EXP 	text_2afc_response_no_trial_2: autoDraw = True
169.2712 	EXP 	New trial (rep=0, index=5): OrderedDict([('fat', 'conditions/french/fat_5_3.wav'), ('fit', 'conditions/french/fit_5_3.wav'), ('pat', 'conditions/french/pat_5_3.wav'), ('pic', 'conditions/french/pic_5_3.wav'), ('item_num', 31), ('correct_response', 0)])
169.2797 	DATA 	Keypress: 1
169.2857 	EXP 	text_2afc_response_yes_trial_2: autoDraw = False
169.2857 	EXP 	text_2afc_response_no_trial_2: autoDraw = False
169.2857 	EXP 	text_2afc_question_trial_2: autoDraw = False
169.2857 	EXP 	text_2afc_question_trial_2: autoDraw = True
169.5196 	EXP 	text_2afc_response_yes_trial_2: autoDraw = True
169.5196 	EXP 	text_2afc_response_no_trial_2: autoDraw = True
172.1206 	EXP 	New trial (rep=0, index=6): OrderedDict([('fat', 'conditions/french/fat_6_1.wav'), ('fit', 'conditions/french/fit_6_1.wav'), ('pat', 'conditions/french/pat_6_1.wav'), ('pic', 'conditions/french/pic_6_1.wav'), ('item_num', 36), ('correct_response', 0)])
172.1303 	DATA 	Keypress: 1
172.1358 	EXP 	text_2afc_response_yes_trial_2: autoDraw = False
172.1358 	EXP 	text_2afc_response_no_trial_2: autoDraw = False
172.1358 	EXP 	text_2afc_question_trial_2: autoDraw = False
172.1358 	EXP 	text_2afc_question_trial_2: autoDraw = True
172.3701 	EXP 	text_2afc_response_yes_trial_2: autoDraw = True
172.3701 	EXP 	text_2afc_response_no_trial_2: autoDraw = True
174.4878 	EXP 	New trial (rep=0, index=7): OrderedDict([('fat', 'conditions/french/fat_6_6.wav'), ('fit', 'conditions/french/fit_6_6.wav'), ('pat', 'conditions/french/pat_6_6.wav'), ('pic', 'conditions/french/pic_6_6.wav'), ('item_num', 41), ('correct_response', 1)])
174.4960 	DATA 	Keypress: 0
174.5023 	EXP 	text_2afc_response_yes_trial_2: autoDraw = False
174.5023 	EXP 	text_2afc_response_no_trial_2: autoDraw = False
174.5023 	EXP 	text_2afc_question_trial_2: autoDraw = False
174.5023 	EXP 	text_2afc_question_trial_2: autoDraw = True
174.7357 	EXP 	text_2afc_response_yes_trial_2: autoDraw = True
174.7357 	EXP 	text_2afc_response_no_trial_2: autoDraw = True
177.0547 	EXP 	New trial (rep=0, index=8): OrderedDict([('fat', 'conditions/french/fat_1_3.wav'), ('fit', 'conditions/french/fit_1_3.wav'), ('pat', 'conditions/french/pat_1_3.wav'), ('pic', 'conditions/french/pic_1_3.wav'), ('item_num', 3), ('correct_response', 0)])
177.0650 	DATA 	Keypress: 0
177.0697 	EXP 	text_2afc_response_yes_trial_2: autoDraw = False
177.0697 	EXP 	text_2afc_response_no_trial_2: autoDraw = False
177.0697 	EXP 	text_2afc_question_trial_2: autoDraw = False
177.0697 	EXP 	text_2afc_question_trial_2: autoDraw = True
177.3035 	EXP 	text_2afc_response_yes_trial_2: autoDraw = True
177.3035 	EXP 	text_2afc_response_no_trial_2: autoDraw = True
179.1707 	EXP 	New trial (rep=0, index=9): OrderedDict([('fat', 'conditions/french/fat_4_5.wav'), ('fit', 'conditions/french/fit_4_5.wav'), ('pat', 'conditions/french/pat_4_5.wav'), ('pic', 'conditions/french/pic_4_5.wav'), ('item_num', 26), ('correct_response', 0)])
179.1806 	DATA 	Keypress: 1
179.1863 	EXP 	text_2afc_response_yes_trial_2: autoDraw = False
179.1863 	EXP 	text_2afc_response_no_trial_2: autoDraw = False
179.1863 	EXP 	text_2afc_question_trial_2: autoDraw = False
179.1863 	EXP 	text_2afc_question_trial_2: autoDraw = True
179.4199 	EXP 	text_2afc_response_yes_trial_2: autoDraw = True
179.4199 	EXP 	text_2afc_response_no_trial_2: autoDraw = True
181.2876 	EXP 	New trial (rep=0, index=10): OrderedDict([('fat', 'conditions/french/fat_7_2.wav'), ('fit', 'conditions/french/fit_7_2.wav'), ('pat', 'conditions/french/pat_7_2.wav'), ('pic', 'conditions/french/pic_7_2.wav'), ('item_num', 44), ('correct_response', 0)])
181.2962 	DATA 	Keypress: 0
181.3025 	EXP 	text_2afc_response_yes_trial_2: autoDraw = False
181.3025 	EXP 	text_2afc_response_no_trial_2: autoDraw = False
181.3025 	EXP 	text_2afc_question_trial_2: autoDraw = False
181.3025 	EXP 	text_2afc_question_trial_2: autoDraw = True
181.5369 	EXP 	text_2afc_response_yes_trial_2: autoDraw = True
181.5369 	EXP 	text_2afc_response_no_trial_2: autoDraw = True
183.3045 	EXP 	New trial (rep=0, index=11): OrderedDict([('fat', 'conditions/french/fat_2_4.wav'), ('fit', 'conditions/french/fit_2_4.wav'), ('pat', 'conditions/french/pat_2_4.wav'), ('pic', 'conditions/french/pic_2_4.wav'), ('item_num', 11), ('correct_response', 0)])
183.3142 	DATA 	Keypress: 1
183.3197 	EXP 	text_2afc_response_yes_trial_2: autoDraw = False
183.3197 	EXP 	text_2afc_response_no_trial_2: autoDraw = False
183.3197 	EXP 	text_2afc_question_trial_2: autoDraw = False
183.3197 	EXP 	text_2afc_question_trial_2: autoDraw = True
183.5532 	EXP 	text_2afc_response_yes_trial_2: autoDraw = True
183.5532 	EXP 	text_2afc_response_no_trial_2: autoDraw = True
185.3214 	EXP 	New trial (rep=0, index=12): OrderedDict([('fat', 'conditions/french/fat_5_1.wav'), ('fit', 'conditions/french/fit_5_1.wav'), ('pat', 'conditions/french/pat_5_1.wav'), ('pic', 'conditions/french/pic_5_1.wav'), ('item_num', 29), ('correct_response', 0)])
185.3318 	DATA 	Keypress: 0
185.3365 	EXP 	text_2afc_response_yes_trial_2: autoDraw = False
185.3365 	EXP 	text_2afc_response_no_trial_2: autoDraw = False
185.3365 	EXP 	text_2afc_question_trial_2: autoDraw = False
185.3365 	EXP 	text_2afc_question_trial_2: autoDraw = True
185.5706 	EXP 	text_2afc_response_yes_trial_2: autoDraw = True
185.5706 	EXP 	text_2afc_response_no_trial_2: autoDraw = True
188.4382 	EXP 	New trial (rep=0, index=13): OrderedDict([('fat', 'conditions/french/fat_2_2.wav'), ('fit', 'conditions/french/fit_2_2.wav'), ('pat', 'conditions/french/pat_2_2.wav'), ('pic', 'conditions/french/pic_2_2.wav'), ('item_num', 9), ('correct_response', 1)])
188.4478 	DATA 	Keypress: 0
188.4530 	EXP 	text_2afc_response_yes_trial_2: autoDraw = False
188.4530 	EXP 	text_2afc_response_no_trial_2: autoDraw = False
188.4530 	EXP 	text_2afc_question_trial_2: autoDraw = False
188.4530 	EXP 	text_2afc_question_trial_2: autoDraw = True
188.6868 	EXP 	text_2afc_response_yes_trial_2: autoDraw = True
188.6868 	EXP 	text_2afc_response_no_trial_2: autoDraw = True
190.5880 	EXP 	New trial (rep=0, index=14): OrderedDict([('fat', 'conditions/french/fat_4_2.wav'), ('fit', 'conditions/french/fit_4_2.wav'), ('pat', 'conditions/french/pat_4_2.wav'), ('pic', 'conditions/french/pic_4_2.wav'), ('item_num', 23), ('correct_response', 0)])
190.5967 	DATA 	Keypress: 1
190.6028 	EXP 	text_2afc_response_yes_trial_2: autoDraw = False
190.6028 	EXP 	text_2afc_response_no_trial_2: autoDraw = False
190.6028 	EXP 	text_2afc_question_trial_2: autoDraw = False
190.6028 	EXP 	text_2afc_question_trial_2: autoDraw = True
190.8367 	EXP 	text_2afc_response_yes_trial_2: autoDraw = True
190.8367 	EXP 	text_2afc_response_no_trial_2: autoDraw = True
192.5882 	EXP 	New trial (rep=0, index=15): OrderedDict([('fat', 'conditions/french/fat_4_1.wav'), ('fit', 'conditions/french/fit_4_1.wav'), ('pat', 'conditions/french/pat_4_1.wav'), ('pic', 'conditions/french/pic_4_1.wav'), ('item_num', 22), ('correct_response', 0)])
192.5962 	DATA 	Keypress: 0
192.6027 	EXP 	text_2afc_response_yes_trial_2: autoDraw = False
192.6027 	EXP 	text_2afc_response_no_trial_2: autoDraw = False
192.6027 	EXP 	text_2afc_question_trial_2: autoDraw = False
192.6027 	EXP 	text_2afc_question_trial_2: autoDraw = True
192.8366 	EXP 	text_2afc_response_yes_trial_2: autoDraw = True
192.8366 	EXP 	text_2afc_response_no_trial_2: autoDraw = True
194.5880 	EXP 	New trial (rep=0, index=16): OrderedDict([('fat', 'conditions/french/fat_2_7.wav'), ('fit', 'conditions/french/fit_2_7.wav'), ('pat', 'conditions/french/pat_2_7.wav'), ('pic', 'conditions/french/pic_2_7.wav'), ('item_num', 14), ('correct_response', 0)])
194.5980 	DATA 	Keypress: 1
194.6033 	EXP 	text_2afc_response_yes_trial_2: autoDraw = False
194.6033 	EXP 	text_2afc_response_no_trial_2: autoDraw = False
194.6033 	EXP 	text_2afc_question_trial_2: autoDraw = False
194.6033 	EXP 	text_2afc_question_trial_2: autoDraw = True
194.8368 	EXP 	text_2afc_response_yes_trial_2: autoDraw = True
194.8368 	EXP 	text_2afc_response_no_trial_2: autoDraw = True
196.6216 	EXP 	New trial (rep=0, index=17): OrderedDict([('fat', 'conditions/french/fat_6_5.wav'), ('fit', 'conditions/french/fit_6_5.wav'), ('pat', 'conditions/french/pat_6_5.wav'), ('pic', 'conditions/french/pic_6_5.wav'), ('item_num', 40), ('correct_response', 0)])
196.6302 	DATA 	Keypress: 0
196.6363 	EXP 	text_2afc_response_yes_trial_2: autoDraw = False
196.6363 	EXP 	text_2afc_response_no_trial_2: autoDraw = False
196.6363 	EXP 	text_2afc_question_trial_2: autoDraw = False
196.6363 	EXP 	text_2afc_question_trial_2: autoDraw = True
196.8689 	EXP 	text_2afc_response_yes_trial_2: autoDraw = True
196.8689 	EXP 	text_2afc_response_no_trial_2: autoDraw = True
198.8215 	EXP 	New trial (rep=0, index=18): OrderedDict([('fat', 'conditions/french/fat_1_2.wav'), ('fit', 'conditions/french/fit_1_2.wav'), ('pat', 'conditions/french/pat_1_2.wav'), ('pic', 'conditions/french/pic_1_2.wav'), ('item_num', 2), ('correct_response', 0)])
198.8296 	DATA 	Keypress: 1
198.8362 	EXP 	text_2afc_response_yes_trial_2: autoDraw = False
198.8362 	EXP 	text_2afc_response_no_trial_2: autoDraw = False
198.8362 	EXP 	text_2afc_question_trial_2: autoDraw = False
198.8362 	EXP 	text_2afc_question_trial_2: autoDraw = True
199.0707 	EXP 	text_2afc_response_yes_trial_2: autoDraw = True
199.0707 	EXP 	text_2afc_response_no_trial_2: autoDraw = True
200.8386 	EXP 	New trial (rep=0, index=19): OrderedDict([('fat', 'conditions/french/fat_3_6.wav'), ('fit', 'conditions/french/fit_3_6.wav'), ('pat', 'conditions/french/pat_3_6.wav'), ('pic', 'conditions/french/pic_3_6.wav'), ('item_num', 20), ('correct_response', 0)])
200.8485 	DATA 	Keypress: 0
200.8540 	EXP 	text_2afc_response_yes_trial_2: autoDraw = False
200.8540 	EXP 	text_2afc_response_no_trial_2: autoDraw = False
200.8540 	EXP 	text_2afc_question_trial_2: autoDraw = False
200.8540 	EXP 	text_2afc_question_trial_2: autoDraw = True
201.0872 	EXP 	text_2afc_response_yes_trial_2: autoDraw = True
201.0872 	EXP 	text_2afc_response_no_trial_2: autoDraw = True
203.0376 	EXP 	New trial (rep=0, index=20): OrderedDict([('fat', 'conditions/french/fat_5_6.wav'), ('fit', 'conditions/french/fit_5_6.wav'), ('pat', 'conditions/french/pat_5_6.wav'), ('pic', 'conditions/french/pic_5_6.wav'), ('item_num', 34), ('correct_response', 0)])
203.0466 	DATA 	Keypress: 1
203.0530 	EXP 	text_2afc_response_yes_trial_2: autoDraw = False
203.0530 	EXP 	text_2afc_response_no_trial_2: autoDraw = False
203.0530 	EXP 	text_2afc_question_trial_2: autoDraw = False
203.0530 	EXP 	text_2afc_question_trial_2: autoDraw = True
203.2874 	EXP 	text_2afc_response_yes_trial_2: autoDraw = True
203.2874 	EXP 	text_2afc_response_no_trial_2: autoDraw = True
205.1553 	EXP 	New trial (rep=0, index=21): OrderedDict([('fat', 'conditions/french/fat_5_7.wav'), ('fit', 'conditions/french/fit_5_7.wav'), ('pat', 'conditions/french/pat_5_7.wav'), ('pic', 'conditions/french/pic_5_7.wav'), ('item_num', 35), ('correct_response', 0)])
205.1648 	DATA 	Keypress: 0
205.1702 	EXP 	text_2afc_response_yes_trial_2: autoDraw = False
205.1702 	EXP 	text_2afc_response_no_trial_2: autoDraw = False
205.1702 	EXP 	text_2afc_question_trial_2: autoDraw = False
205.1702 	EXP 	text_2afc_question_trial_2: autoDraw = True
205.4033 	EXP 	text_2afc_response_yes_trial_2: autoDraw = True
205.4033 	EXP 	text_2afc_response_no_trial_2: autoDraw = True
207.4542 	EXP 	New trial (rep=0, index=22): OrderedDict([('fat', 'conditions/french/fat_6_3.wav'), ('fit', 'conditions/french/fit_6_3.wav'), ('pat', 'conditions/french/pat_6_3.wav'), ('pic', 'conditions/french/pic_6_3.wav'), ('item_num', 38), ('correct_response', 0)])
207.4641 	DATA 	Keypress: 1
207.4700 	EXP 	text_2afc_response_yes_trial_2: autoDraw = False
207.4700 	EXP 	text_2afc_response_no_trial_2: autoDraw = False
207.4700 	EXP 	text_2afc_question_trial_2: autoDraw = False
207.4700 	EXP 	text_2afc_question_trial_2: autoDraw = True
207.7043 	EXP 	text_2afc_response_yes_trial_2: autoDraw = True
207.7043 	EXP 	text_2afc_response_no_trial_2: autoDraw = True
209.6882 	EXP 	New trial (rep=0, index=23): OrderedDict([('fat', 'conditions/french/fat_2_5.wav'), ('fit', 'conditions/french/fit_2_5.wav'), ('pat', 'conditions/french/pat_2_5.wav'), ('pic', 'conditions/french/pic_2_5.wav'), ('item_num', 12), ('correct_response', 0)])
209.6969 	DATA 	Keypress: 0
209.7025 	EXP 	text_2afc_response_yes_trial_2: autoDraw = False
209.7025 	EXP 	text_2afc_response_no_trial_2: autoDraw = False
209.7025 	EXP 	text_2afc_question_trial_2: autoDraw = False
209.7025 	EXP 	text_2afc_question_trial_2: autoDraw = True
209.9374 	EXP 	text_2afc_response_yes_trial_2: autoDraw = True
209.9374 	EXP 	text_2afc_response_no_trial_2: autoDraw = True
212.2208 	EXP 	New trial (rep=0, index=24): OrderedDict([('fat', 'conditions/french/fat_7_1.wav'), ('fit', 'conditions/french/fit_7_1.wav'), ('pat', 'conditions/french/pat_7_1.wav'), ('pic', 'conditions/french/pic_7_1.wav'), ('item_num', 43), ('correct_response', 0)])
212.2309 	DATA 	Keypress: 1
212.2369 	EXP 	text_2afc_response_yes_trial_2: autoDraw = False
212.2369 	EXP 	text_2afc_response_no_trial_2: autoDraw = False
212.2369 	EXP 	text_2afc_question_trial_2: autoDraw = False
212.2369 	EXP 	text_2afc_question_trial_2: autoDraw = True
212.4710 	EXP 	text_2afc_response_yes_trial_2: autoDraw = True
212.4710 	EXP 	text_2afc_response_no_trial_2: autoDraw = True
215.4225 	EXP 	New trial (rep=0, index=25): OrderedDict([('fat', 'conditions/french/fat_6_2.wav'), ('fit', 'conditions/french/fit_6_2.wav'), ('pat', 'conditions/french/pat_6_2.wav'), ('pic', 'conditions/french/pic_6_2.wav'), ('item_num', 37), ('correct_response', 0)])
215.4315 	DATA 	Keypress: 0
215.4367 	EXP 	text_2afc_response_yes_trial_2: autoDraw = False
215.4367 	EXP 	text_2afc_response_no_trial_2: autoDraw = False
215.4367 	EXP 	text_2afc_question_trial_2: autoDraw = False
215.4367 	EXP 	text_2afc_question_trial_2: autoDraw = True
215.6712 	EXP 	text_2afc_response_yes_trial_2: autoDraw = True
215.6712 	EXP 	text_2afc_response_no_trial_2: autoDraw = True
218.0373 	EXP 	New trial (rep=0, index=26): OrderedDict([('fat', 'conditions/french/fat_3_3.wav'), ('fit', 'conditions/french/fit_3_3.wav'), ('pat', 'conditions/french/pat_3_3.wav'), ('pic', 'conditions/french/pic_3_3.wav'), ('item_num', 17), ('correct_response', 1)])
218.0461 	DATA 	Keypress: 1
218.0528 	EXP 	text_2afc_response_yes_trial_2: autoDraw = False
218.0528 	EXP 	text_2afc_response_no_trial_2: autoDraw = False
218.0528 	EXP 	text_2afc_question_trial_2: autoDraw = False
218.0528 	EXP 	text_2afc_question_trial_2: autoDraw = True
218.2878 	EXP 	text_2afc_response_yes_trial_2: autoDraw = True
218.2878 	EXP 	text_2afc_response_no_trial_2: autoDraw = True
220.7711 	EXP 	New trial (rep=0, index=27): OrderedDict([('fat', 'conditions/french/fat_7_6.wav'), ('fit', 'conditions/french/fit_7_6.wav'), ('pat', 'conditions/french/pat_7_6.wav'), ('pic', 'conditions/french/pic_7_6.wav'), ('item_num', 48), ('correct_response', 0)])
220.7816 	DATA 	Keypress: 0
220.7871 	EXP 	text_2afc_response_yes_trial_2: autoDraw = False
220.7871 	EXP 	text_2afc_response_no_trial_2: autoDraw = False
220.7871 	EXP 	text_2afc_question_trial_2: autoDraw = False
220.7871 	EXP 	text_2afc_question_trial_2: autoDraw = True
221.0209 	EXP 	text_2afc_response_yes_trial_2: autoDraw = True
221.0209 	EXP 	text_2afc_response_no_trial_2: autoDraw = True
223.0555 	EXP 	New trial (rep=0, index=28): OrderedDict([('fat', 'conditions/french/fat_4_3.wav'), ('fit', 'conditions/french/fit_4_3.wav'), ('pat', 'conditions/french/pat_4_3.wav'), ('pic', 'conditions/french/pic_4_3.wav'), ('item_num', 24), ('correct_response', 0)])
223.0634 	DATA 	Keypress: 0
223.0702 	EXP 	text_2afc_response_yes_trial_2: autoDraw = False
223.0702 	EXP 	text_2afc_response_no_trial_2: autoDraw = False
223.0702 	EXP 	text_2afc_question_trial_2: autoDraw = False
223.0702 	EXP 	text_2afc_question_trial_2: autoDraw = True
223.3047 	EXP 	text_2afc_response_yes_trial_2: autoDraw = True
223.3047 	EXP 	text_2afc_response_no_trial_2: autoDraw = True
225.2559 	EXP 	New trial (rep=0, index=29): OrderedDict([('fat', 'conditions/french/fat_7_4.wav'), ('fit', 'conditions/french/fit_7_4.wav'), ('pat', 'conditions/french/pat_7_4.wav'), ('pic', 'conditions/french/pic_7_4.wav'), ('item_num', 46), ('correct_response', 0)])
225.2643 	DATA 	Keypress: 1
225.2702 	EXP 	text_2afc_response_yes_trial_2: autoDraw = False
225.2702 	EXP 	text_2afc_response_no_trial_2: autoDraw = False
225.2702 	EXP 	text_2afc_question_trial_2: autoDraw = False
225.2702 	EXP 	text_2afc_question_trial_2: autoDraw = True
225.5047 	EXP 	text_2afc_response_yes_trial_2: autoDraw = True
225.5047 	EXP 	text_2afc_response_no_trial_2: autoDraw = True
227.7118 	DATA 	Keypress: 0
227.7217 	EXP 	New trial (rep=0, index=30): OrderedDict([('fat', 'conditions/french/fat_2_6.wav'), ('fit', 'conditions/french/fit_2_6.wav'), ('pat', 'conditions/french/pat_2_6.wav'), ('pic', 'conditions/french/pic_2_6.wav'), ('item_num', 13), ('correct_response', 0)])
227.7382 	EXP 	text_2afc_response_yes_trial_2: autoDraw = False
227.7382 	EXP 	text_2afc_response_no_trial_2: autoDraw = False
227.7382 	EXP 	text_2afc_question_trial_2: autoDraw = False
227.7382 	EXP 	text_2afc_question_trial_2: autoDraw = True
227.9712 	EXP 	text_2afc_response_yes_trial_2: autoDraw = True
227.9712 	EXP 	text_2afc_response_no_trial_2: autoDraw = True
230.5123 	DATA 	Keypress: 1
230.5221 	EXP 	New trial (rep=0, index=31): OrderedDict([('fat', 'conditions/french/fat_1_1.wav'), ('fit', 'conditions/french/fit_1_1.wav'), ('pat', 'conditions/french/pat_1_1.wav'), ('pic', 'conditions/french/pic_1_1.wav'), ('item_num', 1), ('correct_response', 1)])
230.5381 	EXP 	text_2afc_response_yes_trial_2: autoDraw = False
230.5381 	EXP 	text_2afc_response_no_trial_2: autoDraw = False
230.5381 	EXP 	text_2afc_question_trial_2: autoDraw = False
230.5381 	EXP 	text_2afc_question_trial_2: autoDraw = True
230.7710 	EXP 	text_2afc_response_yes_trial_2: autoDraw = True
230.7710 	EXP 	text_2afc_response_no_trial_2: autoDraw = True
232.9223 	EXP 	New trial (rep=0, index=32): OrderedDict([('fat', 'conditions/french/fat_7_7.wav'), ('fit', 'conditions/french/fit_7_7.wav'), ('pat', 'conditions/french/pat_7_7.wav'), ('pic', 'conditions/french/pic_7_7.wav'), ('item_num', 49), ('correct_response', 1)])
232.9304 	DATA 	Keypress: 0
232.9370 	EXP 	text_2afc_response_yes_trial_2: autoDraw = False
232.9370 	EXP 	text_2afc_response_no_trial_2: autoDraw = False
232.9370 	EXP 	text_2afc_question_trial_2: autoDraw = False
232.9370 	EXP 	text_2afc_question_trial_2: autoDraw = True
233.1710 	EXP 	text_2afc_response_yes_trial_2: autoDraw = True
233.1710 	EXP 	text_2afc_response_no_trial_2: autoDraw = True
235.5049 	EXP 	New trial (rep=0, index=33): OrderedDict([('fat', 'conditions/french/fat_6_7.wav'), ('fit', 'conditions/french/fit_6_7.wav'), ('pat', 'conditions/french/pat_6_7.wav'), ('pic', 'conditions/french/pic_6_7.wav'), ('item_num', 42), ('correct_response', 0)])
235.5146 	DATA 	Keypress: 0
235.5208 	EXP 	text_2afc_response_yes_trial_2: autoDraw = False
235.5208 	EXP 	text_2afc_response_no_trial_2: autoDraw = False
235.5208 	EXP 	text_2afc_question_trial_2: autoDraw = False
235.5208 	EXP 	text_2afc_question_trial_2: autoDraw = True
235.7545 	EXP 	text_2afc_response_yes_trial_2: autoDraw = True
235.7545 	EXP 	text_2afc_response_no_trial_2: autoDraw = True
238.0561 	EXP 	New trial (rep=0, index=34): OrderedDict([('fat', 'conditions/french/fat_4_6.wav'), ('fit', 'conditions/french/fit_4_6.wav'), ('pat', 'conditions/french/pat_4_6.wav'), ('pic', 'conditions/french/pic_4_6.wav'), ('item_num', 27), ('correct_response', 0)])
238.0659 	DATA 	Keypress: 1
238.0706 	EXP 	text_2afc_response_yes_trial_2: autoDraw = False
238.0706 	EXP 	text_2afc_response_no_trial_2: autoDraw = False
238.0706 	EXP 	text_2afc_question_trial_2: autoDraw = False
238.0706 	EXP 	text_2afc_question_trial_2: autoDraw = True
238.3050 	EXP 	text_2afc_response_yes_trial_2: autoDraw = True
238.3050 	EXP 	text_2afc_response_no_trial_2: autoDraw = True
240.5558 	EXP 	New trial (rep=0, index=35): OrderedDict([('fat', 'conditions/french/fat_1_6.wav'), ('fit', 'conditions/french/fit_1_6.wav'), ('pat', 'conditions/french/pat_1_6.wav'), ('pic', 'conditions/french/pic_1_6.wav'), ('item_num', 6), ('correct_response', 0)])
240.5643 	DATA 	Keypress: 0
240.5704 	EXP 	text_2afc_response_yes_trial_2: autoDraw = False
240.5704 	EXP 	text_2afc_response_no_trial_2: autoDraw = False
240.5704 	EXP 	text_2afc_question_trial_2: autoDraw = False
240.5704 	EXP 	text_2afc_question_trial_2: autoDraw = True
240.8048 	EXP 	text_2afc_response_yes_trial_2: autoDraw = True
240.8048 	EXP 	text_2afc_response_no_trial_2: autoDraw = True
243.1229 	EXP 	New trial (rep=0, index=36): OrderedDict([('fat', 'conditions/french/fat_2_3.wav'), ('fit', 'conditions/french/fit_2_3.wav'), ('pat', 'conditions/french/pat_2_3.wav'), ('pic', 'conditions/french/pic_2_3.wav'), ('item_num', 10), ('correct_response', 0)])
243.1317 	DATA 	Keypress: 0
243.1374 	EXP 	text_2afc_response_yes_trial_2: autoDraw = False
243.1374 	EXP 	text_2afc_response_no_trial_2: autoDraw = False
243.1374 	EXP 	text_2afc_question_trial_2: autoDraw = False
243.1374 	EXP 	text_2afc_question_trial_2: autoDraw = True
243.3713 	EXP 	text_2afc_response_yes_trial_2: autoDraw = True
243.3713 	EXP 	text_2afc_response_no_trial_2: autoDraw = True
245.4064 	EXP 	New trial (rep=0, index=37): OrderedDict([('fat', 'conditions/french/fat_4_4.wav'), ('fit', 'conditions/french/fit_4_4.wav'), ('pat', 'conditions/french/pat_4_4.wav'), ('pic', 'conditions/french/pic_4_4.wav'), ('item_num', 25), ('correct_response', 1)])
245.4146 	DATA 	Keypress: 1
245.4206 	EXP 	text_2afc_response_yes_trial_2: autoDraw = False
245.4206 	EXP 	text_2afc_response_no_trial_2: autoDraw = False
245.4206 	EXP 	text_2afc_question_trial_2: autoDraw = False
245.4206 	EXP 	text_2afc_question_trial_2: autoDraw = True
245.6550 	EXP 	text_2afc_response_yes_trial_2: autoDraw = True
245.6550 	EXP 	text_2afc_response_no_trial_2: autoDraw = True
247.4725 	EXP 	New trial (rep=0, index=38): OrderedDict([('fat', 'conditions/french/fat_1_5.wav'), ('fit', 'conditions/french/fit_1_5.wav'), ('pat', 'conditions/french/pat_1_5.wav'), ('pic', 'conditions/french/pic_1_5.wav'), ('item_num', 5), ('correct_response', 0)])
247.4822 	DATA 	Keypress: 1
247.4875 	EXP 	text_2afc_response_yes_trial_2: autoDraw = False
247.4875 	EXP 	text_2afc_response_no_trial_2: autoDraw = False
247.4875 	EXP 	text_2afc_question_trial_2: autoDraw = False
247.4875 	EXP 	text_2afc_question_trial_2: autoDraw = True
247.7211 	EXP 	text_2afc_response_yes_trial_2: autoDraw = True
247.7211 	EXP 	text_2afc_response_no_trial_2: autoDraw = True
249.8227 	EXP 	New trial (rep=0, index=39): OrderedDict([('fat', 'conditions/french/fat_5_2.wav'), ('fit', 'conditions/french/fit_5_2.wav'), ('pat', 'conditions/french/pat_5_2.wav'), ('pic', 'conditions/french/pic_5_2.wav'), ('item_num', 30), ('correct_response', 0)])
249.8313 	DATA 	Keypress: 0
249.8374 	EXP 	text_2afc_response_yes_trial_2: autoDraw = False
249.8374 	EXP 	text_2afc_response_no_trial_2: autoDraw = False
249.8374 	EXP 	text_2afc_question_trial_2: autoDraw = False
249.8374 	EXP 	text_2afc_question_trial_2: autoDraw = True
250.0722 	EXP 	text_2afc_response_yes_trial_2: autoDraw = True
250.0722 	EXP 	text_2afc_response_no_trial_2: autoDraw = True
252.1054 	EXP 	New trial (rep=0, index=40): OrderedDict([('fat', 'conditions/french/fat_3_4.wav'), ('fit', 'conditions/french/fit_3_4.wav'), ('pat', 'conditions/french/pat_3_4.wav'), ('pic', 'conditions/french/pic_3_4.wav'), ('item_num', 18), ('correct_response', 0)])
252.1144 	DATA 	Keypress: 1
252.1209 	EXP 	text_2afc_response_yes_trial_2: autoDraw = False
252.1209 	EXP 	text_2afc_response_no_trial_2: autoDraw = False
252.1209 	EXP 	text_2afc_question_trial_2: autoDraw = False
252.1209 	EXP 	text_2afc_question_trial_2: autoDraw = True
252.3547 	EXP 	text_2afc_response_yes_trial_2: autoDraw = True
252.3547 	EXP 	text_2afc_response_no_trial_2: autoDraw = True
254.3891 	EXP 	New trial (rep=0, index=41): OrderedDict([('fat', 'conditions/french/fat_1_7.wav'), ('fit', 'conditions/french/fit_1_7.wav'), ('pat', 'conditions/french/pat_1_7.wav'), ('pic', 'conditions/french/pic_1_7.wav'), ('item_num', 7), ('correct_response', 0)])
254.3991 	DATA 	Keypress: 0
254.4046 	EXP 	text_2afc_response_yes_trial_2: autoDraw = False
254.4046 	EXP 	text_2afc_response_no_trial_2: autoDraw = False
254.4046 	EXP 	text_2afc_question_trial_2: autoDraw = False
254.4046 	EXP 	text_2afc_question_trial_2: autoDraw = True
254.6386 	EXP 	text_2afc_response_yes_trial_2: autoDraw = True
254.6386 	EXP 	text_2afc_response_no_trial_2: autoDraw = True
256.6233 	EXP 	New trial (rep=0, index=42): OrderedDict([('fat', 'conditions/french/fat_7_3.wav'), ('fit', 'conditions/french/fit_7_3.wav'), ('pat', 'conditions/french/pat_7_3.wav'), ('pic', 'conditions/french/pic_7_3.wav'), ('item_num', 45), ('correct_response', 0)])
256.6325 	DATA 	Keypress: 0
256.6381 	EXP 	text_2afc_response_yes_trial_2: autoDraw = False
256.6381 	EXP 	text_2afc_response_no_trial_2: autoDraw = False
256.6381 	EXP 	text_2afc_question_trial_2: autoDraw = False
256.6381 	EXP 	text_2afc_question_trial_2: autoDraw = True
256.8717 	EXP 	text_2afc_response_yes_trial_2: autoDraw = True
256.8717 	EXP 	text_2afc_response_no_trial_2: autoDraw = True
258.8720 	EXP 	New trial (rep=0, index=43): OrderedDict([('fat', 'conditions/french/fat_6_4.wav'), ('fit', 'conditions/french/fit_6_4.wav'), ('pat', 'conditions/french/pat_6_4.wav'), ('pic', 'conditions/french/pic_6_4.wav'), ('item_num', 39), ('correct_response', 0)])
258.8814 	DATA 	Keypress: 1
258.8879 	EXP 	text_2afc_response_yes_trial_2: autoDraw = False
258.8879 	EXP 	text_2afc_response_no_trial_2: autoDraw = False
258.8879 	EXP 	text_2afc_question_trial_2: autoDraw = False
258.8879 	EXP 	text_2afc_question_trial_2: autoDraw = True
259.1210 	EXP 	text_2afc_response_yes_trial_2: autoDraw = True
259.1210 	EXP 	text_2afc_response_no_trial_2: autoDraw = True
261.2903 	EXP 	New trial (rep=0, index=44): OrderedDict([('fat', 'conditions/french/fat_1_4.wav'), ('fit', 'conditions/french/fit_1_4.wav'), ('pat', 'conditions/french/pat_1_4.wav'), ('pic', 'conditions/french/pic_1_4.wav'), ('item_num', 4), ('correct_response', 0)])
261.2995 	DATA 	Keypress: 1
261.3048 	EXP 	text_2afc_response_yes_trial_2: autoDraw = False
261.3048 	EXP 	text_2afc_response_no_trial_2: autoDraw = False
261.3048 	EXP 	text_2afc_question_trial_2: autoDraw = False
261.3048 	EXP 	text_2afc_question_trial_2: autoDraw = True
261.5389 	EXP 	text_2afc_response_yes_trial_2: autoDraw = True
261.5389 	EXP 	text_2afc_response_no_trial_2: autoDraw = True
263.3719 	EXP 	New trial (rep=0, index=45): OrderedDict([('fat', 'conditions/french/fat_5_4.wav'), ('fit', 'conditions/french/fit_5_4.wav'), ('pat', 'conditions/french/pat_5_4.wav'), ('pic', 'conditions/french/pic_5_4.wav'), ('item_num', 32), ('correct_response', 0)])
263.3817 	DATA 	Keypress: 0
263.3883 	EXP 	text_2afc_response_yes_trial_2: autoDraw = False
263.3883 	EXP 	text_2afc_response_no_trial_2: autoDraw = False
263.3883 	EXP 	text_2afc_question_trial_2: autoDraw = False
263.3883 	EXP 	text_2afc_question_trial_2: autoDraw = True
263.6218 	EXP 	text_2afc_response_yes_trial_2: autoDraw = True
263.6218 	EXP 	text_2afc_response_no_trial_2: autoDraw = True
265.6899 	EXP 	New trial (rep=0, index=46): OrderedDict([('fat', 'conditions/french/fat_3_1.wav'), ('fit', 'conditions/french/fit_3_1.wav'), ('pat', 'conditions/french/pat_3_1.wav'), ('pic', 'conditions/french/pic_3_1.wav'), ('item_num', 15), ('correct_response', 0)])
265.6992 	DATA 	Keypress: 0
265.7046 	EXP 	text_2afc_response_yes_trial_2: autoDraw = False
265.7046 	EXP 	text_2afc_response_no_trial_2: autoDraw = False
265.7046 	EXP 	text_2afc_question_trial_2: autoDraw = False
265.7046 	EXP 	text_2afc_question_trial_2: autoDraw = True
265.9385 	EXP 	text_2afc_response_yes_trial_2: autoDraw = True
265.9385 	EXP 	text_2afc_response_no_trial_2: autoDraw = True
267.9723 	EXP 	New trial (rep=0, index=47): OrderedDict([('fat', 'conditions/french/fat_3_2.wav'), ('fit', 'conditions/french/fit_3_2.wav'), ('pat', 'conditions/french/pat_3_2.wav'), ('pic', 'conditions/french/pic_3_2.wav'), ('item_num', 16), ('correct_response', 0)])
267.9823 	DATA 	Keypress: 0
267.9879 	EXP 	text_2afc_response_yes_trial_2: autoDraw = False
267.9879 	EXP 	text_2afc_response_no_trial_2: autoDraw = False
267.9879 	EXP 	text_2afc_question_trial_2: autoDraw = False
267.9879 	EXP 	text_2afc_question_trial_2: autoDraw = True
268.2219 	EXP 	text_2afc_response_yes_trial_2: autoDraw = True
268.2219 	EXP 	text_2afc_response_no_trial_2: autoDraw = True
270.1398 	EXP 	New trial (rep=0, index=48): OrderedDict([('fat', 'conditions/french/fat_4_7.wav'), ('fit', 'conditions/french/fit_4_7.wav'), ('pat', 'conditions/french/pat_4_7.wav'), ('pic', 'conditions/french/pic_4_7.wav'), ('item_num', 28), ('correct_response', 0)])
270.1492 	DATA 	Keypress: 1
270.1547 	EXP 	text_2afc_response_yes_trial_2: autoDraw = False
270.1547 	EXP 	text_2afc_response_no_trial_2: autoDraw = False
270.1547 	EXP 	text_2afc_question_trial_2: autoDraw = False
270.1547 	EXP 	text_2afc_question_trial_2: autoDraw = True
270.3885 	EXP 	text_2afc_response_yes_trial_2: autoDraw = True
270.3885 	EXP 	text_2afc_response_no_trial_2: autoDraw = True
272.3453 	DATA 	Keypress: 0
272.3555 	EXP 	text_2afc_response_yes_trial_2: autoDraw = False
272.3555 	EXP 	text_2afc_response_no_trial_2: autoDraw = False
272.3555 	EXP 	text_2afc_question_trial_2: autoDraw = False
272.3649 	INFO 	saved data to '/Users/kyleparrish/Documents/exp/data/_empathy_intonation_perc_2022_Mar_23_1542.csv'
272.3679 	INFO 	saved data to /Users/kyleparrish/Documents/exp/data/_empathy_intonation_perc_2022_Mar_23_1542.psydat
272.3856 	EXP 	window1: mouseVisible = True
272.5133 	DEBUG 	Saving data for empathy_intonation_perc ExperimentHandler
