0.6999 	WARNING 	We strongly recommend you activate the PTB sound engine in PsychoPy prefs as the preferred audio engine. Its timing is vastly superior. Your prefs are currently set to use ['sounddevice', 'PTB', 'pyo', 'pygame'] (in that order).
4.5103 	WARNING 	User requested fullscreen with size [1024  768], but screen is actually [1440, 900]. Using actual size
5.1059 	EXP 	Created window1 = Window(allowGUI=False, allowStencil=False, autoLog=True, backendConf=UNKNOWN, bitsMode=UNKNOWN, blendMode='avg', bpc=(8, 8, 8), color=array([0, 0, 0]), colorSpace='rgb', depthBits=8, fullscr=<method-wrapper '__getattribute__' of attributeSetter object at 0x7fba90d25ac8>, gamma=None, gammaErrorPolicy='raise', lms=UNKNOWN, monitor=<psychopy.monitors.calibTools.Monitor object at 0x7fba76fa7a20>, multiSample=False, name='window1', numSamples=2, pos=[360.0, 225.0], screen=0, size=array([2880, 1800]), stencilBits=0, stereo=False, units='height', useFBO=True, useRetina=True, viewOri=0.0, viewPos=None, viewScale=None, waitBlanking=True, winType='pyglet')
5.1061 	EXP 	window1: mouseVisible = True
5.1062 	EXP 	window1: recordFrameIntervals = False
5.2718 	EXP 	window1: recordFrameIntervals = True
5.4557 	EXP 	window1: recordFrameIntervals = False
6.0557 	EXP 	Created fleece = TextStim(__class__=<class 'psychopy.visual.text.TextStim'>, alignHoriz=method-wrapper(...), alignText='center', alignVert=method-wrapper(...), anchorHoriz='center', anchorVert='center', antialias=True, autoLog=True, bold=False, color=array([1., 1., 1.]), colorSpace='rgb', contrast=1.0, depth=0.0, flipHoriz=False, flipVert=False, font='Open Sans', fontFiles=[], height=0.1, italic=False, languageStyle='LTR', name='fleece', opacity=1, ori=0.0, pos=array([-2.,  5.]), rgb=UNKNOWN, text='fleece /i/', units='height', win=Window(...), wrapWidth=1)
6.0558 	EXP 	window1: mouseVisible = True
6.5555 	EXP 	fleece: autoDraw = True
7.3676 	DATA 	Keypress: escape
7.4771 	EXP 	window1: mouseVisible = True
0.5636 	WARNING 	We strongly recommend you activate the PTB sound engine in PsychoPy prefs as the preferred audio engine. Its timing is vastly superior. Your prefs are currently set to use ['sounddevice', 'PTB', 'pyo', 'pygame'] (in that order).
4.6650 	WARNING 	User requested fullscreen with size [1024  768], but screen is actually [1440, 900]. Using actual size
5.1920 	EXP 	Created window1 = Window(allowGUI=False, allowStencil=False, autoLog=True, backendConf=UNKNOWN, bitsMode=UNKNOWN, blendMode='avg', bpc=(8, 8, 8), color=array([0, 0, 0]), colorSpace='rgb', depthBits=8, fullscr=<method-wrapper '__getattribute__' of attributeSetter object at 0x7fe766ed3ac8>, gamma=None, gammaErrorPolicy='raise', lms=UNKNOWN, monitor=<psychopy.monitors.calibTools.Monitor object at 0x7fe7668eda90>, multiSample=False, name='window1', numSamples=2, pos=[360.0, 225.0], screen=0, size=array([2880, 1800]), stencilBits=0, stereo=False, units='height', useFBO=True, useRetina=True, viewOri=0.0, viewPos=None, viewScale=None, waitBlanking=True, winType='pyglet')
5.1922 	EXP 	window1: mouseVisible = True
5.1922 	EXP 	window1: recordFrameIntervals = False
5.3592 	EXP 	window1: recordFrameIntervals = True
5.5139 	WARNING 	t of last frame was 20.85ms (=1/47)
5.6954 	EXP 	window1: recordFrameIntervals = False
6.6101 	EXP 	Created fleece = TextStim(__class__=<class 'psychopy.visual.text.TextStim'>, alignHoriz=method-wrapper(...), alignText='center', alignVert=method-wrapper(...), anchorHoriz='center', anchorVert='center', antialias=True, autoLog=True, bold=False, color=array([1., 1., 1.]), colorSpace='rgb', contrast=1.0, depth=0.0, flipHoriz=False, flipVert=False, font='Open Sans', fontFiles=[], height=0.1, italic=False, languageStyle='LTR', name='fleece', opacity=1, ori=0.0, pos=array([-0.2,  0.5]), rgb=UNKNOWN, text='fleece /i/', units='height', win=Window(...), wrapWidth=1)
6.6103 	EXP 	window1: mouseVisible = True
7.1097 	EXP 	fleece: autoDraw = True
8.5942 	DATA 	Mouse: Left button down, pos=(583,878)
8.6082 	EXP 	fleece: autoDraw = False
8.6389 	EXP 	window1: mouseVisible = True
