0.8976 	WARNING 	We strongly recommend you activate the PTB sound engine in PsychoPy prefs as the preferred audio engine. Its timing is vastly superior. Your prefs are currently set to use ['sounddevice', 'PTB', 'pyo', 'pygame'] (in that order).
6.1294 	WARNING 	User requested fullscreen with size [1024  768], but screen is actually [1440, 900]. Using actual size
6.8075 	EXP 	Created window1 = Window(allowGUI=False, allowStencil=False, autoLog=True, backendConf=UNKNOWN, bitsMode=UNKNOWN, blendMode='avg', bpc=(8, 8, 8), color=array([0, 0, 0]), colorSpace='rgb', depthBits=8, fullscr=<method-wrapper '__getattribute__' of attributeSetter object at 0x7f94cccd3b38>, gamma=None, gammaErrorPolicy='raise', lms=UNKNOWN, monitor=<psychopy.monitors.calibTools.Monitor object at 0x7f94cc79d9b0>, multiSample=False, name='window1', numSamples=2, pos=[360.0, 225.0], screen=0, size=array([2880, 1800]), stencilBits=0, stereo=False, units='height', useFBO=True, useRetina=True, viewOri=0.0, viewPos=None, viewScale=None, waitBlanking=True, winType='pyglet')
6.8077 	EXP 	window1: mouseVisible = True
6.8077 	EXP 	window1: recordFrameIntervals = False
6.9743 	EXP 	window1: recordFrameIntervals = True
7.1574 	EXP 	window1: recordFrameIntervals = False
7.9301 	EXP 	window1: mouseVisible = True
7.9414 	EXP 	Created slider = Slider(__class__=<class 'psychopy.visual.slider.Slider'>, autoDraw=False, autoLog=True, borderColor=None, color=None, colorSpace='rgb', depth=0, fillColor=None, flip=False, font='Open Sans', granularity=0.0, labelHeight=0.05, labelWrapWidth=None, labels=None, name='slider', opacity=None, pos=(0, -0.4), readOnly=False, self=UNKNOWN, size=(1.0, 0.1), startValue=None, style=method-wrapper(...), styleTweaks=method-wrapper(...), ticks=array([1, 2, 3, 4, 5, 6, 7]), units='height', win=Window(...))
7.9742 	EXP 	Created fleece = TextStim(__class__=<class 'psychopy.visual.text.TextStim'>, alignHoriz=method-wrapper(...), alignText='center', alignVert=method-wrapper(...), anchorHoriz='center', anchorVert='center', antialias=True, autoLog=True, bold=False, color=array([1., 1., 1.]), colorSpace='rgb', contrast=1.0, depth=-1.0, flipHoriz=False, flipVert=False, font='Open Sans', fontFiles=[], height=0.1, italic=False, languageStyle='LTR', name='fleece', opacity=1, ori=0.0, pos=array([-2.,  5.]), rgb=UNKNOWN, text='fleece /i/', units='height', win=Window(...), wrapWidth=1)
8.0660 	EXP 	slider: autoLog = True
8.0660 	EXP 	slider: markerPos = None
8.0660 	EXP 	slider: rating = None
8.0660 	EXP 	slider: markerPos = None
8.0660 	EXP 	slider: contrast = 1.0
8.0660 	EXP 	slider: autoLog = True
8.0660 	EXP 	slider: styleTweaks = []
8.0660 	EXP 	slider: style = 'rating'
8.0660 	EXP 	slider: styleTweaks = []
8.0660 	EXP 	slider: markerPos = None
8.0660 	EXP 	slider: markerPos = None
8.0660 	EXP 	slider: rating = None
8.0660 	EXP 	slider: autoDraw = True
8.4901 	EXP 	fleece: autoDraw = True
10.4003 	DATA 	Keypress: space
11.2933 	DATA 	Mouse: Left button down, pos=(712,350)
11.4416 	DATA 	Mouse:  Left button up, pos=(712,351)
12.3597 	DATA 	Mouse: Left button down, pos=(566,93)
12.4359 	EXP 	slider: markerPos = 2.9733333333333336
12.4430 	EXP 	slider: markerPos = 2.9733333333333336
12.4572 	EXP 	slider: markerPos = 2.9733333333333336
12.4739 	EXP 	slider: markerPos = 2.9733333333333336
12.4902 	EXP 	slider: markerPos = 2.9733333333333336
12.5072 	EXP 	slider: markerPos = 2.9733333333333336
12.5234 	EXP 	slider: markerPos = 2.9733333333333336
12.5401 	EXP 	slider: markerPos = 2.9733333333333336
12.5406 	DATA 	Mouse:  Left button up, pos=(566,93)
12.5569 	EXP 	slider: markerPos = 2.9733333333333336
12.5569 	EXP 	slider: rating = 2.9733333333333336
12.5731 	EXP 	slider: autoDraw = False
12.5731 	EXP 	fleece: autoDraw = False
12.5992 	EXP 	window1: mouseVisible = True
