0.6550 	WARNING 	We strongly recommend you activate the PTB sound engine in PsychoPy prefs as the preferred audio engine. Its timing is vastly superior. Your prefs are currently set to use ['sounddevice', 'PTB', 'pyo', 'pygame'] (in that order).
4.8386 	EXP 	Created window1 = Window(allowGUI=False, allowStencil=False, autoLog=True, backendConf=UNKNOWN, bitsMode=UNKNOWN, blendMode='avg', bpc=(8, 8, 8), color=array([0, 0, 0]), colorSpace='rgb', depthBits=8, fullscr=<method-wrapper '__getattribute__' of attributeSetter object at 0x7fe29791d240>, gamma=None, gammaErrorPolicy='raise', lms=UNKNOWN, monitor=<psychopy.monitors.calibTools.Monitor object at 0x7fe2800e20b8>, multiSample=False, name='window1', numSamples=2, pos=[360.0, 225.0], screen=0, size=array([2880, 1800]), stencilBits=0, stereo=False, units='height', useFBO=True, useRetina=True, viewOri=0.0, viewPos=None, viewScale=None, waitBlanking=True, winType='pyglet')
4.8388 	EXP 	window1: mouseVisible = True
4.8388 	EXP 	window1: recordFrameIntervals = False
5.0043 	EXP 	window1: recordFrameIntervals = True
5.1880 	EXP 	window1: recordFrameIntervals = False
5.8360 	EXP 	Created text_6 = TextStim(__class__=<class 'psychopy.visual.text.TextStim'>, alignHoriz=method-wrapper(...), alignText='center', alignVert=method-wrapper(...), anchorHoriz='center', anchorVert='center', antialias=True, autoLog=True, bold=False, color=array([1., 1., 1.]), colorSpace='rgb', contrast=1.0, depth=0.0, flipHoriz=False, flipVert=False, font='Open Sans', fontFiles=[], height=0.04, italic=False, languageStyle='LTR', name='text_6', opacity=1, ori=0.0, pos=array([0., 0.]), rgb=UNKNOWN, text=str(...), units='height', win=Window(...), wrapWidth=1)
6.0912 	EXP 	Sound stimulus_practice set volume 1.000
6.1090 	EXP 	Created ins_5 = TextStim(__class__=<class 'psychopy.visual.text.TextStim'>, alignHoriz=method-wrapper(...), alignText='center', alignVert=method-wrapper(...), anchorHoriz='center', anchorVert='center', antialias=True, autoLog=True, bold=False, color=array([1., 1., 1.]), colorSpace='rgb', contrast=1.0, depth=-1.0, flipHoriz=False, flipVert=False, font='Open Sans', fontFiles=[], height=0.05, italic=False, languageStyle='LTR', name='ins_5', opacity=1, ori=0.0, pos=array([0.  , 0.35]), rgb=UNKNOWN, text=str(...), units='height', win=Window(...), wrapWidth=1)
6.1128 	EXP 	Created cross_5 = TextStim(__class__=<class 'psychopy.visual.text.TextStim'>, alignHoriz=method-wrapper(...), alignText='center', alignVert=method-wrapper(...), anchorHoriz='center', anchorVert='center', antialias=True, autoLog=True, bold=False, color=array([1., 1., 1.]), colorSpace='rgb', contrast=1.0, depth=-2.0, flipHoriz=False, flipVert=False, font='Open Sans', fontFiles=[], height=0.1, italic=False, languageStyle='LTR', name='cross_5', opacity=1, ori=0.0, pos=array([0., 0.]), rgb=UNKNOWN, text='+', units='height', win=Window(...), wrapWidth=1)
6.1174 	EXP 	Created seek_text_practice = TextStim(__class__=<class 'psychopy.visual.text.TextStim'>, alignHoriz=method-wrapper(...), alignText='center', alignVert=method-wrapper(...), anchorHoriz='center', anchorVert='center', antialias=True, autoLog=True, bold=False, color=array([ 1.,  1., -1.]), colorSpace='rgb', contrast=1.0, depth=-3.0, flipHoriz=False, flipVert=False, font='Open Sans', fontFiles=[], height=0.05, italic=False, languageStyle='LTR', name='seek_text_practice', opacity=1, ori=0.0, pos=array([-0.5,  0.2]), rgb=UNKNOWN, text='seek (q)', units='height', win=Window(...), wrapWidth=1)
6.1201 	EXP 	Created sock_text_practice = TextStim(__class__=<class 'psychopy.visual.text.TextStim'>, alignHoriz=method-wrapper(...), alignText='center', alignVert=method-wrapper(...), anchorHoriz='center', anchorVert='center', antialias=True, autoLog=True, bold=False, color=array([ 1.,  1., -1.]), colorSpace='rgb', contrast=1.0, depth=-4.0, flipHoriz=False, flipVert=False, font='Open Sans', fontFiles=[], height=0.05, italic=False, languageStyle='LTR', name='sock_text_practice', opacity=1, ori=0.0, pos=array([0. , 0.2]), rgb=UNKNOWN, text='sock (y)', units='height', win=Window(...), wrapWidth=1)
6.1227 	EXP 	Created such_text_practice = TextStim(__class__=<class 'psychopy.visual.text.TextStim'>, alignHoriz=method-wrapper(...), alignText='center', alignVert=method-wrapper(...), anchorHoriz='center', anchorVert='center', antialias=True, autoLog=True, bold=False, color=array([ 1.,  1., -1.]), colorSpace='rgb', contrast=1.0, depth=-5.0, flipHoriz=False, flipVert=False, font='Open Sans', fontFiles=[], height=0.05, italic=False, languageStyle='LTR', name='such_text_practice', opacity=1, ori=0.0, pos=array([0.5, 0.2]), rgb=UNKNOWN, text='such (p)', units='height', win=Window(...), wrapWidth=1)
6.1252 	EXP 	Created soon_text_practice = TextStim(__class__=<class 'psychopy.visual.text.TextStim'>, alignHoriz=method-wrapper(...), alignText='center', alignVert=method-wrapper(...), anchorHoriz='center', anchorVert='center', antialias=True, autoLog=True, bold=False, color=array([ 1.,  1., -1.]), colorSpace='rgb', contrast=1.0, depth=-6.0, flipHoriz=False, flipVert=False, font='Open Sans', fontFiles=[], height=0.05, italic=False, languageStyle='LTR', name='soon_text_practice', opacity=1, ori=0.0, pos=array([0., 0.]), rgb=UNKNOWN, text='soon (g)', units='height', win=Window(...), wrapWidth=1)
6.1281 	EXP 	Created sin_text_practice = TextStim(__class__=<class 'psychopy.visual.text.TextStim'>, alignHoriz=method-wrapper(...), alignText='center', alignVert=method-wrapper(...), anchorHoriz='center', anchorVert='center', antialias=True, autoLog=True, bold=False, color=array([ 1.        ,  0.09803922, -1.        ]), colorSpace='rgb', contrast=1.0, depth=-7.0, flipHoriz=False, flipVert=False, font='Open Sans', fontFiles=[], height=0.05, italic=False, languageStyle='LTR', name='sin_text_practice', opacity=1, ori=0.0, pos=array([-0.5, -0.2]), rgb=UNKNOWN, text='sin (z)', units='height', win=Window(...), wrapWidth=1)
6.1303 	EXP 	Created son_text_practice = TextStim(__class__=<class 'psychopy.visual.text.TextStim'>, alignHoriz=method-wrapper(...), alignText='center', alignVert=method-wrapper(...), anchorHoriz='center', anchorVert='center', antialias=True, autoLog=True, bold=False, color=array([ 1.        ,  0.09803922, -1.        ]), colorSpace='rgb', contrast=1.0, depth=-8.0, flipHoriz=False, flipVert=False, font='Open Sans', fontFiles=[], height=0.05, italic=False, languageStyle='LTR', name='son_text_practice', opacity=1, ori=0.0, pos=array([ 0.5, -0.2]), rgb=UNKNOWN, text='son (m)', units='height', win=Window(...), wrapWidth=1)
6.1323 	EXP 	Created su_text_practice = TextStim(__class__=<class 'psychopy.visual.text.TextStim'>, alignHoriz=method-wrapper(...), alignText='center', alignVert=method-wrapper(...), anchorHoriz='center', anchorVert='center', antialias=True, autoLog=True, bold=False, color=array([ 1.        ,  0.09803922, -1.        ]), colorSpace='rgb', contrast=1.0, depth=-9.0, flipHoriz=False, flipVert=False, font='Open Sans', fontFiles=[], height=0.05, italic=False, languageStyle='LTR', name='su_text_practice', opacity=1, ori=0.0, pos=array([ 0. , -0.2]), rgb=UNKNOWN, text='su (v)', units='height', win=Window(...), wrapWidth=1)
6.3407 	EXP 	window1: mouseVisible = True
6.3473 	EXP 	Created slider_2 = Slider(__class__=<class 'psychopy.visual.slider.Slider'>, autoDraw=False, autoLog=True, borderColor=None, color=None, colorSpace='rgb', depth=0, fillColor=None, flip=False, font='Open Sans', granularity=0.0, labelHeight=0.05, labelWrapWidth=None, labels=None, name='slider_2', opacity=None, pos=(0, 0), readOnly=False, self=UNKNOWN, size=(1.0, 0.1), startValue=None, style=method-wrapper(...), styleTweaks=method-wrapper(...), ticks=array([1, 2, 3, 4, 5, 6, 7]), units='height', win=Window(...))
6.3584 	EXP 	Created top_ins_2 = TextStim(__class__=<class 'psychopy.visual.text.TextStim'>, alignHoriz=method-wrapper(...), alignText='center', alignVert=method-wrapper(...), anchorHoriz='center', anchorVert='center', antialias=True, autoLog=True, bold=False, color=array([1., 1., 1.]), colorSpace='rgb', contrast=1.0, depth=-1.0, flipHoriz=False, flipVert=False, font='Open Sans', fontFiles=[], height=0.05, italic=False, languageStyle='LTR', name='top_ins_2', opacity=1, ori=0.0, pos=array([0. , 0.4]), rgb=UNKNOWN, text=str(...), units='height', win=Window(...), wrapWidth=1)
6.3667 	EXP 	Created bottom_ins_2 = TextStim(__class__=<class 'psychopy.visual.text.TextStim'>, alignHoriz=method-wrapper(...), alignText='center', alignVert=method-wrapper(...), anchorHoriz='center', anchorVert='center', antialias=True, autoLog=True, bold=False, color=array([1., 1., 1.]), colorSpace='rgb', contrast=1.0, depth=-2.0, flipHoriz=False, flipVert=False, font='Open Sans', fontFiles=[], height=0.04, italic=False, languageStyle='LTR', name='bottom_ins_2', opacity=1, ori=0.0, pos=array([ 0. , -0.4]), rgb=UNKNOWN, text=str(...), units='height', win=Window(...), wrapWidth=1)
6.3711 	EXP 	Created text_4 = TextStim(__class__=<class 'psychopy.visual.text.TextStim'>, alignHoriz=method-wrapper(...), alignText='center', alignVert=method-wrapper(...), anchorHoriz='center', anchorVert='center', antialias=True, autoLog=True, bold=False, color=array([1., 1., 1.]), colorSpace='rgb', contrast=1.0, depth=-3.0, flipHoriz=False, flipVert=False, font='Open Sans', fontFiles=[], height=0.03, italic=False, languageStyle='LTR', name='text_4', opacity=1, ori=0.0, pos=array([ 0.45, -0.1 ]), rgb=UNKNOWN, text='Perfect fit', units='height', win=Window(...), wrapWidth=1)
6.3770 	EXP 	Created text_5 = TextStim(__class__=<class 'psychopy.visual.text.TextStim'>, alignHoriz=method-wrapper(...), alignText='center', alignVert=method-wrapper(...), anchorHoriz='center', anchorVert='center', antialias=True, autoLog=True, bold=False, color=array([1., 1., 1.]), colorSpace='rgb', contrast=1.0, depth=-4.0, flipHoriz=False, flipVert=False, font='Open Sans', fontFiles=[], height=0.03, italic=False, languageStyle='LTR', name='text_5', opacity=1, ori=0.0, pos=array([-0.45, -0.1 ]), rgb=UNKNOWN, text='Does not fit at a all', units='height', win=Window(...), wrapWidth=1)
6.5853 	EXP 	Created text_7 = TextStim(__class__=<class 'psychopy.visual.text.TextStim'>, alignHoriz=method-wrapper(...), alignText='center', alignVert=method-wrapper(...), anchorHoriz='center', anchorVert='center', antialias=True, autoLog=True, bold=False, color=array([1., 1., 1.]), colorSpace='rgb', contrast=1.0, depth=-1.0, flipHoriz=False, flipVert=False, font='Open Sans', fontFiles=[], height=0.08, italic=False, languageStyle='LTR', name='text_7', opacity=1, ori=0.0, pos=array([0., 0.]), rgb=UNKNOWN, text=str(...), units='height', win=Window(...), wrapWidth=1)
6.5853 	EXP 	Sound stimulus_4 set volume 1.000
6.5987 	EXP 	Created ins_4 = TextStim(__class__=<class 'psychopy.visual.text.TextStim'>, alignHoriz=method-wrapper(...), alignText='center', alignVert=method-wrapper(...), anchorHoriz='center', anchorVert='center', antialias=True, autoLog=True, bold=False, color=array([1., 1., 1.]), colorSpace='rgb', contrast=1.0, depth=-1.0, flipHoriz=False, flipVert=False, font='Open Sans', fontFiles=[], height=0.05, italic=False, languageStyle='LTR', name='ins_4', opacity=1, ori=0.0, pos=array([0.  , 0.35]), rgb=UNKNOWN, text=str(...), units='height', win=Window(...), wrapWidth=1)
6.6014 	EXP 	Created cross_4 = TextStim(__class__=<class 'psychopy.visual.text.TextStim'>, alignHoriz=method-wrapper(...), alignText='center', alignVert=method-wrapper(...), anchorHoriz='center', anchorVert='center', antialias=True, autoLog=True, bold=False, color=array([1., 1., 1.]), colorSpace='rgb', contrast=1.0, depth=-2.0, flipHoriz=False, flipVert=False, font='Open Sans', fontFiles=[], height=0.1, italic=False, languageStyle='LTR', name='cross_4', opacity=1, ori=0.0, pos=array([0., 0.]), rgb=UNKNOWN, text='+', units='height', win=Window(...), wrapWidth=1)
6.6058 	EXP 	Created seek_text = TextStim(__class__=<class 'psychopy.visual.text.TextStim'>, alignHoriz=method-wrapper(...), alignText='center', alignVert=method-wrapper(...), anchorHoriz='center', anchorVert='center', antialias=True, autoLog=True, bold=False, color=array([ 1.,  1., -1.]), colorSpace='rgb', contrast=1.0, depth=-3.0, flipHoriz=False, flipVert=False, font='Open Sans', fontFiles=[], height=0.05, italic=False, languageStyle='LTR', name='seek_text', opacity=1, ori=0.0, pos=array([-0.5,  0.2]), rgb=UNKNOWN, text='seek (q)', units='height', win=Window(...), wrapWidth=1)
6.6083 	EXP 	Created sock_text = TextStim(__class__=<class 'psychopy.visual.text.TextStim'>, alignHoriz=method-wrapper(...), alignText='center', alignVert=method-wrapper(...), anchorHoriz='center', anchorVert='center', antialias=True, autoLog=True, bold=False, color=array([ 1.,  1., -1.]), colorSpace='rgb', contrast=1.0, depth=-4.0, flipHoriz=False, flipVert=False, font='Open Sans', fontFiles=[], height=0.05, italic=False, languageStyle='LTR', name='sock_text', opacity=1, ori=0.0, pos=array([0. , 0.2]), rgb=UNKNOWN, text='sock (y)', units='height', win=Window(...), wrapWidth=1)
6.6106 	EXP 	Created such_text = TextStim(__class__=<class 'psychopy.visual.text.TextStim'>, alignHoriz=method-wrapper(...), alignText='center', alignVert=method-wrapper(...), anchorHoriz='center', anchorVert='center', antialias=True, autoLog=True, bold=False, color=array([ 1.,  1., -1.]), colorSpace='rgb', contrast=1.0, depth=-5.0, flipHoriz=False, flipVert=False, font='Open Sans', fontFiles=[], height=0.05, italic=False, languageStyle='LTR', name='such_text', opacity=1, ori=0.0, pos=array([0.5, 0.2]), rgb=UNKNOWN, text='such (p)', units='height', win=Window(...), wrapWidth=1)
6.6129 	EXP 	Created soon_text = TextStim(__class__=<class 'psychopy.visual.text.TextStim'>, alignHoriz=method-wrapper(...), alignText='center', alignVert=method-wrapper(...), anchorHoriz='center', anchorVert='center', antialias=True, autoLog=True, bold=False, color=array([ 1.,  1., -1.]), colorSpace='rgb', contrast=1.0, depth=-6.0, flipHoriz=False, flipVert=False, font='Open Sans', fontFiles=[], height=0.05, italic=False, languageStyle='LTR', name='soon_text', opacity=1, ori=0.0, pos=array([0., 0.]), rgb=UNKNOWN, text='soon (g)', units='height', win=Window(...), wrapWidth=1)
6.6153 	EXP 	Created sin_text = TextStim(__class__=<class 'psychopy.visual.text.TextStim'>, alignHoriz=method-wrapper(...), alignText='center', alignVert=method-wrapper(...), anchorHoriz='center', anchorVert='center', antialias=True, autoLog=True, bold=False, color=array([ 1.        ,  0.09803922, -1.        ]), colorSpace='rgb', contrast=1.0, depth=-7.0, flipHoriz=False, flipVert=False, font='Open Sans', fontFiles=[], height=0.05, italic=False, languageStyle='LTR', name='sin_text', opacity=1, ori=0.0, pos=array([-0.5, -0.2]), rgb=UNKNOWN, text='sin (z)', units='height', win=Window(...), wrapWidth=1)
6.6175 	EXP 	Created son_text = TextStim(__class__=<class 'psychopy.visual.text.TextStim'>, alignHoriz=method-wrapper(...), alignText='center', alignVert=method-wrapper(...), anchorHoriz='center', anchorVert='center', antialias=True, autoLog=True, bold=False, color=array([ 1.        ,  0.09803922, -1.        ]), colorSpace='rgb', contrast=1.0, depth=-8.0, flipHoriz=False, flipVert=False, font='Open Sans', fontFiles=[], height=0.05, italic=False, languageStyle='LTR', name='son_text', opacity=1, ori=0.0, pos=array([ 0.5, -0.2]), rgb=UNKNOWN, text='son (m)', units='height', win=Window(...), wrapWidth=1)
6.6195 	EXP 	Created su_text = TextStim(__class__=<class 'psychopy.visual.text.TextStim'>, alignHoriz=method-wrapper(...), alignText='center', alignVert=method-wrapper(...), anchorHoriz='center', anchorVert='center', antialias=True, autoLog=True, bold=False, color=array([ 1.        ,  0.09803922, -1.        ]), colorSpace='rgb', contrast=1.0, depth=-9.0, flipHoriz=False, flipVert=False, font='Open Sans', fontFiles=[], height=0.05, italic=False, languageStyle='LTR', name='su_text', opacity=1, ori=0.0, pos=array([ 0. , -0.2]), rgb=UNKNOWN, text='su (v)', units='height', win=Window(...), wrapWidth=1)
6.8157 	EXP 	window1: mouseVisible = True
6.8210 	EXP 	Created slider = Slider(__class__=<class 'psychopy.visual.slider.Slider'>, autoDraw=False, autoLog=True, borderColor=None, color=None, colorSpace='rgb', depth=0, fillColor=None, flip=False, font='Open Sans', granularity=0.0, labelHeight=0.05, labelWrapWidth=None, labels=None, name='slider', opacity=None, pos=(0, 0), readOnly=False, self=UNKNOWN, size=(1.0, 0.1), startValue=None, style=method-wrapper(...), styleTweaks=method-wrapper(...), ticks=array([1, 2, 3, 4, 5, 6, 7]), units='height', win=Window(...))
6.8301 	EXP 	Created top_ins = TextStim(__class__=<class 'psychopy.visual.text.TextStim'>, alignHoriz=method-wrapper(...), alignText='center', alignVert=method-wrapper(...), anchorHoriz='center', anchorVert='center', antialias=True, autoLog=True, bold=False, color=array([1., 1., 1.]), colorSpace='rgb', contrast=1.0, depth=-1.0, flipHoriz=False, flipVert=False, font='Open Sans', fontFiles=[], height=0.05, italic=False, languageStyle='LTR', name='top_ins', opacity=1, ori=0.0, pos=array([0. , 0.4]), rgb=UNKNOWN, text=str(...), units='height', win=Window(...), wrapWidth=1)
6.8380 	EXP 	Created bottom_ins = TextStim(__class__=<class 'psychopy.visual.text.TextStim'>, alignHoriz=method-wrapper(...), alignText='center', alignVert=method-wrapper(...), anchorHoriz='center', anchorVert='center', antialias=True, autoLog=True, bold=False, color=array([1., 1., 1.]), colorSpace='rgb', contrast=1.0, depth=-2.0, flipHoriz=False, flipVert=False, font='Open Sans', fontFiles=[], height=0.04, italic=False, languageStyle='LTR', name='bottom_ins', opacity=1, ori=0.0, pos=array([ 0. , -0.4]), rgb=UNKNOWN, text=str(...), units='height', win=Window(...), wrapWidth=1)
6.8420 	EXP 	Created text_2 = TextStim(__class__=<class 'psychopy.visual.text.TextStim'>, alignHoriz=method-wrapper(...), alignText='center', alignVert=method-wrapper(...), anchorHoriz='center', anchorVert='center', antialias=True, autoLog=True, bold=False, color=array([1., 1., 1.]), colorSpace='rgb', contrast=1.0, depth=-3.0, flipHoriz=False, flipVert=False, font='Open Sans', fontFiles=[], height=0.03, italic=False, languageStyle='LTR', name='text_2', opacity=1, ori=0.0, pos=array([ 0.45, -0.1 ]), rgb=UNKNOWN, text='Perfect fit', units='height', win=Window(...), wrapWidth=1)
6.8455 	EXP 	Created text_3 = TextStim(__class__=<class 'psychopy.visual.text.TextStim'>, alignHoriz=method-wrapper(...), alignText='center', alignVert=method-wrapper(...), anchorHoriz='center', anchorVert='center', antialias=True, autoLog=True, bold=False, color=array([1., 1., 1.]), colorSpace='rgb', contrast=1.0, depth=-4.0, flipHoriz=False, flipVert=False, font='Open Sans', fontFiles=[], height=0.03, italic=False, languageStyle='LTR', name='text_3', opacity=1, ori=0.0, pos=array([-0.45, -0.1 ]), rgb=UNKNOWN, text='Does not fit at a all', units='height', win=Window(...), wrapWidth=1)
7.0509 	EXP 	Created text = TextStim(__class__=<class 'psychopy.visual.text.TextStim'>, alignHoriz=method-wrapper(...), alignText='center', alignVert=method-wrapper(...), anchorHoriz='center', anchorVert='center', antialias=True, autoLog=True, bold=False, color=array([1., 1., 1.]), colorSpace='rgb', contrast=1.0, depth=-1.0, flipHoriz=False, flipVert=False, font='Open Sans', fontFiles=[], height=0.1, italic=False, languageStyle='LTR', name='text', opacity=1, ori=0.0, pos=array([0., 0.]), rgb=UNKNOWN, text=str(...), units='height', win=Window(...), wrapWidth=1)
7.0619 	EXP 	slider_2: autoLog = True
7.0619 	EXP 	slider_2: markerPos = None
7.0619 	EXP 	slider_2: rating = None
7.0619 	EXP 	slider_2: markerPos = None
7.0619 	EXP 	slider_2: contrast = 1.0
7.0619 	EXP 	slider_2: autoLog = True
7.0619 	EXP 	slider_2: styleTweaks = []
7.0619 	EXP 	slider_2: style = 'rating'
7.0619 	EXP 	slider_2: styleTweaks = ['triangleMarker']
7.0619 	EXP 	slider: autoLog = True
7.0619 	EXP 	slider: markerPos = None
7.0619 	EXP 	slider: rating = None
7.0619 	EXP 	slider: markerPos = None
7.0619 	EXP 	slider: contrast = 1.0
7.0619 	EXP 	slider: autoLog = True
7.0619 	EXP 	slider: styleTweaks = []
7.0619 	EXP 	slider: style = 'rating'
7.0619 	EXP 	slider: styleTweaks = ['triangleMarker']
7.0619 	EXP 	text_6: autoDraw = True
22.6964 	EXP 	Imported stim/practice.csv as conditions, 2 conditions, 1 params
22.6968 	EXP 	Created sequence: random, trialTypes=2, nReps=1, seed=None
22.6970 	EXP 	New trial (rep=0, index=0): OrderedDict([('stim', 'stim/sos.wav')])
22.7039 	DATA 	Keypress: space
22.7089 	EXP 	text_6: autoDraw = False
22.7089 	EXP 	cross_5: autoDraw = True
23.2045 	EXP 	ins_5: autoDraw = True
23.2045 	EXP 	seek_text_practice: autoDraw = True
23.2045 	EXP 	sock_text_practice: autoDraw = True
23.2045 	EXP 	such_text_practice: autoDraw = True
23.2045 	EXP 	soon_text_practice: autoDraw = True
23.2045 	EXP 	sin_text_practice: autoDraw = True
23.2045 	EXP 	son_text_practice: autoDraw = True
23.2045 	EXP 	su_text_practice: autoDraw = True
23.2215 	EXP 	cross_5: autoDraw = False
26.2126 	DATA 	Keypress: y
26.2229 	EXP 	ins_5: autoDraw = False
26.2229 	EXP 	cross_5: autoDraw = False
26.2229 	EXP 	seek_text_practice: autoDraw = False
26.2229 	EXP 	sock_text_practice: autoDraw = False
26.2229 	EXP 	such_text_practice: autoDraw = False
26.2229 	EXP 	soon_text_practice: autoDraw = False
26.2229 	EXP 	sin_text_practice: autoDraw = False
26.2229 	EXP 	son_text_practice: autoDraw = False
26.2229 	EXP 	su_text_practice: autoDraw = False
26.2229 	EXP 	slider_2: markerPos = None
26.2229 	EXP 	slider_2: markerPos = None
26.2229 	EXP 	slider_2: rating = None
26.2229 	EXP 	slider_2: autoDraw = True
26.2229 	EXP 	top_ins_2: autoDraw = True
26.2229 	EXP 	bottom_ins_2: autoDraw = True
26.2229 	EXP 	text_4: autoDraw = True
26.2229 	EXP 	text_5: autoDraw = True
27.7582 	DATA 	Mouse: Left button down, pos=(1130,471)
27.7880 	EXP 	slider_2: markerPos = 6.74
27.8039 	EXP 	slider_2: markerPos = 6.74
27.8213 	EXP 	slider_2: markerPos = 6.74
27.8383 	EXP 	slider_2: markerPos = 6.74
27.8546 	EXP 	slider_2: markerPos = 6.74
27.8713 	EXP 	slider_2: markerPos = 6.74
27.8885 	EXP 	slider_2: markerPos = 6.74
27.8890 	DATA 	Mouse:  Left button up, pos=(1131,471)
27.9045 	EXP 	slider_2: markerPos = 6.74
27.9045 	EXP 	slider_2: rating = 6.74
27.9070 	EXP 	New trial (rep=0, index=1): OrderedDict([('stim', 'stim/sis.wav')])
27.9212 	EXP 	slider_2: autoDraw = False
27.9212 	EXP 	top_ins_2: autoDraw = False
27.9212 	EXP 	bottom_ins_2: autoDraw = False
27.9212 	EXP 	text_4: autoDraw = False
27.9212 	EXP 	text_5: autoDraw = False
27.9212 	EXP 	cross_5: autoDraw = True
28.4050 	EXP 	ins_5: autoDraw = True
28.4050 	EXP 	seek_text_practice: autoDraw = True
28.4050 	EXP 	sock_text_practice: autoDraw = True
28.4050 	EXP 	such_text_practice: autoDraw = True
28.4050 	EXP 	soon_text_practice: autoDraw = True
28.4050 	EXP 	sin_text_practice: autoDraw = True
28.4050 	EXP 	son_text_practice: autoDraw = True
28.4050 	EXP 	su_text_practice: autoDraw = True
28.4214 	EXP 	cross_5: autoDraw = False
30.9280 	DATA 	Keypress: z
30.9379 	EXP 	ins_5: autoDraw = False
30.9379 	EXP 	cross_5: autoDraw = False
30.9379 	EXP 	seek_text_practice: autoDraw = False
30.9379 	EXP 	sock_text_practice: autoDraw = False
30.9379 	EXP 	such_text_practice: autoDraw = False
30.9379 	EXP 	soon_text_practice: autoDraw = False
30.9379 	EXP 	sin_text_practice: autoDraw = False
30.9379 	EXP 	son_text_practice: autoDraw = False
30.9379 	EXP 	su_text_practice: autoDraw = False
30.9379 	EXP 	slider_2: markerPos = None
30.9379 	EXP 	slider_2: markerPos = None
30.9379 	EXP 	slider_2: rating = None
30.9379 	EXP 	slider_2: autoDraw = True
30.9379 	EXP 	top_ins_2: autoDraw = True
30.9379 	EXP 	bottom_ins_2: autoDraw = True
30.9379 	EXP 	text_4: autoDraw = True
30.9379 	EXP 	text_5: autoDraw = True
32.2218 	DATA 	Mouse: Left button down, pos=(1175,459)
32.2380 	EXP 	slider_2: markerPos = 7.033333333333333
32.2548 	EXP 	slider_2: markerPos = 7.033333333333333
32.2717 	EXP 	slider_2: markerPos = 7.033333333333333
32.2884 	EXP 	slider_2: markerPos = 7.033333333333333
32.3052 	EXP 	slider_2: markerPos = 7.033333333333333
32.3213 	EXP 	slider_2: markerPos = 7.033333333333333
32.3383 	EXP 	slider_2: markerPos = 7.033333333333333
32.3552 	EXP 	slider_2: markerPos = 7.033333333333333
32.3556 	DATA 	Mouse:  Left button up, pos=(1175,459)
32.3714 	EXP 	slider_2: markerPos = 7
32.3714 	EXP 	slider_2: rating = 7
32.3879 	EXP 	slider_2: autoDraw = False
32.3879 	EXP 	top_ins_2: autoDraw = False
32.3879 	EXP 	bottom_ins_2: autoDraw = False
32.3879 	EXP 	text_4: autoDraw = False
32.3879 	EXP 	text_5: autoDraw = False
32.3879 	EXP 	text_7: autoDraw = True
36.6427 	EXP 	Imported stim/conditions.csv as conditions, 4 conditions, 1 params
36.6432 	EXP 	Created sequence: random, trialTypes=4, nReps=5, seed=None
36.6434 	EXP 	New trial (rep=0, index=0): OrderedDict([('stim', 'stim/sus.wav')])
36.6471 	DATA 	Keypress: space
36.6547 	EXP 	text_7: autoDraw = False
36.6547 	EXP 	cross_4: autoDraw = True
37.1380 	EXP 	ins_4: autoDraw = True
37.1380 	EXP 	seek_text: autoDraw = True
37.1380 	EXP 	sock_text: autoDraw = True
37.1380 	EXP 	such_text: autoDraw = True
37.1380 	EXP 	soon_text: autoDraw = True
37.1380 	EXP 	sin_text: autoDraw = True
37.1380 	EXP 	son_text: autoDraw = True
37.1380 	EXP 	su_text: autoDraw = True
37.1550 	EXP 	cross_4: autoDraw = False
39.4295 	DATA 	Keypress: p
39.4396 	EXP 	ins_4: autoDraw = False
39.4396 	EXP 	cross_4: autoDraw = False
39.4396 	EXP 	seek_text: autoDraw = False
39.4396 	EXP 	sock_text: autoDraw = False
39.4396 	EXP 	such_text: autoDraw = False
39.4396 	EXP 	soon_text: autoDraw = False
39.4396 	EXP 	sin_text: autoDraw = False
39.4396 	EXP 	son_text: autoDraw = False
39.4396 	EXP 	su_text: autoDraw = False
39.4396 	EXP 	slider: markerPos = None
39.4396 	EXP 	slider: markerPos = None
39.4396 	EXP 	slider: rating = None
39.4396 	EXP 	slider: autoDraw = True
39.4396 	EXP 	top_ins: autoDraw = True
39.4396 	EXP 	bottom_ins: autoDraw = True
39.4396 	EXP 	text_2: autoDraw = True
39.4396 	EXP 	text_3: autoDraw = True
40.6221 	DATA 	Mouse: Left button down, pos=(1154,480)
40.6381 	EXP 	slider: markerPos = 6.8933333333333335
40.6550 	EXP 	slider: markerPos = 6.8933333333333335
40.6719 	EXP 	slider: markerPos = 6.8933333333333335
40.6885 	EXP 	slider: markerPos = 6.8933333333333335
40.7049 	EXP 	slider: markerPos = 6.8933333333333335
40.7218 	EXP 	slider: markerPos = 6.8933333333333335
40.7268 	DATA 	Mouse:  Left button up, pos=(1154,480)
40.7381 	EXP 	slider: markerPos = 6.8933333333333335
40.7548 	EXP 	slider: markerPos = 6.8933333333333335
40.7548 	EXP 	slider: rating = 6.8933333333333335
40.7574 	EXP 	New trial (rep=0, index=1): OrderedDict([('stim', 'stim/sys.wav')])
40.7715 	EXP 	slider: autoDraw = False
40.7715 	EXP 	top_ins: autoDraw = False
40.7715 	EXP 	bottom_ins: autoDraw = False
40.7715 	EXP 	text_2: autoDraw = False
40.7715 	EXP 	text_3: autoDraw = False
40.7715 	EXP 	cross_4: autoDraw = True
41.2549 	EXP 	ins_4: autoDraw = True
41.2549 	EXP 	seek_text: autoDraw = True
41.2549 	EXP 	sock_text: autoDraw = True
41.2549 	EXP 	such_text: autoDraw = True
41.2549 	EXP 	soon_text: autoDraw = True
41.2549 	EXP 	sin_text: autoDraw = True
41.2549 	EXP 	son_text: autoDraw = True
41.2549 	EXP 	su_text: autoDraw = True
41.2713 	EXP 	cross_4: autoDraw = False
44.2462 	DATA 	Keypress: v
44.2553 	EXP 	ins_4: autoDraw = False
44.2553 	EXP 	cross_4: autoDraw = False
44.2553 	EXP 	seek_text: autoDraw = False
44.2553 	EXP 	sock_text: autoDraw = False
44.2553 	EXP 	such_text: autoDraw = False
44.2553 	EXP 	soon_text: autoDraw = False
44.2553 	EXP 	sin_text: autoDraw = False
44.2553 	EXP 	son_text: autoDraw = False
44.2553 	EXP 	su_text: autoDraw = False
44.2553 	EXP 	slider: markerPos = None
44.2553 	EXP 	slider: markerPos = None
44.2553 	EXP 	slider: rating = None
44.2553 	EXP 	slider: autoDraw = True
44.2553 	EXP 	top_ins: autoDraw = True
44.2553 	EXP 	bottom_ins: autoDraw = True
44.2553 	EXP 	text_2: autoDraw = True
44.2553 	EXP 	text_3: autoDraw = True
45.3224 	DATA 	Mouse: Left button down, pos=(1167,462)
45.3384 	EXP 	slider: markerPos = 6.9799999999999995
45.3549 	EXP 	slider: markerPos = 6.9799999999999995
45.3719 	EXP 	slider: markerPos = 6.9799999999999995
45.3886 	EXP 	slider: markerPos = 6.9799999999999995
45.4054 	EXP 	slider: markerPos = 6.9799999999999995
45.4058 	DATA 	Mouse:  Left button up, pos=(1167,462)
45.4223 	EXP 	slider: markerPos = 6.9799999999999995
45.4223 	EXP 	slider: rating = 6.9799999999999995
45.4246 	EXP 	New trial (rep=0, index=2): OrderedDict([('stim', 'stim/sis.wav')])
45.4383 	EXP 	slider: autoDraw = False
45.4383 	EXP 	top_ins: autoDraw = False
45.4383 	EXP 	bottom_ins: autoDraw = False
45.4383 	EXP 	text_2: autoDraw = False
45.4383 	EXP 	text_3: autoDraw = False
45.4383 	EXP 	cross_4: autoDraw = True
45.9222 	EXP 	ins_4: autoDraw = True
45.9222 	EXP 	seek_text: autoDraw = True
45.9222 	EXP 	sock_text: autoDraw = True
45.9222 	EXP 	such_text: autoDraw = True
45.9222 	EXP 	soon_text: autoDraw = True
45.9222 	EXP 	sin_text: autoDraw = True
45.9222 	EXP 	son_text: autoDraw = True
45.9222 	EXP 	su_text: autoDraw = True
45.9381 	EXP 	cross_4: autoDraw = False
46.0934 	DATA 	Keypress: escape
46.3360 	EXP 	window1: mouseVisible = True
