0.5471 	WARNING 	We strongly recommend you activate the PTB sound engine in PsychoPy prefs as the preferred audio engine. Its timing is vastly superior. Your prefs are currently set to use ['sounddevice', 'PTB', 'pyo', 'pygame'] (in that order).
4.9031 	EXP 	Created window1 = Window(allowGUI=False, allowStencil=False, autoLog=True, backendConf=UNKNOWN, bitsMode=UNKNOWN, blendMode='avg', bpc=(8, 8, 8), color=array([0, 0, 0]), colorSpace='rgb', depthBits=8, fullscr=<method-wrapper '__getattribute__' of attributeSetter object at 0x7fb2c3c0ba20>, gamma=None, gammaErrorPolicy='raise', lms=UNKNOWN, monitor=<psychopy.monitors.calibTools.Monitor object at 0x7fb2d6822470>, multiSample=False, name='window1', numSamples=2, pos=[360.0, 225.0], screen=0, size=array([2880, 1800]), stencilBits=0, stereo=False, units='height', useFBO=True, useRetina=True, viewOri=0.0, viewPos=None, viewScale=None, waitBlanking=True, winType='pyglet')
4.9034 	EXP 	window1: mouseVisible = True
4.9034 	EXP 	window1: recordFrameIntervals = False
5.0691 	EXP 	window1: recordFrameIntervals = True
5.2528 	EXP 	window1: recordFrameIntervals = False
5.8660 	EXP 	window1: mouseVisible = True
5.8719 	EXP 	window1: mouseVisible = True
5.8778 	EXP 	window1: mouseVisible = True
5.9174 	EXP 	Sound stimulus set volume 1.000
5.9254 	EXP 	window1: mouseVisible = True
5.9280 	EXP 	window1: mouseVisible = True
5.9634 	EXP 	Created text_2 = TextStim(__class__=<class 'psychopy.visual.text.TextStim'>, alignHoriz=method-wrapper(...), alignText='center', alignVert=method-wrapper(...), anchorHoriz='center', anchorVert='center', antialias=True, autoLog=True, bold=False, color=array([1., 1., 1.]), colorSpace='rgb', contrast=1.0, depth=-6.0, flipHoriz=False, flipVert=False, font='Open Sans', fontFiles=[], height=0.07, italic=False, languageStyle='LTR', name='text_2', opacity=1, ori=0.0, pos=array([0.  , 0.35]), rgb=UNKNOWN, text=str(...), units='height', win=Window(...), wrapWidth=1)
6.1617 	EXP 	Created text = TextStim(__class__=<class 'psychopy.visual.text.TextStim'>, alignHoriz=method-wrapper(...), alignText='center', alignVert=method-wrapper(...), anchorHoriz='center', anchorVert='center', antialias=True, autoLog=True, bold=False, color=array([1., 1., 1.]), colorSpace='rgb', contrast=1.0, depth=-1.0, flipHoriz=False, flipVert=False, font='Open Sans', fontFiles=[], height=0.1, italic=False, languageStyle='LTR', name='text', opacity=1, ori=0.0, pos=array([0., 0.]), rgb=UNKNOWN, text='Thanks! Press SPACE to end.', units='height', win=Window(...), wrapWidth=1)
6.1690 	EXP 	Imported stim/conditions.csv as conditions, 2 conditions, 2 params
6.1696 	EXP 	Created sequence: random, trialTypes=2, nReps=5, seed=None
6.1699 	EXP 	New trial (rep=0, index=0): OrderedDict([('stim', 'stim/u.wav'), ('phone', 'u')])
6.1788 	EXP 	text_2: autoDraw = True
7.1863 	EXP 	text_2: autoDraw = False
10.0649 	DATA 	Keypress: escape
10.3689 	EXP 	window1: mouseVisible = True
