1.0505 	WARNING 	We strongly recommend you activate the PTB sound engine in PsychoPy prefs as the preferred audio engine. Its timing is vastly superior. Your prefs are currently set to use ['sounddevice', 'PTB', 'pyo', 'pygame'] (in that order).
6.7397 	EXP 	Created window1 = Window(allowGUI=False, allowStencil=False, autoLog=True, backendConf=UNKNOWN, bitsMode=UNKNOWN, blendMode='avg', bpc=(8, 8, 8), color=array([0, 0, 0]), colorSpace='rgb', depthBits=8, fullscr=<method-wrapper '__getattribute__' of attributeSetter object at 0x7fad960924e0>, gamma=None, gammaErrorPolicy='raise', lms=UNKNOWN, monitor=<psychopy.monitors.calibTools.Monitor object at 0x7fad95810080>, multiSample=False, name='window1', numSamples=2, pos=[360.0, 225.0], screen=0, size=array([2880, 1800]), stencilBits=0, stereo=False, units='height', useFBO=True, useRetina=True, viewOri=0.0, viewPos=None, viewScale=None, waitBlanking=True, winType='pyglet')
6.7398 	EXP 	window1: mouseVisible = True
6.7399 	EXP 	window1: recordFrameIntervals = False
6.9058 	EXP 	window1: recordFrameIntervals = True
7.0886 	EXP 	window1: recordFrameIntervals = False
7.8348 	EXP 	window1: mouseVisible = True
7.8404 	EXP 	window1: mouseVisible = True
7.8462 	EXP 	window1: mouseVisible = True
7.9127 	EXP 	Sound stimulus set volume 1.000
7.9211 	EXP 	window1: mouseVisible = True
7.9296 	EXP 	window1: mouseVisible = True
7.9738 	EXP 	Created ins = TextStim(__class__=<class 'psychopy.visual.text.TextStim'>, alignHoriz=method-wrapper(...), alignText='center', alignVert=method-wrapper(...), anchorHoriz='center', anchorVert='center', antialias=True, autoLog=True, bold=False, color=array([1., 1., 1.]), colorSpace='rgb', contrast=1.0, depth=-6.0, flipHoriz=False, flipVert=False, font='Open Sans', fontFiles=[], height=0.05, italic=False, languageStyle='LTR', name='ins', opacity=1, ori=0.0, pos=array([0.  , 0.35]), rgb=UNKNOWN, text=str(...), units='height', win=Window(...), wrapWidth=1)
7.9770 	EXP 	Created cross = TextStim(__class__=<class 'psychopy.visual.text.TextStim'>, alignHoriz=method-wrapper(...), alignText='center', alignVert=method-wrapper(...), anchorHoriz='center', anchorVert='center', antialias=True, autoLog=True, bold=False, color=array([1., 1., 1.]), colorSpace='rgb', contrast=1.0, depth=-7.0, flipHoriz=False, flipVert=False, font='Open Sans', fontFiles=[], height=0.1, italic=False, languageStyle='LTR', name='cross', opacity=1, ori=0.0, pos=array([0., 0.]), rgb=UNKNOWN, text='+', units='height', win=Window(...), wrapWidth=1)
7.9794 	EXP 	window1: mouseVisible = True
7.9815 	EXP 	window1: mouseVisible = True
7.9940 	EXP 	window1: mouseVisible = True
8.0032 	EXP 	Created slider = Slider(__class__=<class 'psychopy.visual.slider.Slider'>, autoDraw=False, autoLog=True, borderColor=None, color=None, colorSpace='rgb', depth=0, fillColor=None, flip=False, font='Open Sans', granularity=0.0, labelHeight=0.05, labelWrapWidth=None, labels=None, name='slider', opacity=None, pos=(0, 0), readOnly=False, self=UNKNOWN, size=(1.0, 0.1), startValue=None, style=method-wrapper(...), styleTweaks=method-wrapper(...), ticks=array([1, 2, 3, 4, 5, 6, 7]), units='height', win=Window(...))
8.0172 	EXP 	Created top_ins = TextStim(__class__=<class 'psychopy.visual.text.TextStim'>, alignHoriz=method-wrapper(...), alignText='center', alignVert=method-wrapper(...), anchorHoriz='center', anchorVert='center', antialias=True, autoLog=True, bold=False, color=array([1., 1., 1.]), colorSpace='rgb', contrast=1.0, depth=-1.0, flipHoriz=False, flipVert=False, font='Open Sans', fontFiles=[], height=0.05, italic=False, languageStyle='LTR', name='top_ins', opacity=1, ori=0.0, pos=array([0. , 0.4]), rgb=UNKNOWN, text=str(...), units='height', win=Window(...), wrapWidth=1)
8.0311 	EXP 	Created bottom_ins = TextStim(__class__=<class 'psychopy.visual.text.TextStim'>, alignHoriz=method-wrapper(...), alignText='center', alignVert=method-wrapper(...), anchorHoriz='center', anchorVert='center', antialias=True, autoLog=True, bold=False, color=array([1., 1., 1.]), colorSpace='rgb', contrast=1.0, depth=-2.0, flipHoriz=False, flipVert=False, font='Open Sans', fontFiles=[], height=0.04, italic=False, languageStyle='LTR', name='bottom_ins', opacity=1, ori=0.0, pos=array([ 0. , -0.4]), rgb=UNKNOWN, text=str(...), units='height', win=Window(...), wrapWidth=1)
8.0357 	EXP 	Created text_2 = TextStim(__class__=<class 'psychopy.visual.text.TextStim'>, alignHoriz=method-wrapper(...), alignText='center', alignVert=method-wrapper(...), anchorHoriz='center', anchorVert='center', antialias=True, autoLog=True, bold=False, color=array([1., 1., 1.]), colorSpace='rgb', contrast=1.0, depth=-3.0, flipHoriz=False, flipVert=False, font='Open Sans', fontFiles=[], height=0.03, italic=False, languageStyle='LTR', name='text_2', opacity=1, ori=0.0, pos=array([ 0.45, -0.1 ]), rgb=UNKNOWN, text='Perfect fit', units='height', win=Window(...), wrapWidth=1)
8.0397 	EXP 	Created text_3 = TextStim(__class__=<class 'psychopy.visual.text.TextStim'>, alignHoriz=method-wrapper(...), alignText='center', alignVert=method-wrapper(...), anchorHoriz='center', anchorVert='center', antialias=True, autoLog=True, bold=False, color=array([1., 1., 1.]), colorSpace='rgb', contrast=1.0, depth=-4.0, flipHoriz=False, flipVert=False, font='Open Sans', fontFiles=[], height=0.03, italic=False, languageStyle='LTR', name='text_3', opacity=1, ori=0.0, pos=array([-0.45, -0.1 ]), rgb=UNKNOWN, text='Does not fit at a all', units='height', win=Window(...), wrapWidth=1)
8.2451 	EXP 	Created text = TextStim(__class__=<class 'psychopy.visual.text.TextStim'>, alignHoriz=method-wrapper(...), alignText='center', alignVert=method-wrapper(...), anchorHoriz='center', anchorVert='center', antialias=True, autoLog=True, bold=False, color=array([1., 1., 1.]), colorSpace='rgb', contrast=1.0, depth=-1.0, flipHoriz=False, flipVert=False, font='Open Sans', fontFiles=[], height=0.1, italic=False, languageStyle='LTR', name='text', opacity=1, ori=0.0, pos=array([0., 0.]), rgb=UNKNOWN, text='Thanks! Press SPACE to end.', units='height', win=Window(...), wrapWidth=1)
8.2510 	EXP 	Imported stim/conditions.csv as conditions, 4 conditions, 1 params
8.2529 	EXP 	Created sequence: random, trialTypes=4, nReps=5, seed=None
8.2531 	EXP 	New trial (rep=0, index=0): OrderedDict([('stim', 'stim/sos.wav')])
8.2719 	EXP 	slider: autoLog = True
8.2719 	EXP 	slider: markerPos = None
8.2719 	EXP 	slider: rating = None
8.2719 	EXP 	slider: markerPos = None
8.2719 	EXP 	slider: contrast = 1.0
8.2719 	EXP 	slider: autoLog = True
8.2719 	EXP 	slider: styleTweaks = []
8.2719 	EXP 	slider: style = 'rating'
8.2719 	EXP 	slider: styleTweaks = ['triangleMarker']
8.2719 	EXP 	cross: autoDraw = True
8.7649 	EXP 	ins: autoDraw = True
8.7808 	EXP 	cross: autoDraw = False
15.4318 	DATA 	Mouse: Left button down, pos=(606,621)
15.4593 	EXP 	ins: autoDraw = False
15.4593 	EXP 	cross: autoDraw = False
15.4593 	EXP 	slider: markerPos = None
15.4593 	EXP 	slider: markerPos = None
15.4593 	EXP 	slider: rating = None
15.4593 	EXP 	slider: autoDraw = True
15.4593 	EXP 	top_ins: autoDraw = True
15.4593 	EXP 	bottom_ins: autoDraw = True
15.4593 	EXP 	text_2: autoDraw = True
15.4593 	EXP 	text_3: autoDraw = True
15.5725 	DATA 	Mouse:  Left button up, pos=(606,621)
18.4558 	DATA 	Mouse: Left button down, pos=(878,451)
18.4716 	EXP 	slider: markerPos = 5.046666666666667
18.4884 	EXP 	slider: markerPos = 5.046666666666667
18.5053 	EXP 	slider: markerPos = 5.046666666666667
18.5219 	EXP 	slider: markerPos = 5.046666666666667
18.5389 	EXP 	slider: markerPos = 5.046666666666667
18.5394 	DATA 	Mouse:  Left button up, pos=(877,451)
18.5550 	EXP 	slider: markerPos = 5.046666666666667
18.5550 	EXP 	slider: rating = 5.046666666666667
18.5576 	EXP 	New trial (rep=0, index=1): OrderedDict([('stim', 'stim/sis.wav')])
18.5719 	EXP 	slider: autoDraw = False
18.5719 	EXP 	top_ins: autoDraw = False
18.5719 	EXP 	bottom_ins: autoDraw = False
18.5719 	EXP 	text_2: autoDraw = False
18.5719 	EXP 	text_3: autoDraw = False
18.5719 	EXP 	cross: autoDraw = True
19.0561 	EXP 	ins: autoDraw = True
19.0726 	EXP 	cross: autoDraw = False
22.5481 	DATA 	Mouse: Left button down, pos=(393,268)
22.5722 	EXP 	ins: autoDraw = False
22.5722 	EXP 	cross: autoDraw = False
22.5722 	EXP 	slider: markerPos = None
22.5722 	EXP 	slider: markerPos = None
22.5722 	EXP 	slider: rating = None
22.5722 	EXP 	slider: autoDraw = True
22.5722 	EXP 	top_ins: autoDraw = True
22.5722 	EXP 	bottom_ins: autoDraw = True
22.5722 	EXP 	text_2: autoDraw = True
22.5722 	EXP 	text_3: autoDraw = True
22.6224 	DATA 	Mouse:  Left button up, pos=(393,268)
24.4226 	DATA 	Mouse: Left button down, pos=(1170,450)
24.4385 	EXP 	slider: markerPos = 7.0
24.4550 	EXP 	slider: markerPos = 7.0
24.4719 	EXP 	slider: markerPos = 7.0
24.4885 	EXP 	slider: markerPos = 7.0
24.5053 	EXP 	slider: markerPos = 7.0
24.5058 	DATA 	Mouse:  Left button up, pos=(1170,450)
24.5223 	EXP 	slider: markerPos = 7.0
24.5223 	EXP 	slider: rating = 7.0
24.5245 	EXP 	New trial (rep=0, index=2): OrderedDict([('stim', 'stim/sus.wav')])
24.5384 	EXP 	slider: autoDraw = False
24.5384 	EXP 	top_ins: autoDraw = False
24.5384 	EXP 	bottom_ins: autoDraw = False
24.5384 	EXP 	text_2: autoDraw = False
24.5384 	EXP 	text_3: autoDraw = False
24.5384 	EXP 	cross: autoDraw = True
25.0229 	EXP 	ins: autoDraw = True
25.0400 	EXP 	cross: autoDraw = False
30.9058 	DATA 	Mouse: Left button down, pos=(1063,620)
30.9223 	EXP 	ins: autoDraw = False
30.9223 	EXP 	cross: autoDraw = False
30.9223 	EXP 	slider: markerPos = None
30.9223 	EXP 	slider: markerPos = None
30.9223 	EXP 	slider: rating = None
30.9223 	EXP 	slider: autoDraw = True
30.9223 	EXP 	top_ins: autoDraw = True
30.9223 	EXP 	bottom_ins: autoDraw = True
30.9223 	EXP 	text_2: autoDraw = True
30.9223 	EXP 	text_3: autoDraw = True
31.0061 	DATA 	Mouse:  Left button up, pos=(1063,620)
32.3897 	DATA 	Mouse: Left button down, pos=(1080,462)
32.4059 	EXP 	slider: markerPos = 6.4
32.4222 	EXP 	slider: markerPos = 6.4
32.4388 	EXP 	slider: markerPos = 6.4
32.4558 	EXP 	slider: markerPos = 6.4
32.4728 	EXP 	slider: markerPos = 6.4
32.4890 	EXP 	slider: markerPos = 6.4
32.5058 	EXP 	slider: markerPos = 6.4
32.5222 	EXP 	slider: markerPos = 6.4
32.5388 	EXP 	slider: markerPos = 6.4
32.5392 	DATA 	Mouse:  Left button up, pos=(1080,462)
32.5556 	EXP 	slider: markerPos = 6.4
32.5556 	EXP 	slider: rating = 6.4
32.5579 	EXP 	New trial (rep=0, index=3): OrderedDict([('stim', 'stim/sys.wav')])
32.5721 	EXP 	slider: autoDraw = False
32.5721 	EXP 	top_ins: autoDraw = False
32.5721 	EXP 	bottom_ins: autoDraw = False
32.5721 	EXP 	text_2: autoDraw = False
32.5721 	EXP 	text_3: autoDraw = False
32.5721 	EXP 	cross: autoDraw = True
33.0564 	EXP 	ins: autoDraw = True
33.0728 	EXP 	cross: autoDraw = False
36.1895 	DATA 	Mouse: Left button down, pos=(709,257)
36.2059 	EXP 	ins: autoDraw = False
36.2059 	EXP 	cross: autoDraw = False
36.2059 	EXP 	slider: markerPos = None
36.2059 	EXP 	slider: markerPos = None
36.2059 	EXP 	slider: rating = None
36.2059 	EXP 	slider: autoDraw = True
36.2059 	EXP 	top_ins: autoDraw = True
36.2059 	EXP 	bottom_ins: autoDraw = True
36.2059 	EXP 	text_2: autoDraw = True
36.2059 	EXP 	text_3: autoDraw = True
36.3401 	DATA 	Mouse:  Left button up, pos=(709,257)
38.0063 	DATA 	Mouse: Left button down, pos=(1169,457)
38.0225 	EXP 	slider: markerPos = 6.993333333333334
38.0389 	EXP 	slider: markerPos = 6.993333333333334
38.0555 	EXP 	slider: markerPos = 6.993333333333334
38.0720 	EXP 	slider: markerPos = 6.993333333333334
38.0889 	EXP 	slider: markerPos = 6.993333333333334
38.1057 	EXP 	slider: markerPos = 6.993333333333334
38.1224 	EXP 	slider: markerPos = 6.993333333333334
38.1390 	EXP 	slider: markerPos = 6.993333333333334
38.1564 	EXP 	slider: markerPos = 6.993333333333334
38.1727 	EXP 	slider: markerPos = 6.993333333333334
38.1891 	EXP 	slider: markerPos = 6.993333333333334
38.2056 	EXP 	slider: markerPos = 6.993333333333334
38.2230 	EXP 	slider: markerPos = 6.993333333333334
38.2389 	EXP 	slider: markerPos = 6.993333333333334
38.2558 	EXP 	slider: markerPos = 6.993333333333334
38.2724 	EXP 	slider: markerPos = 6.993333333333334
38.2774 	DATA 	Mouse:  Left button up, pos=(1169,457)
38.2890 	EXP 	slider: markerPos = 6.993333333333334
38.3062 	EXP 	slider: markerPos = 6.993333333333334
38.3062 	EXP 	slider: rating = 6.993333333333334
38.3084 	EXP 	New trial (rep=1, index=0): OrderedDict([('stim', 'stim/sis.wav')])
38.3223 	EXP 	slider: autoDraw = False
38.3223 	EXP 	top_ins: autoDraw = False
38.3223 	EXP 	bottom_ins: autoDraw = False
38.3223 	EXP 	text_2: autoDraw = False
38.3223 	EXP 	text_3: autoDraw = False
38.3223 	EXP 	cross: autoDraw = True
38.4238 	DATA 	Mouse: Left button down, pos=(1169,457)
38.5072 	DATA 	Mouse:  Left button up, pos=(1169,457)
38.8077 	EXP 	ins: autoDraw = True
38.8244 	EXP 	cross: autoDraw = False
41.8729 	DATA 	Mouse: Left button down, pos=(336,270)
41.8890 	EXP 	ins: autoDraw = False
41.8890 	EXP 	cross: autoDraw = False
41.8890 	EXP 	slider: markerPos = None
41.8890 	EXP 	slider: markerPos = None
41.8890 	EXP 	slider: rating = None
41.8890 	EXP 	slider: autoDraw = True
41.8890 	EXP 	top_ins: autoDraw = True
41.8890 	EXP 	bottom_ins: autoDraw = True
41.8890 	EXP 	text_2: autoDraw = True
41.8890 	EXP 	text_3: autoDraw = True
41.9563 	DATA 	Mouse:  Left button up, pos=(336,270)
43.5405 	DATA 	Mouse: Left button down, pos=(1161,457)
43.5551 	EXP 	slider: markerPos = 6.9399999999999995
43.5723 	EXP 	slider: markerPos = 6.9399999999999995
43.5895 	EXP 	slider: markerPos = 6.9399999999999995
43.6060 	EXP 	slider: markerPos = 6.9399999999999995
43.6225 	EXP 	slider: markerPos = 6.9399999999999995
43.6390 	EXP 	slider: markerPos = 6.9399999999999995
43.6559 	EXP 	slider: markerPos = 6.9399999999999995
43.6726 	EXP 	slider: markerPos = 6.9399999999999995
43.6898 	EXP 	slider: markerPos = 6.9399999999999995
43.7057 	EXP 	slider: markerPos = 6.9399999999999995
43.7108 	DATA 	Mouse:  Left button up, pos=(1161,457)
43.7222 	EXP 	slider: markerPos = 6.9399999999999995
43.7398 	EXP 	slider: markerPos = 6.9399999999999995
43.7398 	EXP 	slider: rating = 6.9399999999999995
43.7420 	EXP 	New trial (rep=1, index=1): OrderedDict([('stim', 'stim/sus.wav')])
43.7556 	EXP 	slider: autoDraw = False
43.7556 	EXP 	top_ins: autoDraw = False
43.7556 	EXP 	bottom_ins: autoDraw = False
43.7556 	EXP 	text_2: autoDraw = False
43.7556 	EXP 	text_3: autoDraw = False
43.7556 	EXP 	cross: autoDraw = True
44.2405 	EXP 	ins: autoDraw = True
44.2569 	EXP 	cross: autoDraw = False
46.0656 	DATA 	Mouse: Left button down, pos=(1048,628)
46.0893 	EXP 	ins: autoDraw = False
46.0893 	EXP 	cross: autoDraw = False
46.0893 	EXP 	slider: markerPos = None
46.0893 	EXP 	slider: markerPos = None
46.0893 	EXP 	slider: rating = None
46.0893 	EXP 	slider: autoDraw = True
46.0893 	EXP 	top_ins: autoDraw = True
46.0893 	EXP 	bottom_ins: autoDraw = True
46.0893 	EXP 	text_2: autoDraw = True
46.0893 	EXP 	text_3: autoDraw = True
46.1594 	DATA 	Mouse:  Left button up, pos=(1048,628)
47.4429 	DATA 	Mouse: Left button down, pos=(1168,459)
47.4728 	EXP 	slider: markerPos = 6.986666666666666
47.4900 	EXP 	slider: markerPos = 6.986666666666666
47.5065 	EXP 	slider: markerPos = 6.986666666666666
47.5228 	EXP 	slider: markerPos = 6.986666666666666
47.5398 	EXP 	slider: markerPos = 6.986666666666666
47.5403 	DATA 	Mouse:  Left button up, pos=(1168,459)
47.5561 	EXP 	slider: markerPos = 6.986666666666666
47.5561 	EXP 	slider: rating = 6.986666666666666
47.5583 	EXP 	New trial (rep=1, index=2): OrderedDict([('stim', 'stim/sys.wav')])
47.5727 	EXP 	slider: autoDraw = False
47.5727 	EXP 	top_ins: autoDraw = False
47.5727 	EXP 	bottom_ins: autoDraw = False
47.5727 	EXP 	text_2: autoDraw = False
47.5727 	EXP 	text_3: autoDraw = False
47.5727 	EXP 	cross: autoDraw = True
48.0568 	EXP 	ins: autoDraw = True
48.0739 	EXP 	cross: autoDraw = False
50.2322 	DATA 	Mouse: Left button down, pos=(784,278)
50.2560 	EXP 	ins: autoDraw = False
50.2560 	EXP 	cross: autoDraw = False
50.2560 	EXP 	slider: markerPos = None
50.2560 	EXP 	slider: markerPos = None
50.2560 	EXP 	slider: rating = None
50.2560 	EXP 	slider: autoDraw = True
50.2560 	EXP 	top_ins: autoDraw = True
50.2560 	EXP 	bottom_ins: autoDraw = True
50.2560 	EXP 	text_2: autoDraw = True
50.2560 	EXP 	text_3: autoDraw = True
50.3399 	DATA 	Mouse:  Left button up, pos=(784,279)
51.3428 	DATA 	Mouse: Left button down, pos=(1163,472)
51.3727 	EXP 	slider: markerPos = 6.953333333333333
51.3894 	EXP 	slider: markerPos = 6.953333333333333
51.4060 	EXP 	slider: markerPos = 6.953333333333333
51.4065 	DATA 	Mouse:  Left button up, pos=(1163,472)
51.4229 	EXP 	slider: markerPos = 6.953333333333333
51.4229 	EXP 	slider: rating = 6.953333333333333
51.4252 	EXP 	New trial (rep=1, index=3): OrderedDict([('stim', 'stim/sos.wav')])
51.4392 	EXP 	slider: autoDraw = False
51.4392 	EXP 	top_ins: autoDraw = False
51.4392 	EXP 	bottom_ins: autoDraw = False
51.4392 	EXP 	text_2: autoDraw = False
51.4392 	EXP 	text_3: autoDraw = False
51.4392 	EXP 	cross: autoDraw = True
51.9239 	EXP 	ins: autoDraw = True
51.9404 	EXP 	cross: autoDraw = False
54.9657 	DATA 	Mouse: Left button down, pos=(696,636)
54.9896 	EXP 	ins: autoDraw = False
54.9896 	EXP 	cross: autoDraw = False
54.9896 	EXP 	slider: markerPos = None
54.9896 	EXP 	slider: markerPos = None
54.9896 	EXP 	slider: rating = None
54.9896 	EXP 	slider: autoDraw = True
54.9896 	EXP 	top_ins: autoDraw = True
54.9896 	EXP 	bottom_ins: autoDraw = True
54.9896 	EXP 	text_2: autoDraw = True
54.9896 	EXP 	text_3: autoDraw = True
55.0240 	DATA 	Mouse:  Left button up, pos=(696,636)
56.3070 	DATA 	Mouse: Left button down, pos=(1160,468)
56.3230 	EXP 	slider: markerPos = 6.9399999999999995
56.3394 	EXP 	slider: markerPos = 6.9399999999999995
56.3561 	EXP 	slider: markerPos = 6.9399999999999995
56.3729 	EXP 	slider: markerPos = 6.9399999999999995
56.3902 	EXP 	slider: markerPos = 6.9399999999999995
56.3907 	DATA 	Mouse:  Left button up, pos=(1161,468)
56.4063 	EXP 	slider: markerPos = 6.9399999999999995
56.4063 	EXP 	slider: rating = 6.9399999999999995
56.4085 	EXP 	New trial (rep=2, index=0): OrderedDict([('stim', 'stim/sys.wav')])
56.4231 	EXP 	slider: autoDraw = False
56.4231 	EXP 	top_ins: autoDraw = False
56.4231 	EXP 	bottom_ins: autoDraw = False
56.4231 	EXP 	text_2: autoDraw = False
56.4231 	EXP 	text_3: autoDraw = False
56.4231 	EXP 	cross: autoDraw = True
56.9075 	EXP 	ins: autoDraw = True
56.9239 	EXP 	cross: autoDraw = False
59.4160 	DATA 	Mouse: Left button down, pos=(764,255)
59.4397 	EXP 	ins: autoDraw = False
59.4397 	EXP 	cross: autoDraw = False
59.4397 	EXP 	slider: markerPos = None
59.4397 	EXP 	slider: markerPos = None
59.4397 	EXP 	slider: rating = None
59.4397 	EXP 	slider: autoDraw = True
59.4397 	EXP 	top_ins: autoDraw = True
59.4397 	EXP 	bottom_ins: autoDraw = True
59.4397 	EXP 	text_2: autoDraw = True
59.4397 	EXP 	text_3: autoDraw = True
59.5567 	DATA 	Mouse:  Left button up, pos=(764,255)
60.5068 	DATA 	Mouse: Left button down, pos=(1156,453)
60.5230 	EXP 	slider: markerPos = 6.906666666666666
60.5397 	EXP 	slider: markerPos = 6.906666666666666
60.5567 	EXP 	slider: markerPos = 6.906666666666666
60.5732 	EXP 	slider: markerPos = 6.906666666666666
60.5900 	EXP 	slider: markerPos = 6.906666666666666
60.6063 	EXP 	slider: markerPos = 6.906666666666666
60.6113 	DATA 	Mouse:  Left button up, pos=(1156,453)
60.6229 	EXP 	slider: markerPos = 6.906666666666666
60.6395 	EXP 	slider: markerPos = 6.906666666666666
60.6395 	EXP 	slider: rating = 6.906666666666666
60.6417 	EXP 	New trial (rep=2, index=1): OrderedDict([('stim', 'stim/sis.wav')])
60.6563 	EXP 	slider: autoDraw = False
60.6563 	EXP 	top_ins: autoDraw = False
60.6563 	EXP 	bottom_ins: autoDraw = False
60.6563 	EXP 	text_2: autoDraw = False
60.6563 	EXP 	text_3: autoDraw = False
60.6563 	EXP 	cross: autoDraw = True
61.1415 	EXP 	ins: autoDraw = True
61.1581 	EXP 	cross: autoDraw = False
62.8325 	DATA 	Mouse: Left button down, pos=(332,272)
62.8563 	EXP 	ins: autoDraw = False
62.8563 	EXP 	cross: autoDraw = False
62.8563 	EXP 	slider: markerPos = None
62.8563 	EXP 	slider: markerPos = None
62.8563 	EXP 	slider: rating = None
62.8563 	EXP 	slider: autoDraw = True
62.8563 	EXP 	top_ins: autoDraw = True
62.8563 	EXP 	bottom_ins: autoDraw = True
62.8563 	EXP 	text_2: autoDraw = True
62.8563 	EXP 	text_3: autoDraw = True
62.8904 	DATA 	Mouse:  Left button up, pos=(332,272)
63.6904 	DATA 	Mouse: Left button down, pos=(932,468)
63.7062 	EXP 	slider: markerPos = 5.413333333333333
63.7230 	EXP 	slider: markerPos = 5.413333333333333
63.7397 	EXP 	slider: markerPos = 5.413333333333333
63.7564 	EXP 	slider: markerPos = 5.413333333333333
63.7731 	EXP 	slider: markerPos = 5.413333333333333
63.7736 	DATA 	Mouse:  Left button up, pos=(932,468)
63.7903 	EXP 	slider: markerPos = 5.413333333333333
63.7903 	EXP 	slider: rating = 5.413333333333333
63.7925 	EXP 	New trial (rep=2, index=2): OrderedDict([('stim', 'stim/sos.wav')])
63.8070 	EXP 	slider: autoDraw = False
63.8070 	EXP 	top_ins: autoDraw = False
63.8070 	EXP 	bottom_ins: autoDraw = False
63.8070 	EXP 	text_2: autoDraw = False
63.8070 	EXP 	text_3: autoDraw = False
63.8070 	EXP 	cross: autoDraw = True
64.2907 	EXP 	ins: autoDraw = True
64.3080 	EXP 	cross: autoDraw = False
69.6067 	DATA 	Mouse: Left button down, pos=(1029,263)
69.6232 	EXP 	ins: autoDraw = False
69.6232 	EXP 	cross: autoDraw = False
69.6232 	EXP 	slider: markerPos = None
69.6232 	EXP 	slider: markerPos = None
69.6232 	EXP 	slider: rating = None
69.6232 	EXP 	slider: autoDraw = True
69.6232 	EXP 	top_ins: autoDraw = True
69.6232 	EXP 	bottom_ins: autoDraw = True
69.6232 	EXP 	text_2: autoDraw = True
69.6232 	EXP 	text_3: autoDraw = True
69.7069 	DATA 	Mouse:  Left button up, pos=(1029,263)
70.7742 	DATA 	Mouse: Left button down, pos=(1168,437)
70.7903 	EXP 	slider: markerPos = 6.986666666666666
70.8069 	EXP 	slider: markerPos = 6.986666666666666
70.8236 	EXP 	slider: markerPos = 6.986666666666666
70.8399 	EXP 	slider: markerPos = 6.986666666666666
70.8565 	EXP 	slider: markerPos = 6.986666666666666
70.8730 	EXP 	slider: markerPos = 6.986666666666666
70.8781 	DATA 	Mouse:  Left button up, pos=(1168,437)
70.8902 	EXP 	slider: markerPos = 6.986666666666666
70.9065 	EXP 	slider: markerPos = 6.986666666666666
70.9065 	EXP 	slider: rating = 6.986666666666666
70.9087 	EXP 	New trial (rep=2, index=3): OrderedDict([('stim', 'stim/sus.wav')])
70.9233 	EXP 	slider: autoDraw = False
70.9233 	EXP 	top_ins: autoDraw = False
70.9233 	EXP 	bottom_ins: autoDraw = False
70.9233 	EXP 	text_2: autoDraw = False
70.9233 	EXP 	text_3: autoDraw = False
70.9233 	EXP 	cross: autoDraw = True
71.4070 	EXP 	ins: autoDraw = True
71.4242 	EXP 	cross: autoDraw = False
73.9497 	DATA 	Mouse: Left button down, pos=(1093,616)
73.9732 	EXP 	ins: autoDraw = False
73.9732 	EXP 	cross: autoDraw = False
73.9732 	EXP 	slider: markerPos = None
73.9732 	EXP 	slider: markerPos = None
73.9732 	EXP 	slider: rating = None
73.9732 	EXP 	slider: autoDraw = True
73.9732 	EXP 	top_ins: autoDraw = True
73.9732 	EXP 	bottom_ins: autoDraw = True
73.9732 	EXP 	text_2: autoDraw = True
73.9732 	EXP 	text_3: autoDraw = True
74.0240 	DATA 	Mouse:  Left button up, pos=(1093,616)
74.7269 	DATA 	Mouse: Left button down, pos=(1166,488)
74.7566 	EXP 	slider: markerPos = 6.973333333333333
74.7731 	EXP 	slider: markerPos = 6.973333333333333
74.7898 	EXP 	slider: markerPos = 6.973333333333333
74.8068 	EXP 	slider: markerPos = 6.973333333333333
74.8233 	EXP 	slider: markerPos = 6.973333333333333
74.8405 	EXP 	slider: markerPos = 6.973333333333333
74.8410 	DATA 	Mouse:  Left button up, pos=(1166,488)
74.8572 	EXP 	slider: markerPos = 6.973333333333333
74.8572 	EXP 	slider: rating = 6.973333333333333
74.8593 	EXP 	New trial (rep=3, index=0): OrderedDict([('stim', 'stim/sis.wav')])
74.8732 	EXP 	slider: autoDraw = False
74.8732 	EXP 	top_ins: autoDraw = False
74.8732 	EXP 	bottom_ins: autoDraw = False
74.8732 	EXP 	text_2: autoDraw = False
74.8732 	EXP 	text_3: autoDraw = False
74.8732 	EXP 	cross: autoDraw = True
75.3575 	EXP 	ins: autoDraw = True
75.3739 	EXP 	cross: autoDraw = False
77.7736 	DATA 	Mouse: Left button down, pos=(344,271)
77.7900 	EXP 	ins: autoDraw = False
77.7900 	EXP 	cross: autoDraw = False
77.7900 	EXP 	slider: markerPos = None
77.7900 	EXP 	slider: markerPos = None
77.7900 	EXP 	slider: rating = None
77.7900 	EXP 	slider: autoDraw = True
77.7900 	EXP 	top_ins: autoDraw = True
77.7900 	EXP 	bottom_ins: autoDraw = True
77.7900 	EXP 	text_2: autoDraw = True
77.7900 	EXP 	text_3: autoDraw = True
77.8740 	DATA 	Mouse:  Left button up, pos=(344,271)
79.5740 	DATA 	Mouse: Left button down, pos=(1168,470)
79.5905 	EXP 	slider: markerPos = 6.986666666666666
79.6068 	EXP 	slider: markerPos = 6.986666666666666
79.6229 	EXP 	slider: markerPos = 6.986666666666666
79.6400 	EXP 	slider: markerPos = 6.986666666666666
79.6451 	DATA 	Mouse:  Left button up, pos=(1168,470)
79.6567 	EXP 	slider: markerPos = 6.986666666666666
79.6733 	EXP 	slider: markerPos = 6.986666666666666
79.6733 	EXP 	slider: rating = 6.986666666666666
79.6754 	EXP 	New trial (rep=3, index=1): OrderedDict([('stim', 'stim/sos.wav')])
79.6900 	EXP 	slider: autoDraw = False
79.6900 	EXP 	top_ins: autoDraw = False
79.6900 	EXP 	bottom_ins: autoDraw = False
79.6900 	EXP 	text_2: autoDraw = False
79.6900 	EXP 	text_3: autoDraw = False
79.6900 	EXP 	cross: autoDraw = True
80.1747 	EXP 	ins: autoDraw = True
80.1909 	EXP 	cross: autoDraw = False
84.6166 	DATA 	Mouse: Left button down, pos=(1069,273)
84.6400 	EXP 	ins: autoDraw = False
84.6400 	EXP 	cross: autoDraw = False
84.6400 	EXP 	slider: markerPos = None
84.6400 	EXP 	slider: markerPos = None
84.6400 	EXP 	slider: rating = None
84.6400 	EXP 	slider: autoDraw = True
84.6400 	EXP 	top_ins: autoDraw = True
84.6400 	EXP 	bottom_ins: autoDraw = True
84.6400 	EXP 	text_2: autoDraw = True
84.6400 	EXP 	text_3: autoDraw = True
84.6907 	DATA 	Mouse:  Left button up, pos=(1069,273)
85.5742 	DATA 	Mouse: Left button down, pos=(1175,463)
85.5901 	EXP 	slider: markerPos = 7.026666666666667
85.6075 	EXP 	slider: markerPos = 7.026666666666667
85.6241 	EXP 	slider: markerPos = 7.026666666666667
85.6405 	EXP 	slider: markerPos = 7.026666666666667
85.6571 	EXP 	slider: markerPos = 7.026666666666667
85.6736 	EXP 	slider: markerPos = 7.026666666666667
85.6741 	DATA 	Mouse:  Left button up, pos=(1174,463)
85.6905 	EXP 	slider: markerPos = 7
85.6905 	EXP 	slider: rating = 7
85.6928 	EXP 	New trial (rep=3, index=2): OrderedDict([('stim', 'stim/sus.wav')])
85.7067 	EXP 	slider: autoDraw = False
85.7067 	EXP 	top_ins: autoDraw = False
85.7067 	EXP 	bottom_ins: autoDraw = False
85.7067 	EXP 	text_2: autoDraw = False
85.7067 	EXP 	text_3: autoDraw = False
85.7067 	EXP 	cross: autoDraw = True
86.1913 	EXP 	ins: autoDraw = True
86.2078 	EXP 	cross: autoDraw = False
87.8999 	DATA 	Mouse: Left button down, pos=(725,280)
87.9237 	EXP 	ins: autoDraw = False
87.9237 	EXP 	cross: autoDraw = False
87.9237 	EXP 	slider: markerPos = None
87.9237 	EXP 	slider: markerPos = None
87.9237 	EXP 	slider: rating = None
87.9237 	EXP 	slider: autoDraw = True
87.9237 	EXP 	top_ins: autoDraw = True
87.9237 	EXP 	bottom_ins: autoDraw = True
87.9237 	EXP 	text_2: autoDraw = True
87.9237 	EXP 	text_3: autoDraw = True
87.9908 	DATA 	Mouse:  Left button up, pos=(725,280)
89.1243 	DATA 	Mouse: Left button down, pos=(1172,455)
89.1408 	EXP 	slider: markerPos = 7.013333333333333
89.1576 	EXP 	slider: markerPos = 7.013333333333333
89.1737 	EXP 	slider: markerPos = 7.013333333333333
89.1900 	EXP 	slider: markerPos = 7.013333333333333
89.1905 	DATA 	Mouse:  Left button up, pos=(1172,455)
89.2070 	EXP 	slider: markerPos = 7
89.2070 	EXP 	slider: rating = 7
89.2092 	EXP 	New trial (rep=3, index=3): OrderedDict([('stim', 'stim/sys.wav')])
89.2234 	EXP 	slider: autoDraw = False
89.2234 	EXP 	top_ins: autoDraw = False
89.2234 	EXP 	bottom_ins: autoDraw = False
89.2234 	EXP 	text_2: autoDraw = False
89.2234 	EXP 	text_3: autoDraw = False
89.2234 	EXP 	cross: autoDraw = True
89.7086 	EXP 	ins: autoDraw = True
89.7247 	EXP 	cross: autoDraw = False
90.9168 	DATA 	Mouse: Left button down, pos=(706,287)
90.9405 	EXP 	ins: autoDraw = False
90.9405 	EXP 	cross: autoDraw = False
90.9405 	EXP 	slider: markerPos = None
90.9405 	EXP 	slider: markerPos = None
90.9405 	EXP 	slider: rating = None
90.9405 	EXP 	slider: autoDraw = True
90.9405 	EXP 	top_ins: autoDraw = True
90.9405 	EXP 	bottom_ins: autoDraw = True
90.9405 	EXP 	text_2: autoDraw = True
90.9405 	EXP 	text_3: autoDraw = True
91.0078 	DATA 	Mouse:  Left button up, pos=(706,287)
91.7742 	DATA 	Mouse: Left button down, pos=(863,476)
91.7904 	EXP 	slider: markerPos = 4.946666666666667
91.8072 	EXP 	slider: markerPos = 4.946666666666667
91.8235 	EXP 	slider: markerPos = 4.946666666666667
91.8404 	EXP 	slider: markerPos = 4.946666666666667
91.8567 	EXP 	slider: markerPos = 4.946666666666667
91.8628 	DATA 	Mouse:  Left button up, pos=(862,476)
91.8742 	EXP 	slider: markerPos = 4.946666666666667
91.8904 	EXP 	slider: markerPos = 4.946666666666667
91.8904 	EXP 	slider: rating = 4.946666666666667
91.8929 	EXP 	New trial (rep=4, index=0): OrderedDict([('stim', 'stim/sis.wav')])
91.9072 	EXP 	slider: autoDraw = False
91.9072 	EXP 	top_ins: autoDraw = False
91.9072 	EXP 	bottom_ins: autoDraw = False
91.9072 	EXP 	text_2: autoDraw = False
91.9072 	EXP 	text_3: autoDraw = False
91.9072 	EXP 	cross: autoDraw = True
92.3916 	EXP 	ins: autoDraw = True
92.4079 	EXP 	cross: autoDraw = False
94.3409 	DATA 	Mouse: Left button down, pos=(372,273)
94.3571 	EXP 	ins: autoDraw = False
94.3571 	EXP 	cross: autoDraw = False
94.3571 	EXP 	slider: markerPos = None
94.3571 	EXP 	slider: markerPos = None
94.3571 	EXP 	slider: rating = None
94.3571 	EXP 	slider: autoDraw = True
94.3571 	EXP 	top_ins: autoDraw = True
94.3571 	EXP 	bottom_ins: autoDraw = True
94.3571 	EXP 	text_2: autoDraw = True
94.3571 	EXP 	text_3: autoDraw = True
94.4412 	DATA 	Mouse:  Left button up, pos=(372,273)
95.3909 	DATA 	Mouse: Left button down, pos=(534,455)
95.4071 	EXP 	slider: markerPos = 2.76
95.4237 	EXP 	slider: markerPos = 2.76
95.4411 	EXP 	slider: markerPos = 2.76
95.4583 	EXP 	slider: markerPos = 2.76
95.4588 	DATA 	Mouse:  Left button up, pos=(534,455)
95.4741 	EXP 	slider: markerPos = 2.76
95.4741 	EXP 	slider: rating = 2.76
95.4764 	EXP 	New trial (rep=4, index=1): OrderedDict([('stim', 'stim/sys.wav')])
95.4905 	EXP 	slider: autoDraw = False
95.4905 	EXP 	top_ins: autoDraw = False
95.4905 	EXP 	bottom_ins: autoDraw = False
95.4905 	EXP 	text_2: autoDraw = False
95.4905 	EXP 	text_3: autoDraw = False
95.4905 	EXP 	cross: autoDraw = True
95.9752 	EXP 	ins: autoDraw = True
95.9917 	EXP 	cross: autoDraw = False
97.2913 	DATA 	Mouse: Left button down, pos=(638,282)
97.3073 	EXP 	ins: autoDraw = False
97.3073 	EXP 	cross: autoDraw = False
97.3073 	EXP 	slider: markerPos = None
97.3073 	EXP 	slider: markerPos = None
97.3073 	EXP 	slider: rating = None
97.3073 	EXP 	slider: autoDraw = True
97.3073 	EXP 	top_ins: autoDraw = True
97.3073 	EXP 	bottom_ins: autoDraw = True
97.3073 	EXP 	text_2: autoDraw = True
97.3073 	EXP 	text_3: autoDraw = True
97.3578 	DATA 	Mouse:  Left button up, pos=(638,282)
98.5247 	DATA 	Mouse: Left button down, pos=(1185,457)
98.5407 	EXP 	slider: markerPos = 7.1
98.5578 	EXP 	slider: markerPos = 7.1
98.5739 	EXP 	slider: markerPos = 7.1
98.5905 	EXP 	slider: markerPos = 7.1
98.6075 	EXP 	slider: markerPos = 7.1
98.6242 	EXP 	slider: markerPos = 7.1
98.6293 	DATA 	Mouse:  Left button up, pos=(1185,457)
98.6407 	EXP 	slider: markerPos = 7.1
98.6577 	EXP 	slider: markerPos = 7
98.6577 	EXP 	slider: rating = 7
98.6599 	EXP 	New trial (rep=4, index=2): OrderedDict([('stim', 'stim/sos.wav')])
98.6738 	EXP 	slider: autoDraw = False
98.6738 	EXP 	top_ins: autoDraw = False
98.6738 	EXP 	bottom_ins: autoDraw = False
98.6738 	EXP 	text_2: autoDraw = False
98.6738 	EXP 	text_3: autoDraw = False
98.6738 	EXP 	cross: autoDraw = True
99.1587 	EXP 	ins: autoDraw = True
99.1749 	EXP 	cross: autoDraw = False
99.5501 	DATA 	Mouse: wheel shift=(0,0), pos=(1185,456)
99.7415 	DATA 	Mouse: wheel shift=(0,0), pos=(1185,456)
101.3671 	DATA 	Mouse: Left button down, pos=(837,525)
101.3906 	EXP 	ins: autoDraw = False
101.3906 	EXP 	cross: autoDraw = False
101.3906 	EXP 	slider: markerPos = None
101.3906 	EXP 	slider: markerPos = None
101.3906 	EXP 	slider: rating = None
101.3906 	EXP 	slider: autoDraw = True
101.3906 	EXP 	top_ins: autoDraw = True
101.3906 	EXP 	bottom_ins: autoDraw = True
101.3906 	EXP 	text_2: autoDraw = True
101.3906 	EXP 	text_3: autoDraw = True
101.4411 	DATA 	Mouse:  Left button up, pos=(838,525)
102.0414 	DATA 	Mouse: Left button down, pos=(1145,459)
102.0571 	EXP 	slider: markerPos = 6.833333333333333
102.0739 	EXP 	slider: markerPos = 6.833333333333333
102.0906 	EXP 	slider: markerPos = 6.833333333333333
102.1074 	EXP 	slider: markerPos = 6.833333333333333
102.1079 	DATA 	Mouse:  Left button up, pos=(1145,459)
102.1239 	EXP 	slider: markerPos = 6.833333333333333
102.1239 	EXP 	slider: rating = 6.833333333333333
102.1262 	EXP 	New trial (rep=4, index=3): OrderedDict([('stim', 'stim/sus.wav')])
102.1406 	EXP 	slider: autoDraw = False
102.1406 	EXP 	top_ins: autoDraw = False
102.1406 	EXP 	bottom_ins: autoDraw = False
102.1406 	EXP 	text_2: autoDraw = False
102.1406 	EXP 	text_3: autoDraw = False
102.1406 	EXP 	cross: autoDraw = True
102.6248 	EXP 	ins: autoDraw = True
102.6419 	EXP 	cross: autoDraw = False
104.9575 	DATA 	Mouse: Left button down, pos=(737,290)
104.9739 	EXP 	ins: autoDraw = False
104.9739 	EXP 	cross: autoDraw = False
104.9739 	EXP 	slider: markerPos = None
104.9739 	EXP 	slider: markerPos = None
104.9739 	EXP 	slider: rating = None
104.9739 	EXP 	slider: autoDraw = True
104.9739 	EXP 	top_ins: autoDraw = True
104.9739 	EXP 	bottom_ins: autoDraw = True
104.9739 	EXP 	text_2: autoDraw = True
104.9739 	EXP 	text_3: autoDraw = True
105.0743 	DATA 	Mouse:  Left button up, pos=(737,290)
105.7277 	DATA 	Mouse: Left button down, pos=(815,529)
105.7744 	DATA 	Mouse:  Left button up, pos=(815,528)
106.0079 	DATA 	Mouse: Left button down, pos=(905,516)
106.0911 	DATA 	Mouse:  Left button up, pos=(905,516)
106.3416 	DATA 	Mouse: Left button down, pos=(950,476)
106.3578 	EXP 	slider: markerPos = 5.533333333333333
106.3739 	EXP 	slider: markerPos = 5.533333333333333
106.3907 	EXP 	slider: markerPos = 5.533333333333333
106.4072 	EXP 	slider: markerPos = 5.533333333333333
106.4244 	EXP 	slider: markerPos = 5.533333333333333
106.4295 	DATA 	Mouse:  Left button up, pos=(950,476)
106.4407 	EXP 	slider: markerPos = 5.533333333333333
106.4572 	EXP 	slider: markerPos = 5.533333333333333
106.4572 	EXP 	slider: rating = 5.533333333333333
106.4741 	EXP 	slider: autoDraw = False
106.4741 	EXP 	top_ins: autoDraw = False
106.4741 	EXP 	bottom_ins: autoDraw = False
106.4741 	EXP 	text_2: autoDraw = False
106.4741 	EXP 	text_3: autoDraw = False
106.4741 	EXP 	text: autoDraw = True
107.6506 	DATA 	Keypress: space
107.6577 	EXP 	text: autoDraw = False
107.6805 	EXP 	window1: mouseVisible = True
