0.6598 	WARNING 	We strongly recommend you activate the PTB sound engine in PsychoPy prefs as the preferred audio engine. Its timing is vastly superior. Your prefs are currently set to use ['sounddevice', 'PTB', 'pyo', 'pygame'] (in that order).
4.7820 	EXP 	Created window1 = Window(allowGUI=False, allowStencil=False, autoLog=True, backendConf=UNKNOWN, bitsMode=UNKNOWN, blendMode='avg', bpc=(8, 8, 8), color=array([0, 0, 0]), colorSpace='rgb', depthBits=8, fullscr=<method-wrapper '__getattribute__' of attributeSetter object at 0x7fd1e6acaac8>, gamma=None, gammaErrorPolicy='raise', lms=UNKNOWN, monitor=<psychopy.monitors.calibTools.Monitor object at 0x7fd1e5c74a20>, multiSample=False, name='window1', numSamples=2, pos=[360.0, 225.0], screen=0, size=array([2880, 1800]), stencilBits=0, stereo=False, units='height', useFBO=True, useRetina=True, viewOri=0.0, viewPos=None, viewScale=None, waitBlanking=True, winType='pyglet')
4.7822 	EXP 	window1: mouseVisible = True
4.7823 	EXP 	window1: recordFrameIntervals = False
4.9478 	EXP 	window1: recordFrameIntervals = True
5.1321 	EXP 	window1: recordFrameIntervals = False
5.7230 	EXP 	window1: mouseVisible = True
5.7287 	EXP 	window1: mouseVisible = True
5.7348 	EXP 	window1: mouseVisible = True
5.7727 	EXP 	Sound stimulus set volume 1.000
5.7805 	EXP 	window1: mouseVisible = True
5.7835 	EXP 	window1: mouseVisible = True
5.8173 	EXP 	Created ins = TextStim(__class__=<class 'psychopy.visual.text.TextStim'>, alignHoriz=method-wrapper(...), alignText='center', alignVert=method-wrapper(...), anchorHoriz='center', anchorVert='center', antialias=True, autoLog=True, bold=False, color=array([1., 1., 1.]), colorSpace='rgb', contrast=1.0, depth=-6.0, flipHoriz=False, flipVert=False, font='Open Sans', fontFiles=[], height=0.05, italic=False, languageStyle='LTR', name='ins', opacity=1, ori=0.0, pos=array([0.  , 0.35]), rgb=UNKNOWN, text=str(...), units='height', win=Window(...), wrapWidth=1)
5.8204 	EXP 	Created cross = TextStim(__class__=<class 'psychopy.visual.text.TextStim'>, alignHoriz=method-wrapper(...), alignText='center', alignVert=method-wrapper(...), anchorHoriz='center', anchorVert='center', antialias=True, autoLog=True, bold=False, color=array([1., 1., 1.]), colorSpace='rgb', contrast=1.0, depth=-7.0, flipHoriz=False, flipVert=False, font='Open Sans', fontFiles=[], height=0.1, italic=False, languageStyle='LTR', name='cross', opacity=1, ori=0.0, pos=array([0., 0.]), rgb=UNKNOWN, text='+', units='height', win=Window(...), wrapWidth=1)
5.8331 	EXP 	window1: mouseVisible = True
5.8388 	EXP 	Created slider = Slider(__class__=<class 'psychopy.visual.slider.Slider'>, autoDraw=False, autoLog=True, borderColor=None, color=None, colorSpace='rgb', depth=0, fillColor=None, flip=False, font='Open Sans', granularity=0.0, labelHeight=0.05, labelWrapWidth=None, labels=None, name='slider', opacity=None, pos=(0, 0), readOnly=False, self=UNKNOWN, size=(1.0, 0.1), startValue=None, style=method-wrapper(...), styleTweaks=method-wrapper(...), ticks=array([1, 2, 3, 4, 5, 6, 7]), units='height', win=Window(...))
5.8461 	EXP 	Created text_2 = TextStim(__class__=<class 'psychopy.visual.text.TextStim'>, alignHoriz=method-wrapper(...), alignText='center', alignVert=method-wrapper(...), anchorHoriz='center', anchorVert='center', antialias=True, autoLog=True, bold=False, color=array([1., 1., 1.]), colorSpace='rgb', contrast=1.0, depth=-1.0, flipHoriz=False, flipVert=False, font='Open Sans', fontFiles=[], height=0.05, italic=False, languageStyle='LTR', name='text_2', opacity=1, ori=0.0, pos=array([0. , 0.4]), rgb=UNKNOWN, text=str(...), units='height', win=Window(...), wrapWidth=1)
5.8577 	EXP 	Created text_3 = TextStim(__class__=<class 'psychopy.visual.text.TextStim'>, alignHoriz=method-wrapper(...), alignText='center', alignVert=method-wrapper(...), anchorHoriz='center', anchorVert='center', antialias=True, autoLog=True, bold=False, color=array([1., 1., 1.]), colorSpace='rgb', contrast=1.0, depth=-2.0, flipHoriz=False, flipVert=False, font='Open Sans', fontFiles=[], height=0.04, italic=False, languageStyle='LTR', name='text_3', opacity=1, ori=0.0, pos=array([ 0. , -0.4]), rgb=UNKNOWN, text=str(...), units='height', win=Window(...), wrapWidth=1)
5.8634 	EXP 	Created text_4 = TextStim(__class__=<class 'psychopy.visual.text.TextStim'>, alignHoriz=method-wrapper(...), alignText='center', alignVert=method-wrapper(...), anchorHoriz='center', anchorVert='center', antialias=True, autoLog=True, bold=False, color=array([1., 1., 1.]), colorSpace='rgb', contrast=1.0, depth=-3.0, flipHoriz=False, flipVert=False, font='Open Sans', fontFiles=[], height=0.02, italic=False, languageStyle='LTR', name='text_4', opacity=1, ori=0.0, pos=array([ 0. , -0.1]), rgb=UNKNOWN, text='1   2   3  4  5  6  7', units='height', win=Window(...), wrapWidth=1)
6.0654 	EXP 	Created text = TextStim(__class__=<class 'psychopy.visual.text.TextStim'>, alignHoriz=method-wrapper(...), alignText='center', alignVert=method-wrapper(...), anchorHoriz='center', anchorVert='center', antialias=True, autoLog=True, bold=False, color=array([1., 1., 1.]), colorSpace='rgb', contrast=1.0, depth=-1.0, flipHoriz=False, flipVert=False, font='Open Sans', fontFiles=[], height=0.1, italic=False, languageStyle='LTR', name='text', opacity=1, ori=0.0, pos=array([0., 0.]), rgb=UNKNOWN, text='Thanks! Press SPACE to end.', units='height', win=Window(...), wrapWidth=1)
6.0724 	EXP 	Imported stim/conditions.csv as conditions, 2 conditions, 2 params
6.0729 	EXP 	Created sequence: random, trialTypes=2, nReps=5, seed=None
6.0731 	EXP 	New trial (rep=0, index=0): OrderedDict([('stim', 'stim/u.wav'), ('phone', 'u')])
6.0825 	EXP 	slider: autoLog = True
6.0825 	EXP 	slider: markerPos = None
6.0825 	EXP 	slider: rating = None
6.0825 	EXP 	slider: markerPos = None
6.0825 	EXP 	slider: contrast = 1.0
6.0825 	EXP 	slider: autoLog = True
6.0825 	EXP 	slider: styleTweaks = []
6.0825 	EXP 	slider: style = 'rating'
6.0825 	EXP 	slider: styleTweaks = ['labels45']
6.0825 	EXP 	cross: autoDraw = True
6.5849 	EXP 	ins: autoDraw = True
6.5983 	EXP 	cross: autoDraw = False
7.8486 	DATA 	Mouse: Left button down, pos=(559,291)
7.8653 	EXP 	ins: autoDraw = False
7.8653 	EXP 	cross: autoDraw = False
7.8653 	EXP 	slider: markerPos = None
7.8653 	EXP 	slider: markerPos = None
7.8653 	EXP 	slider: rating = None
7.8653 	EXP 	slider: autoDraw = True
7.8653 	EXP 	text_2: autoDraw = True
7.8653 	EXP 	text_3: autoDraw = True
7.8653 	EXP 	text_4: autoDraw = True
7.9512 	DATA 	Mouse:  Left button up, pos=(559,291)
18.0655 	DATA 	Mouse: Left button down, pos=(1166,450)
18.0815 	EXP 	slider: markerPos = 6.973333333333333
18.0970 	EXP 	slider: markerPos = 6.973333333333333
18.1147 	EXP 	slider: markerPos = 6.973333333333333
18.1305 	EXP 	slider: markerPos = 6.973333333333333
18.1310 	DATA 	Mouse:  Left button up, pos=(1166,450)
18.1481 	EXP 	slider: markerPos = 6.973333333333333
18.1481 	EXP 	slider: rating = 6.973333333333333
18.1505 	EXP 	New trial (rep=0, index=1): OrderedDict([('stim', 'stim/o.wav'), ('phone', 'o')])
18.1644 	EXP 	slider: autoDraw = False
18.1644 	EXP 	text_2: autoDraw = False
18.1644 	EXP 	text_3: autoDraw = False
18.1644 	EXP 	text_4: autoDraw = False
18.1644 	EXP 	cross: autoDraw = True
18.6468 	EXP 	ins: autoDraw = True
18.6646 	EXP 	cross: autoDraw = False
19.9484 	DATA 	Mouse: Left button down, pos=(17,862)
20.0486 	DATA 	Mouse:  Left button up, pos=(17,862)
20.9733 	DATA 	Keypress: escape
21.1982 	EXP 	window1: mouseVisible = True
0.5420 	WARNING 	We strongly recommend you activate the PTB sound engine in PsychoPy prefs as the preferred audio engine. Its timing is vastly superior. Your prefs are currently set to use ['sounddevice', 'PTB', 'pyo', 'pygame'] (in that order).
4.9524 	EXP 	Created window1 = Window(allowGUI=False, allowStencil=False, autoLog=True, backendConf=UNKNOWN, bitsMode=UNKNOWN, blendMode='avg', bpc=(8, 8, 8), color=array([0, 0, 0]), colorSpace='rgb', depthBits=8, fullscr=<method-wrapper '__getattribute__' of attributeSetter object at 0x7fec520d2ac8>, gamma=None, gammaErrorPolicy='raise', lms=UNKNOWN, monitor=<psychopy.monitors.calibTools.Monitor object at 0x7fec32a596d8>, multiSample=False, name='window1', numSamples=2, pos=[360.0, 225.0], screen=0, size=array([2880, 1800]), stencilBits=0, stereo=False, units='height', useFBO=True, useRetina=True, viewOri=0.0, viewPos=None, viewScale=None, waitBlanking=True, winType='pyglet')
4.9526 	EXP 	window1: mouseVisible = True
4.9526 	EXP 	window1: recordFrameIntervals = False
5.1184 	EXP 	window1: recordFrameIntervals = True
5.3020 	EXP 	window1: recordFrameIntervals = False
5.8906 	EXP 	window1: mouseVisible = True
5.8988 	EXP 	window1: mouseVisible = True
5.9049 	EXP 	window1: mouseVisible = True
5.9482 	EXP 	Sound stimulus set volume 1.000
5.9562 	EXP 	window1: mouseVisible = True
5.9591 	EXP 	window1: mouseVisible = True
5.9932 	EXP 	Created ins = TextStim(__class__=<class 'psychopy.visual.text.TextStim'>, alignHoriz=method-wrapper(...), alignText='center', alignVert=method-wrapper(...), anchorHoriz='center', anchorVert='center', antialias=True, autoLog=True, bold=False, color=array([1., 1., 1.]), colorSpace='rgb', contrast=1.0, depth=-6.0, flipHoriz=False, flipVert=False, font='Open Sans', fontFiles=[], height=0.05, italic=False, languageStyle='LTR', name='ins', opacity=1, ori=0.0, pos=array([0.  , 0.35]), rgb=UNKNOWN, text=str(...), units='height', win=Window(...), wrapWidth=1)
5.9963 	EXP 	Created cross = TextStim(__class__=<class 'psychopy.visual.text.TextStim'>, alignHoriz=method-wrapper(...), alignText='center', alignVert=method-wrapper(...), anchorHoriz='center', anchorVert='center', antialias=True, autoLog=True, bold=False, color=array([1., 1., 1.]), colorSpace='rgb', contrast=1.0, depth=-7.0, flipHoriz=False, flipVert=False, font='Open Sans', fontFiles=[], height=0.1, italic=False, languageStyle='LTR', name='cross', opacity=1, ori=0.0, pos=array([0., 0.]), rgb=UNKNOWN, text='+', units='height', win=Window(...), wrapWidth=1)
6.0091 	EXP 	window1: mouseVisible = True
6.0149 	EXP 	Created slider = Slider(__class__=<class 'psychopy.visual.slider.Slider'>, autoDraw=False, autoLog=True, borderColor=None, color=None, colorSpace='rgb', depth=0, fillColor=None, flip=False, font='Open Sans', granularity=0.0, labelHeight=0.05, labelWrapWidth=None, labels=None, name='slider', opacity=None, pos=(0, 0), readOnly=False, self=UNKNOWN, size=(1.0, 0.1), startValue=None, style=method-wrapper(...), styleTweaks=method-wrapper(...), ticks=array([1, 2, 3, 4, 5, 6, 7]), units='height', win=Window(...))
6.0222 	EXP 	Created text_2 = TextStim(__class__=<class 'psychopy.visual.text.TextStim'>, alignHoriz=method-wrapper(...), alignText='center', alignVert=method-wrapper(...), anchorHoriz='center', anchorVert='center', antialias=True, autoLog=True, bold=False, color=array([1., 1., 1.]), colorSpace='rgb', contrast=1.0, depth=-1.0, flipHoriz=False, flipVert=False, font='Open Sans', fontFiles=[], height=0.05, italic=False, languageStyle='LTR', name='text_2', opacity=1, ori=0.0, pos=array([0. , 0.4]), rgb=UNKNOWN, text=str(...), units='height', win=Window(...), wrapWidth=1)
6.0367 	EXP 	Created text_3 = TextStim(__class__=<class 'psychopy.visual.text.TextStim'>, alignHoriz=method-wrapper(...), alignText='center', alignVert=method-wrapper(...), anchorHoriz='center', anchorVert='center', antialias=True, autoLog=True, bold=False, color=array([1., 1., 1.]), colorSpace='rgb', contrast=1.0, depth=-2.0, flipHoriz=False, flipVert=False, font='Open Sans', fontFiles=[], height=0.04, italic=False, languageStyle='LTR', name='text_3', opacity=1, ori=0.0, pos=array([ 0. , -0.4]), rgb=UNKNOWN, text=str(...), units='height', win=Window(...), wrapWidth=1)
6.0423 	EXP 	Created text_4 = TextStim(__class__=<class 'psychopy.visual.text.TextStim'>, alignHoriz=method-wrapper(...), alignText='center', alignVert=method-wrapper(...), anchorHoriz='center', anchorVert='center', antialias=True, autoLog=True, bold=False, color=array([1., 1., 1.]), colorSpace='rgb', contrast=1.0, depth=-3.0, flipHoriz=False, flipVert=False, font='Open Sans', fontFiles=[], height=0.1, italic=False, languageStyle='LTR', name='text_4', opacity=1, ori=0.0, pos=array([ 0. , -0.1]), rgb=UNKNOWN, text='1   2   3  4  5  6  7', units='height', win=Window(...), wrapWidth=1)
6.2419 	EXP 	Created text = TextStim(__class__=<class 'psychopy.visual.text.TextStim'>, alignHoriz=method-wrapper(...), alignText='center', alignVert=method-wrapper(...), anchorHoriz='center', anchorVert='center', antialias=True, autoLog=True, bold=False, color=array([1., 1., 1.]), colorSpace='rgb', contrast=1.0, depth=-1.0, flipHoriz=False, flipVert=False, font='Open Sans', fontFiles=[], height=0.1, italic=False, languageStyle='LTR', name='text', opacity=1, ori=0.0, pos=array([0., 0.]), rgb=UNKNOWN, text='Thanks! Press SPACE to end.', units='height', win=Window(...), wrapWidth=1)
6.2495 	EXP 	Imported stim/conditions.csv as conditions, 2 conditions, 2 params
6.2499 	EXP 	Created sequence: random, trialTypes=2, nReps=5, seed=None
6.2501 	EXP 	New trial (rep=0, index=0): OrderedDict([('stim', 'stim/u.wav'), ('phone', 'u')])
6.2589 	EXP 	slider: autoLog = True
6.2589 	EXP 	slider: markerPos = None
6.2589 	EXP 	slider: rating = None
6.2589 	EXP 	slider: markerPos = None
6.2589 	EXP 	slider: contrast = 1.0
6.2589 	EXP 	slider: autoLog = True
6.2589 	EXP 	slider: styleTweaks = []
6.2589 	EXP 	slider: style = 'rating'
6.2589 	EXP 	slider: styleTweaks = ['labels45']
6.2589 	EXP 	cross: autoDraw = True
6.7544 	EXP 	ins: autoDraw = True
6.7681 	EXP 	cross: autoDraw = False
7.5928 	DATA 	Mouse: Left button down, pos=(613,609)
7.6186 	EXP 	ins: autoDraw = False
7.6186 	EXP 	cross: autoDraw = False
7.6186 	EXP 	slider: markerPos = None
7.6186 	EXP 	slider: markerPos = None
7.6186 	EXP 	slider: rating = None
7.6186 	EXP 	slider: autoDraw = True
7.6186 	EXP 	text_2: autoDraw = True
7.6186 	EXP 	text_3: autoDraw = True
7.6186 	EXP 	text_4: autoDraw = True
7.7017 	DATA 	Mouse:  Left button up, pos=(614,609)
10.3016 	DATA 	Mouse: Left button down, pos=(330,461)
10.3182 	EXP 	slider: markerPos = 1.393333333333333
10.3345 	EXP 	slider: markerPos = 1.393333333333333
10.3514 	EXP 	slider: markerPos = 1.393333333333333
10.3679 	EXP 	slider: markerPos = 1.393333333333333
10.3849 	EXP 	slider: markerPos = 1.393333333333333
10.4016 	EXP 	slider: markerPos = 1.393333333333333
10.4063 	DATA 	Mouse:  Left button up, pos=(329,461)
10.4182 	EXP 	slider: markerPos = 1.393333333333333
10.4346 	EXP 	slider: markerPos = 1.393333333333333
10.4346 	EXP 	slider: rating = 1.393333333333333
10.4372 	EXP 	New trial (rep=0, index=1): OrderedDict([('stim', 'stim/o.wav'), ('phone', 'o')])
10.4514 	EXP 	slider: autoDraw = False
10.4514 	EXP 	text_2: autoDraw = False
10.4514 	EXP 	text_3: autoDraw = False
10.4514 	EXP 	text_4: autoDraw = False
10.4514 	EXP 	cross: autoDraw = True
10.9347 	EXP 	ins: autoDraw = True
10.9513 	EXP 	cross: autoDraw = False
11.7928 	DATA 	Mouse: Left button down, pos=(593,634)
11.8182 	EXP 	ins: autoDraw = False
11.8182 	EXP 	cross: autoDraw = False
11.8182 	EXP 	slider: markerPos = None
11.8182 	EXP 	slider: markerPos = None
11.8182 	EXP 	slider: rating = None
11.8182 	EXP 	slider: autoDraw = True
11.8182 	EXP 	text_2: autoDraw = True
11.8182 	EXP 	text_3: autoDraw = True
11.8182 	EXP 	text_4: autoDraw = True
11.8689 	DATA 	Mouse:  Left button up, pos=(593,635)
12.7191 	DATA 	Mouse: Left button down, pos=(425,446)
12.7348 	EXP 	slider: markerPos = 2.033333333333333
12.7511 	EXP 	slider: markerPos = 2.033333333333333
12.7679 	EXP 	slider: markerPos = 2.033333333333333
12.7848 	EXP 	slider: markerPos = 2.033333333333333
12.8019 	EXP 	slider: markerPos = 2.033333333333333
12.8182 	EXP 	slider: markerPos = 2.033333333333333
12.8349 	EXP 	slider: markerPos = 2.033333333333333
12.8391 	DATA 	Mouse:  Left button up, pos=(425,446)
12.8513 	EXP 	slider: markerPos = 2.033333333333333
12.8682 	EXP 	slider: markerPos = 2.033333333333333
12.8682 	EXP 	slider: rating = 2.033333333333333
12.8702 	EXP 	New trial (rep=1, index=0): OrderedDict([('stim', 'stim/u.wav'), ('phone', 'u')])
12.8849 	EXP 	slider: autoDraw = False
12.8849 	EXP 	text_2: autoDraw = False
12.8849 	EXP 	text_3: autoDraw = False
12.8849 	EXP 	text_4: autoDraw = False
12.8849 	EXP 	cross: autoDraw = True
13.3682 	EXP 	ins: autoDraw = True
13.3847 	EXP 	cross: autoDraw = False
14.2594 	DATA 	Mouse: Left button down, pos=(369,586)
14.4593 	DATA 	Mouse:  Left button up, pos=(368,591)
14.6184 	DATA 	Mouse: Left button down, pos=(368,614)
14.6344 	EXP 	ins: autoDraw = False
14.6344 	EXP 	cross: autoDraw = False
14.6344 	EXP 	slider: markerPos = None
14.6344 	EXP 	slider: markerPos = None
14.6344 	EXP 	slider: rating = None
14.6344 	EXP 	slider: autoDraw = True
14.6344 	EXP 	text_2: autoDraw = True
14.6344 	EXP 	text_3: autoDraw = True
14.6344 	EXP 	text_4: autoDraw = True
14.7188 	DATA 	Mouse:  Left button up, pos=(368,614)
15.7864 	DATA 	Mouse: Left button down, pos=(241,474)
15.8022 	EXP 	slider: markerPos = 0.8066666666666664
15.8170 	EXP 	slider: markerPos = 0.8066666666666664
15.8350 	EXP 	slider: markerPos = 0.8066666666666664
15.8526 	EXP 	slider: markerPos = 0.8066666666666664
15.8683 	EXP 	slider: markerPos = 0.8066666666666664
15.8850 	EXP 	slider: markerPos = 0.8066666666666664
15.9017 	EXP 	slider: markerPos = 0.8066666666666664
15.9183 	EXP 	slider: markerPos = 0.8066666666666664
15.9353 	EXP 	slider: markerPos = 0.8066666666666664
15.9358 	DATA 	Mouse:  Left button up, pos=(241,474)
15.9518 	EXP 	slider: markerPos = 1
15.9518 	EXP 	slider: rating = 1
15.9539 	EXP 	New trial (rep=1, index=1): OrderedDict([('stim', 'stim/o.wav'), ('phone', 'o')])
15.9682 	EXP 	slider: autoDraw = False
15.9682 	EXP 	text_2: autoDraw = False
15.9682 	EXP 	text_3: autoDraw = False
15.9682 	EXP 	text_4: autoDraw = False
15.9682 	EXP 	cross: autoDraw = True
16.4515 	EXP 	ins: autoDraw = True
16.4681 	EXP 	cross: autoDraw = False
17.1764 	DATA 	Mouse: Left button down, pos=(263,596)
17.3019 	DATA 	Mouse:  Left button up, pos=(263,596)
17.5856 	DATA 	Mouse: Left button down, pos=(264,608)
17.6014 	EXP 	ins: autoDraw = False
17.6014 	EXP 	cross: autoDraw = False
17.6014 	EXP 	slider: markerPos = None
17.6014 	EXP 	slider: markerPos = None
17.6014 	EXP 	slider: rating = None
17.6014 	EXP 	slider: autoDraw = True
17.6014 	EXP 	text_2: autoDraw = True
17.6014 	EXP 	text_3: autoDraw = True
17.6014 	EXP 	text_4: autoDraw = True
17.6692 	DATA 	Mouse:  Left button up, pos=(264,609)
18.4356 	DATA 	Mouse: Left button down, pos=(309,462)
18.4518 	EXP 	slider: markerPos = 1.26
18.4682 	EXP 	slider: markerPos = 1.26
18.4844 	EXP 	slider: markerPos = 1.26
18.5015 	EXP 	slider: markerPos = 1.26
18.5183 	EXP 	slider: markerPos = 1.26
18.5349 	EXP 	slider: markerPos = 1.26
18.5516 	EXP 	slider: markerPos = 1.26
18.5684 	EXP 	slider: markerPos = 1.26
18.5854 	EXP 	slider: markerPos = 1.26
18.6021 	EXP 	slider: markerPos = 1.26
18.6182 	EXP 	slider: markerPos = 1.26
18.6348 	EXP 	slider: markerPos = 1.26
18.6518 	EXP 	slider: markerPos = 1.26
18.6683 	EXP 	slider: markerPos = 1.26
18.6847 	EXP 	slider: markerPos = 1.26
18.7015 	EXP 	slider: markerPos = 1.26
18.7185 	EXP 	slider: markerPos = 1.26
18.7358 	EXP 	slider: markerPos = 1.26
18.7517 	EXP 	slider: markerPos = 1.26
18.7683 	EXP 	slider: markerPos = 1.26
18.7850 	EXP 	slider: markerPos = 1.26
18.7856 	DATA 	Mouse:  Left button up, pos=(309,461)
18.8015 	EXP 	slider: markerPos = 1.26
18.8015 	EXP 	slider: rating = 1.26
18.8035 	EXP 	New trial (rep=2, index=0): OrderedDict([('stim', 'stim/u.wav'), ('phone', 'u')])
18.8181 	EXP 	slider: autoDraw = False
18.8181 	EXP 	text_2: autoDraw = False
18.8181 	EXP 	text_3: autoDraw = False
18.8181 	EXP 	text_4: autoDraw = False
18.8181 	EXP 	cross: autoDraw = True
19.3008 	EXP 	ins: autoDraw = True
19.3183 	EXP 	cross: autoDraw = False
20.0765 	DATA 	Mouse: Left button down, pos=(285,654)
20.1522 	DATA 	Mouse:  Left button up, pos=(285,654)
20.6020 	DATA 	Mouse: Left button down, pos=(334,641)
20.6183 	EXP 	ins: autoDraw = False
20.6183 	EXP 	cross: autoDraw = False
20.6183 	EXP 	slider: markerPos = None
20.6183 	EXP 	slider: markerPos = None
20.6183 	EXP 	slider: rating = None
20.6183 	EXP 	slider: autoDraw = True
20.6183 	EXP 	text_2: autoDraw = True
20.6183 	EXP 	text_3: autoDraw = True
20.6183 	EXP 	text_4: autoDraw = True
20.7190 	DATA 	Mouse:  Left button up, pos=(334,641)
21.6524 	DATA 	Mouse: Left button down, pos=(797,459)
21.6685 	EXP 	slider: markerPos = 4.513333333333334
21.6851 	EXP 	slider: markerPos = 4.513333333333334
21.7021 	EXP 	slider: markerPos = 4.513333333333334
21.7184 	EXP 	slider: markerPos = 4.513333333333334
21.7347 	EXP 	slider: markerPos = 4.513333333333334
21.7518 	EXP 	slider: markerPos = 4.513333333333334
21.7684 	EXP 	slider: markerPos = 4.513333333333334
21.7851 	EXP 	slider: markerPos = 4.513333333333334
21.8015 	EXP 	slider: markerPos = 4.513333333333334
21.8185 	EXP 	slider: markerPos = 4.513333333333334
21.8351 	EXP 	slider: markerPos = 4.513333333333334
21.8516 	EXP 	slider: markerPos = 4.513333333333334
21.8684 	EXP 	slider: markerPos = 4.513333333333334
21.8854 	EXP 	slider: markerPos = 4.513333333333334
21.9020 	EXP 	slider: markerPos = 4.513333333333334
21.9187 	EXP 	slider: markerPos = 4.513333333333334
21.9351 	EXP 	slider: markerPos = 4.513333333333334
21.9517 	EXP 	slider: markerPos = 4.513333333333334
21.9690 	EXP 	slider: markerPos = 4.513333333333334
21.9851 	EXP 	slider: markerPos = 4.513333333333334
22.0013 	EXP 	slider: markerPos = 4.513333333333334
22.0185 	EXP 	slider: markerPos = 4.513333333333334
22.0338 	EXP 	slider: markerPos = 4.513333333333334
22.0519 	EXP 	slider: markerPos = 4.513333333333334
22.0525 	DATA 	Mouse:  Left button up, pos=(797,459)
22.0686 	EXP 	slider: markerPos = 4.513333333333334
22.0686 	EXP 	slider: rating = 4.513333333333334
22.0708 	EXP 	New trial (rep=2, index=1): OrderedDict([('stim', 'stim/o.wav'), ('phone', 'o')])
22.0850 	EXP 	slider: autoDraw = False
22.0850 	EXP 	text_2: autoDraw = False
22.0850 	EXP 	text_3: autoDraw = False
22.0850 	EXP 	text_4: autoDraw = False
22.0850 	EXP 	cross: autoDraw = True
22.5681 	EXP 	ins: autoDraw = True
22.5850 	EXP 	cross: autoDraw = False
23.4745 	DATA 	Keypress: escape
23.7241 	EXP 	window1: mouseVisible = True
