0.6762 	WARNING 	We strongly recommend you activate the PTB sound engine in PsychoPy prefs as the preferred audio engine. Its timing is vastly superior. Your prefs are currently set to use ['sounddevice', 'PTB', 'pyo', 'pygame'] (in that order).
4.7416 	EXP 	Created window1 = Window(allowGUI=False, allowStencil=False, autoLog=True, backendConf=UNKNOWN, bitsMode=UNKNOWN, blendMode='avg', bpc=(8, 8, 8), color=array([0, 0, 0]), colorSpace='rgb', depthBits=8, fullscr=<method-wrapper '__getattribute__' of attributeSetter object at 0x7fd327103ac8>, gamma=None, gammaErrorPolicy='raise', lms=UNKNOWN, monitor=<psychopy.monitors.calibTools.Monitor object at 0x7fd325af25f8>, multiSample=False, name='window1', numSamples=2, pos=[360.0, 225.0], screen=0, size=array([2880, 1800]), stencilBits=0, stereo=False, units='height', useFBO=True, useRetina=True, viewOri=0.0, viewPos=None, viewScale=None, waitBlanking=True, winType='pyglet')
4.7418 	EXP 	window1: mouseVisible = True
4.7418 	EXP 	window1: recordFrameIntervals = False
4.9080 	EXP 	window1: recordFrameIntervals = True
5.0914 	EXP 	window1: recordFrameIntervals = False
5.6806 	EXP 	Created text_6 = TextStim(__class__=<class 'psychopy.visual.text.TextStim'>, alignHoriz=method-wrapper(...), alignText='center', alignVert=method-wrapper(...), anchorHoriz='center', anchorVert='center', antialias=True, autoLog=True, bold=False, color=array([1., 1., 1.]), colorSpace='rgb', contrast=1.0, depth=0.0, flipHoriz=False, flipVert=False, font='Open Sans', fontFiles=[], height=0.04, italic=False, languageStyle='LTR', name='text_6', opacity=1, ori=0.0, pos=array([0., 0.]), rgb=UNKNOWN, text=str(...), units='height', win=Window(...), wrapWidth=1)
5.8757 	EXP 	window1: mouseVisible = True
5.8815 	EXP 	window1: mouseVisible = True
5.8873 	EXP 	window1: mouseVisible = True
5.9240 	EXP 	Sound stimulus_3 set volume 1.000
5.9321 	EXP 	window1: mouseVisible = True
5.9414 	EXP 	window1: mouseVisible = True
5.9508 	EXP 	Created ins_3 = TextStim(__class__=<class 'psychopy.visual.text.TextStim'>, alignHoriz=method-wrapper(...), alignText='center', alignVert=method-wrapper(...), anchorHoriz='center', anchorVert='center', antialias=True, autoLog=True, bold=False, color=array([1., 1., 1.]), colorSpace='rgb', contrast=1.0, depth=-6.0, flipHoriz=False, flipVert=False, font='Open Sans', fontFiles=[], height=0.05, italic=False, languageStyle='LTR', name='ins_3', opacity=1, ori=0.0, pos=array([0.  , 0.35]), rgb=UNKNOWN, text=str(...), units='height', win=Window(...), wrapWidth=1)
5.9546 	EXP 	Created cross_3 = TextStim(__class__=<class 'psychopy.visual.text.TextStim'>, alignHoriz=method-wrapper(...), alignText='center', alignVert=method-wrapper(...), anchorHoriz='center', anchorVert='center', antialias=True, autoLog=True, bold=False, color=array([1., 1., 1.]), colorSpace='rgb', contrast=1.0, depth=-7.0, flipHoriz=False, flipVert=False, font='Open Sans', fontFiles=[], height=0.1, italic=False, languageStyle='LTR', name='cross_3', opacity=1, ori=0.0, pos=array([0., 0.]), rgb=UNKNOWN, text='+', units='height', win=Window(...), wrapWidth=1)
5.9571 	EXP 	window1: mouseVisible = True
5.9593 	EXP 	window1: mouseVisible = True
5.9710 	EXP 	window1: mouseVisible = True
5.9768 	EXP 	Created slider_2 = Slider(__class__=<class 'psychopy.visual.slider.Slider'>, autoDraw=False, autoLog=True, borderColor=None, color=None, colorSpace='rgb', depth=0, fillColor=None, flip=False, font='Open Sans', granularity=0.0, labelHeight=0.05, labelWrapWidth=None, labels=None, name='slider_2', opacity=None, pos=(0, 0), readOnly=False, self=UNKNOWN, size=(1.0, 0.1), startValue=None, style=method-wrapper(...), styleTweaks=method-wrapper(...), ticks=array([1, 2, 3, 4, 5, 6, 7]), units='height', win=Window(...))
5.9897 	EXP 	Created top_ins_2 = TextStim(__class__=<class 'psychopy.visual.text.TextStim'>, alignHoriz=method-wrapper(...), alignText='center', alignVert=method-wrapper(...), anchorHoriz='center', anchorVert='center', antialias=True, autoLog=True, bold=False, color=array([1., 1., 1.]), colorSpace='rgb', contrast=1.0, depth=-1.0, flipHoriz=False, flipVert=False, font='Open Sans', fontFiles=[], height=0.05, italic=False, languageStyle='LTR', name='top_ins_2', opacity=1, ori=0.0, pos=array([0. , 0.4]), rgb=UNKNOWN, text=str(...), units='height', win=Window(...), wrapWidth=1)
5.9994 	EXP 	Created bottom_ins_2 = TextStim(__class__=<class 'psychopy.visual.text.TextStim'>, alignHoriz=method-wrapper(...), alignText='center', alignVert=method-wrapper(...), anchorHoriz='center', anchorVert='center', antialias=True, autoLog=True, bold=False, color=array([1., 1., 1.]), colorSpace='rgb', contrast=1.0, depth=-2.0, flipHoriz=False, flipVert=False, font='Open Sans', fontFiles=[], height=0.04, italic=False, languageStyle='LTR', name='bottom_ins_2', opacity=1, ori=0.0, pos=array([ 0. , -0.4]), rgb=UNKNOWN, text=str(...), units='height', win=Window(...), wrapWidth=1)
6.0040 	EXP 	Created text_4 = TextStim(__class__=<class 'psychopy.visual.text.TextStim'>, alignHoriz=method-wrapper(...), alignText='center', alignVert=method-wrapper(...), anchorHoriz='center', anchorVert='center', antialias=True, autoLog=True, bold=False, color=array([1., 1., 1.]), colorSpace='rgb', contrast=1.0, depth=-3.0, flipHoriz=False, flipVert=False, font='Open Sans', fontFiles=[], height=0.03, italic=False, languageStyle='LTR', name='text_4', opacity=1, ori=0.0, pos=array([ 0.45, -0.1 ]), rgb=UNKNOWN, text='Perfect fit', units='height', win=Window(...), wrapWidth=1)
6.0098 	EXP 	Created text_5 = TextStim(__class__=<class 'psychopy.visual.text.TextStim'>, alignHoriz=method-wrapper(...), alignText='center', alignVert=method-wrapper(...), anchorHoriz='center', anchorVert='center', antialias=True, autoLog=True, bold=False, color=array([1., 1., 1.]), colorSpace='rgb', contrast=1.0, depth=-4.0, flipHoriz=False, flipVert=False, font='Open Sans', fontFiles=[], height=0.03, italic=False, languageStyle='LTR', name='text_5', opacity=1, ori=0.0, pos=array([-0.45, -0.1 ]), rgb=UNKNOWN, text='Does not fit at a all', units='height', win=Window(...), wrapWidth=1)
6.2101 	EXP 	Created text_7 = TextStim(__class__=<class 'psychopy.visual.text.TextStim'>, alignHoriz=method-wrapper(...), alignText='center', alignVert=method-wrapper(...), anchorHoriz='center', anchorVert='center', antialias=True, autoLog=True, bold=False, color=array([1., 1., 1.]), colorSpace='rgb', contrast=1.0, depth=-1.0, flipHoriz=False, flipVert=False, font='Open Sans', fontFiles=[], height=0.1, italic=False, languageStyle='LTR', name='text_7', opacity=1, ori=0.0, pos=array([0., 0.]), rgb=UNKNOWN, text=str(...), units='height', win=Window(...), wrapWidth=1)
6.2101 	EXP 	Sound stimulus_4 set volume 1.000
6.2208 	EXP 	Created ins_4 = TextStim(__class__=<class 'psychopy.visual.text.TextStim'>, alignHoriz=method-wrapper(...), alignText='center', alignVert=method-wrapper(...), anchorHoriz='center', anchorVert='center', antialias=True, autoLog=True, bold=False, color=array([1., 1., 1.]), colorSpace='rgb', contrast=1.0, depth=-1.0, flipHoriz=False, flipVert=False, font='Open Sans', fontFiles=[], height=0.05, italic=False, languageStyle='LTR', name='ins_4', opacity=1, ori=0.0, pos=array([0.  , 0.35]), rgb=UNKNOWN, text=str(...), units='height', win=Window(...), wrapWidth=1)
6.2227 	EXP 	Created cross_4 = TextStim(__class__=<class 'psychopy.visual.text.TextStim'>, alignHoriz=method-wrapper(...), alignText='center', alignVert=method-wrapper(...), anchorHoriz='center', anchorVert='center', antialias=True, autoLog=True, bold=False, color=array([1., 1., 1.]), colorSpace='rgb', contrast=1.0, depth=-2.0, flipHoriz=False, flipVert=False, font='Open Sans', fontFiles=[], height=0.1, italic=False, languageStyle='LTR', name='cross_4', opacity=1, ori=0.0, pos=array([0., 0.]), rgb=UNKNOWN, text='+', units='height', win=Window(...), wrapWidth=1)
6.2262 	EXP 	Created seek_text = TextStim(__class__=<class 'psychopy.visual.text.TextStim'>, alignHoriz=method-wrapper(...), alignText='center', alignVert=method-wrapper(...), anchorHoriz='center', anchorVert='center', antialias=True, autoLog=True, bold=False, color=array([1., 1., 1.]), colorSpace='rgb', contrast=1.0, depth=-3.0, flipHoriz=False, flipVert=False, font='Open Sans', fontFiles=[], height=0.05, italic=False, languageStyle='LTR', name='seek_text', opacity=1, ori=0.0, pos=array([-0.5,  0.2]), rgb=UNKNOWN, text='seek (q)', units='height', win=Window(...), wrapWidth=1)
6.2294 	EXP 	Created sock_text = TextStim(__class__=<class 'psychopy.visual.text.TextStim'>, alignHoriz=method-wrapper(...), alignText='center', alignVert=method-wrapper(...), anchorHoriz='center', anchorVert='center', antialias=True, autoLog=True, bold=False, color=array([1., 1., 1.]), colorSpace='rgb', contrast=1.0, depth=-4.0, flipHoriz=False, flipVert=False, font='Open Sans', fontFiles=[], height=0.1, italic=False, languageStyle='LTR', name='sock_text', opacity=1, ori=0.0, pos=array([0. , 0.2]), rgb=UNKNOWN, text='sock (y)', units='height', win=Window(...), wrapWidth=1)
6.2315 	EXP 	Created such_text = TextStim(__class__=<class 'psychopy.visual.text.TextStim'>, alignHoriz=method-wrapper(...), alignText='center', alignVert=method-wrapper(...), anchorHoriz='center', anchorVert='center', antialias=True, autoLog=True, bold=False, color=array([1., 1., 1.]), colorSpace='rgb', contrast=1.0, depth=-5.0, flipHoriz=False, flipVert=False, font='Open Sans', fontFiles=[], height=0.1, italic=False, languageStyle='LTR', name='such_text', opacity=1, ori=0.0, pos=array([0.5, 0.2]), rgb=UNKNOWN, text='such (p)', units='height', win=Window(...), wrapWidth=1)
6.2336 	EXP 	Created soon_text = TextStim(__class__=<class 'psychopy.visual.text.TextStim'>, alignHoriz=method-wrapper(...), alignText='center', alignVert=method-wrapper(...), anchorHoriz='center', anchorVert='center', antialias=True, autoLog=True, bold=False, color=array([1., 1., 1.]), colorSpace='rgb', contrast=1.0, depth=-6.0, flipHoriz=False, flipVert=False, font='Open Sans', fontFiles=[], height=0.1, italic=False, languageStyle='LTR', name='soon_text', opacity=1, ori=0.0, pos=array([0., 0.]), rgb=UNKNOWN, text='soon (g)', units='height', win=Window(...), wrapWidth=1)
6.2361 	EXP 	Created sin_text = TextStim(__class__=<class 'psychopy.visual.text.TextStim'>, alignHoriz=method-wrapper(...), alignText='center', alignVert=method-wrapper(...), anchorHoriz='center', anchorVert='center', antialias=True, autoLog=True, bold=False, color=array([1., 1., 1.]), colorSpace='rgb', contrast=1.0, depth=-7.0, flipHoriz=False, flipVert=False, font='Open Sans', fontFiles=[], height=0.1, italic=False, languageStyle='LTR', name='sin_text', opacity=1, ori=0.0, pos=array([-0.5, -0.2]), rgb=UNKNOWN, text='sin (z)', units='height', win=Window(...), wrapWidth=1)
6.2392 	EXP 	Created son_text = TextStim(__class__=<class 'psychopy.visual.text.TextStim'>, alignHoriz=method-wrapper(...), alignText='center', alignVert=method-wrapper(...), anchorHoriz='center', anchorVert='center', antialias=True, autoLog=True, bold=False, color=array([1., 1., 1.]), colorSpace='rgb', contrast=1.0, depth=-8.0, flipHoriz=False, flipVert=False, font='Open Sans', fontFiles=[], height=0.1, italic=False, languageStyle='LTR', name='son_text', opacity=1, ori=0.0, pos=array([ 0.5, -0.2]), rgb=UNKNOWN, text='son (spanish; m)', units='height', win=Window(...), wrapWidth=1)
6.2414 	EXP 	Created su_text = TextStim(__class__=<class 'psychopy.visual.text.TextStim'>, alignHoriz=method-wrapper(...), alignText='center', alignVert=method-wrapper(...), anchorHoriz='center', anchorVert='center', antialias=True, autoLog=True, bold=False, color=array([1., 1., 1.]), colorSpace='rgb', contrast=1.0, depth=-9.0, flipHoriz=False, flipVert=False, font='Open Sans', fontFiles=[], height=0.1, italic=False, languageStyle='LTR', name='su_text', opacity=1, ori=0.0, pos=array([ 0. , -0.2]), rgb=UNKNOWN, text='su (v)', units='height', win=Window(...), wrapWidth=1)
6.2458 	EXP 	window1: mouseVisible = True
6.2511 	EXP 	Created slider = Slider(__class__=<class 'psychopy.visual.slider.Slider'>, autoDraw=False, autoLog=True, borderColor=None, color=None, colorSpace='rgb', depth=0, fillColor=None, flip=False, font='Open Sans', granularity=0.0, labelHeight=0.05, labelWrapWidth=None, labels=None, name='slider', opacity=None, pos=(0, 0), readOnly=False, self=UNKNOWN, size=(1.0, 0.1), startValue=None, style=method-wrapper(...), styleTweaks=method-wrapper(...), ticks=array([1, 2, 3, 4, 5, 6, 7]), units='height', win=Window(...))
6.2583 	EXP 	Created top_ins = TextStim(__class__=<class 'psychopy.visual.text.TextStim'>, alignHoriz=method-wrapper(...), alignText='center', alignVert=method-wrapper(...), anchorHoriz='center', anchorVert='center', antialias=True, autoLog=True, bold=False, color=array([1., 1., 1.]), colorSpace='rgb', contrast=1.0, depth=-1.0, flipHoriz=False, flipVert=False, font='Open Sans', fontFiles=[], height=0.05, italic=False, languageStyle='LTR', name='top_ins', opacity=1, ori=0.0, pos=array([0. , 0.4]), rgb=UNKNOWN, text=str(...), units='height', win=Window(...), wrapWidth=1)
6.2657 	EXP 	Created bottom_ins = TextStim(__class__=<class 'psychopy.visual.text.TextStim'>, alignHoriz=method-wrapper(...), alignText='center', alignVert=method-wrapper(...), anchorHoriz='center', anchorVert='center', antialias=True, autoLog=True, bold=False, color=array([1., 1., 1.]), colorSpace='rgb', contrast=1.0, depth=-2.0, flipHoriz=False, flipVert=False, font='Open Sans', fontFiles=[], height=0.04, italic=False, languageStyle='LTR', name='bottom_ins', opacity=1, ori=0.0, pos=array([ 0. , -0.4]), rgb=UNKNOWN, text=str(...), units='height', win=Window(...), wrapWidth=1)
6.2696 	EXP 	Created text_2 = TextStim(__class__=<class 'psychopy.visual.text.TextStim'>, alignHoriz=method-wrapper(...), alignText='center', alignVert=method-wrapper(...), anchorHoriz='center', anchorVert='center', antialias=True, autoLog=True, bold=False, color=array([1., 1., 1.]), colorSpace='rgb', contrast=1.0, depth=-3.0, flipHoriz=False, flipVert=False, font='Open Sans', fontFiles=[], height=0.03, italic=False, languageStyle='LTR', name='text_2', opacity=1, ori=0.0, pos=array([ 0.45, -0.1 ]), rgb=UNKNOWN, text='Perfect fit', units='height', win=Window(...), wrapWidth=1)
6.2752 	EXP 	Created text_3 = TextStim(__class__=<class 'psychopy.visual.text.TextStim'>, alignHoriz=method-wrapper(...), alignText='center', alignVert=method-wrapper(...), anchorHoriz='center', anchorVert='center', antialias=True, autoLog=True, bold=False, color=array([1., 1., 1.]), colorSpace='rgb', contrast=1.0, depth=-4.0, flipHoriz=False, flipVert=False, font='Open Sans', fontFiles=[], height=0.03, italic=False, languageStyle='LTR', name='text_3', opacity=1, ori=0.0, pos=array([-0.45, -0.1 ]), rgb=UNKNOWN, text='Does not fit at a all', units='height', win=Window(...), wrapWidth=1)
6.4726 	EXP 	Created text = TextStim(__class__=<class 'psychopy.visual.text.TextStim'>, alignHoriz=method-wrapper(...), alignText='center', alignVert=method-wrapper(...), anchorHoriz='center', anchorVert='center', antialias=True, autoLog=True, bold=False, color=array([1., 1., 1.]), colorSpace='rgb', contrast=1.0, depth=-1.0, flipHoriz=False, flipVert=False, font='Open Sans', fontFiles=[], height=0.1, italic=False, languageStyle='LTR', name='text', opacity=1, ori=0.0, pos=array([0., 0.]), rgb=UNKNOWN, text=str(...), units='height', win=Window(...), wrapWidth=1)
6.4834 	EXP 	slider_2: autoLog = True
6.4834 	EXP 	slider_2: markerPos = None
6.4834 	EXP 	slider_2: rating = None
6.4834 	EXP 	slider_2: markerPos = None
6.4834 	EXP 	slider_2: contrast = 1.0
6.4834 	EXP 	slider_2: autoLog = True
6.4834 	EXP 	slider_2: styleTweaks = []
6.4834 	EXP 	slider_2: style = 'rating'
6.4834 	EXP 	slider_2: styleTweaks = ['triangleMarker']
6.4834 	EXP 	slider: autoLog = True
6.4834 	EXP 	slider: markerPos = None
6.4834 	EXP 	slider: rating = None
6.4834 	EXP 	slider: markerPos = None
6.4834 	EXP 	slider: contrast = 1.0
6.4834 	EXP 	slider: autoLog = True
6.4834 	EXP 	slider: styleTweaks = []
6.4834 	EXP 	slider: style = 'rating'
6.4834 	EXP 	slider: styleTweaks = ['triangleMarker']
6.4834 	EXP 	text_6: autoDraw = True
7.1816 	EXP 	Imported stim/practice.csv as conditions, 2 conditions, 1 params
7.1821 	EXP 	Created sequence: random, trialTypes=2, nReps=1, seed=None
7.1823 	EXP 	New trial (rep=0, index=0): OrderedDict([('stim', 'stim/sos.wav')])
7.1880 	DATA 	Keypress: space
7.1929 	EXP 	text_6: autoDraw = False
7.1929 	EXP 	cross_3: autoDraw = True
7.6985 	EXP 	ins_3: autoDraw = True
7.7149 	EXP 	cross_3: autoDraw = False
8.0177 	DATA 	Mouse: Left button down, pos=(664,554)
8.0425 	EXP 	ins_3: autoDraw = False
8.0425 	EXP 	cross_3: autoDraw = False
8.0425 	EXP 	slider_2: markerPos = None
8.0425 	EXP 	slider_2: markerPos = None
8.0425 	EXP 	slider_2: rating = None
8.0425 	EXP 	slider_2: autoDraw = True
8.0425 	EXP 	top_ins_2: autoDraw = True
8.0425 	EXP 	bottom_ins_2: autoDraw = True
8.0425 	EXP 	text_4: autoDraw = True
8.0425 	EXP 	text_5: autoDraw = True
8.1110 	DATA 	Mouse:  Left button up, pos=(664,554)
8.5416 	DATA 	Mouse: Left button down, pos=(664,479)
8.5575 	EXP 	slider_2: markerPos = 3.6266666666666665
8.5749 	EXP 	slider_2: markerPos = 3.6266666666666665
8.5917 	EXP 	slider_2: markerPos = 3.6266666666666665
8.6075 	EXP 	slider_2: markerPos = 3.6266666666666665
8.6234 	EXP 	slider_2: markerPos = 3.6266666666666665
8.6286 	DATA 	Mouse:  Left button up, pos=(664,479)
8.6409 	EXP 	slider_2: markerPos = 3.6266666666666665
8.6587 	EXP 	slider_2: markerPos = 3.6266666666666665
8.6587 	EXP 	slider_2: rating = 3.6266666666666665
8.6611 	EXP 	New trial (rep=0, index=1): OrderedDict([('stim', 'stim/sis.wav')])
8.6745 	EXP 	slider_2: autoDraw = False
8.6745 	EXP 	top_ins_2: autoDraw = False
8.6745 	EXP 	bottom_ins_2: autoDraw = False
8.6745 	EXP 	text_4: autoDraw = False
8.6745 	EXP 	text_5: autoDraw = False
8.6745 	EXP 	cross_3: autoDraw = True
9.1592 	EXP 	ins_3: autoDraw = True
9.1758 	EXP 	cross_3: autoDraw = False
9.6913 	DATA 	Mouse: Left button down, pos=(730,625)
9.7079 	EXP 	ins_3: autoDraw = False
9.7079 	EXP 	cross_3: autoDraw = False
9.7079 	EXP 	slider_2: markerPos = None
9.7079 	EXP 	slider_2: markerPos = None
9.7079 	EXP 	slider_2: rating = None
9.7079 	EXP 	slider_2: autoDraw = True
9.7079 	EXP 	top_ins_2: autoDraw = True
9.7079 	EXP 	bottom_ins_2: autoDraw = True
9.7079 	EXP 	text_4: autoDraw = True
9.7079 	EXP 	text_5: autoDraw = True
9.7748 	DATA 	Mouse:  Left button up, pos=(730,626)
10.1578 	DATA 	Mouse: Left button down, pos=(777,466)
10.1744 	EXP 	slider_2: markerPos = 4.38
10.1912 	EXP 	slider_2: markerPos = 4.38
10.2077 	EXP 	slider_2: markerPos = 4.38
10.2243 	EXP 	slider_2: markerPos = 4.38
10.2248 	DATA 	Mouse:  Left button up, pos=(777,466)
10.2415 	EXP 	slider_2: markerPos = 4.38
10.2415 	EXP 	slider_2: rating = 4.38
10.2583 	EXP 	slider_2: autoDraw = False
10.2583 	EXP 	top_ins_2: autoDraw = False
10.2583 	EXP 	bottom_ins_2: autoDraw = False
10.2583 	EXP 	text_4: autoDraw = False
10.2583 	EXP 	text_5: autoDraw = False
10.2583 	EXP 	text_7: autoDraw = True
11.2781 	EXP 	Imported stim/conditions.csv as conditions, 4 conditions, 1 params
11.2785 	EXP 	Created sequence: random, trialTypes=4, nReps=5, seed=None
11.2788 	EXP 	New trial (rep=0, index=0): OrderedDict([('stim', 'stim/sos.wav')])
11.2881 	DATA 	Keypress: space
11.2931 	EXP 	text_7: autoDraw = False
11.2931 	EXP 	cross_4: autoDraw = True
11.7742 	EXP 	ins_4: autoDraw = True
11.7742 	EXP 	seek_text: autoDraw = True
11.7742 	EXP 	sock_text: autoDraw = True
11.7742 	EXP 	such_text: autoDraw = True
11.7742 	EXP 	soon_text: autoDraw = True
11.7742 	EXP 	sin_text: autoDraw = True
11.7742 	EXP 	son_text: autoDraw = True
11.7742 	EXP 	su_text: autoDraw = True
11.8075 	EXP 	cross_4: autoDraw = False
18.7470 	DATA 	Mouse: Left button down, pos=(82,714)
18.8303 	DATA 	Mouse:  Left button up, pos=(82,714)
20.1137 	DATA 	Keypress: escape
20.3391 	EXP 	window1: mouseVisible = True
