0.5613 	WARNING 	We strongly recommend you activate the PTB sound engine in PsychoPy prefs as the preferred audio engine. Its timing is vastly superior. Your prefs are currently set to use ['sounddevice', 'PTB', 'pyo', 'pygame'] (in that order).
4.1249 	WARNING 	User requested fullscreen with size [1024  768], but screen is actually [1440, 900]. Using actual size
4.7517 	EXP 	Created window1 = Window(allowGUI=False, allowStencil=False, autoLog=True, backendConf=UNKNOWN, bitsMode=UNKNOWN, blendMode='avg', bpc=(8, 8, 8), color=array([0, 0, 0]), colorSpace='rgb', depthBits=8, fullscr=<method-wrapper '__getattribute__' of attributeSetter object at 0x7f9817d12b38>, gamma=None, gammaErrorPolicy='raise', lms=UNKNOWN, monitor=<psychopy.monitors.calibTools.Monitor object at 0x7f9817875978>, multiSample=False, name='window1', numSamples=2, pos=[360.0, 225.0], screen=0, size=array([2880, 1800]), stencilBits=0, stereo=False, units='height', useFBO=True, useRetina=True, viewOri=0.0, viewPos=None, viewScale=None, waitBlanking=True, winType='pyglet')
4.7519 	EXP 	window1: mouseVisible = True
4.7520 	EXP 	window1: recordFrameIntervals = False
5.0661 	EXP 	window1: recordFrameIntervals = True
5.2506 	EXP 	window1: recordFrameIntervals = False
5.8301 	EXP 	window1: mouseVisible = True
7.0693 	DATA 	Mouse: Left button down, pos=(385,459)
7.0984 	EXP 	window1: mouseVisible = True
0.6756 	WARNING 	We strongly recommend you activate the PTB sound engine in PsychoPy prefs as the preferred audio engine. Its timing is vastly superior. Your prefs are currently set to use ['sounddevice', 'PTB', 'pyo', 'pygame'] (in that order).
5.1790 	WARNING 	User requested fullscreen with size [1024  768], but screen is actually [1440, 900]. Using actual size
5.7493 	EXP 	Created window1 = Window(allowGUI=False, allowStencil=False, autoLog=True, backendConf=UNKNOWN, bitsMode=UNKNOWN, blendMode='avg', bpc=(8, 8, 8), color=array([0, 0, 0]), colorSpace='rgb', depthBits=8, fullscr=<method-wrapper '__getattribute__' of attributeSetter object at 0x7f805ee50ac8>, gamma=None, gammaErrorPolicy='raise', lms=UNKNOWN, monitor=<psychopy.monitors.calibTools.Monitor object at 0x7f805e971710>, multiSample=False, name='window1', numSamples=2, pos=[360.0, 225.0], screen=0, size=array([2880, 1800]), stencilBits=0, stereo=False, units='height', useFBO=True, useRetina=True, viewOri=0.0, viewPos=None, viewScale=None, waitBlanking=True, winType='pyglet')
5.7496 	EXP 	window1: mouseVisible = True
5.7496 	EXP 	window1: recordFrameIntervals = False
5.9154 	EXP 	window1: recordFrameIntervals = True
6.0993 	EXP 	window1: recordFrameIntervals = False
6.6900 	EXP 	window1: mouseVisible = True
8.7015 	DATA 	Mouse: Left button down, pos=(390,441)
8.7827 	DATA 	Mouse:  Left button up, pos=(390,441)
10.3007 	DATA 	Keypress: space
10.3283 	EXP 	window1: mouseVisible = True
