0.5493 	WARNING 	We strongly recommend you activate the PTB sound engine in PsychoPy prefs as the preferred audio engine. Its timing is vastly superior. Your prefs are currently set to use ['sounddevice', 'PTB', 'pyo', 'pygame'] (in that order).
4.7041 	EXP 	Created window1 = Window(allowGUI=False, allowStencil=False, autoLog=True, backendConf=UNKNOWN, bitsMode=UNKNOWN, blendMode='avg', bpc=(8, 8, 8), color=array([0, 0, 0]), colorSpace='rgb', depthBits=8, fullscr=<method-wrapper '__getattribute__' of attributeSetter object at 0x7f9eb4505a90>, gamma=None, gammaErrorPolicy='raise', lms=UNKNOWN, monitor=<psychopy.monitors.calibTools.Monitor object at 0x7f9eb2b7c550>, multiSample=False, name='window1', numSamples=2, pos=[360.0, 225.0], screen=0, size=array([2880, 1800]), stencilBits=0, stereo=False, units='height', useFBO=True, useRetina=True, viewOri=0.0, viewPos=None, viewScale=None, waitBlanking=True, winType='pyglet')
4.7043 	EXP 	window1: mouseVisible = True
4.7043 	EXP 	window1: recordFrameIntervals = False
4.8693 	EXP 	window1: recordFrameIntervals = True
5.0536 	EXP 	window1: recordFrameIntervals = False
5.7045 	EXP 	Created text_6 = TextStim(__class__=<class 'psychopy.visual.text.TextStim'>, alignHoriz=method-wrapper(...), alignText='center', alignVert=method-wrapper(...), anchorHoriz='center', anchorVert='center', antialias=True, autoLog=True, bold=False, color=array([1., 1., 1.]), colorSpace='rgb', contrast=1.0, depth=0.0, flipHoriz=False, flipVert=False, font='Open Sans', fontFiles=[], height=0.04, italic=False, languageStyle='LTR', name='text_6', opacity=1, ori=0.0, pos=array([0., 0.]), rgb=UNKNOWN, text=str(...), units='height', win=Window(...), wrapWidth=1)
5.9060 	EXP 	window1: mouseVisible = True
5.9149 	EXP 	window1: mouseVisible = True
5.9208 	EXP 	window1: mouseVisible = True
5.9595 	EXP 	Sound stimulus_3 set volume 1.000
5.9675 	EXP 	window1: mouseVisible = True
5.9760 	EXP 	window1: mouseVisible = True
5.9860 	EXP 	Created ins_3 = TextStim(__class__=<class 'psychopy.visual.text.TextStim'>, alignHoriz=method-wrapper(...), alignText='center', alignVert=method-wrapper(...), anchorHoriz='center', anchorVert='center', antialias=True, autoLog=True, bold=False, color=array([1., 1., 1.]), colorSpace='rgb', contrast=1.0, depth=-6.0, flipHoriz=False, flipVert=False, font='Open Sans', fontFiles=[], height=0.05, italic=False, languageStyle='LTR', name='ins_3', opacity=1, ori=0.0, pos=array([0.  , 0.35]), rgb=UNKNOWN, text=str(...), units='height', win=Window(...), wrapWidth=1)
5.9898 	EXP 	Created cross_3 = TextStim(__class__=<class 'psychopy.visual.text.TextStim'>, alignHoriz=method-wrapper(...), alignText='center', alignVert=method-wrapper(...), anchorHoriz='center', anchorVert='center', antialias=True, autoLog=True, bold=False, color=array([1., 1., 1.]), colorSpace='rgb', contrast=1.0, depth=-7.0, flipHoriz=False, flipVert=False, font='Open Sans', fontFiles=[], height=0.1, italic=False, languageStyle='LTR', name='cross_3', opacity=1, ori=0.0, pos=array([0., 0.]), rgb=UNKNOWN, text='+', units='height', win=Window(...), wrapWidth=1)
5.9922 	EXP 	window1: mouseVisible = True
5.9945 	EXP 	window1: mouseVisible = True
6.0071 	EXP 	window1: mouseVisible = True
6.0130 	EXP 	Created slider_2 = Slider(__class__=<class 'psychopy.visual.slider.Slider'>, autoDraw=False, autoLog=True, borderColor=None, color=None, colorSpace='rgb', depth=0, fillColor=None, flip=False, font='Open Sans', granularity=0.0, labelHeight=0.05, labelWrapWidth=None, labels=None, name='slider_2', opacity=None, pos=(0, 0), readOnly=False, self=UNKNOWN, size=(1.0, 0.1), startValue=None, style=method-wrapper(...), styleTweaks=method-wrapper(...), ticks=array([1, 2, 3, 4, 5, 6, 7]), units='height', win=Window(...))
6.0258 	EXP 	Created top_ins_2 = TextStim(__class__=<class 'psychopy.visual.text.TextStim'>, alignHoriz=method-wrapper(...), alignText='center', alignVert=method-wrapper(...), anchorHoriz='center', anchorVert='center', antialias=True, autoLog=True, bold=False, color=array([1., 1., 1.]), colorSpace='rgb', contrast=1.0, depth=-1.0, flipHoriz=False, flipVert=False, font='Open Sans', fontFiles=[], height=0.05, italic=False, languageStyle='LTR', name='top_ins_2', opacity=1, ori=0.0, pos=array([0. , 0.4]), rgb=UNKNOWN, text=str(...), units='height', win=Window(...), wrapWidth=1)
6.0352 	EXP 	Created bottom_ins_2 = TextStim(__class__=<class 'psychopy.visual.text.TextStim'>, alignHoriz=method-wrapper(...), alignText='center', alignVert=method-wrapper(...), anchorHoriz='center', anchorVert='center', antialias=True, autoLog=True, bold=False, color=array([1., 1., 1.]), colorSpace='rgb', contrast=1.0, depth=-2.0, flipHoriz=False, flipVert=False, font='Open Sans', fontFiles=[], height=0.04, italic=False, languageStyle='LTR', name='bottom_ins_2', opacity=1, ori=0.0, pos=array([ 0. , -0.4]), rgb=UNKNOWN, text=str(...), units='height', win=Window(...), wrapWidth=1)
6.0396 	EXP 	Created text_4 = TextStim(__class__=<class 'psychopy.visual.text.TextStim'>, alignHoriz=method-wrapper(...), alignText='center', alignVert=method-wrapper(...), anchorHoriz='center', anchorVert='center', antialias=True, autoLog=True, bold=False, color=array([1., 1., 1.]), colorSpace='rgb', contrast=1.0, depth=-3.0, flipHoriz=False, flipVert=False, font='Open Sans', fontFiles=[], height=0.03, italic=False, languageStyle='LTR', name='text_4', opacity=1, ori=0.0, pos=array([ 0.45, -0.1 ]), rgb=UNKNOWN, text='Perfect fit', units='height', win=Window(...), wrapWidth=1)
6.0453 	EXP 	Created text_5 = TextStim(__class__=<class 'psychopy.visual.text.TextStim'>, alignHoriz=method-wrapper(...), alignText='center', alignVert=method-wrapper(...), anchorHoriz='center', anchorVert='center', antialias=True, autoLog=True, bold=False, color=array([1., 1., 1.]), colorSpace='rgb', contrast=1.0, depth=-4.0, flipHoriz=False, flipVert=False, font='Open Sans', fontFiles=[], height=0.03, italic=False, languageStyle='LTR', name='text_5', opacity=1, ori=0.0, pos=array([-0.45, -0.1 ]), rgb=UNKNOWN, text='Does not fit at a all', units='height', win=Window(...), wrapWidth=1)
6.2503 	EXP 	Created text_7 = TextStim(__class__=<class 'psychopy.visual.text.TextStim'>, alignHoriz=method-wrapper(...), alignText='center', alignVert=method-wrapper(...), anchorHoriz='center', anchorVert='center', antialias=True, autoLog=True, bold=False, color=array([1., 1., 1.]), colorSpace='rgb', contrast=1.0, depth=-1.0, flipHoriz=False, flipVert=False, font='Open Sans', fontFiles=[], height=0.1, italic=False, languageStyle='LTR', name='text_7', opacity=1, ori=0.0, pos=array([0., 0.]), rgb=UNKNOWN, text=str(...), units='height', win=Window(...), wrapWidth=1)
6.2504 	EXP 	Sound stimulus_4 set volume 1.000
6.2643 	EXP 	Created ins_4 = TextStim(__class__=<class 'psychopy.visual.text.TextStim'>, alignHoriz=method-wrapper(...), alignText='center', alignVert=method-wrapper(...), anchorHoriz='center', anchorVert='center', antialias=True, autoLog=True, bold=False, color=array([1., 1., 1.]), colorSpace='rgb', contrast=1.0, depth=-1.0, flipHoriz=False, flipVert=False, font='Open Sans', fontFiles=[], height=0.05, italic=False, languageStyle='LTR', name='ins_4', opacity=1, ori=0.0, pos=array([0.  , 0.35]), rgb=UNKNOWN, text=str(...), units='height', win=Window(...), wrapWidth=1)
6.2663 	EXP 	Created cross_4 = TextStim(__class__=<class 'psychopy.visual.text.TextStim'>, alignHoriz=method-wrapper(...), alignText='center', alignVert=method-wrapper(...), anchorHoriz='center', anchorVert='center', antialias=True, autoLog=True, bold=False, color=array([1., 1., 1.]), colorSpace='rgb', contrast=1.0, depth=-2.0, flipHoriz=False, flipVert=False, font='Open Sans', fontFiles=[], height=0.1, italic=False, languageStyle='LTR', name='cross_4', opacity=1, ori=0.0, pos=array([0., 0.]), rgb=UNKNOWN, text='+', units='height', win=Window(...), wrapWidth=1)
6.2697 	EXP 	Created seek_text = TextStim(__class__=<class 'psychopy.visual.text.TextStim'>, alignHoriz=method-wrapper(...), alignText='center', alignVert=method-wrapper(...), anchorHoriz='center', anchorVert='center', antialias=True, autoLog=True, bold=False, color=array([ 1.,  1., -1.]), colorSpace='rgb', contrast=1.0, depth=-3.0, flipHoriz=False, flipVert=False, font='Open Sans', fontFiles=[], height=0.05, italic=False, languageStyle='LTR', name='seek_text', opacity=1, ori=0.0, pos=array([-0.5,  0.2]), rgb=UNKNOWN, text='seek (q)', units='height', win=Window(...), wrapWidth=1)
6.2716 	EXP 	Created sock_text = TextStim(__class__=<class 'psychopy.visual.text.TextStim'>, alignHoriz=method-wrapper(...), alignText='center', alignVert=method-wrapper(...), anchorHoriz='center', anchorVert='center', antialias=True, autoLog=True, bold=False, color=array([ 1.,  1., -1.]), colorSpace='rgb', contrast=1.0, depth=-4.0, flipHoriz=False, flipVert=False, font='Open Sans', fontFiles=[], height=0.05, italic=False, languageStyle='LTR', name='sock_text', opacity=1, ori=0.0, pos=array([0. , 0.2]), rgb=UNKNOWN, text='sock (y)', units='height', win=Window(...), wrapWidth=1)
6.2736 	EXP 	Created such_text = TextStim(__class__=<class 'psychopy.visual.text.TextStim'>, alignHoriz=method-wrapper(...), alignText='center', alignVert=method-wrapper(...), anchorHoriz='center', anchorVert='center', antialias=True, autoLog=True, bold=False, color=array([ 1.,  1., -1.]), colorSpace='rgb', contrast=1.0, depth=-5.0, flipHoriz=False, flipVert=False, font='Open Sans', fontFiles=[], height=0.05, italic=False, languageStyle='LTR', name='such_text', opacity=1, ori=0.0, pos=array([0.5, 0.2]), rgb=UNKNOWN, text='such (p)', units='height', win=Window(...), wrapWidth=1)
6.2738 	DEPRECATION 	'soon' is not a valid rgb color
6.2755 	EXP 	Created soon_text = TextStim(__class__=<class 'psychopy.visual.text.TextStim'>, alignHoriz=method-wrapper(...), alignText='center', alignVert=method-wrapper(...), anchorHoriz='center', anchorVert='center', antialias=True, autoLog=True, bold=False, color=array([0., 0., 0.]), colorSpace='rgb', contrast=1.0, depth=-6.0, flipHoriz=False, flipVert=False, font='Open Sans', fontFiles=[], height=0.05, italic=False, languageStyle='LTR', name='soon_text', opacity=0, ori=0.0, pos=array([0., 0.]), rgb=UNKNOWN, text='soon (g)', units='height', win=Window(...), wrapWidth=1)
6.2778 	EXP 	Created sin_text = TextStim(__class__=<class 'psychopy.visual.text.TextStim'>, alignHoriz=method-wrapper(...), alignText='center', alignVert=method-wrapper(...), anchorHoriz='center', anchorVert='center', antialias=True, autoLog=True, bold=False, color=array([ 1.        ,  0.09803922, -1.        ]), colorSpace='rgb', contrast=1.0, depth=-7.0, flipHoriz=False, flipVert=False, font='Open Sans', fontFiles=[], height=0.05, italic=False, languageStyle='LTR', name='sin_text', opacity=1, ori=0.0, pos=array([-0.5, -0.2]), rgb=UNKNOWN, text='sin (z)', units='height', win=Window(...), wrapWidth=1)
6.2798 	EXP 	Created son_text = TextStim(__class__=<class 'psychopy.visual.text.TextStim'>, alignHoriz=method-wrapper(...), alignText='center', alignVert=method-wrapper(...), anchorHoriz='center', anchorVert='center', antialias=True, autoLog=True, bold=False, color=array([ 1.        ,  0.09803922, -1.        ]), colorSpace='rgb', contrast=1.0, depth=-8.0, flipHoriz=False, flipVert=False, font='Open Sans', fontFiles=[], height=0.05, italic=False, languageStyle='LTR', name='son_text', opacity=1, ori=0.0, pos=array([ 0.5, -0.2]), rgb=UNKNOWN, text='son (m)', units='height', win=Window(...), wrapWidth=1)
6.2816 	EXP 	Created su_text = TextStim(__class__=<class 'psychopy.visual.text.TextStim'>, alignHoriz=method-wrapper(...), alignText='center', alignVert=method-wrapper(...), anchorHoriz='center', anchorVert='center', antialias=True, autoLog=True, bold=False, color=array([ 1.        ,  0.09803922, -1.        ]), colorSpace='rgb', contrast=1.0, depth=-9.0, flipHoriz=False, flipVert=False, font='Open Sans', fontFiles=[], height=0.05, italic=False, languageStyle='LTR', name='su_text', opacity=1, ori=0.0, pos=array([ 0. , -0.2]), rgb=UNKNOWN, text='su (v)', units='height', win=Window(...), wrapWidth=1)
6.4730 	EXP 	window1: mouseVisible = True
6.4786 	EXP 	Created slider = Slider(__class__=<class 'psychopy.visual.slider.Slider'>, autoDraw=False, autoLog=True, borderColor=None, color=None, colorSpace='rgb', depth=0, fillColor=None, flip=False, font='Open Sans', granularity=0.0, labelHeight=0.05, labelWrapWidth=None, labels=None, name='slider', opacity=None, pos=(0, 0), readOnly=False, self=UNKNOWN, size=(1.0, 0.1), startValue=None, style=method-wrapper(...), styleTweaks=method-wrapper(...), ticks=array([1, 2, 3, 4, 5, 6, 7]), units='height', win=Window(...))
6.4902 	EXP 	Created top_ins = TextStim(__class__=<class 'psychopy.visual.text.TextStim'>, alignHoriz=method-wrapper(...), alignText='center', alignVert=method-wrapper(...), anchorHoriz='center', anchorVert='center', antialias=True, autoLog=True, bold=False, color=array([1., 1., 1.]), colorSpace='rgb', contrast=1.0, depth=-1.0, flipHoriz=False, flipVert=False, font='Open Sans', fontFiles=[], height=0.05, italic=False, languageStyle='LTR', name='top_ins', opacity=1, ori=0.0, pos=array([0. , 0.4]), rgb=UNKNOWN, text=str(...), units='height', win=Window(...), wrapWidth=1)
6.4992 	EXP 	Created bottom_ins = TextStim(__class__=<class 'psychopy.visual.text.TextStim'>, alignHoriz=method-wrapper(...), alignText='center', alignVert=method-wrapper(...), anchorHoriz='center', anchorVert='center', antialias=True, autoLog=True, bold=False, color=array([1., 1., 1.]), colorSpace='rgb', contrast=1.0, depth=-2.0, flipHoriz=False, flipVert=False, font='Open Sans', fontFiles=[], height=0.04, italic=False, languageStyle='LTR', name='bottom_ins', opacity=1, ori=0.0, pos=array([ 0. , -0.4]), rgb=UNKNOWN, text=str(...), units='height', win=Window(...), wrapWidth=1)
6.5034 	EXP 	Created text_2 = TextStim(__class__=<class 'psychopy.visual.text.TextStim'>, alignHoriz=method-wrapper(...), alignText='center', alignVert=method-wrapper(...), anchorHoriz='center', anchorVert='center', antialias=True, autoLog=True, bold=False, color=array([1., 1., 1.]), colorSpace='rgb', contrast=1.0, depth=-3.0, flipHoriz=False, flipVert=False, font='Open Sans', fontFiles=[], height=0.03, italic=False, languageStyle='LTR', name='text_2', opacity=1, ori=0.0, pos=array([ 0.45, -0.1 ]), rgb=UNKNOWN, text='Perfect fit', units='height', win=Window(...), wrapWidth=1)
6.5087 	EXP 	Created text_3 = TextStim(__class__=<class 'psychopy.visual.text.TextStim'>, alignHoriz=method-wrapper(...), alignText='center', alignVert=method-wrapper(...), anchorHoriz='center', anchorVert='center', antialias=True, autoLog=True, bold=False, color=array([1., 1., 1.]), colorSpace='rgb', contrast=1.0, depth=-4.0, flipHoriz=False, flipVert=False, font='Open Sans', fontFiles=[], height=0.03, italic=False, languageStyle='LTR', name='text_3', opacity=1, ori=0.0, pos=array([-0.45, -0.1 ]), rgb=UNKNOWN, text='Does not fit at a all', units='height', win=Window(...), wrapWidth=1)
6.7113 	EXP 	Created text = TextStim(__class__=<class 'psychopy.visual.text.TextStim'>, alignHoriz=method-wrapper(...), alignText='center', alignVert=method-wrapper(...), anchorHoriz='center', anchorVert='center', antialias=True, autoLog=True, bold=False, color=array([1., 1., 1.]), colorSpace='rgb', contrast=1.0, depth=-1.0, flipHoriz=False, flipVert=False, font='Open Sans', fontFiles=[], height=0.1, italic=False, languageStyle='LTR', name='text', opacity=1, ori=0.0, pos=array([0., 0.]), rgb=UNKNOWN, text=str(...), units='height', win=Window(...), wrapWidth=1)
6.7232 	EXP 	slider_2: autoLog = True
6.7232 	EXP 	slider_2: markerPos = None
6.7232 	EXP 	slider_2: rating = None
6.7232 	EXP 	slider_2: markerPos = None
6.7232 	EXP 	slider_2: contrast = 1.0
6.7232 	EXP 	slider_2: autoLog = True
6.7232 	EXP 	slider_2: styleTweaks = []
6.7232 	EXP 	slider_2: style = 'rating'
6.7232 	EXP 	slider_2: styleTweaks = ['triangleMarker']
6.7232 	EXP 	slider: autoLog = True
6.7232 	EXP 	slider: markerPos = None
6.7232 	EXP 	slider: rating = None
6.7232 	EXP 	slider: markerPos = None
6.7232 	EXP 	slider: contrast = 1.0
6.7232 	EXP 	slider: autoLog = True
6.7232 	EXP 	slider: styleTweaks = []
6.7232 	EXP 	slider: style = 'rating'
6.7232 	EXP 	slider: styleTweaks = ['triangleMarker']
6.7232 	EXP 	text_6: autoDraw = True
7.6950 	EXP 	Imported stim/practice.csv as conditions, 2 conditions, 1 params
7.6955 	EXP 	Created sequence: random, trialTypes=2, nReps=1, seed=None
7.6958 	EXP 	New trial (rep=0, index=0): OrderedDict([('stim', 'stim/sis.wav')])
7.7028 	DATA 	Keypress: space
7.7079 	EXP 	text_6: autoDraw = False
7.7079 	EXP 	cross_3: autoDraw = True
8.2115 	EXP 	ins_3: autoDraw = True
8.2268 	EXP 	cross_3: autoDraw = False
9.1627 	DATA 	Mouse: Left button down, pos=(645,649)
9.1877 	EXP 	ins_3: autoDraw = False
9.1877 	EXP 	cross_3: autoDraw = False
9.1877 	EXP 	slider_2: markerPos = None
9.1877 	EXP 	slider_2: markerPos = None
9.1877 	EXP 	slider_2: rating = None
9.1877 	EXP 	slider_2: autoDraw = True
9.1877 	EXP 	top_ins_2: autoDraw = True
9.1877 	EXP 	bottom_ins_2: autoDraw = True
9.1877 	EXP 	text_4: autoDraw = True
9.1877 	EXP 	text_5: autoDraw = True
9.2867 	DATA 	Mouse:  Left button up, pos=(645,649)
9.7701 	DATA 	Mouse: Left button down, pos=(683,522)
9.8868 	DATA 	Mouse:  Left button up, pos=(683,522)
10.2534 	DATA 	Mouse: Left button down, pos=(695,476)
10.2700 	EXP 	slider_2: markerPos = 3.833333333333333
10.2863 	EXP 	slider_2: markerPos = 3.833333333333333
10.3034 	EXP 	slider_2: markerPos = 3.833333333333333
10.3200 	EXP 	slider_2: markerPos = 3.833333333333333
10.3205 	DATA 	Mouse:  Left button up, pos=(695,476)
10.3363 	EXP 	slider_2: markerPos = 3.833333333333333
10.3363 	EXP 	slider_2: rating = 3.833333333333333
10.3388 	EXP 	New trial (rep=0, index=1): OrderedDict([('stim', 'stim/sos.wav')])
10.3532 	EXP 	slider_2: autoDraw = False
10.3532 	EXP 	top_ins_2: autoDraw = False
10.3532 	EXP 	bottom_ins_2: autoDraw = False
10.3532 	EXP 	text_4: autoDraw = False
10.3532 	EXP 	text_5: autoDraw = False
10.3532 	EXP 	cross_3: autoDraw = True
10.8371 	EXP 	ins_3: autoDraw = True
10.8544 	EXP 	cross_3: autoDraw = False
11.3202 	DATA 	Mouse: Left button down, pos=(611,549)
11.3363 	EXP 	ins_3: autoDraw = False
11.3363 	EXP 	cross_3: autoDraw = False
11.3363 	EXP 	slider_2: markerPos = None
11.3363 	EXP 	slider_2: markerPos = None
11.3363 	EXP 	slider_2: rating = None
11.3363 	EXP 	slider_2: autoDraw = True
11.3363 	EXP 	top_ins_2: autoDraw = True
11.3363 	EXP 	bottom_ins_2: autoDraw = True
11.3363 	EXP 	text_4: autoDraw = True
11.3363 	EXP 	text_5: autoDraw = True
11.4365 	DATA 	Mouse:  Left button up, pos=(611,549)
11.8203 	DATA 	Mouse: Left button down, pos=(705,453)
11.8370 	EXP 	slider_2: markerPos = 3.9
11.8535 	EXP 	slider_2: markerPos = 3.9
11.8703 	EXP 	slider_2: markerPos = 3.9
11.8708 	DATA 	Mouse:  Left button up, pos=(705,453)
11.8864 	EXP 	slider_2: markerPos = 3.9
11.8864 	EXP 	slider_2: rating = 3.9
11.9031 	EXP 	slider_2: autoDraw = False
11.9031 	EXP 	top_ins_2: autoDraw = False
11.9031 	EXP 	bottom_ins_2: autoDraw = False
11.9031 	EXP 	text_4: autoDraw = False
11.9031 	EXP 	text_5: autoDraw = False
11.9031 	EXP 	text_7: autoDraw = True
12.4905 	EXP 	Imported stim/conditions.csv as conditions, 4 conditions, 1 params
12.4909 	EXP 	Created sequence: random, trialTypes=4, nReps=5, seed=None
12.4912 	EXP 	New trial (rep=0, index=0): OrderedDict([('stim', 'stim/sos.wav')])
12.5006 	DATA 	Keypress: space
12.5052 	EXP 	text_7: autoDraw = False
12.5052 	EXP 	cross_4: autoDraw = True
12.9863 	EXP 	ins_4: autoDraw = True
12.9863 	EXP 	seek_text: autoDraw = True
12.9863 	EXP 	sock_text: autoDraw = True
12.9863 	EXP 	such_text: autoDraw = True
12.9863 	EXP 	soon_text: autoDraw = True
12.9863 	EXP 	sin_text: autoDraw = True
12.9863 	EXP 	son_text: autoDraw = True
12.9863 	EXP 	su_text: autoDraw = True
13.0199 	EXP 	cross_4: autoDraw = False
21.0755 	DATA 	Keypress: escape
21.3353 	EXP 	window1: mouseVisible = True
