0.7382 	WARNING 	We strongly recommend you activate the PTB sound engine in PsychoPy prefs as the preferred audio engine. Its timing is vastly superior. Your prefs are currently set to use ['sounddevice', 'PTB', 'pyo', 'pygame'] (in that order).
6.4497 	EXP 	Created window1 = Window(allowGUI=False, allowStencil=False, autoLog=True, backendConf=UNKNOWN, bitsMode=UNKNOWN, blendMode='avg', bpc=(8, 8, 8), color=array([0, 0, 0]), colorSpace='rgb', depthBits=8, fullscr=<method-wrapper '__getattribute__' of attributeSetter object at 0x7f93a29552e8>, gamma=None, gammaErrorPolicy='raise', lms=UNKNOWN, monitor=<psychopy.monitors.calibTools.Monitor object at 0x7f93a1d1c0b8>, multiSample=False, name='window1', numSamples=2, pos=[360.0, 225.0], screen=0, size=array([2880, 1800]), stencilBits=0, stereo=False, units='height', useFBO=True, useRetina=True, viewOri=0.0, viewPos=None, viewScale=None, waitBlanking=True, winType='pyglet')
6.4499 	EXP 	window1: mouseVisible = True
6.4499 	EXP 	window1: recordFrameIntervals = False
6.6154 	EXP 	window1: recordFrameIntervals = True
6.7992 	EXP 	window1: recordFrameIntervals = False
7.5456 	EXP 	window1: mouseVisible = True
7.5512 	EXP 	window1: mouseVisible = True
7.5571 	EXP 	window1: mouseVisible = True
7.7902 	EXP 	Created text = TextStim(__class__=<class 'psychopy.visual.text.TextStim'>, alignHoriz=method-wrapper(...), alignText='center', alignVert=method-wrapper(...), anchorHoriz='center', anchorVert='center', antialias=True, autoLog=True, bold=False, color=array([1., 1., 1.]), colorSpace='rgb', contrast=1.0, depth=-1.0, flipHoriz=False, flipVert=False, font='Open Sans', fontFiles=[], height=0.1, italic=False, languageStyle='LTR', name='text', opacity=1, ori=0.0, pos=array([0., 0.]), rgb=UNKNOWN, text='Thanks! Press SPACE to end.', units='height', win=Window(...), wrapWidth=1)
7.7959 	EXP 	Imported stim/conditions.csv as conditions, 2 conditions, 2 params
7.7990 	EXP 	Created sequence: random, trialTypes=2, nReps=5, seed=None
7.7993 	EXP 	New trial (rep=0, index=0): OrderedDict([('stim', 'stim/u.wav'), ('phone', 'u')])
11.9824 	DATA 	Mouse: Left button down, pos=(323,705)
11.9855 	EXP 	New trial (rep=0, index=1): OrderedDict([('stim', 'stim/o.wav'), ('phone', 'o')])
12.0654 	DATA 	Mouse:  Left button up, pos=(323,705)
15.2329 	DATA 	Mouse: Left button down, pos=(433,619)
15.2345 	EXP 	New trial (rep=1, index=0): OrderedDict([('stim', 'stim/o.wav'), ('phone', 'o')])
15.3320 	DATA 	Mouse:  Left button up, pos=(433,619)
17.6702 	DATA 	Keypress: escape
17.8349 	EXP 	window1: mouseVisible = True
