0.6489 	WARNING 	We strongly recommend you activate the PTB sound engine in PsychoPy prefs as the preferred audio engine. Its timing is vastly superior. Your prefs are currently set to use ['sounddevice', 'PTB', 'pyo', 'pygame'] (in that order).
4.7817 	EXP 	Created window1 = Window(allowGUI=False, allowStencil=False, autoLog=True, backendConf=UNKNOWN, bitsMode=UNKNOWN, blendMode='avg', bpc=(8, 8, 8), color=array([0, 0, 0]), colorSpace='rgb', depthBits=8, fullscr=<method-wrapper '__getattribute__' of attributeSetter object at 0x7fbaa6a74ac8>, gamma=None, gammaErrorPolicy='raise', lms=UNKNOWN, monitor=<psychopy.monitors.calibTools.Monitor object at 0x7fbac4077908>, multiSample=False, name='window1', numSamples=2, pos=[360.0, 225.0], screen=0, size=array([2880, 1800]), stencilBits=0, stereo=False, units='height', useFBO=True, useRetina=True, viewOri=0.0, viewPos=None, viewScale=None, waitBlanking=True, winType='pyglet')
4.7819 	EXP 	window1: mouseVisible = True
4.7819 	EXP 	window1: recordFrameIntervals = False
4.9465 	EXP 	window1: recordFrameIntervals = True
5.1298 	EXP 	window1: recordFrameIntervals = False
5.7364 	EXP 	Created text_6 = TextStim(__class__=<class 'psychopy.visual.text.TextStim'>, alignHoriz=method-wrapper(...), alignText='center', alignVert=method-wrapper(...), anchorHoriz='center', anchorVert='center', antialias=True, autoLog=True, bold=False, color=array([1., 1., 1.]), colorSpace='rgb', contrast=1.0, depth=0.0, flipHoriz=False, flipVert=False, font='Open Sans', fontFiles=[], height=0.04, italic=False, languageStyle='LTR', name='text_6', opacity=1, ori=0.0, pos=array([0., 0.]), rgb=UNKNOWN, text=str(...), units='height', win=Window(...), wrapWidth=1)
5.9322 	EXP 	window1: mouseVisible = True
5.9410 	EXP 	window1: mouseVisible = True
5.9469 	EXP 	window1: mouseVisible = True
5.9839 	EXP 	Sound stimulus_3 set volume 1.000
5.9915 	EXP 	window1: mouseVisible = True
6.0003 	EXP 	window1: mouseVisible = True
6.0100 	EXP 	Created ins_3 = TextStim(__class__=<class 'psychopy.visual.text.TextStim'>, alignHoriz=method-wrapper(...), alignText='center', alignVert=method-wrapper(...), anchorHoriz='center', anchorVert='center', antialias=True, autoLog=True, bold=False, color=array([1., 1., 1.]), colorSpace='rgb', contrast=1.0, depth=-6.0, flipHoriz=False, flipVert=False, font='Open Sans', fontFiles=[], height=0.05, italic=False, languageStyle='LTR', name='ins_3', opacity=1, ori=0.0, pos=array([0.  , 0.35]), rgb=UNKNOWN, text=str(...), units='height', win=Window(...), wrapWidth=1)
6.0137 	EXP 	Created cross_3 = TextStim(__class__=<class 'psychopy.visual.text.TextStim'>, alignHoriz=method-wrapper(...), alignText='center', alignVert=method-wrapper(...), anchorHoriz='center', anchorVert='center', antialias=True, autoLog=True, bold=False, color=array([1., 1., 1.]), colorSpace='rgb', contrast=1.0, depth=-7.0, flipHoriz=False, flipVert=False, font='Open Sans', fontFiles=[], height=0.1, italic=False, languageStyle='LTR', name='cross_3', opacity=1, ori=0.0, pos=array([0., 0.]), rgb=UNKNOWN, text='+', units='height', win=Window(...), wrapWidth=1)
6.0162 	EXP 	window1: mouseVisible = True
6.0184 	EXP 	window1: mouseVisible = True
6.0312 	EXP 	window1: mouseVisible = True
6.0371 	EXP 	Created slider_2 = Slider(__class__=<class 'psychopy.visual.slider.Slider'>, autoDraw=False, autoLog=True, borderColor=None, color=None, colorSpace='rgb', depth=0, fillColor=None, flip=False, font='Open Sans', granularity=0.0, labelHeight=0.05, labelWrapWidth=None, labels=None, name='slider_2', opacity=None, pos=(0, 0), readOnly=False, self=UNKNOWN, size=(1.0, 0.1), startValue=None, style=method-wrapper(...), styleTweaks=method-wrapper(...), ticks=array([1, 2, 3, 4, 5, 6, 7]), units='height', win=Window(...))
6.0499 	EXP 	Created top_ins_2 = TextStim(__class__=<class 'psychopy.visual.text.TextStim'>, alignHoriz=method-wrapper(...), alignText='center', alignVert=method-wrapper(...), anchorHoriz='center', anchorVert='center', antialias=True, autoLog=True, bold=False, color=array([1., 1., 1.]), colorSpace='rgb', contrast=1.0, depth=-1.0, flipHoriz=False, flipVert=False, font='Open Sans', fontFiles=[], height=0.05, italic=False, languageStyle='LTR', name='top_ins_2', opacity=1, ori=0.0, pos=array([0. , 0.4]), rgb=UNKNOWN, text=str(...), units='height', win=Window(...), wrapWidth=1)
6.0594 	EXP 	Created bottom_ins_2 = TextStim(__class__=<class 'psychopy.visual.text.TextStim'>, alignHoriz=method-wrapper(...), alignText='center', alignVert=method-wrapper(...), anchorHoriz='center', anchorVert='center', antialias=True, autoLog=True, bold=False, color=array([1., 1., 1.]), colorSpace='rgb', contrast=1.0, depth=-2.0, flipHoriz=False, flipVert=False, font='Open Sans', fontFiles=[], height=0.04, italic=False, languageStyle='LTR', name='bottom_ins_2', opacity=1, ori=0.0, pos=array([ 0. , -0.4]), rgb=UNKNOWN, text=str(...), units='height', win=Window(...), wrapWidth=1)
6.0640 	EXP 	Created text_4 = TextStim(__class__=<class 'psychopy.visual.text.TextStim'>, alignHoriz=method-wrapper(...), alignText='center', alignVert=method-wrapper(...), anchorHoriz='center', anchorVert='center', antialias=True, autoLog=True, bold=False, color=array([1., 1., 1.]), colorSpace='rgb', contrast=1.0, depth=-3.0, flipHoriz=False, flipVert=False, font='Open Sans', fontFiles=[], height=0.03, italic=False, languageStyle='LTR', name='text_4', opacity=1, ori=0.0, pos=array([ 0.45, -0.1 ]), rgb=UNKNOWN, text='Perfect fit', units='height', win=Window(...), wrapWidth=1)
6.0710 	EXP 	Created text_5 = TextStim(__class__=<class 'psychopy.visual.text.TextStim'>, alignHoriz=method-wrapper(...), alignText='center', alignVert=method-wrapper(...), anchorHoriz='center', anchorVert='center', antialias=True, autoLog=True, bold=False, color=array([1., 1., 1.]), colorSpace='rgb', contrast=1.0, depth=-4.0, flipHoriz=False, flipVert=False, font='Open Sans', fontFiles=[], height=0.03, italic=False, languageStyle='LTR', name='text_5', opacity=1, ori=0.0, pos=array([-0.45, -0.1 ]), rgb=UNKNOWN, text='Does not fit at a all', units='height', win=Window(...), wrapWidth=1)
6.2708 	EXP 	Created text_7 = TextStim(__class__=<class 'psychopy.visual.text.TextStim'>, alignHoriz=method-wrapper(...), alignText='center', alignVert=method-wrapper(...), anchorHoriz='center', anchorVert='center', antialias=True, autoLog=True, bold=False, color=array([1., 1., 1.]), colorSpace='rgb', contrast=1.0, depth=-1.0, flipHoriz=False, flipVert=False, font='Open Sans', fontFiles=[], height=0.1, italic=False, languageStyle='LTR', name='text_7', opacity=1, ori=0.0, pos=array([0., 0.]), rgb=UNKNOWN, text=str(...), units='height', win=Window(...), wrapWidth=1)
6.2732 	EXP 	window1: mouseVisible = True
6.2753 	EXP 	window1: mouseVisible = True
6.2773 	EXP 	window1: mouseVisible = True
6.2774 	EXP 	Sound stimulus set volume 1.000
6.2794 	EXP 	window1: mouseVisible = True
6.2816 	EXP 	window1: mouseVisible = True
6.2900 	EXP 	Created ins = TextStim(__class__=<class 'psychopy.visual.text.TextStim'>, alignHoriz=method-wrapper(...), alignText='center', alignVert=method-wrapper(...), anchorHoriz='center', anchorVert='center', antialias=True, autoLog=True, bold=False, color=array([1., 1., 1.]), colorSpace='rgb', contrast=1.0, depth=-6.0, flipHoriz=False, flipVert=False, font='Open Sans', fontFiles=[], height=0.05, italic=False, languageStyle='LTR', name='ins', opacity=1, ori=0.0, pos=array([0.  , 0.35]), rgb=UNKNOWN, text=str(...), units='height', win=Window(...), wrapWidth=1)
6.2921 	EXP 	Created cross = TextStim(__class__=<class 'psychopy.visual.text.TextStim'>, alignHoriz=method-wrapper(...), alignText='center', alignVert=method-wrapper(...), anchorHoriz='center', anchorVert='center', antialias=True, autoLog=True, bold=False, color=array([1., 1., 1.]), colorSpace='rgb', contrast=1.0, depth=-7.0, flipHoriz=False, flipVert=False, font='Open Sans', fontFiles=[], height=0.1, italic=False, languageStyle='LTR', name='cross', opacity=1, ori=0.0, pos=array([0., 0.]), rgb=UNKNOWN, text='+', units='height', win=Window(...), wrapWidth=1)
6.2944 	EXP 	window1: mouseVisible = True
6.2965 	EXP 	window1: mouseVisible = True
6.3010 	EXP 	window1: mouseVisible = True
6.3063 	EXP 	Created slider = Slider(__class__=<class 'psychopy.visual.slider.Slider'>, autoDraw=False, autoLog=True, borderColor=None, color=None, colorSpace='rgb', depth=0, fillColor=None, flip=False, font='Open Sans', granularity=0.0, labelHeight=0.05, labelWrapWidth=None, labels=None, name='slider', opacity=None, pos=(0, 0), readOnly=False, self=UNKNOWN, size=(1.0, 0.1), startValue=None, style=method-wrapper(...), styleTweaks=method-wrapper(...), ticks=array([1, 2, 3, 4, 5, 6, 7]), units='height', win=Window(...))
6.3140 	EXP 	Created top_ins = TextStim(__class__=<class 'psychopy.visual.text.TextStim'>, alignHoriz=method-wrapper(...), alignText='center', alignVert=method-wrapper(...), anchorHoriz='center', anchorVert='center', antialias=True, autoLog=True, bold=False, color=array([1., 1., 1.]), colorSpace='rgb', contrast=1.0, depth=-1.0, flipHoriz=False, flipVert=False, font='Open Sans', fontFiles=[], height=0.05, italic=False, languageStyle='LTR', name='top_ins', opacity=1, ori=0.0, pos=array([0. , 0.4]), rgb=UNKNOWN, text=str(...), units='height', win=Window(...), wrapWidth=1)
6.3219 	EXP 	Created bottom_ins = TextStim(__class__=<class 'psychopy.visual.text.TextStim'>, alignHoriz=method-wrapper(...), alignText='center', alignVert=method-wrapper(...), anchorHoriz='center', anchorVert='center', antialias=True, autoLog=True, bold=False, color=array([1., 1., 1.]), colorSpace='rgb', contrast=1.0, depth=-2.0, flipHoriz=False, flipVert=False, font='Open Sans', fontFiles=[], height=0.04, italic=False, languageStyle='LTR', name='bottom_ins', opacity=1, ori=0.0, pos=array([ 0. , -0.4]), rgb=UNKNOWN, text=str(...), units='height', win=Window(...), wrapWidth=1)
6.3260 	EXP 	Created text_2 = TextStim(__class__=<class 'psychopy.visual.text.TextStim'>, alignHoriz=method-wrapper(...), alignText='center', alignVert=method-wrapper(...), anchorHoriz='center', anchorVert='center', antialias=True, autoLog=True, bold=False, color=array([1., 1., 1.]), colorSpace='rgb', contrast=1.0, depth=-3.0, flipHoriz=False, flipVert=False, font='Open Sans', fontFiles=[], height=0.03, italic=False, languageStyle='LTR', name='text_2', opacity=1, ori=0.0, pos=array([ 0.45, -0.1 ]), rgb=UNKNOWN, text='Perfect fit', units='height', win=Window(...), wrapWidth=1)
6.3315 	EXP 	Created text_3 = TextStim(__class__=<class 'psychopy.visual.text.TextStim'>, alignHoriz=method-wrapper(...), alignText='center', alignVert=method-wrapper(...), anchorHoriz='center', anchorVert='center', antialias=True, autoLog=True, bold=False, color=array([1., 1., 1.]), colorSpace='rgb', contrast=1.0, depth=-4.0, flipHoriz=False, flipVert=False, font='Open Sans', fontFiles=[], height=0.03, italic=False, languageStyle='LTR', name='text_3', opacity=1, ori=0.0, pos=array([-0.45, -0.1 ]), rgb=UNKNOWN, text='Does not fit at a all', units='height', win=Window(...), wrapWidth=1)
6.5276 	EXP 	Created text = TextStim(__class__=<class 'psychopy.visual.text.TextStim'>, alignHoriz=method-wrapper(...), alignText='center', alignVert=method-wrapper(...), anchorHoriz='center', anchorVert='center', antialias=True, autoLog=True, bold=False, color=array([1., 1., 1.]), colorSpace='rgb', contrast=1.0, depth=-1.0, flipHoriz=False, flipVert=False, font='Open Sans', fontFiles=[], height=0.1, italic=False, languageStyle='LTR', name='text', opacity=1, ori=0.0, pos=array([0., 0.]), rgb=UNKNOWN, text=str(...), units='height', win=Window(...), wrapWidth=1)
6.5392 	EXP 	slider_2: autoLog = True
6.5392 	EXP 	slider_2: markerPos = None
6.5392 	EXP 	slider_2: rating = None
6.5392 	EXP 	slider_2: markerPos = None
6.5392 	EXP 	slider_2: contrast = 1.0
6.5392 	EXP 	slider_2: autoLog = True
6.5392 	EXP 	slider_2: styleTweaks = []
6.5392 	EXP 	slider_2: style = 'rating'
6.5392 	EXP 	slider_2: styleTweaks = ['triangleMarker']
6.5392 	EXP 	slider: autoLog = True
6.5392 	EXP 	slider: markerPos = None
6.5392 	EXP 	slider: rating = None
6.5392 	EXP 	slider: markerPos = None
6.5392 	EXP 	slider: contrast = 1.0
6.5392 	EXP 	slider: autoLog = True
6.5392 	EXP 	slider: styleTweaks = []
6.5392 	EXP 	slider: style = 'rating'
6.5392 	EXP 	slider: styleTweaks = ['triangleMarker']
6.5392 	EXP 	text_6: autoDraw = True
7.8712 	EXP 	Imported stim/practice.csv as conditions, 2 conditions, 1 params
7.8717 	EXP 	Created sequence: random, trialTypes=2, nReps=1, seed=None
7.8719 	EXP 	New trial (rep=0, index=0): OrderedDict([('stim', 'stim/sis.wav')])
7.8790 	DATA 	Keypress: space
7.8834 	EXP 	text_6: autoDraw = False
7.8834 	EXP 	cross_3: autoDraw = True
8.3867 	EXP 	ins_3: autoDraw = True
8.4027 	EXP 	cross_3: autoDraw = False
9.7301 	DATA 	Mouse: Left button down, pos=(350,650)
9.7481 	EXP 	ins_3: autoDraw = False
9.7481 	EXP 	cross_3: autoDraw = False
9.7481 	EXP 	slider_2: markerPos = None
9.7481 	EXP 	slider_2: markerPos = None
9.7481 	EXP 	slider_2: rating = None
9.7481 	EXP 	slider_2: autoDraw = True
9.7481 	EXP 	top_ins_2: autoDraw = True
9.7481 	EXP 	bottom_ins_2: autoDraw = True
9.7481 	EXP 	text_4: autoDraw = True
9.7481 	EXP 	text_5: autoDraw = True
9.8304 	DATA 	Mouse:  Left button up, pos=(350,650)
11.0805 	DATA 	Mouse: Left button down, pos=(1154,446)
11.0967 	EXP 	slider_2: markerPos = 6.8933333333333335
11.1134 	EXP 	slider_2: markerPos = 6.8933333333333335
11.1298 	EXP 	slider_2: markerPos = 6.8933333333333335
11.1463 	EXP 	slider_2: markerPos = 6.8933333333333335
11.1625 	EXP 	slider_2: markerPos = 6.8933333333333335
11.1808 	EXP 	slider_2: markerPos = 6.8933333333333335
11.1858 	DATA 	Mouse:  Left button up, pos=(1154,446)
11.1963 	EXP 	slider_2: markerPos = 6.8933333333333335
11.2131 	EXP 	slider_2: markerPos = 6.8933333333333335
11.2131 	EXP 	slider_2: rating = 6.8933333333333335
11.2153 	EXP 	New trial (rep=0, index=1): OrderedDict([('stim', 'stim/sos.wav')])
11.2297 	EXP 	slider_2: autoDraw = False
11.2297 	EXP 	top_ins_2: autoDraw = False
11.2297 	EXP 	bottom_ins_2: autoDraw = False
11.2297 	EXP 	text_4: autoDraw = False
11.2297 	EXP 	text_5: autoDraw = False
11.2297 	EXP 	cross_3: autoDraw = True
11.7138 	EXP 	ins_3: autoDraw = True
11.7300 	EXP 	cross_3: autoDraw = False
12.4230 	DATA 	Mouse: Left button down, pos=(669,534)
12.4464 	EXP 	ins_3: autoDraw = False
12.4464 	EXP 	cross_3: autoDraw = False
12.4464 	EXP 	slider_2: markerPos = None
12.4464 	EXP 	slider_2: markerPos = None
12.4464 	EXP 	slider_2: rating = None
12.4464 	EXP 	slider_2: autoDraw = True
12.4464 	EXP 	top_ins_2: autoDraw = True
12.4464 	EXP 	bottom_ins_2: autoDraw = True
12.4464 	EXP 	text_4: autoDraw = True
12.4464 	EXP 	text_5: autoDraw = True
12.5137 	DATA 	Mouse:  Left button up, pos=(669,534)
13.0306 	DATA 	Mouse: Left button down, pos=(706,471)
13.0469 	EXP 	slider_2: markerPos = 3.9066666666666667
13.0631 	EXP 	slider_2: markerPos = 3.9066666666666667
13.0797 	EXP 	slider_2: markerPos = 3.9066666666666667
13.0963 	EXP 	slider_2: markerPos = 3.9066666666666667
13.1013 	DATA 	Mouse:  Left button up, pos=(706,471)
13.1130 	EXP 	slider_2: markerPos = 3.9066666666666667
13.1298 	EXP 	slider_2: markerPos = 3.9066666666666667
13.1298 	EXP 	slider_2: rating = 3.9066666666666667
13.1467 	EXP 	slider_2: autoDraw = False
13.1467 	EXP 	top_ins_2: autoDraw = False
13.1467 	EXP 	bottom_ins_2: autoDraw = False
13.1467 	EXP 	text_4: autoDraw = False
13.1467 	EXP 	text_5: autoDraw = False
13.1467 	EXP 	text_7: autoDraw = True
15.7848 	EXP 	Imported stim/conditions.csv as conditions, 4 conditions, 1 params
15.7853 	EXP 	Created sequence: random, trialTypes=4, nReps=5, seed=None
15.7856 	EXP 	New trial (rep=0, index=0): OrderedDict([('stim', 'stim/sis.wav')])
15.7950 	DATA 	Keypress: space
15.7988 	EXP 	text_7: autoDraw = False
15.7988 	EXP 	cross: autoDraw = True
16.2830 	EXP 	ins: autoDraw = True
16.2987 	EXP 	cross: autoDraw = False
17.4141 	DATA 	Keypress: escape
17.7092 	EXP 	window1: mouseVisible = True
