1.0246 	WARNING 	We strongly recommend you activate the PTB sound engine in PsychoPy prefs as the preferred audio engine. Its timing is vastly superior. Your prefs are currently set to use ['sounddevice', 'PTB', 'pyo', 'pygame'] (in that order).
7.1110 	EXP 	Created window1 = Window(allowGUI=False, allowStencil=False, autoLog=True, backendConf=UNKNOWN, bitsMode=UNKNOWN, blendMode='avg', bpc=(8, 8, 8), color=array([0, 0, 0]), colorSpace='rgb', depthBits=8, fullscr=<method-wrapper '__getattribute__' of attributeSetter object at 0x7fbb6eeb0ac8>, gamma=None, gammaErrorPolicy='raise', lms=UNKNOWN, monitor=<psychopy.monitors.calibTools.Monitor object at 0x7fbb6d2a5588>, multiSample=False, name='window1', numSamples=2, pos=[360.0, 225.0], screen=0, size=array([2880, 1800]), stencilBits=0, stereo=False, units='height', useFBO=True, useRetina=True, viewOri=0.0, viewPos=None, viewScale=None, waitBlanking=True, winType='pyglet')
7.1112 	EXP 	window1: mouseVisible = True
7.1113 	EXP 	window1: recordFrameIntervals = False
7.2774 	EXP 	window1: recordFrameIntervals = True
7.4601 	EXP 	window1: recordFrameIntervals = False
8.1989 	EXP 	Created text_6 = TextStim(__class__=<class 'psychopy.visual.text.TextStim'>, alignHoriz=method-wrapper(...), alignText='center', alignVert=method-wrapper(...), anchorHoriz='center', anchorVert='center', antialias=True, autoLog=True, bold=False, color=array([1., 1., 1.]), colorSpace='rgb', contrast=1.0, depth=0.0, flipHoriz=False, flipVert=False, font='Open Sans', fontFiles=[], height=0.04, italic=False, languageStyle='LTR', name='text_6', opacity=1, ori=0.0, pos=array([0., 0.]), rgb=UNKNOWN, text=str(...), units='height', win=Window(...), wrapWidth=1)
8.4021 	EXP 	window1: mouseVisible = True
8.4094 	EXP 	window1: mouseVisible = True
8.4152 	EXP 	window1: mouseVisible = True
8.4671 	EXP 	Sound stimulus_3 set volume 1.000
8.4756 	EXP 	window1: mouseVisible = True
8.4848 	EXP 	window1: mouseVisible = True
8.4960 	EXP 	Created ins_3 = TextStim(__class__=<class 'psychopy.visual.text.TextStim'>, alignHoriz=method-wrapper(...), alignText='center', alignVert=method-wrapper(...), anchorHoriz='center', anchorVert='center', antialias=True, autoLog=True, bold=False, color=array([1., 1., 1.]), colorSpace='rgb', contrast=1.0, depth=-6.0, flipHoriz=False, flipVert=False, font='Open Sans', fontFiles=[], height=0.05, italic=False, languageStyle='LTR', name='ins_3', opacity=1, ori=0.0, pos=array([0.  , 0.35]), rgb=UNKNOWN, text=str(...), units='height', win=Window(...), wrapWidth=1)
8.4997 	EXP 	Created cross_3 = TextStim(__class__=<class 'psychopy.visual.text.TextStim'>, alignHoriz=method-wrapper(...), alignText='center', alignVert=method-wrapper(...), anchorHoriz='center', anchorVert='center', antialias=True, autoLog=True, bold=False, color=array([1., 1., 1.]), colorSpace='rgb', contrast=1.0, depth=-7.0, flipHoriz=False, flipVert=False, font='Open Sans', fontFiles=[], height=0.1, italic=False, languageStyle='LTR', name='cross_3', opacity=1, ori=0.0, pos=array([0., 0.]), rgb=UNKNOWN, text='+', units='height', win=Window(...), wrapWidth=1)
8.5023 	EXP 	window1: mouseVisible = True
8.5044 	EXP 	window1: mouseVisible = True
8.5171 	EXP 	window1: mouseVisible = True
8.5254 	EXP 	Created slider_2 = Slider(__class__=<class 'psychopy.visual.slider.Slider'>, autoDraw=False, autoLog=True, borderColor=None, color=None, colorSpace='rgb', depth=0, fillColor=None, flip=False, font='Open Sans', granularity=0.0, labelHeight=0.05, labelWrapWidth=None, labels=None, name='slider_2', opacity=None, pos=(0, 0), readOnly=False, self=UNKNOWN, size=(1.0, 0.1), startValue=None, style=method-wrapper(...), styleTweaks=method-wrapper(...), ticks=array([1, 2, 3, 4, 5, 6, 7]), units='height', win=Window(...))
8.5392 	EXP 	Created top_ins_2 = TextStim(__class__=<class 'psychopy.visual.text.TextStim'>, alignHoriz=method-wrapper(...), alignText='center', alignVert=method-wrapper(...), anchorHoriz='center', anchorVert='center', antialias=True, autoLog=True, bold=False, color=array([1., 1., 1.]), colorSpace='rgb', contrast=1.0, depth=-1.0, flipHoriz=False, flipVert=False, font='Open Sans', fontFiles=[], height=0.05, italic=False, languageStyle='LTR', name='top_ins_2', opacity=1, ori=0.0, pos=array([0. , 0.4]), rgb=UNKNOWN, text=str(...), units='height', win=Window(...), wrapWidth=1)
8.5487 	EXP 	Created bottom_ins_2 = TextStim(__class__=<class 'psychopy.visual.text.TextStim'>, alignHoriz=method-wrapper(...), alignText='center', alignVert=method-wrapper(...), anchorHoriz='center', anchorVert='center', antialias=True, autoLog=True, bold=False, color=array([1., 1., 1.]), colorSpace='rgb', contrast=1.0, depth=-2.0, flipHoriz=False, flipVert=False, font='Open Sans', fontFiles=[], height=0.04, italic=False, languageStyle='LTR', name='bottom_ins_2', opacity=1, ori=0.0, pos=array([ 0. , -0.4]), rgb=UNKNOWN, text=str(...), units='height', win=Window(...), wrapWidth=1)
8.5532 	EXP 	Created text_4 = TextStim(__class__=<class 'psychopy.visual.text.TextStim'>, alignHoriz=method-wrapper(...), alignText='center', alignVert=method-wrapper(...), anchorHoriz='center', anchorVert='center', antialias=True, autoLog=True, bold=False, color=array([1., 1., 1.]), colorSpace='rgb', contrast=1.0, depth=-3.0, flipHoriz=False, flipVert=False, font='Open Sans', fontFiles=[], height=0.03, italic=False, languageStyle='LTR', name='text_4', opacity=1, ori=0.0, pos=array([ 0.45, -0.1 ]), rgb=UNKNOWN, text='Perfect fit', units='height', win=Window(...), wrapWidth=1)
8.5606 	EXP 	Created text_5 = TextStim(__class__=<class 'psychopy.visual.text.TextStim'>, alignHoriz=method-wrapper(...), alignText='center', alignVert=method-wrapper(...), anchorHoriz='center', anchorVert='center', antialias=True, autoLog=True, bold=False, color=array([1., 1., 1.]), colorSpace='rgb', contrast=1.0, depth=-4.0, flipHoriz=False, flipVert=False, font='Open Sans', fontFiles=[], height=0.03, italic=False, languageStyle='LTR', name='text_5', opacity=1, ori=0.0, pos=array([-0.45, -0.1 ]), rgb=UNKNOWN, text='Does not fit at a all', units='height', win=Window(...), wrapWidth=1)
8.7631 	EXP 	Created text_7 = TextStim(__class__=<class 'psychopy.visual.text.TextStim'>, alignHoriz=method-wrapper(...), alignText='center', alignVert=method-wrapper(...), anchorHoriz='center', anchorVert='center', antialias=True, autoLog=True, bold=False, color=array([1., 1., 1.]), colorSpace='rgb', contrast=1.0, depth=-1.0, flipHoriz=False, flipVert=False, font='Open Sans', fontFiles=[], height=0.1, italic=False, languageStyle='LTR', name='text_7', opacity=1, ori=0.0, pos=array([0., 0.]), rgb=UNKNOWN, text=str(...), units='height', win=Window(...), wrapWidth=1)
8.7655 	EXP 	window1: mouseVisible = True
8.7677 	EXP 	window1: mouseVisible = True
8.7697 	EXP 	window1: mouseVisible = True
8.7698 	EXP 	Sound stimulus set volume 1.000
8.7718 	EXP 	window1: mouseVisible = True
8.7740 	EXP 	window1: mouseVisible = True
8.7824 	EXP 	Created ins = TextStim(__class__=<class 'psychopy.visual.text.TextStim'>, alignHoriz=method-wrapper(...), alignText='center', alignVert=method-wrapper(...), anchorHoriz='center', anchorVert='center', antialias=True, autoLog=True, bold=False, color=array([1., 1., 1.]), colorSpace='rgb', contrast=1.0, depth=-6.0, flipHoriz=False, flipVert=False, font='Open Sans', fontFiles=[], height=0.05, italic=False, languageStyle='LTR', name='ins', opacity=1, ori=0.0, pos=array([0.  , 0.35]), rgb=UNKNOWN, text=str(...), units='height', win=Window(...), wrapWidth=1)
8.7845 	EXP 	Created cross = TextStim(__class__=<class 'psychopy.visual.text.TextStim'>, alignHoriz=method-wrapper(...), alignText='center', alignVert=method-wrapper(...), anchorHoriz='center', anchorVert='center', antialias=True, autoLog=True, bold=False, color=array([1., 1., 1.]), colorSpace='rgb', contrast=1.0, depth=-7.0, flipHoriz=False, flipVert=False, font='Open Sans', fontFiles=[], height=0.1, italic=False, languageStyle='LTR', name='cross', opacity=1, ori=0.0, pos=array([0., 0.]), rgb=UNKNOWN, text='+', units='height', win=Window(...), wrapWidth=1)
8.7867 	EXP 	window1: mouseVisible = True
8.7888 	EXP 	window1: mouseVisible = True
8.7932 	EXP 	window1: mouseVisible = True
8.7985 	EXP 	Created slider = Slider(__class__=<class 'psychopy.visual.slider.Slider'>, autoDraw=False, autoLog=True, borderColor=None, color=None, colorSpace='rgb', depth=0, fillColor=None, flip=False, font='Open Sans', granularity=0.0, labelHeight=0.05, labelWrapWidth=None, labels=None, name='slider', opacity=None, pos=(0, 0), readOnly=False, self=UNKNOWN, size=(1.0, 0.1), startValue=None, style=method-wrapper(...), styleTweaks=method-wrapper(...), ticks=array([1, 2, 3, 4, 5, 6, 7]), units='height', win=Window(...))
8.8110 	EXP 	Created top_ins = TextStim(__class__=<class 'psychopy.visual.text.TextStim'>, alignHoriz=method-wrapper(...), alignText='center', alignVert=method-wrapper(...), anchorHoriz='center', anchorVert='center', antialias=True, autoLog=True, bold=False, color=array([1., 1., 1.]), colorSpace='rgb', contrast=1.0, depth=-1.0, flipHoriz=False, flipVert=False, font='Open Sans', fontFiles=[], height=0.05, italic=False, languageStyle='LTR', name='top_ins', opacity=1, ori=0.0, pos=array([0. , 0.4]), rgb=UNKNOWN, text=str(...), units='height', win=Window(...), wrapWidth=1)
8.8204 	EXP 	Created bottom_ins = TextStim(__class__=<class 'psychopy.visual.text.TextStim'>, alignHoriz=method-wrapper(...), alignText='center', alignVert=method-wrapper(...), anchorHoriz='center', anchorVert='center', antialias=True, autoLog=True, bold=False, color=array([1., 1., 1.]), colorSpace='rgb', contrast=1.0, depth=-2.0, flipHoriz=False, flipVert=False, font='Open Sans', fontFiles=[], height=0.04, italic=False, languageStyle='LTR', name='bottom_ins', opacity=1, ori=0.0, pos=array([ 0. , -0.4]), rgb=UNKNOWN, text=str(...), units='height', win=Window(...), wrapWidth=1)
8.8245 	EXP 	Created text_2 = TextStim(__class__=<class 'psychopy.visual.text.TextStim'>, alignHoriz=method-wrapper(...), alignText='center', alignVert=method-wrapper(...), anchorHoriz='center', anchorVert='center', antialias=True, autoLog=True, bold=False, color=array([1., 1., 1.]), colorSpace='rgb', contrast=1.0, depth=-3.0, flipHoriz=False, flipVert=False, font='Open Sans', fontFiles=[], height=0.03, italic=False, languageStyle='LTR', name='text_2', opacity=1, ori=0.0, pos=array([ 0.45, -0.1 ]), rgb=UNKNOWN, text='Perfect fit', units='height', win=Window(...), wrapWidth=1)
8.8299 	EXP 	Created text_3 = TextStim(__class__=<class 'psychopy.visual.text.TextStim'>, alignHoriz=method-wrapper(...), alignText='center', alignVert=method-wrapper(...), anchorHoriz='center', anchorVert='center', antialias=True, autoLog=True, bold=False, color=array([1., 1., 1.]), colorSpace='rgb', contrast=1.0, depth=-4.0, flipHoriz=False, flipVert=False, font='Open Sans', fontFiles=[], height=0.03, italic=False, languageStyle='LTR', name='text_3', opacity=1, ori=0.0, pos=array([-0.45, -0.1 ]), rgb=UNKNOWN, text='Does not fit at a all', units='height', win=Window(...), wrapWidth=1)
9.0295 	EXP 	Created text = TextStim(__class__=<class 'psychopy.visual.text.TextStim'>, alignHoriz=method-wrapper(...), alignText='center', alignVert=method-wrapper(...), anchorHoriz='center', anchorVert='center', antialias=True, autoLog=True, bold=False, color=array([1., 1., 1.]), colorSpace='rgb', contrast=1.0, depth=-1.0, flipHoriz=False, flipVert=False, font='Open Sans', fontFiles=[], height=0.1, italic=False, languageStyle='LTR', name='text', opacity=1, ori=0.0, pos=array([0., 0.]), rgb=UNKNOWN, text=str(...), units='height', win=Window(...), wrapWidth=1)
9.0417 	EXP 	slider_2: autoLog = True
9.0417 	EXP 	slider_2: markerPos = None
9.0417 	EXP 	slider_2: rating = None
9.0417 	EXP 	slider_2: markerPos = None
9.0417 	EXP 	slider_2: contrast = 1.0
9.0417 	EXP 	slider_2: autoLog = True
9.0417 	EXP 	slider_2: styleTweaks = []
9.0417 	EXP 	slider_2: style = 'rating'
9.0417 	EXP 	slider_2: styleTweaks = ['triangleMarker']
9.0417 	EXP 	slider: autoLog = True
9.0417 	EXP 	slider: markerPos = None
9.0417 	EXP 	slider: rating = None
9.0417 	EXP 	slider: markerPos = None
9.0417 	EXP 	slider: contrast = 1.0
9.0417 	EXP 	slider: autoLog = True
9.0417 	EXP 	slider: styleTweaks = []
9.0417 	EXP 	slider: style = 'rating'
9.0417 	EXP 	slider: styleTweaks = ['triangleMarker']
9.0417 	EXP 	text_6: autoDraw = True
14.9712 	EXP 	Imported stim/practice.csv as conditions, 2 conditions, 1 params
14.9735 	EXP 	Created sequence: random, trialTypes=2, nReps=1, seed=None
14.9739 	EXP 	New trial (rep=0, index=0): OrderedDict([('stim', 'stim/sis.wav')])
14.9973 	DATA 	Keypress: space
15.0024 	EXP 	text_6: autoDraw = False
15.0024 	EXP 	cross_3: autoDraw = True
15.4864 	EXP 	ins_3: autoDraw = True
15.5024 	EXP 	cross_3: autoDraw = False
16.7864 	DATA 	Mouse: Left button down, pos=(660,640)
16.8139 	EXP 	ins_3: autoDraw = False
16.8139 	EXP 	cross_3: autoDraw = False
16.8139 	EXP 	slider_2: markerPos = None
16.8139 	EXP 	slider_2: markerPos = None
16.8139 	EXP 	slider_2: rating = None
16.8139 	EXP 	slider_2: autoDraw = True
16.8139 	EXP 	top_ins_2: autoDraw = True
16.8139 	EXP 	bottom_ins_2: autoDraw = True
16.8139 	EXP 	text_4: autoDraw = True
16.8139 	EXP 	text_5: autoDraw = True
16.9107 	DATA 	Mouse:  Left button up, pos=(660,640)
17.5939 	DATA 	Mouse: Left button down, pos=(989,496)
17.6098 	EXP 	slider_2: markerPos = 5.793333333333333
17.6271 	EXP 	slider_2: markerPos = 5.793333333333333
17.6431 	EXP 	slider_2: markerPos = 5.793333333333333
17.6607 	EXP 	slider_2: markerPos = 5.793333333333333
17.6770 	EXP 	slider_2: markerPos = 5.793333333333333
17.6932 	EXP 	slider_2: markerPos = 5.793333333333333
17.6937 	DATA 	Mouse:  Left button up, pos=(989,496)
17.7103 	EXP 	slider_2: markerPos = 5.793333333333333
17.7103 	EXP 	slider_2: rating = 5.793333333333333
17.7127 	EXP 	New trial (rep=0, index=1): OrderedDict([('stim', 'stim/sos.wav')])
17.7269 	EXP 	slider_2: autoDraw = False
17.7269 	EXP 	top_ins_2: autoDraw = False
17.7269 	EXP 	bottom_ins_2: autoDraw = False
17.7269 	EXP 	text_4: autoDraw = False
17.7269 	EXP 	text_5: autoDraw = False
17.7269 	EXP 	cross_3: autoDraw = True
18.2111 	EXP 	ins_3: autoDraw = True
18.2277 	EXP 	cross_3: autoDraw = False
19.2529 	DATA 	Mouse: Left button down, pos=(331,283)
19.2766 	EXP 	ins_3: autoDraw = False
19.2766 	EXP 	cross_3: autoDraw = False
19.2766 	EXP 	slider_2: markerPos = None
19.2766 	EXP 	slider_2: markerPos = None
19.2766 	EXP 	slider_2: rating = None
19.2766 	EXP 	slider_2: autoDraw = True
19.2766 	EXP 	top_ins_2: autoDraw = True
19.2766 	EXP 	bottom_ins_2: autoDraw = True
19.2766 	EXP 	text_4: autoDraw = True
19.2766 	EXP 	text_5: autoDraw = True
19.3468 	DATA 	Mouse:  Left button up, pos=(331,283)
19.7772 	DATA 	Mouse: Left button down, pos=(707,441)
19.7937 	EXP 	slider_2: markerPos = 3.9133333333333336
19.8101 	EXP 	slider_2: markerPos = 3.9133333333333336
19.8262 	EXP 	slider_2: markerPos = 3.9133333333333336
19.8431 	EXP 	slider_2: markerPos = 3.9133333333333336
19.8604 	EXP 	slider_2: markerPos = 3.9133333333333336
19.8766 	EXP 	slider_2: markerPos = 3.9133333333333336
19.8816 	DATA 	Mouse:  Left button up, pos=(707,441)
19.8940 	EXP 	slider_2: markerPos = 3.9133333333333336
19.9105 	EXP 	slider_2: markerPos = 3.9133333333333336
19.9105 	EXP 	slider_2: rating = 3.9133333333333336
19.9267 	EXP 	slider_2: autoDraw = False
19.9267 	EXP 	top_ins_2: autoDraw = False
19.9267 	EXP 	bottom_ins_2: autoDraw = False
19.9267 	EXP 	text_4: autoDraw = False
19.9267 	EXP 	text_5: autoDraw = False
19.9267 	EXP 	text_7: autoDraw = True
20.7818 	EXP 	Imported stim/conditions.csv as conditions, 4 conditions, 1 params
20.7822 	EXP 	Created sequence: random, trialTypes=4, nReps=5, seed=None
20.7824 	EXP 	New trial (rep=0, index=0): OrderedDict([('stim', 'stim/sys.wav')])
20.7969 	DATA 	Keypress: space
20.8016 	EXP 	text_7: autoDraw = False
20.8016 	EXP 	cross: autoDraw = True
21.2814 	EXP 	ins: autoDraw = True
21.3142 	EXP 	cross: autoDraw = False
22.0698 	DATA 	Mouse: Left button down, pos=(1057,614)
22.0946 	EXP 	ins: autoDraw = False
22.0946 	EXP 	cross: autoDraw = False
22.0946 	EXP 	slider: markerPos = None
22.0946 	EXP 	slider: markerPos = None
22.0946 	EXP 	slider: rating = None
22.0946 	EXP 	slider: autoDraw = True
22.0946 	EXP 	top_ins: autoDraw = True
22.0946 	EXP 	bottom_ins: autoDraw = True
22.0946 	EXP 	text_2: autoDraw = True
22.0946 	EXP 	text_3: autoDraw = True
22.2277 	DATA 	Mouse:  Left button up, pos=(1058,615)
22.6612 	DATA 	Mouse: Left button down, pos=(1041,500)
22.7441 	DATA 	Mouse:  Left button up, pos=(1041,500)
23.0940 	DATA 	Mouse: Left button down, pos=(1025,472)
23.1101 	EXP 	slider: markerPos = 6.026666666666666
23.1269 	EXP 	slider: markerPos = 6.026666666666666
23.1426 	EXP 	slider: markerPos = 6.026666666666666
23.1602 	EXP 	slider: markerPos = 6.026666666666666
23.1776 	EXP 	slider: markerPos = 6.026666666666666
23.1781 	DATA 	Mouse:  Left button up, pos=(1024,472)
23.1934 	EXP 	slider: markerPos = 6.026666666666666
23.1934 	EXP 	slider: rating = 6.026666666666666
23.1959 	EXP 	New trial (rep=0, index=1): OrderedDict([('stim', 'stim/sus.wav')])
23.2100 	EXP 	slider: autoDraw = False
23.2100 	EXP 	top_ins: autoDraw = False
23.2100 	EXP 	bottom_ins: autoDraw = False
23.2100 	EXP 	text_2: autoDraw = False
23.2100 	EXP 	text_3: autoDraw = False
23.2100 	EXP 	cross: autoDraw = True
23.6953 	EXP 	ins: autoDraw = True
23.7118 	EXP 	cross: autoDraw = False
24.3106 	DATA 	Mouse: Left button down, pos=(1001,266)
24.3268 	EXP 	ins: autoDraw = False
24.3268 	EXP 	cross: autoDraw = False
24.3268 	EXP 	slider: markerPos = None
24.3268 	EXP 	slider: markerPos = None
24.3268 	EXP 	slider: rating = None
24.3268 	EXP 	slider: autoDraw = True
24.3268 	EXP 	top_ins: autoDraw = True
24.3268 	EXP 	bottom_ins: autoDraw = True
24.3268 	EXP 	text_2: autoDraw = True
24.3268 	EXP 	text_3: autoDraw = True
24.4437 	DATA 	Mouse:  Left button up, pos=(1001,266)
25.1276 	DATA 	Mouse: Left button down, pos=(1033,435)
25.1435 	EXP 	slider: markerPos = 6.086666666666666
25.1599 	EXP 	slider: markerPos = 6.086666666666666
25.1768 	EXP 	slider: markerPos = 6.086666666666666
25.1934 	EXP 	slider: markerPos = 6.086666666666666
25.2102 	EXP 	slider: markerPos = 6.086666666666666
25.2272 	EXP 	slider: markerPos = 6.086666666666666
25.2435 	EXP 	slider: markerPos = 6.086666666666666
25.2601 	EXP 	slider: markerPos = 6.086666666666666
25.2767 	EXP 	slider: markerPos = 6.086666666666666
25.2772 	DATA 	Mouse:  Left button up, pos=(1033,435)
25.2938 	EXP 	slider: markerPos = 6.086666666666666
25.2938 	EXP 	slider: rating = 6.086666666666666
25.2961 	EXP 	New trial (rep=0, index=2): OrderedDict([('stim', 'stim/sos.wav')])
25.3110 	EXP 	slider: autoDraw = False
25.3110 	EXP 	top_ins: autoDraw = False
25.3110 	EXP 	bottom_ins: autoDraw = False
25.3110 	EXP 	text_2: autoDraw = False
25.3110 	EXP 	text_3: autoDraw = False
25.3110 	EXP 	cross: autoDraw = True
25.7949 	EXP 	ins: autoDraw = True
25.8118 	EXP 	cross: autoDraw = False
26.3365 	DATA 	Mouse: Left button down, pos=(623,258)
26.3601 	EXP 	ins: autoDraw = False
26.3601 	EXP 	cross: autoDraw = False
26.3601 	EXP 	slider: markerPos = None
26.3601 	EXP 	slider: markerPos = None
26.3601 	EXP 	slider: rating = None
26.3601 	EXP 	slider: autoDraw = True
26.3601 	EXP 	top_ins: autoDraw = True
26.3601 	EXP 	bottom_ins: autoDraw = True
26.3601 	EXP 	text_2: autoDraw = True
26.3601 	EXP 	text_3: autoDraw = True
26.4109 	DATA 	Mouse:  Left button up, pos=(623,258)
26.8273 	DATA 	Mouse: Left button down, pos=(557,427)
26.8435 	EXP 	slider: markerPos = 2.913333333333333
26.8594 	EXP 	slider: markerPos = 2.913333333333333
26.8768 	EXP 	slider: markerPos = 2.913333333333333
26.8934 	EXP 	slider: markerPos = 2.913333333333333
26.9104 	EXP 	slider: markerPos = 2.913333333333333
26.9150 	DATA 	Mouse:  Left button up, pos=(557,427)
26.9274 	EXP 	slider: markerPos = 2.913333333333333
26.9440 	EXP 	slider: markerPos = 2.913333333333333
26.9440 	EXP 	slider: rating = 2.913333333333333
26.9462 	EXP 	New trial (rep=0, index=3): OrderedDict([('stim', 'stim/sis.wav')])
26.9602 	EXP 	slider: autoDraw = False
26.9602 	EXP 	top_ins: autoDraw = False
26.9602 	EXP 	bottom_ins: autoDraw = False
26.9602 	EXP 	text_2: autoDraw = False
26.9602 	EXP 	text_3: autoDraw = False
26.9602 	EXP 	cross: autoDraw = True
27.4446 	EXP 	ins: autoDraw = True
27.4612 	EXP 	cross: autoDraw = False
27.9607 	DATA 	Mouse: Left button down, pos=(381,618)
27.9770 	EXP 	ins: autoDraw = False
27.9770 	EXP 	cross: autoDraw = False
27.9770 	EXP 	slider: markerPos = None
27.9770 	EXP 	slider: markerPos = None
27.9770 	EXP 	slider: rating = None
27.9770 	EXP 	slider: autoDraw = True
27.9770 	EXP 	top_ins: autoDraw = True
27.9770 	EXP 	bottom_ins: autoDraw = True
27.9770 	EXP 	text_2: autoDraw = True
27.9770 	EXP 	text_3: autoDraw = True
28.0607 	DATA 	Mouse:  Left button up, pos=(381,618)
28.4446 	DATA 	Mouse: Left button down, pos=(949,454)
28.4609 	EXP 	slider: markerPos = 5.526666666666667
28.4775 	EXP 	slider: markerPos = 5.526666666666667
28.4928 	EXP 	slider: markerPos = 5.526666666666667
28.5096 	EXP 	slider: markerPos = 5.526666666666667
28.5271 	EXP 	slider: markerPos = 5.526666666666667
28.5436 	EXP 	slider: markerPos = 5.526666666666667
28.5604 	EXP 	slider: markerPos = 5.526666666666667
28.5771 	EXP 	slider: markerPos = 5.526666666666667
28.5776 	DATA 	Mouse:  Left button up, pos=(949,454)
28.5935 	EXP 	slider: markerPos = 5.526666666666667
28.5935 	EXP 	slider: rating = 5.526666666666667
28.5957 	EXP 	New trial (rep=1, index=0): OrderedDict([('stim', 'stim/sys.wav')])
28.6103 	EXP 	slider: autoDraw = False
28.6103 	EXP 	top_ins: autoDraw = False
28.6103 	EXP 	bottom_ins: autoDraw = False
28.6103 	EXP 	text_2: autoDraw = False
28.6103 	EXP 	text_3: autoDraw = False
28.6103 	EXP 	cross: autoDraw = True
29.0951 	EXP 	ins: autoDraw = True
29.1119 	EXP 	cross: autoDraw = False
29.7038 	DATA 	Mouse: Left button down, pos=(1063,280)
29.7268 	EXP 	ins: autoDraw = False
29.7268 	EXP 	cross: autoDraw = False
29.7268 	EXP 	slider: markerPos = None
29.7268 	EXP 	slider: markerPos = None
29.7268 	EXP 	slider: rating = None
29.7268 	EXP 	slider: autoDraw = True
29.7268 	EXP 	top_ins: autoDraw = True
29.7268 	EXP 	bottom_ins: autoDraw = True
29.7268 	EXP 	text_2: autoDraw = True
29.7268 	EXP 	text_3: autoDraw = True
29.8273 	DATA 	Mouse:  Left button up, pos=(1063,279)
30.2943 	DATA 	Mouse: Left button down, pos=(1054,414)
30.3106 	EXP 	slider: markerPos = 6.226666666666667
30.3271 	EXP 	slider: markerPos = 6.226666666666667
30.3438 	EXP 	slider: markerPos = 6.226666666666667
30.3607 	EXP 	slider: markerPos = 6.226666666666667
30.3769 	EXP 	slider: markerPos = 6.226666666666667
30.3935 	EXP 	slider: markerPos = 6.226666666666667
30.4104 	EXP 	slider: markerPos = 6.226666666666667
30.4270 	EXP 	slider: markerPos = 6.226666666666667
30.4438 	EXP 	slider: markerPos = 6.226666666666667
30.4443 	DATA 	Mouse:  Left button up, pos=(1054,414)
30.4606 	EXP 	slider: markerPos = 6.226666666666667
30.4606 	EXP 	slider: rating = 6.226666666666667
30.4628 	EXP 	New trial (rep=1, index=1): OrderedDict([('stim', 'stim/sos.wav')])
30.4772 	EXP 	slider: autoDraw = False
30.4772 	EXP 	top_ins: autoDraw = False
30.4772 	EXP 	bottom_ins: autoDraw = False
30.4772 	EXP 	text_2: autoDraw = False
30.4772 	EXP 	text_3: autoDraw = False
30.4772 	EXP 	cross: autoDraw = True
30.9620 	EXP 	ins: autoDraw = True
30.9783 	EXP 	cross: autoDraw = False
31.6934 	DATA 	Mouse: Left button down, pos=(292,277)
31.7101 	EXP 	ins: autoDraw = False
31.7101 	EXP 	cross: autoDraw = False
31.7101 	EXP 	slider: markerPos = None
31.7101 	EXP 	slider: markerPos = None
31.7101 	EXP 	slider: rating = None
31.7101 	EXP 	slider: autoDraw = True
31.7101 	EXP 	top_ins: autoDraw = True
31.7101 	EXP 	bottom_ins: autoDraw = True
31.7101 	EXP 	text_2: autoDraw = True
31.7101 	EXP 	text_3: autoDraw = True
31.7778 	DATA 	Mouse:  Left button up, pos=(292,276)
32.1640 	DATA 	Mouse: Left button down, pos=(845,470)
32.1945 	EXP 	slider: markerPos = 4.833333333333333
32.2105 	EXP 	slider: markerPos = 4.833333333333333
32.2270 	EXP 	slider: markerPos = 4.833333333333333
32.2437 	EXP 	slider: markerPos = 4.833333333333333
32.2605 	EXP 	slider: markerPos = 4.833333333333333
32.2771 	EXP 	slider: markerPos = 4.833333333333333
32.2776 	DATA 	Mouse:  Left button up, pos=(845,470)
32.2943 	EXP 	slider: markerPos = 4.833333333333333
32.2943 	EXP 	slider: rating = 4.833333333333333
32.2966 	EXP 	New trial (rep=1, index=2): OrderedDict([('stim', 'stim/sis.wav')])
32.3105 	EXP 	slider: autoDraw = False
32.3105 	EXP 	top_ins: autoDraw = False
32.3105 	EXP 	bottom_ins: autoDraw = False
32.3105 	EXP 	text_2: autoDraw = False
32.3105 	EXP 	text_3: autoDraw = False
32.3105 	EXP 	cross: autoDraw = True
32.7953 	EXP 	ins: autoDraw = True
32.8117 	EXP 	cross: autoDraw = False
33.5036 	DATA 	Mouse: Left button down, pos=(1031,642)
33.5272 	EXP 	ins: autoDraw = False
33.5272 	EXP 	cross: autoDraw = False
33.5272 	EXP 	slider: markerPos = None
33.5272 	EXP 	slider: markerPos = None
33.5272 	EXP 	slider: rating = None
33.5272 	EXP 	slider: autoDraw = True
33.5272 	EXP 	top_ins: autoDraw = True
33.5272 	EXP 	bottom_ins: autoDraw = True
33.5272 	EXP 	text_2: autoDraw = True
33.5272 	EXP 	text_3: autoDraw = True
33.5935 	DATA 	Mouse:  Left button up, pos=(1031,642)
33.9274 	DATA 	Mouse: Left button down, pos=(1065,502)
34.0308 	DATA 	Mouse:  Left button up, pos=(1065,501)
34.3613 	DATA 	Mouse: Left button down, pos=(1049,476)
34.3773 	EXP 	slider: markerPos = 6.193333333333333
34.3937 	EXP 	slider: markerPos = 6.193333333333333
34.4101 	EXP 	slider: markerPos = 6.193333333333333
34.4270 	EXP 	slider: markerPos = 6.193333333333333
34.4438 	EXP 	slider: markerPos = 6.193333333333333
34.4607 	EXP 	slider: markerPos = 6.193333333333333
34.4612 	DATA 	Mouse:  Left button up, pos=(1049,475)
34.4776 	EXP 	slider: markerPos = 6.193333333333333
34.4776 	EXP 	slider: rating = 6.193333333333333
34.4798 	EXP 	New trial (rep=1, index=3): OrderedDict([('stim', 'stim/sus.wav')])
34.4939 	EXP 	slider: autoDraw = False
34.4939 	EXP 	top_ins: autoDraw = False
34.4939 	EXP 	bottom_ins: autoDraw = False
34.4939 	EXP 	text_2: autoDraw = False
34.4939 	EXP 	text_3: autoDraw = False
34.4939 	EXP 	cross: autoDraw = True
34.9787 	EXP 	ins: autoDraw = True
34.9947 	EXP 	cross: autoDraw = False
35.4037 	DATA 	Mouse: Left button down, pos=(626,626)
35.4272 	EXP 	ins: autoDraw = False
35.4272 	EXP 	cross: autoDraw = False
35.4272 	EXP 	slider: markerPos = None
35.4272 	EXP 	slider: markerPos = None
35.4272 	EXP 	slider: rating = None
35.4272 	EXP 	slider: autoDraw = True
35.4272 	EXP 	top_ins: autoDraw = True
35.4272 	EXP 	bottom_ins: autoDraw = True
35.4272 	EXP 	text_2: autoDraw = True
35.4272 	EXP 	text_3: autoDraw = True
35.4777 	DATA 	Mouse:  Left button up, pos=(626,626)
35.8113 	DATA 	Mouse: Left button down, pos=(693,475)
35.8271 	EXP 	slider: markerPos = 3.82
35.8441 	EXP 	slider: markerPos = 3.82
35.8604 	EXP 	slider: markerPos = 3.82
35.8772 	EXP 	slider: markerPos = 3.82
35.8827 	DATA 	Mouse:  Left button up, pos=(693,475)
35.8938 	EXP 	slider: markerPos = 3.82
35.9104 	EXP 	slider: markerPos = 3.82
35.9104 	EXP 	slider: rating = 3.82
35.9127 	EXP 	New trial (rep=2, index=0): OrderedDict([('stim', 'stim/sis.wav')])
35.9274 	EXP 	slider: autoDraw = False
35.9274 	EXP 	top_ins: autoDraw = False
35.9274 	EXP 	bottom_ins: autoDraw = False
35.9274 	EXP 	text_2: autoDraw = False
35.9274 	EXP 	text_3: autoDraw = False
35.9274 	EXP 	cross: autoDraw = True
36.4119 	EXP 	ins: autoDraw = True
36.4284 	EXP 	cross: autoDraw = False
37.0941 	DATA 	Mouse: Left button down, pos=(247,654)
37.1612 	DATA 	Mouse:  Left button up, pos=(247,654)
37.5702 	DATA 	Mouse: Left button down, pos=(247,654)
37.7041 	DATA 	Mouse:  Left button up, pos=(247,653)
37.9945 	DATA 	Mouse: Left button down, pos=(282,647)
38.0107 	EXP 	ins: autoDraw = False
38.0107 	EXP 	cross: autoDraw = False
38.0107 	EXP 	slider: markerPos = None
38.0107 	EXP 	slider: markerPos = None
38.0107 	EXP 	slider: rating = None
38.0107 	EXP 	slider: autoDraw = True
38.0107 	EXP 	top_ins: autoDraw = True
38.0107 	EXP 	bottom_ins: autoDraw = True
38.0107 	EXP 	text_2: autoDraw = True
38.0107 	EXP 	text_3: autoDraw = True
38.0976 	DATA 	Mouse:  Left button up, pos=(283,646)
38.4947 	DATA 	Mouse: Left button down, pos=(818,535)
38.6106 	DATA 	Mouse:  Left button up, pos=(818,535)
38.8777 	DATA 	Mouse: Left button down, pos=(859,495)
38.8941 	EXP 	slider: markerPos = 4.926666666666666
38.9110 	EXP 	slider: markerPos = 4.926666666666666
38.9271 	EXP 	slider: markerPos = 4.926666666666666
38.9442 	EXP 	slider: markerPos = 4.926666666666666
38.9605 	EXP 	slider: markerPos = 4.926666666666666
38.9775 	EXP 	slider: markerPos = 4.926666666666666
38.9780 	DATA 	Mouse:  Left button up, pos=(859,495)
38.9941 	EXP 	slider: markerPos = 4.926666666666666
38.9941 	EXP 	slider: rating = 4.926666666666666
38.9963 	EXP 	New trial (rep=2, index=1): OrderedDict([('stim', 'stim/sys.wav')])
39.0108 	EXP 	slider: autoDraw = False
39.0108 	EXP 	top_ins: autoDraw = False
39.0108 	EXP 	bottom_ins: autoDraw = False
39.0108 	EXP 	text_2: autoDraw = False
39.0108 	EXP 	text_3: autoDraw = False
39.0108 	EXP 	cross: autoDraw = True
39.4948 	EXP 	ins: autoDraw = True
39.5120 	EXP 	cross: autoDraw = False
40.3720 	DATA 	Mouse: Left button down, pos=(297,279)
40.3951 	EXP 	ins: autoDraw = False
40.3951 	EXP 	cross: autoDraw = False
40.3951 	EXP 	slider: markerPos = None
40.3951 	EXP 	slider: markerPos = None
40.3951 	EXP 	slider: rating = None
40.3951 	EXP 	slider: autoDraw = True
40.3951 	EXP 	top_ins: autoDraw = True
40.3951 	EXP 	bottom_ins: autoDraw = True
40.3951 	EXP 	text_2: autoDraw = True
40.3951 	EXP 	text_3: autoDraw = True
40.4779 	DATA 	Mouse:  Left button up, pos=(297,278)
40.8281 	DATA 	Mouse: Left button down, pos=(917,488)
40.8443 	EXP 	slider: markerPos = 5.3133333333333335
40.8605 	EXP 	slider: markerPos = 5.3133333333333335
40.8766 	EXP 	slider: markerPos = 5.3133333333333335
40.8943 	EXP 	slider: markerPos = 5.3133333333333335
40.9109 	EXP 	slider: markerPos = 5.3133333333333335
40.9274 	EXP 	slider: markerPos = 5.3133333333333335
40.9280 	DATA 	Mouse:  Left button up, pos=(917,488)
40.9440 	EXP 	slider: markerPos = 5.3133333333333335
40.9440 	EXP 	slider: rating = 5.3133333333333335
40.9461 	EXP 	New trial (rep=2, index=2): OrderedDict([('stim', 'stim/sos.wav')])
40.9611 	EXP 	slider: autoDraw = False
40.9611 	EXP 	top_ins: autoDraw = False
40.9611 	EXP 	bottom_ins: autoDraw = False
40.9611 	EXP 	text_2: autoDraw = False
40.9611 	EXP 	text_3: autoDraw = False
40.9611 	EXP 	cross: autoDraw = True
41.4453 	EXP 	ins: autoDraw = True
41.4619 	EXP 	cross: autoDraw = False
42.0613 	DATA 	Mouse: Left button down, pos=(1090,271)
42.0776 	EXP 	ins: autoDraw = False
42.0776 	EXP 	cross: autoDraw = False
42.0776 	EXP 	slider: markerPos = None
42.0776 	EXP 	slider: markerPos = None
42.0776 	EXP 	slider: rating = None
42.0776 	EXP 	slider: autoDraw = True
42.0776 	EXP 	top_ins: autoDraw = True
42.0776 	EXP 	bottom_ins: autoDraw = True
42.0776 	EXP 	text_2: autoDraw = True
42.0776 	EXP 	text_3: autoDraw = True
42.1642 	DATA 	Mouse:  Left button up, pos=(1090,271)
42.4443 	DATA 	Mouse: Left button down, pos=(1099,465)
42.4611 	EXP 	slider: markerPos = 6.526666666666666
42.4775 	EXP 	slider: markerPos = 6.526666666666666
42.4945 	EXP 	slider: markerPos = 6.526666666666666
42.5115 	EXP 	slider: markerPos = 6.526666666666666
42.5274 	EXP 	slider: markerPos = 6.526666666666666
42.5440 	EXP 	slider: markerPos = 6.526666666666666
42.5445 	DATA 	Mouse:  Left button up, pos=(1099,465)
42.5605 	EXP 	slider: markerPos = 6.526666666666666
42.5605 	EXP 	slider: rating = 6.526666666666666
42.5627 	EXP 	New trial (rep=2, index=3): OrderedDict([('stim', 'stim/sus.wav')])
42.5773 	EXP 	slider: autoDraw = False
42.5773 	EXP 	top_ins: autoDraw = False
42.5773 	EXP 	bottom_ins: autoDraw = False
42.5773 	EXP 	text_2: autoDraw = False
42.5773 	EXP 	text_3: autoDraw = False
42.5773 	EXP 	cross: autoDraw = True
43.0617 	EXP 	ins: autoDraw = True
43.0785 	EXP 	cross: autoDraw = False
43.6203 	DATA 	Mouse: Left button down, pos=(725,539)
43.6441 	EXP 	ins: autoDraw = False
43.6441 	EXP 	cross: autoDraw = False
43.6441 	EXP 	slider: markerPos = None
43.6441 	EXP 	slider: markerPos = None
43.6441 	EXP 	slider: rating = None
43.6441 	EXP 	slider: autoDraw = True
43.6441 	EXP 	top_ins: autoDraw = True
43.6441 	EXP 	bottom_ins: autoDraw = True
43.6441 	EXP 	text_2: autoDraw = True
43.6441 	EXP 	text_3: autoDraw = True
43.7113 	DATA 	Mouse:  Left button up, pos=(725,539)
43.9948 	DATA 	Mouse: Left button down, pos=(772,446)
44.0108 	EXP 	slider: markerPos = 4.346666666666667
44.0273 	EXP 	slider: markerPos = 4.346666666666667
44.0443 	EXP 	slider: markerPos = 4.346666666666667
44.0608 	EXP 	slider: markerPos = 4.346666666666667
44.0775 	EXP 	slider: markerPos = 4.346666666666667
44.0779 	DATA 	Mouse:  Left button up, pos=(772,446)
44.0942 	EXP 	slider: markerPos = 4.346666666666667
44.0942 	EXP 	slider: rating = 4.346666666666667
44.0964 	EXP 	New trial (rep=3, index=0): OrderedDict([('stim', 'stim/sys.wav')])
44.1112 	EXP 	slider: autoDraw = False
44.1112 	EXP 	top_ins: autoDraw = False
44.1112 	EXP 	bottom_ins: autoDraw = False
44.1112 	EXP 	text_2: autoDraw = False
44.1112 	EXP 	text_3: autoDraw = False
44.1112 	EXP 	cross: autoDraw = True
44.5953 	EXP 	ins: autoDraw = True
44.6117 	EXP 	cross: autoDraw = False
45.3374 	DATA 	Mouse: Left button down, pos=(742,254)
45.3607 	EXP 	ins: autoDraw = False
45.3607 	EXP 	cross: autoDraw = False
45.3607 	EXP 	slider: markerPos = None
45.3607 	EXP 	slider: markerPos = None
45.3607 	EXP 	slider: rating = None
45.3607 	EXP 	slider: autoDraw = True
45.3607 	EXP 	top_ins: autoDraw = True
45.3607 	EXP 	bottom_ins: autoDraw = True
45.3607 	EXP 	text_2: autoDraw = True
45.3607 	EXP 	text_3: autoDraw = True
45.4110 	DATA 	Mouse:  Left button up, pos=(742,254)
45.8113 	DATA 	Mouse: Left button down, pos=(997,424)
45.8275 	EXP 	slider: markerPos = 5.846666666666666
45.8442 	EXP 	slider: markerPos = 5.846666666666666
45.8607 	EXP 	slider: markerPos = 5.846666666666666
45.8775 	EXP 	slider: markerPos = 5.846666666666666
45.8946 	EXP 	slider: markerPos = 5.846666666666666
45.9108 	EXP 	slider: markerPos = 5.846666666666666
45.9275 	EXP 	slider: markerPos = 5.846666666666666
45.9441 	EXP 	slider: markerPos = 5.846666666666666
45.9609 	EXP 	slider: markerPos = 5.846666666666666
45.9614 	DATA 	Mouse:  Left button up, pos=(997,424)
45.9779 	EXP 	slider: markerPos = 5.846666666666666
45.9779 	EXP 	slider: rating = 5.846666666666666
45.9802 	EXP 	New trial (rep=3, index=1): OrderedDict([('stim', 'stim/sus.wav')])
45.9942 	EXP 	slider: autoDraw = False
45.9942 	EXP 	top_ins: autoDraw = False
45.9942 	EXP 	bottom_ins: autoDraw = False
45.9942 	EXP 	text_2: autoDraw = False
45.9942 	EXP 	text_3: autoDraw = False
45.9942 	EXP 	cross: autoDraw = True
46.4792 	EXP 	ins: autoDraw = True
46.4953 	EXP 	cross: autoDraw = False
47.1208 	DATA 	Mouse: Left button down, pos=(1053,629)
47.1435 	EXP 	ins: autoDraw = False
47.1435 	EXP 	cross: autoDraw = False
47.1435 	EXP 	slider: markerPos = None
47.1435 	EXP 	slider: markerPos = None
47.1435 	EXP 	slider: rating = None
47.1435 	EXP 	slider: autoDraw = True
47.1435 	EXP 	top_ins: autoDraw = True
47.1435 	EXP 	bottom_ins: autoDraw = True
47.1435 	EXP 	text_2: autoDraw = True
47.1435 	EXP 	text_3: autoDraw = True
47.1947 	DATA 	Mouse:  Left button up, pos=(1053,628)
47.5784 	DATA 	Mouse: Left button down, pos=(1171,505)
47.6613 	DATA 	Mouse:  Left button up, pos=(1171,504)
47.9783 	DATA 	Mouse: Left button down, pos=(1168,484)
47.9943 	EXP 	slider: markerPos = 6.986666666666666
48.0108 	EXP 	slider: markerPos = 6.986666666666666
48.0275 	EXP 	slider: markerPos = 6.986666666666666
48.0446 	EXP 	slider: markerPos = 6.986666666666666
48.0605 	EXP 	slider: markerPos = 6.986666666666666
48.0776 	EXP 	slider: markerPos = 6.986666666666666
48.0781 	DATA 	Mouse:  Left button up, pos=(1168,483)
48.0943 	EXP 	slider: markerPos = 6.986666666666666
48.0943 	EXP 	slider: rating = 6.986666666666666
48.0965 	EXP 	New trial (rep=3, index=2): OrderedDict([('stim', 'stim/sis.wav')])
48.1107 	EXP 	slider: autoDraw = False
48.1107 	EXP 	top_ins: autoDraw = False
48.1107 	EXP 	bottom_ins: autoDraw = False
48.1107 	EXP 	text_2: autoDraw = False
48.1107 	EXP 	text_3: autoDraw = False
48.1107 	EXP 	cross: autoDraw = True
48.5956 	EXP 	ins: autoDraw = True
48.6118 	EXP 	cross: autoDraw = False
49.0371 	DATA 	Mouse: Left button down, pos=(745,547)
49.0609 	EXP 	ins: autoDraw = False
49.0609 	EXP 	cross: autoDraw = False
49.0609 	EXP 	slider: markerPos = None
49.0609 	EXP 	slider: markerPos = None
49.0609 	EXP 	slider: rating = None
49.0609 	EXP 	slider: autoDraw = True
49.0609 	EXP 	top_ins: autoDraw = True
49.0609 	EXP 	bottom_ins: autoDraw = True
49.0609 	EXP 	text_2: autoDraw = True
49.0609 	EXP 	text_3: autoDraw = True
49.1285 	DATA 	Mouse:  Left button up, pos=(745,547)
49.3780 	DATA 	Mouse: Left button down, pos=(903,470)
49.3942 	EXP 	slider: markerPos = 5.220000000000001
49.4114 	EXP 	slider: markerPos = 5.220000000000001
49.4279 	EXP 	slider: markerPos = 5.220000000000001
49.4443 	EXP 	slider: markerPos = 5.220000000000001
49.4613 	EXP 	slider: markerPos = 5.220000000000001
49.4663 	DATA 	Mouse:  Left button up, pos=(903,470)
49.4774 	EXP 	slider: markerPos = 5.220000000000001
49.4941 	EXP 	slider: markerPos = 5.220000000000001
49.4941 	EXP 	slider: rating = 5.220000000000001
49.4963 	EXP 	New trial (rep=3, index=3): OrderedDict([('stim', 'stim/sos.wav')])
49.5116 	EXP 	slider: autoDraw = False
49.5116 	EXP 	top_ins: autoDraw = False
49.5116 	EXP 	bottom_ins: autoDraw = False
49.5116 	EXP 	text_2: autoDraw = False
49.5116 	EXP 	text_3: autoDraw = False
49.5116 	EXP 	cross: autoDraw = True
49.9962 	EXP 	ins: autoDraw = True
50.0130 	EXP 	cross: autoDraw = False
50.6874 	DATA 	Mouse: Left button down, pos=(350,282)
50.7102 	EXP 	ins: autoDraw = False
50.7102 	EXP 	cross: autoDraw = False
50.7102 	EXP 	slider: markerPos = None
50.7102 	EXP 	slider: markerPos = None
50.7102 	EXP 	slider: rating = None
50.7102 	EXP 	slider: autoDraw = True
50.7102 	EXP 	top_ins: autoDraw = True
50.7102 	EXP 	bottom_ins: autoDraw = True
50.7102 	EXP 	text_2: autoDraw = True
50.7102 	EXP 	text_3: autoDraw = True
50.7952 	DATA 	Mouse:  Left button up, pos=(349,282)
51.1312 	DATA 	Mouse: Left button down, pos=(675,412)
51.1611 	EXP 	slider: markerPos = 3.7
51.1778 	EXP 	slider: markerPos = 3.7
51.1943 	EXP 	slider: markerPos = 3.7
51.2109 	EXP 	slider: markerPos = 3.7
51.2114 	DATA 	Mouse:  Left button up, pos=(675,412)
51.2275 	EXP 	slider: markerPos = 3.7
51.2275 	EXP 	slider: rating = 3.7
51.2297 	EXP 	New trial (rep=4, index=0): OrderedDict([('stim', 'stim/sys.wav')])
51.2442 	EXP 	slider: autoDraw = False
51.2442 	EXP 	top_ins: autoDraw = False
51.2442 	EXP 	bottom_ins: autoDraw = False
51.2442 	EXP 	text_2: autoDraw = False
51.2442 	EXP 	text_3: autoDraw = False
51.2442 	EXP 	cross: autoDraw = True
51.7291 	EXP 	ins: autoDraw = True
51.7452 	EXP 	cross: autoDraw = False
52.2541 	DATA 	Mouse: Left button down, pos=(801,261)
52.2770 	EXP 	ins: autoDraw = False
52.2770 	EXP 	cross: autoDraw = False
52.2770 	EXP 	slider: markerPos = None
52.2770 	EXP 	slider: markerPos = None
52.2770 	EXP 	slider: rating = None
52.2770 	EXP 	slider: autoDraw = True
52.2770 	EXP 	top_ins: autoDraw = True
52.2770 	EXP 	bottom_ins: autoDraw = True
52.2770 	EXP 	text_2: autoDraw = True
52.2770 	EXP 	text_3: autoDraw = True
52.3440 	DATA 	Mouse:  Left button up, pos=(801,261)
52.6453 	DATA 	Mouse: Left button down, pos=(944,438)
52.6610 	EXP 	slider: markerPos = 5.493333333333334
52.6777 	EXP 	slider: markerPos = 5.493333333333334
52.6947 	EXP 	slider: markerPos = 5.493333333333334
52.7115 	EXP 	slider: markerPos = 5.493333333333334
52.7166 	DATA 	Mouse:  Left button up, pos=(944,438)
52.7286 	EXP 	slider: markerPos = 5.493333333333334
52.7445 	EXP 	slider: markerPos = 5.493333333333334
52.7445 	EXP 	slider: rating = 5.493333333333334
52.7468 	EXP 	New trial (rep=4, index=1): OrderedDict([('stim', 'stim/sus.wav')])
52.7613 	EXP 	slider: autoDraw = False
52.7613 	EXP 	top_ins: autoDraw = False
52.7613 	EXP 	bottom_ins: autoDraw = False
52.7613 	EXP 	text_2: autoDraw = False
52.7613 	EXP 	text_3: autoDraw = False
52.7613 	EXP 	cross: autoDraw = True
53.2453 	EXP 	ins: autoDraw = True
53.2616 	EXP 	cross: autoDraw = False
53.6614 	DATA 	Mouse: Left button down, pos=(614,531)
53.6779 	EXP 	ins: autoDraw = False
53.6779 	EXP 	cross: autoDraw = False
53.6779 	EXP 	slider: markerPos = None
53.6779 	EXP 	slider: markerPos = None
53.6779 	EXP 	slider: rating = None
53.6779 	EXP 	slider: autoDraw = True
53.6779 	EXP 	top_ins: autoDraw = True
53.6779 	EXP 	bottom_ins: autoDraw = True
53.6779 	EXP 	text_2: autoDraw = True
53.6779 	EXP 	text_3: autoDraw = True
53.7456 	DATA 	Mouse:  Left button up, pos=(614,531)
53.9783 	DATA 	Mouse: Left button down, pos=(818,473)
53.9943 	EXP 	slider: markerPos = 4.66
54.0108 	EXP 	slider: markerPos = 4.66
54.0276 	EXP 	slider: markerPos = 4.66
54.0449 	EXP 	slider: markerPos = 4.66
54.0454 	DATA 	Mouse:  Left button up, pos=(819,473)
54.0610 	EXP 	slider: markerPos = 4.66
54.0610 	EXP 	slider: rating = 4.66
54.0632 	EXP 	New trial (rep=4, index=2): OrderedDict([('stim', 'stim/sis.wav')])
54.0777 	EXP 	slider: autoDraw = False
54.0777 	EXP 	top_ins: autoDraw = False
54.0777 	EXP 	bottom_ins: autoDraw = False
54.0777 	EXP 	text_2: autoDraw = False
54.0777 	EXP 	text_3: autoDraw = False
54.0777 	EXP 	cross: autoDraw = True
54.5622 	EXP 	ins: autoDraw = True
54.5787 	EXP 	cross: autoDraw = False
54.9545 	DATA 	Mouse: Left button down, pos=(349,651)
54.9779 	EXP 	ins: autoDraw = False
54.9779 	EXP 	cross: autoDraw = False
54.9779 	EXP 	slider: markerPos = None
54.9779 	EXP 	slider: markerPos = None
54.9779 	EXP 	slider: rating = None
54.9779 	EXP 	slider: autoDraw = True
54.9779 	EXP 	top_ins: autoDraw = True
54.9779 	EXP 	bottom_ins: autoDraw = True
54.9779 	EXP 	text_2: autoDraw = True
54.9779 	EXP 	text_3: autoDraw = True
55.0451 	DATA 	Mouse:  Left button up, pos=(349,651)
55.3283 	DATA 	Mouse: Left button down, pos=(719,420)
55.3445 	EXP 	slider: markerPos = 3.993333333333333
55.3612 	EXP 	slider: markerPos = 3.993333333333333
55.3779 	EXP 	slider: markerPos = 3.993333333333333
55.3946 	EXP 	slider: markerPos = 3.993333333333333
55.3953 	DATA 	Mouse:  Left button up, pos=(719,420)
55.4109 	EXP 	slider: markerPos = 3.993333333333333
55.4109 	EXP 	slider: rating = 3.993333333333333
55.4133 	EXP 	New trial (rep=4, index=3): OrderedDict([('stim', 'stim/sos.wav')])
55.4278 	EXP 	slider: autoDraw = False
55.4278 	EXP 	top_ins: autoDraw = False
55.4278 	EXP 	bottom_ins: autoDraw = False
55.4278 	EXP 	text_2: autoDraw = False
55.4278 	EXP 	text_3: autoDraw = False
55.4278 	EXP 	cross: autoDraw = True
55.9131 	EXP 	ins: autoDraw = True
55.9301 	EXP 	cross: autoDraw = False
56.3376 	DATA 	Mouse: Left button down, pos=(1135,259)
56.3611 	EXP 	ins: autoDraw = False
56.3611 	EXP 	cross: autoDraw = False
56.3611 	EXP 	slider: markerPos = None
56.3611 	EXP 	slider: markerPos = None
56.3611 	EXP 	slider: rating = None
56.3611 	EXP 	slider: autoDraw = True
56.3611 	EXP 	top_ins: autoDraw = True
56.3611 	EXP 	bottom_ins: autoDraw = True
56.3611 	EXP 	text_2: autoDraw = True
56.3611 	EXP 	text_3: autoDraw = True
56.4282 	DATA 	Mouse:  Left button up, pos=(1135,259)
56.6781 	DATA 	Mouse: Left button down, pos=(1068,423)
56.6948 	EXP 	slider: markerPos = 6.32
56.7113 	EXP 	slider: markerPos = 6.32
56.7277 	EXP 	slider: markerPos = 6.32
56.7452 	EXP 	slider: markerPos = 6.32
56.7457 	DATA 	Mouse:  Left button up, pos=(1068,423)
56.7616 	EXP 	slider: markerPos = 6.32
56.7616 	EXP 	slider: rating = 6.32
56.7778 	EXP 	slider: autoDraw = False
56.7778 	EXP 	top_ins: autoDraw = False
56.7778 	EXP 	bottom_ins: autoDraw = False
56.7778 	EXP 	text_2: autoDraw = False
56.7778 	EXP 	text_3: autoDraw = False
56.7778 	EXP 	text: autoDraw = True
57.9465 	DATA 	Keypress: space
57.9615 	EXP 	text: autoDraw = False
57.9891 	EXP 	window1: mouseVisible = True
