0.5811 	WARNING 	We strongly recommend you activate the PTB sound engine in PsychoPy prefs as the preferred audio engine. Its timing is vastly superior. Your prefs are currently set to use ['sounddevice', 'PTB', 'pyo', 'pygame'] (in that order).
5.4517 	EXP 	Created window1 = Window(allowGUI=False, allowStencil=False, autoLog=True, backendConf=UNKNOWN, bitsMode=UNKNOWN, blendMode='avg', bpc=(8, 8, 8), color=array([0, 0, 0]), colorSpace='rgb', depthBits=8, fullscr=<method-wrapper '__getattribute__' of attributeSetter object at 0x7f96e9ba2a90>, gamma=None, gammaErrorPolicy='raise', lms=UNKNOWN, monitor=<psychopy.monitors.calibTools.Monitor object at 0x7f96e89547f0>, multiSample=False, name='window1', numSamples=2, pos=[360.0, 225.0], screen=0, size=array([2880, 1800]), stencilBits=0, stereo=False, units='height', useFBO=True, useRetina=True, viewOri=0.0, viewPos=None, viewScale=None, waitBlanking=True, winType='pyglet')
5.4520 	EXP 	window1: mouseVisible = True
5.4520 	EXP 	window1: recordFrameIntervals = False
5.6177 	EXP 	window1: recordFrameIntervals = True
5.8017 	EXP 	window1: recordFrameIntervals = False
6.3693 	EXP 	window1: mouseVisible = True
6.3756 	EXP 	window1: mouseVisible = True
6.3815 	EXP 	window1: mouseVisible = True
6.4280 	EXP 	Sound stimulus set volume 1.000
6.4354 	EXP 	window1: mouseVisible = True
6.4381 	EXP 	window1: mouseVisible = True
6.4724 	EXP 	Created ins = TextStim(__class__=<class 'psychopy.visual.text.TextStim'>, alignHoriz=method-wrapper(...), alignText='center', alignVert=method-wrapper(...), anchorHoriz='center', anchorVert='center', antialias=True, autoLog=True, bold=False, color=array([1., 1., 1.]), colorSpace='rgb', contrast=1.0, depth=-6.0, flipHoriz=False, flipVert=False, font='Open Sans', fontFiles=[], height=0.05, italic=False, languageStyle='LTR', name='ins', opacity=1, ori=0.0, pos=array([0.  , 0.35]), rgb=UNKNOWN, text=str(...), units='height', win=Window(...), wrapWidth=1)
6.4754 	EXP 	Created cross = TextStim(__class__=<class 'psychopy.visual.text.TextStim'>, alignHoriz=method-wrapper(...), alignText='center', alignVert=method-wrapper(...), anchorHoriz='center', anchorVert='center', antialias=True, autoLog=True, bold=False, color=array([1., 1., 1.]), colorSpace='rgb', contrast=1.0, depth=-7.0, flipHoriz=False, flipVert=False, font='Open Sans', fontFiles=[], height=0.1, italic=False, languageStyle='LTR', name='cross', opacity=1, ori=0.0, pos=array([0., 0.]), rgb=UNKNOWN, text='+', units='height', win=Window(...), wrapWidth=1)
6.4879 	EXP 	window1: mouseVisible = True
6.4937 	EXP 	Created slider = Slider(__class__=<class 'psychopy.visual.slider.Slider'>, autoDraw=False, autoLog=True, borderColor=None, color=None, colorSpace='rgb', depth=0, fillColor=None, flip=False, font='Open Sans', granularity=0.0, labelHeight=0.05, labelWrapWidth=None, labels=None, name='slider', opacity=None, pos=(0, 0), readOnly=False, self=UNKNOWN, size=(1.0, 0.1), startValue=None, style=method-wrapper(...), styleTweaks=method-wrapper(...), ticks=array([1, 2, 3, 4, 5, 6, 7]), units='height', win=Window(...))
6.5353 	EXP 	Created text_2 = TextStim(__class__=<class 'psychopy.visual.text.TextStim'>, alignHoriz=method-wrapper(...), alignText='center', alignVert=method-wrapper(...), anchorHoriz='center', anchorVert='center', antialias=True, autoLog=True, bold=False, color=array([1., 1., 1.]), colorSpace='rgb', contrast=1.0, depth=-1.0, flipHoriz=False, flipVert=False, font='Open Sans', fontFiles=[], height=0.5, italic=False, languageStyle='LTR', name='text_2', opacity=1, ori=0.0, pos=array([0. , 0.4]), rgb=UNKNOWN, text=str(...), units='height', win=Window(...), wrapWidth=1)
6.7316 	EXP 	Created text = TextStim(__class__=<class 'psychopy.visual.text.TextStim'>, alignHoriz=method-wrapper(...), alignText='center', alignVert=method-wrapper(...), anchorHoriz='center', anchorVert='center', antialias=True, autoLog=True, bold=False, color=array([1., 1., 1.]), colorSpace='rgb', contrast=1.0, depth=-1.0, flipHoriz=False, flipVert=False, font='Open Sans', fontFiles=[], height=0.1, italic=False, languageStyle='LTR', name='text', opacity=1, ori=0.0, pos=array([0., 0.]), rgb=UNKNOWN, text='Thanks! Press SPACE to end.', units='height', win=Window(...), wrapWidth=1)
6.7387 	EXP 	Imported stim/conditions.csv as conditions, 2 conditions, 2 params
6.7393 	EXP 	Created sequence: random, trialTypes=2, nReps=5, seed=None
6.7395 	EXP 	New trial (rep=0, index=0): OrderedDict([('stim', 'stim/o.wav'), ('phone', 'o')])
6.7482 	EXP 	slider: autoLog = True
6.7482 	EXP 	slider: markerPos = None
6.7482 	EXP 	slider: rating = None
6.7482 	EXP 	slider: markerPos = None
6.7482 	EXP 	slider: contrast = 1.0
6.7482 	EXP 	slider: autoLog = True
6.7482 	EXP 	slider: styleTweaks = []
6.7482 	EXP 	slider: style = 'rating'
6.7482 	EXP 	slider: styleTweaks = ['labels45']
6.7482 	EXP 	cross: autoDraw = True
7.2366 	EXP 	ins: autoDraw = True
7.2508 	EXP 	cross: autoDraw = False
8.3680 	DATA 	Mouse: Left button down, pos=(617,620)
8.3848 	EXP 	ins: autoDraw = False
8.3848 	EXP 	cross: autoDraw = False
8.3848 	EXP 	slider: markerPos = None
8.3848 	EXP 	slider: markerPos = None
8.3848 	EXP 	slider: rating = None
8.3848 	EXP 	slider: autoDraw = True
8.3848 	EXP 	text_2: autoDraw = True
8.4681 	DATA 	Mouse:  Left button up, pos=(617,620)
10.8933 	DATA 	Keypress: escape
11.1598 	EXP 	window1: mouseVisible = True
0.6158 	WARNING 	We strongly recommend you activate the PTB sound engine in PsychoPy prefs as the preferred audio engine. Its timing is vastly superior. Your prefs are currently set to use ['sounddevice', 'PTB', 'pyo', 'pygame'] (in that order).
4.1745 	EXP 	Created window1 = Window(allowGUI=False, allowStencil=False, autoLog=True, backendConf=UNKNOWN, bitsMode=UNKNOWN, blendMode='avg', bpc=(8, 8, 8), color=array([0, 0, 0]), colorSpace='rgb', depthBits=8, fullscr=<method-wrapper '__getattribute__' of attributeSetter object at 0x7ff402602a90>, gamma=None, gammaErrorPolicy='raise', lms=UNKNOWN, monitor=<psychopy.monitors.calibTools.Monitor object at 0x7ff4019f4860>, multiSample=False, name='window1', numSamples=2, pos=[360.0, 225.0], screen=0, size=array([2880, 1800]), stencilBits=0, stereo=False, units='height', useFBO=True, useRetina=True, viewOri=0.0, viewPos=None, viewScale=None, waitBlanking=True, winType='pyglet')
4.1747 	EXP 	window1: mouseVisible = True
4.1747 	EXP 	window1: recordFrameIntervals = False
4.3406 	EXP 	window1: recordFrameIntervals = True
4.5240 	EXP 	window1: recordFrameIntervals = False
5.1049 	EXP 	window1: mouseVisible = True
5.1106 	EXP 	window1: mouseVisible = True
5.1166 	EXP 	window1: mouseVisible = True
5.1555 	EXP 	Sound stimulus set volume 1.000
5.1630 	EXP 	window1: mouseVisible = True
5.1658 	EXP 	window1: mouseVisible = True
5.1990 	EXP 	Created ins = TextStim(__class__=<class 'psychopy.visual.text.TextStim'>, alignHoriz=method-wrapper(...), alignText='center', alignVert=method-wrapper(...), anchorHoriz='center', anchorVert='center', antialias=True, autoLog=True, bold=False, color=array([1., 1., 1.]), colorSpace='rgb', contrast=1.0, depth=-6.0, flipHoriz=False, flipVert=False, font='Open Sans', fontFiles=[], height=0.05, italic=False, languageStyle='LTR', name='ins', opacity=1, ori=0.0, pos=array([0.  , 0.35]), rgb=UNKNOWN, text=str(...), units='height', win=Window(...), wrapWidth=1)
5.2020 	EXP 	Created cross = TextStim(__class__=<class 'psychopy.visual.text.TextStim'>, alignHoriz=method-wrapper(...), alignText='center', alignVert=method-wrapper(...), anchorHoriz='center', anchorVert='center', antialias=True, autoLog=True, bold=False, color=array([1., 1., 1.]), colorSpace='rgb', contrast=1.0, depth=-7.0, flipHoriz=False, flipVert=False, font='Open Sans', fontFiles=[], height=0.1, italic=False, languageStyle='LTR', name='cross', opacity=1, ori=0.0, pos=array([0., 0.]), rgb=UNKNOWN, text='+', units='height', win=Window(...), wrapWidth=1)
5.2142 	EXP 	window1: mouseVisible = True
5.2201 	EXP 	Created slider = Slider(__class__=<class 'psychopy.visual.slider.Slider'>, autoDraw=False, autoLog=True, borderColor=None, color=None, colorSpace='rgb', depth=0, fillColor=None, flip=False, font='Open Sans', granularity=0.0, labelHeight=0.05, labelWrapWidth=None, labels=None, name='slider', opacity=None, pos=(0, 0), readOnly=False, self=UNKNOWN, size=(1.0, 0.1), startValue=None, style=method-wrapper(...), styleTweaks=method-wrapper(...), ticks=array([1, 2, 3, 4, 5, 6, 7]), units='height', win=Window(...))
5.2275 	EXP 	Created text_2 = TextStim(__class__=<class 'psychopy.visual.text.TextStim'>, alignHoriz=method-wrapper(...), alignText='center', alignVert=method-wrapper(...), anchorHoriz='center', anchorVert='center', antialias=True, autoLog=True, bold=False, color=array([1., 1., 1.]), colorSpace='rgb', contrast=1.0, depth=-1.0, flipHoriz=False, flipVert=False, font='Open Sans', fontFiles=[], height=0.05, italic=False, languageStyle='LTR', name='text_2', opacity=1, ori=0.0, pos=array([0. , 0.4]), rgb=UNKNOWN, text=str(...), units='height', win=Window(...), wrapWidth=1)
5.4261 	EXP 	Created text = TextStim(__class__=<class 'psychopy.visual.text.TextStim'>, alignHoriz=method-wrapper(...), alignText='center', alignVert=method-wrapper(...), anchorHoriz='center', anchorVert='center', antialias=True, autoLog=True, bold=False, color=array([1., 1., 1.]), colorSpace='rgb', contrast=1.0, depth=-1.0, flipHoriz=False, flipVert=False, font='Open Sans', fontFiles=[], height=0.1, italic=False, languageStyle='LTR', name='text', opacity=1, ori=0.0, pos=array([0., 0.]), rgb=UNKNOWN, text='Thanks! Press SPACE to end.', units='height', win=Window(...), wrapWidth=1)
5.4328 	EXP 	Imported stim/conditions.csv as conditions, 2 conditions, 2 params
5.4332 	EXP 	Created sequence: random, trialTypes=2, nReps=5, seed=None
5.4335 	EXP 	New trial (rep=0, index=0): OrderedDict([('stim', 'stim/o.wav'), ('phone', 'o')])
5.4425 	EXP 	slider: autoLog = True
5.4425 	EXP 	slider: markerPos = None
5.4425 	EXP 	slider: rating = None
5.4425 	EXP 	slider: markerPos = None
5.4425 	EXP 	slider: contrast = 1.0
5.4425 	EXP 	slider: autoLog = True
5.4425 	EXP 	slider: styleTweaks = []
5.4425 	EXP 	slider: style = 'rating'
5.4425 	EXP 	slider: styleTweaks = ['labels45']
5.4425 	EXP 	cross: autoDraw = True
5.9438 	EXP 	ins: autoDraw = True
5.9572 	EXP 	cross: autoDraw = False
6.7158 	DATA 	Mouse: Left button down, pos=(692,630)
6.7403 	EXP 	ins: autoDraw = False
6.7403 	EXP 	cross: autoDraw = False
6.7403 	EXP 	slider: markerPos = None
6.7403 	EXP 	slider: markerPos = None
6.7403 	EXP 	slider: rating = None
6.7403 	EXP 	slider: autoDraw = True
6.7403 	EXP 	text_2: autoDraw = True
6.7917 	DATA 	Mouse:  Left button up, pos=(691,630)
9.4267 	DATA 	Mouse: Left button down, pos=(1164,440)
9.4576 	EXP 	slider: markerPos = 6.960000000000001
9.4740 	EXP 	slider: markerPos = 6.960000000000001
9.4906 	EXP 	slider: markerPos = 6.960000000000001
9.5071 	EXP 	slider: markerPos = 6.960000000000001
9.5237 	EXP 	slider: markerPos = 6.960000000000001
9.5412 	EXP 	slider: markerPos = 6.960000000000001
9.5417 	DATA 	Mouse:  Left button up, pos=(1164,440)
9.5570 	EXP 	slider: markerPos = 6.960000000000001
9.5570 	EXP 	slider: rating = 6.960000000000001
9.5592 	EXP 	New trial (rep=0, index=1): OrderedDict([('stim', 'stim/u.wav'), ('phone', 'u')])
9.5735 	EXP 	slider: autoDraw = False
9.5735 	EXP 	text_2: autoDraw = False
9.5735 	EXP 	cross: autoDraw = True
10.0571 	EXP 	ins: autoDraw = True
10.0734 	EXP 	cross: autoDraw = False
11.4252 	DATA 	Keypress: escape
11.7104 	EXP 	window1: mouseVisible = True
