0.5428 	WARNING 	We strongly recommend you activate the PTB sound engine in PsychoPy prefs as the preferred audio engine. Its timing is vastly superior. Your prefs are currently set to use ['sounddevice', 'PTB', 'pyo', 'pygame'] (in that order).
5.1997 	EXP 	Created window1 = Window(allowGUI=False, allowStencil=False, autoLog=True, backendConf=UNKNOWN, bitsMode=UNKNOWN, blendMode='avg', bpc=(8, 8, 8), color=array([0, 0, 0]), colorSpace='rgb', depthBits=8, fullscr=<method-wrapper '__getattribute__' of attributeSetter object at 0x7f7f346dca90>, gamma=None, gammaErrorPolicy='raise', lms=UNKNOWN, monitor=<psychopy.monitors.calibTools.Monitor object at 0x7f7f3373a5f8>, multiSample=False, name='window1', numSamples=2, pos=[360.0, 225.0], screen=0, size=array([2880, 1800]), stencilBits=0, stereo=False, units='height', useFBO=True, useRetina=True, viewOri=0.0, viewPos=None, viewScale=None, waitBlanking=True, winType='pyglet')
5.1998 	EXP 	window1: mouseVisible = True
5.1999 	EXP 	window1: recordFrameIntervals = False
5.3657 	EXP 	window1: recordFrameIntervals = True
5.5489 	EXP 	window1: recordFrameIntervals = False
6.1947 	EXP 	Created text_6 = TextStim(__class__=<class 'psychopy.visual.text.TextStim'>, alignHoriz=method-wrapper(...), alignText='center', alignVert=method-wrapper(...), anchorHoriz='center', anchorVert='center', antialias=True, autoLog=True, bold=False, color=array([1., 1., 1.]), colorSpace='rgb', contrast=1.0, depth=0.0, flipHoriz=False, flipVert=False, font='Open Sans', fontFiles=[], height=0.04, italic=False, languageStyle='LTR', name='text_6', opacity=1, ori=0.0, pos=array([0., 0.]), rgb=UNKNOWN, text=str(...), units='height', win=Window(...), wrapWidth=1)
6.3960 	EXP 	window1: mouseVisible = True
6.4016 	EXP 	window1: mouseVisible = True
6.4073 	EXP 	window1: mouseVisible = True
6.4459 	EXP 	Sound stimulus_3 set volume 1.000
6.4542 	EXP 	window1: mouseVisible = True
6.4625 	EXP 	window1: mouseVisible = True
6.4763 	EXP 	Created ins_3 = TextStim(__class__=<class 'psychopy.visual.text.TextStim'>, alignHoriz=method-wrapper(...), alignText='center', alignVert=method-wrapper(...), anchorHoriz='center', anchorVert='center', antialias=True, autoLog=True, bold=False, color=array([1., 1., 1.]), colorSpace='rgb', contrast=1.0, depth=-6.0, flipHoriz=False, flipVert=False, font='Open Sans', fontFiles=[], height=0.05, italic=False, languageStyle='LTR', name='ins_3', opacity=1, ori=0.0, pos=array([0.  , 0.35]), rgb=UNKNOWN, text=str(...), units='height', win=Window(...), wrapWidth=1)
6.4804 	EXP 	Created cross_3 = TextStim(__class__=<class 'psychopy.visual.text.TextStim'>, alignHoriz=method-wrapper(...), alignText='center', alignVert=method-wrapper(...), anchorHoriz='center', anchorVert='center', antialias=True, autoLog=True, bold=False, color=array([1., 1., 1.]), colorSpace='rgb', contrast=1.0, depth=-7.0, flipHoriz=False, flipVert=False, font='Open Sans', fontFiles=[], height=0.1, italic=False, languageStyle='LTR', name='cross_3', opacity=1, ori=0.0, pos=array([0., 0.]), rgb=UNKNOWN, text='+', units='height', win=Window(...), wrapWidth=1)
6.4829 	EXP 	window1: mouseVisible = True
6.4851 	EXP 	window1: mouseVisible = True
6.4979 	EXP 	window1: mouseVisible = True
6.5038 	EXP 	Created slider_2 = Slider(__class__=<class 'psychopy.visual.slider.Slider'>, autoDraw=False, autoLog=True, borderColor=None, color=None, colorSpace='rgb', depth=0, fillColor=None, flip=False, font='Open Sans', granularity=0.0, labelHeight=0.05, labelWrapWidth=None, labels=None, name='slider_2', opacity=None, pos=(0, 0), readOnly=False, self=UNKNOWN, size=(1.0, 0.1), startValue=None, style=method-wrapper(...), styleTweaks=method-wrapper(...), ticks=array([1, 2, 3, 4, 5, 6, 7]), units='height', win=Window(...))
6.5167 	EXP 	Created top_ins_2 = TextStim(__class__=<class 'psychopy.visual.text.TextStim'>, alignHoriz=method-wrapper(...), alignText='center', alignVert=method-wrapper(...), anchorHoriz='center', anchorVert='center', antialias=True, autoLog=True, bold=False, color=array([1., 1., 1.]), colorSpace='rgb', contrast=1.0, depth=-1.0, flipHoriz=False, flipVert=False, font='Open Sans', fontFiles=[], height=0.05, italic=False, languageStyle='LTR', name='top_ins_2', opacity=1, ori=0.0, pos=array([0. , 0.4]), rgb=UNKNOWN, text=str(...), units='height', win=Window(...), wrapWidth=1)
6.5263 	EXP 	Created bottom_ins_2 = TextStim(__class__=<class 'psychopy.visual.text.TextStim'>, alignHoriz=method-wrapper(...), alignText='center', alignVert=method-wrapper(...), anchorHoriz='center', anchorVert='center', antialias=True, autoLog=True, bold=False, color=array([1., 1., 1.]), colorSpace='rgb', contrast=1.0, depth=-2.0, flipHoriz=False, flipVert=False, font='Open Sans', fontFiles=[], height=0.04, italic=False, languageStyle='LTR', name='bottom_ins_2', opacity=1, ori=0.0, pos=array([ 0. , -0.4]), rgb=UNKNOWN, text=str(...), units='height', win=Window(...), wrapWidth=1)
6.5309 	EXP 	Created text_4 = TextStim(__class__=<class 'psychopy.visual.text.TextStim'>, alignHoriz=method-wrapper(...), alignText='center', alignVert=method-wrapper(...), anchorHoriz='center', anchorVert='center', antialias=True, autoLog=True, bold=False, color=array([1., 1., 1.]), colorSpace='rgb', contrast=1.0, depth=-3.0, flipHoriz=False, flipVert=False, font='Open Sans', fontFiles=[], height=0.03, italic=False, languageStyle='LTR', name='text_4', opacity=1, ori=0.0, pos=array([ 0.45, -0.1 ]), rgb=UNKNOWN, text='Perfect fit', units='height', win=Window(...), wrapWidth=1)
6.5367 	EXP 	Created text_5 = TextStim(__class__=<class 'psychopy.visual.text.TextStim'>, alignHoriz=method-wrapper(...), alignText='center', alignVert=method-wrapper(...), anchorHoriz='center', anchorVert='center', antialias=True, autoLog=True, bold=False, color=array([1., 1., 1.]), colorSpace='rgb', contrast=1.0, depth=-4.0, flipHoriz=False, flipVert=False, font='Open Sans', fontFiles=[], height=0.03, italic=False, languageStyle='LTR', name='text_5', opacity=1, ori=0.0, pos=array([-0.45, -0.1 ]), rgb=UNKNOWN, text='Does not fit at a all', units='height', win=Window(...), wrapWidth=1)
6.7430 	EXP 	Created text_7 = TextStim(__class__=<class 'psychopy.visual.text.TextStim'>, alignHoriz=method-wrapper(...), alignText='center', alignVert=method-wrapper(...), anchorHoriz='center', anchorVert='center', antialias=True, autoLog=True, bold=False, color=array([1., 1., 1.]), colorSpace='rgb', contrast=1.0, depth=-1.0, flipHoriz=False, flipVert=False, font='Open Sans', fontFiles=[], height=0.1, italic=False, languageStyle='LTR', name='text_7', opacity=1, ori=0.0, pos=array([0., 0.]), rgb=UNKNOWN, text=str(...), units='height', win=Window(...), wrapWidth=1)
6.7431 	EXP 	Sound stimulus_4 set volume 1.000
6.7537 	EXP 	Created ins_4 = TextStim(__class__=<class 'psychopy.visual.text.TextStim'>, alignHoriz=method-wrapper(...), alignText='center', alignVert=method-wrapper(...), anchorHoriz='center', anchorVert='center', antialias=True, autoLog=True, bold=False, color=array([1., 1., 1.]), colorSpace='rgb', contrast=1.0, depth=-1.0, flipHoriz=False, flipVert=False, font='Open Sans', fontFiles=[], height=0.05, italic=False, languageStyle='LTR', name='ins_4', opacity=1, ori=0.0, pos=array([0.  , 0.35]), rgb=UNKNOWN, text=str(...), units='height', win=Window(...), wrapWidth=1)
6.7557 	EXP 	Created cross_4 = TextStim(__class__=<class 'psychopy.visual.text.TextStim'>, alignHoriz=method-wrapper(...), alignText='center', alignVert=method-wrapper(...), anchorHoriz='center', anchorVert='center', antialias=True, autoLog=True, bold=False, color=array([1., 1., 1.]), colorSpace='rgb', contrast=1.0, depth=-2.0, flipHoriz=False, flipVert=False, font='Open Sans', fontFiles=[], height=0.1, italic=False, languageStyle='LTR', name='cross_4', opacity=1, ori=0.0, pos=array([0., 0.]), rgb=UNKNOWN, text='+', units='height', win=Window(...), wrapWidth=1)
6.7591 	EXP 	Created seek_text = TextStim(__class__=<class 'psychopy.visual.text.TextStim'>, alignHoriz=method-wrapper(...), alignText='center', alignVert=method-wrapper(...), anchorHoriz='center', anchorVert='center', antialias=True, autoLog=True, bold=False, color=array([1., 1., 1.]), colorSpace='rgb', contrast=1.0, depth=-3.0, flipHoriz=False, flipVert=False, font='Open Sans', fontFiles=[], height=0.05, italic=False, languageStyle='LTR', name='seek_text', opacity=1, ori=0.0, pos=array([-0.5,  0.2]), rgb=UNKNOWN, text='seek (q)', units='height', win=Window(...), wrapWidth=1)
6.7610 	EXP 	Created sock_text = TextStim(__class__=<class 'psychopy.visual.text.TextStim'>, alignHoriz=method-wrapper(...), alignText='center', alignVert=method-wrapper(...), anchorHoriz='center', anchorVert='center', antialias=True, autoLog=True, bold=False, color=array([1., 1., 1.]), colorSpace='rgb', contrast=1.0, depth=-4.0, flipHoriz=False, flipVert=False, font='Open Sans', fontFiles=[], height=0.05, italic=False, languageStyle='LTR', name='sock_text', opacity=1, ori=0.0, pos=array([0. , 0.2]), rgb=UNKNOWN, text='sock (y)', units='height', win=Window(...), wrapWidth=1)
6.7632 	EXP 	Created such_text = TextStim(__class__=<class 'psychopy.visual.text.TextStim'>, alignHoriz=method-wrapper(...), alignText='center', alignVert=method-wrapper(...), anchorHoriz='center', anchorVert='center', antialias=True, autoLog=True, bold=False, color=array([1., 1., 1.]), colorSpace='rgb', contrast=1.0, depth=-5.0, flipHoriz=False, flipVert=False, font='Open Sans', fontFiles=[], height=0.05, italic=False, languageStyle='LTR', name='such_text', opacity=1, ori=0.0, pos=array([0.5, 0.2]), rgb=UNKNOWN, text='such (p)', units='height', win=Window(...), wrapWidth=1)
6.7653 	EXP 	Created soon_text = TextStim(__class__=<class 'psychopy.visual.text.TextStim'>, alignHoriz=method-wrapper(...), alignText='center', alignVert=method-wrapper(...), anchorHoriz='center', anchorVert='center', antialias=True, autoLog=True, bold=False, color=array([1., 1., 1.]), colorSpace='rgb', contrast=1.0, depth=-6.0, flipHoriz=False, flipVert=False, font='Open Sans', fontFiles=[], height=0.05, italic=False, languageStyle='LTR', name='soon_text', opacity=1, ori=0.0, pos=array([0., 0.]), rgb=UNKNOWN, text='soon (g)', units='height', win=Window(...), wrapWidth=1)
6.7677 	EXP 	Created sin_text = TextStim(__class__=<class 'psychopy.visual.text.TextStim'>, alignHoriz=method-wrapper(...), alignText='center', alignVert=method-wrapper(...), anchorHoriz='center', anchorVert='center', antialias=True, autoLog=True, bold=False, color=array([1., 1., 1.]), colorSpace='rgb', contrast=1.0, depth=-7.0, flipHoriz=False, flipVert=False, font='Open Sans', fontFiles=[], height=0.05, italic=False, languageStyle='LTR', name='sin_text', opacity=1, ori=0.0, pos=array([-0.5, -0.2]), rgb=UNKNOWN, text='sin (z)', units='height', win=Window(...), wrapWidth=1)
6.7702 	EXP 	Created son_text = TextStim(__class__=<class 'psychopy.visual.text.TextStim'>, alignHoriz=method-wrapper(...), alignText='center', alignVert=method-wrapper(...), anchorHoriz='center', anchorVert='center', antialias=True, autoLog=True, bold=False, color=array([1., 1., 1.]), colorSpace='rgb', contrast=1.0, depth=-8.0, flipHoriz=False, flipVert=False, font='Open Sans', fontFiles=[], height=0.05, italic=False, languageStyle='LTR', name='son_text', opacity=1, ori=0.0, pos=array([ 0.5, -0.2]), rgb=UNKNOWN, text='son (spanish; m)', units='height', win=Window(...), wrapWidth=1)
6.7721 	EXP 	Created su_text = TextStim(__class__=<class 'psychopy.visual.text.TextStim'>, alignHoriz=method-wrapper(...), alignText='center', alignVert=method-wrapper(...), anchorHoriz='center', anchorVert='center', antialias=True, autoLog=True, bold=False, color=array([1., 1., 1.]), colorSpace='rgb', contrast=1.0, depth=-9.0, flipHoriz=False, flipVert=False, font='Open Sans', fontFiles=[], height=0.05, italic=False, languageStyle='LTR', name='su_text', opacity=1, ori=0.0, pos=array([ 0. , -0.2]), rgb=UNKNOWN, text='su (v)', units='height', win=Window(...), wrapWidth=1)
6.7765 	EXP 	window1: mouseVisible = True
6.7819 	EXP 	Created slider = Slider(__class__=<class 'psychopy.visual.slider.Slider'>, autoDraw=False, autoLog=True, borderColor=None, color=None, colorSpace='rgb', depth=0, fillColor=None, flip=False, font='Open Sans', granularity=0.0, labelHeight=0.05, labelWrapWidth=None, labels=None, name='slider', opacity=None, pos=(0, 0), readOnly=False, self=UNKNOWN, size=(1.0, 0.1), startValue=None, style=method-wrapper(...), styleTweaks=method-wrapper(...), ticks=array([1, 2, 3, 4, 5, 6, 7]), units='height', win=Window(...))
6.7893 	EXP 	Created top_ins = TextStim(__class__=<class 'psychopy.visual.text.TextStim'>, alignHoriz=method-wrapper(...), alignText='center', alignVert=method-wrapper(...), anchorHoriz='center', anchorVert='center', antialias=True, autoLog=True, bold=False, color=array([1., 1., 1.]), colorSpace='rgb', contrast=1.0, depth=-1.0, flipHoriz=False, flipVert=False, font='Open Sans', fontFiles=[], height=0.05, italic=False, languageStyle='LTR', name='top_ins', opacity=1, ori=0.0, pos=array([0. , 0.4]), rgb=UNKNOWN, text=str(...), units='height', win=Window(...), wrapWidth=1)
6.7971 	EXP 	Created bottom_ins = TextStim(__class__=<class 'psychopy.visual.text.TextStim'>, alignHoriz=method-wrapper(...), alignText='center', alignVert=method-wrapper(...), anchorHoriz='center', anchorVert='center', antialias=True, autoLog=True, bold=False, color=array([1., 1., 1.]), colorSpace='rgb', contrast=1.0, depth=-2.0, flipHoriz=False, flipVert=False, font='Open Sans', fontFiles=[], height=0.04, italic=False, languageStyle='LTR', name='bottom_ins', opacity=1, ori=0.0, pos=array([ 0. , -0.4]), rgb=UNKNOWN, text=str(...), units='height', win=Window(...), wrapWidth=1)
6.8011 	EXP 	Created text_2 = TextStim(__class__=<class 'psychopy.visual.text.TextStim'>, alignHoriz=method-wrapper(...), alignText='center', alignVert=method-wrapper(...), anchorHoriz='center', anchorVert='center', antialias=True, autoLog=True, bold=False, color=array([1., 1., 1.]), colorSpace='rgb', contrast=1.0, depth=-3.0, flipHoriz=False, flipVert=False, font='Open Sans', fontFiles=[], height=0.03, italic=False, languageStyle='LTR', name='text_2', opacity=1, ori=0.0, pos=array([ 0.45, -0.1 ]), rgb=UNKNOWN, text='Perfect fit', units='height', win=Window(...), wrapWidth=1)
6.8066 	EXP 	Created text_3 = TextStim(__class__=<class 'psychopy.visual.text.TextStim'>, alignHoriz=method-wrapper(...), alignText='center', alignVert=method-wrapper(...), anchorHoriz='center', anchorVert='center', antialias=True, autoLog=True, bold=False, color=array([1., 1., 1.]), colorSpace='rgb', contrast=1.0, depth=-4.0, flipHoriz=False, flipVert=False, font='Open Sans', fontFiles=[], height=0.03, italic=False, languageStyle='LTR', name='text_3', opacity=1, ori=0.0, pos=array([-0.45, -0.1 ]), rgb=UNKNOWN, text='Does not fit at a all', units='height', win=Window(...), wrapWidth=1)
7.0099 	EXP 	Created text = TextStim(__class__=<class 'psychopy.visual.text.TextStim'>, alignHoriz=method-wrapper(...), alignText='center', alignVert=method-wrapper(...), anchorHoriz='center', anchorVert='center', antialias=True, autoLog=True, bold=False, color=array([1., 1., 1.]), colorSpace='rgb', contrast=1.0, depth=-1.0, flipHoriz=False, flipVert=False, font='Open Sans', fontFiles=[], height=0.1, italic=False, languageStyle='LTR', name='text', opacity=1, ori=0.0, pos=array([0., 0.]), rgb=UNKNOWN, text=str(...), units='height', win=Window(...), wrapWidth=1)
7.0221 	EXP 	slider_2: autoLog = True
7.0221 	EXP 	slider_2: markerPos = None
7.0221 	EXP 	slider_2: rating = None
7.0221 	EXP 	slider_2: markerPos = None
7.0221 	EXP 	slider_2: contrast = 1.0
7.0221 	EXP 	slider_2: autoLog = True
7.0221 	EXP 	slider_2: styleTweaks = []
7.0221 	EXP 	slider_2: style = 'rating'
7.0221 	EXP 	slider_2: styleTweaks = ['triangleMarker']
7.0221 	EXP 	slider: autoLog = True
7.0221 	EXP 	slider: markerPos = None
7.0221 	EXP 	slider: rating = None
7.0221 	EXP 	slider: markerPos = None
7.0221 	EXP 	slider: contrast = 1.0
7.0221 	EXP 	slider: autoLog = True
7.0221 	EXP 	slider: styleTweaks = []
7.0221 	EXP 	slider: style = 'rating'
7.0221 	EXP 	slider: styleTweaks = ['triangleMarker']
7.0221 	EXP 	text_6: autoDraw = True
7.5409 	EXP 	Imported stim/practice.csv as conditions, 2 conditions, 1 params
7.5414 	EXP 	Created sequence: random, trialTypes=2, nReps=1, seed=None
7.5416 	EXP 	New trial (rep=0, index=0): OrderedDict([('stim', 'stim/sos.wav')])
7.5486 	DATA 	Keypress: space
7.5531 	EXP 	text_6: autoDraw = False
7.5531 	EXP 	cross_3: autoDraw = True
8.0565 	EXP 	ins_3: autoDraw = True
8.0729 	EXP 	cross_3: autoDraw = False
8.6419 	DATA 	Mouse: Left button down, pos=(645,545)
8.6667 	EXP 	ins_3: autoDraw = False
8.6667 	EXP 	cross_3: autoDraw = False
8.6667 	EXP 	slider_2: markerPos = None
8.6667 	EXP 	slider_2: markerPos = None
8.6667 	EXP 	slider_2: rating = None
8.6667 	EXP 	slider_2: autoDraw = True
8.6667 	EXP 	top_ins_2: autoDraw = True
8.6667 	EXP 	bottom_ins_2: autoDraw = True
8.6667 	EXP 	text_4: autoDraw = True
8.6667 	EXP 	text_5: autoDraw = True
8.7491 	DATA 	Mouse:  Left button up, pos=(645,545)
9.2665 	DATA 	Mouse: Left button down, pos=(667,464)
9.2823 	EXP 	slider_2: markerPos = 3.6466666666666665
9.2987 	EXP 	slider_2: markerPos = 3.6466666666666665
9.3160 	EXP 	slider_2: markerPos = 3.6466666666666665
9.3322 	EXP 	slider_2: markerPos = 3.6466666666666665
9.3486 	EXP 	slider_2: markerPos = 3.6466666666666665
9.3536 	DATA 	Mouse:  Left button up, pos=(667,464)
9.3655 	EXP 	slider_2: markerPos = 3.6466666666666665
9.3822 	EXP 	slider_2: markerPos = 3.6466666666666665
9.3822 	EXP 	slider_2: rating = 3.6466666666666665
9.3846 	EXP 	New trial (rep=0, index=1): OrderedDict([('stim', 'stim/sis.wav')])
9.3985 	EXP 	slider_2: autoDraw = False
9.3985 	EXP 	top_ins_2: autoDraw = False
9.3985 	EXP 	bottom_ins_2: autoDraw = False
9.3985 	EXP 	text_4: autoDraw = False
9.3985 	EXP 	text_5: autoDraw = False
9.3985 	EXP 	cross_3: autoDraw = True
9.8830 	EXP 	ins_3: autoDraw = True
9.9002 	EXP 	cross_3: autoDraw = False
10.4087 	DATA 	Mouse: Left button down, pos=(844,561)
10.4319 	EXP 	ins_3: autoDraw = False
10.4319 	EXP 	cross_3: autoDraw = False
10.4319 	EXP 	slider_2: markerPos = None
10.4319 	EXP 	slider_2: markerPos = None
10.4319 	EXP 	slider_2: rating = None
10.4319 	EXP 	slider_2: autoDraw = True
10.4319 	EXP 	top_ins_2: autoDraw = True
10.4319 	EXP 	bottom_ins_2: autoDraw = True
10.4319 	EXP 	text_4: autoDraw = True
10.4319 	EXP 	text_5: autoDraw = True
10.5326 	DATA 	Mouse:  Left button up, pos=(844,561)
10.8994 	DATA 	Mouse: Left button down, pos=(882,492)
10.9153 	EXP 	slider_2: markerPos = 5.08
10.9318 	EXP 	slider_2: markerPos = 5.08
10.9486 	EXP 	slider_2: markerPos = 5.08
10.9657 	EXP 	slider_2: markerPos = 5.08
10.9819 	EXP 	slider_2: markerPos = 5.08
10.9824 	DATA 	Mouse:  Left button up, pos=(882,492)
10.9988 	EXP 	slider_2: markerPos = 5.08
10.9988 	EXP 	slider_2: rating = 5.08
11.0157 	EXP 	slider_2: autoDraw = False
11.0157 	EXP 	top_ins_2: autoDraw = False
11.0157 	EXP 	bottom_ins_2: autoDraw = False
11.0157 	EXP 	text_4: autoDraw = False
11.0157 	EXP 	text_5: autoDraw = False
11.0157 	EXP 	text_7: autoDraw = True
11.8534 	EXP 	Imported stim/conditions.csv as conditions, 4 conditions, 1 params
11.8538 	EXP 	Created sequence: random, trialTypes=4, nReps=5, seed=None
11.8542 	EXP 	New trial (rep=0, index=0): OrderedDict([('stim', 'stim/sos.wav')])
11.8633 	DATA 	Keypress: space
11.8680 	EXP 	text_7: autoDraw = False
11.8680 	EXP 	cross_4: autoDraw = True
12.3486 	EXP 	ins_4: autoDraw = True
12.3486 	EXP 	seek_text: autoDraw = True
12.3486 	EXP 	sock_text: autoDraw = True
12.3486 	EXP 	such_text: autoDraw = True
12.3486 	EXP 	soon_text: autoDraw = True
12.3486 	EXP 	sin_text: autoDraw = True
12.3486 	EXP 	son_text: autoDraw = True
12.3486 	EXP 	su_text: autoDraw = True
12.3818 	EXP 	cross_4: autoDraw = False
25.0211 	DATA 	Keypress: escape
25.2469 	EXP 	window1: mouseVisible = True
0.5778 	WARNING 	We strongly recommend you activate the PTB sound engine in PsychoPy prefs as the preferred audio engine. Its timing is vastly superior. Your prefs are currently set to use ['sounddevice', 'PTB', 'pyo', 'pygame'] (in that order).
4.6031 	EXP 	Created window1 = Window(allowGUI=False, allowStencil=False, autoLog=True, backendConf=UNKNOWN, bitsMode=UNKNOWN, blendMode='avg', bpc=(8, 8, 8), color=array([0, 0, 0]), colorSpace='rgb', depthBits=8, fullscr=<method-wrapper '__getattribute__' of attributeSetter object at 0x7fda6850ca90>, gamma=None, gammaErrorPolicy='raise', lms=UNKNOWN, monitor=<psychopy.monitors.calibTools.Monitor object at 0x7fda77eb9550>, multiSample=False, name='window1', numSamples=2, pos=[360.0, 225.0], screen=0, size=array([2880, 1800]), stencilBits=0, stereo=False, units='height', useFBO=True, useRetina=True, viewOri=0.0, viewPos=None, viewScale=None, waitBlanking=True, winType='pyglet')
4.6033 	EXP 	window1: mouseVisible = True
4.6034 	EXP 	window1: recordFrameIntervals = False
4.7689 	EXP 	window1: recordFrameIntervals = True
4.9527 	EXP 	window1: recordFrameIntervals = False
5.5801 	EXP 	Created text_6 = TextStim(__class__=<class 'psychopy.visual.text.TextStim'>, alignHoriz=method-wrapper(...), alignText='center', alignVert=method-wrapper(...), anchorHoriz='center', anchorVert='center', antialias=True, autoLog=True, bold=False, color=array([1., 1., 1.]), colorSpace='rgb', contrast=1.0, depth=0.0, flipHoriz=False, flipVert=False, font='Open Sans', fontFiles=[], height=0.04, italic=False, languageStyle='LTR', name='text_6', opacity=1, ori=0.0, pos=array([0., 0.]), rgb=UNKNOWN, text=str(...), units='height', win=Window(...), wrapWidth=1)
5.7770 	EXP 	window1: mouseVisible = True
5.7826 	EXP 	window1: mouseVisible = True
5.7883 	EXP 	window1: mouseVisible = True
5.8266 	EXP 	Sound stimulus_3 set volume 1.000
5.8348 	EXP 	window1: mouseVisible = True
5.8432 	EXP 	window1: mouseVisible = True
5.8531 	EXP 	Created ins_3 = TextStim(__class__=<class 'psychopy.visual.text.TextStim'>, alignHoriz=method-wrapper(...), alignText='center', alignVert=method-wrapper(...), anchorHoriz='center', anchorVert='center', antialias=True, autoLog=True, bold=False, color=array([1., 1., 1.]), colorSpace='rgb', contrast=1.0, depth=-6.0, flipHoriz=False, flipVert=False, font='Open Sans', fontFiles=[], height=0.05, italic=False, languageStyle='LTR', name='ins_3', opacity=1, ori=0.0, pos=array([0.  , 0.35]), rgb=UNKNOWN, text=str(...), units='height', win=Window(...), wrapWidth=1)
5.8568 	EXP 	Created cross_3 = TextStim(__class__=<class 'psychopy.visual.text.TextStim'>, alignHoriz=method-wrapper(...), alignText='center', alignVert=method-wrapper(...), anchorHoriz='center', anchorVert='center', antialias=True, autoLog=True, bold=False, color=array([1., 1., 1.]), colorSpace='rgb', contrast=1.0, depth=-7.0, flipHoriz=False, flipVert=False, font='Open Sans', fontFiles=[], height=0.1, italic=False, languageStyle='LTR', name='cross_3', opacity=1, ori=0.0, pos=array([0., 0.]), rgb=UNKNOWN, text='+', units='height', win=Window(...), wrapWidth=1)
5.8593 	EXP 	window1: mouseVisible = True
5.8615 	EXP 	window1: mouseVisible = True
5.8743 	EXP 	window1: mouseVisible = True
5.8802 	EXP 	Created slider_2 = Slider(__class__=<class 'psychopy.visual.slider.Slider'>, autoDraw=False, autoLog=True, borderColor=None, color=None, colorSpace='rgb', depth=0, fillColor=None, flip=False, font='Open Sans', granularity=0.0, labelHeight=0.05, labelWrapWidth=None, labels=None, name='slider_2', opacity=None, pos=(0, 0), readOnly=False, self=UNKNOWN, size=(1.0, 0.1), startValue=None, style=method-wrapper(...), styleTweaks=method-wrapper(...), ticks=array([1, 2, 3, 4, 5, 6, 7]), units='height', win=Window(...))
5.8930 	EXP 	Created top_ins_2 = TextStim(__class__=<class 'psychopy.visual.text.TextStim'>, alignHoriz=method-wrapper(...), alignText='center', alignVert=method-wrapper(...), anchorHoriz='center', anchorVert='center', antialias=True, autoLog=True, bold=False, color=array([1., 1., 1.]), colorSpace='rgb', contrast=1.0, depth=-1.0, flipHoriz=False, flipVert=False, font='Open Sans', fontFiles=[], height=0.05, italic=False, languageStyle='LTR', name='top_ins_2', opacity=1, ori=0.0, pos=array([0. , 0.4]), rgb=UNKNOWN, text=str(...), units='height', win=Window(...), wrapWidth=1)
5.9023 	EXP 	Created bottom_ins_2 = TextStim(__class__=<class 'psychopy.visual.text.TextStim'>, alignHoriz=method-wrapper(...), alignText='center', alignVert=method-wrapper(...), anchorHoriz='center', anchorVert='center', antialias=True, autoLog=True, bold=False, color=array([1., 1., 1.]), colorSpace='rgb', contrast=1.0, depth=-2.0, flipHoriz=False, flipVert=False, font='Open Sans', fontFiles=[], height=0.04, italic=False, languageStyle='LTR', name='bottom_ins_2', opacity=1, ori=0.0, pos=array([ 0. , -0.4]), rgb=UNKNOWN, text=str(...), units='height', win=Window(...), wrapWidth=1)
5.9068 	EXP 	Created text_4 = TextStim(__class__=<class 'psychopy.visual.text.TextStim'>, alignHoriz=method-wrapper(...), alignText='center', alignVert=method-wrapper(...), anchorHoriz='center', anchorVert='center', antialias=True, autoLog=True, bold=False, color=array([1., 1., 1.]), colorSpace='rgb', contrast=1.0, depth=-3.0, flipHoriz=False, flipVert=False, font='Open Sans', fontFiles=[], height=0.03, italic=False, languageStyle='LTR', name='text_4', opacity=1, ori=0.0, pos=array([ 0.45, -0.1 ]), rgb=UNKNOWN, text='Perfect fit', units='height', win=Window(...), wrapWidth=1)
5.9126 	EXP 	Created text_5 = TextStim(__class__=<class 'psychopy.visual.text.TextStim'>, alignHoriz=method-wrapper(...), alignText='center', alignVert=method-wrapper(...), anchorHoriz='center', anchorVert='center', antialias=True, autoLog=True, bold=False, color=array([1., 1., 1.]), colorSpace='rgb', contrast=1.0, depth=-4.0, flipHoriz=False, flipVert=False, font='Open Sans', fontFiles=[], height=0.03, italic=False, languageStyle='LTR', name='text_5', opacity=1, ori=0.0, pos=array([-0.45, -0.1 ]), rgb=UNKNOWN, text='Does not fit at a all', units='height', win=Window(...), wrapWidth=1)
6.1134 	EXP 	Created text_7 = TextStim(__class__=<class 'psychopy.visual.text.TextStim'>, alignHoriz=method-wrapper(...), alignText='center', alignVert=method-wrapper(...), anchorHoriz='center', anchorVert='center', antialias=True, autoLog=True, bold=False, color=array([1., 1., 1.]), colorSpace='rgb', contrast=1.0, depth=-1.0, flipHoriz=False, flipVert=False, font='Open Sans', fontFiles=[], height=0.1, italic=False, languageStyle='LTR', name='text_7', opacity=1, ori=0.0, pos=array([0., 0.]), rgb=UNKNOWN, text=str(...), units='height', win=Window(...), wrapWidth=1)
6.1134 	EXP 	Sound stimulus_4 set volume 1.000
6.1240 	EXP 	Created ins_4 = TextStim(__class__=<class 'psychopy.visual.text.TextStim'>, alignHoriz=method-wrapper(...), alignText='center', alignVert=method-wrapper(...), anchorHoriz='center', anchorVert='center', antialias=True, autoLog=True, bold=False, color=array([1., 1., 1.]), colorSpace='rgb', contrast=1.0, depth=-1.0, flipHoriz=False, flipVert=False, font='Open Sans', fontFiles=[], height=0.05, italic=False, languageStyle='LTR', name='ins_4', opacity=1, ori=0.0, pos=array([0.  , 0.35]), rgb=UNKNOWN, text=str(...), units='height', win=Window(...), wrapWidth=1)
6.1260 	EXP 	Created cross_4 = TextStim(__class__=<class 'psychopy.visual.text.TextStim'>, alignHoriz=method-wrapper(...), alignText='center', alignVert=method-wrapper(...), anchorHoriz='center', anchorVert='center', antialias=True, autoLog=True, bold=False, color=array([1., 1., 1.]), colorSpace='rgb', contrast=1.0, depth=-2.0, flipHoriz=False, flipVert=False, font='Open Sans', fontFiles=[], height=0.1, italic=False, languageStyle='LTR', name='cross_4', opacity=1, ori=0.0, pos=array([0., 0.]), rgb=UNKNOWN, text='+', units='height', win=Window(...), wrapWidth=1)
6.1294 	EXP 	Created seek_text = TextStim(__class__=<class 'psychopy.visual.text.TextStim'>, alignHoriz=method-wrapper(...), alignText='center', alignVert=method-wrapper(...), anchorHoriz='center', anchorVert='center', antialias=True, autoLog=True, bold=False, color=array([ 0.60784314, -0.27843137, -0.27843137]), colorSpace='rgb', contrast=1.0, depth=-3.0, flipHoriz=False, flipVert=False, font='Open Sans', fontFiles=[], height=0.05, italic=False, languageStyle='LTR', name='seek_text', opacity=1, ori=0.0, pos=array([-0.5,  0.2]), rgb=UNKNOWN, text='seek (q)', units='height', win=Window(...), wrapWidth=1)
6.1314 	EXP 	Created sock_text = TextStim(__class__=<class 'psychopy.visual.text.TextStim'>, alignHoriz=method-wrapper(...), alignText='center', alignVert=method-wrapper(...), anchorHoriz='center', anchorVert='center', antialias=True, autoLog=True, bold=False, color=array([1., 1., 1.]), colorSpace='rgb', contrast=1.0, depth=-4.0, flipHoriz=False, flipVert=False, font='Open Sans', fontFiles=[], height=0.05, italic=False, languageStyle='LTR', name='sock_text', opacity=1, ori=0.0, pos=array([0. , 0.2]), rgb=UNKNOWN, text='sock (y)', units='height', win=Window(...), wrapWidth=1)
6.1335 	EXP 	Created such_text = TextStim(__class__=<class 'psychopy.visual.text.TextStim'>, alignHoriz=method-wrapper(...), alignText='center', alignVert=method-wrapper(...), anchorHoriz='center', anchorVert='center', antialias=True, autoLog=True, bold=False, color=array([1., 1., 1.]), colorSpace='rgb', contrast=1.0, depth=-5.0, flipHoriz=False, flipVert=False, font='Open Sans', fontFiles=[], height=0.05, italic=False, languageStyle='LTR', name='such_text', opacity=1, ori=0.0, pos=array([0.5, 0.2]), rgb=UNKNOWN, text='such (p)', units='height', win=Window(...), wrapWidth=1)
6.1357 	EXP 	Created soon_text = TextStim(__class__=<class 'psychopy.visual.text.TextStim'>, alignHoriz=method-wrapper(...), alignText='center', alignVert=method-wrapper(...), anchorHoriz='center', anchorVert='center', antialias=True, autoLog=True, bold=False, color=array([1., 1., 1.]), colorSpace='rgb', contrast=1.0, depth=-6.0, flipHoriz=False, flipVert=False, font='Open Sans', fontFiles=[], height=0.05, italic=False, languageStyle='LTR', name='soon_text', opacity=1, ori=0.0, pos=array([0., 0.]), rgb=UNKNOWN, text='soon (g)', units='height', win=Window(...), wrapWidth=1)
6.1381 	EXP 	Created sin_text = TextStim(__class__=<class 'psychopy.visual.text.TextStim'>, alignHoriz=method-wrapper(...), alignText='center', alignVert=method-wrapper(...), anchorHoriz='center', anchorVert='center', antialias=True, autoLog=True, bold=False, color=array([1., 1., 1.]), colorSpace='rgb', contrast=1.0, depth=-7.0, flipHoriz=False, flipVert=False, font='Open Sans', fontFiles=[], height=0.05, italic=False, languageStyle='LTR', name='sin_text', opacity=1, ori=0.0, pos=array([-0.5, -0.2]), rgb=UNKNOWN, text='sin (z)', units='height', win=Window(...), wrapWidth=1)
6.1408 	EXP 	Created son_text = TextStim(__class__=<class 'psychopy.visual.text.TextStim'>, alignHoriz=method-wrapper(...), alignText='center', alignVert=method-wrapper(...), anchorHoriz='center', anchorVert='center', antialias=True, autoLog=True, bold=False, color=array([1., 1., 1.]), colorSpace='rgb', contrast=1.0, depth=-8.0, flipHoriz=False, flipVert=False, font='Open Sans', fontFiles=[], height=0.05, italic=False, languageStyle='LTR', name='son_text', opacity=1, ori=0.0, pos=array([ 0.5, -0.2]), rgb=UNKNOWN, text='son (spanish; m)', units='height', win=Window(...), wrapWidth=1)
6.1426 	EXP 	Created su_text = TextStim(__class__=<class 'psychopy.visual.text.TextStim'>, alignHoriz=method-wrapper(...), alignText='center', alignVert=method-wrapper(...), anchorHoriz='center', anchorVert='center', antialias=True, autoLog=True, bold=False, color=array([1., 1., 1.]), colorSpace='rgb', contrast=1.0, depth=-9.0, flipHoriz=False, flipVert=False, font='Open Sans', fontFiles=[], height=0.05, italic=False, languageStyle='LTR', name='su_text', opacity=1, ori=0.0, pos=array([ 0. , -0.2]), rgb=UNKNOWN, text='su (v)', units='height', win=Window(...), wrapWidth=1)
6.1471 	EXP 	window1: mouseVisible = True
6.1525 	EXP 	Created slider = Slider(__class__=<class 'psychopy.visual.slider.Slider'>, autoDraw=False, autoLog=True, borderColor=None, color=None, colorSpace='rgb', depth=0, fillColor=None, flip=False, font='Open Sans', granularity=0.0, labelHeight=0.05, labelWrapWidth=None, labels=None, name='slider', opacity=None, pos=(0, 0), readOnly=False, self=UNKNOWN, size=(1.0, 0.1), startValue=None, style=method-wrapper(...), styleTweaks=method-wrapper(...), ticks=array([1, 2, 3, 4, 5, 6, 7]), units='height', win=Window(...))
6.1598 	EXP 	Created top_ins = TextStim(__class__=<class 'psychopy.visual.text.TextStim'>, alignHoriz=method-wrapper(...), alignText='center', alignVert=method-wrapper(...), anchorHoriz='center', anchorVert='center', antialias=True, autoLog=True, bold=False, color=array([1., 1., 1.]), colorSpace='rgb', contrast=1.0, depth=-1.0, flipHoriz=False, flipVert=False, font='Open Sans', fontFiles=[], height=0.05, italic=False, languageStyle='LTR', name='top_ins', opacity=1, ori=0.0, pos=array([0. , 0.4]), rgb=UNKNOWN, text=str(...), units='height', win=Window(...), wrapWidth=1)
6.1673 	EXP 	Created bottom_ins = TextStim(__class__=<class 'psychopy.visual.text.TextStim'>, alignHoriz=method-wrapper(...), alignText='center', alignVert=method-wrapper(...), anchorHoriz='center', anchorVert='center', antialias=True, autoLog=True, bold=False, color=array([1., 1., 1.]), colorSpace='rgb', contrast=1.0, depth=-2.0, flipHoriz=False, flipVert=False, font='Open Sans', fontFiles=[], height=0.04, italic=False, languageStyle='LTR', name='bottom_ins', opacity=1, ori=0.0, pos=array([ 0. , -0.4]), rgb=UNKNOWN, text=str(...), units='height', win=Window(...), wrapWidth=1)
6.1714 	EXP 	Created text_2 = TextStim(__class__=<class 'psychopy.visual.text.TextStim'>, alignHoriz=method-wrapper(...), alignText='center', alignVert=method-wrapper(...), anchorHoriz='center', anchorVert='center', antialias=True, autoLog=True, bold=False, color=array([1., 1., 1.]), colorSpace='rgb', contrast=1.0, depth=-3.0, flipHoriz=False, flipVert=False, font='Open Sans', fontFiles=[], height=0.03, italic=False, languageStyle='LTR', name='text_2', opacity=1, ori=0.0, pos=array([ 0.45, -0.1 ]), rgb=UNKNOWN, text='Perfect fit', units='height', win=Window(...), wrapWidth=1)
6.1770 	EXP 	Created text_3 = TextStim(__class__=<class 'psychopy.visual.text.TextStim'>, alignHoriz=method-wrapper(...), alignText='center', alignVert=method-wrapper(...), anchorHoriz='center', anchorVert='center', antialias=True, autoLog=True, bold=False, color=array([1., 1., 1.]), colorSpace='rgb', contrast=1.0, depth=-4.0, flipHoriz=False, flipVert=False, font='Open Sans', fontFiles=[], height=0.03, italic=False, languageStyle='LTR', name='text_3', opacity=1, ori=0.0, pos=array([-0.45, -0.1 ]), rgb=UNKNOWN, text='Does not fit at a all', units='height', win=Window(...), wrapWidth=1)
6.3759 	EXP 	Created text = TextStim(__class__=<class 'psychopy.visual.text.TextStim'>, alignHoriz=method-wrapper(...), alignText='center', alignVert=method-wrapper(...), anchorHoriz='center', anchorVert='center', antialias=True, autoLog=True, bold=False, color=array([1., 1., 1.]), colorSpace='rgb', contrast=1.0, depth=-1.0, flipHoriz=False, flipVert=False, font='Open Sans', fontFiles=[], height=0.1, italic=False, languageStyle='LTR', name='text', opacity=1, ori=0.0, pos=array([0., 0.]), rgb=UNKNOWN, text=str(...), units='height', win=Window(...), wrapWidth=1)
6.3871 	EXP 	slider_2: autoLog = True
6.3871 	EXP 	slider_2: markerPos = None
6.3871 	EXP 	slider_2: rating = None
6.3871 	EXP 	slider_2: markerPos = None
6.3871 	EXP 	slider_2: contrast = 1.0
6.3871 	EXP 	slider_2: autoLog = True
6.3871 	EXP 	slider_2: styleTweaks = []
6.3871 	EXP 	slider_2: style = 'rating'
6.3871 	EXP 	slider_2: styleTweaks = ['triangleMarker']
6.3871 	EXP 	slider: autoLog = True
6.3871 	EXP 	slider: markerPos = None
6.3871 	EXP 	slider: rating = None
6.3871 	EXP 	slider: markerPos = None
6.3871 	EXP 	slider: contrast = 1.0
6.3871 	EXP 	slider: autoLog = True
6.3871 	EXP 	slider: styleTweaks = []
6.3871 	EXP 	slider: style = 'rating'
6.3871 	EXP 	slider: styleTweaks = ['triangleMarker']
6.3871 	EXP 	text_6: autoDraw = True
6.9448 	EXP 	Imported stim/practice.csv as conditions, 2 conditions, 1 params
6.9454 	EXP 	Created sequence: random, trialTypes=2, nReps=1, seed=None
6.9456 	EXP 	New trial (rep=0, index=0): OrderedDict([('stim', 'stim/sis.wav')])
6.9527 	DATA 	Keypress: space
6.9578 	EXP 	text_6: autoDraw = False
6.9578 	EXP 	cross_3: autoDraw = True
7.4611 	EXP 	ins_3: autoDraw = True
7.4770 	EXP 	cross_3: autoDraw = False
7.7118 	DATA 	Mouse: Left button down, pos=(575,587)
7.8127 	DATA 	Mouse:  Left button up, pos=(575,587)
8.0951 	DATA 	Mouse: Left button down, pos=(577,618)
8.1205 	EXP 	ins_3: autoDraw = False
8.1205 	EXP 	cross_3: autoDraw = False
8.1205 	EXP 	slider_2: markerPos = None
8.1205 	EXP 	slider_2: markerPos = None
8.1205 	EXP 	slider_2: rating = None
8.1205 	EXP 	slider_2: autoDraw = True
8.1205 	EXP 	top_ins_2: autoDraw = True
8.1205 	EXP 	bottom_ins_2: autoDraw = True
8.1205 	EXP 	text_4: autoDraw = True
8.1205 	EXP 	text_5: autoDraw = True
8.1692 	DATA 	Mouse:  Left button up, pos=(577,618)
8.7032 	DATA 	Mouse: Left button down, pos=(604,516)
8.8026 	DATA 	Mouse:  Left button up, pos=(604,516)
9.0359 	DATA 	Mouse: Left button down, pos=(612,445)
9.0529 	EXP 	slider_2: markerPos = 3.2800000000000002
9.0689 	EXP 	slider_2: markerPos = 3.2800000000000002
9.0860 	EXP 	slider_2: markerPos = 3.2800000000000002
9.1024 	EXP 	slider_2: markerPos = 3.2800000000000002
9.1196 	EXP 	slider_2: markerPos = 3.2800000000000002
9.1200 	DATA 	Mouse:  Left button up, pos=(612,445)
9.1355 	EXP 	slider_2: markerPos = 3.2800000000000002
9.1355 	EXP 	slider_2: rating = 3.2800000000000002
9.1380 	EXP 	New trial (rep=0, index=1): OrderedDict([('stim', 'stim/sos.wav')])
9.1520 	EXP 	slider_2: autoDraw = False
9.1520 	EXP 	top_ins_2: autoDraw = False
9.1520 	EXP 	bottom_ins_2: autoDraw = False
9.1520 	EXP 	text_4: autoDraw = False
9.1520 	EXP 	text_5: autoDraw = False
9.1520 	EXP 	cross_3: autoDraw = True
9.6368 	EXP 	ins_3: autoDraw = True
9.6535 	EXP 	cross_3: autoDraw = False
10.4452 	DATA 	Mouse: Left button down, pos=(657,258)
10.4686 	EXP 	ins_3: autoDraw = False
10.4686 	EXP 	cross_3: autoDraw = False
10.4686 	EXP 	slider_2: markerPos = None
10.4686 	EXP 	slider_2: markerPos = None
10.4686 	EXP 	slider_2: rating = None
10.4686 	EXP 	slider_2: autoDraw = True
10.4686 	EXP 	top_ins_2: autoDraw = True
10.4686 	EXP 	bottom_ins_2: autoDraw = True
10.4686 	EXP 	text_4: autoDraw = True
10.4686 	EXP 	text_5: autoDraw = True
10.5859 	DATA 	Mouse:  Left button up, pos=(657,257)
11.2528 	DATA 	Mouse: Left button down, pos=(799,528)
11.4031 	DATA 	Mouse:  Left button up, pos=(799,528)
11.6025 	DATA 	Mouse: Left button down, pos=(799,482)
11.6187 	EXP 	slider_2: markerPos = 4.526666666666666
11.6356 	EXP 	slider_2: markerPos = 4.526666666666666
11.6517 	EXP 	slider_2: markerPos = 4.526666666666666
11.6688 	EXP 	slider_2: markerPos = 4.526666666666666
11.6855 	EXP 	slider_2: markerPos = 4.526666666666666
11.7022 	EXP 	slider_2: markerPos = 4.526666666666666
11.7187 	EXP 	slider_2: markerPos = 4.526666666666666
11.7237 	DATA 	Mouse:  Left button up, pos=(799,482)
11.7354 	EXP 	slider_2: markerPos = 4.526666666666666
11.7519 	EXP 	slider_2: markerPos = 4.526666666666666
11.7519 	EXP 	slider_2: rating = 4.526666666666666
11.7690 	EXP 	slider_2: autoDraw = False
11.7690 	EXP 	top_ins_2: autoDraw = False
11.7690 	EXP 	bottom_ins_2: autoDraw = False
11.7690 	EXP 	text_4: autoDraw = False
11.7690 	EXP 	text_5: autoDraw = False
11.7690 	EXP 	text_7: autoDraw = True
12.5073 	EXP 	Imported stim/conditions.csv as conditions, 4 conditions, 1 params
12.5076 	EXP 	Created sequence: random, trialTypes=4, nReps=5, seed=None
12.5078 	EXP 	New trial (rep=0, index=0): OrderedDict([('stim', 'stim/sos.wav')])
12.5165 	DATA 	Keypress: space
12.5212 	EXP 	text_7: autoDraw = False
12.5212 	EXP 	cross_4: autoDraw = True
13.0021 	EXP 	ins_4: autoDraw = True
13.0021 	EXP 	seek_text: autoDraw = True
13.0021 	EXP 	sock_text: autoDraw = True
13.0021 	EXP 	such_text: autoDraw = True
13.0021 	EXP 	soon_text: autoDraw = True
13.0021 	EXP 	sin_text: autoDraw = True
13.0021 	EXP 	son_text: autoDraw = True
13.0021 	EXP 	su_text: autoDraw = True
13.0354 	EXP 	cross_4: autoDraw = False
15.9073 	DATA 	Mouse: Left button down, pos=(285,618)
16.0070 	DATA 	Mouse:  Left button up, pos=(285,618)
16.7413 	DATA 	Keypress: escape
16.9188 	EXP 	window1: mouseVisible = True
