0.6094 	WARNING 	We strongly recommend you activate the PTB sound engine in PsychoPy prefs as the preferred audio engine. Its timing is vastly superior. Your prefs are currently set to use ['sounddevice', 'PTB', 'pyo', 'pygame'] (in that order).
4.6626 	EXP 	Created window1 = Window(allowGUI=False, allowStencil=False, autoLog=True, backendConf=UNKNOWN, bitsMode=UNKNOWN, blendMode='avg', bpc=(8, 8, 8), color=array([0, 0, 0]), colorSpace='rgb', depthBits=8, fullscr=<method-wrapper '__getattribute__' of attributeSetter object at 0x7faebefa3a20>, gamma=None, gammaErrorPolicy='raise', lms=UNKNOWN, monitor=<psychopy.monitors.calibTools.Monitor object at 0x7faebe4b24a8>, multiSample=False, name='window1', numSamples=2, pos=[360.0, 225.0], screen=0, size=array([2880, 1800]), stencilBits=0, stereo=False, units='height', useFBO=True, useRetina=True, viewOri=0.0, viewPos=None, viewScale=None, waitBlanking=True, winType='pyglet')
4.6630 	EXP 	window1: mouseVisible = True
4.6630 	EXP 	window1: recordFrameIntervals = False
4.8280 	EXP 	window1: recordFrameIntervals = True
5.0115 	EXP 	window1: recordFrameIntervals = False
5.6269 	EXP 	window1: mouseVisible = True
5.6327 	EXP 	window1: mouseVisible = True
5.6387 	EXP 	window1: mouseVisible = True
5.6817 	EXP 	Sound stimulus set volume 1.000
5.6909 	EXP 	window1: mouseVisible = True
5.6938 	EXP 	window1: mouseVisible = True
5.7301 	EXP 	Created ins = TextStim(__class__=<class 'psychopy.visual.text.TextStim'>, alignHoriz=method-wrapper(...), alignText='center', alignVert=method-wrapper(...), anchorHoriz='center', anchorVert='center', antialias=True, autoLog=True, bold=False, color=array([1., 1., 1.]), colorSpace='rgb', contrast=1.0, depth=-6.0, flipHoriz=False, flipVert=False, font='Open Sans', fontFiles=[], height=0.05, italic=False, languageStyle='LTR', name='ins', opacity=1, ori=0.0, pos=array([0.  , 0.35]), rgb=UNKNOWN, text=str(...), units='height', win=Window(...), wrapWidth=1)
5.9264 	EXP 	Created text = TextStim(__class__=<class 'psychopy.visual.text.TextStim'>, alignHoriz=method-wrapper(...), alignText='center', alignVert=method-wrapper(...), anchorHoriz='center', anchorVert='center', antialias=True, autoLog=True, bold=False, color=array([1., 1., 1.]), colorSpace='rgb', contrast=1.0, depth=-1.0, flipHoriz=False, flipVert=False, font='Open Sans', fontFiles=[], height=0.1, italic=False, languageStyle='LTR', name='text', opacity=1, ori=0.0, pos=array([0., 0.]), rgb=UNKNOWN, text='Thanks! Press SPACE to end.', units='height', win=Window(...), wrapWidth=1)
5.9330 	EXP 	Imported stim/conditions.csv as conditions, 2 conditions, 2 params
5.9336 	EXP 	Created sequence: random, trialTypes=2, nReps=5, seed=None
5.9338 	EXP 	New trial (rep=0, index=0): OrderedDict([('stim', 'stim/o.wav'), ('phone', 'o')])
5.9422 	EXP 	ins: autoDraw = True
11.3524 	DATA 	Mouse: Left button down, pos=(809,258)
11.3652 	EXP 	New trial (rep=0, index=1): OrderedDict([('stim', 'stim/u.wav'), ('phone', 'u')])
11.3779 	EXP 	ins: autoDraw = False
11.3779 	EXP 	ins: autoDraw = True
11.4792 	DATA 	Mouse:  Left button up, pos=(809,258)
14.9857 	DATA 	Mouse: Left button down, pos=(575,274)
14.9974 	EXP 	New trial (rep=1, index=0): OrderedDict([('stim', 'stim/u.wav'), ('phone', 'u')])
15.0116 	EXP 	ins: autoDraw = False
15.0116 	EXP 	ins: autoDraw = True
15.0625 	DATA 	Mouse:  Left button up, pos=(575,274)
17.3688 	DATA 	Mouse: Left button down, pos=(1022,626)
17.3807 	EXP 	New trial (rep=1, index=1): OrderedDict([('stim', 'stim/o.wav'), ('phone', 'o')])
17.3946 	EXP 	ins: autoDraw = False
17.3946 	EXP 	ins: autoDraw = True
17.4626 	DATA 	Mouse:  Left button up, pos=(1022,626)
19.2015 	DATA 	Mouse: Left button down, pos=(686,600)
19.2453 	DATA 	Mouse:  Left button up, pos=(686,599)
19.6954 	DATA 	Mouse: Left button down, pos=(688,630)
19.6983 	EXP 	New trial (rep=2, index=0): OrderedDict([('stim', 'stim/u.wav'), ('phone', 'u')])
19.7116 	EXP 	ins: autoDraw = False
19.7116 	EXP 	ins: autoDraw = True
19.7793 	DATA 	Mouse:  Left button up, pos=(688,630)
22.6580 	DATA 	Keypress: escape
22.9630 	EXP 	window1: mouseVisible = True
