0.5388 	WARNING 	We strongly recommend you activate the PTB sound engine in PsychoPy prefs as the preferred audio engine. Its timing is vastly superior. Your prefs are currently set to use ['sounddevice', 'PTB', 'pyo', 'pygame'] (in that order).
4.7330 	EXP 	Created window1 = Window(allowGUI=False, allowStencil=False, autoLog=True, backendConf=UNKNOWN, bitsMode=UNKNOWN, blendMode='avg', bpc=(8, 8, 8), color=array([0, 0, 0]), colorSpace='rgb', depthBits=8, fullscr=<method-wrapper '__getattribute__' of attributeSetter object at 0x7fa985e4bac8>, gamma=None, gammaErrorPolicy='raise', lms=UNKNOWN, monitor=<psychopy.monitors.calibTools.Monitor object at 0x7fa9b133d6a0>, multiSample=False, name='window1', numSamples=2, pos=[360.0, 225.0], screen=0, size=array([2880, 1800]), stencilBits=0, stereo=False, units='height', useFBO=True, useRetina=True, viewOri=0.0, viewPos=None, viewScale=None, waitBlanking=True, winType='pyglet')
4.7332 	EXP 	window1: mouseVisible = True
4.7332 	EXP 	window1: recordFrameIntervals = False
4.8992 	EXP 	window1: recordFrameIntervals = True
5.0828 	EXP 	window1: recordFrameIntervals = False
5.6543 	EXP 	window1: mouseVisible = True
5.6602 	EXP 	window1: mouseVisible = True
5.6663 	EXP 	window1: mouseVisible = True
5.7041 	EXP 	Sound stimulus set volume 1.000
5.7123 	EXP 	window1: mouseVisible = True
5.7148 	EXP 	window1: mouseVisible = True
5.7486 	EXP 	Created ins = TextStim(__class__=<class 'psychopy.visual.text.TextStim'>, alignHoriz=method-wrapper(...), alignText='center', alignVert=method-wrapper(...), anchorHoriz='center', anchorVert='center', antialias=True, autoLog=True, bold=False, color=array([1., 1., 1.]), colorSpace='rgb', contrast=1.0, depth=-6.0, flipHoriz=False, flipVert=False, font='Open Sans', fontFiles=[], height=0.05, italic=False, languageStyle='LTR', name='ins', opacity=1, ori=0.0, pos=array([0.  , 0.35]), rgb=UNKNOWN, text=str(...), units='height', win=Window(...), wrapWidth=1)
5.7516 	EXP 	Created cross = TextStim(__class__=<class 'psychopy.visual.text.TextStim'>, alignHoriz=method-wrapper(...), alignText='center', alignVert=method-wrapper(...), anchorHoriz='center', anchorVert='center', antialias=True, autoLog=True, bold=False, color=array([1., 1., 1.]), colorSpace='rgb', contrast=1.0, depth=-7.0, flipHoriz=False, flipVert=False, font='Open Sans', fontFiles=[], height=0.1, italic=False, languageStyle='LTR', name='cross', opacity=1, ori=0.0, pos=array([0., 0.]), rgb=UNKNOWN, text='+', units='height', win=Window(...), wrapWidth=1)
5.7641 	EXP 	window1: mouseVisible = True
5.7700 	EXP 	Created slider = Slider(__class__=<class 'psychopy.visual.slider.Slider'>, autoDraw=False, autoLog=True, borderColor=None, color=None, colorSpace='rgb', depth=0, fillColor=None, flip=False, font='Open Sans', granularity=0.0, labelHeight=0.05, labelWrapWidth=None, labels=None, name='slider', opacity=None, pos=(0, 0), readOnly=False, self=UNKNOWN, size=(1.0, 0.1), startValue=None, style=method-wrapper(...), styleTweaks=method-wrapper(...), ticks=array([1, 2, 3, 4, 5, 6, 7]), units='height', win=Window(...))
5.7813 	EXP 	Created top_ins = TextStim(__class__=<class 'psychopy.visual.text.TextStim'>, alignHoriz=method-wrapper(...), alignText='center', alignVert=method-wrapper(...), anchorHoriz='center', anchorVert='center', antialias=True, autoLog=True, bold=False, color=array([1., 1., 1.]), colorSpace='rgb', contrast=1.0, depth=-1.0, flipHoriz=False, flipVert=False, font='Open Sans', fontFiles=[], height=0.05, italic=False, languageStyle='LTR', name='top_ins', opacity=1, ori=0.0, pos=array([0. , 0.4]), rgb=UNKNOWN, text=str(...), units='height', win=Window(...), wrapWidth=1)
5.7931 	EXP 	Created bottom_ins = TextStim(__class__=<class 'psychopy.visual.text.TextStim'>, alignHoriz=method-wrapper(...), alignText='center', alignVert=method-wrapper(...), anchorHoriz='center', anchorVert='center', antialias=True, autoLog=True, bold=False, color=array([1., 1., 1.]), colorSpace='rgb', contrast=1.0, depth=-2.0, flipHoriz=False, flipVert=False, font='Open Sans', fontFiles=[], height=0.04, italic=False, languageStyle='LTR', name='bottom_ins', opacity=1, ori=0.0, pos=array([ 0. , -0.4]), rgb=UNKNOWN, text=str(...), units='height', win=Window(...), wrapWidth=1)
5.7990 	EXP 	Created text_2 = TextStim(__class__=<class 'psychopy.visual.text.TextStim'>, alignHoriz=method-wrapper(...), alignText='center', alignVert=method-wrapper(...), anchorHoriz='center', anchorVert='center', antialias=True, autoLog=True, bold=False, color=array([1., 1., 1.]), colorSpace='rgb', contrast=1.0, depth=-3.0, flipHoriz=False, flipVert=False, font='Open Sans', fontFiles=[], height=0.02, italic=False, languageStyle='LTR', name='text_2', opacity=1, ori=0.0, pos=array([ 0.4, -0.1]), rgb=UNKNOWN, text='Perfect fit', units='height', win=Window(...), wrapWidth=1)
5.9914 	EXP 	Created text = TextStim(__class__=<class 'psychopy.visual.text.TextStim'>, alignHoriz=method-wrapper(...), alignText='center', alignVert=method-wrapper(...), anchorHoriz='center', anchorVert='center', antialias=True, autoLog=True, bold=False, color=array([1., 1., 1.]), colorSpace='rgb', contrast=1.0, depth=-1.0, flipHoriz=False, flipVert=False, font='Open Sans', fontFiles=[], height=0.1, italic=False, languageStyle='LTR', name='text', opacity=1, ori=0.0, pos=array([0., 0.]), rgb=UNKNOWN, text='Thanks! Press SPACE to end.', units='height', win=Window(...), wrapWidth=1)
5.9986 	EXP 	Imported stim/conditions.csv as conditions, 2 conditions, 2 params
5.9991 	EXP 	Created sequence: random, trialTypes=2, nReps=5, seed=None
5.9993 	EXP 	New trial (rep=0, index=0): OrderedDict([('stim', 'stim/u.wav'), ('phone', 'u')])
6.0081 	EXP 	slider: autoLog = True
6.0081 	EXP 	slider: markerPos = None
6.0081 	EXP 	slider: rating = None
6.0081 	EXP 	slider: markerPos = None
6.0081 	EXP 	slider: contrast = 1.0
6.0081 	EXP 	slider: autoLog = True
6.0081 	EXP 	slider: styleTweaks = []
6.0081 	EXP 	slider: style = 'rating'
6.0081 	EXP 	slider: styleTweaks = ['triangleMarker']
6.0081 	EXP 	cross: autoDraw = True
6.5025 	EXP 	ins: autoDraw = True
6.5158 	EXP 	cross: autoDraw = False
7.5237 	DATA 	Mouse: Left button down, pos=(570,632)
7.5495 	EXP 	ins: autoDraw = False
7.5495 	EXP 	cross: autoDraw = False
7.5495 	EXP 	slider: markerPos = None
7.5495 	EXP 	slider: markerPos = None
7.5495 	EXP 	slider: rating = None
7.5495 	EXP 	slider: autoDraw = True
7.5495 	EXP 	top_ins: autoDraw = True
7.5495 	EXP 	bottom_ins: autoDraw = True
7.5495 	EXP 	text_2: autoDraw = True
7.5992 	DATA 	Mouse:  Left button up, pos=(571,633)
18.1518 	DATA 	Mouse: Left button down, pos=(27,852)
18.2333 	DATA 	Mouse:  Left button up, pos=(27,852)
19.3218 	DATA 	Keypress: escape
19.6010 	EXP 	window1: mouseVisible = True
