0.6417 	WARNING 	We strongly recommend you activate the PTB sound engine in PsychoPy prefs as the preferred audio engine. Its timing is vastly superior. Your prefs are currently set to use ['sounddevice', 'PTB', 'pyo', 'pygame'] (in that order).
5.0493 	EXP 	Created window1 = Window(allowGUI=False, allowStencil=False, autoLog=True, backendConf=UNKNOWN, bitsMode=UNKNOWN, blendMode='avg', bpc=(8, 8, 8), color=array([0, 0, 0]), colorSpace='rgb', depthBits=8, fullscr=<method-wrapper '__getattribute__' of attributeSetter object at 0x7fe005a3ca90>, gamma=None, gammaErrorPolicy='raise', lms=UNKNOWN, monitor=<psychopy.monitors.calibTools.Monitor object at 0x7fe00513c550>, multiSample=False, name='window1', numSamples=2, pos=[360.0, 225.0], screen=0, size=array([2880, 1800]), stencilBits=0, stereo=False, units='height', useFBO=True, useRetina=True, viewOri=0.0, viewPos=None, viewScale=None, waitBlanking=True, winType='pyglet')
5.0495 	EXP 	window1: mouseVisible = True
5.0495 	EXP 	window1: recordFrameIntervals = False
5.2149 	EXP 	window1: recordFrameIntervals = True
5.3992 	EXP 	window1: recordFrameIntervals = False
6.0293 	EXP 	Created text_6 = TextStim(__class__=<class 'psychopy.visual.text.TextStim'>, alignHoriz=method-wrapper(...), alignText='center', alignVert=method-wrapper(...), anchorHoriz='center', anchorVert='center', antialias=True, autoLog=True, bold=False, color=array([1., 1., 1.]), colorSpace='rgb', contrast=1.0, depth=0.0, flipHoriz=False, flipVert=False, font='Open Sans', fontFiles=[], height=0.04, italic=False, languageStyle='LTR', name='text_6', opacity=1, ori=0.0, pos=array([0., 0.]), rgb=UNKNOWN, text=str(...), units='height', win=Window(...), wrapWidth=1)
6.2307 	EXP 	window1: mouseVisible = True
6.2365 	EXP 	window1: mouseVisible = True
6.2422 	EXP 	window1: mouseVisible = True
6.2787 	EXP 	Sound stimulus_3 set volume 1.000
6.2871 	EXP 	window1: mouseVisible = True
6.2964 	EXP 	window1: mouseVisible = True
6.3060 	EXP 	Created ins_3 = TextStim(__class__=<class 'psychopy.visual.text.TextStim'>, alignHoriz=method-wrapper(...), alignText='center', alignVert=method-wrapper(...), anchorHoriz='center', anchorVert='center', antialias=True, autoLog=True, bold=False, color=array([1., 1., 1.]), colorSpace='rgb', contrast=1.0, depth=-6.0, flipHoriz=False, flipVert=False, font='Open Sans', fontFiles=[], height=0.05, italic=False, languageStyle='LTR', name='ins_3', opacity=1, ori=0.0, pos=array([0.  , 0.35]), rgb=UNKNOWN, text=str(...), units='height', win=Window(...), wrapWidth=1)
6.3097 	EXP 	Created cross_3 = TextStim(__class__=<class 'psychopy.visual.text.TextStim'>, alignHoriz=method-wrapper(...), alignText='center', alignVert=method-wrapper(...), anchorHoriz='center', anchorVert='center', antialias=True, autoLog=True, bold=False, color=array([1., 1., 1.]), colorSpace='rgb', contrast=1.0, depth=-7.0, flipHoriz=False, flipVert=False, font='Open Sans', fontFiles=[], height=0.1, italic=False, languageStyle='LTR', name='cross_3', opacity=1, ori=0.0, pos=array([0., 0.]), rgb=UNKNOWN, text='+', units='height', win=Window(...), wrapWidth=1)
6.3122 	EXP 	window1: mouseVisible = True
6.3144 	EXP 	window1: mouseVisible = True
6.3272 	EXP 	window1: mouseVisible = True
6.3328 	EXP 	Created slider_2 = Slider(__class__=<class 'psychopy.visual.slider.Slider'>, autoDraw=False, autoLog=True, borderColor=None, color=None, colorSpace='rgb', depth=0, fillColor=None, flip=False, font='Open Sans', granularity=0.0, labelHeight=0.05, labelWrapWidth=None, labels=None, name='slider_2', opacity=None, pos=(0, 0), readOnly=False, self=UNKNOWN, size=(1.0, 0.1), startValue=None, style=method-wrapper(...), styleTweaks=method-wrapper(...), ticks=array([1, 2, 3, 4, 5, 6, 7]), units='height', win=Window(...))
6.3458 	EXP 	Created top_ins_2 = TextStim(__class__=<class 'psychopy.visual.text.TextStim'>, alignHoriz=method-wrapper(...), alignText='center', alignVert=method-wrapper(...), anchorHoriz='center', anchorVert='center', antialias=True, autoLog=True, bold=False, color=array([1., 1., 1.]), colorSpace='rgb', contrast=1.0, depth=-1.0, flipHoriz=False, flipVert=False, font='Open Sans', fontFiles=[], height=0.05, italic=False, languageStyle='LTR', name='top_ins_2', opacity=1, ori=0.0, pos=array([0. , 0.4]), rgb=UNKNOWN, text=str(...), units='height', win=Window(...), wrapWidth=1)
6.3551 	EXP 	Created bottom_ins_2 = TextStim(__class__=<class 'psychopy.visual.text.TextStim'>, alignHoriz=method-wrapper(...), alignText='center', alignVert=method-wrapper(...), anchorHoriz='center', anchorVert='center', antialias=True, autoLog=True, bold=False, color=array([1., 1., 1.]), colorSpace='rgb', contrast=1.0, depth=-2.0, flipHoriz=False, flipVert=False, font='Open Sans', fontFiles=[], height=0.04, italic=False, languageStyle='LTR', name='bottom_ins_2', opacity=1, ori=0.0, pos=array([ 0. , -0.4]), rgb=UNKNOWN, text=str(...), units='height', win=Window(...), wrapWidth=1)
6.3596 	EXP 	Created text_4 = TextStim(__class__=<class 'psychopy.visual.text.TextStim'>, alignHoriz=method-wrapper(...), alignText='center', alignVert=method-wrapper(...), anchorHoriz='center', anchorVert='center', antialias=True, autoLog=True, bold=False, color=array([1., 1., 1.]), colorSpace='rgb', contrast=1.0, depth=-3.0, flipHoriz=False, flipVert=False, font='Open Sans', fontFiles=[], height=0.03, italic=False, languageStyle='LTR', name='text_4', opacity=1, ori=0.0, pos=array([ 0.45, -0.1 ]), rgb=UNKNOWN, text='Perfect fit', units='height', win=Window(...), wrapWidth=1)
6.3655 	EXP 	Created text_5 = TextStim(__class__=<class 'psychopy.visual.text.TextStim'>, alignHoriz=method-wrapper(...), alignText='center', alignVert=method-wrapper(...), anchorHoriz='center', anchorVert='center', antialias=True, autoLog=True, bold=False, color=array([1., 1., 1.]), colorSpace='rgb', contrast=1.0, depth=-4.0, flipHoriz=False, flipVert=False, font='Open Sans', fontFiles=[], height=0.03, italic=False, languageStyle='LTR', name='text_5', opacity=1, ori=0.0, pos=array([-0.45, -0.1 ]), rgb=UNKNOWN, text='Does not fit at a all', units='height', win=Window(...), wrapWidth=1)
6.5724 	EXP 	Created text_7 = TextStim(__class__=<class 'psychopy.visual.text.TextStim'>, alignHoriz=method-wrapper(...), alignText='center', alignVert=method-wrapper(...), anchorHoriz='center', anchorVert='center', antialias=True, autoLog=True, bold=False, color=array([1., 1., 1.]), colorSpace='rgb', contrast=1.0, depth=-1.0, flipHoriz=False, flipVert=False, font='Open Sans', fontFiles=[], height=0.1, italic=False, languageStyle='LTR', name='text_7', opacity=1, ori=0.0, pos=array([0., 0.]), rgb=UNKNOWN, text=str(...), units='height', win=Window(...), wrapWidth=1)
6.5725 	EXP 	Sound stimulus_4 set volume 1.000
6.5832 	EXP 	Created ins_4 = TextStim(__class__=<class 'psychopy.visual.text.TextStim'>, alignHoriz=method-wrapper(...), alignText='center', alignVert=method-wrapper(...), anchorHoriz='center', anchorVert='center', antialias=True, autoLog=True, bold=False, color=array([1., 1., 1.]), colorSpace='rgb', contrast=1.0, depth=-1.0, flipHoriz=False, flipVert=False, font='Open Sans', fontFiles=[], height=0.05, italic=False, languageStyle='LTR', name='ins_4', opacity=1, ori=0.0, pos=array([0.  , 0.35]), rgb=UNKNOWN, text=str(...), units='height', win=Window(...), wrapWidth=1)
6.5852 	EXP 	Created cross_4 = TextStim(__class__=<class 'psychopy.visual.text.TextStim'>, alignHoriz=method-wrapper(...), alignText='center', alignVert=method-wrapper(...), anchorHoriz='center', anchorVert='center', antialias=True, autoLog=True, bold=False, color=array([1., 1., 1.]), colorSpace='rgb', contrast=1.0, depth=-2.0, flipHoriz=False, flipVert=False, font='Open Sans', fontFiles=[], height=0.1, italic=False, languageStyle='LTR', name='cross_4', opacity=1, ori=0.0, pos=array([0., 0.]), rgb=UNKNOWN, text='+', units='height', win=Window(...), wrapWidth=1)
6.5887 	EXP 	Created seek_text = TextStim(__class__=<class 'psychopy.visual.text.TextStim'>, alignHoriz=method-wrapper(...), alignText='center', alignVert=method-wrapper(...), anchorHoriz='center', anchorVert='center', antialias=True, autoLog=True, bold=False, color=array([ 1.,  1., -1.]), colorSpace='rgb', contrast=1.0, depth=-3.0, flipHoriz=False, flipVert=False, font='Open Sans', fontFiles=[], height=0.05, italic=False, languageStyle='LTR', name='seek_text', opacity=1, ori=0.0, pos=array([-0.5,  0.2]), rgb=UNKNOWN, text='seek (q)', units='height', win=Window(...), wrapWidth=1)
6.5907 	EXP 	Created sock_text = TextStim(__class__=<class 'psychopy.visual.text.TextStim'>, alignHoriz=method-wrapper(...), alignText='center', alignVert=method-wrapper(...), anchorHoriz='center', anchorVert='center', antialias=True, autoLog=True, bold=False, color=array([-1.        ,  0.00392157, -1.        ]), colorSpace='rgb', contrast=1.0, depth=-4.0, flipHoriz=False, flipVert=False, font='Open Sans', fontFiles=[], height=0.05, italic=False, languageStyle='LTR', name='sock_text', opacity=1, ori=0.0, pos=array([0. , 0.2]), rgb=UNKNOWN, text='sock (y)', units='height', win=Window(...), wrapWidth=1)
6.5928 	EXP 	Created such_text = TextStim(__class__=<class 'psychopy.visual.text.TextStim'>, alignHoriz=method-wrapper(...), alignText='center', alignVert=method-wrapper(...), anchorHoriz='center', anchorVert='center', antialias=True, autoLog=True, bold=False, color=array([1., 1., 1.]), colorSpace='rgb', contrast=1.0, depth=-5.0, flipHoriz=False, flipVert=False, font='Open Sans', fontFiles=[], height=0.05, italic=False, languageStyle='LTR', name='such_text', opacity=1, ori=0.0, pos=array([0.5, 0.2]), rgb=UNKNOWN, text='such (p)', units='height', win=Window(...), wrapWidth=1)
6.5951 	EXP 	Created soon_text = TextStim(__class__=<class 'psychopy.visual.text.TextStim'>, alignHoriz=method-wrapper(...), alignText='center', alignVert=method-wrapper(...), anchorHoriz='center', anchorVert='center', antialias=True, autoLog=True, bold=False, color=array([ 1.        ,  0.09803922, -1.        ]), colorSpace='rgb', contrast=1.0, depth=-6.0, flipHoriz=False, flipVert=False, font='Open Sans', fontFiles=[], height=0.05, italic=False, languageStyle='LTR', name='soon_text', opacity=1, ori=0.0, pos=array([0., 0.]), rgb=UNKNOWN, text='soon (g)', units='height', win=Window(...), wrapWidth=1)
6.5974 	EXP 	Created sin_text = TextStim(__class__=<class 'psychopy.visual.text.TextStim'>, alignHoriz=method-wrapper(...), alignText='center', alignVert=method-wrapper(...), anchorHoriz='center', anchorVert='center', antialias=True, autoLog=True, bold=False, color=array([1., 1., 1.]), colorSpace='rgb', contrast=1.0, depth=-7.0, flipHoriz=False, flipVert=False, font='Open Sans', fontFiles=[], height=0.05, italic=False, languageStyle='LTR', name='sin_text', opacity=1, ori=0.0, pos=array([-0.5, -0.2]), rgb=UNKNOWN, text='sin (z)', units='height', win=Window(...), wrapWidth=1)
6.6001 	EXP 	Created son_text = TextStim(__class__=<class 'psychopy.visual.text.TextStim'>, alignHoriz=method-wrapper(...), alignText='center', alignVert=method-wrapper(...), anchorHoriz='center', anchorVert='center', antialias=True, autoLog=True, bold=False, color=array([1., 1., 1.]), colorSpace='rgb', contrast=1.0, depth=-8.0, flipHoriz=False, flipVert=False, font='Open Sans', fontFiles=[], height=0.05, italic=False, languageStyle='LTR', name='son_text', opacity=1, ori=0.0, pos=array([ 0.5, -0.2]), rgb=UNKNOWN, text='son (spanish; m)', units='height', win=Window(...), wrapWidth=1)
6.6018 	EXP 	Created su_text = TextStim(__class__=<class 'psychopy.visual.text.TextStim'>, alignHoriz=method-wrapper(...), alignText='center', alignVert=method-wrapper(...), anchorHoriz='center', anchorVert='center', antialias=True, autoLog=True, bold=False, color=array([1., 1., 1.]), colorSpace='rgb', contrast=1.0, depth=-9.0, flipHoriz=False, flipVert=False, font='Open Sans', fontFiles=[], height=0.05, italic=False, languageStyle='LTR', name='su_text', opacity=1, ori=0.0, pos=array([ 0. , -0.2]), rgb=UNKNOWN, text='su (v)', units='height', win=Window(...), wrapWidth=1)
6.7950 	EXP 	window1: mouseVisible = True
6.8006 	EXP 	Created slider = Slider(__class__=<class 'psychopy.visual.slider.Slider'>, autoDraw=False, autoLog=True, borderColor=None, color=None, colorSpace='rgb', depth=0, fillColor=None, flip=False, font='Open Sans', granularity=0.0, labelHeight=0.05, labelWrapWidth=None, labels=None, name='slider', opacity=None, pos=(0, 0), readOnly=False, self=UNKNOWN, size=(1.0, 0.1), startValue=None, style=method-wrapper(...), styleTweaks=method-wrapper(...), ticks=array([1, 2, 3, 4, 5, 6, 7]), units='height', win=Window(...))
6.8080 	EXP 	Created top_ins = TextStim(__class__=<class 'psychopy.visual.text.TextStim'>, alignHoriz=method-wrapper(...), alignText='center', alignVert=method-wrapper(...), anchorHoriz='center', anchorVert='center', antialias=True, autoLog=True, bold=False, color=array([1., 1., 1.]), colorSpace='rgb', contrast=1.0, depth=-1.0, flipHoriz=False, flipVert=False, font='Open Sans', fontFiles=[], height=0.05, italic=False, languageStyle='LTR', name='top_ins', opacity=1, ori=0.0, pos=array([0. , 0.4]), rgb=UNKNOWN, text=str(...), units='height', win=Window(...), wrapWidth=1)
6.8156 	EXP 	Created bottom_ins = TextStim(__class__=<class 'psychopy.visual.text.TextStim'>, alignHoriz=method-wrapper(...), alignText='center', alignVert=method-wrapper(...), anchorHoriz='center', anchorVert='center', antialias=True, autoLog=True, bold=False, color=array([1., 1., 1.]), colorSpace='rgb', contrast=1.0, depth=-2.0, flipHoriz=False, flipVert=False, font='Open Sans', fontFiles=[], height=0.04, italic=False, languageStyle='LTR', name='bottom_ins', opacity=1, ori=0.0, pos=array([ 0. , -0.4]), rgb=UNKNOWN, text=str(...), units='height', win=Window(...), wrapWidth=1)
6.8197 	EXP 	Created text_2 = TextStim(__class__=<class 'psychopy.visual.text.TextStim'>, alignHoriz=method-wrapper(...), alignText='center', alignVert=method-wrapper(...), anchorHoriz='center', anchorVert='center', antialias=True, autoLog=True, bold=False, color=array([1., 1., 1.]), colorSpace='rgb', contrast=1.0, depth=-3.0, flipHoriz=False, flipVert=False, font='Open Sans', fontFiles=[], height=0.03, italic=False, languageStyle='LTR', name='text_2', opacity=1, ori=0.0, pos=array([ 0.45, -0.1 ]), rgb=UNKNOWN, text='Perfect fit', units='height', win=Window(...), wrapWidth=1)
6.8252 	EXP 	Created text_3 = TextStim(__class__=<class 'psychopy.visual.text.TextStim'>, alignHoriz=method-wrapper(...), alignText='center', alignVert=method-wrapper(...), anchorHoriz='center', anchorVert='center', antialias=True, autoLog=True, bold=False, color=array([1., 1., 1.]), colorSpace='rgb', contrast=1.0, depth=-4.0, flipHoriz=False, flipVert=False, font='Open Sans', fontFiles=[], height=0.03, italic=False, languageStyle='LTR', name='text_3', opacity=1, ori=0.0, pos=array([-0.45, -0.1 ]), rgb=UNKNOWN, text='Does not fit at a all', units='height', win=Window(...), wrapWidth=1)
7.0284 	EXP 	Created text = TextStim(__class__=<class 'psychopy.visual.text.TextStim'>, alignHoriz=method-wrapper(...), alignText='center', alignVert=method-wrapper(...), anchorHoriz='center', anchorVert='center', antialias=True, autoLog=True, bold=False, color=array([1., 1., 1.]), colorSpace='rgb', contrast=1.0, depth=-1.0, flipHoriz=False, flipVert=False, font='Open Sans', fontFiles=[], height=0.1, italic=False, languageStyle='LTR', name='text', opacity=1, ori=0.0, pos=array([0., 0.]), rgb=UNKNOWN, text=str(...), units='height', win=Window(...), wrapWidth=1)
7.0394 	EXP 	slider_2: autoLog = True
7.0394 	EXP 	slider_2: markerPos = None
7.0394 	EXP 	slider_2: rating = None
7.0394 	EXP 	slider_2: markerPos = None
7.0394 	EXP 	slider_2: contrast = 1.0
7.0394 	EXP 	slider_2: autoLog = True
7.0394 	EXP 	slider_2: styleTweaks = []
7.0394 	EXP 	slider_2: style = 'rating'
7.0394 	EXP 	slider_2: styleTweaks = ['triangleMarker']
7.0394 	EXP 	slider: autoLog = True
7.0394 	EXP 	slider: markerPos = None
7.0394 	EXP 	slider: rating = None
7.0394 	EXP 	slider: markerPos = None
7.0394 	EXP 	slider: contrast = 1.0
7.0394 	EXP 	slider: autoLog = True
7.0394 	EXP 	slider: styleTweaks = []
7.0394 	EXP 	slider: style = 'rating'
7.0394 	EXP 	slider: styleTweaks = ['triangleMarker']
7.0394 	EXP 	text_6: autoDraw = True
7.7407 	EXP 	Imported stim/practice.csv as conditions, 2 conditions, 1 params
7.7412 	EXP 	Created sequence: random, trialTypes=2, nReps=1, seed=None
7.7414 	EXP 	New trial (rep=0, index=0): OrderedDict([('stim', 'stim/sos.wav')])
7.7483 	DATA 	Keypress: space
7.7529 	EXP 	text_6: autoDraw = False
7.7529 	EXP 	cross_3: autoDraw = True
8.2576 	EXP 	ins_3: autoDraw = True
8.2744 	EXP 	cross_3: autoDraw = False
8.6321 	DATA 	Mouse: Left button down, pos=(619,640)
8.6499 	EXP 	ins_3: autoDraw = False
8.6499 	EXP 	cross_3: autoDraw = False
8.6499 	EXP 	slider_2: markerPos = None
8.6499 	EXP 	slider_2: markerPos = None
8.6499 	EXP 	slider_2: rating = None
8.6499 	EXP 	slider_2: autoDraw = True
8.6499 	EXP 	top_ins_2: autoDraw = True
8.6499 	EXP 	bottom_ins_2: autoDraw = True
8.6499 	EXP 	text_4: autoDraw = True
8.6499 	EXP 	text_5: autoDraw = True
8.7156 	DATA 	Mouse:  Left button up, pos=(619,640)
9.1655 	DATA 	Mouse: Left button down, pos=(647,502)
9.2518 	DATA 	Mouse:  Left button up, pos=(647,502)
9.5823 	DATA 	Mouse: Left button down, pos=(659,481)
9.5984 	EXP 	slider_2: markerPos = 3.6
9.6156 	EXP 	slider_2: markerPos = 3.6
9.6322 	EXP 	slider_2: markerPos = 3.6
9.6481 	EXP 	slider_2: markerPos = 3.6
9.6653 	EXP 	slider_2: markerPos = 3.6
9.6817 	EXP 	slider_2: markerPos = 3.6
9.6866 	DATA 	Mouse:  Left button up, pos=(660,480)
9.6984 	EXP 	slider_2: markerPos = 3.6
9.7148 	EXP 	slider_2: markerPos = 3.6
9.7148 	EXP 	slider_2: rating = 3.6
9.7172 	EXP 	New trial (rep=0, index=1): OrderedDict([('stim', 'stim/sis.wav')])
9.7320 	EXP 	slider_2: autoDraw = False
9.7320 	EXP 	top_ins_2: autoDraw = False
9.7320 	EXP 	bottom_ins_2: autoDraw = False
9.7320 	EXP 	text_4: autoDraw = False
9.7320 	EXP 	text_5: autoDraw = False
9.7320 	EXP 	cross_3: autoDraw = True
10.2164 	EXP 	ins_3: autoDraw = True
10.2330 	EXP 	cross_3: autoDraw = False
10.9415 	DATA 	Mouse: Left button down, pos=(742,535)
10.9650 	EXP 	ins_3: autoDraw = False
10.9650 	EXP 	cross_3: autoDraw = False
10.9650 	EXP 	slider_2: markerPos = None
10.9650 	EXP 	slider_2: markerPos = None
10.9650 	EXP 	slider_2: rating = None
10.9650 	EXP 	slider_2: autoDraw = True
10.9650 	EXP 	top_ins_2: autoDraw = True
10.9650 	EXP 	bottom_ins_2: autoDraw = True
10.9650 	EXP 	text_4: autoDraw = True
10.9650 	EXP 	text_5: autoDraw = True
11.0488 	DATA 	Mouse:  Left button up, pos=(742,535)
11.4190 	DATA 	Mouse: Left button down, pos=(822,486)
11.4486 	EXP 	slider_2: markerPos = 4.68
11.4658 	EXP 	slider_2: markerPos = 4.68
11.4819 	EXP 	slider_2: markerPos = 4.68
11.4987 	EXP 	slider_2: markerPos = 4.68
11.5159 	EXP 	slider_2: markerPos = 4.68
11.5164 	DATA 	Mouse:  Left button up, pos=(822,486)
11.5319 	EXP 	slider_2: markerPos = 4.68
11.5319 	EXP 	slider_2: rating = 4.68
11.5484 	EXP 	slider_2: autoDraw = False
11.5484 	EXP 	top_ins_2: autoDraw = False
11.5484 	EXP 	bottom_ins_2: autoDraw = False
11.5484 	EXP 	text_4: autoDraw = False
11.5484 	EXP 	text_5: autoDraw = False
11.5484 	EXP 	text_7: autoDraw = True
12.2035 	EXP 	Imported stim/conditions.csv as conditions, 4 conditions, 1 params
12.2039 	EXP 	Created sequence: random, trialTypes=4, nReps=5, seed=None
12.2042 	EXP 	New trial (rep=0, index=0): OrderedDict([('stim', 'stim/sys.wav')])
12.2149 	DATA 	Keypress: space
12.2196 	EXP 	text_7: autoDraw = False
12.2196 	EXP 	cross_4: autoDraw = True
12.6987 	EXP 	ins_4: autoDraw = True
12.6987 	EXP 	seek_text: autoDraw = True
12.6987 	EXP 	sock_text: autoDraw = True
12.6987 	EXP 	such_text: autoDraw = True
12.6987 	EXP 	soon_text: autoDraw = True
12.6987 	EXP 	sin_text: autoDraw = True
12.6987 	EXP 	son_text: autoDraw = True
12.6987 	EXP 	su_text: autoDraw = True
12.7317 	EXP 	cross_4: autoDraw = False
26.0568 	DATA 	Keypress: g
26.0667 	EXP 	ins_4: autoDraw = False
26.0667 	EXP 	cross_4: autoDraw = False
26.0667 	EXP 	seek_text: autoDraw = False
26.0667 	EXP 	sock_text: autoDraw = False
26.0667 	EXP 	such_text: autoDraw = False
26.0667 	EXP 	soon_text: autoDraw = False
26.0667 	EXP 	sin_text: autoDraw = False
26.0667 	EXP 	son_text: autoDraw = False
26.0667 	EXP 	su_text: autoDraw = False
26.0667 	EXP 	slider: markerPos = None
26.0667 	EXP 	slider: markerPos = None
26.0667 	EXP 	slider: rating = None
26.0667 	EXP 	slider: autoDraw = True
26.0667 	EXP 	top_ins: autoDraw = True
26.0667 	EXP 	bottom_ins: autoDraw = True
26.0667 	EXP 	text_2: autoDraw = True
26.0667 	EXP 	text_3: autoDraw = True
27.3668 	DATA 	Keypress: escape
27.5965 	EXP 	window1: mouseVisible = True
