0.7756 	WARNING 	We strongly recommend you activate the PTB sound engine in PsychoPy prefs as the preferred audio engine. Its timing is vastly superior. Your prefs are currently set to use ['sounddevice', 'PTB', 'pyo', 'pygame'] (in that order).
6.8429 	EXP 	Created window1 = Window(allowGUI=False, allowStencil=False, autoLog=True, backendConf=UNKNOWN, bitsMode=UNKNOWN, blendMode='avg', bpc=(8, 8, 8), color=array([0, 0, 0]), colorSpace='rgb', depthBits=8, fullscr=<method-wrapper '__getattribute__' of attributeSetter object at 0x7fa7058caa90>, gamma=None, gammaErrorPolicy='raise', lms=UNKNOWN, monitor=<psychopy.monitors.calibTools.Monitor object at 0x7fa704cbf550>, multiSample=False, name='window1', numSamples=2, pos=[360.0, 225.0], screen=0, size=array([2880, 1800]), stencilBits=0, stereo=False, units='height', useFBO=True, useRetina=True, viewOri=0.0, viewPos=None, viewScale=None, waitBlanking=True, winType='pyglet')
6.8433 	EXP 	window1: mouseVisible = True
6.8433 	EXP 	window1: recordFrameIntervals = False
7.0088 	EXP 	window1: recordFrameIntervals = True
7.1926 	EXP 	window1: recordFrameIntervals = False
7.9753 	EXP 	Created text_6 = TextStim(__class__=<class 'psychopy.visual.text.TextStim'>, alignHoriz=method-wrapper(...), alignText='center', alignVert=method-wrapper(...), anchorHoriz='center', anchorVert='center', antialias=True, autoLog=True, bold=False, color=array([1., 1., 1.]), colorSpace='rgb', contrast=1.0, depth=0.0, flipHoriz=False, flipVert=False, font='Open Sans', fontFiles=[], height=0.1, italic=False, languageStyle='LTR', name='text_6', opacity=1, ori=0.0, pos=array([0., 0.]), rgb=UNKNOWN, text=str(...), units='height', win=Window(...), wrapWidth=1)
8.1793 	EXP 	window1: mouseVisible = True
8.1850 	EXP 	window1: mouseVisible = True
8.1907 	EXP 	window1: mouseVisible = True
8.2353 	EXP 	Sound stimulus_3 set volume 1.000
8.2438 	EXP 	window1: mouseVisible = True
8.2597 	EXP 	window1: mouseVisible = True
8.2755 	EXP 	Created ins_3 = TextStim(__class__=<class 'psychopy.visual.text.TextStim'>, alignHoriz=method-wrapper(...), alignText='center', alignVert=method-wrapper(...), anchorHoriz='center', anchorVert='center', antialias=True, autoLog=True, bold=False, color=array([1., 1., 1.]), colorSpace='rgb', contrast=1.0, depth=-6.0, flipHoriz=False, flipVert=False, font='Open Sans', fontFiles=[], height=0.05, italic=False, languageStyle='LTR', name='ins_3', opacity=1, ori=0.0, pos=array([0.  , 0.35]), rgb=UNKNOWN, text=str(...), units='height', win=Window(...), wrapWidth=1)
8.2779 	EXP 	Created cross_3 = TextStim(__class__=<class 'psychopy.visual.text.TextStim'>, alignHoriz=method-wrapper(...), alignText='center', alignVert=method-wrapper(...), anchorHoriz='center', anchorVert='center', antialias=True, autoLog=True, bold=False, color=array([1., 1., 1.]), colorSpace='rgb', contrast=1.0, depth=-7.0, flipHoriz=False, flipVert=False, font='Open Sans', fontFiles=[], height=0.1, italic=False, languageStyle='LTR', name='cross_3', opacity=1, ori=0.0, pos=array([0., 0.]), rgb=UNKNOWN, text='+', units='height', win=Window(...), wrapWidth=1)
8.2806 	EXP 	window1: mouseVisible = True
8.2832 	EXP 	window1: mouseVisible = True
8.2964 	EXP 	window1: mouseVisible = True
8.3037 	EXP 	Created slider_2 = Slider(__class__=<class 'psychopy.visual.slider.Slider'>, autoDraw=False, autoLog=True, borderColor=None, color=None, colorSpace='rgb', depth=0, fillColor=None, flip=False, font='Open Sans', granularity=0.0, labelHeight=0.05, labelWrapWidth=None, labels=None, name='slider_2', opacity=None, pos=(0, 0), readOnly=False, self=UNKNOWN, size=(1.0, 0.1), startValue=None, style=method-wrapper(...), styleTweaks=method-wrapper(...), ticks=array([1, 2, 3, 4, 5, 6, 7]), units='height', win=Window(...))
8.3134 	EXP 	Created top_ins_2 = TextStim(__class__=<class 'psychopy.visual.text.TextStim'>, alignHoriz=method-wrapper(...), alignText='center', alignVert=method-wrapper(...), anchorHoriz='center', anchorVert='center', antialias=True, autoLog=True, bold=False, color=array([1., 1., 1.]), colorSpace='rgb', contrast=1.0, depth=-1.0, flipHoriz=False, flipVert=False, font='Open Sans', fontFiles=[], height=0.05, italic=False, languageStyle='LTR', name='top_ins_2', opacity=1, ori=0.0, pos=array([0. , 0.4]), rgb=UNKNOWN, text=str(...), units='height', win=Window(...), wrapWidth=1)
8.3261 	EXP 	Created bottom_ins_2 = TextStim(__class__=<class 'psychopy.visual.text.TextStim'>, alignHoriz=method-wrapper(...), alignText='center', alignVert=method-wrapper(...), anchorHoriz='center', anchorVert='center', antialias=True, autoLog=True, bold=False, color=array([1., 1., 1.]), colorSpace='rgb', contrast=1.0, depth=-2.0, flipHoriz=False, flipVert=False, font='Open Sans', fontFiles=[], height=0.04, italic=False, languageStyle='LTR', name='bottom_ins_2', opacity=1, ori=0.0, pos=array([ 0. , -0.4]), rgb=UNKNOWN, text=str(...), units='height', win=Window(...), wrapWidth=1)
8.3305 	EXP 	Created text_4 = TextStim(__class__=<class 'psychopy.visual.text.TextStim'>, alignHoriz=method-wrapper(...), alignText='center', alignVert=method-wrapper(...), anchorHoriz='center', anchorVert='center', antialias=True, autoLog=True, bold=False, color=array([1., 1., 1.]), colorSpace='rgb', contrast=1.0, depth=-3.0, flipHoriz=False, flipVert=False, font='Open Sans', fontFiles=[], height=0.03, italic=False, languageStyle='LTR', name='text_4', opacity=1, ori=0.0, pos=array([ 0.45, -0.1 ]), rgb=UNKNOWN, text='Perfect fit', units='height', win=Window(...), wrapWidth=1)
8.3345 	EXP 	Created text_5 = TextStim(__class__=<class 'psychopy.visual.text.TextStim'>, alignHoriz=method-wrapper(...), alignText='center', alignVert=method-wrapper(...), anchorHoriz='center', anchorVert='center', antialias=True, autoLog=True, bold=False, color=array([1., 1., 1.]), colorSpace='rgb', contrast=1.0, depth=-4.0, flipHoriz=False, flipVert=False, font='Open Sans', fontFiles=[], height=0.03, italic=False, languageStyle='LTR', name='text_5', opacity=1, ori=0.0, pos=array([-0.45, -0.1 ]), rgb=UNKNOWN, text='Does not fit at a all', units='height', win=Window(...), wrapWidth=1)
8.5381 	EXP 	Created text_7 = TextStim(__class__=<class 'psychopy.visual.text.TextStim'>, alignHoriz=method-wrapper(...), alignText='center', alignVert=method-wrapper(...), anchorHoriz='center', anchorVert='center', antialias=True, autoLog=True, bold=False, color=array([1., 1., 1.]), colorSpace='rgb', contrast=1.0, depth=-1.0, flipHoriz=False, flipVert=False, font='Open Sans', fontFiles=[], height=0.1, italic=False, languageStyle='LTR', name='text_7', opacity=1, ori=0.0, pos=array([0., 0.]), rgb=UNKNOWN, text=str(...), units='height', win=Window(...), wrapWidth=1)
8.5405 	EXP 	window1: mouseVisible = True
8.5426 	EXP 	window1: mouseVisible = True
8.5446 	EXP 	window1: mouseVisible = True
8.5447 	EXP 	Sound stimulus set volume 1.000
8.5467 	EXP 	window1: mouseVisible = True
8.5488 	EXP 	window1: mouseVisible = True
8.5602 	EXP 	Created ins = TextStim(__class__=<class 'psychopy.visual.text.TextStim'>, alignHoriz=method-wrapper(...), alignText='center', alignVert=method-wrapper(...), anchorHoriz='center', anchorVert='center', antialias=True, autoLog=True, bold=False, color=array([1., 1., 1.]), colorSpace='rgb', contrast=1.0, depth=-6.0, flipHoriz=False, flipVert=False, font='Open Sans', fontFiles=[], height=0.05, italic=False, languageStyle='LTR', name='ins', opacity=1, ori=0.0, pos=array([0.  , 0.35]), rgb=UNKNOWN, text=str(...), units='height', win=Window(...), wrapWidth=1)
8.5624 	EXP 	Created cross = TextStim(__class__=<class 'psychopy.visual.text.TextStim'>, alignHoriz=method-wrapper(...), alignText='center', alignVert=method-wrapper(...), anchorHoriz='center', anchorVert='center', antialias=True, autoLog=True, bold=False, color=array([1., 1., 1.]), colorSpace='rgb', contrast=1.0, depth=-7.0, flipHoriz=False, flipVert=False, font='Open Sans', fontFiles=[], height=0.1, italic=False, languageStyle='LTR', name='cross', opacity=1, ori=0.0, pos=array([0., 0.]), rgb=UNKNOWN, text='+', units='height', win=Window(...), wrapWidth=1)
8.5647 	EXP 	window1: mouseVisible = True
8.5668 	EXP 	window1: mouseVisible = True
8.5712 	EXP 	window1: mouseVisible = True
8.5769 	EXP 	Created slider = Slider(__class__=<class 'psychopy.visual.slider.Slider'>, autoDraw=False, autoLog=True, borderColor=None, color=None, colorSpace='rgb', depth=0, fillColor=None, flip=False, font='Open Sans', granularity=0.0, labelHeight=0.05, labelWrapWidth=None, labels=None, name='slider', opacity=None, pos=(0, 0), readOnly=False, self=UNKNOWN, size=(1.0, 0.1), startValue=None, style=method-wrapper(...), styleTweaks=method-wrapper(...), ticks=array([1, 2, 3, 4, 5, 6, 7]), units='height', win=Window(...))
8.5848 	EXP 	Created top_ins = TextStim(__class__=<class 'psychopy.visual.text.TextStim'>, alignHoriz=method-wrapper(...), alignText='center', alignVert=method-wrapper(...), anchorHoriz='center', anchorVert='center', antialias=True, autoLog=True, bold=False, color=array([1., 1., 1.]), colorSpace='rgb', contrast=1.0, depth=-1.0, flipHoriz=False, flipVert=False, font='Open Sans', fontFiles=[], height=0.05, italic=False, languageStyle='LTR', name='top_ins', opacity=1, ori=0.0, pos=array([0. , 0.4]), rgb=UNKNOWN, text=str(...), units='height', win=Window(...), wrapWidth=1)
8.5931 	EXP 	Created bottom_ins = TextStim(__class__=<class 'psychopy.visual.text.TextStim'>, alignHoriz=method-wrapper(...), alignText='center', alignVert=method-wrapper(...), anchorHoriz='center', anchorVert='center', antialias=True, autoLog=True, bold=False, color=array([1., 1., 1.]), colorSpace='rgb', contrast=1.0, depth=-2.0, flipHoriz=False, flipVert=False, font='Open Sans', fontFiles=[], height=0.04, italic=False, languageStyle='LTR', name='bottom_ins', opacity=1, ori=0.0, pos=array([ 0. , -0.4]), rgb=UNKNOWN, text=str(...), units='height', win=Window(...), wrapWidth=1)
8.5974 	EXP 	Created text_2 = TextStim(__class__=<class 'psychopy.visual.text.TextStim'>, alignHoriz=method-wrapper(...), alignText='center', alignVert=method-wrapper(...), anchorHoriz='center', anchorVert='center', antialias=True, autoLog=True, bold=False, color=array([1., 1., 1.]), colorSpace='rgb', contrast=1.0, depth=-3.0, flipHoriz=False, flipVert=False, font='Open Sans', fontFiles=[], height=0.03, italic=False, languageStyle='LTR', name='text_2', opacity=1, ori=0.0, pos=array([ 0.45, -0.1 ]), rgb=UNKNOWN, text='Perfect fit', units='height', win=Window(...), wrapWidth=1)
8.6008 	EXP 	Created text_3 = TextStim(__class__=<class 'psychopy.visual.text.TextStim'>, alignHoriz=method-wrapper(...), alignText='center', alignVert=method-wrapper(...), anchorHoriz='center', anchorVert='center', antialias=True, autoLog=True, bold=False, color=array([1., 1., 1.]), colorSpace='rgb', contrast=1.0, depth=-4.0, flipHoriz=False, flipVert=False, font='Open Sans', fontFiles=[], height=0.03, italic=False, languageStyle='LTR', name='text_3', opacity=1, ori=0.0, pos=array([-0.45, -0.1 ]), rgb=UNKNOWN, text='Does not fit at a all', units='height', win=Window(...), wrapWidth=1)
8.8020 	EXP 	Created text = TextStim(__class__=<class 'psychopy.visual.text.TextStim'>, alignHoriz=method-wrapper(...), alignText='center', alignVert=method-wrapper(...), anchorHoriz='center', anchorVert='center', antialias=True, autoLog=True, bold=False, color=array([1., 1., 1.]), colorSpace='rgb', contrast=1.0, depth=-1.0, flipHoriz=False, flipVert=False, font='Open Sans', fontFiles=[], height=0.1, italic=False, languageStyle='LTR', name='text', opacity=1, ori=0.0, pos=array([0., 0.]), rgb=UNKNOWN, text=str(...), units='height', win=Window(...), wrapWidth=1)
8.8138 	EXP 	slider_2: autoLog = True
8.8138 	EXP 	slider_2: markerPos = None
8.8138 	EXP 	slider_2: rating = None
8.8138 	EXP 	slider_2: markerPos = None
8.8138 	EXP 	slider_2: contrast = 1.0
8.8138 	EXP 	slider_2: autoLog = True
8.8138 	EXP 	slider_2: styleTweaks = []
8.8138 	EXP 	slider_2: style = 'rating'
8.8138 	EXP 	slider_2: styleTweaks = ['triangleMarker']
8.8138 	EXP 	slider: autoLog = True
8.8138 	EXP 	slider: markerPos = None
8.8138 	EXP 	slider: rating = None
8.8138 	EXP 	slider: markerPos = None
8.8138 	EXP 	slider: contrast = 1.0
8.8138 	EXP 	slider: autoLog = True
8.8138 	EXP 	slider: styleTweaks = []
8.8138 	EXP 	slider: style = 'rating'
8.8138 	EXP 	slider: styleTweaks = ['triangleMarker']
8.8138 	EXP 	text_6: autoDraw = True
11.2854 	EXP 	Imported stim/practice.csv as conditions, 2 conditions, 1 params
11.2878 	EXP 	Created sequence: random, trialTypes=2, nReps=1, seed=None
11.2880 	EXP 	New trial (rep=0, index=0): OrderedDict([('stim', 'stim/sis.wav')])
11.3012 	DATA 	Keypress: space
11.3058 	EXP 	text_6: autoDraw = False
11.3058 	EXP 	cross_3: autoDraw = True
11.7998 	EXP 	ins_3: autoDraw = True
11.8149 	EXP 	cross_3: autoDraw = False
13.3427 	DATA 	Mouse: Left button down, pos=(556,533)
13.3607 	EXP 	ins_3: autoDraw = False
13.3607 	EXP 	cross_3: autoDraw = False
13.3607 	EXP 	slider_2: markerPos = None
13.3607 	EXP 	slider_2: markerPos = None
13.3607 	EXP 	slider_2: rating = None
13.3607 	EXP 	slider_2: autoDraw = True
13.3607 	EXP 	top_ins_2: autoDraw = True
13.3607 	EXP 	bottom_ins_2: autoDraw = True
13.3607 	EXP 	text_4: autoDraw = True
13.3607 	EXP 	text_5: autoDraw = True
13.4427 	DATA 	Mouse:  Left button up, pos=(557,533)
14.9430 	DATA 	Mouse: Left button down, pos=(1171,431)
14.9589 	EXP 	slider_2: markerPos = 7.006666666666666
14.9762 	EXP 	slider_2: markerPos = 7.006666666666666
14.9925 	EXP 	slider_2: markerPos = 7.006666666666666
15.0095 	EXP 	slider_2: markerPos = 7.006666666666666
15.0262 	EXP 	slider_2: markerPos = 7.006666666666666
15.0422 	EXP 	slider_2: markerPos = 7.006666666666666
15.0600 	EXP 	slider_2: markerPos = 7.006666666666666
15.0605 	DATA 	Mouse:  Left button up, pos=(1171,431)
15.0758 	EXP 	slider_2: markerPos = 7
15.0758 	EXP 	slider_2: rating = 7
15.0783 	EXP 	New trial (rep=0, index=1): OrderedDict([('stim', 'stim/sos.wav')])
15.0922 	EXP 	slider_2: autoDraw = False
15.0922 	EXP 	top_ins_2: autoDraw = False
15.0922 	EXP 	bottom_ins_2: autoDraw = False
15.0922 	EXP 	text_4: autoDraw = False
15.0922 	EXP 	text_5: autoDraw = False
15.0922 	EXP 	cross_3: autoDraw = True
15.5766 	EXP 	ins_3: autoDraw = True
15.5929 	EXP 	cross_3: autoDraw = False
16.5518 	DATA 	Mouse: Left button down, pos=(734,541)
16.5756 	EXP 	ins_3: autoDraw = False
16.5756 	EXP 	cross_3: autoDraw = False
16.5756 	EXP 	slider_2: markerPos = None
16.5756 	EXP 	slider_2: markerPos = None
16.5756 	EXP 	slider_2: rating = None
16.5756 	EXP 	slider_2: autoDraw = True
16.5756 	EXP 	top_ins_2: autoDraw = True
16.5756 	EXP 	bottom_ins_2: autoDraw = True
16.5756 	EXP 	text_4: autoDraw = True
16.5756 	EXP 	text_5: autoDraw = True
16.6125 	DATA 	Mouse:  Left button up, pos=(734,541)
17.1596 	DATA 	Mouse: Left button down, pos=(564,481)
17.1764 	EXP 	slider_2: markerPos = 2.96
17.1924 	EXP 	slider_2: markerPos = 2.96
17.2091 	EXP 	slider_2: markerPos = 2.96
17.2257 	EXP 	slider_2: markerPos = 2.96
17.2427 	EXP 	slider_2: markerPos = 2.96
17.2432 	DATA 	Mouse:  Left button up, pos=(564,481)
17.2590 	EXP 	slider_2: markerPos = 2.96
17.2590 	EXP 	slider_2: rating = 2.96
17.2757 	EXP 	slider_2: autoDraw = False
17.2757 	EXP 	top_ins_2: autoDraw = False
17.2757 	EXP 	bottom_ins_2: autoDraw = False
17.2757 	EXP 	text_4: autoDraw = False
17.2757 	EXP 	text_5: autoDraw = False
17.2757 	EXP 	text_7: autoDraw = True
19.2130 	EXP 	Imported stim/conditions.csv as conditions, 4 conditions, 1 params
19.2134 	EXP 	Created sequence: random, trialTypes=4, nReps=5, seed=None
19.2137 	EXP 	New trial (rep=0, index=0): OrderedDict([('stim', 'stim/sis.wav')])
19.2227 	DATA 	Keypress: space
19.2264 	EXP 	text_7: autoDraw = False
19.2264 	EXP 	cross: autoDraw = True
19.7131 	EXP 	ins: autoDraw = True
19.7287 	EXP 	cross: autoDraw = False
20.9452 	DATA 	Keypress: escape
21.2225 	EXP 	window1: mouseVisible = True
0.6557 	WARNING 	We strongly recommend you activate the PTB sound engine in PsychoPy prefs as the preferred audio engine. Its timing is vastly superior. Your prefs are currently set to use ['sounddevice', 'PTB', 'pyo', 'pygame'] (in that order).
4.8382 	EXP 	Created window1 = Window(allowGUI=False, allowStencil=False, autoLog=True, backendConf=UNKNOWN, bitsMode=UNKNOWN, blendMode='avg', bpc=(8, 8, 8), color=array([0, 0, 0]), colorSpace='rgb', depthBits=8, fullscr=<method-wrapper '__getattribute__' of attributeSetter object at 0x7f969620bac8>, gamma=None, gammaErrorPolicy='raise', lms=UNKNOWN, monitor=<psychopy.monitors.calibTools.Monitor object at 0x7f969627c898>, multiSample=False, name='window1', numSamples=2, pos=[360.0, 225.0], screen=0, size=array([2880, 1800]), stencilBits=0, stereo=False, units='height', useFBO=True, useRetina=True, viewOri=0.0, viewPos=None, viewScale=None, waitBlanking=True, winType='pyglet')
4.8384 	EXP 	window1: mouseVisible = True
4.8384 	EXP 	window1: recordFrameIntervals = False
5.0045 	EXP 	window1: recordFrameIntervals = True
5.1881 	EXP 	window1: recordFrameIntervals = False
5.8069 	EXP 	Created text_6 = TextStim(__class__=<class 'psychopy.visual.text.TextStim'>, alignHoriz=method-wrapper(...), alignText='center', alignVert=method-wrapper(...), anchorHoriz='center', anchorVert='center', antialias=True, autoLog=True, bold=False, color=array([1., 1., 1.]), colorSpace='rgb', contrast=1.0, depth=0.0, flipHoriz=False, flipVert=False, font='Open Sans', fontFiles=[], height=0.025, italic=False, languageStyle='LTR', name='text_6', opacity=1, ori=0.0, pos=array([0., 0.]), rgb=UNKNOWN, text=str(...), units='height', win=Window(...), wrapWidth=1)
6.0057 	EXP 	window1: mouseVisible = True
6.0113 	EXP 	window1: mouseVisible = True
6.0170 	EXP 	window1: mouseVisible = True
6.0633 	EXP 	Sound stimulus_3 set volume 1.000
6.0714 	EXP 	window1: mouseVisible = True
6.0808 	EXP 	window1: mouseVisible = True
6.0907 	EXP 	Created ins_3 = TextStim(__class__=<class 'psychopy.visual.text.TextStim'>, alignHoriz=method-wrapper(...), alignText='center', alignVert=method-wrapper(...), anchorHoriz='center', anchorVert='center', antialias=True, autoLog=True, bold=False, color=array([1., 1., 1.]), colorSpace='rgb', contrast=1.0, depth=-6.0, flipHoriz=False, flipVert=False, font='Open Sans', fontFiles=[], height=0.05, italic=False, languageStyle='LTR', name='ins_3', opacity=1, ori=0.0, pos=array([0.  , 0.35]), rgb=UNKNOWN, text=str(...), units='height', win=Window(...), wrapWidth=1)
6.0944 	EXP 	Created cross_3 = TextStim(__class__=<class 'psychopy.visual.text.TextStim'>, alignHoriz=method-wrapper(...), alignText='center', alignVert=method-wrapper(...), anchorHoriz='center', anchorVert='center', antialias=True, autoLog=True, bold=False, color=array([1., 1., 1.]), colorSpace='rgb', contrast=1.0, depth=-7.0, flipHoriz=False, flipVert=False, font='Open Sans', fontFiles=[], height=0.1, italic=False, languageStyle='LTR', name='cross_3', opacity=1, ori=0.0, pos=array([0., 0.]), rgb=UNKNOWN, text='+', units='height', win=Window(...), wrapWidth=1)
6.0969 	EXP 	window1: mouseVisible = True
6.0991 	EXP 	window1: mouseVisible = True
6.1119 	EXP 	window1: mouseVisible = True
6.1177 	EXP 	Created slider_2 = Slider(__class__=<class 'psychopy.visual.slider.Slider'>, autoDraw=False, autoLog=True, borderColor=None, color=None, colorSpace='rgb', depth=0, fillColor=None, flip=False, font='Open Sans', granularity=0.0, labelHeight=0.05, labelWrapWidth=None, labels=None, name='slider_2', opacity=None, pos=(0, 0), readOnly=False, self=UNKNOWN, size=(1.0, 0.1), startValue=None, style=method-wrapper(...), styleTweaks=method-wrapper(...), ticks=array([1, 2, 3, 4, 5, 6, 7]), units='height', win=Window(...))
6.1303 	EXP 	Created top_ins_2 = TextStim(__class__=<class 'psychopy.visual.text.TextStim'>, alignHoriz=method-wrapper(...), alignText='center', alignVert=method-wrapper(...), anchorHoriz='center', anchorVert='center', antialias=True, autoLog=True, bold=False, color=array([1., 1., 1.]), colorSpace='rgb', contrast=1.0, depth=-1.0, flipHoriz=False, flipVert=False, font='Open Sans', fontFiles=[], height=0.05, italic=False, languageStyle='LTR', name='top_ins_2', opacity=1, ori=0.0, pos=array([0. , 0.4]), rgb=UNKNOWN, text=str(...), units='height', win=Window(...), wrapWidth=1)
6.1402 	EXP 	Created bottom_ins_2 = TextStim(__class__=<class 'psychopy.visual.text.TextStim'>, alignHoriz=method-wrapper(...), alignText='center', alignVert=method-wrapper(...), anchorHoriz='center', anchorVert='center', antialias=True, autoLog=True, bold=False, color=array([1., 1., 1.]), colorSpace='rgb', contrast=1.0, depth=-2.0, flipHoriz=False, flipVert=False, font='Open Sans', fontFiles=[], height=0.04, italic=False, languageStyle='LTR', name='bottom_ins_2', opacity=1, ori=0.0, pos=array([ 0. , -0.4]), rgb=UNKNOWN, text=str(...), units='height', win=Window(...), wrapWidth=1)
6.1465 	EXP 	Created text_4 = TextStim(__class__=<class 'psychopy.visual.text.TextStim'>, alignHoriz=method-wrapper(...), alignText='center', alignVert=method-wrapper(...), anchorHoriz='center', anchorVert='center', antialias=True, autoLog=True, bold=False, color=array([1., 1., 1.]), colorSpace='rgb', contrast=1.0, depth=-3.0, flipHoriz=False, flipVert=False, font='Open Sans', fontFiles=[], height=0.03, italic=False, languageStyle='LTR', name='text_4', opacity=1, ori=0.0, pos=array([ 0.45, -0.1 ]), rgb=UNKNOWN, text='Perfect fit', units='height', win=Window(...), wrapWidth=1)
6.1511 	EXP 	Created text_5 = TextStim(__class__=<class 'psychopy.visual.text.TextStim'>, alignHoriz=method-wrapper(...), alignText='center', alignVert=method-wrapper(...), anchorHoriz='center', anchorVert='center', antialias=True, autoLog=True, bold=False, color=array([1., 1., 1.]), colorSpace='rgb', contrast=1.0, depth=-4.0, flipHoriz=False, flipVert=False, font='Open Sans', fontFiles=[], height=0.03, italic=False, languageStyle='LTR', name='text_5', opacity=1, ori=0.0, pos=array([-0.45, -0.1 ]), rgb=UNKNOWN, text='Does not fit at a all', units='height', win=Window(...), wrapWidth=1)
6.3513 	EXP 	Created text_7 = TextStim(__class__=<class 'psychopy.visual.text.TextStim'>, alignHoriz=method-wrapper(...), alignText='center', alignVert=method-wrapper(...), anchorHoriz='center', anchorVert='center', antialias=True, autoLog=True, bold=False, color=array([1., 1., 1.]), colorSpace='rgb', contrast=1.0, depth=-1.0, flipHoriz=False, flipVert=False, font='Open Sans', fontFiles=[], height=0.1, italic=False, languageStyle='LTR', name='text_7', opacity=1, ori=0.0, pos=array([0., 0.]), rgb=UNKNOWN, text=str(...), units='height', win=Window(...), wrapWidth=1)
6.3537 	EXP 	window1: mouseVisible = True
6.3558 	EXP 	window1: mouseVisible = True
6.3578 	EXP 	window1: mouseVisible = True
6.3579 	EXP 	Sound stimulus set volume 1.000
6.3599 	EXP 	window1: mouseVisible = True
6.3620 	EXP 	window1: mouseVisible = True
6.3707 	EXP 	Created ins = TextStim(__class__=<class 'psychopy.visual.text.TextStim'>, alignHoriz=method-wrapper(...), alignText='center', alignVert=method-wrapper(...), anchorHoriz='center', anchorVert='center', antialias=True, autoLog=True, bold=False, color=array([1., 1., 1.]), colorSpace='rgb', contrast=1.0, depth=-6.0, flipHoriz=False, flipVert=False, font='Open Sans', fontFiles=[], height=0.05, italic=False, languageStyle='LTR', name='ins', opacity=1, ori=0.0, pos=array([0.  , 0.35]), rgb=UNKNOWN, text=str(...), units='height', win=Window(...), wrapWidth=1)
6.3727 	EXP 	Created cross = TextStim(__class__=<class 'psychopy.visual.text.TextStim'>, alignHoriz=method-wrapper(...), alignText='center', alignVert=method-wrapper(...), anchorHoriz='center', anchorVert='center', antialias=True, autoLog=True, bold=False, color=array([1., 1., 1.]), colorSpace='rgb', contrast=1.0, depth=-7.0, flipHoriz=False, flipVert=False, font='Open Sans', fontFiles=[], height=0.1, italic=False, languageStyle='LTR', name='cross', opacity=1, ori=0.0, pos=array([0., 0.]), rgb=UNKNOWN, text='+', units='height', win=Window(...), wrapWidth=1)
6.3749 	EXP 	window1: mouseVisible = True
6.3769 	EXP 	window1: mouseVisible = True
6.3814 	EXP 	window1: mouseVisible = True
6.3867 	EXP 	Created slider = Slider(__class__=<class 'psychopy.visual.slider.Slider'>, autoDraw=False, autoLog=True, borderColor=None, color=None, colorSpace='rgb', depth=0, fillColor=None, flip=False, font='Open Sans', granularity=0.0, labelHeight=0.05, labelWrapWidth=None, labels=None, name='slider', opacity=None, pos=(0, 0), readOnly=False, self=UNKNOWN, size=(1.0, 0.1), startValue=None, style=method-wrapper(...), styleTweaks=method-wrapper(...), ticks=array([1, 2, 3, 4, 5, 6, 7]), units='height', win=Window(...))
6.3951 	EXP 	Created top_ins = TextStim(__class__=<class 'psychopy.visual.text.TextStim'>, alignHoriz=method-wrapper(...), alignText='center', alignVert=method-wrapper(...), anchorHoriz='center', anchorVert='center', antialias=True, autoLog=True, bold=False, color=array([1., 1., 1.]), colorSpace='rgb', contrast=1.0, depth=-1.0, flipHoriz=False, flipVert=False, font='Open Sans', fontFiles=[], height=0.05, italic=False, languageStyle='LTR', name='top_ins', opacity=1, ori=0.0, pos=array([0. , 0.4]), rgb=UNKNOWN, text=str(...), units='height', win=Window(...), wrapWidth=1)
6.4030 	EXP 	Created bottom_ins = TextStim(__class__=<class 'psychopy.visual.text.TextStim'>, alignHoriz=method-wrapper(...), alignText='center', alignVert=method-wrapper(...), anchorHoriz='center', anchorVert='center', antialias=True, autoLog=True, bold=False, color=array([1., 1., 1.]), colorSpace='rgb', contrast=1.0, depth=-2.0, flipHoriz=False, flipVert=False, font='Open Sans', fontFiles=[], height=0.04, italic=False, languageStyle='LTR', name='bottom_ins', opacity=1, ori=0.0, pos=array([ 0. , -0.4]), rgb=UNKNOWN, text=str(...), units='height', win=Window(...), wrapWidth=1)
6.4090 	EXP 	Created text_2 = TextStim(__class__=<class 'psychopy.visual.text.TextStim'>, alignHoriz=method-wrapper(...), alignText='center', alignVert=method-wrapper(...), anchorHoriz='center', anchorVert='center', antialias=True, autoLog=True, bold=False, color=array([1., 1., 1.]), colorSpace='rgb', contrast=1.0, depth=-3.0, flipHoriz=False, flipVert=False, font='Open Sans', fontFiles=[], height=0.03, italic=False, languageStyle='LTR', name='text_2', opacity=1, ori=0.0, pos=array([ 0.45, -0.1 ]), rgb=UNKNOWN, text='Perfect fit', units='height', win=Window(...), wrapWidth=1)
6.4132 	EXP 	Created text_3 = TextStim(__class__=<class 'psychopy.visual.text.TextStim'>, alignHoriz=method-wrapper(...), alignText='center', alignVert=method-wrapper(...), anchorHoriz='center', anchorVert='center', antialias=True, autoLog=True, bold=False, color=array([1., 1., 1.]), colorSpace='rgb', contrast=1.0, depth=-4.0, flipHoriz=False, flipVert=False, font='Open Sans', fontFiles=[], height=0.03, italic=False, languageStyle='LTR', name='text_3', opacity=1, ori=0.0, pos=array([-0.45, -0.1 ]), rgb=UNKNOWN, text='Does not fit at a all', units='height', win=Window(...), wrapWidth=1)
6.6116 	EXP 	Created text = TextStim(__class__=<class 'psychopy.visual.text.TextStim'>, alignHoriz=method-wrapper(...), alignText='center', alignVert=method-wrapper(...), anchorHoriz='center', anchorVert='center', antialias=True, autoLog=True, bold=False, color=array([1., 1., 1.]), colorSpace='rgb', contrast=1.0, depth=-1.0, flipHoriz=False, flipVert=False, font='Open Sans', fontFiles=[], height=0.1, italic=False, languageStyle='LTR', name='text', opacity=1, ori=0.0, pos=array([0., 0.]), rgb=UNKNOWN, text=str(...), units='height', win=Window(...), wrapWidth=1)
6.6226 	EXP 	slider_2: autoLog = True
6.6226 	EXP 	slider_2: markerPos = None
6.6226 	EXP 	slider_2: rating = None
6.6226 	EXP 	slider_2: markerPos = None
6.6226 	EXP 	slider_2: contrast = 1.0
6.6226 	EXP 	slider_2: autoLog = True
6.6226 	EXP 	slider_2: styleTweaks = []
6.6226 	EXP 	slider_2: style = 'rating'
6.6226 	EXP 	slider_2: styleTweaks = ['triangleMarker']
6.6226 	EXP 	slider: autoLog = True
6.6226 	EXP 	slider: markerPos = None
6.6226 	EXP 	slider: rating = None
6.6226 	EXP 	slider: markerPos = None
6.6226 	EXP 	slider: contrast = 1.0
6.6226 	EXP 	slider: autoLog = True
6.6226 	EXP 	slider: styleTweaks = []
6.6226 	EXP 	slider: style = 'rating'
6.6226 	EXP 	slider: styleTweaks = ['triangleMarker']
6.6226 	EXP 	text_6: autoDraw = True
10.0905 	DATA 	Keypress: escape
10.3429 	EXP 	window1: mouseVisible = True
