0.6042 	WARNING 	We strongly recommend you activate the PTB sound engine in PsychoPy prefs as the preferred audio engine. Its timing is vastly superior. Your prefs are currently set to use ['sounddevice', 'PTB', 'pyo', 'pygame'] (in that order).
4.4740 	WARNING 	User requested fullscreen with size [1024  768], but screen is actually [1440, 900]. Using actual size
5.0748 	EXP 	Created window1 = Window(allowGUI=False, allowStencil=False, autoLog=True, backendConf=UNKNOWN, bitsMode=UNKNOWN, blendMode='avg', bpc=(8, 8, 8), color=array([0, 0, 0]), colorSpace='rgb', depthBits=8, fullscr=<method-wrapper '__getattribute__' of attributeSetter object at 0x7ff1a43a8ac8>, gamma=None, gammaErrorPolicy='raise', lms=UNKNOWN, monitor=<psychopy.monitors.calibTools.Monitor object at 0x7ff1d2969ac8>, multiSample=False, name='window1', numSamples=2, pos=[360.0, 225.0], screen=0, size=array([2880, 1800]), stencilBits=0, stereo=False, units='height', useFBO=True, useRetina=True, viewOri=0.0, viewPos=None, viewScale=None, waitBlanking=True, winType='pyglet')
5.0749 	EXP 	window1: mouseVisible = True
5.0749 	EXP 	window1: recordFrameIntervals = False
5.2418 	EXP 	window1: recordFrameIntervals = True
5.4243 	EXP 	window1: recordFrameIntervals = False
5.9946 	EXP 	window1: mouseVisible = True
7.0248 	DATA 	Mouse: Left button down, pos=(977,723)
7.1418 	DATA 	Mouse:  Left button up, pos=(978,723)
7.9903 	DATA 	Mouse: Left button down, pos=(361,838)
8.0934 	DATA 	Mouse:  Left button up, pos=(359,836)
8.7251 	DATA 	Mouse: Left button down, pos=(253,194)
8.8419 	DATA 	Mouse:  Left button up, pos=(253,194)
9.4752 	DATA 	Mouse: Left button down, pos=(936,312)
9.5919 	DATA 	Mouse:  Left button up, pos=(937,313)
9.9079 	DATA 	Mouse: Left button down, pos=(1174,368)
10.0080 	DATA 	Mouse:  Left button up, pos=(1177,371)
10.3413 	DATA 	Mouse: Left button down, pos=(1087,460)
10.5078 	DATA 	Mouse:  Left button up, pos=(1085,461)
10.7751 	DATA 	Mouse: Left button down, pos=(696,684)
10.8903 	DATA 	Mouse:  Left button up, pos=(696,684)
11.2910 	DATA 	Mouse: Left button down, pos=(359,586)
11.3915 	DATA 	Mouse:  Left button up, pos=(359,586)
11.7749 	DATA 	Mouse: Left button down, pos=(231,425)
11.8915 	DATA 	Mouse:  Left button up, pos=(231,425)
13.2144 	DATA 	Keypress: space
13.2359 	EXP 	window1: mouseVisible = True
0.6035 	WARNING 	We strongly recommend you activate the PTB sound engine in PsychoPy prefs as the preferred audio engine. Its timing is vastly superior. Your prefs are currently set to use ['sounddevice', 'PTB', 'pyo', 'pygame'] (in that order).
3.9903 	WARNING 	User requested fullscreen with size [1024  768], but screen is actually [1440, 900]. Using actual size
4.5192 	EXP 	Created window1 = Window(allowGUI=False, allowStencil=False, autoLog=True, backendConf=UNKNOWN, bitsMode=UNKNOWN, blendMode='avg', bpc=(8, 8, 8), color=array([0, 0, 0]), colorSpace='rgb', depthBits=8, fullscr=<method-wrapper '__getattribute__' of attributeSetter object at 0x7fc9f3478ac8>, gamma=None, gammaErrorPolicy='raise', lms=UNKNOWN, monitor=<psychopy.monitors.calibTools.Monitor object at 0x7fc9b0827a90>, multiSample=False, name='window1', numSamples=2, pos=[360.0, 225.0], screen=0, size=array([2880, 1800]), stencilBits=0, stereo=False, units='height', useFBO=True, useRetina=True, viewOri=0.0, viewPos=None, viewScale=None, waitBlanking=True, winType='pyglet')
4.5193 	EXP 	window1: mouseVisible = True
4.5193 	EXP 	window1: recordFrameIntervals = False
4.6853 	EXP 	window1: recordFrameIntervals = True
4.8690 	EXP 	window1: recordFrameIntervals = False
5.4315 	EXP 	window1: mouseVisible = True
7.0189 	DATA 	Mouse: Left button down, pos=(413,456)
7.1025 	DATA 	Mouse:  Left button up, pos=(413,456)
11.7720 	DATA 	Keypress: space
11.7984 	EXP 	window1: mouseVisible = True
