0.7601 	WARNING 	We strongly recommend you activate the PTB sound engine in PsychoPy prefs as the preferred audio engine. Its timing is vastly superior. Your prefs are currently set to use ['sounddevice', 'PTB', 'pyo', 'pygame'] (in that order).
7.9798 	EXP 	Created window1 = Window(allowGUI=False, allowStencil=False, autoLog=True, backendConf=UNKNOWN, bitsMode=UNKNOWN, blendMode='avg', bpc=(8, 8, 8), color=array([0, 0, 0]), colorSpace='rgb', depthBits=8, fullscr=<method-wrapper '__getattribute__' of attributeSetter object at 0x7feda9782b00>, gamma=None, gammaErrorPolicy='raise', lms=UNKNOWN, monitor=<psychopy.monitors.calibTools.Monitor object at 0x7fedfcab9828>, multiSample=False, name='window1', numSamples=2, pos=[360.0, 225.0], screen=0, size=array([2880, 1800]), stencilBits=0, stereo=False, units='height', useFBO=True, useRetina=True, viewOri=0.0, viewPos=None, viewScale=None, waitBlanking=True, winType='pyglet')
7.9799 	EXP 	window1: mouseVisible = True
7.9800 	EXP 	window1: recordFrameIntervals = False
8.1457 	EXP 	window1: recordFrameIntervals = True
8.3290 	EXP 	window1: recordFrameIntervals = False
8.9778 	EXP 	window1: mouseVisible = True
8.9834 	EXP 	window1: mouseVisible = True
8.9894 	EXP 	window1: mouseVisible = True
9.0292 	EXP 	Sound stimulus set volume 1.000
9.0367 	EXP 	window1: mouseVisible = True
9.0394 	EXP 	window1: mouseVisible = True
9.0757 	EXP 	Created ins = TextStim(__class__=<class 'psychopy.visual.text.TextStim'>, alignHoriz=method-wrapper(...), alignText='center', alignVert=method-wrapper(...), anchorHoriz='center', anchorVert='center', antialias=True, autoLog=True, bold=False, color=array([1., 1., 1.]), colorSpace='rgb', contrast=1.0, depth=-6.0, flipHoriz=False, flipVert=False, font='Open Sans', fontFiles=[], height=0.05, italic=False, languageStyle='LTR', name='ins', opacity=1, ori=0.0, pos=array([0.  , 0.35]), rgb=UNKNOWN, text=str(...), units='height', win=Window(...), wrapWidth=1)
9.0787 	EXP 	Created cross = TextStim(__class__=<class 'psychopy.visual.text.TextStim'>, alignHoriz=method-wrapper(...), alignText='center', alignVert=method-wrapper(...), anchorHoriz='center', anchorVert='center', antialias=True, autoLog=True, bold=False, color=array([1., 1., 1.]), colorSpace='rgb', contrast=1.0, depth=-7.0, flipHoriz=False, flipVert=False, font='Open Sans', fontFiles=[], height=0.1, italic=False, languageStyle='LTR', name='cross', opacity=1, ori=0.0, pos=array([0., 0.]), rgb=UNKNOWN, text='+', units='height', win=Window(...), wrapWidth=1)
9.0917 	EXP 	window1: mouseVisible = True
9.0976 	EXP 	Created slider = Slider(__class__=<class 'psychopy.visual.slider.Slider'>, autoDraw=False, autoLog=True, borderColor=None, color=None, colorSpace='rgb', depth=0, fillColor=None, flip=False, font='Open Sans', granularity=0.0, labelHeight=0.05, labelWrapWidth=None, labels=None, name='slider', opacity=None, pos=(0, 0), readOnly=False, self=UNKNOWN, size=(1.0, 0.1), startValue=None, style=method-wrapper(...), styleTweaks=method-wrapper(...), ticks=array([1, 2, 3, 4, 5, 6, 7]), units='height', win=Window(...))
9.1111 	EXP 	Created top_ins = TextStim(__class__=<class 'psychopy.visual.text.TextStim'>, alignHoriz=method-wrapper(...), alignText='center', alignVert=method-wrapper(...), anchorHoriz='center', anchorVert='center', antialias=True, autoLog=True, bold=False, color=array([1., 1., 1.]), colorSpace='rgb', contrast=1.0, depth=-1.0, flipHoriz=False, flipVert=False, font='Open Sans', fontFiles=[], height=0.05, italic=False, languageStyle='LTR', name='top_ins', opacity=1, ori=0.0, pos=array([0. , 0.4]), rgb=UNKNOWN, text=str(...), units='height', win=Window(...), wrapWidth=1)
9.1227 	EXP 	Created bottom_ins = TextStim(__class__=<class 'psychopy.visual.text.TextStim'>, alignHoriz=method-wrapper(...), alignText='center', alignVert=method-wrapper(...), anchorHoriz='center', anchorVert='center', antialias=True, autoLog=True, bold=False, color=array([1., 1., 1.]), colorSpace='rgb', contrast=1.0, depth=-2.0, flipHoriz=False, flipVert=False, font='Open Sans', fontFiles=[], height=0.04, italic=False, languageStyle='LTR', name='bottom_ins', opacity=1, ori=0.0, pos=array([ 0. , -0.4]), rgb=UNKNOWN, text=str(...), units='height', win=Window(...), wrapWidth=1)
9.1273 	EXP 	Created text_2 = TextStim(__class__=<class 'psychopy.visual.text.TextStim'>, alignHoriz=method-wrapper(...), alignText='center', alignVert=method-wrapper(...), anchorHoriz='center', anchorVert='center', antialias=True, autoLog=True, bold=False, color=array([1., 1., 1.]), colorSpace='rgb', contrast=1.0, depth=-3.0, flipHoriz=False, flipVert=False, font='Open Sans', fontFiles=[], height=0.03, italic=False, languageStyle='LTR', name='text_2', opacity=1, ori=0.0, pos=array([ 0.45, -0.1 ]), rgb=UNKNOWN, text='Perfect fit', units='height', win=Window(...), wrapWidth=1)
9.1313 	EXP 	Created text_3 = TextStim(__class__=<class 'psychopy.visual.text.TextStim'>, alignHoriz=method-wrapper(...), alignText='center', alignVert=method-wrapper(...), anchorHoriz='center', anchorVert='center', antialias=True, autoLog=True, bold=False, color=array([1., 1., 1.]), colorSpace='rgb', contrast=1.0, depth=-4.0, flipHoriz=False, flipVert=False, font='Open Sans', fontFiles=[], height=0.03, italic=False, languageStyle='LTR', name='text_3', opacity=1, ori=0.0, pos=array([-0.45, -0.1 ]), rgb=UNKNOWN, text='Does not fit at a all', units='height', win=Window(...), wrapWidth=1)
9.3258 	EXP 	Created text = TextStim(__class__=<class 'psychopy.visual.text.TextStim'>, alignHoriz=method-wrapper(...), alignText='center', alignVert=method-wrapper(...), anchorHoriz='center', anchorVert='center', antialias=True, autoLog=True, bold=False, color=array([1., 1., 1.]), colorSpace='rgb', contrast=1.0, depth=-1.0, flipHoriz=False, flipVert=False, font='Open Sans', fontFiles=[], height=0.1, italic=False, languageStyle='LTR', name='text', opacity=1, ori=0.0, pos=array([0., 0.]), rgb=UNKNOWN, text='Thanks! Press SPACE to end.', units='height', win=Window(...), wrapWidth=1)
9.3321 	EXP 	Imported stim/conditions.csv as conditions, 2 conditions, 2 params
9.3326 	EXP 	Created sequence: random, trialTypes=2, nReps=5, seed=None
9.3329 	EXP 	New trial (rep=0, index=0): OrderedDict([('stim', 'stim/o.wav'), ('phone', 'o')])
9.3427 	EXP 	slider: autoLog = True
9.3427 	EXP 	slider: markerPos = None
9.3427 	EXP 	slider: rating = None
9.3427 	EXP 	slider: markerPos = None
9.3427 	EXP 	slider: contrast = 1.0
9.3427 	EXP 	slider: autoLog = True
9.3427 	EXP 	slider: styleTweaks = []
9.3427 	EXP 	slider: style = 'rating'
9.3427 	EXP 	slider: styleTweaks = ['triangleMarker']
9.3427 	EXP 	cross: autoDraw = True
9.8309 	EXP 	ins: autoDraw = True
9.8455 	EXP 	cross: autoDraw = False
43.3212 	DATA 	Mouse: Left button down, pos=(599,633)
43.3571 	EXP 	ins: autoDraw = False
43.3571 	EXP 	cross: autoDraw = False
43.3571 	EXP 	slider: markerPos = None
43.3571 	EXP 	slider: markerPos = None
43.3571 	EXP 	slider: rating = None
43.3571 	EXP 	slider: autoDraw = True
43.3571 	EXP 	top_ins: autoDraw = True
43.3571 	EXP 	bottom_ins: autoDraw = True
43.3571 	EXP 	text_2: autoDraw = True
43.3571 	EXP 	text_3: autoDraw = True
43.4134 	DATA 	Mouse:  Left button up, pos=(598,633)
54.8473 	DATA 	Mouse: Left button down, pos=(951,448)
54.8630 	EXP 	slider: markerPos = 5.539999999999999
54.8782 	EXP 	slider: markerPos = 5.539999999999999
54.8949 	EXP 	slider: markerPos = 5.539999999999999
54.9126 	EXP 	slider: markerPos = 5.539999999999999
54.9296 	EXP 	slider: markerPos = 5.539999999999999
54.9452 	EXP 	slider: markerPos = 5.539999999999999
54.9625 	EXP 	slider: markerPos = 5.539999999999999
54.9683 	DATA 	Mouse:  Left button up, pos=(951,448)
54.9796 	EXP 	slider: markerPos = 5.539999999999999
54.9964 	EXP 	slider: markerPos = 5.539999999999999
54.9964 	EXP 	slider: rating = 5.539999999999999
54.9991 	EXP 	New trial (rep=0, index=1): OrderedDict([('stim', 'stim/u.wav'), ('phone', 'u')])
55.0125 	EXP 	slider: autoDraw = False
55.0125 	EXP 	top_ins: autoDraw = False
55.0125 	EXP 	bottom_ins: autoDraw = False
55.0125 	EXP 	text_2: autoDraw = False
55.0125 	EXP 	text_3: autoDraw = False
55.0125 	EXP 	cross: autoDraw = True
55.4954 	EXP 	ins: autoDraw = True
55.5127 	EXP 	cross: autoDraw = False
966.4157 	DATA 	Keypress: escape
966.6588 	EXP 	window1: mouseVisible = True
