1.1666 	WARNING 	We strongly recommend you activate the PTB sound engine in PsychoPy prefs as the preferred audio engine. Its timing is vastly superior. Your prefs are currently set to use ['sounddevice', 'PTB', 'pyo', 'pygame'] (in that order).
5.5090 	WARNING 	User requested fullscreen with size [1024  768], but screen is actually [1440, 900]. Using actual size
6.0902 	EXP 	Created window1 = Window(allowGUI=False, allowStencil=False, autoLog=True, backendConf=UNKNOWN, bitsMode=UNKNOWN, blendMode='avg', bpc=(8, 8, 8), color=array([0, 0, 0]), colorSpace='rgb', depthBits=8, fullscr=<method-wrapper '__getattribute__' of attributeSetter object at 0x7f9f9f74dba8>, gamma=None, gammaErrorPolicy='raise', lms=UNKNOWN, monitor=<psychopy.monitors.calibTools.Monitor object at 0x7f9f5e68ac88>, multiSample=False, name='window1', numSamples=2, pos=[360.0, 225.0], screen=0, size=array([2880, 1800]), stencilBits=0, stereo=False, units='height', useFBO=True, useRetina=True, viewOri=0.0, viewPos=None, viewScale=None, waitBlanking=True, winType='pyglet')
6.0904 	EXP 	window1: mouseVisible = True
6.0905 	EXP 	window1: recordFrameIntervals = False
6.2567 	EXP 	window1: recordFrameIntervals = True
6.4395 	EXP 	window1: recordFrameIntervals = False
7.2935 	EXP 	Created text_3 = TextStim(__class__=<class 'psychopy.visual.text.TextStim'>, alignHoriz=method-wrapper(...), alignText='center', alignVert=method-wrapper(...), anchorHoriz='center', anchorVert='center', antialias=True, autoLog=True, bold=False, color=array([1., 1., 1.]), colorSpace='rgb', contrast=1.0, depth=-1.0, flipHoriz=False, flipVert=False, font='Open Sans', fontFiles=[], height=0.05, italic=False, languageStyle='LTR', name='text_3', opacity=1, ori=0.0, pos=array([0., 0.]), rgb=UNKNOWN, text='What is your first language?', units='height', win=Window(...), wrapWidth=1)
7.2973 	EXP 	Created text_4 = TextStim(__class__=<class 'psychopy.visual.text.TextStim'>, alignHoriz=method-wrapper(...), alignText='center', alignVert=method-wrapper(...), anchorHoriz='center', anchorVert='center', antialias=True, autoLog=True, bold=False, color=array([1., 1., 1.]), colorSpace='rgb', contrast=1.0, depth=-2.0, flipHoriz=False, flipVert=False, font='Open Sans', fontFiles=[], height=0.05, italic=False, languageStyle='LTR', name='text_4', opacity=1, ori=0.0, pos=array([-0.25, -0.25]), rgb=UNKNOWN, text='English (1)', units='height', win=Window(...), wrapWidth=1)
7.3007 	EXP 	Created text_5 = TextStim(__class__=<class 'psychopy.visual.text.TextStim'>, alignHoriz=method-wrapper(...), alignText='center', alignVert=method-wrapper(...), anchorHoriz='center', anchorVert='center', antialias=True, autoLog=True, bold=False, color=array([1., 1., 1.]), colorSpace='rgb', contrast=1.0, depth=-3.0, flipHoriz=False, flipVert=False, font='Open Sans', fontFiles=[], height=0.05, italic=False, languageStyle='LTR', name='text_5', opacity=1, ori=0.0, pos=array([ 0.25, -0.25]), rgb=UNKNOWN, text='Spanish (2)', units='height', win=Window(...), wrapWidth=1)
7.3325 	EXP 	Created ins = TextStim(__class__=<class 'psychopy.visual.text.TextStim'>, alignHoriz=method-wrapper(...), alignText='center', alignVert=method-wrapper(...), anchorHoriz='center', anchorVert='center', antialias=True, autoLog=True, bold=False, color=array([1., 1., 1.]), colorSpace='rgb', contrast=1.0, depth=0.0, flipHoriz=False, flipVert=False, font='Open Sans', fontFiles=[], height=0.03, italic=False, languageStyle='LTR', name='ins', opacity=1, ori=0.0, pos=array([0., 0.]), rgb=UNKNOWN, text=str(...), units='height', win=Window(...), wrapWidth=1)
7.5309 	EXP 	Created fun = TextStim(__class__=<class 'psychopy.visual.text.TextStim'>, alignHoriz=method-wrapper(...), alignText='center', alignVert=method-wrapper(...), anchorHoriz='center', anchorVert='center', antialias=True, autoLog=True, bold=False, color=array([-1.        ,  0.00392157, -1.        ]), colorSpace='rgb', contrast=1.0, depth=0.0, flipHoriz=False, flipVert=False, font='Open Sans', fontFiles=[], height=0.05, italic=False, languageStyle='LTR', name='fun', opacity=1, ori=0.0, pos=array([-0.45,  0.25]), rgb=UNKNOWN, text='fun (1)', units='height', win=Window(...), wrapWidth=1)
7.5330 	EXP 	Created fought = TextStim(__class__=<class 'psychopy.visual.text.TextStim'>, alignHoriz=method-wrapper(...), alignText='center', alignVert=method-wrapper(...), anchorHoriz='center', anchorVert='center', antialias=True, autoLog=True, bold=False, color=array([-1.        ,  0.00392157, -1.        ]), colorSpace='rgb', contrast=1.0, depth=-1.0, flipHoriz=False, flipVert=False, font='Open Sans', fontFiles=[], height=0.05, italic=False, languageStyle='LTR', name='fought', opacity=1, ori=0.0, pos=array([0.  , 0.25]), rgb=UNKNOWN, text='fought (2)', units='height', win=Window(...), wrapWidth=1)
7.5356 	EXP 	Created feel = TextStim(__class__=<class 'psychopy.visual.text.TextStim'>, alignHoriz=method-wrapper(...), alignText='center', alignVert=method-wrapper(...), anchorHoriz='center', anchorVert='center', antialias=True, autoLog=True, bold=False, color=array([-1.        ,  0.00392157, -1.        ]), colorSpace='rgb', contrast=1.0, depth=-2.0, flipHoriz=False, flipVert=False, font='Open Sans', fontFiles=[], height=0.05, italic=False, languageStyle='LTR', name='feel', opacity=1, ori=0.0, pos=array([0.45, 0.25]), rgb=UNKNOWN, text='feel (3)', units='height', win=Window(...), wrapWidth=1)
7.5389 	EXP 	Created fool = TextStim(__class__=<class 'psychopy.visual.text.TextStim'>, alignHoriz=method-wrapper(...), alignText='center', alignVert=method-wrapper(...), anchorHoriz='center', anchorVert='center', antialias=True, autoLog=True, bold=False, color=array([-1.        ,  0.00392157, -1.        ]), colorSpace='rgb', contrast=1.0, depth=-3.0, flipHoriz=False, flipVert=False, font='Open Sans', fontFiles=[], height=0.05, italic=False, languageStyle='LTR', name='fool', opacity=1, ori=0.0, pos=array([0., 0.]), rgb=UNKNOWN, text='fool (4)', units='height', win=Window(...), wrapWidth=1)
7.5411 	EXP 	Created son = TextStim(__class__=<class 'psychopy.visual.text.TextStim'>, alignHoriz=method-wrapper(...), alignText='center', alignVert=method-wrapper(...), anchorHoriz='center', anchorVert='center', antialias=True, autoLog=True, bold=False, color=array([1., 1., 1.]), colorSpace='rgb', contrast=1.0, depth=-4.0, flipHoriz=False, flipVert=False, font='Open Sans', fontFiles=[], height=0.05, italic=False, languageStyle='LTR', name='son', opacity=1, ori=0.0, pos=array([-0.45, -0.25]), rgb=UNKNOWN, text='son (5)', units='height', win=Window(...), wrapWidth=1)
7.5434 	EXP 	Created su = TextStim(__class__=<class 'psychopy.visual.text.TextStim'>, alignHoriz=method-wrapper(...), alignText='center', alignVert=method-wrapper(...), anchorHoriz='center', anchorVert='center', antialias=True, autoLog=True, bold=False, color=array([1., 1., 1.]), colorSpace='rgb', contrast=1.0, depth=-5.0, flipHoriz=False, flipVert=False, font='Open Sans', fontFiles=[], height=0.05, italic=False, languageStyle='LTR', name='su', opacity=1, ori=0.0, pos=array([ 0.  , -0.25]), rgb=UNKNOWN, text='su (6)', units='height', win=Window(...), wrapWidth=1)
7.5457 	EXP 	Created fin = TextStim(__class__=<class 'psychopy.visual.text.TextStim'>, alignHoriz=method-wrapper(...), alignText='center', alignVert=method-wrapper(...), anchorHoriz='center', anchorVert='center', antialias=True, autoLog=True, bold=False, color=array([1., 1., 1.]), colorSpace='rgb', contrast=1.0, depth=-6.0, flipHoriz=False, flipVert=False, font='Open Sans', fontFiles=[], height=0.05, italic=False, languageStyle='LTR', name='fin', opacity=1, ori=0.0, pos=array([ 0.45, -0.25]), rgb=UNKNOWN, text='fin (7)', units='height', win=Window(...), wrapWidth=1)
7.5512 	EXP 	Created instructions_task = TextStim(__class__=<class 'psychopy.visual.text.TextStim'>, alignHoriz=method-wrapper(...), alignText='center', alignVert=method-wrapper(...), anchorHoriz='center', anchorVert='center', antialias=True, autoLog=True, bold=False, color=array([1., 1., 1.]), colorSpace='rgb', contrast=1.0, depth=-7.0, flipHoriz=False, flipVert=False, font='Open Sans', fontFiles=[], height=0.03, italic=False, languageStyle='LTR', name='instructions_task', opacity=1, ori=0.0, pos=array([0. , 0.4]), rgb=UNKNOWN, text=str(...), units='height', win=Window(...), wrapWidth=1)
7.7588 	EXP 	Sound stimulus set volume 1.000
7.7628 	EXP 	Created text_2 = TextStim(__class__=<class 'psychopy.visual.text.TextStim'>, alignHoriz=method-wrapper(...), alignText='center', alignVert=method-wrapper(...), anchorHoriz='center', anchorVert='center', antialias=True, autoLog=True, bold=False, color=array([ 1., -1., -1.]), colorSpace='rgb', contrast=1.0, depth=-10.0, flipHoriz=False, flipVert=False, font='Open Sans', fontFiles=[], height=0.1, italic=False, languageStyle='LTR', name='text_2', opacity=1, ori=0.0, pos=array([0., 0.]), rgb=UNKNOWN, text='+', units='height', win=Window(...), wrapWidth=1)
7.7750 	EXP 	window1: mouseVisible = True
7.7875 	EXP 	Created slider = Slider(__class__=<class 'psychopy.visual.slider.Slider'>, autoDraw=False, autoLog=True, borderColor=None, color=None, colorSpace='rgb', depth=0, fillColor=None, flip=False, font='Open Sans', granularity=0.0, labelHeight=0.03, labelWrapWidth=None, labels=(1, 2, 3, 4, 5), name='slider', opacity=None, pos=(0, 0), readOnly=False, self=UNKNOWN, size=(1.0, 0.1), startValue=None, style=method-wrapper(...), styleTweaks=method-wrapper(...), ticks=array([1, 2, 3, 4, 5]), units='height', win=Window(...))
7.8021 	EXP 	Created text_6 = TextStim(__class__=<class 'psychopy.visual.text.TextStim'>, alignHoriz=method-wrapper(...), alignText='center', alignVert=method-wrapper(...), anchorHoriz='center', anchorVert='center', antialias=True, autoLog=True, bold=False, color=array([1., 1., 1.]), colorSpace='rgb', contrast=1.0, depth=-1.0, flipHoriz=False, flipVert=False, font='Open Sans', fontFiles=[], height=0.05, italic=False, languageStyle='LTR', name='text_6', opacity=1, ori=0.0, pos=array([0. , 0.4]), rgb=UNKNOWN, text=str(...), units='height', win=Window(...), wrapWidth=1)
7.8050 	EXP 	Created fun_2 = TextStim(__class__=<class 'psychopy.visual.text.TextStim'>, alignHoriz=method-wrapper(...), alignText='center', alignVert=method-wrapper(...), anchorHoriz='center', anchorVert='center', antialias=True, autoLog=True, bold=False, color=array([-1.        ,  0.00392157, -1.        ]), colorSpace='rgb', contrast=1.0, depth=0.0, flipHoriz=False, flipVert=False, font='Open Sans', fontFiles=[], height=0.05, italic=False, languageStyle='LTR', name='fun_2', opacity=1, ori=0.0, pos=array([-0.45,  0.25]), rgb=UNKNOWN, text='fun (1)', units='height', win=Window(...), wrapWidth=1)
7.8078 	EXP 	Created fought_2 = TextStim(__class__=<class 'psychopy.visual.text.TextStim'>, alignHoriz=method-wrapper(...), alignText='center', alignVert=method-wrapper(...), anchorHoriz='center', anchorVert='center', antialias=True, autoLog=True, bold=False, color=array([-1.        ,  0.00392157, -1.        ]), colorSpace='rgb', contrast=1.0, depth=-1.0, flipHoriz=False, flipVert=False, font='Open Sans', fontFiles=[], height=0.05, italic=False, languageStyle='LTR', name='fought_2', opacity=1, ori=0.0, pos=array([0.  , 0.25]), rgb=UNKNOWN, text='fought (2)', units='height', win=Window(...), wrapWidth=1)
7.8099 	EXP 	Created feel_2 = TextStim(__class__=<class 'psychopy.visual.text.TextStim'>, alignHoriz=method-wrapper(...), alignText='center', alignVert=method-wrapper(...), anchorHoriz='center', anchorVert='center', antialias=True, autoLog=True, bold=False, color=array([-1.        ,  0.00392157, -1.        ]), colorSpace='rgb', contrast=1.0, depth=-2.0, flipHoriz=False, flipVert=False, font='Open Sans', fontFiles=[], height=0.05, italic=False, languageStyle='LTR', name='feel_2', opacity=1, ori=0.0, pos=array([0.45, 0.25]), rgb=UNKNOWN, text='feel (3)', units='height', win=Window(...), wrapWidth=1)
7.8120 	EXP 	Created fool_2 = TextStim(__class__=<class 'psychopy.visual.text.TextStim'>, alignHoriz=method-wrapper(...), alignText='center', alignVert=method-wrapper(...), anchorHoriz='center', anchorVert='center', antialias=True, autoLog=True, bold=False, color=array([-1.        ,  0.00392157, -1.        ]), colorSpace='rgb', contrast=1.0, depth=-3.0, flipHoriz=False, flipVert=False, font='Open Sans', fontFiles=[], height=0.05, italic=False, languageStyle='LTR', name='fool_2', opacity=1, ori=0.0, pos=array([0., 0.]), rgb=UNKNOWN, text='fool (4)', units='height', win=Window(...), wrapWidth=1)
7.8141 	EXP 	Created son_2 = TextStim(__class__=<class 'psychopy.visual.text.TextStim'>, alignHoriz=method-wrapper(...), alignText='center', alignVert=method-wrapper(...), anchorHoriz='center', anchorVert='center', antialias=True, autoLog=True, bold=False, color=array([1., 1., 1.]), colorSpace='rgb', contrast=1.0, depth=-4.0, flipHoriz=False, flipVert=False, font='Open Sans', fontFiles=[], height=0.05, italic=False, languageStyle='LTR', name='son_2', opacity=1, ori=0.0, pos=array([-0.45, -0.25]), rgb=UNKNOWN, text='son (5)', units='height', win=Window(...), wrapWidth=1)
7.8164 	EXP 	Created su_2 = TextStim(__class__=<class 'psychopy.visual.text.TextStim'>, alignHoriz=method-wrapper(...), alignText='center', alignVert=method-wrapper(...), anchorHoriz='center', anchorVert='center', antialias=True, autoLog=True, bold=False, color=array([1., 1., 1.]), colorSpace='rgb', contrast=1.0, depth=-5.0, flipHoriz=False, flipVert=False, font='Open Sans', fontFiles=[], height=0.05, italic=False, languageStyle='LTR', name='su_2', opacity=1, ori=0.0, pos=array([ 0.  , -0.25]), rgb=UNKNOWN, text='su (6)', units='height', win=Window(...), wrapWidth=1)
7.8187 	EXP 	Created fin_2 = TextStim(__class__=<class 'psychopy.visual.text.TextStim'>, alignHoriz=method-wrapper(...), alignText='center', alignVert=method-wrapper(...), anchorHoriz='center', anchorVert='center', antialias=True, autoLog=True, bold=False, color=array([1., 1., 1.]), colorSpace='rgb', contrast=1.0, depth=-6.0, flipHoriz=False, flipVert=False, font='Open Sans', fontFiles=[], height=0.05, italic=False, languageStyle='LTR', name='fin_2', opacity=1, ori=0.0, pos=array([ 0.45, -0.25]), rgb=UNKNOWN, text='fin (7)', units='height', win=Window(...), wrapWidth=1)
7.8294 	EXP 	Created instructions_task_2 = TextStim(__class__=<class 'psychopy.visual.text.TextStim'>, alignHoriz=method-wrapper(...), alignText='center', alignVert=method-wrapper(...), anchorHoriz='center', anchorVert='center', antialias=True, autoLog=True, bold=False, color=array([1., 1., 1.]), colorSpace='rgb', contrast=1.0, depth=-7.0, flipHoriz=False, flipVert=False, font='Open Sans', fontFiles=[], height=0.03, italic=False, languageStyle='LTR', name='instructions_task_2', opacity=1, ori=0.0, pos=array([0. , 0.4]), rgb=UNKNOWN, text=str(...), units='height', win=Window(...), wrapWidth=1)
8.0289 	EXP 	Sound stimulus_2 set volume 1.000
8.0304 	EXP 	Created text = TextStim(__class__=<class 'psychopy.visual.text.TextStim'>, alignHoriz=method-wrapper(...), alignText='center', alignVert=method-wrapper(...), anchorHoriz='center', anchorVert='center', antialias=True, autoLog=True, bold=False, color=array([ 1., -1., -1.]), colorSpace='rgb', contrast=1.0, depth=-10.0, flipHoriz=False, flipVert=False, font='Open Sans', fontFiles=[], height=0.1, italic=False, languageStyle='LTR', name='text', opacity=1, ori=0.0, pos=array([0., 0.]), rgb=UNKNOWN, text='+', units='height', win=Window(...), wrapWidth=1)
8.0424 	EXP 	slider: autoLog = True
8.0424 	EXP 	slider: markerPos = None
8.0424 	EXP 	slider: rating = None
8.0424 	EXP 	slider: markerPos = None
8.0424 	EXP 	slider: contrast = 1.0
8.0424 	EXP 	slider: autoLog = True
8.0424 	EXP 	slider: styleTweaks = []
8.0424 	EXP 	slider: style = 'rating'
8.0424 	EXP 	slider: styleTweaks = []
8.0424 	EXP 	text_3: autoDraw = True
8.0424 	EXP 	text_4: autoDraw = True
8.0424 	EXP 	text_5: autoDraw = True
9.5942 	DATA 	Keypress: 1
9.6236 	EXP 	text_3: autoDraw = False
9.6236 	EXP 	text_4: autoDraw = False
9.6236 	EXP 	text_5: autoDraw = False
9.6236 	EXP 	ins: autoDraw = True
10.2656 	EXP 	Imported condition_file/conditions_german.csv as conditions, 8 conditions, 1 params
10.2661 	EXP 	Created sequence: random, trialTypes=8, nReps=5, seed=None
10.2663 	EXP 	New trial (rep=0, index=0): OrderedDict([('stim', 'stim/pief_g.wav')])
10.2790 	DATA 	Keypress: space
10.2832 	EXP 	ins: autoDraw = False
10.2832 	EXP 	instructions_task: autoDraw = True
10.2832 	EXP 	text_2: autoDraw = True
10.4909 	EXP 	text_2: autoDraw = False
10.5229 	EXP 	fun: autoDraw = True
10.5229 	EXP 	fought: autoDraw = True
10.5229 	EXP 	feel: autoDraw = True
10.5229 	EXP 	fool: autoDraw = True
10.5229 	EXP 	son: autoDraw = True
10.5229 	EXP 	su: autoDraw = True
10.5229 	EXP 	fin: autoDraw = True
11.5619 	DATA 	Keypress: 4
11.5907 	EXP 	fun: autoDraw = False
11.5907 	EXP 	fought: autoDraw = False
11.5907 	EXP 	feel: autoDraw = False
11.5907 	EXP 	fool: autoDraw = False
11.5907 	EXP 	son: autoDraw = False
11.5907 	EXP 	su: autoDraw = False
11.5907 	EXP 	fin: autoDraw = False
11.5907 	EXP 	instructions_task: autoDraw = False
11.5907 	EXP 	text_2: autoDraw = False
11.5907 	EXP 	slider: markerPos = None
11.5907 	EXP 	slider: markerPos = None
11.5907 	EXP 	slider: rating = None
11.5907 	EXP 	slider: autoDraw = True
11.5907 	EXP 	text_6: autoDraw = True
13.1406 	DATA 	Mouse: Left button down, pos=(708,404)
13.1571 	EXP 	slider: markerPos = 2.9466666666666668
13.1731 	EXP 	slider: markerPos = 2.9466666666666668
13.1900 	EXP 	slider: markerPos = 2.9466666666666668
13.2067 	EXP 	slider: markerPos = 2.9466666666666668
13.2237 	EXP 	slider: markerPos = 2.9466666666666668
13.2399 	EXP 	slider: markerPos = 2.9466666666666668
13.2404 	DATA 	Mouse:  Left button up, pos=(708,404)
13.2566 	EXP 	slider: markerPos = 2.9466666666666668
13.2566 	EXP 	slider: rating = 2.9466666666666668
13.2586 	EXP 	New trial (rep=0, index=1): OrderedDict([('stim', 'stim/p_schwa_g.wav')])
13.2734 	EXP 	slider: autoDraw = False
13.2734 	EXP 	text_6: autoDraw = False
13.2734 	EXP 	instructions_task: autoDraw = True
13.2734 	EXP 	text_2: autoDraw = True
13.4731 	EXP 	text_2: autoDraw = False
13.5066 	EXP 	fun: autoDraw = True
13.5066 	EXP 	fought: autoDraw = True
13.5066 	EXP 	feel: autoDraw = True
13.5066 	EXP 	fool: autoDraw = True
13.5066 	EXP 	son: autoDraw = True
13.5066 	EXP 	su: autoDraw = True
13.5066 	EXP 	fin: autoDraw = True
14.5206 	DATA 	Keypress: 4
14.5287 	EXP 	fun: autoDraw = False
14.5287 	EXP 	fought: autoDraw = False
14.5287 	EXP 	feel: autoDraw = False
14.5287 	EXP 	fool: autoDraw = False
14.5287 	EXP 	son: autoDraw = False
14.5287 	EXP 	su: autoDraw = False
14.5287 	EXP 	fin: autoDraw = False
14.5287 	EXP 	instructions_task: autoDraw = False
14.5287 	EXP 	text_2: autoDraw = False
14.5287 	EXP 	slider: markerPos = None
14.5287 	EXP 	slider: markerPos = None
14.5287 	EXP 	slider: rating = None
14.5287 	EXP 	slider: autoDraw = True
14.5287 	EXP 	text_6: autoDraw = True
15.2071 	DATA 	Mouse: Left button down, pos=(918,472)
15.2235 	EXP 	slider: markerPos = 3.88
15.2400 	EXP 	slider: markerPos = 3.88
15.2565 	EXP 	slider: markerPos = 3.88
15.2734 	EXP 	slider: markerPos = 3.88
15.2898 	EXP 	slider: markerPos = 3.88
15.2956 	DATA 	Mouse:  Left button up, pos=(918,472)
15.3061 	EXP 	slider: markerPos = 3.88
15.3235 	EXP 	slider: markerPos = 3.88
15.3235 	EXP 	slider: rating = 3.88
15.3252 	EXP 	New trial (rep=0, index=2): OrderedDict([('stim', 'stim/feuf_g.wav')])
15.3394 	EXP 	slider: autoDraw = False
15.3394 	EXP 	text_6: autoDraw = False
15.3394 	EXP 	instructions_task: autoDraw = True
15.3394 	EXP 	text_2: autoDraw = True
15.5395 	EXP 	text_2: autoDraw = False
15.5732 	EXP 	fun: autoDraw = True
15.5732 	EXP 	fought: autoDraw = True
15.5732 	EXP 	feel: autoDraw = True
15.5732 	EXP 	fool: autoDraw = True
15.5732 	EXP 	son: autoDraw = True
15.5732 	EXP 	su: autoDraw = True
15.5732 	EXP 	fin: autoDraw = True
16.5631 	DATA 	Keypress: 1
16.5732 	EXP 	fun: autoDraw = False
16.5732 	EXP 	fought: autoDraw = False
16.5732 	EXP 	feel: autoDraw = False
16.5732 	EXP 	fool: autoDraw = False
16.5732 	EXP 	son: autoDraw = False
16.5732 	EXP 	su: autoDraw = False
16.5732 	EXP 	fin: autoDraw = False
16.5732 	EXP 	instructions_task: autoDraw = False
16.5732 	EXP 	text_2: autoDraw = False
16.5732 	EXP 	slider: markerPos = None
16.5732 	EXP 	slider: markerPos = None
16.5732 	EXP 	slider: rating = None
16.5732 	EXP 	slider: autoDraw = True
16.5732 	EXP 	text_6: autoDraw = True
16.9775 	DATA 	Mouse: Left button down, pos=(918,472)
17.0065 	EXP 	slider: markerPos = 3.88
17.0232 	EXP 	slider: markerPos = 3.88
17.0400 	EXP 	slider: markerPos = 3.88
17.0566 	EXP 	slider: markerPos = 3.88
17.0571 	DATA 	Mouse:  Left button up, pos=(918,472)
17.0736 	EXP 	slider: markerPos = 3.88
17.0736 	EXP 	slider: rating = 3.88
17.0754 	EXP 	New trial (rep=0, index=3): OrderedDict([('stim', 'stim/fief_g.wav')])
17.0897 	EXP 	slider: autoDraw = False
17.0897 	EXP 	text_6: autoDraw = False
17.0897 	EXP 	instructions_task: autoDraw = True
17.0897 	EXP 	text_2: autoDraw = True
17.2902 	EXP 	text_2: autoDraw = False
17.3233 	EXP 	fun: autoDraw = True
17.3233 	EXP 	fought: autoDraw = True
17.3233 	EXP 	feel: autoDraw = True
17.3233 	EXP 	fool: autoDraw = True
17.3233 	EXP 	son: autoDraw = True
17.3233 	EXP 	su: autoDraw = True
17.3233 	EXP 	fin: autoDraw = True
18.2949 	DATA 	Keypress: 4
18.3233 	EXP 	fun: autoDraw = False
18.3233 	EXP 	fought: autoDraw = False
18.3233 	EXP 	feel: autoDraw = False
18.3233 	EXP 	fool: autoDraw = False
18.3233 	EXP 	son: autoDraw = False
18.3233 	EXP 	su: autoDraw = False
18.3233 	EXP 	fin: autoDraw = False
18.3233 	EXP 	instructions_task: autoDraw = False
18.3233 	EXP 	text_2: autoDraw = False
18.3233 	EXP 	slider: markerPos = None
18.3233 	EXP 	slider: markerPos = None
18.3233 	EXP 	slider: rating = None
18.3233 	EXP 	slider: autoDraw = True
18.3233 	EXP 	text_6: autoDraw = True
18.6571 	DATA 	Mouse: Left button down, pos=(926,473)
18.6740 	EXP 	slider: markerPos = 3.9155555555555557
18.6895 	EXP 	slider: markerPos = 3.9155555555555557
18.7056 	EXP 	slider: markerPos = 3.9155555555555557
18.7235 	EXP 	slider: markerPos = 3.9155555555555557
18.7399 	EXP 	slider: markerPos = 3.9155555555555557
18.7565 	EXP 	slider: markerPos = 3.9155555555555557
18.7572 	DATA 	Mouse:  Left button up, pos=(926,473)
18.7722 	EXP 	slider: markerPos = 3.9155555555555557
18.7722 	EXP 	slider: rating = 3.9155555555555557
18.7741 	EXP 	New trial (rep=0, index=4): OrderedDict([('stim', 'stim/f_schwa_g.wav')])
18.7897 	EXP 	slider: autoDraw = False
18.7897 	EXP 	text_6: autoDraw = False
18.7897 	EXP 	instructions_task: autoDraw = True
18.7897 	EXP 	text_2: autoDraw = True
18.9909 	EXP 	text_2: autoDraw = False
19.0232 	EXP 	fun: autoDraw = True
19.0232 	EXP 	fought: autoDraw = True
19.0232 	EXP 	feel: autoDraw = True
19.0232 	EXP 	fool: autoDraw = True
19.0232 	EXP 	son: autoDraw = True
19.0232 	EXP 	su: autoDraw = True
19.0232 	EXP 	fin: autoDraw = True
20.0790 	DATA 	Keypress: 3
20.1067 	EXP 	fun: autoDraw = False
20.1067 	EXP 	fought: autoDraw = False
20.1067 	EXP 	feel: autoDraw = False
20.1067 	EXP 	fool: autoDraw = False
20.1067 	EXP 	son: autoDraw = False
20.1067 	EXP 	su: autoDraw = False
20.1067 	EXP 	fin: autoDraw = False
20.1067 	EXP 	instructions_task: autoDraw = False
20.1067 	EXP 	text_2: autoDraw = False
20.1067 	EXP 	slider: markerPos = None
20.1067 	EXP 	slider: markerPos = None
20.1067 	EXP 	slider: rating = None
20.1067 	EXP 	slider: autoDraw = True
20.1067 	EXP 	text_6: autoDraw = True
20.6235 	DATA 	Mouse: Left button down, pos=(1078,507)
20.7115 	DATA 	Mouse:  Left button up, pos=(1078,507)
21.0401 	DATA 	Mouse: Left button down, pos=(1064,444)
21.0569 	EXP 	slider: markerPos = 4.528888888888889
21.0739 	EXP 	slider: markerPos = 4.528888888888889
21.0899 	EXP 	slider: markerPos = 4.528888888888889
21.1067 	EXP 	slider: markerPos = 4.528888888888889
21.1073 	DATA 	Mouse:  Left button up, pos=(1064,444)
21.1233 	EXP 	slider: markerPos = 4.528888888888889
21.1233 	EXP 	slider: rating = 4.528888888888889
21.1252 	EXP 	New trial (rep=0, index=5): OrderedDict([('stim', 'stim/fof_g.wav')])
21.1401 	EXP 	slider: autoDraw = False
21.1401 	EXP 	text_6: autoDraw = False
21.1401 	EXP 	instructions_task: autoDraw = True
21.1401 	EXP 	text_2: autoDraw = True
21.3397 	EXP 	text_2: autoDraw = False
21.3732 	EXP 	fun: autoDraw = True
21.3732 	EXP 	fought: autoDraw = True
21.3732 	EXP 	feel: autoDraw = True
21.3732 	EXP 	fool: autoDraw = True
21.3732 	EXP 	son: autoDraw = True
21.3732 	EXP 	su: autoDraw = True
21.3732 	EXP 	fin: autoDraw = True
22.6805 	DATA 	Keypress: 4
22.6903 	EXP 	fun: autoDraw = False
22.6903 	EXP 	fought: autoDraw = False
22.6903 	EXP 	feel: autoDraw = False
22.6903 	EXP 	fool: autoDraw = False
22.6903 	EXP 	son: autoDraw = False
22.6903 	EXP 	su: autoDraw = False
22.6903 	EXP 	fin: autoDraw = False
22.6903 	EXP 	instructions_task: autoDraw = False
22.6903 	EXP 	text_2: autoDraw = False
22.6903 	EXP 	slider: markerPos = None
22.6903 	EXP 	slider: markerPos = None
22.6903 	EXP 	slider: rating = None
22.6903 	EXP 	slider: autoDraw = True
22.6903 	EXP 	text_6: autoDraw = True
23.1908 	DATA 	Mouse: Left button down, pos=(589,510)
23.2739 	DATA 	Mouse:  Left button up, pos=(589,510)
23.6116 	DATA 	Mouse: Left button down, pos=(583,454)
23.6406 	EXP 	slider: markerPos = 2.391111111111111
23.6568 	EXP 	slider: markerPos = 2.391111111111111
23.6736 	EXP 	slider: markerPos = 2.391111111111111
23.6799 	DATA 	Mouse:  Left button up, pos=(583,453)
23.6901 	EXP 	slider: markerPos = 2.391111111111111
23.7065 	EXP 	slider: markerPos = 2.391111111111111
23.7065 	EXP 	slider: rating = 2.391111111111111
23.7084 	EXP 	New trial (rep=0, index=6): OrderedDict([('stim', 'stim/peuf_g.wav')])
23.7235 	EXP 	slider: autoDraw = False
23.7235 	EXP 	text_6: autoDraw = False
23.7235 	EXP 	instructions_task: autoDraw = True
23.7235 	EXP 	text_2: autoDraw = True
23.9241 	EXP 	text_2: autoDraw = False
23.9566 	EXP 	fun: autoDraw = True
23.9566 	EXP 	fought: autoDraw = True
23.9566 	EXP 	feel: autoDraw = True
23.9566 	EXP 	fool: autoDraw = True
23.9566 	EXP 	son: autoDraw = True
23.9566 	EXP 	su: autoDraw = True
23.9566 	EXP 	fin: autoDraw = True
24.9471 	DATA 	Keypress: 1
24.9564 	EXP 	fun: autoDraw = False
24.9564 	EXP 	fought: autoDraw = False
24.9564 	EXP 	feel: autoDraw = False
24.9564 	EXP 	fool: autoDraw = False
24.9564 	EXP 	son: autoDraw = False
24.9564 	EXP 	su: autoDraw = False
24.9564 	EXP 	fin: autoDraw = False
24.9564 	EXP 	instructions_task: autoDraw = False
24.9564 	EXP 	text_2: autoDraw = False
24.9564 	EXP 	slider: markerPos = None
24.9564 	EXP 	slider: markerPos = None
24.9564 	EXP 	slider: rating = None
24.9564 	EXP 	slider: autoDraw = True
24.9564 	EXP 	text_6: autoDraw = True
25.6074 	DATA 	Mouse: Left button down, pos=(753,461)
25.6233 	EXP 	slider: markerPos = 3.151111111111111
25.6398 	EXP 	slider: markerPos = 3.151111111111111
25.6569 	EXP 	slider: markerPos = 3.151111111111111
25.6738 	EXP 	slider: markerPos = 3.151111111111111
25.6744 	DATA 	Mouse:  Left button up, pos=(754,461)
25.6899 	EXP 	slider: markerPos = 3.151111111111111
25.6899 	EXP 	slider: rating = 3.151111111111111
25.6918 	EXP 	New trial (rep=0, index=7): OrderedDict([('stim', 'stim/pof_g.wav')])
25.7065 	EXP 	slider: autoDraw = False
25.7065 	EXP 	text_6: autoDraw = False
25.7065 	EXP 	instructions_task: autoDraw = True
25.7065 	EXP 	text_2: autoDraw = True
25.9071 	EXP 	text_2: autoDraw = False
25.9407 	EXP 	fun: autoDraw = True
25.9407 	EXP 	fought: autoDraw = True
25.9407 	EXP 	feel: autoDraw = True
25.9407 	EXP 	fool: autoDraw = True
25.9407 	EXP 	son: autoDraw = True
25.9407 	EXP 	su: autoDraw = True
25.9407 	EXP 	fin: autoDraw = True
27.1971 	DATA 	Keypress: 6
27.2069 	EXP 	fun: autoDraw = False
27.2069 	EXP 	fought: autoDraw = False
27.2069 	EXP 	feel: autoDraw = False
27.2069 	EXP 	fool: autoDraw = False
27.2069 	EXP 	son: autoDraw = False
27.2069 	EXP 	su: autoDraw = False
27.2069 	EXP 	fin: autoDraw = False
27.2069 	EXP 	instructions_task: autoDraw = False
27.2069 	EXP 	text_2: autoDraw = False
27.2069 	EXP 	slider: markerPos = None
27.2069 	EXP 	slider: markerPos = None
27.2069 	EXP 	slider: rating = None
27.2069 	EXP 	slider: autoDraw = True
27.2069 	EXP 	text_6: autoDraw = True
27.6612 	DATA 	Mouse: Left button down, pos=(779,453)
27.6897 	EXP 	slider: markerPos = 3.2711111111111113
27.7069 	EXP 	slider: markerPos = 3.2711111111111113
27.7237 	EXP 	slider: markerPos = 3.2711111111111113
27.7399 	EXP 	slider: markerPos = 3.2711111111111113
27.7404 	DATA 	Mouse:  Left button up, pos=(781,453)
27.7567 	EXP 	slider: markerPos = 3.2711111111111113
27.7567 	EXP 	slider: rating = 3.2711111111111113
27.7589 	EXP 	New trial (rep=1, index=0): OrderedDict([('stim', 'stim/pief_g.wav')])
27.7735 	EXP 	slider: autoDraw = False
27.7735 	EXP 	text_6: autoDraw = False
27.7735 	EXP 	instructions_task: autoDraw = True
27.7735 	EXP 	text_2: autoDraw = True
27.9742 	EXP 	text_2: autoDraw = False
28.0079 	EXP 	fun: autoDraw = True
28.0079 	EXP 	fought: autoDraw = True
28.0079 	EXP 	feel: autoDraw = True
28.0079 	EXP 	fool: autoDraw = True
28.0079 	EXP 	son: autoDraw = True
28.0079 	EXP 	su: autoDraw = True
28.0079 	EXP 	fin: autoDraw = True
29.4306 	DATA 	Keypress: 5
29.4401 	EXP 	fun: autoDraw = False
29.4401 	EXP 	fought: autoDraw = False
29.4401 	EXP 	feel: autoDraw = False
29.4401 	EXP 	fool: autoDraw = False
29.4401 	EXP 	son: autoDraw = False
29.4401 	EXP 	su: autoDraw = False
29.4401 	EXP 	fin: autoDraw = False
29.4401 	EXP 	instructions_task: autoDraw = False
29.4401 	EXP 	text_2: autoDraw = False
29.4401 	EXP 	slider: markerPos = None
29.4401 	EXP 	slider: markerPos = None
29.4401 	EXP 	slider: rating = None
29.4401 	EXP 	slider: autoDraw = True
29.4401 	EXP 	text_6: autoDraw = True
30.0399 	DATA 	Mouse: Left button down, pos=(944,408)
30.0573 	EXP 	slider: markerPos = 3.9955555555555557
30.0738 	EXP 	slider: markerPos = 3.9955555555555557
30.0901 	EXP 	slider: markerPos = 3.9955555555555557
30.1061 	EXP 	slider: markerPos = 3.9955555555555557
30.1238 	EXP 	slider: markerPos = 3.9955555555555557
30.1402 	EXP 	slider: markerPos = 3.9955555555555557
30.1407 	DATA 	Mouse:  Left button up, pos=(944,410)
30.1570 	EXP 	slider: markerPos = 3.9955555555555557
30.1570 	EXP 	slider: rating = 3.9955555555555557
30.1588 	EXP 	New trial (rep=1, index=1): OrderedDict([('stim', 'stim/pof_g.wav')])
30.1734 	EXP 	slider: autoDraw = False
30.1734 	EXP 	text_6: autoDraw = False
30.1734 	EXP 	instructions_task: autoDraw = True
30.1734 	EXP 	text_2: autoDraw = True
30.3743 	EXP 	text_2: autoDraw = False
30.4073 	EXP 	fun: autoDraw = True
30.4073 	EXP 	fought: autoDraw = True
30.4073 	EXP 	feel: autoDraw = True
30.4073 	EXP 	fool: autoDraw = True
30.4073 	EXP 	son: autoDraw = True
30.4073 	EXP 	su: autoDraw = True
30.4073 	EXP 	fin: autoDraw = True
31.4636 	DATA 	Keypress: 7
31.4736 	EXP 	fun: autoDraw = False
31.4736 	EXP 	fought: autoDraw = False
31.4736 	EXP 	feel: autoDraw = False
31.4736 	EXP 	fool: autoDraw = False
31.4736 	EXP 	son: autoDraw = False
31.4736 	EXP 	su: autoDraw = False
31.4736 	EXP 	fin: autoDraw = False
31.4736 	EXP 	instructions_task: autoDraw = False
31.4736 	EXP 	text_2: autoDraw = False
31.4736 	EXP 	slider: markerPos = None
31.4736 	EXP 	slider: markerPos = None
31.4736 	EXP 	slider: rating = None
31.4736 	EXP 	slider: autoDraw = True
31.4736 	EXP 	text_6: autoDraw = True
32.0241 	DATA 	Mouse: Left button down, pos=(1147,381)
32.0905 	DATA 	Mouse:  Left button up, pos=(1148,381)
32.4744 	DATA 	Mouse: Left button down, pos=(1127,440)
32.4900 	EXP 	slider: markerPos = 4.804444444444444
32.5068 	EXP 	slider: markerPos = 4.804444444444444
32.5226 	EXP 	slider: markerPos = 4.804444444444444
32.5405 	EXP 	slider: markerPos = 4.804444444444444
32.5466 	DATA 	Mouse:  Left button up, pos=(1126,440)
32.5570 	EXP 	slider: markerPos = 4.804444444444444
32.5737 	EXP 	slider: markerPos = 4.804444444444444
32.5737 	EXP 	slider: rating = 4.804444444444444
32.5754 	EXP 	New trial (rep=1, index=2): OrderedDict([('stim', 'stim/peuf_g.wav')])
32.5903 	EXP 	slider: autoDraw = False
32.5903 	EXP 	text_6: autoDraw = False
32.5903 	EXP 	instructions_task: autoDraw = True
32.5903 	EXP 	text_2: autoDraw = True
32.7896 	EXP 	text_2: autoDraw = False
32.8246 	EXP 	fun: autoDraw = True
32.8246 	EXP 	fought: autoDraw = True
32.8246 	EXP 	feel: autoDraw = True
32.8246 	EXP 	fool: autoDraw = True
32.8246 	EXP 	son: autoDraw = True
32.8246 	EXP 	su: autoDraw = True
32.8246 	EXP 	fin: autoDraw = True
33.8477 	DATA 	Keypress: 4
33.8573 	EXP 	fun: autoDraw = False
33.8573 	EXP 	fought: autoDraw = False
33.8573 	EXP 	feel: autoDraw = False
33.8573 	EXP 	fool: autoDraw = False
33.8573 	EXP 	son: autoDraw = False
33.8573 	EXP 	su: autoDraw = False
33.8573 	EXP 	fin: autoDraw = False
33.8573 	EXP 	instructions_task: autoDraw = False
33.8573 	EXP 	text_2: autoDraw = False
33.8573 	EXP 	slider: markerPos = None
33.8573 	EXP 	slider: markerPos = None
33.8573 	EXP 	slider: rating = None
33.8573 	EXP 	slider: autoDraw = True
33.8573 	EXP 	text_6: autoDraw = True
34.2278 	DATA 	Mouse: Left button down, pos=(783,415)
34.2572 	EXP 	slider: markerPos = 3.2800000000000002
34.2740 	EXP 	slider: markerPos = 3.2800000000000002
34.2903 	EXP 	slider: markerPos = 3.2800000000000002
34.3070 	EXP 	slider: markerPos = 3.2800000000000002
34.3238 	EXP 	slider: markerPos = 3.2800000000000002
34.3243 	DATA 	Mouse:  Left button up, pos=(783,415)
34.3404 	EXP 	slider: markerPos = 3.2800000000000002
34.3404 	EXP 	slider: rating = 3.2800000000000002
34.3422 	EXP 	New trial (rep=1, index=3): OrderedDict([('stim', 'stim/fof_g.wav')])
34.3570 	EXP 	slider: autoDraw = False
34.3570 	EXP 	text_6: autoDraw = False
34.3570 	EXP 	instructions_task: autoDraw = True
34.3570 	EXP 	text_2: autoDraw = True
34.5744 	EXP 	text_2: autoDraw = False
34.5901 	EXP 	fun: autoDraw = True
34.5901 	EXP 	fought: autoDraw = True
34.5901 	EXP 	feel: autoDraw = True
34.5901 	EXP 	fool: autoDraw = True
34.5901 	EXP 	son: autoDraw = True
34.5901 	EXP 	su: autoDraw = True
34.5901 	EXP 	fin: autoDraw = True
35.2477 	DATA 	Keypress: 2
35.2573 	EXP 	fun: autoDraw = False
35.2573 	EXP 	fought: autoDraw = False
35.2573 	EXP 	feel: autoDraw = False
35.2573 	EXP 	fool: autoDraw = False
35.2573 	EXP 	son: autoDraw = False
35.2573 	EXP 	su: autoDraw = False
35.2573 	EXP 	fin: autoDraw = False
35.2573 	EXP 	instructions_task: autoDraw = False
35.2573 	EXP 	text_2: autoDraw = False
35.2573 	EXP 	slider: markerPos = None
35.2573 	EXP 	slider: markerPos = None
35.2573 	EXP 	slider: rating = None
35.2573 	EXP 	slider: autoDraw = True
35.2573 	EXP 	text_6: autoDraw = True
35.7076 	DATA 	Mouse: Left button down, pos=(783,415)
35.7235 	EXP 	slider: markerPos = 3.2800000000000002
35.7402 	EXP 	slider: markerPos = 3.2800000000000002
35.7571 	EXP 	slider: markerPos = 3.2800000000000002
35.7736 	EXP 	slider: markerPos = 3.2800000000000002
35.7904 	EXP 	slider: markerPos = 3.2800000000000002
35.8061 	EXP 	slider: markerPos = 3.2800000000000002
35.8068 	DATA 	Mouse:  Left button up, pos=(783,415)
35.8225 	EXP 	slider: markerPos = 3.2800000000000002
35.8225 	EXP 	slider: rating = 3.2800000000000002
35.8245 	EXP 	New trial (rep=1, index=4): OrderedDict([('stim', 'stim/fief_g.wav')])
35.8403 	EXP 	slider: autoDraw = False
35.8403 	EXP 	text_6: autoDraw = False
35.8403 	EXP 	instructions_task: autoDraw = True
35.8403 	EXP 	text_2: autoDraw = True
36.0409 	EXP 	text_2: autoDraw = False
36.0737 	EXP 	fun: autoDraw = True
36.0737 	EXP 	fought: autoDraw = True
36.0737 	EXP 	feel: autoDraw = True
36.0737 	EXP 	fool: autoDraw = True
36.0737 	EXP 	son: autoDraw = True
36.0737 	EXP 	su: autoDraw = True
36.0737 	EXP 	fin: autoDraw = True
37.0815 	DATA 	Keypress: 1
37.1055 	EXP 	fun: autoDraw = False
37.1055 	EXP 	fought: autoDraw = False
37.1055 	EXP 	feel: autoDraw = False
37.1055 	EXP 	fool: autoDraw = False
37.1055 	EXP 	son: autoDraw = False
37.1055 	EXP 	su: autoDraw = False
37.1055 	EXP 	fin: autoDraw = False
37.1055 	EXP 	instructions_task: autoDraw = False
37.1055 	EXP 	text_2: autoDraw = False
37.1055 	EXP 	slider: markerPos = None
37.1055 	EXP 	slider: markerPos = None
37.1055 	EXP 	slider: rating = None
37.1055 	EXP 	slider: autoDraw = True
37.1055 	EXP 	text_6: autoDraw = True
37.5243 	DATA 	Mouse: Left button down, pos=(783,415)
37.5408 	EXP 	slider: markerPos = 3.2800000000000002
37.5559 	EXP 	slider: markerPos = 3.2800000000000002
37.5728 	EXP 	slider: markerPos = 3.2800000000000002
37.5902 	EXP 	slider: markerPos = 3.2800000000000002
37.6064 	EXP 	slider: markerPos = 3.2800000000000002
37.6070 	DATA 	Mouse:  Left button up, pos=(783,415)
37.6238 	EXP 	slider: markerPos = 3.2800000000000002
37.6238 	EXP 	slider: rating = 3.2800000000000002
37.6256 	EXP 	New trial (rep=1, index=5): OrderedDict([('stim', 'stim/p_schwa_g.wav')])
37.6404 	EXP 	slider: autoDraw = False
37.6404 	EXP 	text_6: autoDraw = False
37.6404 	EXP 	instructions_task: autoDraw = True
37.6404 	EXP 	text_2: autoDraw = True
37.8410 	EXP 	text_2: autoDraw = False
37.8736 	EXP 	fun: autoDraw = True
37.8736 	EXP 	fought: autoDraw = True
37.8736 	EXP 	feel: autoDraw = True
37.8736 	EXP 	fool: autoDraw = True
37.8736 	EXP 	son: autoDraw = True
37.8736 	EXP 	su: autoDraw = True
37.8736 	EXP 	fin: autoDraw = True
39.0805 	DATA 	Keypress: 4
39.0903 	EXP 	fun: autoDraw = False
39.0903 	EXP 	fought: autoDraw = False
39.0903 	EXP 	feel: autoDraw = False
39.0903 	EXP 	fool: autoDraw = False
39.0903 	EXP 	son: autoDraw = False
39.0903 	EXP 	su: autoDraw = False
39.0903 	EXP 	fin: autoDraw = False
39.0903 	EXP 	instructions_task: autoDraw = False
39.0903 	EXP 	text_2: autoDraw = False
39.0903 	EXP 	slider: markerPos = None
39.0903 	EXP 	slider: markerPos = None
39.0903 	EXP 	slider: rating = None
39.0903 	EXP 	slider: autoDraw = True
39.0903 	EXP 	text_6: autoDraw = True
39.4581 	DATA 	Mouse: Left button down, pos=(932,427)
39.4738 	EXP 	slider: markerPos = 3.942222222222222
39.4904 	EXP 	slider: markerPos = 3.942222222222222
39.5071 	EXP 	slider: markerPos = 3.942222222222222
39.5129 	DATA 	Mouse:  Left button up, pos=(932,427)
39.5237 	EXP 	slider: markerPos = 3.942222222222222
39.5405 	EXP 	slider: markerPos = 3.942222222222222
39.5405 	EXP 	slider: rating = 3.942222222222222
39.5423 	EXP 	New trial (rep=1, index=6): OrderedDict([('stim', 'stim/feuf_g.wav')])
39.5571 	EXP 	slider: autoDraw = False
39.5571 	EXP 	text_6: autoDraw = False
39.5571 	EXP 	instructions_task: autoDraw = True
39.5571 	EXP 	text_2: autoDraw = True
39.7570 	EXP 	text_2: autoDraw = False
39.7904 	EXP 	fun: autoDraw = True
39.7904 	EXP 	fought: autoDraw = True
39.7904 	EXP 	feel: autoDraw = True
39.7904 	EXP 	fool: autoDraw = True
39.7904 	EXP 	son: autoDraw = True
39.7904 	EXP 	su: autoDraw = True
39.7904 	EXP 	fin: autoDraw = True
41.0809 	DATA 	Keypress: 7
41.0905 	EXP 	fun: autoDraw = False
41.0905 	EXP 	fought: autoDraw = False
41.0905 	EXP 	feel: autoDraw = False
41.0905 	EXP 	fool: autoDraw = False
41.0905 	EXP 	son: autoDraw = False
41.0905 	EXP 	su: autoDraw = False
41.0905 	EXP 	fin: autoDraw = False
41.0905 	EXP 	instructions_task: autoDraw = False
41.0905 	EXP 	text_2: autoDraw = False
41.0905 	EXP 	slider: markerPos = None
41.0905 	EXP 	slider: markerPos = None
41.0905 	EXP 	slider: rating = None
41.0905 	EXP 	slider: autoDraw = True
41.0905 	EXP 	text_6: autoDraw = True
41.4078 	DATA 	Mouse: Left button down, pos=(932,427)
41.4228 	EXP 	slider: markerPos = 3.942222222222222
41.4402 	EXP 	slider: markerPos = 3.942222222222222
41.4573 	EXP 	slider: markerPos = 3.942222222222222
41.4737 	EXP 	slider: markerPos = 3.942222222222222
41.4742 	DATA 	Mouse:  Left button up, pos=(932,427)
41.4899 	EXP 	slider: markerPos = 3.942222222222222
41.4899 	EXP 	slider: rating = 3.942222222222222
41.4917 	EXP 	New trial (rep=1, index=7): OrderedDict([('stim', 'stim/f_schwa_g.wav')])
41.5072 	EXP 	slider: autoDraw = False
41.5072 	EXP 	text_6: autoDraw = False
41.5072 	EXP 	instructions_task: autoDraw = True
41.5072 	EXP 	text_2: autoDraw = True
41.7081 	EXP 	text_2: autoDraw = False
41.7403 	EXP 	fun: autoDraw = True
41.7403 	EXP 	fought: autoDraw = True
41.7403 	EXP 	feel: autoDraw = True
41.7403 	EXP 	fool: autoDraw = True
41.7403 	EXP 	son: autoDraw = True
41.7403 	EXP 	su: autoDraw = True
41.7403 	EXP 	fin: autoDraw = True
42.9458 	DATA 	Keypress: 8
43.9975 	DATA 	Keypress: 3
44.0072 	EXP 	fun: autoDraw = False
44.0072 	EXP 	fought: autoDraw = False
44.0072 	EXP 	feel: autoDraw = False
44.0072 	EXP 	fool: autoDraw = False
44.0072 	EXP 	son: autoDraw = False
44.0072 	EXP 	su: autoDraw = False
44.0072 	EXP 	fin: autoDraw = False
44.0072 	EXP 	instructions_task: autoDraw = False
44.0072 	EXP 	text_2: autoDraw = False
44.0072 	EXP 	slider: markerPos = None
44.0072 	EXP 	slider: markerPos = None
44.0072 	EXP 	slider: rating = None
44.0072 	EXP 	slider: autoDraw = True
44.0072 	EXP 	text_6: autoDraw = True
44.4118 	DATA 	Mouse: Left button down, pos=(849,351)
44.5109 	DATA 	Mouse:  Left button up, pos=(849,351)
44.8242 	DATA 	Mouse: Left button down, pos=(853,420)
44.8408 	EXP 	slider: markerPos = 3.591111111111111
44.8573 	EXP 	slider: markerPos = 3.591111111111111
44.8738 	EXP 	slider: markerPos = 3.591111111111111
44.8903 	EXP 	slider: markerPos = 3.591111111111111
44.8908 	DATA 	Mouse:  Left button up, pos=(853,421)
44.9063 	EXP 	slider: markerPos = 3.591111111111111
44.9063 	EXP 	slider: rating = 3.591111111111111
44.9082 	EXP 	New trial (rep=2, index=0): OrderedDict([('stim', 'stim/pof_g.wav')])
44.9238 	EXP 	slider: autoDraw = False
44.9238 	EXP 	text_6: autoDraw = False
44.9238 	EXP 	instructions_task: autoDraw = True
44.9238 	EXP 	text_2: autoDraw = True
45.1247 	EXP 	text_2: autoDraw = False
45.1575 	EXP 	fun: autoDraw = True
45.1575 	EXP 	fought: autoDraw = True
45.1575 	EXP 	feel: autoDraw = True
45.1575 	EXP 	fool: autoDraw = True
45.1575 	EXP 	son: autoDraw = True
45.1575 	EXP 	su: autoDraw = True
45.1575 	EXP 	fin: autoDraw = True
45.7293 	DATA 	Mouse: Left button down, pos=(709,441)
45.8120 	DATA 	Mouse:  Left button up, pos=(709,441)
46.2624 	DATA 	Keypress: 4
46.2906 	EXP 	fun: autoDraw = False
46.2906 	EXP 	fought: autoDraw = False
46.2906 	EXP 	feel: autoDraw = False
46.2906 	EXP 	fool: autoDraw = False
46.2906 	EXP 	son: autoDraw = False
46.2906 	EXP 	su: autoDraw = False
46.2906 	EXP 	fin: autoDraw = False
46.2906 	EXP 	instructions_task: autoDraw = False
46.2906 	EXP 	text_2: autoDraw = False
46.2906 	EXP 	slider: markerPos = None
46.2906 	EXP 	slider: markerPos = None
46.2906 	EXP 	slider: rating = None
46.2906 	EXP 	slider: autoDraw = True
46.2906 	EXP 	text_6: autoDraw = True
46.6119 	DATA 	Mouse: Left button down, pos=(709,441)
46.6404 	EXP 	slider: markerPos = 2.951111111111111
46.6567 	EXP 	slider: markerPos = 2.951111111111111
46.6742 	EXP 	slider: markerPos = 2.951111111111111
46.6747 	DATA 	Mouse:  Left button up, pos=(709,441)
46.6900 	EXP 	slider: markerPos = 2.951111111111111
46.6900 	EXP 	slider: rating = 2.951111111111111
46.6919 	EXP 	New trial (rep=2, index=1): OrderedDict([('stim', 'stim/f_schwa_g.wav')])
46.7063 	EXP 	slider: autoDraw = False
46.7063 	EXP 	text_6: autoDraw = False
46.7063 	EXP 	instructions_task: autoDraw = True
46.7063 	EXP 	text_2: autoDraw = True
46.9079 	EXP 	text_2: autoDraw = False
46.9404 	EXP 	fun: autoDraw = True
46.9404 	EXP 	fought: autoDraw = True
46.9404 	EXP 	feel: autoDraw = True
46.9404 	EXP 	fool: autoDraw = True
46.9404 	EXP 	son: autoDraw = True
46.9404 	EXP 	su: autoDraw = True
46.9404 	EXP 	fin: autoDraw = True
47.3454 	DATA 	Mouse: Left button down, pos=(832,445)
47.4453 	DATA 	Mouse:  Left button up, pos=(832,445)
48.0310 	DATA 	Keypress: 2
48.0405 	EXP 	fun: autoDraw = False
48.0405 	EXP 	fought: autoDraw = False
48.0405 	EXP 	feel: autoDraw = False
48.0405 	EXP 	fool: autoDraw = False
48.0405 	EXP 	son: autoDraw = False
48.0405 	EXP 	su: autoDraw = False
48.0405 	EXP 	fin: autoDraw = False
48.0405 	EXP 	instructions_task: autoDraw = False
48.0405 	EXP 	text_2: autoDraw = False
48.0405 	EXP 	slider: markerPos = None
48.0405 	EXP 	slider: markerPos = None
48.0405 	EXP 	slider: rating = None
48.0405 	EXP 	slider: autoDraw = True
48.0405 	EXP 	text_6: autoDraw = True
48.4237 	DATA 	Mouse: Left button down, pos=(832,445)
48.4403 	EXP 	slider: markerPos = 3.497777777777778
48.4571 	EXP 	slider: markerPos = 3.497777777777778
48.4734 	EXP 	slider: markerPos = 3.497777777777778
48.4793 	DATA 	Mouse:  Left button up, pos=(832,445)
48.4905 	EXP 	slider: markerPos = 3.497777777777778
48.5068 	EXP 	slider: markerPos = 3.497777777777778
48.5068 	EXP 	slider: rating = 3.497777777777778
48.5086 	EXP 	New trial (rep=2, index=2): OrderedDict([('stim', 'stim/p_schwa_g.wav')])
48.5237 	EXP 	slider: autoDraw = False
48.5237 	EXP 	text_6: autoDraw = False
48.5237 	EXP 	instructions_task: autoDraw = True
48.5237 	EXP 	text_2: autoDraw = True
48.7244 	EXP 	text_2: autoDraw = False
48.7577 	EXP 	fun: autoDraw = True
48.7577 	EXP 	fought: autoDraw = True
48.7577 	EXP 	feel: autoDraw = True
48.7577 	EXP 	fool: autoDraw = True
48.7577 	EXP 	son: autoDraw = True
48.7577 	EXP 	su: autoDraw = True
48.7577 	EXP 	fin: autoDraw = True
49.6795 	DATA 	Keypress: 3
49.7071 	EXP 	fun: autoDraw = False
49.7071 	EXP 	fought: autoDraw = False
49.7071 	EXP 	feel: autoDraw = False
49.7071 	EXP 	fool: autoDraw = False
49.7071 	EXP 	son: autoDraw = False
49.7071 	EXP 	su: autoDraw = False
49.7071 	EXP 	fin: autoDraw = False
49.7071 	EXP 	instructions_task: autoDraw = False
49.7071 	EXP 	text_2: autoDraw = False
49.7071 	EXP 	slider: markerPos = None
49.7071 	EXP 	slider: markerPos = None
49.7071 	EXP 	slider: rating = None
49.7071 	EXP 	slider: autoDraw = True
49.7071 	EXP 	text_6: autoDraw = True
50.1918 	DATA 	Mouse: Left button down, pos=(1014,499)
50.2079 	EXP 	slider: markerPos = 4.311111111111111
50.2240 	EXP 	slider: markerPos = 4.311111111111111
50.2404 	EXP 	slider: markerPos = 4.311111111111111
50.2565 	EXP 	slider: markerPos = 4.311111111111111
50.2738 	EXP 	slider: markerPos = 4.311111111111111
50.2799 	DATA 	Mouse:  Left button up, pos=(1015,497)
50.2905 	EXP 	slider: markerPos = 4.311111111111111
50.3072 	EXP 	slider: markerPos = 4.311111111111111
50.3072 	EXP 	slider: rating = 4.311111111111111
50.3090 	EXP 	New trial (rep=2, index=3): OrderedDict([('stim', 'stim/fief_g.wav')])
50.3239 	EXP 	slider: autoDraw = False
50.3239 	EXP 	text_6: autoDraw = False
50.3239 	EXP 	instructions_task: autoDraw = True
50.3239 	EXP 	text_2: autoDraw = True
50.5242 	EXP 	text_2: autoDraw = False
50.5573 	EXP 	fun: autoDraw = True
50.5573 	EXP 	fought: autoDraw = True
50.5573 	EXP 	feel: autoDraw = True
50.5573 	EXP 	fool: autoDraw = True
50.5573 	EXP 	son: autoDraw = True
50.5573 	EXP 	su: autoDraw = True
50.5573 	EXP 	fin: autoDraw = True
51.1983 	DATA 	Keypress: 1
51.2074 	EXP 	fun: autoDraw = False
51.2074 	EXP 	fought: autoDraw = False
51.2074 	EXP 	feel: autoDraw = False
51.2074 	EXP 	fool: autoDraw = False
51.2074 	EXP 	son: autoDraw = False
51.2074 	EXP 	su: autoDraw = False
51.2074 	EXP 	fin: autoDraw = False
51.2074 	EXP 	instructions_task: autoDraw = False
51.2074 	EXP 	text_2: autoDraw = False
51.2074 	EXP 	slider: markerPos = None
51.2074 	EXP 	slider: markerPos = None
51.2074 	EXP 	slider: rating = None
51.2074 	EXP 	slider: autoDraw = True
51.2074 	EXP 	text_6: autoDraw = True
51.5913 	DATA 	Mouse: Left button down, pos=(1015,495)
51.6083 	EXP 	slider: markerPos = 4.311111111111111
51.6240 	EXP 	slider: markerPos = 4.311111111111111
51.6403 	EXP 	slider: markerPos = 4.311111111111111
51.6575 	EXP 	slider: markerPos = 4.311111111111111
51.6581 	DATA 	Mouse:  Left button up, pos=(1015,495)
51.6743 	EXP 	slider: markerPos = 4.311111111111111
51.6743 	EXP 	slider: rating = 4.311111111111111
51.6762 	EXP 	New trial (rep=2, index=4): OrderedDict([('stim', 'stim/pief_g.wav')])
51.6906 	EXP 	slider: autoDraw = False
51.6906 	EXP 	text_6: autoDraw = False
51.6906 	EXP 	instructions_task: autoDraw = True
51.6906 	EXP 	text_2: autoDraw = True
51.8909 	EXP 	text_2: autoDraw = False
51.9239 	EXP 	fun: autoDraw = True
51.9239 	EXP 	fought: autoDraw = True
51.9239 	EXP 	feel: autoDraw = True
51.9239 	EXP 	fool: autoDraw = True
51.9239 	EXP 	son: autoDraw = True
51.9239 	EXP 	su: autoDraw = True
51.9239 	EXP 	fin: autoDraw = True
56.4788 	DATA 	Keypress: 4
56.5074 	EXP 	fun: autoDraw = False
56.5074 	EXP 	fought: autoDraw = False
56.5074 	EXP 	feel: autoDraw = False
56.5074 	EXP 	fool: autoDraw = False
56.5074 	EXP 	son: autoDraw = False
56.5074 	EXP 	su: autoDraw = False
56.5074 	EXP 	fin: autoDraw = False
56.5074 	EXP 	instructions_task: autoDraw = False
56.5074 	EXP 	text_2: autoDraw = False
56.5074 	EXP 	slider: markerPos = None
56.5074 	EXP 	slider: markerPos = None
56.5074 	EXP 	slider: rating = None
56.5074 	EXP 	slider: autoDraw = True
56.5074 	EXP 	text_6: autoDraw = True
56.9413 	DATA 	Mouse: Left button down, pos=(1015,496)
56.9574 	EXP 	slider: markerPos = 4.311111111111111
56.9742 	EXP 	slider: markerPos = 4.311111111111111
56.9906 	EXP 	slider: markerPos = 4.311111111111111
57.0076 	EXP 	slider: markerPos = 4.311111111111111
57.0245 	EXP 	slider: markerPos = 4.311111111111111
57.0250 	DATA 	Mouse:  Left button up, pos=(1015,496)
57.0401 	EXP 	slider: markerPos = 4.311111111111111
57.0401 	EXP 	slider: rating = 4.311111111111111
57.0421 	EXP 	New trial (rep=2, index=5): OrderedDict([('stim', 'stim/fof_g.wav')])
57.0573 	EXP 	slider: autoDraw = False
57.0573 	EXP 	text_6: autoDraw = False
57.0573 	EXP 	instructions_task: autoDraw = True
57.0573 	EXP 	text_2: autoDraw = True
57.2574 	EXP 	text_2: autoDraw = False
57.2903 	EXP 	fun: autoDraw = True
57.2903 	EXP 	fought: autoDraw = True
57.2903 	EXP 	feel: autoDraw = True
57.2903 	EXP 	fool: autoDraw = True
57.2903 	EXP 	son: autoDraw = True
57.2903 	EXP 	su: autoDraw = True
57.2903 	EXP 	fin: autoDraw = True
58.4976 	DATA 	Keypress: 1
58.5073 	EXP 	fun: autoDraw = False
58.5073 	EXP 	fought: autoDraw = False
58.5073 	EXP 	feel: autoDraw = False
58.5073 	EXP 	fool: autoDraw = False
58.5073 	EXP 	son: autoDraw = False
58.5073 	EXP 	su: autoDraw = False
58.5073 	EXP 	fin: autoDraw = False
58.5073 	EXP 	instructions_task: autoDraw = False
58.5073 	EXP 	text_2: autoDraw = False
58.5073 	EXP 	slider: markerPos = None
58.5073 	EXP 	slider: markerPos = None
58.5073 	EXP 	slider: rating = None
58.5073 	EXP 	slider: autoDraw = True
58.5073 	EXP 	text_6: autoDraw = True
58.8416 	DATA 	Mouse: Left button down, pos=(1015,496)
58.8575 	EXP 	slider: markerPos = 4.311111111111111
58.8738 	EXP 	slider: markerPos = 4.311111111111111
58.8909 	EXP 	slider: markerPos = 4.311111111111111
58.8915 	DATA 	Mouse:  Left button up, pos=(1015,496)
58.9070 	EXP 	slider: markerPos = 4.311111111111111
58.9070 	EXP 	slider: rating = 4.311111111111111
58.9090 	EXP 	New trial (rep=2, index=6): OrderedDict([('stim', 'stim/peuf_g.wav')])
58.9243 	EXP 	slider: autoDraw = False
58.9243 	EXP 	text_6: autoDraw = False
58.9243 	EXP 	instructions_task: autoDraw = True
58.9243 	EXP 	text_2: autoDraw = True
59.1240 	EXP 	text_2: autoDraw = False
59.1574 	EXP 	fun: autoDraw = True
59.1574 	EXP 	fought: autoDraw = True
59.1574 	EXP 	feel: autoDraw = True
59.1574 	EXP 	fool: autoDraw = True
59.1574 	EXP 	son: autoDraw = True
59.1574 	EXP 	su: autoDraw = True
59.1574 	EXP 	fin: autoDraw = True
59.6979 	DATA 	Keypress: 3
59.7078 	EXP 	fun: autoDraw = False
59.7078 	EXP 	fought: autoDraw = False
59.7078 	EXP 	feel: autoDraw = False
59.7078 	EXP 	fool: autoDraw = False
59.7078 	EXP 	son: autoDraw = False
59.7078 	EXP 	su: autoDraw = False
59.7078 	EXP 	fin: autoDraw = False
59.7078 	EXP 	instructions_task: autoDraw = False
59.7078 	EXP 	text_2: autoDraw = False
59.7078 	EXP 	slider: markerPos = None
59.7078 	EXP 	slider: markerPos = None
59.7078 	EXP 	slider: rating = None
59.7078 	EXP 	slider: autoDraw = True
59.7078 	EXP 	text_6: autoDraw = True
60.0239 	DATA 	Mouse: Left button down, pos=(1015,496)
60.0408 	EXP 	slider: markerPos = 4.311111111111111
60.0575 	EXP 	slider: markerPos = 4.311111111111111
60.0740 	EXP 	slider: markerPos = 4.311111111111111
60.0902 	EXP 	slider: markerPos = 4.311111111111111
60.0964 	DATA 	Mouse:  Left button up, pos=(1015,496)
60.1075 	EXP 	slider: markerPos = 4.311111111111111
60.1243 	EXP 	slider: markerPos = 4.311111111111111
60.1243 	EXP 	slider: rating = 4.311111111111111
60.1261 	EXP 	New trial (rep=2, index=7): OrderedDict([('stim', 'stim/feuf_g.wav')])
60.1406 	EXP 	slider: autoDraw = False
60.1406 	EXP 	text_6: autoDraw = False
60.1406 	EXP 	instructions_task: autoDraw = True
60.1406 	EXP 	text_2: autoDraw = True
60.3411 	EXP 	text_2: autoDraw = False
60.3741 	EXP 	fun: autoDraw = True
60.3741 	EXP 	fought: autoDraw = True
60.3741 	EXP 	feel: autoDraw = True
60.3741 	EXP 	fool: autoDraw = True
60.3741 	EXP 	son: autoDraw = True
60.3741 	EXP 	su: autoDraw = True
60.3741 	EXP 	fin: autoDraw = True
61.2482 	DATA 	Keypress: 5
61.2579 	EXP 	fun: autoDraw = False
61.2579 	EXP 	fought: autoDraw = False
61.2579 	EXP 	feel: autoDraw = False
61.2579 	EXP 	fool: autoDraw = False
61.2579 	EXP 	son: autoDraw = False
61.2579 	EXP 	su: autoDraw = False
61.2579 	EXP 	fin: autoDraw = False
61.2579 	EXP 	instructions_task: autoDraw = False
61.2579 	EXP 	text_2: autoDraw = False
61.2579 	EXP 	slider: markerPos = None
61.2579 	EXP 	slider: markerPos = None
61.2579 	EXP 	slider: rating = None
61.2579 	EXP 	slider: autoDraw = True
61.2579 	EXP 	text_6: autoDraw = True
61.8418 	DATA 	Mouse: Left button down, pos=(1010,479)
61.8571 	EXP 	slider: markerPos = 4.288888888888889
61.8746 	EXP 	slider: markerPos = 4.288888888888889
61.8899 	EXP 	slider: markerPos = 4.288888888888889
61.9075 	EXP 	slider: markerPos = 4.288888888888889
61.9139 	DATA 	Mouse:  Left button up, pos=(1010,479)
61.9239 	EXP 	slider: markerPos = 4.288888888888889
61.9410 	EXP 	slider: markerPos = 4.288888888888889
61.9410 	EXP 	slider: rating = 4.288888888888889
61.9428 	EXP 	New trial (rep=3, index=0): OrderedDict([('stim', 'stim/p_schwa_g.wav')])
61.9574 	EXP 	slider: autoDraw = False
61.9574 	EXP 	text_6: autoDraw = False
61.9574 	EXP 	instructions_task: autoDraw = True
61.9574 	EXP 	text_2: autoDraw = True
62.1584 	EXP 	text_2: autoDraw = False
62.1913 	EXP 	fun: autoDraw = True
62.1913 	EXP 	fought: autoDraw = True
62.1913 	EXP 	feel: autoDraw = True
62.1913 	EXP 	fool: autoDraw = True
62.1913 	EXP 	son: autoDraw = True
62.1913 	EXP 	su: autoDraw = True
62.1913 	EXP 	fin: autoDraw = True
63.0973 	DATA 	Keypress: 4
63.1069 	EXP 	fun: autoDraw = False
63.1069 	EXP 	fought: autoDraw = False
63.1069 	EXP 	feel: autoDraw = False
63.1069 	EXP 	fool: autoDraw = False
63.1069 	EXP 	son: autoDraw = False
63.1069 	EXP 	su: autoDraw = False
63.1069 	EXP 	fin: autoDraw = False
63.1069 	EXP 	instructions_task: autoDraw = False
63.1069 	EXP 	text_2: autoDraw = False
63.1069 	EXP 	slider: markerPos = None
63.1069 	EXP 	slider: markerPos = None
63.1069 	EXP 	slider: rating = None
63.1069 	EXP 	slider: autoDraw = True
63.1069 	EXP 	text_6: autoDraw = True
63.2248 	DATA 	Mouse: Left button down, pos=(1010,479)
63.2410 	EXP 	slider: markerPos = 4.288888888888889
63.2580 	EXP 	slider: markerPos = 4.288888888888889
63.2747 	EXP 	slider: markerPos = 4.288888888888889
63.2911 	EXP 	slider: markerPos = 4.288888888888889
63.3077 	EXP 	slider: markerPos = 4.288888888888889
63.3246 	EXP 	slider: markerPos = 4.288888888888889
63.3410 	EXP 	slider: markerPos = 4.288888888888889
63.3416 	DATA 	Mouse:  Left button up, pos=(1010,479)
63.3575 	EXP 	slider: markerPos = 4.288888888888889
63.3575 	EXP 	slider: rating = 4.288888888888889
63.3593 	EXP 	New trial (rep=3, index=1): OrderedDict([('stim', 'stim/fof_g.wav')])
63.3744 	EXP 	slider: autoDraw = False
63.3744 	EXP 	text_6: autoDraw = False
63.3744 	EXP 	instructions_task: autoDraw = True
63.3744 	EXP 	text_2: autoDraw = True
63.5746 	EXP 	text_2: autoDraw = False
63.6078 	EXP 	fun: autoDraw = True
63.6078 	EXP 	fought: autoDraw = True
63.6078 	EXP 	feel: autoDraw = True
63.6078 	EXP 	fool: autoDraw = True
63.6078 	EXP 	son: autoDraw = True
63.6078 	EXP 	su: autoDraw = True
63.6078 	EXP 	fin: autoDraw = True
64.0649 	DATA 	Keypress: 3
64.0747 	EXP 	fun: autoDraw = False
64.0747 	EXP 	fought: autoDraw = False
64.0747 	EXP 	feel: autoDraw = False
64.0747 	EXP 	fool: autoDraw = False
64.0747 	EXP 	son: autoDraw = False
64.0747 	EXP 	su: autoDraw = False
64.0747 	EXP 	fin: autoDraw = False
64.0747 	EXP 	instructions_task: autoDraw = False
64.0747 	EXP 	text_2: autoDraw = False
64.0747 	EXP 	slider: markerPos = None
64.0747 	EXP 	slider: markerPos = None
64.0747 	EXP 	slider: rating = None
64.0747 	EXP 	slider: autoDraw = True
64.0747 	EXP 	text_6: autoDraw = True
64.2914 	DATA 	Mouse: Left button down, pos=(1010,479)
64.3073 	EXP 	slider: markerPos = 4.288888888888889
64.3238 	EXP 	slider: markerPos = 4.288888888888889
64.3410 	EXP 	slider: markerPos = 4.288888888888889
64.3575 	EXP 	slider: markerPos = 4.288888888888889
64.3744 	EXP 	slider: markerPos = 4.288888888888889
64.3910 	EXP 	slider: markerPos = 4.288888888888889
64.3969 	DATA 	Mouse:  Left button up, pos=(1010,479)
64.4078 	EXP 	slider: markerPos = 4.288888888888889
64.4243 	EXP 	slider: markerPos = 4.288888888888889
64.4243 	EXP 	slider: rating = 4.288888888888889
64.4261 	EXP 	New trial (rep=3, index=2): OrderedDict([('stim', 'stim/fief_g.wav')])
64.4408 	EXP 	slider: autoDraw = False
64.4408 	EXP 	text_6: autoDraw = False
64.4408 	EXP 	instructions_task: autoDraw = True
64.4408 	EXP 	text_2: autoDraw = True
64.6417 	EXP 	text_2: autoDraw = False
64.6744 	EXP 	fun: autoDraw = True
64.6744 	EXP 	fought: autoDraw = True
64.6744 	EXP 	feel: autoDraw = True
64.6744 	EXP 	fool: autoDraw = True
64.6744 	EXP 	son: autoDraw = True
64.6744 	EXP 	su: autoDraw = True
64.6744 	EXP 	fin: autoDraw = True
64.9646 	DATA 	Keypress: 2
64.9744 	EXP 	fun: autoDraw = False
64.9744 	EXP 	fought: autoDraw = False
64.9744 	EXP 	feel: autoDraw = False
64.9744 	EXP 	fool: autoDraw = False
64.9744 	EXP 	son: autoDraw = False
64.9744 	EXP 	su: autoDraw = False
64.9744 	EXP 	fin: autoDraw = False
64.9744 	EXP 	instructions_task: autoDraw = False
64.9744 	EXP 	text_2: autoDraw = False
64.9744 	EXP 	slider: markerPos = None
64.9744 	EXP 	slider: markerPos = None
64.9744 	EXP 	slider: rating = None
64.9744 	EXP 	slider: autoDraw = True
64.9744 	EXP 	text_6: autoDraw = True
65.1081 	DATA 	Mouse: Left button down, pos=(1010,479)
65.1243 	EXP 	slider: markerPos = 4.288888888888889
65.1409 	EXP 	slider: markerPos = 4.288888888888889
65.1575 	EXP 	slider: markerPos = 4.288888888888889
65.1741 	EXP 	slider: markerPos = 4.288888888888889
65.1912 	EXP 	slider: markerPos = 4.288888888888889
65.2076 	EXP 	slider: markerPos = 4.288888888888889
65.2240 	EXP 	slider: markerPos = 4.288888888888889
65.2301 	DATA 	Mouse:  Left button up, pos=(1010,479)
65.2407 	EXP 	slider: markerPos = 4.288888888888889
65.2575 	EXP 	slider: markerPos = 4.288888888888889
65.2575 	EXP 	slider: rating = 4.288888888888889
65.2593 	EXP 	New trial (rep=3, index=3): OrderedDict([('stim', 'stim/peuf_g.wav')])
65.2742 	EXP 	slider: autoDraw = False
65.2742 	EXP 	text_6: autoDraw = False
65.2742 	EXP 	instructions_task: autoDraw = True
65.2742 	EXP 	text_2: autoDraw = True
65.4746 	EXP 	text_2: autoDraw = False
65.5076 	EXP 	fun: autoDraw = True
65.5076 	EXP 	fought: autoDraw = True
65.5076 	EXP 	feel: autoDraw = True
65.5076 	EXP 	fool: autoDraw = True
65.5076 	EXP 	son: autoDraw = True
65.5076 	EXP 	su: autoDraw = True
65.5076 	EXP 	fin: autoDraw = True
66.0819 	DATA 	Keypress: 4
66.0912 	EXP 	fun: autoDraw = False
66.0912 	EXP 	fought: autoDraw = False
66.0912 	EXP 	feel: autoDraw = False
66.0912 	EXP 	fool: autoDraw = False
66.0912 	EXP 	son: autoDraw = False
66.0912 	EXP 	su: autoDraw = False
66.0912 	EXP 	fin: autoDraw = False
66.0912 	EXP 	instructions_task: autoDraw = False
66.0912 	EXP 	text_2: autoDraw = False
66.0912 	EXP 	slider: markerPos = None
66.0912 	EXP 	slider: markerPos = None
66.0912 	EXP 	slider: rating = None
66.0912 	EXP 	slider: autoDraw = True
66.0912 	EXP 	text_6: autoDraw = True
66.2417 	DATA 	Mouse: Left button down, pos=(1010,479)
66.2577 	EXP 	slider: markerPos = 4.288888888888889
66.2740 	EXP 	slider: markerPos = 4.288888888888889
66.2908 	EXP 	slider: markerPos = 4.288888888888889
66.3076 	EXP 	slider: markerPos = 4.288888888888889
66.3234 	EXP 	slider: markerPos = 4.288888888888889
66.3404 	EXP 	slider: markerPos = 4.288888888888889
66.3577 	EXP 	slider: markerPos = 4.288888888888889
66.3737 	EXP 	slider: markerPos = 4.288888888888889
66.3743 	DATA 	Mouse:  Left button up, pos=(1010,479)
66.3913 	EXP 	slider: markerPos = 4.288888888888889
66.3913 	EXP 	slider: rating = 4.288888888888889
66.3932 	EXP 	New trial (rep=3, index=4): OrderedDict([('stim', 'stim/f_schwa_g.wav')])
66.4076 	EXP 	slider: autoDraw = False
66.4076 	EXP 	text_6: autoDraw = False
66.4076 	EXP 	instructions_task: autoDraw = True
66.4076 	EXP 	text_2: autoDraw = True
66.6077 	EXP 	text_2: autoDraw = False
66.6410 	EXP 	fun: autoDraw = True
66.6410 	EXP 	fought: autoDraw = True
66.6410 	EXP 	feel: autoDraw = True
66.6410 	EXP 	fool: autoDraw = True
66.6410 	EXP 	son: autoDraw = True
66.6410 	EXP 	su: autoDraw = True
66.6410 	EXP 	fin: autoDraw = True
67.2128 	DATA 	Keypress: 1
67.2409 	EXP 	fun: autoDraw = False
67.2409 	EXP 	fought: autoDraw = False
67.2409 	EXP 	feel: autoDraw = False
67.2409 	EXP 	fool: autoDraw = False
67.2409 	EXP 	son: autoDraw = False
67.2409 	EXP 	su: autoDraw = False
67.2409 	EXP 	fin: autoDraw = False
67.2409 	EXP 	instructions_task: autoDraw = False
67.2409 	EXP 	text_2: autoDraw = False
67.2409 	EXP 	slider: markerPos = None
67.2409 	EXP 	slider: markerPos = None
67.2409 	EXP 	slider: rating = None
67.2409 	EXP 	slider: autoDraw = True
67.2409 	EXP 	text_6: autoDraw = True
67.3917 	DATA 	Mouse: Left button down, pos=(1010,479)
67.4076 	EXP 	slider: markerPos = 4.288888888888889
67.4242 	EXP 	slider: markerPos = 4.288888888888889
67.4410 	EXP 	slider: markerPos = 4.288888888888889
67.4579 	EXP 	slider: markerPos = 4.288888888888889
67.4746 	EXP 	slider: markerPos = 4.288888888888889
67.4908 	EXP 	slider: markerPos = 4.288888888888889
67.4967 	DATA 	Mouse:  Left button up, pos=(1010,479)
67.5076 	EXP 	slider: markerPos = 4.288888888888889
67.5244 	EXP 	slider: markerPos = 4.288888888888889
67.5244 	EXP 	slider: rating = 4.288888888888889
67.5263 	EXP 	New trial (rep=3, index=5): OrderedDict([('stim', 'stim/pief_g.wav')])
67.5409 	EXP 	slider: autoDraw = False
67.5409 	EXP 	text_6: autoDraw = False
67.5409 	EXP 	instructions_task: autoDraw = True
67.5409 	EXP 	text_2: autoDraw = True
67.6155 	DATA 	Keypress: 1
67.6248 	EXP 	fun: autoDraw = False
67.6248 	EXP 	fought: autoDraw = False
67.6248 	EXP 	feel: autoDraw = False
67.6248 	EXP 	fool: autoDraw = False
67.6248 	EXP 	son: autoDraw = False
67.6248 	EXP 	su: autoDraw = False
67.6248 	EXP 	fin: autoDraw = False
67.6248 	EXP 	instructions_task: autoDraw = False
67.6248 	EXP 	text_2: autoDraw = False
67.6248 	EXP 	slider: markerPos = None
67.6248 	EXP 	slider: markerPos = None
67.6248 	EXP 	slider: rating = None
67.6248 	EXP 	slider: autoDraw = True
67.6248 	EXP 	text_6: autoDraw = True
68.3417 	DATA 	Mouse: Left button down, pos=(1010,479)
68.3579 	EXP 	slider: markerPos = 4.288888888888889
68.3741 	EXP 	slider: markerPos = 4.288888888888889
68.3904 	EXP 	slider: markerPos = 4.288888888888889
68.4079 	EXP 	slider: markerPos = 4.288888888888889
68.4242 	EXP 	slider: markerPos = 4.288888888888889
68.4409 	EXP 	slider: markerPos = 4.288888888888889
68.4579 	EXP 	slider: markerPos = 4.288888888888889
68.4745 	EXP 	slider: markerPos = 4.288888888888889
68.4910 	EXP 	slider: markerPos = 4.288888888888889
68.4916 	DATA 	Mouse:  Left button up, pos=(1010,479)
68.5075 	EXP 	slider: markerPos = 4.288888888888889
68.5075 	EXP 	slider: rating = 4.288888888888889
68.5092 	EXP 	New trial (rep=3, index=6): OrderedDict([('stim', 'stim/feuf_g.wav')])
68.5246 	EXP 	slider: autoDraw = False
68.5246 	EXP 	text_6: autoDraw = False
68.5246 	EXP 	instructions_task: autoDraw = True
68.5246 	EXP 	text_2: autoDraw = True
68.5812 	DATA 	Keypress: 1
68.5912 	EXP 	fun: autoDraw = False
68.5912 	EXP 	fought: autoDraw = False
68.5912 	EXP 	feel: autoDraw = False
68.5912 	EXP 	fool: autoDraw = False
68.5912 	EXP 	son: autoDraw = False
68.5912 	EXP 	su: autoDraw = False
68.5912 	EXP 	fin: autoDraw = False
68.5912 	EXP 	instructions_task: autoDraw = False
68.5912 	EXP 	text_2: autoDraw = False
68.5912 	EXP 	slider: markerPos = None
68.5912 	EXP 	slider: markerPos = None
68.5912 	EXP 	slider: rating = None
68.5912 	EXP 	slider: autoDraw = True
68.5912 	EXP 	text_6: autoDraw = True
69.3419 	DATA 	Keypress: 1
69.7581 	DATA 	Mouse: Left button down, pos=(1010,479)
69.7743 	EXP 	slider: markerPos = 4.288888888888889
69.7909 	EXP 	slider: markerPos = 4.288888888888889
69.8075 	EXP 	slider: markerPos = 4.288888888888889
69.8235 	EXP 	slider: markerPos = 4.288888888888889
69.8412 	EXP 	slider: markerPos = 4.288888888888889
69.8578 	EXP 	slider: markerPos = 4.288888888888889
69.8748 	EXP 	slider: markerPos = 4.288888888888889
69.8910 	EXP 	slider: markerPos = 4.288888888888889
69.9079 	EXP 	slider: markerPos = 4.288888888888889
69.9245 	EXP 	slider: markerPos = 4.288888888888889
69.9411 	EXP 	slider: markerPos = 4.288888888888889
69.9576 	EXP 	slider: markerPos = 4.288888888888889
69.9582 	DATA 	Mouse:  Left button up, pos=(1010,479)
69.9744 	EXP 	slider: markerPos = 4.288888888888889
69.9744 	EXP 	slider: rating = 4.288888888888889
69.9762 	EXP 	New trial (rep=3, index=7): OrderedDict([('stim', 'stim/pof_g.wav')])
69.9909 	EXP 	slider: autoDraw = False
69.9909 	EXP 	text_6: autoDraw = False
69.9909 	EXP 	instructions_task: autoDraw = True
69.9909 	EXP 	text_2: autoDraw = True
70.1923 	EXP 	text_2: autoDraw = False
70.2245 	EXP 	fun: autoDraw = True
70.2245 	EXP 	fought: autoDraw = True
70.2245 	EXP 	feel: autoDraw = True
70.2245 	EXP 	fool: autoDraw = True
70.2245 	EXP 	son: autoDraw = True
70.2245 	EXP 	su: autoDraw = True
70.2245 	EXP 	fin: autoDraw = True
70.7481 	DATA 	Keypress: 1
70.7577 	EXP 	fun: autoDraw = False
70.7577 	EXP 	fought: autoDraw = False
70.7577 	EXP 	feel: autoDraw = False
70.7577 	EXP 	fool: autoDraw = False
70.7577 	EXP 	son: autoDraw = False
70.7577 	EXP 	su: autoDraw = False
70.7577 	EXP 	fin: autoDraw = False
70.7577 	EXP 	instructions_task: autoDraw = False
70.7577 	EXP 	text_2: autoDraw = False
70.7577 	EXP 	slider: markerPos = None
70.7577 	EXP 	slider: markerPos = None
70.7577 	EXP 	slider: rating = None
70.7577 	EXP 	slider: autoDraw = True
70.7577 	EXP 	text_6: autoDraw = True
71.1253 	DATA 	Mouse: Left button down, pos=(1010,479)
71.1409 	EXP 	slider: markerPos = 4.288888888888889
71.1576 	EXP 	slider: markerPos = 4.288888888888889
71.1743 	EXP 	slider: markerPos = 4.288888888888889
71.1911 	EXP 	slider: markerPos = 4.288888888888889
71.2079 	EXP 	slider: markerPos = 4.288888888888889
71.2243 	EXP 	slider: markerPos = 4.288888888888889
71.2411 	EXP 	slider: markerPos = 4.288888888888889
71.2577 	EXP 	slider: markerPos = 4.288888888888889
71.2633 	DATA 	Mouse:  Left button up, pos=(1010,479)
71.2747 	EXP 	slider: markerPos = 4.288888888888889
71.2910 	EXP 	slider: markerPos = 4.288888888888889
71.2910 	EXP 	slider: rating = 4.288888888888889
71.2928 	EXP 	New trial (rep=4, index=0): OrderedDict([('stim', 'stim/p_schwa_g.wav')])
71.3077 	EXP 	slider: autoDraw = False
71.3077 	EXP 	text_6: autoDraw = False
71.3077 	EXP 	instructions_task: autoDraw = True
71.3077 	EXP 	text_2: autoDraw = True
71.5090 	EXP 	text_2: autoDraw = False
71.5412 	EXP 	fun: autoDraw = True
71.5412 	EXP 	fought: autoDraw = True
71.5412 	EXP 	feel: autoDraw = True
71.5412 	EXP 	fool: autoDraw = True
71.5412 	EXP 	son: autoDraw = True
71.5412 	EXP 	su: autoDraw = True
71.5412 	EXP 	fin: autoDraw = True
72.1812 	DATA 	Keypress: 2
72.1910 	EXP 	fun: autoDraw = False
72.1910 	EXP 	fought: autoDraw = False
72.1910 	EXP 	feel: autoDraw = False
72.1910 	EXP 	fool: autoDraw = False
72.1910 	EXP 	son: autoDraw = False
72.1910 	EXP 	su: autoDraw = False
72.1910 	EXP 	fin: autoDraw = False
72.1910 	EXP 	instructions_task: autoDraw = False
72.1910 	EXP 	text_2: autoDraw = False
72.1910 	EXP 	slider: markerPos = None
72.1910 	EXP 	slider: markerPos = None
72.1910 	EXP 	slider: rating = None
72.1910 	EXP 	slider: autoDraw = True
72.1910 	EXP 	text_6: autoDraw = True
72.4583 	DATA 	Mouse: Left button down, pos=(1010,479)
72.4742 	EXP 	slider: markerPos = 4.288888888888889
72.4911 	EXP 	slider: markerPos = 4.288888888888889
72.5078 	EXP 	slider: markerPos = 4.288888888888889
72.5244 	EXP 	slider: markerPos = 4.288888888888889
72.5410 	EXP 	slider: markerPos = 4.288888888888889
72.5573 	EXP 	slider: markerPos = 4.288888888888889
72.5743 	EXP 	slider: markerPos = 4.288888888888889
72.5913 	EXP 	slider: markerPos = 4.288888888888889
72.6079 	EXP 	slider: markerPos = 4.288888888888889
72.6084 	DATA 	Mouse:  Left button up, pos=(1010,479)
72.6245 	EXP 	slider: markerPos = 4.288888888888889
72.6245 	EXP 	slider: rating = 4.288888888888889
72.6264 	EXP 	New trial (rep=4, index=1): OrderedDict([('stim', 'stim/peuf_g.wav')])
72.6411 	EXP 	slider: autoDraw = False
72.6411 	EXP 	text_6: autoDraw = False
72.6411 	EXP 	instructions_task: autoDraw = True
72.6411 	EXP 	text_2: autoDraw = True
72.8411 	EXP 	text_2: autoDraw = False
72.8752 	EXP 	fun: autoDraw = True
72.8752 	EXP 	fought: autoDraw = True
72.8752 	EXP 	feel: autoDraw = True
72.8752 	EXP 	fool: autoDraw = True
72.8752 	EXP 	son: autoDraw = True
72.8752 	EXP 	su: autoDraw = True
72.8752 	EXP 	fin: autoDraw = True
73.2819 	DATA 	Keypress: 3
73.2912 	EXP 	fun: autoDraw = False
73.2912 	EXP 	fought: autoDraw = False
73.2912 	EXP 	feel: autoDraw = False
73.2912 	EXP 	fool: autoDraw = False
73.2912 	EXP 	son: autoDraw = False
73.2912 	EXP 	su: autoDraw = False
73.2912 	EXP 	fin: autoDraw = False
73.2912 	EXP 	instructions_task: autoDraw = False
73.2912 	EXP 	text_2: autoDraw = False
73.2912 	EXP 	slider: markerPos = None
73.2912 	EXP 	slider: markerPos = None
73.2912 	EXP 	slider: rating = None
73.2912 	EXP 	slider: autoDraw = True
73.2912 	EXP 	text_6: autoDraw = True
73.4083 	DATA 	Mouse: Left button down, pos=(1010,479)
73.4247 	EXP 	slider: markerPos = 4.288888888888889
73.4412 	EXP 	slider: markerPos = 4.288888888888889
73.4579 	EXP 	slider: markerPos = 4.288888888888889
73.4747 	EXP 	slider: markerPos = 4.288888888888889
73.4906 	EXP 	slider: markerPos = 4.288888888888889
73.5082 	EXP 	slider: markerPos = 4.288888888888889
73.5244 	EXP 	slider: markerPos = 4.288888888888889
73.5410 	EXP 	slider: markerPos = 4.288888888888889
73.5416 	DATA 	Mouse:  Left button up, pos=(1010,479)
73.5574 	EXP 	slider: markerPos = 4.288888888888889
73.5574 	EXP 	slider: rating = 4.288888888888889
73.5592 	EXP 	New trial (rep=4, index=2): OrderedDict([('stim', 'stim/fief_g.wav')])
73.5744 	EXP 	slider: autoDraw = False
73.5744 	EXP 	text_6: autoDraw = False
73.5744 	EXP 	instructions_task: autoDraw = True
73.5744 	EXP 	text_2: autoDraw = True
73.7755 	EXP 	text_2: autoDraw = False
73.8078 	EXP 	fun: autoDraw = True
73.8078 	EXP 	fought: autoDraw = True
73.8078 	EXP 	feel: autoDraw = True
73.8078 	EXP 	fool: autoDraw = True
73.8078 	EXP 	son: autoDraw = True
73.8078 	EXP 	su: autoDraw = True
73.8078 	EXP 	fin: autoDraw = True
74.3489 	DATA 	Keypress: 4
74.3583 	EXP 	fun: autoDraw = False
74.3583 	EXP 	fought: autoDraw = False
74.3583 	EXP 	feel: autoDraw = False
74.3583 	EXP 	fool: autoDraw = False
74.3583 	EXP 	son: autoDraw = False
74.3583 	EXP 	su: autoDraw = False
74.3583 	EXP 	fin: autoDraw = False
74.3583 	EXP 	instructions_task: autoDraw = False
74.3583 	EXP 	text_2: autoDraw = False
74.3583 	EXP 	slider: markerPos = None
74.3583 	EXP 	slider: markerPos = None
74.3583 	EXP 	slider: rating = None
74.3583 	EXP 	slider: autoDraw = True
74.3583 	EXP 	text_6: autoDraw = True
74.5126 	DATA 	Mouse: Left button down, pos=(1010,479)
74.5410 	EXP 	slider: markerPos = 4.288888888888889
74.5578 	EXP 	slider: markerPos = 4.288888888888889
74.5746 	EXP 	slider: markerPos = 4.288888888888889
74.5912 	EXP 	slider: markerPos = 4.288888888888889
74.6077 	EXP 	slider: markerPos = 4.288888888888889
74.6242 	EXP 	slider: markerPos = 4.288888888888889
74.6407 	EXP 	slider: markerPos = 4.288888888888889
74.6579 	EXP 	slider: markerPos = 4.288888888888889
74.6746 	EXP 	slider: markerPos = 4.288888888888889
74.6806 	DATA 	Mouse:  Left button up, pos=(1010,479)
74.6911 	EXP 	slider: markerPos = 4.288888888888889
74.7078 	EXP 	slider: markerPos = 4.288888888888889
74.7078 	EXP 	slider: rating = 4.288888888888889
74.7096 	EXP 	New trial (rep=4, index=3): OrderedDict([('stim', 'stim/pof_g.wav')])
74.7246 	EXP 	slider: autoDraw = False
74.7246 	EXP 	text_6: autoDraw = False
74.7246 	EXP 	instructions_task: autoDraw = True
74.7246 	EXP 	text_2: autoDraw = True
74.9256 	EXP 	text_2: autoDraw = False
74.9582 	EXP 	fun: autoDraw = True
74.9582 	EXP 	fought: autoDraw = True
74.9582 	EXP 	feel: autoDraw = True
74.9582 	EXP 	fool: autoDraw = True
74.9582 	EXP 	son: autoDraw = True
74.9582 	EXP 	su: autoDraw = True
74.9582 	EXP 	fin: autoDraw = True
75.5462 	DATA 	Keypress: 5
75.5745 	EXP 	fun: autoDraw = False
75.5745 	EXP 	fought: autoDraw = False
75.5745 	EXP 	feel: autoDraw = False
75.5745 	EXP 	fool: autoDraw = False
75.5745 	EXP 	son: autoDraw = False
75.5745 	EXP 	su: autoDraw = False
75.5745 	EXP 	fin: autoDraw = False
75.5745 	EXP 	instructions_task: autoDraw = False
75.5745 	EXP 	text_2: autoDraw = False
75.5745 	EXP 	slider: markerPos = None
75.5745 	EXP 	slider: markerPos = None
75.5745 	EXP 	slider: rating = None
75.5745 	EXP 	slider: autoDraw = True
75.5745 	EXP 	text_6: autoDraw = True
75.6753 	DATA 	Mouse: Left button down, pos=(1010,479)
75.6910 	EXP 	slider: markerPos = 4.288888888888889
75.7076 	EXP 	slider: markerPos = 4.288888888888889
75.7237 	EXP 	slider: markerPos = 4.288888888888889
75.7414 	EXP 	slider: markerPos = 4.288888888888889
75.7579 	EXP 	slider: markerPos = 4.288888888888889
75.7744 	EXP 	slider: markerPos = 4.288888888888889
75.7909 	EXP 	slider: markerPos = 4.288888888888889
75.8081 	EXP 	slider: markerPos = 4.288888888888889
75.8140 	DATA 	Mouse:  Left button up, pos=(1010,479)
75.8245 	EXP 	slider: markerPos = 4.288888888888889
75.8412 	EXP 	slider: markerPos = 4.288888888888889
75.8412 	EXP 	slider: rating = 4.288888888888889
75.8430 	EXP 	New trial (rep=4, index=4): OrderedDict([('stim', 'stim/fof_g.wav')])
75.8577 	EXP 	slider: autoDraw = False
75.8577 	EXP 	text_6: autoDraw = False
75.8577 	EXP 	instructions_task: autoDraw = True
75.8577 	EXP 	text_2: autoDraw = True
76.0587 	EXP 	text_2: autoDraw = False
76.0911 	EXP 	fun: autoDraw = True
76.0911 	EXP 	fought: autoDraw = True
76.0911 	EXP 	feel: autoDraw = True
76.0911 	EXP 	fool: autoDraw = True
76.0911 	EXP 	son: autoDraw = True
76.0911 	EXP 	su: autoDraw = True
76.0911 	EXP 	fin: autoDraw = True
76.8134 	DATA 	Keypress: 1
76.8411 	EXP 	fun: autoDraw = False
76.8411 	EXP 	fought: autoDraw = False
76.8411 	EXP 	feel: autoDraw = False
76.8411 	EXP 	fool: autoDraw = False
76.8411 	EXP 	son: autoDraw = False
76.8411 	EXP 	su: autoDraw = False
76.8411 	EXP 	fin: autoDraw = False
76.8411 	EXP 	instructions_task: autoDraw = False
76.8411 	EXP 	text_2: autoDraw = False
76.8411 	EXP 	slider: markerPos = None
76.8411 	EXP 	slider: markerPos = None
76.8411 	EXP 	slider: rating = None
76.8411 	EXP 	slider: autoDraw = True
76.8411 	EXP 	text_6: autoDraw = True
76.9626 	DATA 	Mouse: Left button down, pos=(1010,479)
76.9904 	EXP 	slider: markerPos = 4.288888888888889
77.0079 	EXP 	slider: markerPos = 4.288888888888889
77.0240 	EXP 	slider: markerPos = 4.288888888888889
77.0412 	EXP 	slider: markerPos = 4.288888888888889
77.0571 	EXP 	slider: markerPos = 4.288888888888889
77.0748 	EXP 	slider: markerPos = 4.288888888888889
77.0907 	EXP 	slider: markerPos = 4.288888888888889
77.1079 	EXP 	slider: markerPos = 4.288888888888889
77.1084 	DATA 	Mouse:  Left button up, pos=(1010,479)
77.1240 	EXP 	slider: markerPos = 4.288888888888889
77.1240 	EXP 	slider: rating = 4.288888888888889
77.1260 	EXP 	New trial (rep=4, index=5): OrderedDict([('stim', 'stim/f_schwa_g.wav')])
77.1413 	EXP 	slider: autoDraw = False
77.1413 	EXP 	text_6: autoDraw = False
77.1413 	EXP 	instructions_task: autoDraw = True
77.1413 	EXP 	text_2: autoDraw = True
77.3411 	EXP 	text_2: autoDraw = False
77.3747 	EXP 	fun: autoDraw = True
77.3747 	EXP 	fought: autoDraw = True
77.3747 	EXP 	feel: autoDraw = True
77.3747 	EXP 	fool: autoDraw = True
77.3747 	EXP 	son: autoDraw = True
77.3747 	EXP 	su: autoDraw = True
77.3747 	EXP 	fin: autoDraw = True
77.7466 	DATA 	Keypress: 2
77.7747 	EXP 	fun: autoDraw = False
77.7747 	EXP 	fought: autoDraw = False
77.7747 	EXP 	feel: autoDraw = False
77.7747 	EXP 	fool: autoDraw = False
77.7747 	EXP 	son: autoDraw = False
77.7747 	EXP 	su: autoDraw = False
77.7747 	EXP 	fin: autoDraw = False
77.7747 	EXP 	instructions_task: autoDraw = False
77.7747 	EXP 	text_2: autoDraw = False
77.7747 	EXP 	slider: markerPos = None
77.7747 	EXP 	slider: markerPos = None
77.7747 	EXP 	slider: rating = None
77.7747 	EXP 	slider: autoDraw = True
77.7747 	EXP 	text_6: autoDraw = True
77.8755 	DATA 	Mouse: Left button down, pos=(1010,480)
77.8911 	EXP 	slider: markerPos = 4.288888888888889
77.9078 	EXP 	slider: markerPos = 4.288888888888889
77.9246 	EXP 	slider: markerPos = 4.288888888888889
77.9414 	EXP 	slider: markerPos = 4.288888888888889
77.9578 	EXP 	slider: markerPos = 4.288888888888889
77.9743 	EXP 	slider: markerPos = 4.288888888888889
77.9913 	EXP 	slider: markerPos = 4.288888888888889
78.0077 	EXP 	slider: markerPos = 4.288888888888889
78.0238 	EXP 	slider: markerPos = 4.288888888888889
78.0244 	DATA 	Mouse:  Left button up, pos=(1010,480)
78.0412 	EXP 	slider: markerPos = 4.288888888888889
78.0412 	EXP 	slider: rating = 4.288888888888889
78.0431 	EXP 	New trial (rep=4, index=6): OrderedDict([('stim', 'stim/pief_g.wav')])
78.0578 	EXP 	slider: autoDraw = False
78.0578 	EXP 	text_6: autoDraw = False
78.0578 	EXP 	instructions_task: autoDraw = True
78.0578 	EXP 	text_2: autoDraw = True
78.2583 	EXP 	text_2: autoDraw = False
78.2919 	EXP 	fun: autoDraw = True
78.2919 	EXP 	fought: autoDraw = True
78.2919 	EXP 	feel: autoDraw = True
78.2919 	EXP 	fool: autoDraw = True
78.2919 	EXP 	son: autoDraw = True
78.2919 	EXP 	su: autoDraw = True
78.2919 	EXP 	fin: autoDraw = True
78.6818 	DATA 	Keypress: 3
78.6914 	EXP 	fun: autoDraw = False
78.6914 	EXP 	fought: autoDraw = False
78.6914 	EXP 	feel: autoDraw = False
78.6914 	EXP 	fool: autoDraw = False
78.6914 	EXP 	son: autoDraw = False
78.6914 	EXP 	su: autoDraw = False
78.6914 	EXP 	fin: autoDraw = False
78.6914 	EXP 	instructions_task: autoDraw = False
78.6914 	EXP 	text_2: autoDraw = False
78.6914 	EXP 	slider: markerPos = None
78.6914 	EXP 	slider: markerPos = None
78.6914 	EXP 	slider: rating = None
78.6914 	EXP 	slider: autoDraw = True
78.6914 	EXP 	text_6: autoDraw = True
78.8252 	DATA 	Mouse: Left button down, pos=(1010,480)
78.8413 	EXP 	slider: markerPos = 4.288888888888889
78.8573 	EXP 	slider: markerPos = 4.288888888888889
78.8747 	EXP 	slider: markerPos = 4.288888888888889
78.8913 	EXP 	slider: markerPos = 4.288888888888889
78.9079 	EXP 	slider: markerPos = 4.288888888888889
78.9245 	EXP 	slider: markerPos = 4.288888888888889
78.9409 	EXP 	slider: markerPos = 4.288888888888889
78.9576 	EXP 	slider: markerPos = 4.288888888888889
78.9746 	EXP 	slider: markerPos = 4.288888888888889
78.9805 	DATA 	Mouse:  Left button up, pos=(1010,480)
78.9913 	EXP 	slider: markerPos = 4.288888888888889
79.0077 	EXP 	slider: markerPos = 4.288888888888889
79.0077 	EXP 	slider: rating = 4.288888888888889
79.0095 	EXP 	New trial (rep=4, index=7): OrderedDict([('stim', 'stim/feuf_g.wav')])
79.0243 	EXP 	slider: autoDraw = False
79.0243 	EXP 	text_6: autoDraw = False
79.0243 	EXP 	instructions_task: autoDraw = True
79.0243 	EXP 	text_2: autoDraw = True
79.2254 	EXP 	text_2: autoDraw = False
79.2580 	EXP 	fun: autoDraw = True
79.2580 	EXP 	fought: autoDraw = True
79.2580 	EXP 	feel: autoDraw = True
79.2580 	EXP 	fool: autoDraw = True
79.2580 	EXP 	son: autoDraw = True
79.2580 	EXP 	su: autoDraw = True
79.2580 	EXP 	fin: autoDraw = True
79.9649 	DATA 	Keypress: 6
79.9744 	EXP 	fun: autoDraw = False
79.9744 	EXP 	fought: autoDraw = False
79.9744 	EXP 	feel: autoDraw = False
79.9744 	EXP 	fool: autoDraw = False
79.9744 	EXP 	son: autoDraw = False
79.9744 	EXP 	su: autoDraw = False
79.9744 	EXP 	fin: autoDraw = False
79.9744 	EXP 	instructions_task: autoDraw = False
79.9744 	EXP 	text_2: autoDraw = False
79.9744 	EXP 	slider: markerPos = None
79.9744 	EXP 	slider: markerPos = None
79.9744 	EXP 	slider: rating = None
79.9744 	EXP 	slider: autoDraw = True
79.9744 	EXP 	text_6: autoDraw = True
80.0915 	DATA 	Mouse: Left button down, pos=(1009,480)
80.1077 	EXP 	slider: markerPos = 4.2844444444444445
80.1244 	EXP 	slider: markerPos = 4.2844444444444445
80.1411 	EXP 	slider: markerPos = 4.2844444444444445
80.1579 	EXP 	slider: markerPos = 4.2844444444444445
80.1746 	EXP 	slider: markerPos = 4.2844444444444445
80.1913 	EXP 	slider: markerPos = 4.2844444444444445
80.2079 	EXP 	slider: markerPos = 4.2844444444444445
80.2245 	EXP 	slider: markerPos = 4.2844444444444445
80.2412 	EXP 	slider: markerPos = 4.2844444444444445
80.2417 	DATA 	Mouse:  Left button up, pos=(1009,480)
80.2580 	EXP 	slider: markerPos = 4.2844444444444445
80.2580 	EXP 	slider: rating = 4.2844444444444445
80.2625 	EXP 	Imported condition_file/conditions_french.csv as conditions, 8 conditions, 1 params
80.2628 	EXP 	Created sequence: random, trialTypes=8, nReps=5, seed=None
80.2630 	EXP 	New trial (rep=0, index=0): OrderedDict([('stim', 'stim/p_schwa_f.wav')])
80.2738 	EXP 	slider: autoDraw = False
80.2738 	EXP 	text_6: autoDraw = False
80.2738 	EXP 	instructions_task_2: autoDraw = True
80.2738 	EXP 	text: autoDraw = True
80.4746 	EXP 	text: autoDraw = False
80.5079 	EXP 	fun_2: autoDraw = True
80.5079 	EXP 	fought_2: autoDraw = True
80.5079 	EXP 	feel_2: autoDraw = True
80.5079 	EXP 	fool_2: autoDraw = True
80.5079 	EXP 	son_2: autoDraw = True
80.5079 	EXP 	su_2: autoDraw = True
80.5079 	EXP 	fin_2: autoDraw = True
81.0439 	EXP 	New trial (rep=0, index=1): OrderedDict([('stim', 'stim/pof_f.wav')])
81.0501 	DATA 	Keypress: 3
81.0580 	EXP 	fun_2: autoDraw = False
81.0580 	EXP 	fought_2: autoDraw = False
81.0580 	EXP 	feel_2: autoDraw = False
81.0580 	EXP 	fool_2: autoDraw = False
81.0580 	EXP 	son_2: autoDraw = False
81.0580 	EXP 	su_2: autoDraw = False
81.0580 	EXP 	fin_2: autoDraw = False
81.0580 	EXP 	instructions_task_2: autoDraw = False
81.0580 	EXP 	text: autoDraw = False
81.0580 	EXP 	instructions_task_2: autoDraw = True
81.0580 	EXP 	text: autoDraw = True
81.2585 	EXP 	text: autoDraw = False
81.2918 	EXP 	fun_2: autoDraw = True
81.2918 	EXP 	fought_2: autoDraw = True
81.2918 	EXP 	feel_2: autoDraw = True
81.2918 	EXP 	fool_2: autoDraw = True
81.2918 	EXP 	son_2: autoDraw = True
81.2918 	EXP 	su_2: autoDraw = True
81.2918 	EXP 	fin_2: autoDraw = True
81.3128 	DATA 	Mouse: Left button down, pos=(1010,480)
81.4959 	DATA 	Mouse:  Left button up, pos=(1010,480)
82.2967 	DATA 	Keypress: 2
82.3095 	EXP 	New trial (rep=0, index=2): OrderedDict([('stim', 'stim/fief_f.wav')])
82.5936 	EXP 	window1: mouseVisible = True
